2021-05-05T23:38:06.498981+02:00 suricata pcap <14>May  5 23:35:53 win10 Microsoft-Windows-Security-Auditing[4]: A handle to an object was requested.    Subject:  	Security ID:		S-1-5-18  	Account Name:		WIN10$  	Account Domain:		WORKGROUP  	Logon ID:		0x3E7    Object:  	Object Server:		Security  	Object Type:		Process  	Object Name:		\Device\HarddiskVolume2\Windows\System32\lsass.exe  	Handle ID:		0x674  	Resource Attributes:	-    Process Information:  	Process ID:		0xd84  	Process Name:		C:\Windows\System32\wbem\WmiPrvSE.exe    Access Request Information:  	Transaction ID:		{00000000-0000-0000-0000-000000000000}  	Accesses:		Read from process memory  				Query process information  				Undefined Access (no effect) Bit 12  				  	Acc>ì`|í2021-05-05T23:38:06.498990+02:00 suricata pcap >ì`î2021-05-05T23:38:06.498995+02:00 suricata pcap <14>May  5 23:35:53 win10 Microsoft-Windows-Security-Auditing[4]: The handle to an object was closed.    Subject :  	Security ID:		S-1-5-18  	Account Name:		WIN10$  	Account Domain:		WORKGROUP  	Logon ID:		0x3E7    Object:  	Object Server:		Security  	Handle ID:		0x674    Process Information:  	Process ID:		0xd84  	Process Name:		C:\Windows\System32\wbem\WmiPrvSE.exe
2021-05-05T23:38:06.499002+02:00 suricata pcap >ì`-î2021-05-05T23:38:06.499007+02:00 suricata pcap <14>May  5 23:35:53 win10 Microsoft-Windows-Security-Auditing[4]: The handle to an object was closed.    Subject :  	Security ID:		S-1-5-18  	Account Name:		WIN10$  	Account Domain:		WORKGROUP  	Logon ID:		0x3E7    Object:  	Object Server:		Security  	Handle ID:		0xab0    Process Information:  	Process ID:		0xd84  	Process Name:		C:\Windows\System32\wbem\WmiPrvSE.exe
2021-05-05T23:38:08.514922+02:00 suricata pcap <14>May  5 23:35:53 win10 Microsoft-Windows-Security-Auditing[4]: A handle to an object was requested.    Subject:  	Security ID:		S-1-5-18  	Account Name:		WIN10$  	Account Domain:		WORKGROUP  	Logon ID:		0x3E7    Object:  	Object Server:		Security  	Object Type:		Process  	Object Name:		\Device\HarddiskVolume2\Windows\System32\lsass.exe  	Handle ID:		0x674  	Resource Attributes:	-    Process Information:  	Process ID:		0xd84  	Process Name:		C:\Windows\System32\wbem\WmiPrvSE.exe    Access Request Information:  	Transaction ID:		{00000000-0000-0000-0000-000000000000}  	Accesses:		Read from process memory  				Query process information  				Undefined Access (no effect) Bit 12  				  	Acc>ì`oî2021-05-05T23:38:08.515039+02:00 suricata pcap >ì`ï2021-05-05T23:38:08.515063+02:00 suricata pcap <14>May  5 23:35:53 win10 Microsoft-Windows-Security-Auditing[4]: The handle to an object was closed.    Subject :  	Security ID:		S-1-5-18  	Account Name:		WIN10$  	Account Domain:		WORKGROUP  	Logon ID:		0x3E7    Object:  	Object Server:		Security  	Handle ID:		0x674    Process Information:  	Process ID:		0xd84  	Process Name:		C:\Windows\System32\wbem\WmiPrvSE.exe
2021-05-05T23:38:08.515095+02:00 suricata pcap >ì`dï2021-05-05T23:38:08.515110+02:00 suricata pcap <14>May  5 23:35:53 win10 Microsoft-Windows-Security-Auditing[4]: The handle to an object was closed.    Subject :  	Security ID:		S-1-5-18  	Account Name:		WIN10$  	Account Domain:		WORKGROUP  	Logon ID:		0x3E7    Object:  	Object Server:		Security  	Handle ID:		0x674    Process Information:  	Process ID:		0xd84  	Process Name:		C:\Windows\System32\wbem\WmiPrvSE.exe
2021-05-05T23:38:08.515140+02:00 suricata pcap >ì`ﬂï2021-05-05T23:38:08.515147+02:00 suricata pcap 2021-05-05T23:38:08.515152+02:00 suricata pcap ¿®ã2021-05-05T23:38:08.515157+02:00 suricata pcap 2021-05-05T23:38:08.515163+02:00 suricata pcap ¿®ã2021-05-05T23:38:08.515177+02:00 suricata pcap ¿®ê#¿®åç¬Z—ç˝ØWqP 8ÿ2021-05-05T23:38:08.515183+02:00 suricata pcap @ì`À⁄2021-05-05T23:38:08.516998+02:00 suricata pcap ¿®ê#¿®åç¬Z—ç˝ØWqP 8ÿ2021-05-05T23:38:08.517026+02:00 suricata pcap @ì`∂€2021-05-05T23:38:08.517050+02:00 suricata pcap ¿®ê#¿®åç¬Z—ç˝ØWqP 8ÿ2021-05-05T23:38:08.517075+02:00 suricata pcap @ì`∏‹2021-05-05T23:38:08.517108+02:00 suricata pcap <14>May  5 23:35:54 win10 Microsoft-Windows-Security-Auditing[4]: A handle to an object was requested.    Subject:  	Security ID:		S-1-5-18  	Account Name:		WIN10$  	Account Domain:		WORKGROUP  	Logon ID:		0x3E7    Object:  	Object Server:		Security  	Object Type:		Process  	Object Name:		\Device\HarddiskVolume2\Windows\System32\lsass.exe  	Handle ID:		0x6d8  	Resource Attributes:	-    Process Information:  	Process ID:		0xd84  	Process Name:		C:\Windows\System32\wbem\WmiPrvSE.exe    Access Request Information:  	Transaction ID:		{00000000-0000-0000-0000-000000000000}  	Accesses:		Read from process memory  				Query process information  				Undefined Access (no effect) Bit 12  				  	Access Reasons:		-  	Access Mask:		0x1410  	Privileges Used for Access Check:	-  	Restricted SID Count:	0
2021-05-05T23:38:08.517130+02:00 suricata pcap <14>May  5 23:35:54 win10 Microsoft-Windows-Security-Auditing[4]: An attempt was made to access an object.    Subject:  	Security ID:		S-1-5-18  	Account Name:		WIN10$  	Account Domain:		WORKGROUP  	Logon ID:		0x3E7    Object:  	Object Server:		Security  	Object Type:		Process  	Object N@ì`Kﬁ2021-05-05T23:38:08.517138+02:00 suricata pcap @ì`¯·2021-05-05T23:38:08.517150+02:00 suricata pcap ˆ˝ØWqP ≤#2021-05-05T23:38:08.517205+02:00 suricata pcap <14>May  5 23:35:54 win10 Microsoft-Windows-Security-Auditing[4]: An attempt was made to duplicate a handle to an object.    Subject:  	Security ID:		S-1-5-18  	Account Name:		WIN10$  	Account Domain:		WORKGROUP  	Logon ID:		0x3E7    Source Handle Information:  	Source Handle ID:	0x674  	Source Process ID:	0xd84    New Handle Information:  	Target Handle ID:	0xab0  	Target Process ID:	0x4
2021-05-05T23:38:08.518263+02:00 suricata pcap <14>May  5 23:35:54 win10 Microsoft-Windows-Security-Auditing[4]: The handle to an object was closed.    Subject :  	Security ID:		S-1-5-18  	Account Name:		WIN10$  	Account Domain:		WORKGROUP  	Logon ID:		0x3E7    Object:  	Object Server:		Security  	Handle ID:		0xab0    Process Information:  	Process ID:		0xd84  	Process Name:		C:\Windows\System32\wbem\WmiPrvSE.exe
2021-05-05T23:38:08.518333+02:00 suricata pcap @ì`ƒÊ2021-05-05T23:38:08.518352+02:00 suricata pcap <14>May  5 23:35:54 win10 Microsoft-Windows-Security-Auditing[4]: An attempt was made to access an object.    Subject:  	Security ID:		S-1-5-18  	Account Name:		WIN10$  	Account Domain:		WORKGROUP  	Logon ID:		0x3E7    Object:  	Object Server:		Security  	Object Type:		Process  	Object Name:		\Device\HarddiskVolume2\Windows\System32\lsass.exe  	Handle ID:		0x674  	Resource Attributes:	-    Process Information:  	Process ID:		0xd84  	Process Name:		C:\Windows\System32\wbem\WmiPrvSE.exe    Access Request Information:  	Accesses:		Read from process memory  				  	Access Mask:		0x10
2021-05-05T23:38:08.518366+02:00 suricata pcap <14>May  5 23:35:54 win10 Microsoft-Windows-Security-Auditing[4]: The han@ì`‹Ê2021-05-05T23:38:08.518380+02:00 suricata pcap @ì`TÁ2021-05-05T23:38:08.518402+02:00 suricata pcap <14>May  5 23:35:54 win10 Microsoft-Windows-Security-Auditing[4]: A handle to an object was requested.    Subject:  	Security ID:		S-1-5-18  	Account Name:		WIN10$  	Account Domain:		WORKGROUP  	Logon ID:		0x3E7    Object:  	Object Server:		Security  	Object Type:		Process  	Object Name:		\Device\HarddiskVolume2\Windows\System32\lsass.exe  	Handle ID:		0x6d8  	Resource Attributes:	-    Process Information:  	Process ID:		0xd84  	Process Name:		C:\Windows\System32\wbem\WmiPrvSE.exe    Access Request Information:  	Transaction ID:		{00000000-0000-0000-0000-000000000000}  	Accesses:		Read from process memory  				Query process information  				Undefined Access (no effect) Bit 12  				  	Access Reasons:		-  	Access Mask:		0x1410  	Privileges Used for Access Check:	-  	Restricted SID Count:	0
2021-05-05T23:38:08.518422+02:00 suricata pcap <14>May  5 23:35:54 win10 Microsoft-Windows-Security-Auditing[4]: An attempt was made to access an object.    Subject:  	Security ID:		S-1-5-18  	Account Name:		WIN10$  	Account Domain:		WORKGROUP  	Logon ID:		0x3E7    Object:  	Object Server:		Security  	Object Type:		Process  	Object N@ì`|Á2021-05-05T23:38:08.518427+02:00 suricata pcap @ì`•Á2021-05-05T23:38:08.518814+02:00 suricata pcap ˆ˝ØWqP ≤#2021-05-05T23:38:08.518843+02:00 suricata pcap <14>May  5 23:35:54 win10 Microsoft-Windows-Security-Auditing[4]: An attempt was made to duplicate a handle to an object.    Subject:  	Security ID:		S-1-5-18  	Account Name:		WIN10$  	Account Domain:		WORKGROUP  	Logon ID:		0x3E7    Source Handle Information:  	Source Handle ID:	0x674  	Source Process ID:	0xd84    New Handle Information:  	Target Handle ID:	0xab0  	Target Process ID:	0x4
2021-05-05T23:38:08.518855+02:00 suricata pcap <14>May  5 23:35:54 win10 Microsoft-Windows-Security-Auditing[4]: The handle to an object was closed.    Subject :  	Security ID:		S-1-5-18  	Account Name:		WIN10$  	Account Domain:		WORKGROUP  	Logon ID:		0x3E7    Object:  	Object Server:		Security  	Handle ID:		0xab0    Process Information:  	Process ID:		0xd84  	Process Name:		C:\Windows\System32\wbem\WmiPrvSE.exe
2021-05-05T23:38:08.518870+02:00 suricata pcap @ì`Á2021-05-05T23:38:08.518910+02:00 suricata pcap <14>May  5 23:35:54 win10 Microsoft-Windows-Security-Auditing[4]: A handle to an object was requested.    Subject:  	Security ID:		S-1-5-18  	Account Name:		WIN10$  	Account Domain:		WORKGROUP  	Logon ID:		0x3E7    Object:  	Object Server:		Security  	Object Type:		Process  	Object Name:		\Device\HarddiskVolume2\Windows\System32\lsass.exe  	Handle ID:		0x6d8  	Resource Attributes:	-    Process Information:  	Process ID:		0xd84  	Process Name:		C:\Windows\System32\wbem\WmiPrvSE.exe    Access Request Information:  	Transaction ID:		{00000000-0000-0000-0000-000000000000}  	Accesses:		Read from process memory  				Query process information  				Undefined Access (no effect) Bit 12  				  	Access Reasons:		-  	Access Mask:		0x1410  	Privileges Used for Access Check:	-  	Restricted SID Count:	0
2021-05-05T23:38:08.518946+02:00 suricata pcap <14>May  5 23:35:54 win10 Microsoft-Windows-Security-Auditing[4]: An attempt was made to access an object.    Subject:  	Security ID:		S-1-5-18  	Account Name:		WIN10$  	Account Domain:		WORKGROUP  	Logon ID:		0x3E7    Object:  	Object Server:		Security  	Object Type:		Process  	Object N@ì`™Á2021-05-05T23:38:08.518982+02:00 suricata pcap <14>May  5 23:35:54 win10 Microsoft-Windows-Security-Auditing[4]: An attempt was made to access an object.    Subject:  	Security ID:		S-1-5-18  	Account Name:		WIN10$  	Account Domain:		WORKGROUP  	Logon ID:		0x3E7    Object:  	Object Server:		Security  	Object Type:		Process  	Object Name:		\Device\HarddiskVolume2\Windows\System32\lsass.exe  	Handle ID:		0x674  	Resource Attributes:	-    Process Information:  	Process ID:		0xd84  	Process Name:		C:\Windows\System32\wbem\WmiPrvSE.exe    Access Request Information:  	Accesses:		Read from process memory  				  	Access Mask:		0x10
2021-05-05T23:38:08.519696+02:00 suricata pcap <14>May  5 23:35:54 win10 Microsoft-Windows-Security-Auditing[4]: The han@ì`Ë2021-05-05T23:38:08.519720+02:00 suricata pcap @ì`œÁ2021-05-05T23:38:08.519727+02:00 suricata pcap @ì`√Ë2021-05-05T23:38:08.519737+02:00 suricata pcap ˆP˝¨á2021-05-05T23:38:08.519746+02:00 suricata pcap ˆP˝¨á2021-05-05T23:38:08.519757+02:00 suricata pcap ˆ˝ØWqP ≤#2021-05-05T23:38:08.519770+02:00 suricata pcap <14>May  5 23:35:54 win10 Microsoft-Windows-Security-Auditing[4]: An attempt was made to duplicate a handle to an object.    Subject:  	Security ID:		S-1-5-18  	Account Name:		WIN10$  	Account Domain:		WORKGROUP  	Logon ID:		0x3E7    Source Handle Information:  	Source Handle ID:	0x674  	Source Process ID:	0xd84    New Handle Information:  	Target Handle ID:	0xab0  	Target Process ID:	0x4
2021-05-05T23:38:08.519782+02:00 suricata pcap <14>May  5 23:35:54 win10 Microsoft-Windows-Security-Auditing[4]: The handle to an object was closed.    Subject :  	Security ID:		S-1-5-18  	Account Name:		WIN10$  	Account Domain:		WORKGROUP  	Logon ID:		0x3E7    Object:  	Object Server:		Security  	Handle ID:		0xab0    Process Information:  	Process ID:		0xd84  	Process Name:		C:\Windows\System32\wbem\WmiPrvSE.exe
2021-05-05T23:38:08.519811+02:00 suricata pcap @ì`hË2021-05-05T23:38:08.519829+02:00 suricata pcap <14>May  5 23:35:54 win10 Microsoft-Windows-Security-Auditing[4]: An attempt was made to access an object.    Subject:  	Security ID:		S-1-5-18  	Account Name:		WIN10$  	Account Domain:		WORKGROUP  	Logon ID:		0x3E7    Object:  	Object Server:		Security  	Object Type:		Process  	Object Name:		\Device\HarddiskVolume2\Windows\System32\lsass.exe  	Handle ID:		0x674  	Resource Attributes:	-    Process Information:  	Process ID:		0xd84  	Process Name:		C:\Windows\System32\wbem\WmiPrvSE.exe    Access Request Information:  	Accesses:		Read from process memory  				  	Access Mask:		0x10
2021-05-05T23:38:08.520077+02:00 suricata pcap <14>May  5 23:35:54 win10 Microsoft-Windows-Security-Auditing[4]: The han@ì`jË2021-05-05T23:38:08.520161+02:00 suricata pcap ˆP˝¨á2021-05-05T23:38:08.520181+02:00 suricata pcap @ì`™Ë2021-05-05T23:38:08.520193+02:00 suricata pcap <14>May  5 23:35:54 win10 Microsoft-Windows-Security-Auditing[4]: The handle to an object was closed.    Subject :  	Security ID:		S-1-5-18  	Account Name:		WIN10$  	Account Domain:		WORKGROUP  	Logon ID:		0x3E7    Object:  	Object Server:		Security  	Handle ID:		0xab0    Process Information:  	Process ID:		0xd84  	Process Name:		C:\Windows\System32\wbem\WmiPrvSE.exe
2021-05-05T23:38:08.520216+02:00 suricata pcap <14>May  5 23:35:54 win10 Microsoft-Windows-Security-Auditing[4]: A handle to an object was requested.    Subject:  	Security ID:		S-1-5-18  	Account Name:		WIN10$  	Account Domain:		WORKGROUP  	Logon ID:		0x3E7    Object:  	Object Server:		Security  	Object Type:		Process  	Object Name:		\Device\HarddiskVolume2\Windows\System32\lsass.exe  	Handle ID:		0x6d8  	Resource Attributes:	-    Process Information:  	Process ID:		0xd84  	Process Name:		C:\Windows\System32\wbem\WmiPrvSE.exe    Access Request Information:  	Transaction ID:		{00000000-0000-0000-0000-000000000000}  	Accesses:		Read from process memory  				Query process information  				Undefined Access (no effect) Bit 12  				  	Acc@ì`êÓ2021-05-05T23:38:08.520281+02:00 suricata pcap @ì`óÓ2021-05-05T23:38:08.520348+02:00 suricata pcap <14>May  5 23:35:54 win10 Microsoft-Windows-Security-Auditing[4]: The handle to an object was closed.    Subject :  	Security ID:		S-1-5-18  	Account Name:		WIN10$  	Account Domain:		WORKGROUP  	Logon ID:		0x3E7    Object:  	Object Server:		Security  	Handle ID:		0x6d8    Process Information:  	Process ID:		0xd84  	Process Name:		C:\Windows\System32\wbem\WmiPrvSE.exe
2021-05-05T23:38:08.520362+02:00 suricata pcap <14>May  5 23:35:54 win10 Microsoft-Windows-Security-Auditing[4]: An attempt was made to duplicate a handle to an object.    Subject:  	Security ID:		S-1-5-18  	Account Name:		WIN10$  	Account Domain:		WORKGROUP  	Logon ID:		0x3E7    Source Handle Information:  	Source Handle ID:	0x6d8  	Source Process ID:	0xd84    New Handle Information:  	Target Handle ID:	0xab0  	Target Process ID:	0x4
2021-05-05T23:38:08.521239+02:00 suricata pcap <14>May  5 23:35:54 win10 Microsoft-Windows-Security-Auditing[4]: The handle to an object was closed.    Subj@ì`öÓ2021-05-05T23:38:08.521280+02:00 suricata pcap @ì`øÔ2021-05-05T23:38:08.521290+02:00 suricata pcap <14>May  5 23:35:54 win10 Microsoft-Windows-Security-Auditing[4]: The handle to an object was closed.    Subject :  	Security ID:		S-1-5-18  	Account Name:		WIN10$  	Account Domain:		WORKGROUP  	Logon ID:		0x3E7    Object:  	Object Server:		Security  	Handle ID:		0xab0    Process Information:  	Process ID:		0xd84  	Process Name:		C:\Windows\System32\wbem\WmiPrvSE.exe
2021-05-05T23:38:08.521317+02:00 suricata pcap <14>May  5 23:35:54 win10 Microsoft-Windows-Security-Auditing[4]: A handle to an object was requested.    Subject:  	Security ID:		S-1-5-18  	Account Name:		WIN10$  	Account Domain:		WORKGROUP  	Logon ID:		0x3E7    Object:  	Object Server:		Security  	Object Type:		Process  	Object Name:		\Device\HarddiskVolume2\Windows\System32\lsass.exe  	Handle ID:		0x6d8  	Resource Attributes:	-    Process Information:  	Process ID:		0xd84  	Process Name:		C:\Windows\System32\wbem\WmiPrvSE.exe    Access Request Information:  	Transaction ID:		{00000000-0000-0000-0000-000000000000}  	Accesses:		Read from process memory  				Query process information  				Undefined Access (no effect) Bit 12  				  	Acc@ì`Ô2021-05-05T23:38:08.521330+02:00 suricata pcap @ì`\Ô2021-05-05T23:38:08.521339+02:00 suricata pcap <14>May  5 23:35:54 win10 Microsoft-Windows-Security-Auditing[4]: The handle to an object was closed.    Subject :  	Security ID:		S-1-5-18  	Account Name:		WIN10$  	Account Domain:		WORKGROUP  	Logon ID:		0x3E7    Object:  	Object Server:		Security  	Handle ID:		0xab0    Process Information:  	Process ID:		0xd84  	Process Name:		C:\Windows\System32\wbem\WmiPrvSE.exe
2021-05-05T23:38:08.521360+02:00 suricata pcap <14>May  5 23:35:54 win10 Microsoft-Windows-Security-Auditing[4]: A handle to an object was requested.    Subject:  	Security ID:		S-1-5-18  	Account Name:		WIN10$  	Account Domain:		WORKGROUP  	Logon ID:		0x3E7    Object:  	Object Server:		Security  	Object Type:		Process  	Object Name:		\Device\HarddiskVolume2\Windows\System32\lsass.exe  	Handle ID:		0x6d8  	Resource Attributes:	-    Process Information:  	Process ID:		0xd84  	Process Name:		C:\Windows\System32\wbem\WmiPrvSE.exe    Access Request Information:  	Transaction ID:		{00000000-0000-0000-0000-000000000000}  	Accesses:		Read from process memory  				Query process information  				Undefined Access (no effect) Bit 12  				  	Acc@ì`H2021-05-05T23:38:08.521815+02:00 suricata pcap @ì`|2021-05-05T23:38:08.521848+02:00 suricata pcap <14>May  5 23:35:54 win10 Microsoft-Windows-Security-Auditing[4]: The handle to an object was closed.    Subject :  	Security ID:		S-1-5-18  	Account Name:		WIN10$  	Account Domain:		WORKGROUP  	Logon ID:		0x3E7    Object:  	Object Server:		Security  	Handle ID:		0x6d8    Process Information:  	Process ID:		0xd84  	Process Name:		C:\Windows\System32\wbem\WmiPrvSE.exe
2021-05-05T23:38:08.521859+02:00 suricata pcap <14>May  5 23:35:54 win10 Microsoft-Windows-Security-Auditing[4]: An attempt was made to duplicate a handle to an object.    Subject:  	Security ID:		S-1-5-18  	Account Name:		WIN10$  	Account Domain:		WORKGROUP  	Logon ID:		0x3E7    Source Handle Information:  	Source Handle ID:	0x6d8  	Source Process ID:	0xd84    New Handle Information:  	Target Handle ID:	0xab0  	Target Process ID:	0x4
2021-05-05T23:38:08.521876+02:00 suricata pcap <14>May  5 23:35:54 win10 Microsoft-Windows-Security-Auditing[4]: The handle to an object was closed.    Subj@ì`«Ô2021-05-05T23:38:08.521886+02:00 suricata pcap <14>May  5 23:35:54 win10 Microsoft-Windows-Security-Auditing[4]: The handle to an object was closed.    Subject :  	Security ID:		S-1-5-18  	Account Name:		WIN10$  	Account Domain:		WORKGROUP  	Logon ID:		0x3E7    Object:  	Object Server:		Security  	Handle ID:		0x6d8    Process Information:  	Process ID:		0xd84  	Process Name:		C:\Windows\System32\wbem\WmiPrvSE.exe
2021-05-05T23:38:08.521896+02:00 suricata pcap <14>May  5 23:35:54 win10 Microsoft-Windows-Security-Auditing[4]: An attempt was made to duplicate a handle to an object.    Subject:  	Security ID:		S-1-5-18  	Account Name:		WIN10$  	Account Domain:		WORKGROUP  	Logon ID:		0x3E7    Source Handle Information:  	Source Handle ID:	0x6d8  	Source Process ID:	0xd84    New Handle Information:  	Target Handle ID:	0xab0  	Target Process ID:	0x4
2021-05-05T23:38:08.521909+02:00 suricata pcap <14>May  5 23:35:54 win10 Microsoft-Windows-Security-Auditing[4]: The handle to an object was closed.    Subj@ì`Å2021-05-05T23:38:08.521929+02:00 suricata pcap @ì`%Ù2021-05-05T23:38:08.522390+02:00 suricata pcap <14>May  5 23:35:54 win10 Microsoft-Windows-Security-Auditing[4]: An attempt was made to access an object.    Subject:  	Security ID:		S-1-5-18  	Account Name:		WIN10$  	Account Domain:		WORKGROUP  	Logon ID:		0x3E7    Object:  	Object Server:		Security  	Object Type:		Process  	Object Name:		\Device\HarddiskVolume2\Windows\System32\lsass.exe  	Handle ID:		0x6d8  	Resource Attributes:	-    Process Information:  	Process ID:		0xd84  	Process Name:		C:\Windows\System32\wbem\WmiPrvSE.exe    Access Request Information:  	Accesses:		Read from process memory  				  	Access Mask:		0x10
2021-05-05T23:38:08.522408+02:00 suricata pcap @ì`ÃÙ2021-05-05T23:38:08.522427+02:00 suricata pcap @ì`¸2021-05-05T23:38:08.522441+02:00 suricata pcap <14>May  5 23:35:54 win10 Microsoft-Windows-Security-Auditing[4]: An attempt was made to access an object.    Subject:  	Security ID:		S-1-5-18  	Account Name:		WIN10$  	Account Domain:		WORKGROUP  	Logon ID:		0x3E7    Object:  	Object Server:		Security  	Object Type:		Process  	Object Name:		\Device\HarddiskVolume2\Windows\System32\lsass.exe  	Handle ID:		0x6d8  	Resource Attributes:	-    Process Information:  	Process ID:		0xd84  	Process Name:		C:\Windows\System32\wbem\WmiPrvSE.exe    Access Request Information:  	Accesses:		Read from process memory  				  	Access Mask:		0x10
2021-05-05T23:38:08.522455+02:00 suricata pcap @ì`ÓÙ2021-05-05T23:38:08.522465+02:00 suricata pcap <14>May  5 23:35:54 win10 Microsoft-Windows-Security-Auditing[4]: An attempt was made to duplicate a handle to an object.    Subject:  	Security ID:		S-1-5-18  	Account Name:		WIN10$  	Account Domain:		WORKGROUP  	Logon ID:		0x3E7    Source Handle Information:  	Source Handle ID:	0x420  	Source Process ID:	0xd84    New Handle Information:  	Target Handle ID:	0xab0  	Target Process ID:	0x4
2021-05-05T23:38:08.522476+02:00 suricata pcap <14>May  5 23:35:54 win10 Microsoft-Windows-Security-Auditing[4]: The handle to an object was closed.    Subject :  	Security ID:		S-1-5-18  	Account Name:		WIN10$  	Account Domain:		WORKGROUP  	Logon ID:		0x3E7    Object:  	Object Server:		Security  	Handle ID:		0xab0    Process Information:  	Process ID:		0xd84  	Process Name:		C:\Windows\System32\wbem\WmiPrvSE.exe
2021-05-05T23:38:08.522764+02:00 suricata pcap <14>May  5 23:35:54 win10 Microsoft-Windows-Security-Auditing[4]: A handle to an object was requested.    Subject:  	Security ID:		S-1-5-18  	Account Name:		WIN10$  	Account Domain:		WORKGROUP  	Logon ID:		0x3E7    Object:  	Object Server:		Security  	Object Type:		Process  	Object Name:		\Device\HarddiskVolume2\Windows\Sys@ì`Ãı2021-05-05T23:38:08.522812+02:00 suricata pcap <14>May  5 23:35:54 win10 Microsoft-Windows-Security-Auditing[4]: An attempt was made to access an object.    Subject:  	Security ID:		S-1-5-18  	Account Name:		WIN10$  	Account Domain:		WORKGROUP  	Logon ID:		0x3E7    Object:  	Object Server:		Security  	Object Type:		Process  	Object Name:		\Device\HarddiskVolume2\Windows\System32\lsass.exe  	Handle ID:		0x6d8  	Resource Attributes:	-    Process Information:  	Process ID:		0xd84  	Process Name:		C:\Windows\System32\wbem\WmiPrvSE.exe    Access Request Information:  	Accesses:		Read from process memory  				  	Access Mask:		0x10
2021-05-05T23:38:08.522828+02:00 suricata pcap @ì`°Ù2021-05-05T23:38:08.522839+02:00 suricata pcap @ì`€ı2021-05-05T23:38:08.522849+02:00 suricata pcap <14>May  5 23:35:54 win10 Microsoft-Windows-Security-Auditing[4]: An attempt was made to duplicate a handle to an object.    Subject:  	Security ID:		S-1-5-18  	Account Name:		WIN10$  	Account Domain:		WORKGROUP  	Logon ID:		0x3E7    Source Handle Information:  	Source Handle ID:	0x420  	Source Process ID:	0xd84    New Handle Information:  	Target Handle ID:	0xab0  	Target Process ID:	0x4
2021-05-05T23:38:08.522859+02:00 suricata pcap <14>May  5 23:35:54 win10 Microsoft-Windows-Security-Auditing[4]: The handle to an object was closed.    Subject :  	Security ID:		S-1-5-18  	Account Name:		WIN10$  	Account Domain:		WORKGROUP  	Logon ID:		0x3E7    Object:  	Object Server:		Security  	Handle ID:		0xab0    Process Information:  	Process ID:		0xd84  	Process Name:		C:\Windows\System32\wbem\WmiPrvSE.exe
2021-05-05T23:38:08.522875+02:00 suricata pcap <14>May  5 23:35:54 win10 Microsoft-Windows-Security-Auditing[4]: A handle to an object was requested.    Subject:  	Security ID:		S-1-5-18  	Account Name:		WIN10$  	Account Domain:		WORKGROUP  	Logon ID:		0x3E7    Object:  	Object Server:		Security  	Object Type:		Process  	Object Name:		\Device\HarddiskVolume2\Windows\Sys@ì`ˆÙ2021-05-05T23:38:08.523946+02:00 suricata pcap <14>May  5 23:35:54 win10 Microsoft-Windows-Security-Auditing[4]: An attempt was made to duplicate a handle to an object.    Subject:  	Security ID:		S-1-5-18  	Account Name:		WIN10$  	Account Domain:		WORKGROUP  	Logon ID:		0x3E7    Source Handle Information:  	Source Handle ID:	0x420  	Source Process ID:	0xd84    New Handle Information:  	Target Handle ID:	0xab0  	Target Process ID:	0x4
2021-05-05T23:38:08.523966+02:00 suricata pcap <14>May  5 23:35:54 win10 Microsoft-Windows-Security-Auditing[4]: The handle to an object was closed.    Subject :  	Security ID:		S-1-5-18  	Account Name:		WIN10$  	Account Domain:		WORKGROUP  	Logon ID:		0x3E7    Object:  	Object Server:		Security  	Handle ID:		0xab0    Process Information:  	Process ID:		0xd84  	Process Name:		C:\Windows\System32\wbem\WmiPrvSE.exe
2021-05-05T23:38:08.523993+02:00 suricata pcap <14>May  5 23:35:54 win10 Microsoft-Windows-Security-Auditing[4]: A handle to an object was requested.    Subject:  	Security ID:		S-1-5-18  	Account Name:		WIN10$  	Account Domain:		WORKGROUP  	Logon ID:		0x3E7    Object:  	Object Server:		Security  	Object Type:		Process  	Object Name:		\Device\HarddiskVolume2\Windows\Sys@ì`ı2021-05-05T23:38:08.524005+02:00 suricata pcap @ì`ˆ2021-05-05T23:38:08.524027+02:00 suricata pcap @ì`Dı2021-05-05T23:38:08.524040+02:00 suricata pcap @ì`≈˜2021-05-05T23:38:08.524045+02:00 suricata pcap @ì`√ı2021-05-05T23:38:08.524744+02:00 suricata pcap @2021-05-05T23:38:08.524779+02:00 suricata pcap @ì`	ˆ2021-05-05T23:38:08.524802+02:00 suricata pcap @ì`zˆ2021-05-05T23:38:08.524820+02:00 suricata pcap @ì`Ÿˆ2021-05-05T23:38:08.524861+02:00 suricata pcap @ì`:˜2021-05-05T23:38:08.524887+02:00 suricata pcap @ì`^˜2021-05-05T23:38:08.525849+02:00 suricata pcap <14>May  5 23:35:55 win10 Microsoft-Windows-Security-Auditing[4]: An attempt was made to access an object.    Subject:  	Security ID:		S-1-5-18  	Account Name:		WIN10$  	Account Domain:		WORKGROUP  	Logon ID:		0x3E7    Object:  	Object Server:		Security  	Object Type:		Process  	Object Name:		\Device\HarddiskVolume2\Windows\System32\lsass.exe  	Handle ID:		0x7cc  	Resource Attributes:	-    Process Information:  	Process ID:		0xd84  	Process Name:		C:\Windows\System32\wbem\WmiPrvSE.exe    Access Request Information:  	Accesses:		Read from process memory  				  	Access Mask:		0x10
2021-05-05T23:38:08.525883+02:00 suricata pcap <14>May  5 23:35:55 win10 Microsoft-Windows-Security-Auditing[4]: The han@ì``˜2021-05-05T23:38:08.525902+02:00 suricata pcap @ì`â˜2021-05-05T23:38:08.525914+02:00 suricata pcap @ì`0¯2021-05-05T23:38:08.525934+02:00 suricata pcap @2021-05-05T23:38:08.525939+02:00 suricata pcap @ì`<˘2021-05-05T23:38:08.525956+02:00 suricata pcap @2021-05-05T23:38:08.525970+02:00 suricata pcap @ì`Ó2021-05-05T23:38:08.525984+02:00 suricata pcap @ì`V˚2021-05-05T23:38:08.526203+02:00 suricata pcap @ì`.˝2021-05-05T23:38:08.526236+02:00 suricata pcap @ì`82021-05-05T23:38:08.526250+02:00 suricata pcap <14>May  5 23:35:55 win10 Microsoft-Windows-Security-Auditing[4]: An attempt was made to access an object.    Subject:  	Security ID:		S-1-5-18  	Account Name:		WIN10$  	Account Domain:		WORKGROUP  	Logon ID:		0x3E7    Object:  	Object Server:		Security  	Object Type:		Process  	Object Name:		\Device\HarddiskVolume2\Windows\System32\lsass.exe  	Handle ID:		0x7cc  	Resource Attributes:	-    Process Information:  	Process ID:		0xd84  	Process Name:		C:\Windows\System32\wbem\WmiPrvSE.exe    Access Request Information:  	Accesses:		Read from process memory  				  	Access Mask:		0x10
2021-05-05T23:38:08.526273+02:00 suricata pcap <14>May  5 23:35:55 win10 Microsoft-Windows-Security-Auditing[4]: The han@ì`?2021-05-05T23:38:08.526291+02:00 suricata pcap @ì`´2021-05-05T23:38:08.526305+02:00 suricata pcap <14>May  5 23:35:55 win10 Microsoft-Windows-Security-Auditing[4]: An attempt was made to access an object.    Subject:  	Security ID:		S-1-5-18  	Account Name:		WIN10$  	Account Domain:		WORKGROUP  	Logon ID:		0x3E7    Object:  	Object Server:		Security  	Object Type:		Process  	Object Name:		\Device\HarddiskVolume2\Windows\System32\lsass.exe  	Handle ID:		0x7cc  	Resource Attributes:	-    Process Information:  	Process ID:		0xd84  	Process Name:		C:\Windows\System32\wbem\WmiPrvSE.exe    Access Request Information:  	Accesses:		Read from process memory  				  	Access Mask:		0x10
2021-05-05T23:38:08.526316+02:00 suricata pcap <14>May  5 23:35:55 win10 Microsoft-Windows-Security-Auditing[4]: The han@ì`⁄2021-05-05T23:38:08.528902+02:00 suricata pcap @ì`™2021-05-05T23:38:08.528938+02:00 suricata pcap @ì`¥2021-05-05T23:38:08.528957+02:00 suricata pcap @ì`O2021-05-05T23:38:08.528969+02:00 suricata pcap @ì`A	2021-05-05T23:38:08.528981+02:00 suricata pcap @ì`ù	2021-05-05T23:38:08.529025+02:00 suricata pcap @ì`à2021-05-05T23:38:08.529591+02:00 suricata pcap <14>May  5 23:35:55 win10 Microsoft-Windows-Security-Auditing[4]: An attempt was made to access an object.    Subject:  	Security ID:		S-1-5-18  	Account Name:		WIN10$  	Account Domain:		WORKGROUP  	Logon ID:		0x3E7    Object:  	Object Server:		Security  	Object Type:		Process  	Object Name:		\Device\HarddiskVolume2\Windows\System32\lsass.exe  	Handle ID:		0x3e4  	Resource Attributes:	-    Process Information:  	Process ID:		0xdc4  	Process Name:		C:\Program Files\VMware\VMware Tools\vmtoolsd.exe    Access Request Information:  	Accesses:		Read from process memory  				  	Access Mask:		0x10
2021-05-05T23:38:08.529651+02:00 suricata pcap <14>May  5 23:35:55 win10 Microsoft-Windows-Secur@ì`k2021-05-05T23:38:08.529665+02:00 suricata pcap <14>May  5 23:35:55 win10 Microsoft-Windows-Security-Auditing[4]: An attempt was made to access an object.    Subject:  	Security ID:		S-1-5-18  	Account Name:		WIN10$  	Account Domain:		WORKGROUP  	Logon ID:		0x3E7    Object:  	Object Server:		Security  	Object Type:		Process  	Object Name:		\Device\HarddiskVolume2\Windows\System32\lsass.exe  	Handle ID:		0x3e4  	Resource Attributes:	-    Process Information:  	Process ID:		0xdc4  	Process Name:		C:\Program Files\VMware\VMware Tools\vmtoolsd.exe    Access Request Information:  	Accesses:		Read from process memory  				  	Access Mask:		0x10
2021-05-05T23:38:08.529677+02:00 suricata pcap <14>May  5 23:35:55 win10 Microsoft-Windows-Secur@ì`ù2021-05-05T23:38:08.529693+02:00 suricata pcap @ì`å2021-05-05T23:38:08.529722+02:00 suricata pcap @ì`¯2021-05-05T23:38:08.529754+02:00 suricata pcap <14>May  5 23:35:55 win10 Microsoft-Windows-Security-Auditing[4]: An attempt was made to access an object.    Subject:  	Security ID:		S-1-5-18  	Account Name:		WIN10$  	Account Domain:		WORKGROUP  	Logon ID:		0x3E7    Object:  	Object Server:		Security  	Object Type:		Process  	Object Name:		\Device\HarddiskVolume2\Windows\System32\lsass.exe  	Handle ID:		0x3e4  	Resource Attributes:	-    Process Information:  	Process ID:		0xdc4  	Process Name:		C:\Program Files\VMware\VMware Tools\vmtoolsd.exe    Access Request Information:  	Accesses:		Read from process memory  				  	Access Mask:		0x10
2021-05-05T23:38:08.531821+02:00 suricata pcap <14>May  5 23:35:55 win10 Microsoft-Windows-Secur@ì`∑2021-05-05T23:38:08.531838+02:00 suricata pcap @ì`¡2021-05-05T23:38:08.531848+02:00 suricata pcap @ì`f2021-05-05T23:38:08.531855+02:00 suricata pcap @ì`”2021-05-05T23:38:08.531863+02:00 suricata pcap @ì`-2021-05-05T23:38:08.531871+02:00 suricata pcap @ì`,2021-05-05T23:38:08.531879+02:00 suricata pcap @ì`ç2021-05-05T23:38:08.532092+02:00 suricata pcap @ì`Ú2021-05-05T23:38:08.532106+02:00 suricata pcap <14>May  5 23:35:55 win10 Microsoft-Windows-Security-Auditing[4]: An attempt was made to access an object.    Subject:  	Security ID:		S-1-5-18  	Account Name:		WIN10$  	Account Domain:		WORKGROUP  	Logon ID:		0x3E7    Object:  	Object Server:		Security  	Object Type:		Process  	Object Name:		\Device\HarddiskVolume2\Windows\System32\lsass.exe  	Handle ID:		0x3e4  	Resource Attributes:	-    Process Information:  	Process ID:		0xdc4  	Process Name:		C:\Program Files\VMware\VMware Tools\vmtoolsd.exe    Access Request Information:  	Accesses:		Read from process memory  				  	Access Mask:		0x10
2021-05-05T23:38:08.532117+02:00 suricata pcap @ì`±2021-05-05T23:38:08.532124+02:00 suricata pcap <14>May  5 23:35:55 win10 Microsoft-Windows-Security-Auditing[4]: An attempt was made to access an object.    Subject:  	Security ID:		S-1-5-18  	Account Name:		WIN10$  	Account Domain:		WORKGROUP  	Logon ID:		0x3E7    Object:  	Object Server:		Security  	Object Type:		Process  	Object Name:		\Device\HarddiskVolume2\Windows\System32\lsass.exe  	Handle ID:		0x3e4  	Resource Attributes:	-    Process Information:  	Process ID:		0xdc4  	Process Name:		C:\Program Files\VMware\VMware Tools\vmtoolsd.exe    Access Request Information:  	Accesses:		Read from process memory  				  	Access Mask:		0x10
2021-05-05T23:38:08.532134+02:00 suricata pcap @ì`2021-05-05T23:38:08.534312+02:00 suricata pcap <14>May  5 23:35:55 win10 Microsoft-Windows-Security-Auditing[4]: An attempt was made to access an object.    Subject:  	Security ID:		S-1-5-18  	Account Name:		WIN10$  	Account Domain:		WORKGROUP  	Logon ID:		0x3E7    Object:  	Object Server:		Security  	Object Type:		Process  	Object Name:		\Device\HarddiskVolume2\Windows\System32\lsass.exe  	Handle ID:		0x3e4  	Resource Attributes:	-    Process Information:  	Process ID:		0xdc4  	Process Name:		C:\Program Files\VMware\VMware Tools\vmtoolsd.exe    Access Request Information:  	Accesses:		Read from process memory  				  	Access Mask:		0x10
2021-05-05T23:38:08.534327+02:00 suricata pcap @ì`62021-05-05T23:38:08.534335+02:00 suricata pcap @ì`ä 2021-05-05T23:38:08.534342+02:00 suricata pcap @ì`Ÿ 2021-05-05T23:38:08.534365+02:00 suricata pcap @ì`ô!2021-05-05T23:38:08.534372+02:00 suricata pcap @ì`'$2021-05-05T23:38:08.534378+02:00 suricata pcap @ì`v$2021-05-05T23:38:08.534386+02:00 suricata pcap @ì`Æ$2021-05-05T23:38:08.535874+02:00 suricata pcap @ì`Ù&2021-05-05T23:38:08.535887+02:00 suricata pcap @ì`N'2021-05-05T23:38:08.535902+02:00 suricata pcap @ì`ˇ'2021-05-05T23:38:08.535908+02:00 suricata pcap <14>May  5 23:35:55 win10 Microsoft-Windows-Security-Auditing[4]: An attempt was made to duplicate a handle to an object.    Subject:  	Security ID:		S-1-5-18  	Account Name:		WIN10$  	Account Domain:		WORKGROUP  	Logon ID:		0x3E7    Source Handle Information:  	Source Handle ID:	0x3e4  	Source Process ID:	0xdc4    New Handle Information:  	Target Handle ID:	0x65c  	Target Process ID:	0xdc4
2021-05-05T23:38:08.535914+02:00 suricata pcap <14>May  5 23:35:55 win10 Microsoft-Windows-Security-Auditing[4]: The handle to an object was closed.    Subject :  	Security ID:		S-1-5-18  	Account Na@ì`P)2021-05-05T23:38:08.535927+02:00 suricata pcap @ì`Î,2021-05-05T23:38:08.536281+02:00 suricata pcap <14>May  5 23:35:55 win10 Microsoft-Windows-Security-Auditing[4]: An attempt was made to duplicate a handle to an object.    Subject:  	Security ID:		S-1-5-18  	Account Name:		WIN10$  	Account Domain:		WORKGROUP  	Logon ID:		0x3E7    Source Handle Information:  	Source Handle ID:	0x3e4  	Source Process ID:	0xdc4    New Handle Information:  	Target Handle ID:	0x65c  	Target Process ID:	0xdc4
2021-05-05T23:38:08.536303+02:00 suricata pcap <14>May  5 23:35:55 win10 Microsoft-Windows-Security-Auditing[4]: The handle to an object was closed.    Subject :  	Security ID:		S-1-5-18  	Account Na@ì`9-2021-05-05T23:38:08.536325+02:00 suricata pcap @ì`ì-2021-05-05T23:38:08.536352+02:00 suricata pcap <14>May  5 23:35:55 win10 Microsoft-Windows-Security-Auditing[4]: An attempt was made to duplicate a handle to an object.    Subject:  	Security ID:		S-1-5-18  	Account Name:		WIN10$  	Account Domain:		WORKGROUP  	Logon ID:		0x3E7    Source Handle Information:  	Source Handle ID:	0x3e4  	Source Process ID:	0xdc4    New Handle Information:  	Target Handle ID:	0x65c  	Target Process ID:	0xdc4
2021-05-05T23:38:08.536362+02:00 suricata pcap <14>May  5 23:35:55 win10 Microsoft-Windows-Security-Auditing[4]: The handle to an object was closed.    Subject :  	Security ID:		S-1-5-18  	Account Na@ì`Ê-2021-05-05T23:38:08.536369+02:00 suricata pcap @ì`	.2021-05-05T23:38:08.536376+02:00 suricata pcap <14>May  5 23:35:55 win10 Microsoft-Windows-Security-Auditing[4]: An attempt was made to duplicate a handle to an object.    Subject:  	Security ID:		S-1-5-18  	Account Name:		WIN10$  	Account Domain:		WORKGROUP  	Logon ID:		0x3E7    Source Handle Information:  	Source Handle ID:	0x40c  	Source Process ID:	0xd84    New Handle Information:  	Target Handle ID:	0x2c94  	Target Process ID:	0x4
2021-05-05T23:38:08.536382+02:00 suricata pcap <14>May  5 23:35:55 win10 Microsoft-Windows-Security-Auditing[4]: The handle to an object was closed.    Subject :  	Security ID:		S-1-5-18  	Account Name:		WIN10$  	Account Domain:		WORKGROUP  	Logon ID:		0x3E7    Object:  	Object Server:		Security  	Handle ID:		0x2c94    Process Information:  	Process ID:		0xd84  	Process Name:		C:\Windows\System32\wbem\WmiPrvSE.exe
2021-05-05T23:38:08.536988+02:00 suricata pcap @ì`ä.2021-05-05T23:38:08.537002+02:00 suricata pcap <14>May  5 23:35:55 win10 Microsoft-Windows-Security-Auditing[4]: An attempt was made to duplicate a handle to an object.    Subject:  	Security ID:		S-1-5-18  	Account Name:		WIN10$  	Account Domain:		WORKGROUP  	Logon ID:		0x3E7    Source Handle Information:  	Source Handle ID:	0x40c  	Source Process ID:	0xd84    New Handle Information:  	Target Handle ID:	0x2c94  	Target Process ID:	0x4
2021-05-05T23:38:08.537007+02:00 suricata pcap <14>May  5 23:35:55 win10 Microsoft-Windows-Security-Auditing[4]: The handle to an object was closed.    Subject :  	Security ID:		S-1-5-18  	Account Name:		WIN10$  	Account Domain:		WORKGROUP  	Logon ID:		0x3E7    Object:  	Object Server:		Security  	Handle ID:		0x2c94    Process Information:  	Process ID:		0xd84  	Process Name:		C:\Windows\System32\wbem\WmiPrvSE.exe
2021-05-05T23:38:08.537014+02:00 suricata pcap @ì`/2021-05-05T23:38:08.537020+02:00 suricata pcap <14>May  5 23:35:55 win10 Microsoft-Windows-Security-Auditing[4]: An attempt was made to duplicate a handle to an object.    Subject:  	Security ID:		S-1-5-18  	Account Name:		WIN10$  	Account Domain:		WORKGROUP  	Logon ID:		0x3E7    Source Handle Information:  	Source Handle ID:	0x40c  	Source Process ID:	0xd84    New Handle Information:  	Target Handle ID:	0x2c94  	Target Process ID:	0x4
2021-05-05T23:38:08.537026+02:00 suricata pcap <14>May  5 23:35:55 win10 Microsoft-Windows-Security-Auditing[4]: The handle to an object was closed.    Subject :  	Security ID:		S-1-5-18  	Account Name:		WIN10$  	Account Domain:		WORKGROUP  	Logon ID:		0x3E7    Object:  	Object Server:		Security  	Handle ID:		0x2c94    Process Information:  	Process ID:		0xd84  	Process Name:		C:\Windows\System32\wbem\WmiPrvSE.exe
2021-05-05T23:38:08.537038+02:00 suricata pcap @ì`ı.2021-05-05T23:38:08.537048+02:00 suricata pcap @ì`√02021-05-05T23:38:08.538331+02:00 suricata pcap @ì`G12021-05-05T23:38:08.538347+02:00 suricata pcap @ì`∞32021-05-05T23:38:08.538353+02:00 suricata pcap <14>May  5 23:35:55 win10 Microsoft-Windows-Security-Auditing[4]: The handle to an object was closed.    Subject :  	Security ID:		S-1-5-18  	Account Name:		WIN10$  	Account Domain:		WORKGROUP  	Logon ID:		0x3E7    Object:  	Object Server:		Security  	Handle ID:		0x40c    Process Information:  	Process ID:		0xd84  	Process Name:		C:\Windows\System32\wbem\WmiPrvSE.exe
2021-05-05T23:38:08.538361+02:00 suricata pcap @ì`62021-05-05T23:38:08.538366+02:00 suricata pcap <14>May  5 23:35:55 win10 Microsoft-Windows-Security-Auditing[4]: The handle to an object was closed.    Subject :  	Security ID:		S-1-5-18  	Account Name:		WIN10$  	Account Domain:		WORKGROUP  	Logon ID:		0x3E7    Object:  	Object Server:		Security  	Handle ID:		0x40c    Process Information:  	Process ID:		0xd84  	Process Name:		C:\Windows\System32\wbem\WmiPrvSE.exe
2021-05-05T23:38:08.538375+02:00 suricata pcap @ì`y62021-05-05T23:38:09.547644+02:00 suricata pcap <14>May  5 23:35:55 win10 Microsoft-Windows-Security-Auditing[4]: The handle to an object was closed.    Subject :  	Security ID:		S-1-5-18  	Account Name:		WIN10$  	Account Domain:		WORKGROUP  	Logon ID:		0x3E7    Object:  	Object Server:		Security  	Handle ID:		0x40c    Process Information:  	Process ID:		0xd84  	Process Name:		C:\Windows\System32\wbem\WmiPrvSE.exe
2021-05-05T23:38:09.547684+02:00 suricata pcap @ì`§>2021-05-05T23:38:09.547691+02:00 suricata pcap 2021-05-05T23:38:09.547711+02:00 suricata pcap ¿®ã2021-05-05T23:38:09.547726+02:00 suricata pcap Aì`ëV2021-05-05T23:38:09.547740+02:00 suricata pcap Aì`GW2021-05-05T23:38:09.547761+02:00 suricata pcap Aì`‡W2021-05-05T23:38:09.547784+02:00 suricata pcap <14>May  5 23:35:55 win10 Microsoft-Windows-Security-Auditing[4]: A handle to an object was requested.    Subject:  	Security ID:		S-1-5-18  	Account Name:		WIN10$  	Account Domain:		WORKGROUP  	Logon ID:		0x3E7    Object:  	Object Server:		Security  	Object Type:		Process  	Object Name:		\Device\HarddiskVolume2\Windows\System32\lsass.exe  	Handle ID:		0x7cc  	Resource Attributes:	-    Process Information:  	Process ID:		0xd84  	Process Name:		C:\Windows\System32\wbem\WmiPrvSE.exe    Access Request Information:  	Transaction ID:		{00000000-0000-0000-0000-000000000000}  	Accesses:		Read from process memory  				Query process information  				Undefined Access (no effect) Bit 12  				  	Access Reasons:		-  	Access Mask:		0x1410  	Privileges Used for Access Check:	-  	Restricted SID Count:	0
2021-05-05T23:38:09.547800+02:00 suricata pcap Aì`àZ2021-05-05T23:38:09.548660+02:00 suricata pcap <14>May  5 23:35:55 win10 Microsoft-Windows-Security-Auditing[4]: A handle to an object was requested.    Subject:  	Security ID:		S-1-5-18  	Account Name:		WIN10$  	Account Domain:		WORKGROUP  	Logon ID:		0x3E7    Object:  	Object Server:		Security  	Object Type:		Process  	Object Name:		\Device\HarddiskVolume2\Windows\System32\lsass.exe  	Handle ID:		0x7cc  	Resource Attributes:	-    Process Information:  	Process ID:		0xd84  	Process Name:		C:\Windows\System32\wbem\WmiPrvSE.exe    Access Request Information:  	Transaction ID:		{00000000-0000-0000-0000-000000000000}  	Accesses:		Read from process memory  				Query process information  				Undefined Access (no effect) Bit 12  				  	Access Reasons:		-  	Access Mask:		0x1410  	Privileges Used for Access Check:	-  	Restricted SID Count:	0
2021-05-05T23:38:09.548697+02:00 suricata pcap Aì`ÛZ2021-05-05T23:38:09.548719+02:00 suricata pcap <14>May  5 23:35:55 win10 Microsoft-Windows-Security-Auditing[4]: A handle to an object was requested.    Subject:  	Security ID:		S-1-5-18  	Account Name:		WIN10$  	Account Domain:		WORKGROUP  	Logon ID:		0x3E7    Object:  	Object Server:		Security  	Object Type:		Process  	Object Name:		\Device\HarddiskVolume2\Windows\System32\lsass.exe  	Handle ID:		0x7cc  	Resource Attributes:	-    Process Information:  	Process ID:		0xd84  	Process Name:		C:\Windows\System32\wbem\WmiPrvSE.exe    Access Request Information:  	Transaction ID:		{00000000-0000-0000-0000-000000000000}  	Accesses:		Read from process memory  				Query process information  				Undefined Access (no effect) Bit 12  				  	Access Reasons:		-  	Access Mask:		0x1410  	Privileges Used for Access Check:	-  	Restricted SID Count:	0
2021-05-05T23:38:09.548744+02:00 suricata pcap Aì`m[2021-05-05T23:38:09.548765+02:00 suricata pcap Aì`^]2021-05-05T23:38:09.548783+02:00 suricata pcap Aì`Ê]2021-05-05T23:38:09.550690+02:00 suricata pcap Aì`(^2021-05-05T23:38:09.550753+02:00 suricata pcap Aì`í`2021-05-05T23:38:09.550768+02:00 suricata pcap Aì`a2021-05-05T23:38:09.550788+02:00 suricata pcap Aì`a2021-05-05T23:38:09.550801+02:00 suricata pcap <14>May  5 23:35:55 win10 Microsoft-Windows-Security-Auditing[4]: The handle to an object was closed.    Subject :  	Security ID:		S-1-5-18  	Account Name:		WIN10$  	Account Domain:		WORKGROUP  	Logon ID:		0x3E7    Object:  	Object Server:		Security  	Handle ID:		0xab0    Process Information:  	Process ID:		0xd84  	Process Name:		C:\Windows\System32\wbem\WmiPrvSE.exe
2021-05-05T23:38:09.550823+02:00 suricata pcap <14>May  5 23:35:55 win10 Microsoft-Windows-Security-Auditing[4]: A handle to an object was requested.    Subject:  	Security ID:		S-1-5-18  	Account Name:		WIN10$  	Account Domain:		WORKGROUP  	Logon ID:		0x3E7    Object:  	Object Server:		Security  	Object Type:		Process  	Object Name:		\Device\HarddiskVolume2\Windows\System32\lsass.exe  	Handle ID:		0x40c  	Resource Attributes:	-    Process Information:  	Process ID:		0xd84  	Process Name:		C:\Windows\System32\wbem\WmiPrvSE.exe    Access Request Information:  	Transaction ID:		{00000000-0000-0000-0000-000000000000}  	Accesses:		Read from process memory  				Query process information  				Undefined Access (no effect) Bit 12  				  	AccAì`@f2021-05-05T23:38:09.550840+02:00 suricata pcap Aì`kf2021-05-05T23:38:09.550853+02:00 suricata pcap <14>May  5 23:35:55 win10 Microsoft-Windows-Security-Auditing[4]: The handle to an object was closed.    Subject :  	Security ID:		S-1-5-18  	Account Name:		WIN10$  	Account Domain:		WORKGROUP  	Logon ID:		0x3E7    Object:  	Object Server:		Security  	Handle ID:		0xab0    Process Information:  	Process ID:		0xd84  	Process Name:		C:\Windows\System32\wbem\WmiPrvSE.exe
2021-05-05T23:38:09.551577+02:00 suricata pcap <14>May  5 23:35:55 win10 Microsoft-Windows-Security-Auditing[4]: A handle to an object was requested.    Subject:  	Security ID:		S-1-5-18  	Account Name:		WIN10$  	Account Domain:		WORKGROUP  	Logon ID:		0x3E7    Object:  	Object Server:		Security  	Object Type:		Process  	Object Name:		\Device\HarddiskVolume2\Windows\System32\lsass.exe  	Handle ID:		0x40c  	Resource Attributes:	-    Process Information:  	Process ID:		0xd84  	Process Name:		C:\Windows\System32\wbem\WmiPrvSE.exe    Access Request Information:  	Transaction ID:		{00000000-0000-0000-0000-000000000000}  	Accesses:		Read from process memory  				Query process information  				Undefined Access (no effect) Bit 12  				  	AccAì`ﬁf2021-05-05T23:38:09.551601+02:00 suricata pcap <14>May  5 23:35:55 win10 Microsoft-Windows-Security-Auditing[4]: The handle to an object was closed.    Subject :  	Security ID:		S-1-5-18  	Account Name:		WIN10$  	Account Domain:		WORKGROUP  	Logon ID:		0x3E7    Object:  	Object Server:		Security  	Handle ID:		0xab0    Process Information:  	Process ID:		0xd84  	Process Name:		C:\Windows\System32\wbem\WmiPrvSE.exe
