2021-05-05T23:06:14.197047+02:00 suricata pcap ¿®ã2021-05-05T23:06:14.197055+02:00 suricata pcap N2021-05-05T23:06:14.197060+02:00 suricata pcap √ì`Câ	2021-05-05T23:06:14.197068+02:00 suricata pcap N2021-05-05T23:06:14.197077+02:00 suricata pcap √ì`-è	2021-05-05T23:06:14.197087+02:00 suricata pcap √ì`íè	2021-05-05T23:06:14.197093+02:00 suricata pcap ƒì` x2021-05-05T23:06:14.197098+02:00 suricata pcap 2021-05-05T23:06:14.197103+02:00 suricata pcap ¿®ã2021-05-05T23:06:14.197107+02:00 suricata pcap 2021-05-05T23:06:14.197114+02:00 suricata pcap ¿®ã2021-05-05T23:06:14.197119+02:00 suricata pcap 2021-05-05T23:06:19.396674+02:00 suricata pcap ¿®ã2021-05-05T23:06:19.396694+02:00 suricata pcap 2021-05-05T23:06:19.396704+02:00 suricata pcap 2021-05-05T23:06:19.396714+02:00 suricata pcap ∆ì`·2021-05-05T23:06:19.396720+02:00 suricata pcap «ì`”ˇ2021-05-05T23:06:19.396724+02:00 suricata pcap 2021-05-05T23:06:19.396736+02:00 suricata pcap ¿®ã2021-05-05T23:06:19.396742+02:00 suricata pcap 2021-05-05T23:06:19.396749+02:00 suricata pcap ¿®ã2021-05-05T23:06:19.396755+02:00 suricata pcap 2021-05-05T23:06:19.396759+02:00 suricata pcap ¿®ã2021-05-05T23:06:19.396765+02:00 suricata pcap 2021-05-05T23:06:19.396770+02:00 suricata pcap 2021-05-05T23:06:19.396779+02:00 suricata pcap 2021-05-05T23:06:19.396786+02:00 suricata pcap 2021-05-05T23:06:19.396795+02:00 suricata pcap 2021-05-05T23:06:19.396799+02:00 suricata pcap …ì`Éo
2021-05-05T23:06:19.396810+02:00 suricata pcap 2021-05-05T23:06:19.396813+02:00 suricata pcap …ì`Úp
2021-05-05T23:06:19.396817+02:00 suricata pcap 2021-05-05T23:06:19.396825+02:00 suricata pcap è2021-05-05T23:06:19.396829+02:00 suricata pcap …ì`Cq
2021-05-05T23:06:19.396834+02:00 suricata pcap 2021-05-05T23:06:19.396841+02:00 suricata pcap è2021-05-05T23:06:19.396846+02:00 suricata pcap  ì`.Ü2021-05-05T23:06:19.396852+02:00 suricata pcap 2021-05-05T23:06:19.396860+02:00 suricata pcap ¿®ã2021-05-05T23:06:19.396865+02:00 suricata pcap 2021-05-05T23:06:19.396876+02:00 suricata pcap ¿®ã2021-05-05T23:06:19.396962+02:00 suricata pcap ∆)2021-05-05T23:06:19.396976+02:00 suricata pcap message repeated 2 times: [∆)]
2021-05-05T23:06:19.396985+02:00 suricata pcap ∆)2021-05-05T23:06:19.397002+02:00 suricata pcap 2021-05-05T23:06:23.496493+02:00 suricata pcap 2021-05-05T23:06:23.496566+02:00 suricata pcap 2021-05-05T23:06:23.496580+02:00 suricata pcap 2021-05-05T23:06:23.496590+02:00 suricata pcap Àì`Í2021-05-05T23:06:23.496597+02:00 suricata pcap Ãì`°æ2021-05-05T23:06:23.496603+02:00 suricata pcap 2021-05-05T23:06:23.496609+02:00 suricata pcap ¿®ã2021-05-05T23:06:23.496614+02:00 suricata pcap 2021-05-05T23:06:23.496619+02:00 suricata pcap ¿®ã2021-05-05T23:06:23.496626+02:00 suricata pcap ∆)2021-05-05T23:06:23.496640+02:00 suricata pcap message repeated 2 times: [∆)]
2021-05-05T23:06:23.496648+02:00 suricata pcap ∆)2021-05-05T23:06:23.496664+02:00 suricata pcap 2021-05-05T23:06:23.496673+02:00 suricata pcap 2021-05-05T23:06:23.496682+02:00 suricata pcap 2021-05-05T23:06:23.496693+02:00 suricata pcap 2021-05-05T23:06:23.496702+02:00 suricata pcap Õì`è2021-05-05T23:06:23.496706+02:00 suricata pcap Œì`öv2021-05-05T23:06:23.496712+02:00 suricata pcap 2021-05-05T23:06:23.496717+02:00 suricata pcap ¿®ã2021-05-05T23:06:23.496722+02:00 suricata pcap 2021-05-05T23:06:23.496729+02:00 suricata pcap 2021-05-05T23:06:23.496738+02:00 suricata pcap 2021-05-05T23:06:23.496746+02:00 suricata pcap 2021-05-05T23:06:23.496755+02:00 suricata pcap 2021-05-05T23:06:23.496759+02:00 suricata pcap Œì`Wz
2021-05-05T23:06:23.496767+02:00 suricata pcap 2021-05-05T23:06:23.496771+02:00 suricata pcap Œì`@{
2021-05-05T23:06:23.496780+02:00 suricata pcap 2021-05-05T23:06:23.496784+02:00 suricata pcap Œì`Ÿ{
2021-05-05T23:06:23.496793+02:00 suricata pcap 2021-05-05T23:06:32.393563+02:00 suricata pcap œì`õí2021-05-05T23:06:32.393640+02:00 suricata pcap 2021-05-05T23:06:32.393650+02:00 suricata pcap ¿®ã2021-05-05T23:06:32.393657+02:00 suricata pcap 2021-05-05T23:06:32.393663+02:00 suricata pcap 2021-05-05T23:06:32.393669+02:00 suricata pcap 2021-05-05T23:06:32.393675+02:00 suricata pcap ¿®ã2021-05-05T23:06:32.393680+02:00 suricata pcap 2021-05-05T23:06:32.393686+02:00 suricata pcap ¿®ã2021-05-05T23:06:32.393691+02:00 suricata pcap 2021-05-05T23:06:32.393697+02:00 suricata pcap ¿®ã2021-05-05T23:06:32.393702+02:00 suricata pcap ¿®é»X≥2021-05-05T23:06:32.393707+02:00 suricata pcap 2021-05-05T23:06:32.393711+02:00 suricata pcap ¿®é»X≥2021-05-05T23:06:32.393718+02:00 suricata pcap 2021-05-05T23:06:32.393724+02:00 suricata pcap 2021-05-05T23:06:32.393733+02:00 suricata pcap 2021-05-05T23:06:32.393738+02:00 suricata pcap 	2021-05-05T23:06:32.393742+02:00 suricata pcap 2021-05-05T23:06:32.393748+02:00 suricata pcap 	2021-05-05T23:06:32.393754+02:00 suricata pcap ¿®ã2021-05-05T23:06:32.393760+02:00 suricata pcap â2021-05-05T23:06:32.393764+02:00 suricata pcap ¿®ã¿®ã
2021-05-05T23:06:32.393770+02:00 suricata pcap 2021-05-05T23:06:32.393776+02:00 suricata pcap ¿®ã2021-05-05T23:06:32.393780+02:00 suricata pcap ¿®é»X≥2021-05-05T23:06:32.393786+02:00 suricata pcap 2021-05-05T23:06:32.393790+02:00 suricata pcap ¿®é»X≥2021-05-05T23:06:32.393795+02:00 suricata pcap 2021-05-05T23:06:32.393803+02:00 suricata pcap 2021-05-05T23:06:32.393811+02:00 suricata pcap 2021-05-05T23:06:32.393816+02:00 suricata pcap 2021-05-05T23:06:32.393822+02:00 suricata pcap ¿®ã2021-05-05T23:06:32.393829+02:00 suricata pcap 2021-05-05T23:06:32.393841+02:00 suricata pcap ¿®ã2021-05-05T23:06:32.393851+02:00 suricata pcap ◊ì`É2021-05-05T23:06:32.393857+02:00 suricata pcap ◊ì`Èv2021-05-05T23:06:32.393862+02:00 suricata pcap 2021-05-05T23:06:32.393868+02:00 suricata pcap ¿®ã2021-05-05T23:06:32.393874+02:00 suricata pcap ∆)2021-05-05T23:06:32.393888+02:00 suricata pcap message repeated 2 times: [∆)]
2021-05-05T23:06:32.393897+02:00 suricata pcap ∆)2021-05-05T23:06:32.393913+02:00 suricata pcap 2021-05-05T23:06:32.393922+02:00 suricata pcap 2021-05-05T23:06:32.393930+02:00 suricata pcap 2021-05-05T23:06:40.726521+02:00 suricata pcap 2021-05-05T23:06:40.726553+02:00 suricata pcap ¿®é»X‘2021-05-05T23:06:40.726562+02:00 suricata pcap 2021-05-05T23:06:40.726567+02:00 suricata pcap ¿®é»X‘2021-05-05T23:06:40.726574+02:00 suricata pcap 2021-05-05T23:06:40.726582+02:00 suricata pcap 2021-05-05T23:06:40.726597+02:00 suricata pcap 2021-05-05T23:06:40.726607+02:00 suricata pcap ÿì`s2021-05-05T23:06:40.726613+02:00 suricata pcap ÿì`pë2021-05-05T23:06:40.726619+02:00 suricata pcap 2021-05-05T23:06:40.726625+02:00 suricata pcap ¿®ã2021-05-05T23:06:40.726630+02:00 suricata pcap 2021-05-05T23:06:40.726635+02:00 suricata pcap ¿®ã2021-05-05T23:06:40.726640+02:00 suricata pcap 2021-05-05T23:06:40.726646+02:00 suricata pcap ¿®ã2021-05-05T23:06:40.726650+02:00 suricata pcap ¿®é»X‘2021-05-05T23:06:40.726657+02:00 suricata pcap 2021-05-05T23:06:40.726661+02:00 suricata pcap ¿®é»X‘2021-05-05T23:06:40.726669+02:00 suricata pcap 2021-05-05T23:06:40.726676+02:00 suricata pcap 2021-05-05T23:06:40.726681+02:00 suricata pcap 2021-05-05T23:06:40.726686+02:00 suricata pcap 2021-05-05T23:06:40.726692+02:00 suricata pcap ¿®ã2021-05-05T23:06:40.726698+02:00 suricata pcap 2021-05-05T23:06:40.726703+02:00 suricata pcap ¿®ã2021-05-05T23:06:40.726708+02:00 suricata pcap 2021-05-05T23:06:40.726713+02:00 suricata pcap ¿®ã2021-05-05T23:06:40.726717+02:00 suricata pcap ¿®é»X≥2021-05-05T23:06:40.726723+02:00 suricata pcap 2021-05-05T23:06:40.726728+02:00 suricata pcap ¿®é»X≥2021-05-05T23:06:40.726734+02:00 suricata pcap 2021-05-05T23:06:40.726740+02:00 suricata pcap 2021-05-05T23:06:40.726746+02:00 suricata pcap 2021-05-05T23:06:40.726753+02:00 suricata pcap 2021-05-05T23:06:40.726759+02:00 suricata pcap ¿®ã2021-05-05T23:06:40.726765+02:00 suricata pcap 2021-05-05T23:06:40.726772+02:00 suricata pcap ¿®ã2021-05-05T23:06:40.726779+02:00 suricata pcap ªØÿ2021-05-05T23:06:40.726787+02:00 suricata pcap ªØÿ2021-05-05T23:06:40.726792+02:00 suricata pcap Z2021-05-05T23:06:40.726799+02:00 suricata pcap ªØÿ2021-05-05T23:06:40.726805+02:00 suricata pcap Z2021-05-05T23:06:40.726816+02:00 suricata pcap ªØÿ2021-05-05T23:06:48.366192+02:00 suricata pcap ‡ì`'2021-05-05T23:06:48.366225+02:00 suricata pcap ·ì`˘2021-05-05T23:06:48.366231+02:00 suricata pcap 2021-05-05T23:06:48.366240+02:00 suricata pcap ¿®ã2021-05-05T23:06:48.366248+02:00 suricata pcap 2021-05-05T23:06:48.366256+02:00 suricata pcap 2021-05-05T23:06:48.366262+02:00 suricata pcap ¿®é»X≥2021-05-05T23:06:48.366269+02:00 suricata pcap 2021-05-05T23:06:48.366273+02:00 suricata pcap ¿®é»X≥2021-05-05T23:06:48.366282+02:00 suricata pcap 2021-05-05T23:06:48.366288+02:00 suricata pcap 2021-05-05T23:06:48.366297+02:00 suricata pcap ¿®ã2021-05-05T23:06:48.366302+02:00 suricata pcap „ì`ãj2021-05-05T23:06:48.366308+02:00 suricata pcap 2021-05-05T23:06:48.366314+02:00 suricata pcap ¿®ã2021-05-05T23:06:48.366319+02:00 suricata pcap 2021-05-05T23:06:48.366324+02:00 suricata pcap ¿®ã2021-05-05T23:06:48.366331+02:00 suricata pcap ªØÿ2021-05-05T23:06:48.366338+02:00 suricata pcap ªØÿ2021-05-05T23:06:48.366343+02:00 suricata pcap Z2021-05-05T23:06:48.366349+02:00 suricata pcap ªØÿ2021-05-05T23:06:48.366354+02:00 suricata pcap Z2021-05-05T23:06:48.366362+02:00 suricata pcap ªØÿ2021-05-05T23:06:48.366366+02:00 suricata pcap ¿®é»X‘2021-05-05T23:06:48.366373+02:00 suricata pcap 2021-05-05T23:06:48.366379+02:00 suricata pcap ¿®é»X‘2021-05-05T23:06:48.366385+02:00 suricata pcap 2021-05-05T23:06:48.366393+02:00 suricata pcap 2021-05-05T23:06:48.366404+02:00 suricata pcap 2021-05-05T23:06:48.366410+02:00 suricata pcap 2021-05-05T23:06:48.366416+02:00 suricata pcap ¿®ã2021-05-05T23:06:48.366421+02:00 suricata pcap 2021-05-05T23:06:48.366427+02:00 suricata pcap ¿®ã2021-05-05T23:06:48.366432+02:00 suricata pcap 2021-05-05T23:06:48.366438+02:00 suricata pcap ¿®ã2021-05-05T23:06:48.366443+02:00 suricata pcap ¿®é»X‘2021-05-05T23:06:48.366450+02:00 suricata pcap 2021-05-05T23:06:48.366456+02:00 suricata pcap ¿®é»X‘2021-05-05T23:06:48.366464+02:00 suricata pcap 2021-05-05T23:06:48.366470+02:00 suricata pcap 2021-05-05T23:06:48.366477+02:00 suricata pcap 2021-05-05T23:06:48.366483+02:00 suricata pcap 2021-05-05T23:06:48.366489+02:00 suricata pcap ¿®ã2021-05-05T23:06:48.366496+02:00 suricata pcap ªØÿ2021-05-05T23:06:54.648413+02:00 suricata pcap ªØÿ2021-05-05T23:06:54.648454+02:00 suricata pcap Z2021-05-05T23:06:54.648468+02:00 suricata pcap ªØÿ2021-05-05T23:06:54.648478+02:00 suricata pcap Z2021-05-05T23:06:54.648528+02:00 suricata pcap ªØÿ2021-05-05T23:06:54.648540+02:00 suricata pcap 2021-05-05T23:06:54.648545+02:00 suricata pcap ¿®ã2021-05-05T23:06:54.648553+02:00 suricata pcap 2021-05-05T23:06:54.648589+02:00 suricata pcap 2021-05-05T23:06:54.648594+02:00 suricata pcap 2021-05-05T23:06:54.648601+02:00 suricata pcap ¿®ã2021-05-05T23:06:54.648605+02:00 suricata pcap ¿®é»X≥2021-05-05T23:06:54.648610+02:00 suricata pcap 2021-05-05T23:06:54.648614+02:00 suricata pcap ¿®é»X≥2021-05-05T23:06:54.648620+02:00 suricata pcap 2021-05-05T23:06:54.648627+02:00 suricata pcap 2021-05-05T23:06:54.648636+02:00 suricata pcap 2021-05-05T23:06:54.648642+02:00 suricata pcap 2021-05-05T23:06:54.648647+02:00 suricata pcap ¿®ã2021-05-05T23:06:54.648652+02:00 suricata pcap 2021-05-05T23:06:54.648658+02:00 suricata pcap 2021-05-05T23:06:54.648668+02:00 suricata pcap 2021-05-05T23:06:54.648680+02:00 suricata pcap 2021-05-05T23:06:54.648691+02:00 suricata pcap Îì`≈b2021-05-05T23:06:54.648699+02:00 suricata pcap Îì`ﬁh2021-05-05T23:06:54.648708+02:00 suricata pcap Îì`ïi2021-05-05T23:06:54.648713+02:00 suricata pcap Ïì`™2021-05-05T23:06:54.648718+02:00 suricata pcap 2021-05-05T23:06:54.648724+02:00 suricata pcap ¿®ã2021-05-05T23:06:54.648729+02:00 suricata pcap 2021-05-05T23:06:54.648734+02:00 suricata pcap ¿®ã2021-05-05T23:06:54.648739+02:00 suricata pcap ¿®é»X≥2021-05-05T23:06:54.648745+02:00 suricata pcap 2021-05-05T23:06:54.648749+02:00 suricata pcap ¿®é»X≥2021-05-05T23:06:54.648754+02:00 suricata pcap 2021-05-05T23:06:54.648762+02:00 suricata pcap 2021-05-05T23:06:54.648770+02:00 suricata pcap 2021-05-05T23:06:54.648776+02:00 suricata pcap HOST: 239.255.255.250:1900
2021-05-05T23:06:54.648781+02:00 suricata pcap MAN: "ssdp:discover"
2021-05-05T23:06:54.648786+02:00 suricata pcap MX: 1
2021-05-05T23:06:54.648792+02:00 suricata pcap ST: urn:dial-multiscreen-org:service:dial:1
2021-05-05T23:06:54.648797+02:00 suricata pcap USER-AGENT: Chromium/80.0.3987.149 Linux
2021-05-05T23:06:54.648801+02:00 suricata pcap 
2021-05-05T23:06:54.648806+02:00 suricata pcap Óì`ˆÉ	2021-05-05T23:06:54.648811+02:00 suricata pcap 2021-05-05T23:06:54.648817+02:00 suricata pcap ¿®ã2021-05-05T23:06:54.648821+02:00 suricata pcap HOST: 239.255.255.250:1900
2021-05-05T23:06:54.648825+02:00 suricata pcap MAN: "ssdp:discover"
2021-05-05T23:06:54.648828+02:00 suricata pcap MX: 1
2021-05-05T23:07:05.660833+02:00 suricata pcap ST: urn:dial-multiscreen-org:service:dial:1
2021-05-05T23:07:05.660854+02:00 suricata pcap USER-AGENT: Chromium/80.0.3987.149 Linux
2021-05-05T23:07:05.660858+02:00 suricata pcap 
2021-05-05T23:07:05.660864+02:00 suricata pcap Ôì`áÍ	2021-05-05T23:07:05.660869+02:00 suricata pcap HOST: 239.255.255.250:1900
2021-05-05T23:07:05.660875+02:00 suricata pcap MAN: "ssdp:discover"
2021-05-05T23:07:05.660878+02:00 suricata pcap MX: 1
2021-05-05T23:07:05.660884+02:00 suricata pcap ST: urn:dial-multiscreen-org:service:dial:1
2021-05-05T23:07:05.660888+02:00 suricata pcap USER-AGENT: Chromium/80.0.3987.149 Linux
2021-05-05T23:07:05.660891+02:00 suricata pcap 
2021-05-05T23:07:05.660898+02:00 suricata pcap Ôì`õ	2021-05-05T23:07:05.660903+02:00 suricata pcap 2021-05-05T23:07:05.660908+02:00 suricata pcap ¿®ã2021-05-05T23:07:05.660914+02:00 suricata pcap ¿®é»X‘2021-05-05T23:07:05.660921+02:00 suricata pcap 2021-05-05T23:07:05.660926+02:00 suricata pcap ¿®é»X‘2021-05-05T23:07:05.660933+02:00 suricata pcap 2021-05-05T23:07:05.660941+02:00 suricata pcap 2021-05-05T23:07:05.660953+02:00 suricata pcap 2021-05-05T23:07:05.660958+02:00 suricata pcap HOST: 239.255.255.250:1900
2021-05-05T23:07:05.660963+02:00 suricata pcap MAN: "ssdp:discover"
2021-05-05T23:07:05.660968+02:00 suricata pcap MX: 1
2021-05-05T23:07:05.660972+02:00 suricata pcap ST: urn:dial-multiscreen-org:service:dial:1
2021-05-05T23:07:05.660977+02:00 suricata pcap USER-AGENT: Chromium/80.0.3987.149 Linux
2021-05-05T23:07:05.660980+02:00 suricata pcap 
2021-05-05T23:07:05.660984+02:00 suricata pcap ì`s$
2021-05-05T23:07:05.660989+02:00 suricata pcap 2021-05-05T23:07:05.660993+02:00 suricata pcap 2021-05-05T23:07:05.660998+02:00 suricata pcap 2021-05-05T23:07:05.661003+02:00 suricata pcap ¿®ã2021-05-05T23:07:05.661008+02:00 suricata pcap 2021-05-05T23:07:05.661012+02:00 suricata pcap 2021-05-05T23:07:05.661017+02:00 suricata pcap 2021-05-05T23:07:05.661023+02:00 suricata pcap ¿®ã2021-05-05T23:07:05.661028+02:00 suricata pcap 2021-05-05T23:07:05.661035+02:00 suricata pcap ¿®ã2021-05-05T23:07:05.661041+02:00 suricata pcap ¿®é»X‘2021-05-05T23:07:05.661049+02:00 suricata pcap 2021-05-05T23:07:05.661055+02:00 suricata pcap ¿®é»X‘2021-05-05T23:07:05.661062+02:00 suricata pcap 2021-05-05T23:07:05.661068+02:00 suricata pcap 2021-05-05T23:07:05.661075+02:00 suricata pcap 2021-05-05T23:07:05.661080+02:00 suricata pcap 2021-05-05T23:07:05.661086+02:00 suricata pcap ¿®ã2021-05-05T23:07:05.661091+02:00 suricata pcap 2021-05-05T23:07:05.661097+02:00 suricata pcap ¿®ã2021-05-05T23:07:05.661102+02:00 suricata pcap 2021-05-05T23:07:05.661107+02:00 suricata pcap ¿®ã2021-05-05T23:07:05.661112+02:00 suricata pcap ¿®é»X≥2021-05-05T23:07:05.661117+02:00 suricata pcap 2021-05-05T23:07:05.661121+02:00 suricata pcap ¿®é»X≥2021-05-05T23:07:05.661127+02:00 suricata pcap 2021-05-05T23:07:05.661132+02:00 suricata pcap 2021-05-05T23:07:05.661139+02:00 suricata pcap 2021-05-05T23:07:05.661143+02:00 suricata pcap ¿®ã2021-05-05T23:07:05.661149+02:00 suricata pcap 2021-05-05T23:07:05.661153+02:00 suricata pcap 2021-05-05T23:07:05.661205+02:00 suricata pcap ¿®ã2021-05-05T23:07:05.661215+02:00 suricata pcap 2021-05-05T23:07:05.661222+02:00 suricata pcap 2021-05-05T23:07:05.661230+02:00 suricata pcap ¿®ã2021-05-05T23:07:05.661239+02:00 suricata pcap 2021-05-05T23:07:05.661249+02:00 suricata pcap 2021-05-05T23:07:05.661258+02:00 suricata pcap 2021-05-05T23:07:05.661262+02:00 suricata pcap 2021-05-05T23:07:05.661269+02:00 suricata pcap »πŸ´
2021-05-05T23:07:05.661274+02:00 suricata pcap ¿®é»X≥2021-05-05T23:07:05.661280+02:00 suricata pcap 2021-05-05T23:07:05.661286+02:00 suricata pcap 2021-05-05T23:07:05.661291+02:00 suricata pcap «πŸ´
2021-05-05T23:07:05.661299+02:00 suricata pcap ¿®é»X≥2021-05-05T23:07:05.661311+02:00 suricata pcap 2021-05-05T23:07:13.392040+02:00 suricata pcap 2021-05-05T23:07:13.392063+02:00 suricata pcap 2021-05-05T23:07:13.392070+02:00 suricata pcap 2021-05-05T23:07:13.392076+02:00 suricata pcap ¿®ã2021-05-05T23:07:13.392082+02:00 suricata pcap 2021-05-05T23:07:13.392090+02:00 suricata pcap 2021-05-05T23:07:13.392096+02:00 suricata pcap ¿®ã2021-05-05T23:07:13.392100+02:00 suricata pcap 2021-05-05T23:07:13.392106+02:00 suricata pcap ¿®ã2021-05-05T23:07:13.392110+02:00 suricata pcap 2021-05-05T23:07:13.392116+02:00 suricata pcap ¿®é»X‘2021-05-05T23:07:13.392121+02:00 suricata pcap 2021-05-05T23:07:13.392125+02:00 suricata pcap 2021-05-05T23:07:13.392131+02:00 suricata pcap ¿®é»X‘2021-05-05T23:07:13.392137+02:00 suricata pcap 2021-05-05T23:07:13.392141+02:00 suricata pcap 2021-05-05T23:07:13.392146+02:00 suricata pcap 2021-05-05T23:07:13.392151+02:00 suricata pcap 2021-05-05T23:07:13.392158+02:00 suricata pcap 2021-05-05T23:07:13.392164+02:00 suricata pcap 2021-05-05T23:07:13.392169+02:00 suricata pcap 2021-05-05T23:07:13.392181+02:00 suricata pcap 2021-05-05T23:07:13.392194+02:00 suricata pcap 2021-05-05T23:07:13.392203+02:00 suricata pcap ¸ì`uá2021-05-05T23:07:13.392212+02:00 suricata pcap ¸ì`Mà2021-05-05T23:07:13.392221+02:00 suricata pcap ¸ì`©à2021-05-05T23:07:13.392226+02:00 suricata pcap ˝ì`á{2021-05-05T23:07:13.392232+02:00 suricata pcap 2021-05-05T23:07:13.392237+02:00 suricata pcap ¿®ã2021-05-05T23:07:13.392243+02:00 suricata pcap 2021-05-05T23:07:13.392249+02:00 suricata pcap 2021-05-05T23:07:13.392254+02:00 suricata pcap ¿®ã2021-05-05T23:07:13.392260+02:00 suricata pcap 2021-05-05T23:07:13.392266+02:00 suricata pcap ¿®ã2021-05-05T23:07:13.392272+02:00 suricata pcap 2021-05-05T23:07:13.392277+02:00 suricata pcap ¿®é»X‘2021-05-05T23:07:13.392283+02:00 suricata pcap 2021-05-05T23:07:13.392290+02:00 suricata pcap 2021-05-05T23:07:13.392297+02:00 suricata pcap ¿®é»X‘2021-05-05T23:07:13.392304+02:00 suricata pcap 2021-05-05T23:07:13.392310+02:00 suricata pcap 2021-05-05T23:07:13.392315+02:00 suricata pcap ß2021-05-05T23:07:13.392321+02:00 suricata pcap ¿®ã2021-05-05T23:07:13.392326+02:00 suricata pcap 2021-05-05T23:07:13.392332+02:00 suricata pcap ¿®ã2021-05-05T23:07:13.392338+02:00 suricata pcap ∆)2021-05-05T23:07:13.392351+02:00 suricata pcap message repeated 2 times: [∆)]
2021-05-05T23:07:21.918798+02:00 suricata pcap ∆)2021-05-05T23:07:21.918843+02:00 suricata pcap 2021-05-05T23:07:21.918853+02:00 suricata pcap 2021-05-05T23:07:21.918865+02:00 suricata pcap 2021-05-05T23:07:21.918872+02:00 suricata pcap 2021-05-05T23:07:21.918877+02:00 suricata pcap 2021-05-05T23:07:21.918887+02:00 suricata pcap ¿®å¿®åç_Å2021-05-05T23:07:21.918896+02:00 suricata pcap 	ì``;2021-05-05T23:07:21.918902+02:00 suricata pcap 	ì`Yl2021-05-05T23:07:21.918907+02:00 suricata pcap 2021-05-05T23:07:21.918917+02:00 suricata pcap ¿®ã2021-05-05T23:07:21.918927+02:00 suricata pcap 	ì`^å2021-05-05T23:07:21.918933+02:00 suricata pcap 	ì`õ◊2021-05-05T23:07:21.918938+02:00 suricata pcap 2021-05-05T23:07:21.918944+02:00 suricata pcap ¿®ã2021-05-05T23:07:21.918950+02:00 suricata pcap 2021-05-05T23:07:21.918956+02:00 suricata pcap ¿®ã2021-05-05T23:07:21.918962+02:00 suricata pcap 2021-05-05T23:07:21.918967+02:00 suricata pcap ¿®ã2021-05-05T23:07:21.918972+02:00 suricata pcap 2021-05-05T23:07:21.918977+02:00 suricata pcap 2021-05-05T23:07:21.918982+02:00 suricata pcap ¿®ã2021-05-05T23:07:21.918987+02:00 suricata pcap 2021-05-05T23:07:21.918994+02:00 suricata pcap ¿®ã2021-05-05T23:07:21.918999+02:00 suricata pcap 2021-05-05T23:07:21.919004+02:00 suricata pcap ¿®ã2021-05-05T23:07:21.919010+02:00 suricata pcap 2021-05-05T23:07:21.919014+02:00 suricata pcap ¿®ã2021-05-05T23:07:21.919021+02:00 suricata pcap 2021-05-05T23:07:21.919026+02:00 suricata pcap 2021-05-05T23:07:21.919035+02:00 suricata pcap 2021-05-05T23:07:21.919048+02:00 suricata pcap 2021-05-05T23:07:21.919058+02:00 suricata pcap 		ì`€2021-05-05T23:07:21.919068+02:00 suricata pcap 		ì`2021-05-05T23:07:28.712589+02:00 suricata pcap 		ì`P2021-05-05T23:07:28.712631+02:00 suricata pcap 	ì`pk2021-05-05T23:07:28.712641+02:00 suricata pcap 2021-05-05T23:07:28.712652+02:00 suricata pcap 	ì`øl2021-05-05T23:07:28.712665+02:00 suricata pcap ¿®ã2021-05-05T23:07:28.712674+02:00 suricata pcap 2021-05-05T23:07:28.712682+02:00 suricata pcap ¿®ã2021-05-05T23:07:28.712695+02:00 suricata pcap 2021-05-05T23:07:28.712708+02:00 suricata pcap ¿®ã2021-05-05T23:07:28.712719+02:00 suricata pcap ∆)2021-05-05T23:07:28.712739+02:00 suricata pcap message repeated 2 times: [∆)]
2021-05-05T23:07:28.712747+02:00 suricata pcap ∆)2021-05-05T23:07:28.712764+02:00 suricata pcap 2021-05-05T23:07:28.712773+02:00 suricata pcap 2021-05-05T23:07:28.712782+02:00 suricata pcap 2021-05-05T23:07:28.712790+02:00 suricata pcap 2021-05-05T23:07:28.712798+02:00 suricata pcap 2021-05-05T23:07:28.712807+02:00 suricata pcap ¿®ã2021-05-05T23:07:28.712817+02:00 suricata pcap 	ì`∆A2021-05-05T23:07:28.712821+02:00 suricata pcap 	ì`WÛ	2021-05-05T23:07:28.712827+02:00 suricata pcap 2021-05-05T23:07:28.712832+02:00 suricata pcap ¿®ã2021-05-05T23:07:28.712836+02:00 suricata pcap 
2021-05-05T23:07:28.712842+02:00 suricata pcap 2021-05-05T23:07:28.712846+02:00 suricata pcap 2021-05-05T23:07:28.712850+02:00 suricata pcap 2021-05-05T23:07:28.712855+02:00 suricata pcap ¿®ã2021-05-05T23:07:28.712861+02:00 suricata pcap ∆)2021-05-05T23:07:28.712874+02:00 suricata pcap message repeated 2 times: [∆)]
2021-05-05T23:07:28.712881+02:00 suricata pcap ∆)2021-05-05T23:07:28.712893+02:00 suricata pcap 2021-05-05T23:07:28.712900+02:00 suricata pcap 2021-05-05T23:07:28.712909+02:00 suricata pcap 2021-05-05T23:07:28.712916+02:00 suricata pcap 2021-05-05T23:07:28.712923+02:00 suricata pcap 2021-05-05T23:07:28.712930+02:00 suricata pcap 2021-05-05T23:07:28.712940+02:00 suricata pcap 2021-05-05T23:07:28.712948+02:00 suricata pcap 2021-05-05T23:07:28.712953+02:00 suricata pcap 2021-05-05T23:07:28.712959+02:00 suricata pcap 2021-05-05T23:07:28.712964+02:00 suricata pcap 2021-05-05T23:07:33.852573+02:00 suricata pcap ¿®ã2021-05-05T23:07:33.852611+02:00 suricata pcap 	ì`o>2021-05-05T23:07:33.852623+02:00 suricata pcap 	ì`Ÿ2021-05-05T23:07:33.852631+02:00 suricata pcap 	ì`Y2021-05-05T23:07:33.852640+02:00 suricata pcap 	ì`2021-05-05T23:07:33.852651+02:00 suricata pcap 	ì`'2021-05-05T23:07:33.852655+02:00 suricata pcap 	ì`åy2021-05-05T23:07:33.852661+02:00 suricata pcap 2021-05-05T23:07:33.852668+02:00 suricata pcap ¿®ã2021-05-05T23:07:33.852674+02:00 suricata pcap 2021-05-05T23:07:33.852681+02:00 suricata pcap 2021-05-05T23:07:33.852685+02:00 suricata pcap 2021-05-05T23:07:33.852691+02:00 suricata pcap ¿®ã2021-05-05T23:07:33.852696+02:00 suricata pcap 2021-05-05T23:07:33.852700+02:00 suricata pcap t2021-05-05T23:07:33.852704+02:00 suricata pcap ¿®ã2021-05-05T23:07:33.852712+02:00 suricata pcap ƒ2021-05-05T23:07:33.852721+02:00 suricata pcap `v√4tty72021-05-05T23:07:33.852732+02:00 suricata pcap 	ì`-}2021-05-05T23:07:33.852740+02:00 suricata pcap 	ì`ì<2021-05-05T23:07:33.852749+02:00 suricata pcap 	ì`‰>2021-05-05T23:07:33.852755+02:00 suricata pcap 	ì`Td2021-05-05T23:07:33.852760+02:00 suricata pcap 2021-05-05T23:07:33.852769+02:00 suricata pcap ¿®ã2021-05-05T23:07:33.852779+02:00 suricata pcap 	ì`“2021-05-05T23:07:33.852787+02:00 suricata pcap 	ì`è±2021-05-05T23:07:33.852797+02:00 suricata pcap 	ì`+≤2021-05-05T23:07:33.852803+02:00 suricata pcap 	ì`r2021-05-05T23:07:46.278678+02:00 suricata pcap 2021-05-05T23:07:46.278714+02:00 suricata pcap ¿®ã2021-05-05T23:07:46.278722+02:00 suricata pcap 2021-05-05T23:07:46.278728+02:00 suricata pcap ¿®ã2021-05-05T23:07:46.278737+02:00 suricata pcap 2021-05-05T23:07:46.278752+02:00 suricata pcap ¿®ã2021-05-05T23:07:46.278761+02:00 suricata pcap 	ì`åo2021-05-05T23:07:46.278769+02:00 suricata pcap 	ì`Äå2021-05-05T23:07:46.278774+02:00 suricata pcap 2021-05-05T23:07:46.278780+02:00 suricata pcap ¿®ã2021-05-05T23:07:46.278789+02:00 suricata pcap 2021-05-05T23:07:46.278793+02:00 suricata pcap ¿®ã2021-05-05T23:07:46.278800+02:00 suricata pcap 2021-05-05T23:07:46.278811+02:00 suricata pcap ¿®åˇ2021-05-05T23:07:46.278817+02:00 suricata pcap 	ì`≠à2021-05-05T23:07:46.278823+02:00 suricata pcap ¿®ã2021-05-05T23:07:46.278830+02:00 suricata pcap 2021-05-05T23:07:46.278836+02:00 suricata pcap ∆)2021-05-05T23:07:46.278854+02:00 suricata pcap message repeated 2 times: [∆)]
2021-05-05T23:07:46.278864+02:00 suricata pcap ∆)2021-05-05T23:07:46.278884+02:00 suricata pcap 2021-05-05T23:07:46.278894+02:00 suricata pcap 2021-05-05T23:07:46.278904+02:00 suricata pcap 2021-05-05T23:07:46.278914+02:00 suricata pcap 2021-05-05T23:07:46.278924+02:00 suricata pcap 	ì`?2021-05-05T23:07:46.278930+02:00 suricata pcap 	ì`ΩÀ2021-05-05T23:07:46.278936+02:00 suricata pcap 2021-05-05T23:07:46.278942+02:00 suricata pcap ¿®ã2021-05-05T23:07:46.278947+02:00 suricata pcap 2021-05-05T23:07:46.278954+02:00 suricata pcap ¿®ã2021-05-05T23:07:46.278960+02:00 suricata pcap 2021-05-05T23:07:46.278965+02:00 suricata pcap ¿®ã2021-05-05T23:07:46.278972+02:00 suricata pcap 2021-05-05T23:07:46.278979+02:00 suricata pcap ¿®ã2021-05-05T23:07:46.278985+02:00 suricata pcap 2021-05-05T23:07:46.278991+02:00 suricata pcap ¿®ã2021-05-05T23:07:46.278997+02:00 suricata pcap 2021-05-05T23:07:46.279005+02:00 suricata pcap ¿®ã2021-05-05T23:07:59.998766+02:00 suricata pcap 2021-05-05T23:07:59.998802+02:00 suricata pcap ¿®ã2021-05-05T23:07:59.998810+02:00 suricata pcap 2021-05-05T23:07:59.998820+02:00 suricata pcap ¿®ã2021-05-05T23:07:59.998827+02:00 suricata pcap 2021-05-05T23:07:59.998839+02:00 suricata pcap ¿®ã2021-05-05T23:07:59.998844+02:00 suricata pcap %	ì`∆2021-05-05T23:07:59.998850+02:00 suricata pcap 2021-05-05T23:07:59.998857+02:00 suricata pcap ¿®ã2021-05-05T23:07:59.998862+02:00 suricata pcap 2021-05-05T23:07:59.998869+02:00 suricata pcap ¿®ã2021-05-05T23:07:59.998874+02:00 suricata pcap 2021-05-05T23:07:59.998879+02:00 suricata pcap ¿®ã2021-05-05T23:07:59.998885+02:00 suricata pcap 2021-05-05T23:07:59.998890+02:00 suricata pcap ¿®ã2021-05-05T23:07:59.998896+02:00 suricata pcap 2021-05-05T23:07:59.998901+02:00 suricata pcap ¿®ã2021-05-05T23:07:59.998907+02:00 suricata pcap 2021-05-05T23:07:59.998913+02:00 suricata pcap ¿®ã2021-05-05T23:07:59.998919+02:00 suricata pcap 2021-05-05T23:07:59.998924+02:00 suricata pcap ¿®ã2021-05-05T23:07:59.998928+02:00 suricata pcap 2021-05-05T23:07:59.998934+02:00 suricata pcap ¿®ã2021-05-05T23:07:59.998940+02:00 suricata pcap 2021-05-05T23:07:59.998945+02:00 suricata pcap ¿®ã2021-05-05T23:07:59.998949+02:00 suricata pcap 2021-05-05T23:07:59.998954+02:00 suricata pcap 2021-05-05T23:07:59.998959+02:00 suricata pcap 2021-05-05T23:07:59.998963+02:00 suricata pcap ¿®ã2021-05-05T23:07:59.998969+02:00 suricata pcap 2021-05-05T23:07:59.998975+02:00 suricata pcap 2021-05-05T23:07:59.998985+02:00 suricata pcap 2021-05-05T23:07:59.998997+02:00 suricata pcap 2021-05-05T23:07:59.999008+02:00 suricata pcap .	ì`*2021-05-05T23:07:59.999019+02:00 suricata pcap .	ì`0*2021-05-05T23:07:59.999028+02:00 suricata pcap .	ì`§*2021-05-05T23:07:59.999039+02:00 suricata pcap /	ì`rÃ2021-05-05T23:07:59.999044+02:00 suricata pcap 2021-05-05T23:07:59.999049+02:00 suricata pcap 2021-05-05T23:07:59.999055+02:00 suricata pcap 2021-05-05T23:08:05.825037+02:00 suricata pcap ¿®ã2021-05-05T23:08:05.825067+02:00 suricata pcap /	ì`‘;2021-05-05T23:08:05.825077+02:00 suricata pcap /	ì`=2021-05-05T23:08:05.825086+02:00 suricata pcap /	ì`)=2021-05-05T23:08:05.825091+02:00 suricata pcap 0	ì`u{2021-05-05T23:08:05.825097+02:00 suricata pcap 2021-05-05T23:08:05.825103+02:00 suricata pcap ¿®ã2021-05-05T23:08:05.825110+02:00 suricata pcap 2021-05-05T23:08:05.825115+02:00 suricata pcap ¿®ã2021-05-05T23:08:05.825120+02:00 suricata pcap 2021-05-05T23:08:05.825185+02:00 suricata pcap ¿®ã2021-05-05T23:08:05.825192+02:00 suricata pcap 2021-05-05T23:08:05.825196+02:00 suricata pcap ¿®ã2021-05-05T23:08:05.825202+02:00 suricata pcap 2021-05-05T23:08:05.825217+02:00 suricata pcap ¿®ã2021-05-05T23:08:05.825233+02:00 suricata pcap 5	ì`ë2021-05-05T23:08:05.825248+02:00 suricata pcap 5	ì`¢í2021-05-05T23:08:05.825268+02:00 suricata pcap 5	ì`oì2021-05-05T23:08:05.826969+02:00 suricata pcap <14>May  5 23:05:51 win10 Microsoft-Windows-Security-Auditing[4]: A handle to an object was requested.    Subject:  	Security ID:		S-1-5-18  	Account Name:		WIN10$  	Account Domain:		WORKGROUP  	Logon ID:		0x3E7    Object:  	Object Server:		Security  	Object Type:		Process  	Object Name:		\Device\HarddiskVolume2\Windows\System32\lsass.exe  	Handle ID:		0x79c  	Resource Attributes:	-    Process Information:  	Process ID:		0xd84  	Process Name:		C:\Windows\System32\wbem\WmiPrvSE.exe    Access Request Information:  	Transaction ID:		{00000000-0000-0000-0000-000000000000}  	Accesses:		Read from process memory  				Query process information  				Undefined Access (no effect) Bit 12  				  	Access Reasons:		-  	Access Mask:		0x1410  	Privileges Used for Access Check:	-  	Restricted SID Count:	0
2021-05-05T23:08:05.826996+02:00 suricata pcap 5	ì`;ñ2021-05-05T23:08:05.827018+02:00 suricata pcap <14>May  5 23:05:51 win10 Microsoft-Windows-Security-Auditing[4]: A handle to an object was requested.    Subject:  	Security ID:		S-1-5-18  	Account Name:		WIN10$  	Account Domain:		WORKGROUP  	Logon ID:		0x3E7    Object:  	Object Server:		Security  	Object Type:		Process  	Object Name:		\Device\HarddiskVolume2\Windows\System32\lsass.exe  	Handle ID:		0x79c  	Resource Attributes:	-    Process Information:  	Process ID:		0xd84  	Process Name:		C:\Windows\System32\wbem\WmiPrvSE.exe    Access Request Information:  	Transaction ID:		{00000000-0000-0000-0000-000000000000}  	Accesses:		Read from process memory  				Query process information  				Undefined Access (no effect) Bit 12  				  	Access Reasons:		-  	Access Mask:		0x1410  	Privileges Used for Access Check:	-  	Restricted SID Count:	0
2021-05-05T23:08:05.827033+02:00 suricata pcap 5	ì`§ñ2021-05-05T23:08:05.827055+02:00 suricata pcap <14>May  5 23:05:51 win10 Microsoft-Windows-Security-Auditing[4]: A handle to an object was requested.    Subject:  	Security ID:		S-1-5-18  	Account Name:		WIN10$  	Account Domain:		WORKGROUP  	Logon ID:		0x3E7    Object:  	Object Server:		Security  	Object Type:		Process  	Object Name:		\Device\HarddiskVolume2\Windows\System32\lsass.exe  	Handle ID:		0x79c  	Resource Attributes:	-    Process Information:  	Process ID:		0xd84  	Process Name:		C:\Windows\System32\wbem\WmiPrvSE.exe    Access Request Information:  	Transaction ID:		{00000000-0000-0000-0000-000000000000}  	Accesses:		Read from process memory  				Query process information  				Undefined Access (no effect) Bit 12  				  	Access Reasons:		-  	Access Mask:		0x1410  	Privileges Used for Access Check:	-  	Restricted SID Count:	0
2021-05-05T23:08:05.827078+02:00 suricata pcap 5	ì`,ó2021-05-05T23:08:05.828691+02:00 suricata pcap <14>May  5 23:05:51 win10 Microsoft-Windows-Security-Auditing[4]: The handle to an object was closed.    Subject :  	Security ID:		S-1-5-18  	Account Name:		WIN10$  	Account Domain:		WORKGROUP  	Logon ID:		0x3E7    Object:  	Object Server:		Security  	Handle ID:		0x79c    Process Information:  	Process ID:		0xd84  	Process Name:		C:\Windows\System32\wbem\WmiPrvSE.exe
2021-05-05T23:08:05.828756+02:00 suricata pcap <14>May  5 23:05:51 win10 Microsoft-Windows-Security-Auditing[4]: An attempt was made to duplicate a handle to an object.    Subject:  	Security ID:		S-1-5-18  	Account Name:		WIN10$  	Account Domain:		WORKGROUP  	Logon ID:		0x3E7    Source Handle Information:  	Source Handle ID:	0x598  	Source Process ID:	0xd84    New Handle Information:  	Target Handle ID:	0x1c68  	Target Process ID:	0x4
2021-05-05T23:08:05.828787+02:00 suricata pcap 5	ì`ìù2021-05-05T23:08:05.828799+02:00 suricata pcap <14>May  5 23:05:51 win10 Microsoft-Windows-Security-Auditing[4]: The handle to an object was closed.    Subject :  	Security ID:		S-1-5-18  	Account Name:		WIN10$  	Account Domain:		WORKGROUP  	Logon ID:		0x3E7    Object:  	Object Server:		Security  	Handle ID:		0x79c    Process Information:  	Process ID:		0xd84  	Process Name:		C:\Windows\System32\wbem\WmiPrvSE.exe
2021-05-05T23:08:05.828813+02:00 suricata pcap <14>May  5 23:05:51 win10 Microsoft-Windows-Security-Auditing[4]: An attempt was made to duplicate a handle to an object.    Subject:  	Security ID:		S-1-5-18  	Account Name:		WIN10$  	Account Domain:		WORKGROUP  	Logon ID:		0x3E7    Source Handle Information:  	Source Handle ID:	0x598  	Source Process ID:	0xd84    New Handle Information:  	Target Handle ID:	0x1c68  	Target Process ID:	0x4
2021-05-05T23:08:05.828831+02:00 suricata pcap 5	ì`û2021-05-05T23:08:05.828843+02:00 suricata pcap <14>May  5 23:05:51 win10 Microsoft-Windows-Security-Auditing[4]: The handle to an object was closed.    Subject :  	Security ID:		S-1-5-18  	Account Name:		WIN10$  	Account Domain:		WORKGROUP  	Logon ID:		0x3E7    Object:  	Object Server:		Security  	Handle ID:		0x79c    Process Information:  	Process ID:		0xd84  	Process Name:		C:\Windows\System32\wbem\WmiPrvSE.exe
2021-05-05T23:08:05.828856+02:00 suricata pcap <14>May  5 23:05:51 win10 Microsoft-Windows-Security-Auditing[4]: An attempt was made to duplicate a handle to an object.    Subject:  	Security ID:		S-1-5-18  	Account Name:		WIN10$  	Account Domain:		WORKGROUP  	Logon ID:		0x3E7    Source Handle Information:  	Source Handle ID:	0x598  	Source Process ID:	0xd84    New Handle Information:  	Target Handle ID:	0x1c68  	Target Process ID:	0x4
2021-05-05T23:08:05.829337+02:00 suricata pcap 5	ì`+û2021-05-05T23:08:05.829375+02:00 suricata pcap <14>May  5 23:05:51 win10 Microsoft-Windows-Security-Auditing[4]: A handle to an object was requested.    Subject:  	Security ID:		S-1-5-18  	Account Name:		WIN10$  	Account Domain:		WORKGROUP  	Logon ID:		0x3E7    Object:  	Object Server:		Security  	Object Type:		Process  	Object Name:		\Device\HarddiskVolume2\Windows\System32\lsass.exe  	Handle ID:		0x598  	Resource Attributes:	-    Process Information:  	Process ID:		0xd84  	Process Name:		C:\Windows\System32\wbem\WmiPrvSE.exe    Access Request Information:  	Transaction ID:		{00000000-0000-0000-0000-000000000000}  	Accesses:		Read from process memory  				Query process information  				Undefined Access (no effect) Bit 12  				  	Access Reasons:		-  	Access Mask:		0x1410  	Privileges Used for Access Check:	-  	Restricted SID Count:	0
2021-05-05T23:08:05.829390+02:00 suricata pcap 5	ì`—§2021-05-05T23:08:05.829411+02:00 suricata pcap <14>May  5 23:05:51 win10 Microsoft-Windows-Security-Auditing[4]: A handle to an object was requested.    Subject:  	Security ID:		S-1-5-18  	Account Name:		WIN10$  	Account Domain:		WORKGROUP  	Logon ID:		0x3E7    Object:  	Object Server:		Security  	Object Type:		Process  	Object Name:		\Device\HarddiskVolume2\Windows\System32\lsass.exe  	Handle ID:		0x598  	Resource Attributes:	-    Process Information:  	Process ID:		0xd84  	Process Name:		C:\Windows\System32\wbem\WmiPrvSE.exe    Access Request Information:  	Transaction ID:		{00000000-0000-0000-0000-000000000000}  	Accesses:		Read from process memory  				Query process information  				Undefined Access (no effect) Bit 12  				  	Access Reasons:		-  	Access Mask:		0x1410  	Privileges Used for Access Check:	-  	Restricted SID Count:	0
2021-05-05T23:08:05.829427+02:00 suricata pcap 5	ì`8•2021-05-05T23:08:05.829500+02:00 suricata pcap <14>May  5 23:05:51 win10 Microsoft-Windows-Security-Auditing[4]: A handle to an object was requested.    Subject:  	Security ID:		S-1-5-18  	Account Name:		WIN10$  	Account Domain:		WORKGROUP  	Logon ID:		0x3E7    Object:  	Object Server:		Security  	Object Type:		Process  	Object Name:		\Device\HarddiskVolume2\Windows\System32\lsass.exe  	Handle ID:		0x598  	Resource Attributes:	-    Process Information:  	Process ID:		0xd84  	Process Name:		C:\Windows\System32\wbem\WmiPrvSE.exe    Access Request Information:  	Transaction ID:		{00000000-0000-0000-0000-000000000000}  	Accesses:		Read from process memory  				Query process information  				Undefined Access (no effect) Bit 12  				  	Access Reasons:		-  	Access Mask:		0x1410  	Privileges Used for Access Check:	-  	Restricted SID Count:	0
2021-05-05T23:08:05.830230+02:00 suricata pcap 5	ì`d•2021-05-05T23:08:05.830265+02:00 suricata pcap <14>May  5 23:05:51 win10 Microsoft-Windows-Security-Auditing[4]: The handle to an object was closed.    Subject :  	Security ID:		S-1-5-18  	Account Name:		WIN10$  	Account Domain:		WORKGROUP  	Logon ID:		0x3E7    Object:  	Object Server:		Security  	Handle ID:		0x598    Process Information:  	Process ID:		0xd84  	Process Name:		C:\Windows\System32\wbem\WmiPrvSE.exe
2021-05-05T23:08:05.830296+02:00 suricata pcap 5	ì`£ß2021-05-05T23:08:05.830315+02:00 suricata pcap <14>May  5 23:05:51 win10 Microsoft-Windows-Security-Auditing[4]: The handle to an object was closed.    Subject :  	Security ID:		S-1-5-18  	Account Name:		WIN10$  	Account Domain:		WORKGROUP  	Logon ID:		0x3E7    Object:  	Object Server:		Security  	Handle ID:		0x598    Process Information:  	Process ID:		0xd84  	Process Name:		C:\Windows\System32\wbem\WmiPrvSE.exe
2021-05-05T23:08:05.830348+02:00 suricata pcap 5	ì`®2021-05-05T23:08:05.830364+02:00 suricata pcap <14>May  5 23:05:51 win10 Microsoft-Windows-Security-Auditing[4]: The handle to an object was closed.    Subject :  	Security ID:		S-1-5-18  	Account Name:		WIN10$  	Account Domain:		WORKGROUP  	Logon ID:		0x3E7    Object:  	Object Server:		Security  	Handle ID:		0x598    Process Information:  	Process ID:		0xd84  	Process Name:		C:\Windows\System32\wbem\WmiPrvSE.exe
2021-05-05T23:08:05.830396+02:00 suricata pcap 5	ì`1®2021-05-05T23:08:05.830421+02:00 suricata pcap <14>May  5 23:05:52 win10 Microsoft-Windows-Security-Auditing[4]: The handle to an object was closed.    Subject :  	Security ID:		S-1-5-18  	Account Name:		WIN10$  	Account Domain:		WORKGROUP  	Logon ID:		0x3E7    Object:  	Object Server:		Security  	Handle ID:		0x1c68    Process Information:  	Process ID:		0xd84  	Process Name:		C:\Windows\System32\wbem\WmiPrvSE.exe
2021-05-05T23:08:05.830437+02:00 suricata pcap 5	ì`é™2021-05-05T23:08:05.832030+02:00 suricata pcap <14>May  5 23:05:52 win10 Microsoft-Windows-Security-Auditing[4]: The handle to an object was closed.    Subject :  	Security ID:		S-1-5-18  	Account Name:		WIN10$  	Account Domain:		WORKGROUP  	Logon ID:		0x3E7    Object:  	Object Server:		Security  	Handle ID:		0x1c68    Process Information:  	Process ID:		0xd84  	Process Name:		C:\Windows\System32\wbem\WmiPrvSE.exe
2021-05-05T23:08:05.832067+02:00 suricata pcap 5	ì`Ó™2021-05-05T23:08:05.832080+02:00 suricata pcap <14>May  5 23:05:52 win10 Microsoft-Windows-Security-Auditing[4]: The handle to an object was closed.    Subject :  	Security ID:		S-1-5-18  	Account Name:		WIN10$  	Account Domain:		WORKGROUP  	Logon ID:		0x3E7    Object:  	Object Server:		Security  	Handle ID:		0x1c68    Process Information:  	Process ID:		0xd84  	Process Name:		C:\Windows\System32\wbem\WmiPrvSE.exe
2021-05-05T23:08:05.832134+02:00 suricata pcap 5	ì`%´2021-05-05T23:08:05.832152+02:00 suricata pcap <14>May  5 23:05:52 win10 Microsoft-Windows-Security-Auditing[4]: An attempt was made to access an object.    Subject:  	Security ID:		S-1-5-18  	Account Name:		WIN10$  	Account Domain:		WORKGROUP  	Logon ID:		0x3E7    Object:  	Object Server:		Security  	Object Type:		Process  	Object Name:		\Device\HarddiskVolume2\Windows\System32\lsass.exe  	Handle ID:		0x7a4  	Resource Attributes:	-    Process Information:  	Process ID:		0xd84  	Process Name:		C:\Windows\System32\wbem\WmiPrvSE.exe    Access Request Information:  	Accesses:		Read from process memory  				  	Access Mask:		0x10
2021-05-05T23:08:05.832165+02:00 suricata pcap <14>May  5 23:05:52 win10 Microsoft-Windows-Security-Auditing[4]: The han5	ì`∞2021-05-05T23:08:05.832188+02:00 suricata pcap 5	ì`R∞2021-05-05T23:08:05.832659+02:00 suricata pcap <14>May  5 23:05:52 win10 Microsoft-Windows-Security-Auditing[4]: An attempt was made to access an object.    Subject:  	Security ID:		S-1-5-18  	Account Name:		WIN10$  	Account Domain:		WORKGROUP  	Logon ID:		0x3E7    Object:  	Object Server:		Security  	Object Type:		Process  	Object Name:		\Device\HarddiskVolume2\Windows\System32\lsass.exe  	Handle ID:		0x7a4  	Resource Attributes:	-    Process Information:  	Process ID:		0xd84  	Process Name:		C:\Windows\System32\wbem\WmiPrvSE.exe    Access Request Information:  	Accesses:		Read from process memory  				  	Access Mask:		0x10
2021-05-05T23:08:05.832681+02:00 suricata pcap <14>May  5 23:05:52 win10 Microsoft-Windows-Security-Auditing[4]: The han5	ì`É∞2021-05-05T23:08:05.832724+02:00 suricata pcap 5	ì`(±2021-05-05T23:08:05.832757+02:00 suricata pcap <14>May  5 23:05:52 win10 Microsoft-Windows-Security-Auditing[4]: An attempt was made to access an object.    Subject:  	Security ID:		S-1-5-18  	Account Name:		WIN10$  	Account Domain:		WORKGROUP  	Logon ID:		0x3E7    Object:  	Object Server:		Security  	Object Type:		Process  	Object Name:		\Device\HarddiskVolume2\Windows\System32\lsass.exe  	Handle ID:		0x7a4  	Resource Attributes:	-    Process Information:  	Process ID:		0xd84  	Process Name:		C:\Windows\System32\wbem\WmiPrvSE.exe    Access Request Information:  	Accesses:		Read from process memory  				  	Access Mask:		0x10
2021-05-05T23:08:05.832773+02:00 suricata pcap <14>May  5 23:05:52 win10 Microsoft-Windows-Security-Auditing[4]: The han5	ì`Ã±2021-05-05T23:08:05.832800+02:00 suricata pcap 5	ì`œ±2021-05-05T23:08:05.834126+02:00 suricata pcap 5	ì`¥2021-05-05T23:08:05.834147+02:00 suricata pcap 5	ì`r¥2021-05-05T23:08:05.834240+02:00 suricata pcap 5	ì`f¥2021-05-05T23:08:05.834262+02:00 suricata pcap 5	ì`p¥2021-05-05T23:08:05.834283+02:00 suricata pcap 5	ì`Ω¥2021-05-05T23:08:05.834292+02:00 suricata pcap 5	ì`ƒ∏2021-05-05T23:08:05.834343+02:00 suricata pcap π2021-05-05T23:08:05.834360+02:00 suricata pcap <14>May  5 23:05:52 win10 Microsoft-Windows-Security-Auditing[4]: An attempt was made to access an object.    Subject:  	Security ID:		S-1-5-18  	Account Name:		WIN10$  	Account Domain:		WORKGROUP  	Logon ID:		0x3E7    Object:  	Object Server:		Security  	Object Type:		Process  	Object Name:		\Device\HarddiskVolume2\Windows\System32\lsass.exe  	Handle ID:		0x598  	Resource Attributes:	-    Process Information:  	Process ID:		0xd84  	Process Name:		C:\Windows\System32\wbem\WmiPrvSE.exe    Access Request Information:  	Accesses:		Read from process memory  				  	Access Mask:		0x10
2021-05-05T23:08:05.836523+02:00 suricata pcap <14>May  5 23:05:52 win10 Microsoft-Windows-Security-Auditing[4]: The han5	ì`úπ2021-05-05T23:08:05.836561+02:00 suricata pcap 5	ì`›ø2021-05-05T23:08:05.836573+02:00 suricata pcap <14>May  5 23:05:52 win10 Microsoft-Windows-Security-Auditing[4]: The handle to an object was closed.    Subject :  	Security ID:		S-1-5-18  	Account Name:		WIN10$  	Account Domain:		WORKGROUP  	Logon ID:		0x3E7    Object:  	Object Server:		Security  	Handle ID:		0x36a8    Process Information:  	Process ID:		0xd84  	Process Name:		C:\Windows\System32\wbem\WmiPrvSE.exe
2021-05-05T23:08:05.836597+02:00 suricata pcap <14>May  5 23:05:52 win10 Microsoft-Windows-Security-Auditing[4]: A handle to an object was requested.    Subject:  	Security ID:		S-1-5-18  	Account Name:		WIN10$  	Account Domain:		WORKGROUP  	Logon ID:		0x3E7    Object:  	Object Server:		Security  	Object Type:		Process  	Object Name:		\Device\HarddiskVolume2\Windows\System32\lsass.exe  	Handle ID:		0x79c  	Resource Attributes:	-    Process Information:  	Process ID:		0xd84  	Process Name:		C:\Windows\System32\wbem\WmiPrvSE.exe    Access Request Information:  	Transaction ID:		{00000000-0000-0000-0000-000000000000}  	Accesses:		Read from process memory  				Query process information  				Undefined Access (no effect) Bit 12  				  	A5	ì`‰ø2021-05-05T23:08:05.836640+02:00 suricata pcap 5	ì`Œ¡2021-05-05T23:08:05.836658+02:00 suricata pcap <14>May  5 23:05:52 win10 Microsoft-Windows-Security-Auditing[4]: An attempt was made to access an object.    Subject:  	Security ID:		S-1-5-18  	Account Name:		WIN10$  	Account Domain:		WORKGROUP  	Logon ID:		0x3E7    Object:  	Object Server:		Security  	Object Type:		Process  	Object Name:		\Device\HarddiskVolume2\Windows\System32\lsass.exe  	Handle ID:		0x598  	Resource Attributes:	-    Process Information:  	Process ID:		0xd84  	Process Name:		C:\Windows\System32\wbem\WmiPrvSE.exe    Access Request Information:  	Accesses:		Read from process memory  				  	Access Mask:		0x10
2021-05-05T23:08:05.836672+02:00 suricata pcap <14>May  5 23:05:52 win10 Microsoft-Windows-Security-Auditing[4]: The han5	ì`¿¬2021-05-05T23:08:05.836730+02:00 suricata pcap 5	ì`√2021-05-05T23:08:05.836744+02:00 suricata pcap <14>May  5 23:05:52 win10 Microsoft-Windows-Security-Auditing[4]: The handle to an object was closed.    Subject :  	Security ID:		S-1-5-18  	Account Name:		WIN10$  	Account Domain:		WORKGROUP  	Logon ID:		0x3E7    Object:  	Object Server:		Security  	Handle ID:		0x36a8    Process Information:  	Process ID:		0xd84  	Process Name:		C:\Windows\System32\wbem\WmiPrvSE.exe
2021-05-05T23:08:05.836766+02:00 suricata pcap <14>May  5 23:05:52 win10 Microsoft-Windows-Security-Auditing[4]: A handle to an object was requested.    Subject:  	Security ID:		S-1-5-18  	Account Name:		WIN10$  	Account Domain:		WORKGROUP  	Logon ID:		0x3E7    Object:  	Object Server:		Security  	Object Type:		Process  	Object Name:		\Device\HarddiskVolume2\Windows\System32\lsass.exe  	Handle ID:		0x79c  	Resource Attributes:	-    Process Information:  	Process ID:		0xd84  	Process Name:		C:\Windows\System32\wbem\WmiPrvSE.exe    Access Request Information:  	Transaction ID:		{00000000-0000-0000-0000-000000000000}  	Accesses:		Read from process memory  				Query process information  				Undefined Access (no effect) Bit 12  				  	A5	ì`m√2021-05-05T23:08:05.836789+02:00 suricata pcap 5	ì`?√2021-05-05T23:08:05.836807+02:00 suricata pcap <14>May  5 23:05:52 win10 Microsoft-Windows-Security-Auditing[4]: An attempt was made to access an object.    Subject:  	Security ID:		S-1-5-18  	Account Name:		WIN10$  	Account Domain:		WORKGROUP  	Logon ID:		0x3E7    Object:  	Object Server:		Security  	Object Type:		Process  	Object Name:		\Device\HarddiskVolume2\Windows\System32\lsass.exe  	Handle ID:		0x598  	Resource Attributes:	-    Process Information:  	Process ID:		0xd84  	Process Name:		C:\Windows\System32\wbem\WmiPrvSE.exe    Access Request Information:  	Accesses:		Read from process memory  				  	Access Mask:		0x10
2021-05-05T23:08:05.836824+02:00 suricata pcap <14>May  5 23:05:52 win10 Microsoft-Windows-Security-Auditing[4]: The han5	ì`o√2021-05-05T23:08:05.836839+02:00 suricata pcap 5	ì`Ω√2021-05-05T23:08:05.837864+02:00 suricata pcap <14>May  5 23:05:52 win10 Microsoft-Windows-Security-Auditing[4]: The handle to an object was closed.    Subject :  	Security ID:		S-1-5-18  	Account Name:		WIN10$  	Account Domain:		WORKGROUP  	Logon ID:		0x3E7    Object:  	Object Server:		Security  	Handle ID:		0x36a8    Process Information:  	Process ID:		0xd84  	Process Name:		C:\Windows\System32\wbem\WmiPrvSE.exe
2021-05-05T23:08:05.837900+02:00 suricata pcap <14>May  5 23:05:52 win10 Microsoft-Windows-Security-Auditing[4]: A handle to an object was requested.    Subject:  	Security ID:		S-1-5-18  	Account Name:		WIN10$  	Account Domain:		WORKGROUP  	Logon ID:		0x3E7    Object:  	Object Server:		Security  	Object Type:		Process  	Object Name:		\Device\HarddiskVolume2\Windows\System32\lsass.exe  	Handle ID:		0x79c  	Resource Attributes:	-    Process Information:  	Process ID:		0xd84  	Process Name:		C:\Windows\System32\wbem\WmiPrvSE.exe    Access Request Information:  	Transaction ID:		{00000000-0000-0000-0000-000000000000}  	Accesses:		Read from process memory  				Query process information  				Undefined Access (no effect) Bit 12  				  	A5	ì`ƒ2021-05-05T23:08:05.837939+02:00 suricata pcap 5	ì`[ƒ2021-05-05T23:08:05.837959+02:00 suricata pcap 5	ì`≥«2021-05-05T23:08:05.837977+02:00 suricata pcap 5	ì`»2021-05-05T23:08:06.839117+02:00 suricata pcap 5	ì`<»2021-05-05T23:08:06.839161+02:00 suricata pcap 5	ì`]»2021-05-05T23:08:06.839180+02:00 suricata pcap 5	ì`ì»2021-05-05T23:08:06.839191+02:00 suricata pcap 5	ì`ﬁ»2021-05-05T23:08:06.839197+02:00 suricata pcap ◊¿®ã¿®ã
