2021-05-05T23:38:13.700196+02:00 suricata pcap 2021-05-05T23:38:13.700212+02:00 suricata pcap <14>May  5 23:36:00 win10 Microsoft-Windows-Security-Auditing[4]: An attempt was made to access an object.    Subject:  	Security ID:		S-1-5-18  	Account Name:		WIN10$  	Account Domain:		WORKGROUP  	Logon ID:		0x3E7    Object:  	Object Server:		Security  	Object Type:		Process  	Object Name:		\Device\HarddiskVolume2\Windows\System32\lsass.exe  	Handle ID:		0x73c  	Resource Attributes:	-    Process Information:  	Process ID:		0xd84  	Process Name:		C:\Windows\System32\wbem\WmiPrvSE.exe    Access Request Information:  	Accesses:		Read from process memory  				  	Access Mask:		0x10
2021-05-05T23:38:13.700215+02:00 suricata pcap <14>May  5 23:36:00 win10 Microsoft-Windows-Security-Auditing[4]: The hanEì`˚≠
2021-05-05T23:38:13.700225+02:00 suricata pcap 2021-05-05T23:38:13.700234+02:00 suricata pcap <14>May  5 23:36:00 win10 Microsoft-Windows-Security-Auditing[4]: An attempt was made to access an object.    Subject:  	Security ID:		S-1-5-18  	Account Name:		WIN10$  	Account Domain:		WORKGROUP  	Logon ID:		0x3E7    Object:  	Object Server:		Security  	Object Type:		Process  	Object Name:		\Device\HarddiskVolume2\Windows\System32\lsass.exe  	Handle ID:		0x73c  	Resource Attributes:	-    Process Information:  	Process ID:		0xd84  	Process Name:		C:\Windows\System32\wbem\WmiPrvSE.exe    Access Request Information:  	Accesses:		Read from process memory  				  	Access Mask:		0x10
2021-05-05T23:38:13.700237+02:00 suricata pcap <14>May  5 23:36:00 win10 Microsoft-Windows-Security-Auditing[4]: The hanEì`f≠
2021-05-05T23:38:13.700243+02:00 suricata pcap 2021-05-05T23:38:13.700246+02:00 suricata pcap Eì` Æ
2021-05-05T23:38:13.700251+02:00 suricata pcap 2021-05-05T23:38:13.700253+02:00 suricata pcap Eì`ã≠
2021-05-05T23:38:14.718578+02:00 suricata pcap 2021-05-05T23:38:14.718616+02:00 suricata pcap <14>May  5 23:36:00 win10 Microsoft-Windows-Security-Auditing[4]: An attempt was made to access an object.    Subject:  	Security ID:		S-1-5-18  	Account Name:		WIN10$  	Account Domain:		WORKGROUP  	Logon ID:		0x3E7    Object:  	Object Server:		Security  	Object Type:		Process  	Object Name:		\Device\HarddiskVolume2\Windows\System32\lsass.exe  	Handle ID:		0x73c  	Resource Attributes:	-    Process Information:  	Process ID:		0xd84  	Process Name:		C:\Windows\System32\wbem\WmiPrvSE.exe    Access Request Information:  	Accesses:		Read from process memory  				  	Access Mask:		0x10
2021-05-05T23:38:14.718621+02:00 suricata pcap <14>May  5 23:36:00 win10 Microsoft-Windows-Security-Auditing[4]: The hanEì`HÆ
2021-05-05T23:38:14.718625+02:00 suricata pcap 2021-05-05T23:38:14.718658+02:00 suricata pcap 2021-05-05T23:38:14.718662+02:00 suricata pcap Eì`¶Æ
2021-05-05T23:38:14.718665+02:00 suricata pcap 2021-05-05T23:38:14.718669+02:00 suricata pcap 2021-05-05T23:38:14.718673+02:00 suricata pcap 2021-05-05T23:38:14.718676+02:00 suricata pcap ¿®ã2021-05-05T23:38:14.718686+02:00 suricata pcap 2021-05-05T23:38:14.718689+02:00 suricata pcap Fì`SÚ
2021-05-05T23:38:14.718701+02:00 suricata pcap 2021-05-05T23:38:14.718706+02:00 suricata pcap Fì`NÛ
2021-05-05T23:38:14.718734+02:00 suricata pcap 2021-05-05T23:38:14.718739+02:00 suricata pcap Fì`Ù
2021-05-05T23:38:14.718745+02:00 suricata pcap 2021-05-05T23:38:14.718761+02:00 suricata pcap message repeated 2 times: []
2021-05-05T23:38:14.718773+02:00 suricata pcap 2021-05-05T23:38:14.719307+02:00 suricata pcap <14>May  5 23:36:00 win10 Microsoft-Windows-Security-Auditing[4]: A handle to an object was requested.    Subject:  	Security ID:		S-1-5-18  	Account Name:		WIN10$  	Account Domain:		WORKGROUP  	Logon ID:		0x3E7    Object:  	Object Server:		Security  	Object Type:		Process  	Object Name:		\Device\HarddiskVolume2\Windows\System32\lsass.exe  	Handle ID:		0x660  	Resource Attributes:	-    Process Information:  	Process ID:		0xd84  	Process Name:		C:\Windows\System32\wbem\WmiPrvSE.exe    Access Request Information:  	Transaction ID:		{00000000-0000-0000-0000-000000000000}  	Accesses:		Read from process memory  				Query process information  				Undefined Access (no effect) Bit 12  				  	Access Reasons:		-  	Access Mask:		0x1410  	Privileges Used for Access Check:	-  	Restricted SID Count:	0
2021-05-05T23:38:14.719318+02:00 suricata pcap Fì`1˜
2021-05-05T23:38:14.719328+02:00 suricata pcap 2021-05-05T23:38:14.719343+02:00 suricata pcap <14>May  5 23:36:00 win10 Microsoft-Windows-Security-Auditing[4]: A handle to an object was requested.    Subject:  	Security ID:		S-1-5-18  	Account Name:		WIN10$  	Account Domain:		WORKGROUP  	Logon ID:		0x3E7    Object:  	Object Server:		Security  	Object Type:		Process  	Object Name:		\Device\HarddiskVolume2\Windows\System32\lsass.exe  	Handle ID:		0x660  	Resource Attributes:	-    Process Information:  	Process ID:		0xd84  	Process Name:		C:\Windows\System32\wbem\WmiPrvSE.exe    Access Request Information:  	Transaction ID:		{00000000-0000-0000-0000-000000000000}  	Accesses:		Read from process memory  				Query process information  				Undefined Access (no effect) Bit 12  				  	Access Reasons:		-  	Access Mask:		0x1410  	Privileges Used for Access Check:	-  	Restricted SID Count:	0
2021-05-05T23:38:14.719347+02:00 suricata pcap Fì`“ˆ
2021-05-05T23:38:14.719395+02:00 suricata pcap 2021-05-05T23:38:14.719424+02:00 suricata pcap <14>May  5 23:36:00 win10 Microsoft-Windows-Security-Auditing[4]: A handle to an object was requested.    Subject:  	Security ID:		S-1-5-18  	Account Name:		WIN10$  	Account Domain:		WORKGROUP  	Logon ID:		0x3E7    Object:  	Object Server:		Security  	Object Type:		Process  	Object Name:		\Device\HarddiskVolume2\Windows\System32\lsass.exe  	Handle ID:		0x660  	Resource Attributes:	-    Process Information:  	Process ID:		0xd84  	Process Name:		C:\Windows\System32\wbem\WmiPrvSE.exe    Access Request Information:  	Transaction ID:		{00000000-0000-0000-0000-000000000000}  	Accesses:		Read from process memory  				Query process information  				Undefined Access (no effect) Bit 12  				  	Access Reasons:		-  	Access Mask:		0x1410  	Privileges Used for Access Check:	-  	Restricted SID Count:	0
2021-05-05T23:38:14.719427+02:00 suricata pcap Fì`}˜
2021-05-05T23:38:14.719433+02:00 suricata pcap 2021-05-05T23:38:14.719456+02:00 suricata pcap message repeated 2 times: []
2021-05-05T23:38:14.719492+02:00 suricata pcap 2021-05-05T23:38:14.719529+02:00 suricata pcap Fì`e˘
2021-05-05T23:38:14.720820+02:00 suricata pcap 2021-05-05T23:38:14.720832+02:00 suricata pcap Fì`ª˘
2021-05-05T23:38:14.720845+02:00 suricata pcap 2021-05-05T23:38:14.720848+02:00 suricata pcap Fì`^˙
2021-05-05T23:38:14.720852+02:00 suricata pcap 2021-05-05T23:38:14.720861+02:00 suricata pcap message repeated 2 times: []
2021-05-05T23:38:14.720871+02:00 suricata pcap 2021-05-05T23:38:14.720879+02:00 suricata pcap Fì`‚˚
2021-05-05T23:38:14.720894+02:00 suricata pcap 2021-05-05T23:38:14.720898+02:00 suricata pcap Fì`3¸
2021-05-05T23:38:14.720914+02:00 suricata pcap 2021-05-05T23:38:14.720918+02:00 suricata pcap Fì`â¸
2021-05-05T23:38:14.720925+02:00 suricata pcap 2021-05-05T23:38:14.720941+02:00 suricata pcap message repeated 2 times: []
2021-05-05T23:38:14.720954+02:00 suricata pcap 2021-05-05T23:38:14.720960+02:00 suricata pcap Fì`å˛
2021-05-05T23:38:14.720970+02:00 suricata pcap 2021-05-05T23:38:14.720973+02:00 suricata pcap Fì`#ˇ
2021-05-05T23:38:14.722053+02:00 suricata pcap 2021-05-05T23:38:14.722075+02:00 suricata pcap Fì`0ˇ
2021-05-05T23:38:14.722087+02:00 suricata pcap 2021-05-05T23:38:14.722101+02:00 suricata pcap 2021-05-05T23:38:14.722151+02:00 suricata pcap Fì`2021-05-05T23:38:14.722161+02:00 suricata pcap Fì`n2021-05-05T23:38:14.722198+02:00 suricata pcap Fì`Ω2021-05-05T23:38:14.722221+02:00 suricata pcap Fì`∏2021-05-05T23:38:14.723042+02:00 suricata pcap Fì`2021-05-05T23:38:14.723066+02:00 suricata pcap Fì`S2021-05-05T23:38:14.723075+02:00 suricata pcap <14>May  5 23:36:00 win10 Microsoft-Windows-Security-Auditing[4]: The handle to an object was closed.    Subject :  	Security ID:		S-1-5-18  	Account Name:		WIN10$  	Account Domain:		WORKGROUP  	Logon ID:		0x3E7    Object:  	Object Server:		Security  	Handle ID:		0x660    Process Information:  	Process ID:		0xd84  	Process Name:		C:\Windows\System32\wbem\WmiPrvSE.exe
2021-05-05T23:38:14.723088+02:00 suricata pcap Fì`2021-05-05T23:38:14.723097+02:00 suricata pcap <14>May  5 23:36:00 win10 Microsoft-Windows-Security-Auditing[4]: The handle to an object was closed.    Subject :  	Security ID:		S-1-5-18  	Account Name:		WIN10$  	Account Domain:		WORKGROUP  	Logon ID:		0x3E7    Object:  	Object Server:		Security  	Handle ID:		0x660    Process Information:  	Process ID:		0xd84  	Process Name:		C:\Windows\System32\wbem\WmiPrvSE.exe
2021-05-05T23:38:14.723110+02:00 suricata pcap Fì`l2021-05-05T23:38:14.723118+02:00 suricata pcap <14>May  5 23:36:00 win10 Microsoft-Windows-Security-Auditing[4]: The handle to an object was closed.    Subject :  	Security ID:		S-1-5-18  	Account Name:		WIN10$  	Account Domain:		WORKGROUP  	Logon ID:		0x3E7    Object:  	Object Server:		Security  	Handle ID:		0x660    Process Information:  	Process ID:		0xd84  	Process Name:		C:\Windows\System32\wbem\WmiPrvSE.exe
2021-05-05T23:38:14.724385+02:00 suricata pcap Fì`ß2021-05-05T23:38:14.724408+02:00 suricata pcap Fì`Ä2021-05-05T23:38:14.724419+02:00 suricata pcap Fì`Ÿ2021-05-05T23:38:14.724425+02:00 suricata pcap Fì`%	2021-05-05T23:38:14.724428+02:00 suricata pcap ¿®åç¿®ê#Z¬˝ØWq”êP˝'j2021-05-05T23:38:14.724431+02:00 suricata pcap ¿®åç¿®ê#Z¬˝ØWq”êP˝'j2021-05-05T23:38:14.724434+02:00 suricata pcap 2021-05-05T23:38:14.724437+02:00 suricata pcap ¿®åç¿®ê#Z¬˝ØWq”êP˝'j2021-05-05T23:38:14.724447+02:00 suricata pcap 2021-05-05T23:38:14.724456+02:00 suricata pcap Fì`2021-05-05T23:38:14.724467+02:00 suricata pcap Fì`g2021-05-05T23:38:14.724509+02:00 suricata pcap Fì`û2021-05-05T23:38:14.724964+02:00 suricata pcap <14>May  5 23:36:00 win10 Microsoft-Windows-Security-Auditing[4]: An attempt was made to access an object.    Subject:  	Security ID:		S-1-5-18  	Account Name:		WIN10$  	Account Domain:		WORKGROUP  	Logon ID:		0x3E7    Object:  	Object Server:		Security  	Object Type:		Process  	Object Name:		\Device\HarddiskVolume2\Windows\System32\lsass.exe  	Handle ID:		0x268  	Resource Attributes:	-    Process Information:  	Process ID:		0xd84  	Process Name:		C:\Windows\System32\wbem\WmiPrvSE.exe    Access Request Information:  	Accesses:		Read from process memory  				  	Access Mask:		0x10
2021-05-05T23:38:14.724989+02:00 suricata pcap Fì`2021-05-05T23:38:14.725001+02:00 suricata pcap <14>May  5 23:36:00 win10 Microsoft-Windows-Security-Auditing[4]: An attempt was made to access an object.    Subject:  	Security ID:		S-1-5-18  	Account Name:		WIN10$  	Account Domain:		WORKGROUP  	Logon ID:		0x3E7    Object:  	Object Server:		Security  	Object Type:		Process  	Object Name:		\Device\HarddiskVolume2\Windows\System32\lsass.exe  	Handle ID:		0x268  	Resource Attributes:	-    Process Information:  	Process ID:		0xd84  	Process Name:		C:\Windows\System32\wbem\WmiPrvSE.exe    Access Request Information:  	Accesses:		Read from process memory  				  	Access Mask:		0x10
2021-05-05T23:38:14.725017+02:00 suricata pcap Fì`∏2021-05-05T23:38:14.725029+02:00 suricata pcap <14>May  5 23:36:00 win10 Microsoft-Windows-Security-Auditing[4]: An attempt was made to access an object.    Subject:  	Security ID:		S-1-5-18  	Account Name:		WIN10$  	Account Domain:		WORKGROUP  	Logon ID:		0x3E7    Object:  	Object Server:		Security  	Object Type:		Process  	Object Name:		\Device\HarddiskVolume2\Windows\System32\lsass.exe  	Handle ID:		0x268  	Resource Attributes:	-    Process Information:  	Process ID:		0xd84  	Process Name:		C:\Windows\System32\wbem\WmiPrvSE.exe    Access Request Information:  	Accesses:		Read from process memory  				  	Access Mask:		0x10
2021-05-05T23:38:14.725042+02:00 suricata pcap Fì`92021-05-05T23:38:14.726216+02:00 suricata pcap <14>May  5 23:36:00 win10 Microsoft-Windows-Security-Auditing[4]: An attempt was made to duplicate a handle to an object.    Subject:  	Security ID:		S-1-5-18  	Account Name:		WIN10$  	Account Domain:		WORKGROUP  	Logon ID:		0x3E7    Source Handle Information:  	Source Handle ID:	0x73c  	Source Process ID:	0xd84    New Handle Information:  	Target Handle ID:	0x2c94  	Target Process ID:	0x4
2021-05-05T23:38:14.726238+02:00 suricata pcap Fì`W2021-05-05T23:38:14.726247+02:00 suricata pcap <14>May  5 23:36:00 win10 Microsoft-Windows-Security-Auditing[4]: An attempt was made to duplicate a handle to an object.    Subject:  	Security ID:		S-1-5-18  	Account Name:		WIN10$  	Account Domain:		WORKGROUP  	Logon ID:		0x3E7    Source Handle Information:  	Source Handle ID:	0x73c  	Source Process ID:	0xd84    New Handle Information:  	Target Handle ID:	0x2c94  	Target Process ID:	0x4
2021-05-05T23:38:14.726259+02:00 suricata pcap Fì`2021-05-05T23:38:14.726268+02:00 suricata pcap <14>May  5 23:36:00 win10 Microsoft-Windows-Security-Auditing[4]: An attempt was made to duplicate a handle to an object.    Subject:  	Security ID:		S-1-5-18  	Account Name:		WIN10$  	Account Domain:		WORKGROUP  	Logon ID:		0x3E7    Source Handle Information:  	Source Handle ID:	0x73c  	Source Process ID:	0xd84    New Handle Information:  	Target Handle ID:	0x2c94  	Target Process ID:	0x4
2021-05-05T23:38:14.726281+02:00 suricata pcap Fì`¢2021-05-05T23:38:14.726291+02:00 suricata pcap Fì`g2021-05-05T23:38:14.726301+02:00 suricata pcap Fì`¡2021-05-05T23:38:14.726659+02:00 suricata pcap Fì`2021-05-05T23:38:14.726681+02:00 suricata pcap <14>May  5 23:36:00 win10 Microsoft-Windows-Security-Auditing[4]: An attempt was made to access an object.    Subject:  	Security ID:		S-1-5-18  	Account Name:		WIN10$  	Account Domain:		WORKGROUP  	Logon ID:		0x3E7    Object:  	Object Server:		Security  	Object Type:		Process  	Object Name:		\Device\HarddiskVolume2\Windows\System32\lsass.exe  	Handle ID:		0x73c  	Resource Attributes:	-    Process Information:  	Process ID:		0xd84  	Process Name:		C:\Windows\System32\wbem\WmiPrvSE.exe    Access Request Information:  	Accesses:		Read from process memory  				  	Access Mask:		0x10
2021-05-05T23:38:14.726698+02:00 suricata pcap Fì`?2021-05-05T23:38:14.726720+02:00 suricata pcap <14>May  5 23:36:00 win10 Microsoft-Windows-Security-Auditing[4]: An attempt was made to access an object.    Subject:  	Security ID:		S-1-5-18  	Account Name:		WIN10$  	Account Domain:		WORKGROUP  	Logon ID:		0x3E7    Object:  	Object Server:		Security  	Object Type:		Process  	Object Name:		\Device\HarddiskVolume2\Windows\System32\lsass.exe  	Handle ID:		0x73c  	Resource Attributes:	-    Process Information:  	Process ID:		0xd84  	Process Name:		C:\Windows\System32\wbem\WmiPrvSE.exe    Access Request Information:  	Accesses:		Read from process memory  				  	Access Mask:		0x10
2021-05-05T23:38:14.726761+02:00 suricata pcap Fì`Ê2021-05-05T23:38:14.726773+02:00 suricata pcap <14>May  5 23:36:00 win10 Microsoft-Windows-Security-Auditing[4]: An attempt was made to access an object.    Subject:  	Security ID:		S-1-5-18  	Account Name:		WIN10$  	Account Domain:		WORKGROUP  	Logon ID:		0x3E7    Object:  	Object Server:		Security  	Object Type:		Process  	Object Name:		\Device\HarddiskVolume2\Windows\System32\lsass.exe  	Handle ID:		0x73c  	Resource Attributes:	-    Process Information:  	Process ID:		0xd84  	Process Name:		C:\Windows\System32\wbem\WmiPrvSE.exe    Access Request Information:  	Accesses:		Read from process memory  				  	Access Mask:		0x10
2021-05-05T23:38:14.727769+02:00 suricata pcap Fì`i2021-05-05T23:38:14.727789+02:00 suricata pcap <14>May  5 23:36:00 win10 Microsoft-Windows-Security-Auditing[4]: An attempt was made to duplicate a handle to an object.    Subject:  	Security ID:		S-1-5-18  	Account Name:		WIN10$  	Account Domain:		WORKGROUP  	Logon ID:		0x3E7    Source Handle Information:  	Source Handle ID:	0x268  	Source Process ID:	0xd84    New Handle Information:  	Target Handle ID:	0x3bd0  	Target Process ID:	0x4
2021-05-05T23:38:14.727799+02:00 suricata pcap Fì`L2021-05-05T23:38:14.727809+02:00 suricata pcap <14>May  5 23:36:00 win10 Microsoft-Windows-Security-Auditing[4]: An attempt was made to duplicate a handle to an object.    Subject:  	Security ID:		S-1-5-18  	Account Name:		WIN10$  	Account Domain:		WORKGROUP  	Logon ID:		0x3E7    Source Handle Information:  	Source Handle ID:	0x268  	Source Process ID:	0xd84    New Handle Information:  	Target Handle ID:	0x3bd0  	Target Process ID:	0x4
2021-05-05T23:38:14.727820+02:00 suricata pcap Fì`ü2021-05-05T23:38:14.727829+02:00 suricata pcap <14>May  5 23:36:00 win10 Microsoft-Windows-Security-Auditing[4]: An attempt was made to duplicate a handle to an object.    Subject:  	Security ID:		S-1-5-18  	Account Name:		WIN10$  	Account Domain:		WORKGROUP  	Logon ID:		0x3E7    Source Handle Information:  	Source Handle ID:	0x268  	Source Process ID:	0xd84    New Handle Information:  	Target Handle ID:	0x3bd0  	Target Process ID:	0x4
2021-05-05T23:38:14.727848+02:00 suricata pcap Fì`·2021-05-05T23:38:14.727864+02:00 suricata pcap Fì`œ2021-05-05T23:38:14.728365+02:00 suricata pcap Fì`*2021-05-05T23:38:14.728386+02:00 suricata pcap Fì`i2021-05-05T23:38:14.728394+02:00 suricata pcap <14>May  5 23:36:00 win10 Microsoft-Windows-Security-Auditing[4]: An attempt was made to access an object.    Subject:  	Security ID:		S-1-5-18  	Account Name:		WIN10$  	Account Domain:		WORKGROUP  	Logon ID:		0x3E7    Object:  	Object Server:		Security  	Object Type:		Process  	Object Name:		\Device\HarddiskVolume2\Windows\System32\lsass.exe  	Handle ID:		0x268  	Resource Attributes:	-    Process Information:  	Process ID:		0xd84  	Process Name:		C:\Windows\System32\wbem\WmiPrvSE.exe    Access Request Information:  	Accesses:		Read from process memory  				  	Access Mask:		0x10
2021-05-05T23:38:14.728405+02:00 suricata pcap Fì`X2021-05-05T23:38:14.728413+02:00 suricata pcap <14>May  5 23:36:00 win10 Microsoft-Windows-Security-Auditing[4]: An attempt was made to access an object.    Subject:  	Security ID:		S-1-5-18  	Account Name:		WIN10$  	Account Domain:		WORKGROUP  	Logon ID:		0x3E7    Object:  	Object Server:		Security  	Object Type:		Process  	Object Name:		\Device\HarddiskVolume2\Windows\System32\lsass.exe  	Handle ID:		0x268  	Resource Attributes:	-    Process Information:  	Process ID:		0xd84  	Process Name:		C:\Windows\System32\wbem\WmiPrvSE.exe    Access Request Information:  	Accesses:		Read from process memory  				  	Access Mask:		0x10
2021-05-05T23:38:14.729675+02:00 suricata pcap Fì`≠2021-05-05T23:38:14.729715+02:00 suricata pcap <14>May  5 23:36:00 win10 Microsoft-Windows-Security-Auditing[4]: An attempt was made to access an object.    Subject:  	Security ID:		S-1-5-18  	Account Name:		WIN10$  	Account Domain:		WORKGROUP  	Logon ID:		0x3E7    Object:  	Object Server:		Security  	Object Type:		Process  	Object Name:		\Device\HarddiskVolume2\Windows\System32\lsass.exe  	Handle ID:		0x268  	Resource Attributes:	-    Process Information:  	Process ID:		0xd84  	Process Name:		C:\Windows\System32\wbem\WmiPrvSE.exe    Access Request Information:  	Accesses:		Read from process memory  				  	Access Mask:		0x10
2021-05-05T23:38:14.729748+02:00 suricata pcap Fì`ú2021-05-05T23:38:14.729774+02:00 suricata pcap <14>May  5 23:36:01 win10 Microsoft-Windows-Security-Auditing[4]: An attempt was made to duplicate a handle to an object.    Subject:  	Security ID:		S-1-5-18  	Account Name:		WIN10$  	Account Domain:		WORKGROUP  	Logon ID:		0x3E7    Source Handle Information:  	Source Handle ID:	0x544  	Source Process ID:	0xd84    New Handle Information:  	Target Handle ID:	0x3bd0  	Target Process ID:	0x4
2021-05-05T23:38:14.729797+02:00 suricata pcap <14>May  5 23:36:01 win10 Microsoft-Windows-Security-Auditing[4]: The handle to an object was closed.    Subject :  	Security ID:		S-1-5-18  	Account Name:		WIN10$  	Account Domain:		WORKGROUP  	Logon ID:		0x3E7    Object:  	Object Server:		Security  	Handle ID:		0x3bd0    Process Information:  	Process ID:		0xd84  	Process Name:		C:\Windows\System32\wbem\WmiPrvSE.exe
2021-05-05T23:38:14.729814+02:00 suricata pcap Fì`ß 2021-05-05T23:38:14.729827+02:00 suricata pcap <14>May  5 23:36:01 win10 Microsoft-Windows-Security-Auditing[4]: An attempt was made to duplicate a handle to an object.    Subject:  	Security ID:		S-1-5-18  	Account Name:		WIN10$  	Account Domain:		WORKGROUP  	Logon ID:		0x3E7    Source Handle Information:  	Source Handle ID:	0x544  	Source Process ID:	0xd84    New Handle Information:  	Target Handle ID:	0x3bd0  	Target Process ID:	0x4
2021-05-05T23:38:14.729840+02:00 suricata pcap <14>May  5 23:36:01 win10 Microsoft-Windows-Security-Auditing[4]: The handle to an object was closed.    Subject :  	Security ID:		S-1-5-18  	Account Name:		WIN10$  	Account Domain:		WORKGROUP  	Logon ID:		0x3E7    Object:  	Object Server:		Security  	Handle ID:		0x3bd0    Process Information:  	Process ID:		0xd84  	Process Name:		C:\Windows\System32\wbem\WmiPrvSE.exe
2021-05-05T23:38:14.729857+02:00 suricata pcap Fì`î!2021-05-05T23:38:14.730262+02:00 suricata pcap <14>May  5 23:36:01 win10 Microsoft-Windows-Security-Auditing[4]: An attempt was made to duplicate a handle to an object.    Subject:  	Security ID:		S-1-5-18  	Account Name:		WIN10$  	Account Domain:		WORKGROUP  	Logon ID:		0x3E7    Source Handle Information:  	Source Handle ID:	0x544  	Source Process ID:	0xd84    New Handle Information:  	Target Handle ID:	0x3bd0  	Target Process ID:	0x4
2021-05-05T23:38:14.730317+02:00 suricata pcap <14>May  5 23:36:01 win10 Microsoft-Windows-Security-Auditing[4]: The handle to an object was closed.    Subject :  	Security ID:		S-1-5-18  	Account Name:		WIN10$  	Account Domain:		WORKGROUP  	Logon ID:		0x3E7    Object:  	Object Server:		Security  	Handle ID:		0x3bd0    Process Information:  	Process ID:		0xd84  	Process Name:		C:\Windows\System32\wbem\WmiPrvSE.exe
2021-05-05T23:38:14.730350+02:00 suricata pcap Fì`N!2021-05-05T23:38:14.730368+02:00 suricata pcap <14>May  5 23:36:01 win10 Microsoft-Windows-Security-Auditing[4]: An attempt was made to access an object.    Subject:  	Security ID:		S-1-5-18  	Account Name:		WIN10$  	Account Domain:		WORKGROUP  	Logon ID:		0x3E7    Object:  	Object Server:		Security  	Object Type:		Process  	Object Name:		\Device\HarddiskVolume2\Windows\System32\lsass.exe  	Handle ID:		0x544  	Resource Attributes:	-    Process Information:  	Process ID:		0xd84  	Process Name:		C:\Windows\System32\wbem\WmiPrvSE.exe    Access Request Information:  	Accesses:		Read from process memory  				  	Access Mask:		0x10
2021-05-05T23:38:14.730391+02:00 suricata pcap Fì`∞"2021-05-05T23:38:14.730440+02:00 suricata pcap <14>May  5 23:36:01 win10 Microsoft-Windows-Security-Auditing[4]: An attempt was made to access an object.    Subject:  	Security ID:		S-1-5-18  	Account Name:		WIN10$  	Account Domain:		WORKGROUP  	Logon ID:		0x3E7    Object:  	Object Server:		Security  	Object Type:		Process  	Object Name:		\Device\HarddiskVolume2\Windows\System32\lsass.exe  	Handle ID:		0x544  	Resource Attributes:	-    Process Information:  	Process ID:		0xd84  	Process Name:		C:\Windows\System32\wbem\WmiPrvSE.exe    Access Request Information:  	Accesses:		Read from process memory  				  	Access Mask:		0x10
2021-05-05T23:38:14.731256+02:00 suricata pcap Fì`#2021-05-05T23:38:14.731317+02:00 suricata pcap <14>May  5 23:36:01 win10 Microsoft-Windows-Security-Auditing[4]: An attempt was made to access an object.    Subject:  	Security ID:		S-1-5-18  	Account Name:		WIN10$  	Account Domain:		WORKGROUP  	Logon ID:		0x3E7    Object:  	Object Server:		Security  	Object Type:		Process  	Object Name:		\Device\HarddiskVolume2\Windows\System32\lsass.exe  	Handle ID:		0x544  	Resource Attributes:	-    Process Information:  	Process ID:		0xd84  	Process Name:		C:\Windows\System32\wbem\WmiPrvSE.exe    Access Request Information:  	Accesses:		Read from process memory  				  	Access Mask:		0x10
2021-05-05T23:38:14.731338+02:00 suricata pcap Fì`®$2021-05-05T23:38:14.731351+02:00 suricata pcap <14>May  5 23:36:01 win10 Microsoft-Windows-Security-Auditing[4]: An attempt was made to duplicate a handle to an object.    Subject:  	Security ID:		S-1-5-18  	Account Name:		WIN10$  	Account Domain:		WORKGROUP  	Logon ID:		0x3E7    Source Handle Information:  	Source Handle ID:	0x544  	Source Process ID:	0xd84    New Handle Information:  	Target Handle ID:	0x3bd0  	Target Process ID:	0x4
2021-05-05T23:38:14.731365+02:00 suricata pcap Fì``&2021-05-05T23:38:14.731378+02:00 suricata pcap <14>May  5 23:36:01 win10 Microsoft-Windows-Security-Auditing[4]: An attempt was made to duplicate a handle to an object.    Subject:  	Security ID:		S-1-5-18  	Account Name:		WIN10$  	Account Domain:		WORKGROUP  	Logon ID:		0x3E7    Source Handle Information:  	Source Handle ID:	0x544  	Source Process ID:	0xd84    New Handle Information:  	Target Handle ID:	0x3bd0  	Target Process ID:	0x4
2021-05-05T23:38:14.731392+02:00 suricata pcap Fì`ö&2021-05-05T23:38:14.731406+02:00 suricata pcap <14>May  5 23:36:01 win10 Microsoft-Windows-Security-Auditing[4]: An attempt was made to duplicate a handle to an object.    Subject:  	Security ID:		S-1-5-18  	Account Name:		WIN10$  	Account Domain:		WORKGROUP  	Logon ID:		0x3E7    Source Handle Information:  	Source Handle ID:	0x544  	Source Process ID:	0xd84    New Handle Information:  	Target Handle ID:	0x3bd0  	Target Process ID:	0x4
2021-05-05T23:38:14.732449+02:00 suricata pcap Fì`¿&2021-05-05T23:38:14.732481+02:00 suricata pcap Fì`û(2021-05-05T23:38:14.732498+02:00 suricata pcap Fì`j(2021-05-05T23:38:14.732526+02:00 suricata pcap Fì`…*2021-05-05T23:38:14.732544+02:00 suricata pcap <14>May  5 23:36:01 win10 Microsoft-Windows-Security-Auditing[4]: An attempt was made to access an object.    Subject:  	Security ID:		S-1-5-18  	Account Name:		WIN10$  	Account Domain:		WORKGROUP  	Logon ID:		0x3E7    Object:  	Object Server:		Security  	Object Type:		Process  	Object Name:		\Device\HarddiskVolume2\Windows\System32\lsass.exe  	Handle ID:		0x544  	Resource Attributes:	-    Process Information:  	Process ID:		0xd84  	Process Name:		C:\Windows\System32\wbem\WmiPrvSE.exe    Access Request Information:  	Accesses:		Read from process memory  				  	Access Mask:		0x10
2021-05-05T23:38:14.732558+02:00 suricata pcap <14>May  5 23:36:01 win10 Microsoft-Windows-Security-Auditing[4]: The hanFì`7+2021-05-05T23:38:14.732584+02:00 suricata pcap Fì`\+2021-05-05T23:38:14.732991+02:00 suricata pcap <14>May  5 23:36:01 win10 Microsoft-Windows-Security-Auditing[4]: An attempt was made to access an object.    Subject:  	Security ID:		S-1-5-18  	Account Name:		WIN10$  	Account Domain:		WORKGROUP  	Logon ID:		0x3E7    Object:  	Object Server:		Security  	Object Type:		Process  	Object Name:		\Device\HarddiskVolume2\Windows\System32\lsass.exe  	Handle ID:		0x544  	Resource Attributes:	-    Process Information:  	Process ID:		0xd84  	Process Name:		C:\Windows\System32\wbem\WmiPrvSE.exe    Access Request Information:  	Accesses:		Read from process memory  				  	Access Mask:		0x10
2021-05-05T23:38:14.733017+02:00 suricata pcap <14>May  5 23:36:01 win10 Microsoft-Windows-Security-Auditing[4]: The hanFì`°+2021-05-05T23:38:14.733026+02:00 suricata pcap <14>May  5 23:36:01 win10 Microsoft-Windows-Security-Auditing[4]: An attempt was made to access an object.    Subject:  	Security ID:		S-1-5-18  	Account Name:		WIN10$  	Account Domain:		WORKGROUP  	Logon ID:		0x3E7    Object:  	Object Server:		Security  	Object Type:		Process  	Object Name:		\Device\HarddiskVolume2\Windows\System32\lsass.exe  	Handle ID:		0x544  	Resource Attributes:	-    Process Information:  	Process ID:		0xd84  	Process Name:		C:\Windows\System32\wbem\WmiPrvSE.exe    Access Request Information:  	Accesses:		Read from process memory  				  	Access Mask:		0x10
2021-05-05T23:38:14.733033+02:00 suricata pcap <14>May  5 23:36:01 win10 Microsoft-Windows-Security-Auditing[4]: The hanFì`,2021-05-05T23:38:14.733393+02:00 suricata pcap Fì`,2021-05-05T23:38:14.733406+02:00 suricata pcap Fì`%.2021-05-05T23:38:14.733454+02:00 suricata pcap Fì`C,2021-05-05T23:38:14.733463+02:00 suricata pcap Fì`:02021-05-05T23:38:14.733470+02:00 suricata pcap <14>May  5 23:36:01 win10 Microsoft-Windows-Security-Auditing[4]: The handle to an object was closed.    Subject :  	Security ID:		S-1-5-21-2049402910-1774223977-1796254597-1003  	Account Name:		lade  	Account Domain:		WIN10  	Logon ID:		0x14A4D    Object:  	Object Server:		Security  	Handle ID:		0x28e8    Process Information:  	Process ID:		0x1e28  	Process Name:		C:\Windows\System32\RuntimeBroker.exe
2021-05-05T23:38:14.734175+02:00 suricata pcap Fì`π-2021-05-05T23:38:14.734220+02:00 suricata pcap Fì`P.2021-05-05T23:38:14.734234+02:00 suricata pcap <14>May  5 23:36:01 win10 Microsoft-Windows-Security-Auditing[4]: The handle to an object was closed.    Subject :  	Security ID:		S-1-5-21-2049402910-1774223977-1796254597-1003  	Account Name:		lade  	Account Domain:		WIN10  	Logon ID:		0x14A4D    Object:  	Object Server:		Security  	Handle ID:		0x28e8    Process Information:  	Process ID:		0x1e28  	Process Name:		C:\Windows\System32\RuntimeBroker.exe
2021-05-05T23:38:14.734248+02:00 suricata pcap Fì`Ú/2021-05-05T23:38:14.734262+02:00 suricata pcap <14>May  5 23:36:01 win10 Microsoft-Windows-Security-Auditing[4]: The handle to an object was closed.    Subject :  	Security ID:		S-1-5-21-2049402910-1774223977-1796254597-1003  	Account Name:		lade  	Account Domain:		WIN10  	Logon ID:		0x14A4D    Object:  	Object Server:		Security  	Handle ID:		0x28e8    Process Information:  	Process ID:		0x1e28  	Process Name:		C:\Windows\System32\RuntimeBroker.exe
2021-05-05T23:38:14.734742+02:00 suricata pcap Fì`ª12021-05-05T23:38:14.734786+02:00 suricata pcap Fì`∫32021-05-05T23:38:14.734821+02:00 suricata pcap Fì`Î32021-05-05T23:38:14.735445+02:00 suricata pcap Fì`42021-05-05T23:38:14.735474+02:00 suricata pcap <14>May  5 23:36:01 win10 Microsoft-Windows-Security-Auditing[4]: An attempt was made to access an object.    Subject:  	Security ID:		S-1-5-21-2049402910-1774223977-1796254597-1003  	Account Name:		lade  	Account Domain:		WIN10  	Logon ID:		0x14A4D    Object:  	Object Server:		Security  	Object Type:		File  	Object Name:		C:\Users\lade\Documents\desktop.ini  	Handle ID:		0x224  	Resource Attributes:	S:AI    Process Information:  	Process ID:		0x1e28  	Process Name:		C:\Windows\System32\RuntimeBroker.exe    Access Request Information:  	Accesses:		ReadAttributes  				  	Access Mask:		0x80
2021-05-05T23:38:14.735524+02:00 suricata pcap Fì`·52021-05-05T23:38:14.735543+02:00 suricata pcap <14>May  5 23:36:01 win10 Microsoft-Windows-Security-Auditing[4]: An attempt was made to access an object.    Subject:  	Security ID:		S-1-5-21-2049402910-1774223977-1796254597-1003  	Account Name:		lade  	Account Domain:		WIN10  	Logon ID:		0x14A4D    Object:  	Object Server:		Security  	Object Type:		File  	Object Name:		C:\Users\lade\Documents\desktop.ini  	Handle ID:		0x224  	Resource Attributes:	S:AI    Process Information:  	Process ID:		0x1e28  	Process Name:		C:\Windows\System32\RuntimeBroker.exe    Access Request Information:  	Accesses:		ReadAttributes  				  	Access Mask:		0x80
2021-05-05T23:38:14.735571+02:00 suricata pcap Fì`’52021-05-05T23:38:14.735588+02:00 suricata pcap <14>May  5 23:36:01 win10 Microsoft-Windows-Security-Auditing[4]: An attempt was made to access an object.    Subject:  	Security ID:		S-1-5-21-2049402910-1774223977-1796254597-1003  	Account Name:		lade  	Account Domain:		WIN10  	Logon ID:		0x14A4D    Object:  	Object Server:		Security  	Object Type:		File  	Object Name:		C:\Users\lade\Documents\desktop.ini  	Handle ID:		0x224  	Resource Attributes:	S:AI    Process Information:  	Process ID:		0x1e28  	Process Name:		C:\Windows\System32\RuntimeBroker.exe    Access Request Information:  	Accesses:		ReadAttributes  				  	Access Mask:		0x80
2021-05-05T23:38:14.735598+02:00 suricata pcap Fì`¢62021-05-05T23:38:14.735613+02:00 suricata pcap ¿®ê#¿®åç¬Z””˝ØWqP )2021-05-05T23:38:14.735618+02:00 suricata pcap Fì`X82021-05-05T23:38:15.749053+02:00 suricata pcap ¿®ê#¿®åç¬Z””˝ØWqP )2021-05-05T23:38:15.749086+02:00 suricata pcap Fì`à82021-05-05T23:38:15.749102+02:00 suricata pcap ¿®ê#¿®åç¬Z””˝ØWqP )2021-05-05T23:38:15.749115+02:00 suricata pcap Fì`‹92021-05-05T23:38:15.749122+02:00 suricata pcap 2021-05-05T23:38:15.749125+02:00 suricata pcap ¿®ã
2021-05-05T23:38:15.749142+02:00 suricata pcap ¿®ã2021-05-05T23:38:15.749199+02:00 suricata pcap Gì`ck2021-05-05T23:38:15.749215+02:00 suricata pcap Gì`ml2021-05-05T23:38:15.749265+02:00 suricata pcap Gì`@m2021-05-05T23:38:15.749289+02:00 suricata pcap <14>May  5 23:36:01 win10 Microsoft-Windows-Security-Auditing[4]: A handle to an object was requested.    Subject:  	Security ID:		S-1-5-18  	Account Name:		WIN10$  	Account Domain:		WORKGROUP  	Logon ID:		0x3E7    Object:  	Object Server:		Security  	Object Type:		Process  	Object Name:		\Device\HarddiskVolume2\Windows\System32\lsass.exe  	Handle ID:		0x544  	Resource Attributes:	-    Process Information:  	Process ID:		0xd84  	Process Name:		C:\Windows\System32\wbem\WmiPrvSE.exe    Access Request Information:  	Transaction ID:		{00000000-0000-0000-0000-000000000000}  	Accesses:		Read from process memory  				Query process information  				Undefined Access (no effect) Bit 12  				  	Access Reasons:		-  	Access Mask:		0x1410  	Privileges Used for Access Check:	-  	Restricted SID Count:	0
2021-05-05T23:38:15.750026+02:00 suricata pcap <14>May  5 23:36:01 win10 Microsoft-Windows-Security-Auditing[4]: An attempt was made to access an object.    Subject:  	Security ID:		S-1-5-18  	Account Name:		WIN10$  	Account Domain:		WORKGROUP  	Logon ID:		0x3E7    Object:  	Object Server:		Security  	Object Type:		Process  	Object NGì`±n2021-05-05T23:38:15.750085+02:00 suricata pcap <14>May  5 23:36:01 win10 Microsoft-Windows-Security-Auditing[4]: A handle to an object was requested.    Subject:  	Security ID:		S-1-5-18  	Account Name:		WIN10$  	Account Domain:		WORKGROUP  	Logon ID:		0x3E7    Object:  	Object Server:		Security  	Object Type:		Process  	Object Name:		\Device\HarddiskVolume2\Windows\System32\lsass.exe  	Handle ID:		0x544  	Resource Attributes:	-    Process Information:  	Process ID:		0xd84  	Process Name:		C:\Windows\System32\wbem\WmiPrvSE.exe    Access Request Information:  	Transaction ID:		{00000000-0000-0000-0000-000000000000}  	Accesses:		Read from process memory  				Query process information  				Undefined Access (no effect) Bit 12  				  	Access Reasons:		-  	Access Mask:		0x1410  	Privileges Used for Access Check:	-  	Restricted SID Count:	0
2021-05-05T23:38:15.750105+02:00 suricata pcap <14>May  5 23:36:01 win10 Microsoft-Windows-Security-Auditing[4]: An attempt was made to access an object.    Subject:  	Security ID:		S-1-5-18  	Account Name:		WIN10$  	Account Domain:		WORKGROUP  	Logon ID:		0x3E7    Object:  	Object Server:		Security  	Object Type:		Process  	Object NGì`√m2021-05-05T23:38:15.750125+02:00 suricata pcap Gì`^n2021-05-05T23:38:15.750148+02:00 suricata pcap <14>May  5 23:36:01 win10 Microsoft-Windows-Security-Auditing[4]: A handle to an object was requested.    Subject:  	Security ID:		S-1-5-18  	Account Name:		WIN10$  	Account Domain:		WORKGROUP  	Logon ID:		0x3E7    Object:  	Object Server:		Security  	Object Type:		Process  	Object Name:		\Device\HarddiskVolume2\Windows\System32\lsass.exe  	Handle ID:		0x544  	Resource Attributes:	-    Process Information:  	Process ID:		0xd84  	Process Name:		C:\Windows\System32\wbem\WmiPrvSE.exe    Access Request Information:  	Transaction ID:		{00000000-0000-0000-0000-000000000000}  	Accesses:		Read from process memory  				Query process information  				Undefined Access (no effect) Bit 12  				  	Access Reasons:		-  	Access Mask:		0x1410  	Privileges Used for Access Check:	-  	Restricted SID Count:	0
2021-05-05T23:38:15.750167+02:00 suricata pcap <14>May  5 23:36:01 win10 Microsoft-Windows-Security-Auditing[4]: An attempt was made to access an object.    Subject:  	Security ID:		S-1-5-18  	Account Name:		WIN10$  	Account Domain:		WORKGROUP  	Logon ID:		0x3E7    Object:  	Object Server:		Security  	Object Type:		Process  	Object NGì`bn2021-05-05T23:38:15.750970+02:00 suricata pcap Gì`!q2021-05-05T23:38:15.751002+02:00 suricata pcap Gì`Ïq2021-05-05T23:38:15.751019+02:00 suricata pcap <14>May  5 23:36:01 win10 Microsoft-Windows-Security-Auditing[4]: An attempt was made to duplicate a handle to an object.    Subject:  	Security ID:		S-1-5-18  	Account Name:		WIN10$  	Account Domain:		WORKGROUP  	Logon ID:		0x3E7    Source Handle Information:  	Source Handle ID:	0x754  	Source Process ID:	0xd84    New Handle Information:  	Target Handle ID:	0x3a50  	Target Process ID:	0x4
2021-05-05T23:38:15.751034+02:00 suricata pcap <14>May  5 23:36:01 win10 Microsoft-Windows-Security-Auditing[4]: The handle to an object was closed.    Subject :  	Security ID:		S-1-5-18  	Account Name:		WIN10$  	Account Domain:		WORKGROUP  	Logon ID:		0x3E7    Object:  	Object Server:		Security  	Handle ID:		0x3a50    Process Information:  	Process ID:		0xd84  	Process Name:		C:\Windows\System32\wbem\WmiPrvSE.exe
2021-05-05T23:38:15.751056+02:00 suricata pcap <14>May  5 23:36:01 win10 Microsoft-Windows-Security-Auditing[4]: A handle to an object was requested.    Subject:  	Security ID:		S-1-5-18  	Account Name:		WIN10$  	Account Domain:		WORKGROUP  	Logon ID:		0x3E7    Object:  	Object Server:		Security  	Object Type:		Process  	Object Name:		\Device\HarddiskVolume2\Windows\SGì`∂r2021-05-05T23:38:15.751070+02:00 suricata pcap <14>May  5 23:36:01 win10 Microsoft-Windows-Security-Auditing[4]: An attempt was made to duplicate a handle to an object.    Subject:  	Security ID:		S-1-5-18  	Account Name:		WIN10$  	Account Domain:		WORKGROUP  	Logon ID:		0x3E7    Source Handle Information:  	Source Handle ID:	0x754  	Source Process ID:	0xd84    New Handle Information:  	Target Handle ID:	0x3a50  	Target Process ID:	0x4
2021-05-05T23:38:15.751083+02:00 suricata pcap <14>May  5 23:36:01 win10 Microsoft-Windows-Security-Auditing[4]: The handle to an object was closed.    Subject :  	Security ID:		S-1-5-18  	Account Name:		WIN10$  	Account Domain:		WORKGROUP  	Logon ID:		0x3E7    Object:  	Object Server:		Security  	Handle ID:		0x3a50    Process Information:  	Process ID:		0xd84  	Process Name:		C:\Windows\System32\wbem\WmiPrvSE.exe
2021-05-05T23:38:15.751122+02:00 suricata pcap <14>May  5 23:36:01 win10 Microsoft-Windows-Security-Auditing[4]: A handle to an object was requested.    Subject:  	Security ID:		S-1-5-18  	Account Name:		WIN10$  	Account Domain:		WORKGROUP  	Logon ID:		0x3E7    Object:  	Object Server:		Security  	Object Type:		Process  	Object Name:		\Device\HarddiskVolume2\Windows\SGì`$r2021-05-05T23:38:15.752241+02:00 suricata pcap Gì`Ãs2021-05-05T23:38:15.752271+02:00 suricata pcap Gì`tr2021-05-05T23:38:15.752284+02:00 suricata pcap <14>May  5 23:36:01 win10 Microsoft-Windows-Security-Auditing[4]: An attempt was made to duplicate a handle to an object.    Subject:  	Security ID:		S-1-5-18  	Account Name:		WIN10$  	Account Domain:		WORKGROUP  	Logon ID:		0x3E7    Source Handle Information:  	Source Handle ID:	0x754  	Source Process ID:	0xd84    New Handle Information:  	Target Handle ID:	0x3a50  	Target Process ID:	0x4
2021-05-05T23:38:15.752298+02:00 suricata pcap <14>May  5 23:36:01 win10 Microsoft-Windows-Security-Auditing[4]: The handle to an object was closed.    Subject :  	Security ID:		S-1-5-18  	Account Name:		WIN10$  	Account Domain:		WORKGROUP  	Logon ID:		0x3E7    Object:  	Object Server:		Security  	Handle ID:		0x3a50    Process Information:  	Process ID:		0xd84  	Process Name:		C:\Windows\System32\wbem\WmiPrvSE.exe
2021-05-05T23:38:15.752328+02:00 suricata pcap <14>May  5 23:36:01 win10 Microsoft-Windows-Security-Auditing[4]: A handle to an object was requested.    Subject:  	Security ID:		S-1-5-18  	Account Name:		WIN10$  	Account Domain:		WORKGROUP  	Logon ID:		0x3E7    Object:  	Object Server:		Security  	Object Type:		Process  	Object Name:		\Device\HarddiskVolume2\Windows\SGì`t2021-05-05T23:38:15.752347+02:00 suricata pcap Gì`Zu2021-05-05T23:38:15.752363+02:00 suricata pcap Gì`˙r2021-05-05T23:38:15.752368+02:00 suricata pcap Gì`Ds2021-05-05T23:38:15.753954+02:00 suricata pcap w2021-05-05T23:38:15.753985+02:00 suricata pcap Gì`cs2021-05-05T23:38:15.754069+02:00 suricata pcap Gì`ºy2021-05-05T23:38:15.754112+02:00 suricata pcap <14>May  5 23:36:01 win10 Microsoft-Windows-Security-Auditing[4]: An attempt was made to access an object.    Subject:  	Security ID:		S-1-5-18  	Account Name:		WIN10$  	Account Domain:		WORKGROUP  	Logon ID:		0x3E7    Object:  	Object Server:		Security  	Object Type:		Process  	Object Name:		\Device\HarddiskVolume2\Windows\System32\lsass.exe  	Handle ID:		0x754  	Resource Attributes:	-    Process Information:  	Process ID:		0xd84  	Process Name:		C:\Windows\System32\wbem\WmiPrvSE.exe    Access Request Information:  	Accesses:		Read from process memory  				  	Access Mask:		0x10
2021-05-05T23:38:15.754129+02:00 suricata pcap <14>May  5 23:36:01 win10 Microsoft-Windows-Security-Auditing[4]: The hanGì`Òs2021-05-05T23:38:15.754172+02:00 suricata pcap Gì`t2021-05-05T23:38:15.754182+02:00 suricata pcap Gì`Ë}2021-05-05T23:38:15.755151+02:00 suricata pcap ¿®ê#¿®åç¬Z”Ú:˝ØWqP °>2021-05-05T23:38:15.755184+02:00 suricata pcap Gì``t2021-05-05T23:38:15.755215+02:00 suricata pcap Gì`)~2021-05-05T23:38:15.755230+02:00 suricata pcap Gì`Ót2021-05-05T23:38:15.755250+02:00 suricata pcap Gì`ß2021-05-05T23:38:15.755269+02:00 suricata pcap Gì`sÄ2021-05-05T23:38:15.755983+02:00 suricata pcap <14>May  5 23:36:01 win10 Microsoft-Windows-Security-Auditing[4]: The handle to an object was closed.    Subject :  	Security ID:		S-1-5-18  	Account Name:		WIN10$  	Account Domain:		WORKGROUP  	Logon ID:		0x3E7    Object:  	Object Server:		Security  	Handle ID:		0x250    Process Information:  	Process ID:		0xd84  	Process Name:		C:\Windows\System32\wbem\WmiPrvSE.exe
2021-05-05T23:38:15.756017+02:00 suricata pcap Gì`!u2021-05-05T23:38:15.756036+02:00 suricata pcap Gì`ou2021-05-05T23:38:15.756052+02:00 suricata pcap Gì`‰Å2021-05-05T23:38:15.756075+02:00 suricata pcap Gì`{Ñ2021-05-05T23:38:15.756092+02:00 suricata pcap <14>May  5 23:36:01 win10 Microsoft-Windows-Security-Auditing[4]: An attempt was made to access an object.    Subject:  	Security ID:		S-1-5-18  	Account Name:		WIN10$  	Account Domain:		WORKGROUP  	Logon ID:		0x3E7    Object:  	Object Server:		Security  	Object Type:		Process  	Object Name:		\Device\HarddiskVolume2\Windows\System32\lsass.exe  	Handle ID:		0x660  	Resource Attributes:	-    Process Information:  	Process ID:		0xd84  	Process Name:		C:\Windows\System32\wbem\WmiPrvSE.exe    Access Request Information:  	Accesses:		Read from process memory  				  	Access Mask:		0x10
2021-05-05T23:38:15.756107+02:00 suricata pcap Gì`¢à2021-05-05T23:38:15.756148+02:00 suricata pcap <14>May  5 23:36:01 win10 Microsoft-Windows-Security-Auditing[4]: An attempt was made to duplicate a handle to an object.    Subject:  	Security ID:		S-1-5-21-2049402910-1774223977-1796254597-1003  	Account Name:		lade  	Account Domain:		WIN10  	Logon ID:		0x14A4D    Source Handle Information:  	Source Handle ID:	0x1390  	Source Process ID:	0x1918    New Handle Information:  	Target Handle ID:	0x1f9c  	Target Process ID:	0x4
2021-05-05T23:38:15.757037+02:00 suricata pcap <14>May  5 23:36:01 win10 Microsoft-Windows-Security-Auditing[4]: The handle to an object was closed.    Subject :  	Security ID:		S-1-5-21-2049402910-1774223977-1796254597-1003  	Account Name:		lade  	Account Domain:		WIN10  	Logon ID:		0x14A4D    Object:  	Object Server:		Security  	Handle ID:		0x1f9c    Process Information:  	Process ID:		0x1918  	Process Name:		C:\Windows\System32\RuntimeBroker.exe
2021-05-05T23:38:15.757062+02:00 suricata pcap <14>May  5 23:36:01 win10 Microsoft-Windows-Security-Auditing[4]: A handle to an object was requested.    Subject:  	Security ID:		S-1-5-21-2049402910-1774223977-1796254597-1003  	Account Name:		lade  	Account Domain:		WIN10  	Logon ID:		0x14A4D    ObjGì`à2021-05-05T23:38:15.757094+02:00 suricata pcap 3˝ØWqP æ”2021-05-05T23:38:15.757109+02:00 suricata pcap Gì`v2021-05-05T23:38:15.757124+02:00 suricata pcap Gì`ôv2021-05-05T23:38:15.757143+02:00 suricata pcap Gì`ªã2021-05-05T23:38:15.757213+02:00 suricata pcap <14>May  5 23:36:01 win10 Microsoft-Windows-Security-Auditing[4]: An attempt was made to access an object.    Subject:  	Security ID:		S-1-5-21-2049402910-1774223977-1796254597-1003  	Account Name:		lade  	Account Domain:		WIN10  	Logon ID:		0x14A4D    Object:  	Object Server:		Security  	Object Type:		File  	Object Name:		C:\Users\lade\Documents\desktop.ini  	Handle ID:		0x1390  	Resource Attributes:	S:AI    Process Information:  	Process ID:		0x1918  	Process Name:		C:\Windows\System32\RuntimeBroker.exe    Access Request Information:  	Accesses:		ReadAttributes  				  	Access Mask:		0x80
2021-05-05T23:38:15.758007+02:00 suricata pcap <14>May  5 23:36:01 win10 Microsoft-Windows-Security-Auditing[4]: The handle to an object was closed.    Subject :  	Security ID:		S-1-5-21-2049402910-1774223977-1796254597-1003  	Account Name:		lade  	Account Domain:		WIN10  	Logon ID:		0x14A4D    ObjGì`ùv2021-05-05T23:38:15.758029+02:00 suricata pcap Gì`¯ã2021-05-05T23:38:15.758044+02:00 suricata pcap Gì`‡v2021-05-05T23:38:15.758074+02:00 suricata pcap Gì`›y2021-05-05T23:38:15.758092+02:00 suricata pcap <14>May  5 23:36:01 win10 Microsoft-Windows-Security-Auditing[4]: An attempt was made to access an object.    Subject:  	Security ID:		S-1-5-18  	Account Name:		WIN10$  	Account Domain:		WORKGROUP  	Logon ID:		0x3E7    Object:  	Object Server:		Security  	Object Type:		Process  	Object Name:		\Device\HarddiskVolume2\Windows\System32\lsass.exe  	Handle ID:		0x754  	Resource Attributes:	-    Process Information:  	Process ID:		0xd84  	Process Name:		C:\Windows\System32\wbem\WmiPrvSE.exe    Access Request Information:  	Accesses:		Read from process memory  				  	Access Mask:		0x10
2021-05-05T23:38:15.758108+02:00 suricata pcap <14>May  5 23:36:01 win10 Microsoft-Windows-Security-Auditing[4]: The hanGì`°z2021-05-05T23:38:15.758563+02:00 suricata pcap Gì`ız2021-05-05T23:38:15.758584+02:00 suricata pcap <14>May  5 23:36:01 win10 Microsoft-Windows-Security-Auditing[4]: An attempt was made to access an object.    Subject:  	Security ID:		S-1-5-18  	Account Name:		WIN10$  	Account Domain:		WORKGROUP  	Logon ID:		0x3E7    Object:  	Object Server:		Security  	Object Type:		Process  	Object Name:		\Device\HarddiskVolume2\Windows\System32\lsass.exe  	Handle ID:		0x754  	Resource Attributes:	-    Process Information:  	Process ID:		0xd84  	Process Name:		C:\Windows\System32\wbem\WmiPrvSE.exe    Access Request Information:  	Accesses:		Read from process memory  				  	Access Mask:		0x10
2021-05-05T23:38:15.758606+02:00 suricata pcap <14>May  5 23:36:01 win10 Microsoft-Windows-Security-Auditing[4]: The hanGì``{2021-05-05T23:38:15.758612+02:00 suricata pcap Gì`d{2021-05-05T23:38:15.758626+02:00 suricata pcap ¿®ê#¿®åç¬Z”Ú:˝ØWqP °>2021-05-05T23:38:15.758645+02:00 suricata pcap Gì`g|2021-05-05T23:38:15.758650+02:00 suricata pcap Gì`>}2021-05-05T23:38:15.758687+02:00 suricata pcap ¿®ê#¿®åç¬Z”Ú:˝ØWqP °>2021-05-05T23:38:15.758709+02:00 suricata pcap Gì`A}2021-05-05T23:38:15.759190+02:00 suricata pcap Gì`=~2021-05-05T23:38:15.759206+02:00 suricata pcap Gì`çì2021-05-05T23:38:15.759213+02:00 suricata pcap <14>May  5 23:36:01 win10 Microsoft-Windows-Security-Auditing[4]: The handle to an object was closed.    Subject :  	Security ID:		S-1-5-18  	Account Name:		WIN10$  	Account Domain:		WORKGROUP  	Logon ID:		0x3E7    Object:  	Object Server:		Security  	Handle ID:		0x3838    Process Information:  	Process ID:		0xd84  	Process Name:		C:\Windows\System32\wbem\WmiPrvSE.exe
