2021-05-05T23:38:11.603901+02:00 suricata pcap <14>May  5 23:35:57 win10 Microsoft-Windows-Security-Auditing[4]: A handle to an object was requested.    Subject:  	Security ID:		S-1-5-18  	Account Name:		WIN10$  	Account Domain:		WORKGROUP  	Logon ID:		0x3E7    Object:  	Object Server:		Security  	Object Type:		Process  	Object Name:		\Device\HarddiskVolume2\Windows\System32\lsass.exe  	Handle ID:		0x40c  	Resource Attributes:	-    Process Information:  	Process ID:		0xd84  	Process Name:		C:\Windows\System32\wbem\WmiPrvSE.exe    Access Request Information:  	Transaction ID:		{00000000-0000-0000-0000-000000000000}  	Accesses:		Read from process memory  				Query process information  				Undefined Access (no effect) Bit 12  				  	AccCì`û4	2021-05-05T23:38:11.603910+02:00 suricata pcap Cì`|3	2021-05-05T23:38:11.603923+02:00 suricata pcap Cì`Ω4	2021-05-05T23:38:11.603935+02:00 suricata pcap <14>May  5 23:35:57 win10 Microsoft-Windows-Security-Auditing[4]: The handle to an object was closed.    Subject :  	Security ID:		S-1-5-18  	Account Name:		WIN10$  	Account Domain:		WORKGROUP  	Logon ID:		0x3E7    Object:  	Object Server:		Security  	Handle ID:		0xab0    Process Information:  	Process ID:		0xd84  	Process Name:		C:\Windows\System32\wbem\WmiPrvSE.exe
2021-05-05T23:38:11.604541+02:00 suricata pcap <14>May  5 23:35:57 win10 Microsoft-Windows-Security-Auditing[4]: A handle to an object was requested.    Subject:  	Security ID:		S-1-5-18  	Account Name:		WIN10$  	Account Domain:		WORKGROUP  	Logon ID:		0x3E7    Object:  	Object Server:		Security  	Object Type:		Process  	Object Name:		\Device\HarddiskVolume2\Windows\System32\lsass.exe  	Handle ID:		0x40c  	Resource Attributes:	-    Process Information:  	Process ID:		0xd84  	Process Name:		C:\Windows\System32\wbem\WmiPrvSE.exe    Access Request Information:  	Transaction ID:		{00000000-0000-0000-0000-000000000000}  	Accesses:		Read from process memory  				Query process information  				Undefined Access (no effect) Bit 12  				  	AccCì`è3	2021-05-05T23:38:11.604564+02:00 suricata pcap <14>May  5 23:35:57 win10 Microsoft-Windows-Security-Auditing[4]: The handle to an object was closed.    Subject :  	Security ID:		S-1-5-18  	Account Name:		WIN10$  	Account Domain:		WORKGROUP  	Logon ID:		0x3E7    Object:  	Object Server:		Security  	Handle ID:		0x40c    Process Information:  	Process ID:		0xd84  	Process Name:		C:\Windows\System32\wbem\WmiPrvSE.exe
2021-05-05T23:38:11.604579+02:00 suricata pcap <14>May  5 23:35:57 win10 Microsoft-Windows-Security-Auditing[4]: An attempt was made to duplicate a handle to an object.    Subject:  	Security ID:		S-1-5-18  	Account Name:		WIN10$  	Account Domain:		WORKGROUP  	Logon ID:		0x3E7    Source Handle Information:  	Source Handle ID:	0x4b4  	Source Process ID:	0xd84    New Handle Information:  	Target Handle ID:	0xab0  	Target Process ID:	0x4
2021-05-05T23:38:11.604595+02:00 suricata pcap <14>May  5 23:35:57 win10 Microsoft-Windows-Security-Auditing[4]: The handle to an object was closed.    SubjCì`‹4	2021-05-05T23:38:11.604603+02:00 suricata pcap Cì`5	2021-05-05T23:38:11.604614+02:00 suricata pcap Cì`¡3	2021-05-05T23:38:11.604632+02:00 suricata pcap Cì`5	2021-05-05T23:38:11.604644+02:00 suricata pcap <14>May  5 23:35:57 win10 Microsoft-Windows-Security-Auditing[4]: The handle to an object was closed.    Subject :  	Security ID:		S-1-5-18  	Account Name:		WIN10$  	Account Domain:		WORKGROUP  	Logon ID:		0x3E7    Object:  	Object Server:		Security  	Handle ID:		0x40c    Process Information:  	Process ID:		0xd84  	Process Name:		C:\Windows\System32\wbem\WmiPrvSE.exe
2021-05-05T23:38:11.604658+02:00 suricata pcap <14>May  5 23:35:57 win10 Microsoft-Windows-Security-Auditing[4]: An attempt was made to duplicate a handle to an object.    Subject:  	Security ID:		S-1-5-18  	Account Name:		WIN10$  	Account Domain:		WORKGROUP  	Logon ID:		0x3E7    Source Handle Information:  	Source Handle ID:	0x4b4  	Source Process ID:	0xd84    New Handle Information:  	Target Handle ID:	0xab0  	Target Process ID:	0x4
2021-05-05T23:38:11.605311+02:00 suricata pcap <14>May  5 23:35:57 win10 Microsoft-Windows-Security-Auditing[4]: The handle to an object was closed.    SubjCì`@4	2021-05-05T23:38:11.605343+02:00 suricata pcap <14>May  5 23:35:57 win10 Microsoft-Windows-Security-Auditing[4]: The handle to an object was closed.    Subject :  	Security ID:		S-1-5-18  	Account Name:		WIN10$  	Account Domain:		WORKGROUP  	Logon ID:		0x3E7    Object:  	Object Server:		Security  	Handle ID:		0xab0    Process Information:  	Process ID:		0xd84  	Process Name:		C:\Windows\System32\wbem\WmiPrvSE.exe
2021-05-05T23:38:11.605374+02:00 suricata pcap <14>May  5 23:35:57 win10 Microsoft-Windows-Security-Auditing[4]: A handle to an object was requested.    Subject:  	Security ID:		S-1-5-18  	Account Name:		WIN10$  	Account Domain:		WORKGROUP  	Logon ID:		0x3E7    Object:  	Object Server:		Security  	Object Type:		Process  	Object Name:		\Device\HarddiskVolume2\Windows\System32\lsass.exe  	Handle ID:		0x40c  	Resource Attributes:	-    Process Information:  	Process ID:		0xd84  	Process Name:		C:\Windows\System32\wbem\WmiPrvSE.exe    Access Request Information:  	Transaction ID:		{00000000-0000-0000-0000-000000000000}  	Accesses:		Read from process memory  				Query process information  				Undefined Access (no effect) Bit 12  				  	AccCì` 5	2021-05-05T23:38:11.605386+02:00 suricata pcap Cì`\5	2021-05-05T23:38:11.605405+02:00 suricata pcap Cì`G4	2021-05-05T23:38:11.605417+02:00 suricata pcap <14>May  5 23:35:57 win10 Microsoft-Windows-Security-Auditing[4]: The handle to an object was closed.    Subject :  	Security ID:		S-1-5-18  	Account Name:		WIN10$  	Account Domain:		WORKGROUP  	Logon ID:		0x3E7    Object:  	Object Server:		Security  	Handle ID:		0x40c    Process Information:  	Process ID:		0xd84  	Process Name:		C:\Windows\System32\wbem\WmiPrvSE.exe
2021-05-05T23:38:11.605429+02:00 suricata pcap <14>May  5 23:35:57 win10 Microsoft-Windows-Security-Auditing[4]: An attempt was made to duplicate a handle to an object.    Subject:  	Security ID:		S-1-5-18  	Account Name:		WIN10$  	Account Domain:		WORKGROUP  	Logon ID:		0x3E7    Source Handle Information:  	Source Handle ID:	0x4b4  	Source Process ID:	0xd84    New Handle Information:  	Target Handle ID:	0xab0  	Target Process ID:	0x4
2021-05-05T23:38:11.605447+02:00 suricata pcap <14>May  5 23:35:57 win10 Microsoft-Windows-Security-Auditing[4]: The handle to an object was closed.    SubjCì`g5	2021-05-05T23:38:11.606661+02:00 suricata pcap Cì`B5	2021-05-05T23:38:11.606690+02:00 suricata pcap <14>May  5 23:35:57 win10 Microsoft-Windows-Security-Auditing[4]: An attempt was made to access an object.    Subject:  	Security ID:		S-1-5-18  	Account Name:		WIN10$  	Account Domain:		WORKGROUP  	Logon ID:		0x3E7    Object:  	Object Server:		Security  	Object Type:		Process  	Object Name:		\Device\HarddiskVolume2\Windows\System32\lsass.exe  	Handle ID:		0x4b4  	Resource Attributes:	-    Process Information:  	Process ID:		0xd84  	Process Name:		C:\Windows\System32\wbem\WmiPrvSE.exe    Access Request Information:  	Accesses:		Read from process memory  				  	Access Mask:		0x10
2021-05-05T23:38:11.606738+02:00 suricata pcap <14>May  5 23:35:57 win10 Microsoft-Windows-Security-Auditing[4]: The hanCì`n6	2021-05-05T23:38:11.606835+02:00 suricata pcap Cì`«@	2021-05-05T23:38:11.606849+02:00 suricata pcap <14>May  5 23:35:58 win10 Microsoft-Windows-Security-Auditing[4]: The handle to an object was closed.    Subject :  	Security ID:		S-1-5-18  	Account Name:		WIN10$  	Account Domain:		WORKGROUP  	Logon ID:		0x3E7    Object:  	Object Server:		Security  	Handle ID:		0x2c94    Process Information:  	Process ID:		0xd84  	Process Name:		C:\Windows\System32\wbem\WmiPrvSE.exe
2021-05-05T23:38:11.606871+02:00 suricata pcap <14>May  5 23:35:58 win10 Microsoft-Windows-Security-Auditing[4]: A handle to an object was requested.    Subject:  	Security ID:		S-1-5-18  	Account Name:		WIN10$  	Account Domain:		WORKGROUP  	Logon ID:		0x3E7    Object:  	Object Server:		Security  	Object Type:		Process  	Object Name:		\Device\HarddiskVolume2\Windows\System32\lsass.exe  	Handle ID:		0x1e4  	Resource Attributes:	-    Process Information:  	Process ID:		0xd84  	Process Name:		C:\Windows\System32\wbem\WmiPrvSE.exe    Access Request Information:  	Transaction ID:		{00000000-0000-0000-0000-000000000000}  	Accesses:		Read from process memory  				Query process information  				Undefined Access (no effect) Bit 12  				  	ACì`◊@	2021-05-05T23:38:11.607466+02:00 suricata pcap Cì`A	2021-05-05T23:38:11.607494+02:00 suricata pcap <14>May  5 23:35:57 win10 Microsoft-Windows-Security-Auditing[4]: An attempt was made to access an object.    Subject:  	Security ID:		S-1-5-18  	Account Name:		WIN10$  	Account Domain:		WORKGROUP  	Logon ID:		0x3E7    Object:  	Object Server:		Security  	Object Type:		Process  	Object Name:		\Device\HarddiskVolume2\Windows\System32\lsass.exe  	Handle ID:		0x4b4  	Resource Attributes:	-    Process Information:  	Process ID:		0xd84  	Process Name:		C:\Windows\System32\wbem\WmiPrvSE.exe    Access Request Information:  	Accesses:		Read from process memory  				  	Access Mask:		0x10
2021-05-05T23:38:11.607511+02:00 suricata pcap <14>May  5 23:35:57 win10 Microsoft-Windows-Security-Auditing[4]: The hanCì`]A	2021-05-05T23:38:11.607526+02:00 suricata pcap Cì`äA	2021-05-05T23:38:11.607538+02:00 suricata pcap <14>May  5 23:35:58 win10 Microsoft-Windows-Security-Auditing[4]: The handle to an object was closed.    Subject :  	Security ID:		S-1-5-18  	Account Name:		WIN10$  	Account Domain:		WORKGROUP  	Logon ID:		0x3E7    Object:  	Object Server:		Security  	Handle ID:		0x2c94    Process Information:  	Process ID:		0xd84  	Process Name:		C:\Windows\System32\wbem\WmiPrvSE.exe
2021-05-05T23:38:11.608085+02:00 suricata pcap <14>May  5 23:35:58 win10 Microsoft-Windows-Security-Auditing[4]: A handle to an object was requested.    Subject:  	Security ID:		S-1-5-18  	Account Name:		WIN10$  	Account Domain:		WORKGROUP  	Logon ID:		0x3E7    Object:  	Object Server:		Security  	Object Type:		Process  	Object Name:		\Device\HarddiskVolume2\Windows\System32\lsass.exe  	Handle ID:		0x1e4  	Resource Attributes:	-    Process Information:  	Process ID:		0xd84  	Process Name:		C:\Windows\System32\wbem\WmiPrvSE.exe    Access Request Information:  	Transaction ID:		{00000000-0000-0000-0000-000000000000}  	Accesses:		Read from process memory  				Query process information  				Undefined Access (no effect) Bit 12  				  	ACì`çA	2021-05-05T23:38:11.608112+02:00 suricata pcap <14>May  5 23:35:57 win10 Microsoft-Windows-Security-Auditing[4]: An attempt was made to access an object.    Subject:  	Security ID:		S-1-5-18  	Account Name:		WIN10$  	Account Domain:		WORKGROUP  	Logon ID:		0x3E7    Object:  	Object Server:		Security  	Object Type:		Process  	Object Name:		\Device\HarddiskVolume2\Windows\System32\lsass.exe  	Handle ID:		0x4b4  	Resource Attributes:	-    Process Information:  	Process ID:		0xd84  	Process Name:		C:\Windows\System32\wbem\WmiPrvSE.exe    Access Request Information:  	Accesses:		Read from process memory  				  	Access Mask:		0x10
2021-05-05T23:38:11.608123+02:00 suricata pcap <14>May  5 23:35:57 win10 Microsoft-Windows-Security-Auditing[4]: The hanCì`BB	2021-05-05T23:38:11.608135+02:00 suricata pcap Cì`ÿA	2021-05-05T23:38:11.608149+02:00 suricata pcap Cì`‹A	2021-05-05T23:38:11.608161+02:00 suricata pcap <14>May  5 23:35:58 win10 Microsoft-Windows-Security-Auditing[4]: The handle to an object was closed.    Subject :  	Security ID:		S-1-5-18  	Account Name:		WIN10$  	Account Domain:		WORKGROUP  	Logon ID:		0x3E7    Object:  	Object Server:		Security  	Handle ID:		0x2c94    Process Information:  	Process ID:		0xd84  	Process Name:		C:\Windows\System32\wbem\WmiPrvSE.exe
2021-05-05T23:38:11.608187+02:00 suricata pcap <14>May  5 23:35:58 win10 Microsoft-Windows-Security-Auditing[4]: A handle to an object was requested.    Subject:  	Security ID:		S-1-5-18  	Account Name:		WIN10$  	Account Domain:		WORKGROUP  	Logon ID:		0x3E7    Object:  	Object Server:		Security  	Object Type:		Process  	Object Name:		\Device\HarddiskVolume2\Windows\System32\lsass.exe  	Handle ID:		0x1e4  	Resource Attributes:	-    Process Information:  	Process ID:		0xd84  	Process Name:		C:\Windows\System32\wbem\WmiPrvSE.exe    Access Request Information:  	Transaction ID:		{00000000-0000-0000-0000-000000000000}  	Accesses:		Read from process memory  				Query process information  				Undefined Access (no effect) Bit 12  				  	ACì`◊B	2021-05-05T23:38:11.608205+02:00 suricata pcap Cì`jC	2021-05-05T23:38:11.608922+02:00 suricata pcap <14>May  5 23:35:58 win10 Microsoft-Windows-Security-Auditing[4]: The handle to an object was closed.    Subject :  	Security ID:		S-1-5-18  	Account Name:		WIN10$  	Account Domain:		WORKGROUP  	Logon ID:		0x3E7    Object:  	Object Server:		Security  	Handle ID:		0x1e4    Process Information:  	Process ID:		0xd84  	Process Name:		C:\Windows\System32\wbem\WmiPrvSE.exe
2021-05-05T23:38:11.608954+02:00 suricata pcap <14>May  5 23:35:58 win10 Microsoft-Windows-Security-Auditing[4]: An attempt was made to duplicate a handle to an object.    Subject:  	Security ID:		S-1-5-18  	Account Name:		WIN10$  	Account Domain:		WORKGROUP  	Logon ID:		0x3E7    Source Handle Information:  	Source Handle ID:	0x468  	Source Process ID:	0xd84    New Handle Information:  	Target Handle ID:	0xab0  	Target Process ID:	0x4
2021-05-05T23:38:11.608973+02:00 suricata pcap Cì`õB	2021-05-05T23:38:11.608985+02:00 suricata pcap <14>May  5 23:35:58 win10 Microsoft-Windows-Security-Auditing[4]: The handle to an object was closed.    Subject :  	Security ID:		S-1-5-18  	Account Name:		WIN10$  	Account Domain:		WORKGROUP  	Logon ID:		0x3E7    Object:  	Object Server:		Security  	Handle ID:		0x1e4    Process Information:  	Process ID:		0xd84  	Process Name:		C:\Windows\System32\wbem\WmiPrvSE.exe
2021-05-05T23:38:11.608999+02:00 suricata pcap <14>May  5 23:35:58 win10 Microsoft-Windows-Security-Auditing[4]: An attempt was made to duplicate a handle to an object.    Subject:  	Security ID:		S-1-5-18  	Account Name:		WIN10$  	Account Domain:		WORKGROUP  	Logon ID:		0x3E7    Source Handle Information:  	Source Handle ID:	0x468  	Source Process ID:	0xd84    New Handle Information:  	Target Handle ID:	0xab0  	Target Process ID:	0x4
2021-05-05T23:38:11.609020+02:00 suricata pcap Cì`mC	2021-05-05T23:38:11.609039+02:00 suricata pcap Cì`C	2021-05-05T23:38:11.609051+02:00 suricata pcap <14>May  5 23:35:58 win10 Microsoft-Windows-Security-Auditing[4]: The handle to an object was closed.    Subject :  	Security ID:		S-1-5-18  	Account Name:		WIN10$  	Account Domain:		WORKGROUP  	Logon ID:		0x3E7    Object:  	Object Server:		Security  	Handle ID:		0x1e4    Process Information:  	Process ID:		0xd84  	Process Name:		C:\Windows\System32\wbem\WmiPrvSE.exe
2021-05-05T23:38:11.609629+02:00 suricata pcap <14>May  5 23:35:58 win10 Microsoft-Windows-Security-Auditing[4]: An attempt was made to duplicate a handle to an object.    Subject:  	Security ID:		S-1-5-18  	Account Name:		WIN10$  	Account Domain:		WORKGROUP  	Logon ID:		0x3E7    Source Handle Information:  	Source Handle ID:	0x468  	Source Process ID:	0xd84    New Handle Information:  	Target Handle ID:	0xab0  	Target Process ID:	0x4
2021-05-05T23:38:11.609673+02:00 suricata pcap Cì`\F	2021-05-05T23:38:11.609691+02:00 suricata pcap Cì`2021-05-05T23:38:11.609707+02:00 suricata pcap Cì`E	2021-05-05T23:38:11.609735+02:00 suricata pcap Cì`óF	2021-05-05T23:38:11.611260+02:00 suricata pcap Cì`ëH	2021-05-05T23:38:11.611294+02:00 suricata pcap Cì`kQ	2021-05-05T23:38:11.611309+02:00 suricata pcap <14>May  5 23:35:58 win10 Microsoft-Windows-Security-Auditing[4]: The handle to an object was closed.    Subject :  	Security ID:		S-1-5-18  	Account Name:		WIN10$  	Account Domain:		WORKGROUP  	Logon ID:		0x3E7    Object:  	Object Server:		Security  	Handle ID:		0x468    Process Information:  	Process ID:		0xd84  	Process Name:		C:\Windows\System32\wbem\WmiPrvSE.exe
2021-05-05T23:38:11.611321+02:00 suricata pcap <14>May  5 23:35:58 win10 Microsoft-Windows-Security-Auditing[4]: An attempt was made to duplicate a handle to an object.    Subject:  	Security ID:		S-1-5-18  	Account Name:		WIN10$  	Account Domain:		WORKGROUP  	Logon ID:		0x3E7    Source Handle Information:  	Source Handle ID:	0x1e4  	Source Process ID:	0xd84    New Handle Information:  	Target Handle ID:	0xab0  	Target Process ID:	0x4
2021-05-05T23:38:11.611336+02:00 suricata pcap <14>May  5 23:35:58 win10 Microsoft-Windows-Security-Auditing[4]: The handle to an object was closed.    SubjCì`zQ	2021-05-05T23:38:11.611354+02:00 suricata pcap Cì`R	2021-05-05T23:38:11.611367+02:00 suricata pcap <14>May  5 23:35:58 win10 Microsoft-Windows-Security-Auditing[4]: The handle to an object was closed.    Subject :  	Security ID:		S-1-5-18  	Account Name:		WIN10$  	Account Domain:		WORKGROUP  	Logon ID:		0x3E7    Object:  	Object Server:		Security  	Handle ID:		0x468    Process Information:  	Process ID:		0xd84  	Process Name:		C:\Windows\System32\wbem\WmiPrvSE.exe
2021-05-05T23:38:11.611380+02:00 suricata pcap <14>May  5 23:35:58 win10 Microsoft-Windows-Security-Auditing[4]: An attempt was made to duplicate a handle to an object.    Subject:  	Security ID:		S-1-5-18  	Account Name:		WIN10$  	Account Domain:		WORKGROUP  	Logon ID:		0x3E7    Source Handle Information:  	Source Handle ID:	0x1e4  	Source Process ID:	0xd84    New Handle Information:  	Target Handle ID:	0xab0  	Target Process ID:	0x4
2021-05-05T23:38:11.611395+02:00 suricata pcap <14>May  5 23:35:58 win10 Microsoft-Windows-Security-Auditing[4]: The handle to an object was closed.    SubjCì`@R	2021-05-05T23:38:11.613062+02:00 suricata pcap Cì`vR	2021-05-05T23:38:11.613094+02:00 suricata pcap <14>May  5 23:35:58 win10 Microsoft-Windows-Security-Auditing[4]: The handle to an object was closed.    Subject :  	Security ID:		S-1-5-18  	Account Name:		WIN10$  	Account Domain:		WORKGROUP  	Logon ID:		0x3E7    Object:  	Object Server:		Security  	Handle ID:		0x468    Process Information:  	Process ID:		0xd84  	Process Name:		C:\Windows\System32\wbem\WmiPrvSE.exe
2021-05-05T23:38:11.613133+02:00 suricata pcap <14>May  5 23:35:58 win10 Microsoft-Windows-Security-Auditing[4]: An attempt was made to duplicate a handle to an object.    Subject:  	Security ID:		S-1-5-18  	Account Name:		WIN10$  	Account Domain:		WORKGROUP  	Logon ID:		0x3E7    Source Handle Information:  	Source Handle ID:	0x1e4  	Source Process ID:	0xd84    New Handle Information:  	Target Handle ID:	0xab0  	Target Process ID:	0x4
2021-05-05T23:38:11.613196+02:00 suricata pcap <14>May  5 23:35:58 win10 Microsoft-Windows-Security-Auditing[4]: The handle to an object was closed.    SubjCì`âR	2021-05-05T23:38:11.613252+02:00 suricata pcap Cì`°R	2021-05-05T23:38:11.613280+02:00 suricata pcap <14>May  5 23:35:58 win10 Microsoft-Windows-Security-Auditing[4]: An attempt was made to access an object.    Subject:  	Security ID:		S-1-5-18  	Account Name:		WIN10$  	Account Domain:		WORKGROUP  	Logon ID:		0x3E7    Object:  	Object Server:		Security  	Object Type:		Process  	Object Name:		\Device\HarddiskVolume2\Windows\System32\lsass.exe  	Handle ID:		0x1e4  	Resource Attributes:	-    Process Information:  	Process ID:		0xd84  	Process Name:		C:\Windows\System32\wbem\WmiPrvSE.exe    Access Request Information:  	Accesses:		Read from process memory  				  	Access Mask:		0x10
2021-05-05T23:38:11.613779+02:00 suricata pcap <14>May  5 23:35:58 win10 Microsoft-Windows-Security-Auditing[4]: The hanCì`@Z	2021-05-05T23:38:11.613793+02:00 suricata pcap <14>May  5 23:35:58 win10 Microsoft-Windows-Security-Auditing[4]: An attempt was made to access an object.    Subject:  	Security ID:		S-1-5-18  	Account Name:		WIN10$  	Account Domain:		WORKGROUP  	Logon ID:		0x3E7    Object:  	Object Server:		Security  	Object Type:		Process  	Object Name:		\Device\HarddiskVolume2\Windows\System32\lsass.exe  	Handle ID:		0x1e4  	Resource Attributes:	-    Process Information:  	Process ID:		0xd84  	Process Name:		C:\Windows\System32\wbem\WmiPrvSE.exe    Access Request Information:  	Accesses:		Read from process memory  				  	Access Mask:		0x10
2021-05-05T23:38:11.613801+02:00 suricata pcap <14>May  5 23:35:58 win10 Microsoft-Windows-Security-Auditing[4]: The hanCì`Z	2021-05-05T23:38:11.613808+02:00 suricata pcap Cì`VZ	2021-05-05T23:38:11.613821+02:00 suricata pcap Cì`Z	2021-05-05T23:38:11.613830+02:00 suricata pcap <14>May  5 23:35:58 win10 Microsoft-Windows-Security-Auditing[4]: An attempt was made to access an object.    Subject:  	Security ID:		S-1-5-18  	Account Name:		WIN10$  	Account Domain:		WORKGROUP  	Logon ID:		0x3E7    Object:  	Object Server:		Security  	Object Type:		Process  	Object Name:		\Device\HarddiskVolume2\Windows\System32\lsass.exe  	Handle ID:		0x1e4  	Resource Attributes:	-    Process Information:  	Process ID:		0xd84  	Process Name:		C:\Windows\System32\wbem\WmiPrvSE.exe    Access Request Information:  	Accesses:		Read from process memory  				  	Access Mask:		0x10
2021-05-05T23:38:11.613837+02:00 suricata pcap <14>May  5 23:35:58 win10 Microsoft-Windows-Security-Auditing[4]: The hanCì`Z	2021-05-05T23:38:11.614820+02:00 suricata pcap Cì`vZ	2021-05-05T23:38:11.614845+02:00 suricata pcap Cì`[	2021-05-05T23:38:11.614853+02:00 suricata pcap Cì``\	2021-05-05T23:38:11.614860+02:00 suricata pcap Cì`Ü`	2021-05-05T23:38:11.614881+02:00 suricata pcap <14>May  5 23:35:58 win10 Microsoft-Windows-Security-Auditing[4]: A handle to an object was requested.    Subject:  	Security ID:		S-1-5-18  	Account Name:		WIN10$  	Account Domain:		WORKGROUP  	Logon ID:		0x3E7    Object:  	Object Server:		Security  	Object Type:		Process  	Object Name:		\Device\HarddiskVolume2\Windows\System32\lsass.exe  	Handle ID:		0x720  	Resource Attributes:	-    Process Information:  	Process ID:		0xd84  	Process Name:		C:\Windows\System32\wbem\WmiPrvSE.exe    Access Request Information:  	Transaction ID:		{00000000-0000-0000-0000-000000000000}  	Accesses:		Read from process memory  				Query process information  				Undefined Access (no effect) Bit 12  				  	Access Reasons:		-  	Access Mask:		0x1410  	Privileges Used for Access Check:	-  	Restricted SID Count:	0
2021-05-05T23:38:11.614890+02:00 suricata pcap <14>May  5 23:35:58 win10 Microsoft-Windows-Security-Auditing[4]: An attempt was made to access an object.    Subject:  	Security ID:		S-1-5-18  	Account Name:		WIN10$  	Account Domain:		WORKGROUP  	Logon ID:		0x3E7    Object:  	Object Server:		Security  	Object Type:		Process  	Object NaCì`¶`	2021-05-05T23:38:11.614898+02:00 suricata pcap Cì`a	2021-05-05T23:38:11.615472+02:00 suricata pcap <14>May  5 23:35:58 win10 Microsoft-Windows-Security-Auditing[4]: A handle to an object was requested.    Subject:  	Security ID:		S-1-5-18  	Account Name:		WIN10$  	Account Domain:		WORKGROUP  	Logon ID:		0x3E7    Object:  	Object Server:		Security  	Object Type:		Process  	Object Name:		\Device\HarddiskVolume2\Windows\System32\lsass.exe  	Handle ID:		0x720  	Resource Attributes:	-    Process Information:  	Process ID:		0xd84  	Process Name:		C:\Windows\System32\wbem\WmiPrvSE.exe    Access Request Information:  	Transaction ID:		{00000000-0000-0000-0000-000000000000}  	Accesses:		Read from process memory  				Query process information  				Undefined Access (no effect) Bit 12  				  	Access Reasons:		-  	Access Mask:		0x1410  	Privileges Used for Access Check:	-  	Restricted SID Count:	0
2021-05-05T23:38:11.615490+02:00 suricata pcap <14>May  5 23:35:58 win10 Microsoft-Windows-Security-Auditing[4]: An attempt was made to access an object.    Subject:  	Security ID:		S-1-5-18  	Account Name:		WIN10$  	Account Domain:		WORKGROUP  	Logon ID:		0x3E7    Object:  	Object Server:		Security  	Object Type:		Process  	Object NaCì`^a	2021-05-05T23:38:11.615501+02:00 suricata pcap <14>May  5 23:35:58 win10 Microsoft-Windows-Security-Auditing[4]: A handle to an object was requested.    Subject:  	Security ID:		S-1-5-18  	Account Name:		WIN10$  	Account Domain:		WORKGROUP  	Logon ID:		0x3E7    Object:  	Object Server:		Security  	Object Type:		Process  	Object Name:		\Device\HarddiskVolume2\Windows\System32\lsass.exe  	Handle ID:		0x720  	Resource Attributes:	-    Process Information:  	Process ID:		0xd84  	Process Name:		C:\Windows\System32\wbem\WmiPrvSE.exe    Access Request Information:  	Transaction ID:		{00000000-0000-0000-0000-000000000000}  	Accesses:		Read from process memory  				Query process information  				Undefined Access (no effect) Bit 12  				  	Access Reasons:		-  	Access Mask:		0x1410  	Privileges Used for Access Check:	-  	Restricted SID Count:	0
2021-05-05T23:38:11.615510+02:00 suricata pcap <14>May  5 23:35:58 win10 Microsoft-Windows-Security-Auditing[4]: An attempt was made to access an object.    Subject:  	Security ID:		S-1-5-18  	Account Name:		WIN10$  	Account Domain:		WORKGROUP  	Logon ID:		0x3E7    Object:  	Object Server:		Security  	Object Type:		Process  	Object NaCì`b	2021-05-05T23:38:11.615531+02:00 suricata pcap Cì`0a	2021-05-05T23:38:11.615542+02:00 suricata pcap Cì`2b	2021-05-05T23:38:11.615550+02:00 suricata pcap Cì`{c	2021-05-05T23:38:12.626090+02:00 suricata pcap Cì`ÿc	2021-05-05T23:38:12.626142+02:00 suricata pcap Cì`]d	2021-05-05T23:38:12.626149+02:00 suricata pcap 2021-05-05T23:38:12.626157+02:00 suricata pcap A2021-05-05T23:38:12.626172+02:00 suricata pcap ¿®ã2021-05-05T23:38:12.626188+02:00 suricata pcap Dì`XÜ	2021-05-05T23:38:12.626282+02:00 suricata pcap Dì`$á	2021-05-05T23:38:12.626359+02:00 suricata pcap Dì`ºá	2021-05-05T23:38:12.626374+02:00 suricata pcap Dì`dä	2021-05-05T23:38:12.626390+02:00 suricata pcap Dì`˜ä	2021-05-05T23:38:12.627860+02:00 suricata pcap Dì`Kã	2021-05-05T23:38:12.627930+02:00 suricata pcap Dì`uç	2021-05-05T23:38:12.628012+02:00 suricata pcap Dì`Jç	2021-05-05T23:38:12.628052+02:00 suricata pcap Dì`¥ç	2021-05-05T23:38:12.629915+02:00 suricata pcap Dì`ˇç	2021-05-05T23:38:12.629962+02:00 suricata pcap Dì`î	2021-05-05T23:38:12.629993+02:00 suricata pcap Dì`ê	2021-05-05T23:38:12.630015+02:00 suricata pcap Dì`Êê	2021-05-05T23:38:12.630031+02:00 suricata pcap Dì`Sì	2021-05-05T23:38:12.630036+02:00 suricata pcap Dì`}ó	2021-05-05T23:38:12.630051+02:00 suricata pcap 2021-05-05T23:38:12.630213+02:00 suricata pcap Dì`wö	2021-05-05T23:38:12.630273+02:00 suricata pcap Dì`¨î	2021-05-05T23:38:12.631044+02:00 suricata pcap Dì`øñ	2021-05-05T23:38:12.631083+02:00 suricata pcap Dì`xù	2021-05-05T23:38:12.631091+02:00 suricata pcap Dì`óù	2021-05-05T23:38:12.631097+02:00 suricata pcap 2021-05-05T23:38:12.631111+02:00 suricata pcap 2021-05-05T23:38:12.631125+02:00 suricata pcap Dì`ö	2021-05-05T23:38:12.631155+02:00 suricata pcap Dì`õ	2021-05-05T23:38:12.631629+02:00 suricata pcap Dì`∆ú	2021-05-05T23:38:12.631764+02:00 suricata pcap Dì`††	2021-05-05T23:38:12.631778+02:00 suricata pcap <14>May  5 23:35:58 win10 Microsoft-Windows-Security-Auditing[4]: The handle to an object was closed.    Subject :  	Security ID:		S-1-5-18  	Account Name:		WIN10$  	Account Domain:		WORKGROUP  	Logon ID:		0x3E7    Object:  	Object Server:		Security  	Handle ID:		0x544    Process Information:  	Process ID:		0xd84  	Process Name:		C:\Windows\System32\wbem\WmiPrvSE.exe
2021-05-05T23:38:12.631803+02:00 suricata pcap Dì`‚†	2021-05-05T23:38:12.631816+02:00 suricata pcap <14>May  5 23:35:58 win10 Microsoft-Windows-Security-Auditing[4]: The handle to an object was closed.    Subject :  	Security ID:		S-1-5-18  	Account Name:		WIN10$  	Account Domain:		WORKGROUP  	Logon ID:		0x3E7    Object:  	Object Server:		Security  	Handle ID:		0x544    Process Information:  	Process ID:		0xd84  	Process Name:		C:\Windows\System32\wbem\WmiPrvSE.exe
2021-05-05T23:38:12.631836+02:00 suricata pcap Dì`8†	2021-05-05T23:38:12.631849+02:00 suricata pcap <14>May  5 23:35:58 win10 Microsoft-Windows-Security-Auditing[4]: The handle to an object was closed.    Subject :  	Security ID:		S-1-5-18  	Account Name:		WIN10$  	Account Domain:		WORKGROUP  	Logon ID:		0x3E7    Object:  	Object Server:		Security  	Handle ID:		0x544    Process Information:  	Process ID:		0xd84  	Process Name:		C:\Windows\System32\wbem\WmiPrvSE.exe
2021-05-05T23:38:12.631867+02:00 suricata pcap Dì`>°	2021-05-05T23:38:12.632597+02:00 suricata pcap <14>May  5 23:35:58 win10 Microsoft-Windows-Security-Auditing[4]: The handle to an object was closed.    Subject :  	Security ID:		S-1-5-18  	Account Name:		WIN10$  	Account Domain:		WORKGROUP  	Logon ID:		0x3E7    Object:  	Object Server:		Security  	Handle ID:		0xab0    Process Information:  	Process ID:		0xd84  	Process Name:		C:\Windows\System32\wbem\WmiPrvSE.exe
2021-05-05T23:38:12.632632+02:00 suricata pcap Dì`l£	2021-05-05T23:38:12.632645+02:00 suricata pcap <14>May  5 23:35:58 win10 Microsoft-Windows-Security-Auditing[4]: The handle to an object was closed.    Subject :  	Security ID:		S-1-5-18  	Account Name:		WIN10$  	Account Domain:		WORKGROUP  	Logon ID:		0x3E7    Object:  	Object Server:		Security  	Handle ID:		0xab0    Process Information:  	Process ID:		0xd84  	Process Name:		C:\Windows\System32\wbem\WmiPrvSE.exe
2021-05-05T23:38:12.632651+02:00 suricata pcap Dì`
2021-05-05T23:38:12.632666+02:00 suricata pcap £	2021-05-05T23:38:12.632678+02:00 suricata pcap <14>May  5 23:35:58 win10 Microsoft-Windows-Security-Auditing[4]: The handle to an object was closed.    Subject :  	Security ID:		S-1-5-18  	Account Name:		WIN10$  	Account Domain:		WORKGROUP  	Logon ID:		0x3E7    Object:  	Object Server:		Security  	Handle ID:		0xab0    Process Information:  	Process ID:		0xd84  	Process Name:		C:\Windows\System32\wbem\WmiPrvSE.exe
2021-05-05T23:38:12.632711+02:00 suricata pcap Dì`Ω£	2021-05-05T23:38:12.632735+02:00 suricata pcap Dì`:¶	2021-05-05T23:38:12.633976+02:00 suricata pcap Dì`ﬁ•	2021-05-05T23:38:12.634015+02:00 suricata pcap Dì`á¶	2021-05-05T23:38:12.634034+02:00 suricata pcap Dì`≠®	2021-05-05T23:38:12.634053+02:00 suricata pcap Dì`{©	2021-05-05T23:38:12.634072+02:00 suricata pcap Dì`ã©	2021-05-05T23:38:12.634085+02:00 suricata pcap <14>May  5 23:35:58 win10 Microsoft-Windows-Security-Auditing[4]: An attempt was made to duplicate a handle to an object.    Subject:  	Security ID:		S-1-5-18  	Account Name:		WIN10$  	Account Domain:		WORKGROUP  	Logon ID:		0x3E7    Source Handle Information:  	Source Handle ID:	0x268  	Source Process ID:	0xd84    New Handle Information:  	Target Handle ID:	0xab0  	Target Process ID:	0x4
2021-05-05T23:38:12.634978+02:00 suricata pcap Dì`µ´	2021-05-05T23:38:12.635094+02:00 suricata pcap <14>May  5 23:35:58 win10 Microsoft-Windows-Security-Auditing[4]: An attempt was made to duplicate a handle to an object.    Subject:  	Security ID:		S-1-5-18  	Account Name:		WIN10$  	Account Domain:		WORKGROUP  	Logon ID:		0x3E7    Source Handle Information:  	Source Handle ID:	0x268  	Source Process ID:	0xd84    New Handle Information:  	Target Handle ID:	0xab0  	Target Process ID:	0x4
2021-05-05T23:38:12.635116+02:00 suricata pcap Dì`¨	2021-05-05T23:38:12.635132+02:00 suricata pcap <14>May  5 23:35:58 win10 Microsoft-Windows-Security-Auditing[4]: An attempt was made to duplicate a handle to an object.    Subject:  	Security ID:		S-1-5-18  	Account Name:		WIN10$  	Account Domain:		WORKGROUP  	Logon ID:		0x3E7    Source Handle Information:  	Source Handle ID:	0x268  	Source Process ID:	0xd84    New Handle Information:  	Target Handle ID:	0xab0  	Target Process ID:	0x4
2021-05-05T23:38:12.635155+02:00 suricata pcap Dì`H¨	2021-05-05T23:38:12.635179+02:00 suricata pcap <14>May  5 23:35:58 win10 Microsoft-Windows-Security-Auditing[4]: A handle to an object was requested.    Subject:  	Security ID:		S-1-5-18  	Account Name:		WIN10$  	Account Domain:		WORKGROUP  	Logon ID:		0x3E7    Object:  	Object Server:		Security  	Object Type:		Process  	Object Name:		\Device\HarddiskVolume2\Windows\System32\lsass.exe  	Handle ID:		0x268  	Resource Attributes:	-    Process Information:  	Process ID:		0xd84  	Process Name:		C:\Windows\System32\wbem\WmiPrvSE.exe    Access Request Information:  	Transaction ID:		{00000000-0000-0000-0000-000000000000}  	Accesses:		Read from process memory  				Query process information  				Undefined Access (no effect) Bit 12  				  	Access Reasons:		-  	Access Mask:		0x1410  	Privileges Used for Access Check:	-  	Restricted SID Count:	0
2021-05-05T23:38:12.635195+02:00 suricata pcap Dì`æØ	2021-05-05T23:38:12.636279+02:00 suricata pcap <14>May  5 23:35:58 win10 Microsoft-Windows-Security-Auditing[4]: A handle to an object was requested.    Subject:  	Security ID:		S-1-5-18  	Account Name:		WIN10$  	Account Domain:		WORKGROUP  	Logon ID:		0x3E7    Object:  	Object Server:		Security  	Object Type:		Process  	Object Name:		\Device\HarddiskVolume2\Windows\System32\lsass.exe  	Handle ID:		0x268  	Resource Attributes:	-    Process Information:  	Process ID:		0xd84  	Process Name:		C:\Windows\System32\wbem\WmiPrvSE.exe    Access Request Information:  	Transaction ID:		{00000000-0000-0000-0000-000000000000}  	Accesses:		Read from process memory  				Query process information  				Undefined Access (no effect) Bit 12  				  	Access Reasons:		-  	Access Mask:		0x1410  	Privileges Used for Access Check:	-  	Restricted SID Count:	0
2021-05-05T23:38:12.636299+02:00 suricata pcap Dì`.∞	2021-05-05T23:38:12.636313+02:00 suricata pcap <14>May  5 23:35:58 win10 Microsoft-Windows-Security-Auditing[4]: A handle to an object was requested.    Subject:  	Security ID:		S-1-5-18  	Account Name:		WIN10$  	Account Domain:		WORKGROUP  	Logon ID:		0x3E7    Object:  	Object Server:		Security  	Object Type:		Process  	Object Name:		\Device\HarddiskVolume2\Windows\System32\lsass.exe  	Handle ID:		0x268  	Resource Attributes:	-    Process Information:  	Process ID:		0xd84  	Process Name:		C:\Windows\System32\wbem\WmiPrvSE.exe    Access Request Information:  	Transaction ID:		{00000000-0000-0000-0000-000000000000}  	Accesses:		Read from process memory  				Query process information  				Undefined Access (no effect) Bit 12  				  	Access Reasons:		-  	Access Mask:		0x1410  	Privileges Used for Access Check:	-  	Restricted SID Count:	0
2021-05-05T23:38:12.636330+02:00 suricata pcap Dì`Í∞	2021-05-05T23:38:12.636339+02:00 suricata pcap <14>May  5 23:35:58 win10 Microsoft-Windows-Security-Auditing[4]: The handle to an object was closed.    Subject :  	Security ID:		S-1-5-18  	Account Name:		WIN10$  	Account Domain:		WORKGROUP  	Logon ID:		0x3E7    Object:  	Object Server:		Security  	Handle ID:		0x268    Process Information:  	Process ID:		0xd84  	Process Name:		C:\Windows\System32\wbem\WmiPrvSE.exe
2021-05-05T23:38:12.636352+02:00 suricata pcap Dì`¥	2021-05-05T23:38:12.636359+02:00 suricata pcap <14>May  5 23:35:58 win10 Microsoft-Windows-Security-Auditing[4]: The handle to an object was closed.    Subject :  	Security ID:		S-1-5-18  	Account Name:		WIN10$  	Account Domain:		WORKGROUP  	Logon ID:		0x3E7    Object:  	Object Server:		Security  	Handle ID:		0x268    Process Information:  	Process ID:		0xd84  	Process Name:		C:\Windows\System32\wbem\WmiPrvSE.exe
2021-05-05T23:38:12.637644+02:00 suricata pcap Dì`∂¥	2021-05-05T23:38:12.637662+02:00 suricata pcap <14>May  5 23:35:58 win10 Microsoft-Windows-Security-Auditing[4]: The handle to an object was closed.    Subject :  	Security ID:		S-1-5-18  	Account Name:		WIN10$  	Account Domain:		WORKGROUP  	Logon ID:		0x3E7    Object:  	Object Server:		Security  	Handle ID:		0x268    Process Information:  	Process ID:		0xd84  	Process Name:		C:\Windows\System32\wbem\WmiPrvSE.exe
2021-05-05T23:38:12.637676+02:00 suricata pcap Dì`Û¥	2021-05-05T23:38:12.637684+02:00 suricata pcap <14>May  5 23:35:58 win10 Microsoft-Windows-Security-Auditing[4]: The handle to an object was closed.    Subject :  	Security ID:		S-1-5-18  	Account Name:		WIN10$  	Account Domain:		WORKGROUP  	Logon ID:		0x3E7    Object:  	Object Server:		Security  	Handle ID:		0xab0    Process Information:  	Process ID:		0xd84  	Process Name:		C:\Windows\System32\wbem\WmiPrvSE.exe
2021-05-05T23:38:12.637694+02:00 suricata pcap Dì`‘∑	2021-05-05T23:38:12.637702+02:00 suricata pcap <14>May  5 23:35:58 win10 Microsoft-Windows-Security-Auditing[4]: The handle to an object was closed.    Subject :  	Security ID:		S-1-5-18  	Account Name:		WIN10$  	Account Domain:		WORKGROUP  	Logon ID:		0x3E7    Object:  	Object Server:		Security  	Handle ID:		0xab0    Process Information:  	Process ID:		0xd84  	Process Name:		C:\Windows\System32\wbem\WmiPrvSE.exe
2021-05-05T23:38:12.637714+02:00 suricata pcap Dì`M∏	2021-05-05T23:38:12.637722+02:00 suricata pcap <14>May  5 23:35:58 win10 Microsoft-Windows-Security-Auditing[4]: The handle to an object was closed.    Subject :  	Security ID:		S-1-5-18  	Account Name:		WIN10$  	Account Domain:		WORKGROUP  	Logon ID:		0x3E7    Object:  	Object Server:		Security  	Handle ID:		0xab0    Process Information:  	Process ID:		0xd84  	Process Name:		C:\Windows\System32\wbem\WmiPrvSE.exe
2021-05-05T23:38:12.639065+02:00 suricata pcap Dì`v∏	2021-05-05T23:38:12.639100+02:00 suricata pcap <14>May  5 23:35:58 win10 Microsoft-Windows-Security-Auditing[4]: An attempt was made to access an object.    Subject:  	Security ID:		S-1-5-18  	Account Name:		WIN10$  	Account Domain:		WORKGROUP  	Logon ID:		0x3E7    Object:  	Object Server:		Security  	Object Type:		Process  	Object Name:		\Device\HarddiskVolume2\Windows\System32\lsass.exe  	Handle ID:		0x268  	Resource Attributes:	-    Process Information:  	Process ID:		0xd84  	Process Name:		C:\Windows\System32\wbem\WmiPrvSE.exe    Access Request Information:  	Accesses:		Read from process memory  				  	Access Mask:		0x10
2021-05-05T23:38:12.639124+02:00 suricata pcap Dì`˘∫	2021-05-05T23:38:12.639141+02:00 suricata pcap <14>May  5 23:35:58 win10 Microsoft-Windows-Security-Auditing[4]: An attempt was made to access an object.    Subject:  	Security ID:		S-1-5-18  	Account Name:		WIN10$  	Account Domain:		WORKGROUP  	Logon ID:		0x3E7    Object:  	Object Server:		Security  	Object Type:		Process  	Object Name:		\Device\HarddiskVolume2\Windows\System32\lsass.exe  	Handle ID:		0x268  	Resource Attributes:	-    Process Information:  	Process ID:		0xd84  	Process Name:		C:\Windows\System32\wbem\WmiPrvSE.exe    Access Request Information:  	Accesses:		Read from process memory  				  	Access Mask:		0x10
2021-05-05T23:38:12.639164+02:00 suricata pcap Dì`~ª	2021-05-05T23:38:12.639181+02:00 suricata pcap <14>May  5 23:35:58 win10 Microsoft-Windows-Security-Auditing[4]: An attempt was made to access an object.    Subject:  	Security ID:		S-1-5-18  	Account Name:		WIN10$  	Account Domain:		WORKGROUP  	Logon ID:		0x3E7    Object:  	Object Server:		Security  	Object Type:		Process  	Object Name:		\Device\HarddiskVolume2\Windows\System32\lsass.exe  	Handle ID:		0x268  	Resource Attributes:	-    Process Information:  	Process ID:		0xd84  	Process Name:		C:\Windows\System32\wbem\WmiPrvSE.exe    Access Request Information:  	Accesses:		Read from process memory  				  	Access Mask:		0x10
2021-05-05T23:38:12.639872+02:00 suricata pcap Dì`4º	2021-05-05T23:38:12.639929+02:00 suricata pcap <14>May  5 23:35:58 win10 Microsoft-Windows-Security-Auditing[4]: An attempt was made to duplicate a handle to an object.    Subject:  	Security ID:		S-1-5-18  	Account Name:		WIN10$  	Account Domain:		WORKGROUP  	Logon ID:		0x3E7    Source Handle Information:  	Source Handle ID:	0x268  	Source Process ID:	0xd84    New Handle Information:  	Target Handle ID:	0xab0  	Target Process ID:	0x4
2021-05-05T23:38:12.639945+02:00 suricata pcap Dì`ø	2021-05-05T23:38:12.639987+02:00 suricata pcap <14>May  5 23:35:58 win10 Microsoft-Windows-Security-Auditing[4]: An attempt was made to duplicate a handle to an object.    Subject:  	Security ID:		S-1-5-18  	Account Name:		WIN10$  	Account Domain:		WORKGROUP  	Logon ID:		0x3E7    Source Handle Information:  	Source Handle ID:	0x268  	Source Process ID:	0xd84    New Handle Information:  	Target Handle ID:	0xab0  	Target Process ID:	0x4
2021-05-05T23:38:12.640002+02:00 suricata pcap Dì`Z¡	2021-05-05T23:38:12.640040+02:00 suricata pcap Dì`≥¡	2021-05-05T23:38:12.640053+02:00 suricata pcap <14>May  5 23:35:58 win10 Microsoft-Windows-Security-Auditing[4]: An attempt was made to duplicate a handle to an object.    Subject:  	Security ID:		S-1-5-18  	Account Name:		WIN10$  	Account Domain:		WORKGROUP  	Logon ID:		0x3E7    Source Handle Information:  	Source Handle ID:	0x268  	Source Process ID:	0xd84    New Handle Information:  	Target Handle ID:	0xab0  	Target Process ID:	0x4
2021-05-05T23:38:12.640072+02:00 suricata pcap Dì`+ø	2021-05-05T23:38:12.640086+02:00 suricata pcap Dì`¡	2021-05-05T23:38:12.641051+02:00 suricata pcap Dì`Ù¡	2021-05-05T23:38:12.641091+02:00 suricata pcap Dì`v¬	2021-05-05T23:38:12.641132+02:00 suricata pcap Dì`é∆	2021-05-05T23:38:12.641234+02:00 suricata pcap Dì`z√	2021-05-05T23:38:12.642478+02:00 suricata pcap Dì`Qƒ	2021-05-05T23:38:12.642506+02:00 suricata pcap Dì`ß…	2021-05-05T23:38:12.642544+02:00 suricata pcap <14>May  5 23:35:58 win10 Microsoft-Windows-Security-Auditing[4]: An attempt was made to duplicate a handle to an object.    Subject:  	Security ID:		S-1-5-18  	Account Name:		WIN10$  	Account Domain:		WORKGROUP  	Logon ID:		0x3E7    Source Handle Information:  	Source Handle ID:	0x20c  	Source Process ID:	0xd84    New Handle Information:  	Target Handle ID:	0x3bb8  	Target Process ID:	0x4
2021-05-05T23:38:12.642563+02:00 suricata pcap Dì`Ó≈	2021-05-05T23:38:12.642609+02:00 suricata pcap Dì`∏…	2021-05-05T23:38:12.642623+02:00 suricata pcap <14>May  5 23:35:58 win10 Microsoft-Windows-Security-Auditing[4]: An attempt was made to duplicate a handle to an object.    Subject:  	Security ID:		S-1-5-18  	Account Name:		WIN10$  	Account Domain:		WORKGROUP  	Logon ID:		0x3E7    Source Handle Information:  	Source Handle ID:	0x20c  	Source Process ID:	0xd84    New Handle Information:  	Target Handle ID:	0x3bb8  	Target Process ID:	0x4
