2021-05-05T23:38:23.844518+02:00 suricata pcap <14>May  5 23:36:09 win10 Microsoft-Windows-Security-Auditing[4]: An attempt was made to access an object.    Subject:  	Security ID:		S-1-5-18  	Account Name:		WIN10$  	Account Domain:		WORKGROUP  	Logon ID:		0x3E7    Object:  	Object Server:		Security  	Object Type:		Process  	Object NOì`˘‡2021-05-05T23:38:23.844544+02:00 suricata pcap Oì`k·2021-05-05T23:38:23.844565+02:00 suricata pcap <14>May  5 23:36:09 win10 Microsoft-Windows-Security-Auditing[4]: A handle to an object was requested.    Subject:  	Security ID:		S-1-5-18  	Account Name:		WIN10$  	Account Domain:		WORKGROUP  	Logon ID:		0x3E7    Object:  	Object Server:		Security  	Object Type:		Process  	Object Name:		\Device\HarddiskVolume2\Windows\System32\lsass.exe  	Handle ID:		0x618  	Resource Attributes:	-    Process Information:  	Process ID:		0xd84  	Process Name:		C:\Windows\System32\wbem\WmiPrvSE.exe    Access Request Information:  	Transaction ID:		{00000000-0000-0000-0000-000000000000}  	Accesses:		Read from process memory  				Query process information  				Undefined Access (no effect) Bit 12  				  	Access Reasons:		-  	Access Mask:		0x1410  	Privileges Used for Access Check:	-  	Restricted SID Count:	0
2021-05-05T23:38:23.845613+02:00 suricata pcap <14>May  5 23:36:09 win10 Microsoft-Windows-Security-Auditing[4]: An attempt was made to access an object.    Subject:  	Security ID:		S-1-5-18  	Account Name:		WIN10$  	Account Domain:		WORKGROUP  	Logon ID:		0x3E7    Object:  	Object Server:		Security  	Object Type:		Process  	Object NOì`‚2021-05-05T23:38:23.845642+02:00 suricata pcap Oì`x‚2021-05-05T23:38:23.845665+02:00 suricata pcap <14>May  5 23:36:09 win10 Microsoft-Windows-Security-Auditing[4]: A handle to an object was requested.    Subject:  	Security ID:		S-1-5-18  	Account Name:		WIN10$  	Account Domain:		WORKGROUP  	Logon ID:		0x3E7    Object:  	Object Server:		Security  	Object Type:		Process  	Object Name:		\Device\HarddiskVolume2\Windows\System32\lsass.exe  	Handle ID:		0x618  	Resource Attributes:	-    Process Information:  	Process ID:		0xd84  	Process Name:		C:\Windows\System32\wbem\WmiPrvSE.exe    Access Request Information:  	Transaction ID:		{00000000-0000-0000-0000-000000000000}  	Accesses:		Read from process memory  				Query process information  				Undefined Access (no effect) Bit 12  				  	Access Reasons:		-  	Access Mask:		0x1410  	Privileges Used for Access Check:	-  	Restricted SID Count:	0
2021-05-05T23:38:23.845686+02:00 suricata pcap <14>May  5 23:36:09 win10 Microsoft-Windows-Security-Auditing[4]: An attempt was made to access an object.    Subject:  	Security ID:		S-1-5-18  	Account Name:		WIN10$  	Account Domain:		WORKGROUP  	Logon ID:		0x3E7    Object:  	Object Server:		Security  	Object Type:		Process  	Object NOì`ñ‚2021-05-05T23:38:23.845704+02:00 suricata pcap Oì`˜‚2021-05-05T23:38:23.845717+02:00 suricata pcap <14>May  5 23:36:09 win10 Microsoft-Windows-Security-Auditing[4]: An attempt was made to duplicate a handle to an object.    Subject:  	Security ID:		S-1-5-18  	Account Name:		WIN10$  	Account Domain:		WORKGROUP  	Logon ID:		0x3E7    Source Handle Information:  	Source Handle ID:	0x618  	Source Process ID:	0xd84    New Handle Information:  	Target Handle ID:	0x3838  	Target Process ID:	0x4
2021-05-05T23:38:23.845733+02:00 suricata pcap Oì`’‰2021-05-05T23:38:23.845749+02:00 suricata pcap Oì`ËÂ2021-05-05T23:38:23.846176+02:00 suricata pcap <14>May  5 23:36:09 win10 Microsoft-Windows-Security-Auditing[4]: An attempt was made to duplicate a handle to an object.    Subject:  	Security ID:		S-1-5-18  	Account Name:		WIN10$  	Account Domain:		WORKGROUP  	Logon ID:		0x3E7    Source Handle Information:  	Source Handle ID:	0x618  	Source Process ID:	0xd84    New Handle Information:  	Target Handle ID:	0x3838  	Target Process ID:	0x4
2021-05-05T23:38:23.846201+02:00 suricata pcap Oì`§„2021-05-05T23:38:23.846214+02:00 suricata pcap <14>May  5 23:36:09 win10 Microsoft-Windows-Security-Auditing[4]: An attempt was made to duplicate a handle to an object.    Subject:  	Security ID:		S-1-5-18  	Account Name:		WIN10$  	Account Domain:		WORKGROUP  	Logon ID:		0x3E7    Source Handle Information:  	Source Handle ID:	0x618  	Source Process ID:	0xd84    New Handle Information:  	Target Handle ID:	0x3838  	Target Process ID:	0x4
2021-05-05T23:38:23.846230+02:00 suricata pcap Oì`6‰2021-05-05T23:38:23.846246+02:00 suricata pcap Oì`AÂ2021-05-05T23:38:23.846277+02:00 suricata pcap Oì`2021-05-05T23:38:23.846758+02:00 suricata pcap Oì`ÅË2021-05-05T23:38:23.846787+02:00 suricata pcap Oì`”Á2021-05-05T23:38:23.846825+02:00 suricata pcap Oì`	È2021-05-05T23:38:23.846838+02:00 suricata pcap <14>May  5 23:36:09 win10 Microsoft-Windows-Security-Auditing[4]: The handle to an object was closed.    Subject :  	Security ID:		S-1-5-18  	Account Name:		WIN10$  	Account Domain:		WORKGROUP  	Logon ID:		0x3E7    Object:  	Object Server:		Security  	Handle ID:		0x618    Process Information:  	Process ID:		0xd84  	Process Name:		C:\Windows\System32\wbem\WmiPrvSE.exe
2021-05-05T23:38:23.846857+02:00 suricata pcap Oì`€Í2021-05-05T23:38:23.846869+02:00 suricata pcap <14>May  5 23:36:09 win10 Microsoft-Windows-Security-Auditing[4]: The handle to an object was closed.    Subject :  	Security ID:		S-1-5-18  	Account Name:		WIN10$  	Account Domain:		WORKGROUP  	Logon ID:		0x3E7    Object:  	Object Server:		Security  	Handle ID:		0x618    Process Information:  	Process ID:		0xd84  	Process Name:		C:\Windows\System32\wbem\WmiPrvSE.exe
2021-05-05T23:38:23.848010+02:00 suricata pcap Oì`;Î2021-05-05T23:38:23.848031+02:00 suricata pcap <14>May  5 23:36:09 win10 Microsoft-Windows-Security-Auditing[4]: The handle to an object was closed.    Subject :  	Security ID:		S-1-5-18  	Account Name:		WIN10$  	Account Domain:		WORKGROUP  	Logon ID:		0x3E7    Object:  	Object Server:		Security  	Handle ID:		0x618    Process Information:  	Process ID:		0xd84  	Process Name:		C:\Windows\System32\wbem\WmiPrvSE.exe
2021-05-05T23:38:23.848051+02:00 suricata pcap Oì`xÎ2021-05-05T23:38:23.848063+02:00 suricata pcap <14>May  5 23:36:09 win10 Microsoft-Windows-Security-Auditing[4]: The handle to an object was closed.    Subject :  	Security ID:		S-1-5-18  	Account Name:		WIN10$  	Account Domain:		WORKGROUP  	Logon ID:		0x3E7    Object:  	Object Server:		Security  	Handle ID:		0x3838    Process Information:  	Process ID:		0xd84  	Process Name:		C:\Windows\System32\wbem\WmiPrvSE.exe
2021-05-05T23:38:23.848078+02:00 suricata pcap Oì`üÌ2021-05-05T23:38:23.848112+02:00 suricata pcap <14>May  5 23:36:09 win10 Microsoft-Windows-Security-Auditing[4]: The handle to an object was closed.    Subject :  	Security ID:		S-1-5-18  	Account Name:		WIN10$  	Account Domain:		WORKGROUP  	Logon ID:		0x3E7    Object:  	Object Server:		Security  	Handle ID:		0x3838    Process Information:  	Process ID:		0xd84  	Process Name:		C:\Windows\System32\wbem\WmiPrvSE.exe
2021-05-05T23:38:23.848129+02:00 suricata pcap Oì`Ó2021-05-05T23:38:23.848141+02:00 suricata pcap <14>May  5 23:36:09 win10 Microsoft-Windows-Security-Auditing[4]: The handle to an object was closed.    Subject :  	Security ID:		S-1-5-18  	Account Name:		WIN10$  	Account Domain:		WORKGROUP  	Logon ID:		0x3E7    Object:  	Object Server:		Security  	Handle ID:		0x3838    Process Information:  	Process ID:		0xd84  	Process Name:		C:\Windows\System32\wbem\WmiPrvSE.exe
2021-05-05T23:38:23.848770+02:00 suricata pcap Oì``Ó2021-05-05T23:38:23.848797+02:00 suricata pcap <14>May  5 23:36:09 win10 Microsoft-Windows-Security-Auditing[4]: An attempt was made to access an object.    Subject:  	Security ID:		S-1-5-18  	Account Name:		WIN10$  	Account Domain:		WORKGROUP  	Logon ID:		0x3E7    Object:  	Object Server:		Security  	Object Type:		Process  	Object Name:		\Device\HarddiskVolume2\Windows\System32\lsass.exe  	Handle ID:		0x564  	Resource Attributes:	-    Process Information:  	Process ID:		0xd84  	Process Name:		C:\Windows\System32\wbem\WmiPrvSE.exe    Access Request Information:  	Accesses:		Read from process memory  				  	Access Mask:		0x10
2021-05-05T23:38:23.848821+02:00 suricata pcap Oì`î2021-05-05T23:38:23.848838+02:00 suricata pcap <14>May  5 23:36:09 win10 Microsoft-Windows-Security-Auditing[4]: An attempt was made to access an object.    Subject:  	Security ID:		S-1-5-18  	Account Name:		WIN10$  	Account Domain:		WORKGROUP  	Logon ID:		0x3E7    Object:  	Object Server:		Security  	Object Type:		Process  	Object Name:		\Device\HarddiskVolume2\Windows\System32\lsass.exe  	Handle ID:		0x564  	Resource Attributes:	-    Process Information:  	Process ID:		0xd84  	Process Name:		C:\Windows\System32\wbem\WmiPrvSE.exe    Access Request Information:  	Accesses:		Read from process memory  				  	Access Mask:		0x10
2021-05-05T23:38:23.848880+02:00 suricata pcap Oì`·2021-05-05T23:38:23.848898+02:00 suricata pcap <14>May  5 23:36:09 win10 Microsoft-Windows-Security-Auditing[4]: An attempt was made to access an object.    Subject:  	Security ID:		S-1-5-18  	Account Name:		WIN10$  	Account Domain:		WORKGROUP  	Logon ID:		0x3E7    Object:  	Object Server:		Security  	Object Type:		Process  	Object Name:		\Device\HarddiskVolume2\Windows\System32\lsass.exe  	Handle ID:		0x564  	Resource Attributes:	-    Process Information:  	Process ID:		0xd84  	Process Name:		C:\Windows\System32\wbem\WmiPrvSE.exe    Access Request Information:  	Accesses:		Read from process memory  				  	Access Mask:		0x10
2021-05-05T23:38:23.849579+02:00 suricata pcap Oì`Ò2021-05-05T23:38:23.849624+02:00 suricata pcap <14>May  5 23:36:09 win10 Microsoft-Windows-Security-Auditing[4]: An attempt was made to duplicate a handle to an object.    Subject:  	Security ID:		S-1-5-18  	Account Name:		WIN10$  	Account Domain:		WORKGROUP  	Logon ID:		0x3E7    Source Handle Information:  	Source Handle ID:	0x4d8  	Source Process ID:	0xd84    New Handle Information:  	Target Handle ID:	0x1f9c  	Target Process ID:	0x4
2021-05-05T23:38:23.849639+02:00 suricata pcap Oì`êÛ2021-05-05T23:38:23.849651+02:00 suricata pcap <14>May  5 23:36:09 win10 Microsoft-Windows-Security-Auditing[4]: An attempt was made to duplicate a handle to an object.    Subject:  	Security ID:		S-1-5-18  	Account Name:		WIN10$  	Account Domain:		WORKGROUP  	Logon ID:		0x3E7    Source Handle Information:  	Source Handle ID:	0x4d8  	Source Process ID:	0xd84    New Handle Information:  	Target Handle ID:	0x1f9c  	Target Process ID:	0x4
2021-05-05T23:38:23.849675+02:00 suricata pcap Oì`–Û2021-05-05T23:38:23.849688+02:00 suricata pcap <14>May  5 23:36:09 win10 Microsoft-Windows-Security-Auditing[4]: An attempt was made to duplicate a handle to an object.    Subject:  	Security ID:		S-1-5-18  	Account Name:		WIN10$  	Account Domain:		WORKGROUP  	Logon ID:		0x3E7    Source Handle Information:  	Source Handle ID:	0x4d8  	Source Process ID:	0xd84    New Handle Information:  	Target Handle ID:	0x1f9c  	Target Process ID:	0x4
2021-05-05T23:38:23.849707+02:00 suricata pcap Oì`$Ù2021-05-05T23:38:23.849729+02:00 suricata pcap <14>May  5 23:36:09 win10 Microsoft-Windows-Security-Auditing[4]: A handle to an object was requested.    Subject:  	Security ID:		S-1-5-18  	Account Name:		WIN10$  	Account Domain:		WORKGROUP  	Logon ID:		0x3E7    Object:  	Object Server:		Security  	Object Type:		Process  	Object Name:		\Device\HarddiskVolume2\Windows\System32\lsass.exe  	Handle ID:		0x4d8  	Resource Attributes:	-    Process Information:  	Process ID:		0xd84  	Process Name:		C:\Windows\System32\wbem\WmiPrvSE.exe    Access Request Information:  	Transaction ID:		{00000000-0000-0000-0000-000000000000}  	Accesses:		Read from process memory  				Query process information  				Undefined Access (no effect) Bit 12  				  	Access Reasons:		-  	Access Mask:		0x1410  	Privileges Used for Access Check:	-  	Restricted SID Count:	0
2021-05-05T23:38:23.850348+02:00 suricata pcap Oì`3ˆ2021-05-05T23:38:23.850391+02:00 suricata pcap <14>May  5 23:36:09 win10 Microsoft-Windows-Security-Auditing[4]: A handle to an object was requested.    Subject:  	Security ID:		S-1-5-18  	Account Name:		WIN10$  	Account Domain:		WORKGROUP  	Logon ID:		0x3E7    Object:  	Object Server:		Security  	Object Type:		Process  	Object Name:		\Device\HarddiskVolume2\Windows\System32\lsass.exe  	Handle ID:		0x4d8  	Resource Attributes:	-    Process Information:  	Process ID:		0xd84  	Process Name:		C:\Windows\System32\wbem\WmiPrvSE.exe    Access Request Information:  	Transaction ID:		{00000000-0000-0000-0000-000000000000}  	Accesses:		Read from process memory  				Query process information  				Undefined Access (no effect) Bit 12  				  	Access Reasons:		-  	Access Mask:		0x1410  	Privileges Used for Access Check:	-  	Restricted SID Count:	0
2021-05-05T23:38:23.850405+02:00 suricata pcap Oì`¡ˆ2021-05-05T23:38:23.850426+02:00 suricata pcap <14>May  5 23:36:09 win10 Microsoft-Windows-Security-Auditing[4]: A handle to an object was requested.    Subject:  	Security ID:		S-1-5-18  	Account Name:		WIN10$  	Account Domain:		WORKGROUP  	Logon ID:		0x3E7    Object:  	Object Server:		Security  	Object Type:		Process  	Object Name:		\Device\HarddiskVolume2\Windows\System32\lsass.exe  	Handle ID:		0x4d8  	Resource Attributes:	-    Process Information:  	Process ID:		0xd84  	Process Name:		C:\Windows\System32\wbem\WmiPrvSE.exe    Access Request Information:  	Transaction ID:		{00000000-0000-0000-0000-000000000000}  	Accesses:		Read from process memory  				Query process information  				Undefined Access (no effect) Bit 12  				  	Access Reasons:		-  	Access Mask:		0x1410  	Privileges Used for Access Check:	-  	Restricted SID Count:	0
2021-05-05T23:38:23.850450+02:00 suricata pcap Oì`˜2021-05-05T23:38:23.850462+02:00 suricata pcap <14>May  5 23:36:09 win10 Microsoft-Windows-Security-Auditing[4]: The handle to an object was closed.    Subject :  	Security ID:		S-1-5-18  	Account Name:		WIN10$  	Account Domain:		WORKGROUP  	Logon ID:		0x3E7    Object:  	Object Server:		Security  	Handle ID:		0x4d8    Process Information:  	Process ID:		0xd84  	Process Name:		C:\Windows\System32\wbem\WmiPrvSE.exe
2021-05-05T23:38:23.850482+02:00 suricata pcap Oì`9˘2021-05-05T23:38:23.851630+02:00 suricata pcap <14>May  5 23:36:09 win10 Microsoft-Windows-Security-Auditing[4]: The handle to an object was closed.    Subject :  	Security ID:		S-1-5-18  	Account Name:		WIN10$  	Account Domain:		WORKGROUP  	Logon ID:		0x3E7    Object:  	Object Server:		Security  	Handle ID:		0x4d8    Process Information:  	Process ID:		0xd84  	Process Name:		C:\Windows\System32\wbem\WmiPrvSE.exe
2021-05-05T23:38:23.851654+02:00 suricata pcap Oì`ë˘2021-05-05T23:38:23.851666+02:00 suricata pcap <14>May  5 23:36:09 win10 Microsoft-Windows-Security-Auditing[4]: The handle to an object was closed.    Subject :  	Security ID:		S-1-5-18  	Account Name:		WIN10$  	Account Domain:		WORKGROUP  	Logon ID:		0x3E7    Object:  	Object Server:		Security  	Handle ID:		0x4d8    Process Information:  	Process ID:		0xd84  	Process Name:		C:\Windows\System32\wbem\WmiPrvSE.exe
2021-05-05T23:38:23.851685+02:00 suricata pcap Oì`π˘2021-05-05T23:38:23.851701+02:00 suricata pcap Oì`‹˚2021-05-05T23:38:23.851714+02:00 suricata pcap Oì`U¸2021-05-05T23:38:23.851734+02:00 suricata pcap Oì`í¸2021-05-05T23:38:23.852538+02:00 suricata pcap <14>May  5 23:36:09 win10 Microsoft-Windows-Security-Auditing[4]: A handle to an object was requested.    Subject:  	Security ID:		S-1-5-18  	Account Name:		WIN10$  	Account Domain:		WORKGROUP  	Logon ID:		0x3E7    Object:  	Object Server:		Security  	Object Type:		Process  	Object Name:		\Device\HarddiskVolume2\Windows\System32\lsass.exe  	Handle ID:		0x254  	Resource Attributes:	-    Process Information:  	Process ID:		0xd84  	Process Name:		C:\Windows\System32\wbem\WmiPrvSE.exe    Access Request Information:  	Transaction ID:		{00000000-0000-0000-0000-000000000000}  	Accesses:		Read from process memory  				Query process information  				Undefined Access (no effect) Bit 12  				  	Access Reasons:		-  	Access Mask:		0x1410  	Privileges Used for Access Check:	-  	Restricted SID Count:	0
2021-05-05T23:38:23.852568+02:00 suricata pcap Oì`∫˛2021-05-05T23:38:23.852590+02:00 suricata pcap <14>May  5 23:36:09 win10 Microsoft-Windows-Security-Auditing[4]: A handle to an object was requested.    Subject:  	Security ID:		S-1-5-18  	Account Name:		WIN10$  	Account Domain:		WORKGROUP  	Logon ID:		0x3E7    Object:  	Object Server:		Security  	Object Type:		Process  	Object Name:		\Device\HarddiskVolume2\Windows\System32\lsass.exe  	Handle ID:		0x254  	Resource Attributes:	-    Process Information:  	Process ID:		0xd84  	Process Name:		C:\Windows\System32\wbem\WmiPrvSE.exe    Access Request Information:  	Transaction ID:		{00000000-0000-0000-0000-000000000000}  	Accesses:		Read from process memory  				Query process information  				Undefined Access (no effect) Bit 12  				  	Access Reasons:		-  	Access Mask:		0x1410  	Privileges Used for Access Check:	-  	Restricted SID Count:	0
2021-05-05T23:38:23.852604+02:00 suricata pcap Oì`Gˇ2021-05-05T23:38:23.852625+02:00 suricata pcap <14>May  5 23:36:09 win10 Microsoft-Windows-Security-Auditing[4]: A handle to an object was requested.    Subject:  	Security ID:		S-1-5-18  	Account Name:		WIN10$  	Account Domain:		WORKGROUP  	Logon ID:		0x3E7    Object:  	Object Server:		Security  	Object Type:		Process  	Object Name:		\Device\HarddiskVolume2\Windows\System32\lsass.exe  	Handle ID:		0x254  	Resource Attributes:	-    Process Information:  	Process ID:		0xd84  	Process Name:		C:\Windows\System32\wbem\WmiPrvSE.exe    Access Request Information:  	Transaction ID:		{00000000-0000-0000-0000-000000000000}  	Accesses:		Read from process memory  				Query process information  				Undefined Access (no effect) Bit 12  				  	Access Reasons:		-  	Access Mask:		0x1410  	Privileges Used for Access Check:	-  	Restricted SID Count:	0
2021-05-05T23:38:23.852648+02:00 suricata pcap Oì`Üˇ2021-05-05T23:38:28.887886+02:00 suricata pcap Oì`°2021-05-05T23:38:28.887935+02:00 suricata pcap Oì`ˇ2021-05-05T23:38:28.887958+02:00 suricata pcap Oì`-2021-05-05T23:38:28.887973+02:00 suricata pcap Oì`®2021-05-05T23:38:28.887989+02:00 suricata pcap Oì`¸2021-05-05T23:38:28.887999+02:00 suricata pcap Oì`(2021-05-05T23:38:28.888007+02:00 suricata pcap 2021-05-05T23:38:28.888013+02:00 suricata pcap ¿®ã2021-05-05T23:38:28.888019+02:00 suricata pcap 2021-05-05T23:38:28.888025+02:00 suricata pcap ¿®ã2021-05-05T23:38:28.888030+02:00 suricata pcap 2021-05-05T23:38:28.888035+02:00 suricata pcap ¿®ã2021-05-05T23:38:28.888080+02:00 suricata pcap 2021-05-05T23:38:28.888091+02:00 suricata pcap ¿®ã2021-05-05T23:38:28.888097+02:00 suricata pcap 2021-05-05T23:38:28.889971+02:00 suricata pcap ¿®ã2021-05-05T23:38:28.890015+02:00 suricata pcap Tì`2å2021-05-05T23:38:28.890064+02:00 suricata pcap Tì`˝å2021-05-05T23:38:28.890073+02:00 suricata pcap Tì`Êë2021-05-05T23:38:28.890087+02:00 suricata pcap ì2021-05-05T23:38:28.890109+02:00 suricata pcap <14>May  5 23:36:14 win10 Microsoft-Windows-Security-Auditing[4]: A handle to an object was requested.    Subject:  	Security ID:		S-1-5-18  	Account Name:		WIN10$  	Account Domain:		WORKGROUP  	Logon ID:		0x3E7    Object:  	Object Server:		Security  	Object Type:		Process  	Object Name:		\Device\HarddiskVolume2\Windows\System32\lsass.exe  	Handle ID:		0x254  	Resource Attributes:	-    Process Information:  	Process ID:		0xd84  	Process Name:		C:\Windows\System32\wbem\WmiPrvSE.exe    Access Request Information:  	Transaction ID:		{00000000-0000-0000-0000-000000000000}  	Accesses:		Read from process memory  				Query process information  				Undefined Access (no effect) Bit 12  				  	Access Reasons:		-  	Access Mask:		0x1410  	Privileges Used for Access Check:	-  	Restricted SID Count:	0
2021-05-05T23:38:28.890128+02:00 suricata pcap <14>May  5 23:36:14 win10 Microsoft-Windows-Security-Auditing[4]: An attempt was made to access an object.    Subject:  	Security ID:		S-1-5-18  	Account Name:		WIN10$  	Account Domain:		WORKGROUP  	Logon ID:		0x3E7    Object:  	Object Server:		Security  	Object Type:		Process  	Object NTì`!ì2021-05-05T23:38:28.890144+02:00 suricata pcap Tì`%ì2021-05-05T23:38:28.891433+02:00 suricata pcap <14>May  5 23:36:14 win10 Microsoft-Windows-Security-Auditing[4]: A handle to an object was requested.    Subject:  	Security ID:		S-1-5-18  	Account Name:		WIN10$  	Account Domain:		WORKGROUP  	Logon ID:		0x3E7    Object:  	Object Server:		Security  	Object Type:		Process  	Object Name:		\Device\HarddiskVolume2\Windows\System32\lsass.exe  	Handle ID:		0x254  	Resource Attributes:	-    Process Information:  	Process ID:		0xd84  	Process Name:		C:\Windows\System32\wbem\WmiPrvSE.exe    Access Request Information:  	Transaction ID:		{00000000-0000-0000-0000-000000000000}  	Accesses:		Read from process memory  				Query process information  				Undefined Access (no effect) Bit 12  				  	Access Reasons:		-  	Access Mask:		0x1410  	Privileges Used for Access Check:	-  	Restricted SID Count:	0
2021-05-05T23:38:28.891461+02:00 suricata pcap <14>May  5 23:36:14 win10 Microsoft-Windows-Security-Auditing[4]: An attempt was made to access an object.    Subject:  	Security ID:		S-1-5-18  	Account Name:		WIN10$  	Account Domain:		WORKGROUP  	Logon ID:		0x3E7    Object:  	Object Server:		Security  	Object Type:		Process  	Object NTì`ıì2021-05-05T23:38:28.891475+02:00 suricata pcap Tì`î2021-05-05T23:38:28.891521+02:00 suricata pcap <14>May  5 23:36:14 win10 Microsoft-Windows-Security-Auditing[4]: A handle to an object was requested.    Subject:  	Security ID:		S-1-5-18  	Account Name:		WIN10$  	Account Domain:		WORKGROUP  	Logon ID:		0x3E7    Object:  	Object Server:		Security  	Object Type:		Process  	Object Name:		\Device\HarddiskVolume2\Windows\System32\lsass.exe  	Handle ID:		0x254  	Resource Attributes:	-    Process Information:  	Process ID:		0xd84  	Process Name:		C:\Windows\System32\wbem\WmiPrvSE.exe    Access Request Information:  	Transaction ID:		{00000000-0000-0000-0000-000000000000}  	Accesses:		Read from process memory  				Query process information  				Undefined Access (no effect) Bit 12  				  	Access Reasons:		-  	Access Mask:		0x1410  	Privileges Used for Access Check:	-  	Restricted SID Count:	0
2021-05-05T23:38:28.891542+02:00 suricata pcap <14>May  5 23:36:14 win10 Microsoft-Windows-Security-Auditing[4]: An attempt was made to access an object.    Subject:  	Security ID:		S-1-5-18  	Account Name:		WIN10$  	Account Domain:		WORKGROUP  	Logon ID:		0x3E7    Object:  	Object Server:		Security  	Object Type:		Process  	Object NTì`î2021-05-05T23:38:28.891564+02:00 suricata pcap Tì`hî2021-05-05T23:38:33.920569+02:00 suricata pcap Tì`¨ô2021-05-05T23:38:33.920615+02:00 suricata pcap Tì`ö2021-05-05T23:38:33.920629+02:00 suricata pcap Tì`\ö2021-05-05T23:38:33.920635+02:00 suricata pcap 2021-05-05T23:38:33.920642+02:00 suricata pcap ¿®ã2021-05-05T23:38:33.920647+02:00 suricata pcap 2021-05-05T23:38:33.920653+02:00 suricata pcap ¿®ã2021-05-05T23:38:33.920660+02:00 suricata pcap 2021-05-05T23:38:33.920665+02:00 suricata pcap ¿®ã2021-05-05T23:38:33.920671+02:00 suricata pcap 2021-05-05T23:38:33.920677+02:00 suricata pcap ¿®ã2021-05-05T23:38:33.920682+02:00 suricata pcap 2021-05-05T23:38:33.920687+02:00 suricata pcap 2021-05-05T23:38:33.920693+02:00 suricata pcap 2021-05-05T23:38:33.920699+02:00 suricata pcap ¿®ã2021-05-05T23:38:33.920713+02:00 suricata pcap 2021-05-05T23:38:33.920719+02:00 suricata pcap Yì`—¸2021-05-05T23:38:33.920732+02:00 suricata pcap 2021-05-05T23:38:33.920738+02:00 suricata pcap Yì`⁄˝2021-05-05T23:38:33.920752+02:00 suricata pcap 2021-05-05T23:38:33.920771+02:00 suricata pcap Yì`£˛2021-05-05T23:38:33.920801+02:00 suricata pcap <14>May  5 23:36:19 win10 Microsoft-Windows-Security-Auditing[4]: A handle to an object was requested.    Subject:  	Security ID:		S-1-5-18  	Account Name:		WIN10$  	Account Domain:		WORKGROUP  	Logon ID:		0x3E7    Object:  	Object Server:		Security  	Object Type:		Process  	Object Name:		\Device\HarddiskVolume2\Windows\System32\lsass.exe  	Handle ID:		0x438  	Resource Attributes:	-    Process Information:  	Process ID:		0xd84  	Process Name:		C:\Windows\System32\wbem\WmiPrvSE.exe    Access Request Information:  	Transaction ID:		{00000000-0000-0000-0000-000000000000}  	Accesses:		Read from process memory  				Query process information  				Undefined Access (no effect) Bit 12  				  	Access Reasons:		-  	Access Mask:		0x1410  	Privileges Used for Access Check:	-  	Restricted SID Count:	0
2021-05-05T23:38:33.920838+02:00 suricata pcap <14>May  5 23:36:19 win10 Microsoft-Windows-Security-Auditing[4]: An attempt was made to access an object.    Subject:  	Security ID:		S-1-5-18  	Account Name:		WIN10$  	Account Domain:		WORKGROUP  	Logon ID:		0x3E7    Object:  	Object Server:		Security  	Object Type:		Process  	Object NYì`[2021-05-05T23:38:33.920852+02:00 suricata pcap Yì`Ω2021-05-05T23:38:33.920885+02:00 suricata pcap <14>May  5 23:36:19 win10 Microsoft-Windows-Security-Auditing[4]: A handle to an object was requested.    Subject:  	Security ID:		S-1-5-18  	Account Name:		WIN10$  	Account Domain:		WORKGROUP  	Logon ID:		0x3E7    Object:  	Object Server:		Security  	Object Type:		Process  	Object Name:		\Device\HarddiskVolume2\Windows\System32\lsass.exe  	Handle ID:		0x438  	Resource Attributes:	-    Process Information:  	Process ID:		0xd84  	Process Name:		C:\Windows\System32\wbem\WmiPrvSE.exe    Access Request Information:  	Transaction ID:		{00000000-0000-0000-0000-000000000000}  	Accesses:		Read from process memory  				Query process information  				Undefined Access (no effect) Bit 12  				  	Access Reasons:		-  	Access Mask:		0x1410  	Privileges Used for Access Check:	-  	Restricted SID Count:	0
2021-05-05T23:38:33.920903+02:00 suricata pcap <14>May  5 23:36:19 win10 Microsoft-Windows-Security-Auditing[4]: An attempt was made to access an object.    Subject:  	Security ID:		S-1-5-18  	Account Name:		WIN10$  	Account Domain:		WORKGROUP  	Logon ID:		0x3E7    Object:  	Object Server:		Security  	Object Type:		Process  	Object NYì`Õ2021-05-05T23:38:33.920917+02:00 suricata pcap Yì`Ö2021-05-05T23:38:33.922150+02:00 suricata pcap <14>May  5 23:36:19 win10 Microsoft-Windows-Security-Auditing[4]: A handle to an object was requested.    Subject:  	Security ID:		S-1-5-18  	Account Name:		WIN10$  	Account Domain:		WORKGROUP  	Logon ID:		0x3E7    Object:  	Object Server:		Security  	Object Type:		Process  	Object Name:		\Device\HarddiskVolume2\Windows\System32\lsass.exe  	Handle ID:		0x438  	Resource Attributes:	-    Process Information:  	Process ID:		0xd84  	Process Name:		C:\Windows\System32\wbem\WmiPrvSE.exe    Access Request Information:  	Transaction ID:		{00000000-0000-0000-0000-000000000000}  	Accesses:		Read from process memory  				Query process information  				Undefined Access (no effect) Bit 12  				  	Access Reasons:		-  	Access Mask:		0x1410  	Privileges Used for Access Check:	-  	Restricted SID Count:	0
2021-05-05T23:38:33.922180+02:00 suricata pcap <14>May  5 23:36:19 win10 Microsoft-Windows-Security-Auditing[4]: An attempt was made to access an object.    Subject:  	Security ID:		S-1-5-18  	Account Name:		WIN10$  	Account Domain:		WORKGROUP  	Logon ID:		0x3E7    Object:  	Object Server:		Security  	Object Type:		Process  	Object NYì`Y2021-05-05T23:38:33.922201+02:00 suricata pcap Yì`m2021-05-05T23:38:33.922213+02:00 suricata pcap <14>May  5 23:36:20 win10 Microsoft-Windows-Security-Auditing[4]: An attempt was made to duplicate a handle to an object.    Subject:  	Security ID:		S-1-5-18  	Account Name:		WIN10$  	Account Domain:		WORKGROUP  	Logon ID:		0x3E7    Source Handle Information:  	Source Handle ID:	0x250  	Source Process ID:	0xd84    New Handle Information:  	Target Handle ID:	0x1a90  	Target Process ID:	0x4
2021-05-05T23:38:33.922227+02:00 suricata pcap Yì`c2021-05-05T23:38:33.922240+02:00 suricata pcap <14>May  5 23:36:20 win10 Microsoft-Windows-Security-Auditing[4]: An attempt was made to duplicate a handle to an object.    Subject:  	Security ID:		S-1-5-18  	Account Name:		WIN10$  	Account Domain:		WORKGROUP  	Logon ID:		0x3E7    Source Handle Information:  	Source Handle ID:	0x250  	Source Process ID:	0xd84    New Handle Information:  	Target Handle ID:	0x1a90  	Target Process ID:	0x4
2021-05-05T23:38:33.922259+02:00 suricata pcap Yì`a2021-05-05T23:38:33.922868+02:00 suricata pcap <14>May  5 23:36:20 win10 Microsoft-Windows-Security-Auditing[4]: A handle to an object was requested.    Subject:  	Security ID:		S-1-5-18  	Account Name:		WIN10$  	Account Domain:		WORKGROUP  	Logon ID:		0x3E7    Object:  	Object Server:		Security  	Object Type:		Process  	Object Name:		\Device\HarddiskVolume2\Windows\System32\lsass.exe  	Handle ID:		0x250  	Resource Attributes:	-    Process Information:  	Process ID:		0xd84  	Process Name:		C:\Windows\System32\wbem\WmiPrvSE.exe    Access Request Information:  	Transaction ID:		{00000000-0000-0000-0000-000000000000}  	Accesses:		Read from process memory  				Query process information  				Undefined Access (no effect) Bit 12  				  	Access Reasons:		-  	Access Mask:		0x1410  	Privileges Used for Access Check:	-  	Restricted SID Count:	0
2021-05-05T23:38:33.922890+02:00 suricata pcap Yì`“2021-05-05T23:38:33.922904+02:00 suricata pcap <14>May  5 23:36:20 win10 Microsoft-Windows-Security-Auditing[4]: An attempt was made to duplicate a handle to an object.    Subject:  	Security ID:		S-1-5-18  	Account Name:		WIN10$  	Account Domain:		WORKGROUP  	Logon ID:		0x3E7    Source Handle Information:  	Source Handle ID:	0x250  	Source Process ID:	0xd84    New Handle Information:  	Target Handle ID:	0x1a90  	Target Process ID:	0x4
2021-05-05T23:38:33.922919+02:00 suricata pcap Yì``2021-05-05T23:38:33.922940+02:00 suricata pcap <14>May  5 23:36:20 win10 Microsoft-Windows-Security-Auditing[4]: A handle to an object was requested.    Subject:  	Security ID:		S-1-5-18  	Account Name:		WIN10$  	Account Domain:		WORKGROUP  	Logon ID:		0x3E7    Object:  	Object Server:		Security  	Object Type:		Process  	Object Name:		\Device\HarddiskVolume2\Windows\System32\lsass.exe  	Handle ID:		0x250  	Resource Attributes:	-    Process Information:  	Process ID:		0xd84  	Process Name:		C:\Windows\System32\wbem\WmiPrvSE.exe    Access Request Information:  	Transaction ID:		{00000000-0000-0000-0000-000000000000}  	Accesses:		Read from process memory  				Query process information  				Undefined Access (no effect) Bit 12  				  	Access Reasons:		-  	Access Mask:		0x1410  	Privileges Used for Access Check:	-  	Restricted SID Count:	0
2021-05-05T23:38:33.922957+02:00 suricata pcap Yì`2021-05-05T23:38:33.922979+02:00 suricata pcap <14>May  5 23:36:20 win10 Microsoft-Windows-Security-Auditing[4]: A handle to an object was requested.    Subject:  	Security ID:		S-1-5-18  	Account Name:		WIN10$  	Account Domain:		WORKGROUP  	Logon ID:		0x3E7    Object:  	Object Server:		Security  	Object Type:		Process  	Object Name:		\Device\HarddiskVolume2\Windows\System32\lsass.exe  	Handle ID:		0x250  	Resource Attributes:	-    Process Information:  	Process ID:		0xd84  	Process Name:		C:\Windows\System32\wbem\WmiPrvSE.exe    Access Request Information:  	Transaction ID:		{00000000-0000-0000-0000-000000000000}  	Accesses:		Read from process memory  				Query process information  				Undefined Access (no effect) Bit 12  				  	Access Reasons:		-  	Access Mask:		0x1410  	Privileges Used for Access Check:	-  	Restricted SID Count:	0
2021-05-05T23:38:35.578603+02:00 suricata pcap Yì`õ2021-05-05T23:38:35.578630+02:00 suricata pcap Yì`è
2021-05-05T23:38:35.578651+02:00 suricata pcap 2021-05-05T23:38:35.578675+02:00 suricata pcap Yì`˝	2021-05-05T23:38:35.578684+02:00 suricata pcap Yì`¥
2021-05-05T23:38:35.578694+02:00 suricata pcap 2021-05-05T23:38:35.578721+02:00 suricata pcap 2021-05-05T23:38:35.578792+02:00 suricata pcap Yì`d2021-05-05T23:38:35.578807+02:00 suricata pcap Yì`ä2021-05-05T23:38:35.578816+02:00 suricata pcap Yì`ã2021-05-05T23:38:35.578821+02:00 suricata pcap 2021-05-05T23:38:35.578849+02:00 suricata pcap ¿®ã2021-05-05T23:38:35.578856+02:00 suricata pcap _∂ªg$¢2021-05-05T23:38:38.978366+02:00 suricata pcap _∂ªg$¢2021-05-05T23:38:38.978407+02:00 suricata pcap [ì`∑‘2021-05-05T23:38:38.978419+02:00 suricata pcap [ì`’2021-05-05T23:38:38.978428+02:00 suricata pcap [ì`í’2021-05-05T23:38:38.978435+02:00 suricata pcap [ì`é@
2021-05-05T23:38:38.978440+02:00 suricata pcap 2021-05-05T23:38:38.978445+02:00 suricata pcap 2021-05-05T23:38:38.978450+02:00 suricata pcap 2021-05-05T23:38:38.978461+02:00 suricata pcap ¿®ã2021-05-05T23:38:38.978471+02:00 suricata pcap \ì`i”2021-05-05T23:38:38.978476+02:00 suricata pcap \ì`J¨
2021-05-05T23:38:38.978482+02:00 suricata pcap 2021-05-05T23:38:38.978487+02:00 suricata pcap 2021-05-05T23:38:38.978493+02:00 suricata pcap 2021-05-05T23:38:38.978499+02:00 suricata pcap ¿®ã2021-05-05T23:38:38.978505+02:00 suricata pcap 2021-05-05T23:38:38.978510+02:00 suricata pcap 2021-05-05T23:38:38.978516+02:00 suricata pcap ¿®ã2021-05-05T23:38:38.978522+02:00 suricata pcap 2021-05-05T23:38:38.978527+02:00 suricata pcap 2021-05-05T23:38:38.978542+02:00 suricata pcap ¿®ã2021-05-05T23:38:38.978557+02:00 suricata pcap ^ì`$‡2021-05-05T23:38:38.978580+02:00 suricata pcap <14>May  5 23:36:25 win10 Microsoft-Windows-Security-Auditing[4]: A handle to an object was requested.    Subject:  	Security ID:		S-1-5-18  	Account Name:		WIN10$  	Account Domain:		WORKGROUP  	Logon ID:		0x3E7    Object:  	Object Server:		Security  	Object Type:		Process  	Object Name:		\Device\HarddiskVolume2\Windows\System32\lsass.exe  	Handle ID:		0x438  	Resource Attributes:	-    Process Information:  	Process ID:		0xd84  	Process Name:		C:\Windows\System32\wbem\WmiPrvSE.exe    Access Request Information:  	Transaction ID:		{00000000-0000-0000-0000-000000000000}  	Accesses:		Read from process memory  				Query process information  				Undefined Access (no effect) Bit 12  				  	Access Reasons:		-  	Access Mask:		0x1410  	Privileges Used for Access Check:	-  	Restricted SID Count:	0
2021-05-05T23:38:38.979678+02:00 suricata pcap <14>May  5 23:36:25 win10 Microsoft-Windows-Security-Auditing[4]: An attempt was made to access an object.    Subject:  	Security ID:		S-1-5-18  	Account Name:		WIN10$  	Account Domain:		WORKGROUP  	Logon ID:		0x3E7    Object:  	Object Server:		Security  	Object Type:		Process  	Object N^ì`3‡2021-05-05T23:38:38.979717+02:00 suricata pcap ^ì`Ù·2021-05-05T23:38:38.979733+02:00 suricata pcap ^ì`µ‡2021-05-05T23:38:38.979747+02:00 suricata pcap ^ì`‚2021-05-05T23:38:38.979769+02:00 suricata pcap <14>May  5 23:36:25 win10 Microsoft-Windows-Security-Auditing[4]: A handle to an object was requested.    Subject:  	Security ID:		S-1-5-18  	Account Name:		WIN10$  	Account Domain:		WORKGROUP  	Logon ID:		0x3E7    Object:  	Object Server:		Security  	Object Type:		Process  	Object Name:		\Device\HarddiskVolume2\Windows\System32\lsass.exe  	Handle ID:		0x438  	Resource Attributes:	-    Process Information:  	Process ID:		0xd84  	Process Name:		C:\Windows\System32\wbem\WmiPrvSE.exe    Access Request Information:  	Transaction ID:		{00000000-0000-0000-0000-000000000000}  	Accesses:		Read from process memory  				Query process information  				Undefined Access (no effect) Bit 12  				  	Access Reasons:		-  	Access Mask:		0x1410  	Privileges Used for Access Check:	-  	Restricted SID Count:	0
2021-05-05T23:38:38.979810+02:00 suricata pcap <14>May  5 23:36:25 win10 Microsoft-Windows-Security-Auditing[4]: An attempt was made to access an object.    Subject:  	Security ID:		S-1-5-18  	Account Name:		WIN10$  	Account Domain:		WORKGROUP  	Logon ID:		0x3E7    Object:  	Object Server:		Security  	Object Type:		Process  	Object N^ì`˜‡2021-05-05T23:38:38.979831+02:00 suricata pcap <14>May  5 23:36:25 win10 Microsoft-Windows-Security-Auditing[4]: A handle to an object was requested.    Subject:  	Security ID:		S-1-5-18  	Account Name:		WIN10$  	Account Domain:		WORKGROUP  	Logon ID:		0x3E7    Object:  	Object Server:		Security  	Object Type:		Process  	Object Name:		\Device\HarddiskVolume2\Windows\System32\lsass.exe  	Handle ID:		0x438  	Resource Attributes:	-    Process Information:  	Process ID:		0xd84  	Process Name:		C:\Windows\System32\wbem\WmiPrvSE.exe    Access Request Information:  	Transaction ID:		{00000000-0000-0000-0000-000000000000}  	Accesses:		Read from process memory  				Query process information  				Undefined Access (no effect) Bit 12  				  	Access Reasons:		-  	Access Mask:		0x1410  	Privileges Used for Access Check:	-  	Restricted SID Count:	0
2021-05-05T23:38:38.981032+02:00 suricata pcap <14>May  5 23:36:25 win10 Microsoft-Windows-Security-Auditing[4]: An attempt was made to access an object.    Subject:  	Security ID:		S-1-5-18  	Account Name:		WIN10$  	Account Domain:		WORKGROUP  	Logon ID:		0x3E7    Object:  	Object Server:		Security  	Object Type:		Process  	Object N^ì`/‚2021-05-05T23:38:38.981052+02:00 suricata pcap ^ì`s·2021-05-05T23:38:38.981078+02:00 suricata pcap ^ì`\‚2021-05-05T23:38:38.981091+02:00 suricata pcap <14>May  5 23:36:25 win10 Microsoft-Windows-Security-Auditing[4]: An attempt was made to duplicate a handle to an object.    Subject:  	Security ID:		S-1-5-18  	Account Name:		WIN10$  	Account Domain:		WORKGROUP  	Logon ID:		0x3E7    Source Handle Information:  	Source Handle ID:	0x438  	Source Process ID:	0xd84    New Handle Information:  	Target Handle ID:	0x2584  	Target Process ID:	0x4
2021-05-05T23:38:38.981102+02:00 suricata pcap <14>May  5 23:36:25 win10 Microsoft-Windows-Security-Auditing[4]: The handle to an object was closed.    Subject :  	Security ID:		S-1-5-18  	Account Name:		WIN10$  	Account Domain:		WORKGROUP  	Logon ID:		0x3E7    Object:  	Object Server:		Security  	Handle ID:		0x2584    Process Information:  	Process ID:		0xd84  	Process Name:		C:\Windows\System32\wbem\WmiPrvSE.exe
2021-05-05T23:38:38.981128+02:00 suricata pcap <14>May  5 23:36:25 win10 Microsoft-Windows-Security-Auditing[4]: A handle to an object was requested.    Subject:  	Security ID:		S-1-5-18  	Account Name:		WIN10$  	Account Domain:		WORKGROUP  	Logon ID:		0x3E7    Object:  	Object Server:		Security  	Object Type:		Process  	Object Name:		\Device\HarddiskVolume2\Windows\S^ì`”„2021-05-05T23:38:38.981656+02:00 suricata pcap ^ì`˚„2021-05-05T23:38:38.981687+02:00 suricata pcap <14>May  5 23:36:25 win10 Microsoft-Windows-Security-Auditing[4]: An attempt was made to duplicate a handle to an object.    Subject:  	Security ID:		S-1-5-18  	Account Name:		WIN10$  	Account Domain:		WORKGROUP  	Logon ID:		0x3E7    Source Handle Information:  	Source Handle ID:	0x438  	Source Process ID:	0xd84    New Handle Information:  	Target Handle ID:	0x2584  	Target Process ID:	0x4
2021-05-05T23:38:38.981700+02:00 suricata pcap <14>May  5 23:36:25 win10 Microsoft-Windows-Security-Auditing[4]: The handle to an object was closed.    Subject :  	Security ID:		S-1-5-18  	Account Name:		WIN10$  	Account Domain:		WORKGROUP  	Logon ID:		0x3E7    Object:  	Object Server:		Security  	Handle ID:		0x2584    Process Information:  	Process ID:		0xd84  	Process Name:		C:\Windows\System32\wbem\WmiPrvSE.exe
2021-05-05T23:38:38.981754+02:00 suricata pcap <14>May  5 23:36:25 win10 Microsoft-Windows-Security-Auditing[4]: A handle to an object was requested.    Subject:  	Security ID:		S-1-5-18  	Account Name:		WIN10$  	Account Domain:		WORKGROUP  	Logon ID:		0x3E7    Object:  	Object Server:		Security  	Object Type:		Process  	Object Name:		\Device\HarddiskVolume2\Windows\S^ì`≤È2021-05-05T23:38:38.981772+02:00 suricata pcap ^ì`:Â2021-05-05T23:38:38.981801+02:00 suricata pcap ^ì`Í2021-05-05T23:38:38.981815+02:00 suricata pcap <14>May  5 23:36:25 win10 Microsoft-Windows-Security-Auditing[4]: An attempt was made to duplicate a handle to an object.    Subject:  	Security ID:		S-1-5-18  	Account Name:		WIN10$  	Account Domain:		WORKGROUP  	Logon ID:		0x3E7    Source Handle Information:  	Source Handle ID:	0x438  	Source Process ID:	0xd84    New Handle Information:  	Target Handle ID:	0x2584  	Target Process ID:	0x4
2021-05-05T23:38:38.981828+02:00 suricata pcap <14>May  5 23:36:25 win10 Microsoft-Windows-Security-Auditing[4]: The handle to an object was closed.    Subject :  	Security ID:		S-1-5-18  	Account Name:		WIN10$  	Account Domain:		WORKGROUP  	Logon ID:		0x3E7    Object:  	Object Server:		Security  	Handle ID:		0x2584    Process Information:  	Process ID:		0xd84  	Process Name:		C:\Windows\System32\wbem\WmiPrvSE.exe
2021-05-05T23:38:38.982207+02:00 suricata pcap <14>May  5 23:36:25 win10 Microsoft-Windows-Security-Auditing[4]: A handle to an object was requested.    Subject:  	Security ID:		S-1-5-18  	Account Name:		WIN10$  	Account Domain:		WORKGROUP  	Logon ID:		0x3E7    Object:  	Object Server:		Security  	Object Type:		Process  	Object Name:		\Device\HarddiskVolume2\Windows\S^ì`Ì2021-05-05T23:38:38.982233+02:00 suricata pcap <14>May  5 23:36:25 win10 Microsoft-Windows-Security-Auditing[4]: An attempt was made to duplicate a handle to an object.    Subject:  	Security ID:		S-1-5-18  	Account Name:		WIN10$  	Account Domain:		WORKGROUP  	Logon ID:		0x3E7    Source Handle Information:  	Source Handle ID:	0x438  	Source Process ID:	0xd84    New Handle Information:  	Target Handle ID:	0x1a90  	Target Process ID:	0x4
2021-05-05T23:38:38.982254+02:00 suricata pcap <14>May  5 23:36:25 win10 Microsoft-Windows-Security-Auditing[4]: The handle to an object was closed.    Subject :  	Security ID:		S-1-5-18  	Account Name:		WIN10$  	Account Domain:		WORKGROUP  	Logon ID:		0x3E7    Object:  	Object Server:		Security  	Handle ID:		0x1a90    Process Information:  	Process ID:		0xd84  	Process Name:		C:\Windows\System32\wbem\WmiPrvSE.exe
2021-05-05T23:38:38.982284+02:00 suricata pcap ^ì`≈Â2021-05-05T23:38:38.982315+02:00 suricata pcap ^ì`ÉÌ2021-05-05T23:38:38.982337+02:00 suricata pcap ^ì``2021-05-05T23:38:38.982348+02:00 suricata pcap <14>May  5 23:36:25 win10 Microsoft-Windows-Security-Auditing[4]: The handle to an object was closed.    Subject :  	Security ID:		S-1-5-18  	Account Name:		WIN10$  	Account Domain:		WORKGROUP  	Logon ID:		0x3E7    Object:  	Object Server:		Security  	Handle ID:		0x438    Process Information:  	Process ID:		0xd84  	Process Name:		C:\Windows\System32\wbem\WmiPrvSE.exe
2021-05-05T23:38:38.982925+02:00 suricata pcap <14>May  5 23:36:25 win10 Microsoft-Windows-Security-Auditing[4]: An attempt was made to duplicate a handle to an object.    Subject:  	Security ID:		S-1-5-18  	Account Name:		WIN10$  	Account Domain:		WORKGROUP  	Logon ID:		0x3E7    Source Handle Information:  	Source Handle ID:	0x564  	Source Process ID:	0xd84    New Handle Information:  	Target Handle ID:	0x1a90  	Target Process ID:	0x4
2021-05-05T23:38:38.982969+02:00 suricata pcap ^ì`Á2021-05-05T23:38:38.982992+02:00 suricata pcap <14>May  5 23:36:25 win10 Microsoft-Windows-Security-Auditing[4]: A handle to an object was requested.    Subject:  	Security ID:		S-1-5-18  	Account Name:		WIN10$  	Account Domain:		WORKGROUP  	Logon ID:		0x3E7    Object:  	Object Server:		Security  	Object Type:		Process  	Object Name:		\Device\HarddiskVolume2\Windows\System32\lsass.exe  	Handle ID:		0x564  	Resource Attributes:	-    Process Information:  	Process ID:		0xd84  	Process Name:		C:\Windows\System32\wbem\WmiPrvSE.exe    Access Request Information:  	Transaction ID:		{00000000-0000-0000-0000-000000000000}  	Accesses:		Read from process memory  				Query process information  				Undefined Access (no effect) Bit 12  				  	Access Reasons:		-  	Access Mask:		0x1410  	Privileges Used for Access Check:	-  	Restricted SID Count:	0
2021-05-05T23:38:38.983013+02:00 suricata pcap ^ì`πÁ2021-05-05T23:38:38.983034+02:00 suricata pcap ^ì`$˚2021-05-05T23:38:38.983053+02:00 suricata pcap ^ì`X˚2021-05-05T23:38:38.983066+02:00 suricata pcap <14>May  5 23:36:25 win10 Microsoft-Windows-Security-Auditing[4]: The handle to an object was closed.    Subject :  	Security ID:		S-1-5-18  	Account Name:		WIN10$  	Account Domain:		WORKGROUP  	Logon ID:		0x3E7    Object:  	Object Server:		Security  	Handle ID:		0x564    Process Information:  	Process ID:		0xd84  	Process Name:		C:\Windows\System32\wbem\WmiPrvSE.exe
2021-05-05T23:38:38.983731+02:00 suricata pcap <14>May  5 23:36:25 win10 Microsoft-Windows-Security-Auditing[4]: An attempt was made to duplicate a handle to an object.    Subject:  	Security ID:		S-1-5-18  	Account Name:		WIN10$  	Account Domain:		WORKGROUP  	Logon ID:		0x3E7    Source Handle Information:  	Source Handle ID:	0x564  	Source Process ID:	0xd84    New Handle Information:  	Target Handle ID:	0x1a90  	Target Process ID:	0x4
2021-05-05T23:38:38.983758+02:00 suricata pcap <14>May  5 23:36:25 win10 Microsoft-Windows-Security-Auditing[4]: The handle to an object was closed.    Sub^ì`~Í2021-05-05T23:38:38.983772+02:00 suricata pcap ^ì`!Ï2021-05-05T23:38:38.983786+02:00 suricata pcap <14>May  5 23:36:25 win10 Microsoft-Windows-Security-Auditing[4]: An attempt was made to duplicate a handle to an object.    Subject:  	Security ID:		S-1-5-18  	Account Name:		WIN10$  	Account Domain:		WORKGROUP  	Logon ID:		0x3E7    Source Handle Information:  	Source Handle ID:	0x438  	Source Process ID:	0xd84    New Handle Information:  	Target Handle ID:	0x1a90  	Target Process ID:	0x4
2021-05-05T23:38:38.983798+02:00 suricata pcap <14>May  5 23:36:25 win10 Microsoft-Windows-Security-Auditing[4]: The handle to an object was closed.    Subject :  	Security ID:		S-1-5-18  	Account Name:		WIN10$  	Account Domain:		WORKGROUP  	Logon ID:		0x3E7    Object:  	Object Server:		Security  	Handle ID:		0x1a90    Process Information:  	Process ID:		0xd84  	Process Name:		C:\Windows\System32\wbem\WmiPrvSE.exe
2021-05-05T23:38:38.983813+02:00 suricata pcap ^ì` ¸2021-05-05T23:38:38.983825+02:00 suricata pcap <14>May  5 23:36:25 win10 Microsoft-Windows-Security-Auditing[4]: An attempt was made to duplicate a handle to an object.    Subject:  	Security ID:		S-1-5-18  	Account Name:		WIN10$  	Account Domain:		WORKGROUP  	Logon ID:		0x3E7    Source Handle Information:  	Source Handle ID:	0x438  	Source Process ID:	0xd84    New Handle Information:  	Target Handle ID:	0x1a90  	Target Process ID:	0x4
2021-05-05T23:38:38.983836+02:00 suricata pcap <14>May  5 23:36:25 win10 Microsoft-Windows-Security-Auditing[4]: The handle to an object was closed.    Subject :  	Security ID:		S-1-5-18  	Account Name:		WIN10$  	Account Domain:		WORKGROUP  	Logon ID:		0x3E7    Object:  	Object Server:		Security  	Handle ID:		0x1a90    Process Information:  	Process ID:		0xd84  	Process Name:		C:\Windows\System32\wbem\WmiPrvSE.exe
2021-05-05T23:38:38.984350+02:00 suricata pcap ^ì`8˛2021-05-05T23:38:38.984382+02:00 suricata pcap <14>May  5 23:36:25 win10 Microsoft-Windows-Security-Auditing[4]: An attempt was made to access an object.    Subject:  	Security ID:		S-1-5-18  	Account Name:		WIN10$  	Account Domain:		WORKGROUP  	Logon ID:		0x3E7    Object:  	Object Server:		Security  	Object Type:		Process  	Object Name:		\Device\HarddiskVolume2\Windows\System32\lsass.exe  	Handle ID:		0x564  	Resource Attributes:	-    Process Information:  	Process ID:		0xd84  	Process Name:		C:\Windows\System32\wbem\WmiPrvSE.exe    Access Request Information:  	Accesses:		Read from process memory  				  	Access Mask:		0x10
2021-05-05T23:38:38.984411+02:00 suricata pcap ^ì` Ì2021-05-05T23:38:38.984449+02:00 suricata pcap ^ì`dÓ2021-05-05T23:38:38.984475+02:00 suricata pcap ^ì`2021-05-05T23:38:38.984487+02:00 suricata pcap <14>May  5 23:36:25 win10 Microsoft-Windows-Security-Auditing[4]: The handle to an object was closed.    Subject :  	Security ID:		S-1-5-18  	Account Name:		WIN10$  	Account Domain:		WORKGROUP  	Logon ID:		0x3E7    Object:  	Object Server:		Security  	Handle ID:		0x1a90    Process Information:  	Process ID:		0xd84  	Process Name:		C:\Windows\System32\wbem\WmiPrvSE.exe
2021-05-05T23:38:38.984510+02:00 suricata pcap ^ì`∂Ô2021-05-05T23:38:38.984795+02:00 suricata pcap ^ì`ä2021-05-05T23:38:38.984819+02:00 suricata pcap <14>May  5 23:36:25 win10 Microsoft-Windows-Security-Auditing[4]: An attempt was made to access an object.    Subject:  	Security ID:		S-1-5-18  	Account Name:		WIN10$  	Account Domain:		WORKGROUP  	Logon ID:		0x3E7    Object:  	Object Server:		Security  	Object Type:		Process  	Object Name:		\Device\HarddiskVolume2\Windows\System32\lsass.exe  	Handle ID:		0x618  	Resource Attributes:	-    Process Information:  	Process ID:		0xd84  	Process Name:		C:\Windows\System32\wbem\WmiPrvSE.exe    Access Request Information:  	Accesses:		Read from process memory  				  	Access Mask:		0x10
2021-05-05T23:38:38.984843+02:00 suricata pcap <14>May  5 23:36:25 win10 Microsoft-Windows-Security-Auditing[4]: The han^ì`?Ò2021-05-05T23:38:38.984854+02:00 suricata pcap <14>May  5 23:36:25 win10 Microsoft-Windows-Security-Auditing[4]: The handle to an object was closed.    Subject :  	Security ID:		S-1-5-18  	Account Name:		WIN10$  	Account Domain:		WORKGROUP  	Logon ID:		0x3E7    Object:  	Object Server:		Security  	Handle ID:		0x438    Process Information:  	Process ID:		0xd84  	Process Name:		C:\Windows\System32\wbem\WmiPrvSE.exe
