2021-05-05T23:08:28.085997+02:00 suricata pcap L	ì`N2021-05-05T23:08:28.087445+02:00 suricata pcap <14>May  5 23:06:14 win10 Microsoft-Windows-Security-Auditing[4]: A handle to an object was requested.    Subject:  	Security ID:		S-1-5-18  	Account Name:		WIN10$  	Account Domain:		WORKGROUP  	Logon ID:		0x3E7    Object:  	Object Server:		Security  	Object Type:		Process  	Object Name:		\Device\HarddiskVolume2\Windows\System32\lsass.exe  	Handle ID:		0x460  	Resource Attributes:	-    Process Information:  	Process ID:		0xd84  	Process Name:		C:\Windows\System32\wbem\WmiPrvSE.exe    Access Request Information:  	Transaction ID:		{00000000-0000-0000-0000-000000000000}  	Accesses:		Read from process memory  				Query process information  				Undefined Access (no effect) Bit 12  				  	Access Reasons:		-  	Access Mask:		0x1410  	Privileges Used for Access Check:	-  	Restricted SID Count:	0
2021-05-05T23:08:28.087481+02:00 suricata pcap L	ì`~N2021-05-05T23:08:28.087494+02:00 suricata pcap <14>May  5 23:06:14 win10 Microsoft-Windows-Security-Auditing[4]: The handle to an object was closed.    Subject :  	Security ID:		S-1-5-18  	Account Name:		WIN10$  	Account Domain:		WORKGROUP  	Logon ID:		0x3E7    Object:  	Object Server:		Security  	Handle ID:		0x460    Process Information:  	Process ID:		0xd84  	Process Name:		C:\Windows\System32\wbem\WmiPrvSE.exe
2021-05-05T23:08:28.087518+02:00 suricata pcap L	ì`«Q2021-05-05T23:08:28.087540+02:00 suricata pcap <14>May  5 23:06:14 win10 Microsoft-Windows-Security-Auditing[4]: The handle to an object was closed.    Subject :  	Security ID:		S-1-5-18  	Account Name:		WIN10$  	Account Domain:		WORKGROUP  	Logon ID:		0x3E7    Object:  	Object Server:		Security  	Handle ID:		0x460    Process Information:  	Process ID:		0xd84  	Process Name:		C:\Windows\System32\wbem\WmiPrvSE.exe
2021-05-05T23:08:28.087671+02:00 suricata pcap L	ì`1R2021-05-05T23:08:28.087697+02:00 suricata pcap <14>May  5 23:06:14 win10 Microsoft-Windows-Security-Auditing[4]: The handle to an object was closed.    Subject :  	Security ID:		S-1-5-18  	Account Name:		WIN10$  	Account Domain:		WORKGROUP  	Logon ID:		0x3E7    Object:  	Object Server:		Security  	Handle ID:		0x460    Process Information:  	Process ID:		0xd84  	Process Name:		C:\Windows\System32\wbem\WmiPrvSE.exe
2021-05-05T23:08:28.088636+02:00 suricata pcap L	ì`ÅR2021-05-05T23:08:28.088658+02:00 suricata pcap <14>May  5 23:06:14 win10 Microsoft-Windows-Security-Auditing[4]: The handle to an object was closed.    Subject :  	Security ID:		S-1-5-18  	Account Name:		WIN10$  	Account Domain:		WORKGROUP  	Logon ID:		0x3E7    Object:  	Object Server:		Security  	Handle ID:		0x2418    Process Information:  	Process ID:		0xd84  	Process Name:		C:\Windows\System32\wbem\WmiPrvSE.exe
2021-05-05T23:08:28.088673+02:00 suricata pcap L	ì`ÆU2021-05-05T23:08:28.088685+02:00 suricata pcap <14>May  5 23:06:14 win10 Microsoft-Windows-Security-Auditing[4]: The handle to an object was closed.    Subject :  	Security ID:		S-1-5-18  	Account Name:		WIN10$  	Account Domain:		WORKGROUP  	Logon ID:		0x3E7    Object:  	Object Server:		Security  	Handle ID:		0x2418    Process Information:  	Process ID:		0xd84  	Process Name:		C:\Windows\System32\wbem\WmiPrvSE.exe
2021-05-05T23:08:28.088703+02:00 suricata pcap L	ì`V2021-05-05T23:08:28.088716+02:00 suricata pcap <14>May  5 23:06:14 win10 Microsoft-Windows-Security-Auditing[4]: The handle to an object was closed.    Subject :  	Security ID:		S-1-5-18  	Account Name:		WIN10$  	Account Domain:		WORKGROUP  	Logon ID:		0x3E7    Object:  	Object Server:		Security  	Handle ID:		0x2418    Process Information:  	Process ID:		0xd84  	Process Name:		C:\Windows\System32\wbem\WmiPrvSE.exe
2021-05-05T23:08:28.088750+02:00 suricata pcap L	ì`ZV2021-05-05T23:08:28.089819+02:00 suricata pcap L	ì`4Y2021-05-05T23:08:28.089859+02:00 suricata pcap L	ì`?Y2021-05-05T23:08:28.089895+02:00 suricata pcap L	ì`ÑY2021-05-05T23:08:28.089939+02:00 suricata pcap L	ì`g[2021-05-05T23:08:28.089960+02:00 suricata pcap L	ì`‰[2021-05-05T23:08:28.089991+02:00 suricata pcap L	ì`\2021-05-05T23:08:28.091426+02:00 suricata pcap L	ì`8^2021-05-05T23:08:28.091448+02:00 suricata pcap L	ì`ß^2021-05-05T23:08:28.091467+02:00 suricata pcap L	ì`◊^2021-05-05T23:08:28.091481+02:00 suricata pcap L	ì`8a2021-05-05T23:08:28.091497+02:00 suricata pcap L	ì`˘a2021-05-05T23:08:28.091546+02:00 suricata pcap L	ì`!b2021-05-05T23:08:28.091563+02:00 suricata pcap <14>May  5 23:06:14 win10 Microsoft-Windows-Security-Auditing[4]: A handle to an object was requested.    Subject:  	Security ID:		S-1-5-18  	Account Name:		WIN10$  	Account Domain:		WORKGROUP  	Logon ID:		0x3E7    Object:  	Object Server:		Security  	Object Type:		Process  	Object Name:		\Device\HarddiskVolume2\Windows\System32\lsass.exe  	Handle ID:		0x554  	Resource Attributes:	-    Process Information:  	Process ID:		0xd84  	Process Name:		C:\Windows\System32\wbem\WmiPrvSE.exe    Access Request Information:  	Transaction ID:		{00000000-0000-0000-0000-000000000000}  	Accesses:		Read from process memory  				Query process information  				Undefined Access (no effect) Bit 12  				  	Access Reasons:		-  	Access Mask:		0x1410  	Privileges Used for Access Check:	-  	Restricted SID Count:	0
2021-05-05T23:08:28.092356+02:00 suricata pcap L	ì`ïd2021-05-05T23:08:28.092376+02:00 suricata pcap <14>May  5 23:06:14 win10 Microsoft-Windows-Security-Auditing[4]: A handle to an object was requested.    Subject:  	Security ID:		S-1-5-18  	Account Name:		WIN10$  	Account Domain:		WORKGROUP  	Logon ID:		0x3E7    Object:  	Object Server:		Security  	Object Type:		Process  	Object Name:		\Device\HarddiskVolume2\Windows\System32\lsass.exe  	Handle ID:		0x554  	Resource Attributes:	-    Process Information:  	Process ID:		0xd84  	Process Name:		C:\Windows\System32\wbem\WmiPrvSE.exe    Access Request Information:  	Transaction ID:		{00000000-0000-0000-0000-000000000000}  	Accesses:		Read from process memory  				Query process information  				Undefined Access (no effect) Bit 12  				  	Access Reasons:		-  	Access Mask:		0x1410  	Privileges Used for Access Check:	-  	Restricted SID Count:	0
2021-05-05T23:08:28.092378+02:00 suricata pcap L	ì`
2021-05-05T23:08:28.092388+02:00 suricata pcap e2021-05-05T23:08:28.092403+02:00 suricata pcap <14>May  5 23:06:14 win10 Microsoft-Windows-Security-Auditing[4]: A handle to an object was requested.    Subject:  	Security ID:		S-1-5-18  	Account Name:		WIN10$  	Account Domain:		WORKGROUP  	Logon ID:		0x3E7    Object:  	Object Server:		Security  	Object Type:		Process  	Object Name:		\Device\HarddiskVolume2\Windows\System32\lsass.exe  	Handle ID:		0x554  	Resource Attributes:	-    Process Information:  	Process ID:		0xd84  	Process Name:		C:\Windows\System32\wbem\WmiPrvSE.exe    Access Request Information:  	Transaction ID:		{00000000-0000-0000-0000-000000000000}  	Accesses:		Read from process memory  				Query process information  				Undefined Access (no effect) Bit 12  				  	Access Reasons:		-  	Access Mask:		0x1410  	Privileges Used for Access Check:	-  	Restricted SID Count:	0
2021-05-05T23:08:28.092420+02:00 suricata pcap L	ì`%e2021-05-05T23:08:28.092434+02:00 suricata pcap L	ì`Òg2021-05-05T23:08:28.093804+02:00 suricata pcap L	ì`[h2021-05-05T23:08:28.093823+02:00 suricata pcap L	ì`vh2021-05-05T23:08:28.093833+02:00 suricata pcap L	ì`†j2021-05-05T23:08:28.093844+02:00 suricata pcap L	ì`:k2021-05-05T23:08:28.093858+02:00 suricata pcap L	ì`@k2021-05-05T23:08:28.093866+02:00 suricata pcap <14>May  5 23:06:14 win10 Microsoft-Windows-Security-Auditing[4]: The handle to an object was closed.    Subject :  	Security ID:		S-1-5-18  	Account Name:		WIN10$  	Account Domain:		WORKGROUP  	Logon ID:		0x3E7    Object:  	Object Server:		Security  	Handle ID:		0x309c    Process Information:  	Process ID:		0xd84  	Process Name:		C:\Windows\System32\wbem\WmiPrvSE.exe
2021-05-05T23:08:28.093878+02:00 suricata pcap L	ì`ßm2021-05-05T23:08:28.093886+02:00 suricata pcap <14>May  5 23:06:14 win10 Microsoft-Windows-Security-Auditing[4]: The handle to an object was closed.    Subject :  	Security ID:		S-1-5-18  	Account Name:		WIN10$  	Account Domain:		WORKGROUP  	Logon ID:		0x3E7    Object:  	Object Server:		Security  	Handle ID:		0x309c    Process Information:  	Process ID:		0xd84  	Process Name:		C:\Windows\System32\wbem\WmiPrvSE.exe
2021-05-05T23:08:28.094841+02:00 suricata pcap L	ì`n2021-05-05T23:08:28.094857+02:00 suricata pcap <14>May  5 23:06:14 win10 Microsoft-Windows-Security-Auditing[4]: The handle to an object was closed.    Subject :  	Security ID:		S-1-5-18  	Account Name:		WIN10$  	Account Domain:		WORKGROUP  	Logon ID:		0x3E7    Object:  	Object Server:		Security  	Handle ID:		0x309c    Process Information:  	Process ID:		0xd84  	Process Name:		C:\Windows\System32\wbem\WmiPrvSE.exe
2021-05-05T23:08:28.094874+02:00 suricata pcap L	ì`Ìp2021-05-05T23:08:28.094886+02:00 suricata pcap <14>May  5 23:06:14 win10 Microsoft-Windows-Security-Auditing[4]: An attempt was made to access an object.    Subject:  	Security ID:		S-1-5-18  	Account Name:		WIN10$  	Account Domain:		WORKGROUP  	Logon ID:		0x3E7    Object:  	Object Server:		Security  	Object Type:		Process  	Object Name:		\Device\HarddiskVolume2\Windows\System32\lsass.exe  	Handle ID:		0x7d0  	Resource Attributes:	-    Process Information:  	Process ID:		0xd84  	Process Name:		C:\Windows\System32\wbem\WmiPrvSE.exe    Access Request Information:  	Accesses:		Read from process memory  				  	Access Mask:		0x10
2021-05-05T23:08:28.094897+02:00 suricata pcap <14>May  5 23:06:14 win10 Microsoft-Windows-Security-Auditing[4]: The hanL	ì`	q2021-05-05T23:08:28.094918+02:00 suricata pcap L	ì`iq2021-05-05T23:08:28.094953+02:00 suricata pcap <14>May  5 23:06:14 win10 Microsoft-Windows-Security-Auditing[4]: An attempt was made to access an object.    Subject:  	Security ID:		S-1-5-18  	Account Name:		WIN10$  	Account Domain:		WORKGROUP  	Logon ID:		0x3E7    Object:  	Object Server:		Security  	Object Type:		Process  	Object Name:		\Device\HarddiskVolume2\Windows\System32\lsass.exe  	Handle ID:		0x7d0  	Resource Attributes:	-    Process Information:  	Process ID:		0xd84  	Process Name:		C:\Windows\System32\wbem\WmiPrvSE.exe    Access Request Information:  	Accesses:		Read from process memory  				  	Access Mask:		0x10
2021-05-05T23:08:28.095390+02:00 suricata pcap <14>May  5 23:06:14 win10 Microsoft-Windows-Security-Auditing[4]: The hanL	ì`ºq2021-05-05T23:08:28.095429+02:00 suricata pcap <14>May  5 23:06:14 win10 Microsoft-Windows-Security-Auditing[4]: An attempt was made to access an object.    Subject:  	Security ID:		S-1-5-18  	Account Name:		WIN10$  	Account Domain:		WORKGROUP  	Logon ID:		0x3E7    Object:  	Object Server:		Security  	Object Type:		Process  	Object Name:		\Device\HarddiskVolume2\Windows\System32\lsass.exe  	Handle ID:		0x7d0  	Resource Attributes:	-    Process Information:  	Process ID:		0xd84  	Process Name:		C:\Windows\System32\wbem\WmiPrvSE.exe    Access Request Information:  	Accesses:		Read from process memory  				  	Access Mask:		0x10
2021-05-05T23:08:28.095445+02:00 suricata pcap <14>May  5 23:06:14 win10 Microsoft-Windows-Security-Auditing[4]: The hanL	ì`=r2021-05-05T23:08:28.095455+02:00 suricata pcap L	ì`kr2021-05-05T23:08:28.095472+02:00 suricata pcap L	ì`Õr2021-05-05T23:08:28.095481+02:00 suricata pcap <14>May  5 23:06:14 win10 Microsoft-Windows-Security-Auditing[4]: The handle to an object was closed.    Subject :  	Security ID:		S-1-5-18  	Account Name:		WIN10$  	Account Domain:		WORKGROUP  	Logon ID:		0x3E7    Object:  	Object Server:		Security  	Handle ID:		0x2418    Process Information:  	Process ID:		0xd84  	Process Name:		C:\Windows\System32\wbem\WmiPrvSE.exe
2021-05-05T23:08:28.095983+02:00 suricata pcap <14>May  5 23:06:14 win10 Microsoft-Windows-Security-Auditing[4]: A handle to an object was requested.    Subject:  	Security ID:		S-1-5-18  	Account Name:		WIN10$  	Account Domain:		WORKGROUP  	Logon ID:		0x3E7    Object:  	Object Server:		Security  	Object Type:		Process  	Object Name:		\Device\HarddiskVolume2\Windows\System32\lsass.exe  	Handle ID:		0x554  	Resource Attributes:	-    Process Information:  	Process ID:		0xd84  	Process Name:		C:\Windows\System32\wbem\WmiPrvSE.exe    Access Request Information:  	Transaction ID:		{00000000-0000-0000-0000-000000000000}  	Accesses:		Read from process memory  				Query process information  				Undefined Access (no effect) Bit 12  				  	AL	ì`‚s2021-05-05T23:08:28.096016+02:00 suricata pcap L	ì`Zt2021-05-05T23:08:28.096029+02:00 suricata pcap <14>May  5 23:06:14 win10 Microsoft-Windows-Security-Auditing[4]: The handle to an object was closed.    Subject :  	Security ID:		S-1-5-18  	Account Name:		WIN10$  	Account Domain:		WORKGROUP  	Logon ID:		0x3E7    Object:  	Object Server:		Security  	Handle ID:		0x2418    Process Information:  	Process ID:		0xd84  	Process Name:		C:\Windows\System32\wbem\WmiPrvSE.exe
2021-05-05T23:08:28.096052+02:00 suricata pcap <14>May  5 23:06:14 win10 Microsoft-Windows-Security-Auditing[4]: A handle to an object was requested.    Subject:  	Security ID:		S-1-5-18  	Account Name:		WIN10$  	Account Domain:		WORKGROUP  	Logon ID:		0x3E7    Object:  	Object Server:		Security  	Object Type:		Process  	Object Name:		\Device\HarddiskVolume2\Windows\System32\lsass.exe  	Handle ID:		0x554  	Resource Attributes:	-    Process Information:  	Process ID:		0xd84  	Process Name:		C:\Windows\System32\wbem\WmiPrvSE.exe    Access Request Information:  	Transaction ID:		{00000000-0000-0000-0000-000000000000}  	Accesses:		Read from process memory  				Query process information  				Undefined Access (no effect) Bit 12  				  	AL	ì`ìt2021-05-05T23:08:28.096071+02:00 suricata pcap L	ì`Ët2021-05-05T23:08:28.096097+02:00 suricata pcap <14>May  5 23:06:14 win10 Microsoft-Windows-Security-Auditing[4]: The handle to an object was closed.    Subject :  	Security ID:		S-1-5-18  	Account Name:		WIN10$  	Account Domain:		WORKGROUP  	Logon ID:		0x3E7    Object:  	Object Server:		Security  	Handle ID:		0x2418    Process Information:  	Process ID:		0xd84  	Process Name:		C:\Windows\System32\wbem\WmiPrvSE.exe
2021-05-05T23:08:28.096226+02:00 suricata pcap <14>May  5 23:06:14 win10 Microsoft-Windows-Security-Auditing[4]: A handle to an object was requested.    Subject:  	Security ID:		S-1-5-18  	Account Name:		WIN10$  	Account Domain:		WORKGROUP  	Logon ID:		0x3E7    Object:  	Object Server:		Security  	Object Type:		Process  	Object Name:		\Device\HarddiskVolume2\Windows\System32\lsass.exe  	Handle ID:		0x554  	Resource Attributes:	-    Process Information:  	Process ID:		0xd84  	Process Name:		C:\Windows\System32\wbem\WmiPrvSE.exe    Access Request Information:  	Transaction ID:		{00000000-0000-0000-0000-000000000000}  	Accesses:		Read from process memory  				Query process information  				Undefined Access (no effect) Bit 12  				  	AL	ì`˛t2021-05-05T23:08:28.367556+02:00 suricata pcap L	ì`6u2021-05-05T23:08:28.367607+02:00 suricata pcap L	ì`fu2021-05-05T23:08:28.367629+02:00 suricata pcap L	ì`!v2021-05-05T23:08:28.367649+02:00 suricata pcap L	ì`$v2021-05-05T23:08:28.367665+02:00 suricata pcap L	ì`Xx2021-05-05T23:08:28.367680+02:00 suricata pcap L	ì`y2021-05-05T23:08:28.367691+02:00 suricata pcap L	ì`ˆz2021-05-05T23:08:33.680816+02:00 suricata pcap ªØÿ2021-05-05T23:08:33.680838+02:00 suricata pcap ªØÿ2021-05-05T23:08:33.680843+02:00 suricata pcap Z2021-05-05T23:08:33.680851+02:00 suricata pcap ªØÿ2021-05-05T23:08:33.680858+02:00 suricata pcap Z2021-05-05T23:08:33.680863+02:00 suricata pcap ªØÿ2021-05-05T23:08:33.680870+02:00 suricata pcap 2021-05-05T23:08:33.680875+02:00 suricata pcap ¿®ã2021-05-05T23:08:33.680885+02:00 suricata pcap 2021-05-05T23:08:33.680895+02:00 suricata pcap L	ì`ïo2021-05-05T23:08:33.680901+02:00 suricata pcap M	ì`ÃÏ	2021-05-05T23:08:33.680906+02:00 suricata pcap 2021-05-05T23:08:33.680911+02:00 suricata pcap ¿®ã2021-05-05T23:08:33.680915+02:00 suricata pcap 2021-05-05T23:08:33.680920+02:00 suricata pcap 2021-05-05T23:08:33.680924+02:00 suricata pcap 2021-05-05T23:08:33.680929+02:00 suricata pcap ¿®ã2021-05-05T23:08:33.680934+02:00 suricata pcap 2021-05-05T23:08:33.680939+02:00 suricata pcap 2021-05-05T23:08:33.680943+02:00 suricata pcap 2021-05-05T23:08:33.680948+02:00 suricata pcap ¿®ã2021-05-05T23:08:33.680951+02:00 suricata pcap ªØÿ2021-05-05T23:08:33.680956+02:00 suricata pcap 2021-05-05T23:08:33.680961+02:00 suricata pcap ªØÿ2021-05-05T23:08:33.680966+02:00 suricata pcap 2021-05-05T23:08:33.680970+02:00 suricata pcap Z2021-05-05T23:08:33.680973+02:00 suricata pcap ªØÿ2021-05-05T23:08:33.680980+02:00 suricata pcap 2021-05-05T23:08:33.680984+02:00 suricata pcap Z2021-05-05T23:08:33.680987+02:00 suricata pcap ªØÿ2021-05-05T23:08:33.680993+02:00 suricata pcap 2021-05-05T23:08:33.680998+02:00 suricata pcap ∆)2021-05-05T23:08:33.681010+02:00 suricata pcap message repeated 2 times: [∆)]
2021-05-05T23:08:33.681018+02:00 suricata pcap ∆)2021-05-05T23:08:33.681034+02:00 suricata pcap 2021-05-05T23:08:33.681041+02:00 suricata pcap 2021-05-05T23:08:33.681051+02:00 suricata pcap 2021-05-05T23:08:33.681062+02:00 suricata pcap 2021-05-05T23:08:33.681072+02:00 suricata pcap P	ì`ûg2021-05-05T23:08:33.681076+02:00 suricata pcap P	ì`’|2021-05-05T23:08:33.681081+02:00 suricata pcap 2021-05-05T23:08:33.681084+02:00 suricata pcap ¿®ã2021-05-05T23:08:33.681089+02:00 suricata pcap 2021-05-05T23:08:33.681094+02:00 suricata pcap 2021-05-05T23:08:33.681102+02:00 suricata pcap 2021-05-05T23:08:34.123504+02:00 suricata pcap 2021-05-05T23:08:34.123538+02:00 suricata pcap 2021-05-05T23:08:34.123556+02:00 suricata pcap ¿®ã2021-05-05T23:08:34.123571+02:00 suricata pcap R	ì`ù‹2021-05-05T23:08:34.123588+02:00 suricata pcap R	ì`Ÿ›2021-05-05T23:08:34.123608+02:00 suricata pcap R	ì`-ﬁ2021-05-05T23:08:34.123630+02:00 suricata pcap <14>May  5 23:06:19 win10 Microsoft-Windows-Security-Auditing[4]: A handle to an object was requested.    Subject:  	Security ID:		S-1-5-18  	Account Name:		WIN10$  	Account Domain:		WORKGROUP  	Logon ID:		0x3E7    Object:  	Object Server:		Security  	Object Type:		Process  	Object Name:		\Device\HarddiskVolume2\Windows\System32\lsass.exe  	Handle ID:		0x460  	Resource Attributes:	-    Process Information:  	Process ID:		0xd84  	Process Name:		C:\Windows\System32\wbem\WmiPrvSE.exe    Access Request Information:  	Transaction ID:		{00000000-0000-0000-0000-000000000000}  	Accesses:		Read from process memory  				Query process information  				Undefined Access (no effect) Bit 12  				  	Access Reasons:		-  	Access Mask:		0x1410  	Privileges Used for Access Check:	-  	Restricted SID Count:	0
2021-05-05T23:08:34.123645+02:00 suricata pcap R	ì`ú·2021-05-05T23:08:34.125296+02:00 suricata pcap <14>May  5 23:06:19 win10 Microsoft-Windows-Security-Auditing[4]: A handle to an object was requested.    Subject:  	Security ID:		S-1-5-18  	Account Name:		WIN10$  	Account Domain:		WORKGROUP  	Logon ID:		0x3E7    Object:  	Object Server:		Security  	Object Type:		Process  	Object Name:		\Device\HarddiskVolume2\Windows\System32\lsass.exe  	Handle ID:		0x460  	Resource Attributes:	-    Process Information:  	Process ID:		0xd84  	Process Name:		C:\Windows\System32\wbem\WmiPrvSE.exe    Access Request Information:  	Transaction ID:		{00000000-0000-0000-0000-000000000000}  	Accesses:		Read from process memory  				Query process information  				Undefined Access (no effect) Bit 12  				  	Access Reasons:		-  	Access Mask:		0x1410  	Privileges Used for Access Check:	-  	Restricted SID Count:	0
2021-05-05T23:08:34.125324+02:00 suricata pcap R	ì`≤‚2021-05-05T23:08:34.125347+02:00 suricata pcap <14>May  5 23:06:19 win10 Microsoft-Windows-Security-Auditing[4]: A handle to an object was requested.    Subject:  	Security ID:		S-1-5-18  	Account Name:		WIN10$  	Account Domain:		WORKGROUP  	Logon ID:		0x3E7    Object:  	Object Server:		Security  	Object Type:		Process  	Object Name:		\Device\HarddiskVolume2\Windows\System32\lsass.exe  	Handle ID:		0x460  	Resource Attributes:	-    Process Information:  	Process ID:		0xd84  	Process Name:		C:\Windows\System32\wbem\WmiPrvSE.exe    Access Request Information:  	Transaction ID:		{00000000-0000-0000-0000-000000000000}  	Accesses:		Read from process memory  				Query process information  				Undefined Access (no effect) Bit 12  				  	Access Reasons:		-  	Access Mask:		0x1410  	Privileges Used for Access Check:	-  	Restricted SID Count:	0
2021-05-05T23:08:34.125371+02:00 suricata pcap R	ì`›‚2021-05-05T23:08:34.125392+02:00 suricata pcap R	ì`ªÂ2021-05-05T23:08:34.125410+02:00 suricata pcap R	ì`oÊ2021-05-05T23:08:36.367462+02:00 suricata pcap R	ì`˙Ê2021-05-05T23:08:36.367508+02:00 suricata pcap R	ì`;È2021-05-05T23:08:36.367524+02:00 suricata pcap R	ì`∏È2021-05-05T23:08:36.367539+02:00 suricata pcap R	ì`—È2021-05-05T23:08:36.367552+02:00 suricata pcap R	ì`€,2021-05-05T23:08:36.367561+02:00 suricata pcap R	ì`-2021-05-05T23:08:36.367571+02:00 suricata pcap R	ì`ã-2021-05-05T23:08:36.367577+02:00 suricata pcap R	ì`0¸2021-05-05T23:08:36.367584+02:00 suricata pcap ∆)2021-05-05T23:08:36.367599+02:00 suricata pcap message repeated 2 times: [∆)]
2021-05-05T23:08:36.367607+02:00 suricata pcap ∆)2021-05-05T23:08:36.367623+02:00 suricata pcap 2021-05-05T23:08:36.367631+02:00 suricata pcap 2021-05-05T23:08:36.367639+02:00 suricata pcap 2021-05-05T23:08:36.367652+02:00 suricata pcap 2021-05-05T23:08:36.367662+02:00 suricata pcap R	ì`≥j2021-05-05T23:08:36.367666+02:00 suricata pcap R	ì`‘2021-05-05T23:08:36.367672+02:00 suricata pcap 2021-05-05T23:08:36.367676+02:00 suricata pcap ¿®ã2021-05-05T23:08:36.367681+02:00 suricata pcap 2021-05-05T23:08:36.367686+02:00 suricata pcap ¿®ã2021-05-05T23:08:39.165723+02:00 suricata pcap ªØÿ2021-05-05T23:08:39.165760+02:00 suricata pcap ªØÿ2021-05-05T23:08:39.165767+02:00 suricata pcap Z2021-05-05T23:08:39.165774+02:00 suricata pcap ªØÿ2021-05-05T23:08:39.165780+02:00 suricata pcap Z2021-05-05T23:08:39.165787+02:00 suricata pcap ªØÿ2021-05-05T23:08:39.165795+02:00 suricata pcap 2021-05-05T23:08:39.165802+02:00 suricata pcap ¿®ã2021-05-05T23:08:39.165809+02:00 suricata pcap 2021-05-05T23:08:39.165817+02:00 suricata pcap ¿®ã2021-05-05T23:08:39.165822+02:00 suricata pcap 2021-05-05T23:08:39.165838+02:00 suricata pcap ¿®ã2021-05-05T23:08:39.165853+02:00 suricata pcap W	ì`ÆÅ2021-05-05T23:08:39.165868+02:00 suricata pcap W	ì`vÇ2021-05-05T23:08:39.165888+02:00 suricata pcap W	ì`ÛÇ2021-05-05T23:08:39.165909+02:00 suricata pcap <14>May  5 23:06:25 win10 Microsoft-Windows-Security-Auditing[4]: A handle to an object was requested.    Subject:  	Security ID:		S-1-5-18  	Account Name:		WIN10$  	Account Domain:		WORKGROUP  	Logon ID:		0x3E7    Object:  	Object Server:		Security  	Object Type:		Process  	Object Name:		\Device\HarddiskVolume2\Windows\System32\lsass.exe  	Handle ID:		0x554  	Resource Attributes:	-    Process Information:  	Process ID:		0xd84  	Process Name:		C:\Windows\System32\wbem\WmiPrvSE.exe    Access Request Information:  	Transaction ID:		{00000000-0000-0000-0000-000000000000}  	Accesses:		Read from process memory  				Query process information  				Undefined Access (no effect) Bit 12  				  	Access Reasons:		-  	Access Mask:		0x1410  	Privileges Used for Access Check:	-  	Restricted SID Count:	0
2021-05-05T23:08:39.166784+02:00 suricata pcap W	ì`jÜ2021-05-05T23:08:39.166818+02:00 suricata pcap <14>May  5 23:06:25 win10 Microsoft-Windows-Security-Auditing[4]: A handle to an object was requested.    Subject:  	Security ID:		S-1-5-18  	Account Name:		WIN10$  	Account Domain:		WORKGROUP  	Logon ID:		0x3E7    Object:  	Object Server:		Security  	Object Type:		Process  	Object Name:		\Device\HarddiskVolume2\Windows\System32\lsass.exe  	Handle ID:		0x554  	Resource Attributes:	-    Process Information:  	Process ID:		0xd84  	Process Name:		C:\Windows\System32\wbem\WmiPrvSE.exe    Access Request Information:  	Transaction ID:		{00000000-0000-0000-0000-000000000000}  	Accesses:		Read from process memory  				Query process information  				Undefined Access (no effect) Bit 12  				  	Access Reasons:		-  	Access Mask:		0x1410  	Privileges Used for Access Check:	-  	Restricted SID Count:	0
2021-05-05T23:08:39.166833+02:00 suricata pcap W	ì`*á2021-05-05T23:08:39.166855+02:00 suricata pcap <14>May  5 23:06:25 win10 Microsoft-Windows-Security-Auditing[4]: A handle to an object was requested.    Subject:  	Security ID:		S-1-5-18  	Account Name:		WIN10$  	Account Domain:		WORKGROUP  	Logon ID:		0x3E7    Object:  	Object Server:		Security  	Object Type:		Process  	Object Name:		\Device\HarddiskVolume2\Windows\System32\lsass.exe  	Handle ID:		0x554  	Resource Attributes:	-    Process Information:  	Process ID:		0xd84  	Process Name:		C:\Windows\System32\wbem\WmiPrvSE.exe    Access Request Information:  	Transaction ID:		{00000000-0000-0000-0000-000000000000}  	Accesses:		Read from process memory  				Query process information  				Undefined Access (no effect) Bit 12  				  	Access Reasons:		-  	Access Mask:		0x1410  	Privileges Used for Access Check:	-  	Restricted SID Count:	0
2021-05-05T23:08:39.166878+02:00 suricata pcap W	ì`[á2021-05-05T23:08:39.166896+02:00 suricata pcap W	ì`ªä2021-05-05T23:08:39.166900+02:00 suricata pcap W	ì`
2021-05-05T23:08:39.169082+02:00 suricata pcap ã2021-05-05T23:08:39.169121+02:00 suricata pcap W	ì`aã2021-05-05T23:08:39.169137+02:00 suricata pcap W	ì`«ç2021-05-05T23:08:39.169153+02:00 suricata pcap W	ì`é2021-05-05T23:08:39.169203+02:00 suricata pcap W	ì`¿é2021-05-05T23:08:39.169220+02:00 suricata pcap W	ì`ê2021-05-05T23:08:39.169235+02:00 suricata pcap W	ì`6ë2021-05-05T23:08:39.169256+02:00 suricata pcap W	ì`Ñë2021-05-05T23:08:39.170009+02:00 suricata pcap W	ì`⁄ì2021-05-05T23:08:39.170033+02:00 suricata pcap W	ì`î2021-05-05T23:08:39.170066+02:00 suricata pcap W	ì`mî2021-05-05T23:08:39.170084+02:00 suricata pcap <14>May  5 23:06:25 win10 Microsoft-Windows-Security-Auditing[4]: An attempt was made to access an object.    Subject:  	Security ID:		S-1-5-18  	Account Name:		WIN10$  	Account Domain:		WORKGROUP  	Logon ID:		0x3E7    Object:  	Object Server:		Security  	Object Type:		Process  	Object Name:		\Device\HarddiskVolume2\Windows\System32\lsass.exe  	Handle ID:		0x6c4  	Resource Attributes:	-    Process Information:  	Process ID:		0xd84  	Process Name:		C:\Windows\System32\wbem\WmiPrvSE.exe    Access Request Information:  	Accesses:		Read from process memory  				  	Access Mask:		0x10
2021-05-05T23:08:39.170098+02:00 suricata pcap <14>May  5 23:06:25 win10 Microsoft-Windows-Security-Auditing[4]: The hanW	ì`£ñ2021-05-05T23:08:39.170120+02:00 suricata pcap W	ì`ó2021-05-05T23:08:44.201663+02:00 suricata pcap <14>May  5 23:06:25 win10 Microsoft-Windows-Security-Auditing[4]: An attempt was made to access an object.    Subject:  	Security ID:		S-1-5-18  	Account Name:		WIN10$  	Account Domain:		WORKGROUP  	Logon ID:		0x3E7    Object:  	Object Server:		Security  	Object Type:		Process  	Object Name:		\Device\HarddiskVolume2\Windows\System32\lsass.exe  	Handle ID:		0x6c4  	Resource Attributes:	-    Process Information:  	Process ID:		0xd84  	Process Name:		C:\Windows\System32\wbem\WmiPrvSE.exe    Access Request Information:  	Accesses:		Read from process memory  				  	Access Mask:		0x10
2021-05-05T23:08:44.201756+02:00 suricata pcap <14>May  5 23:06:25 win10 Microsoft-Windows-Security-Auditing[4]: The hanW	ì`«ó2021-05-05T23:08:44.201775+02:00 suricata pcap <14>May  5 23:06:25 win10 Microsoft-Windows-Security-Auditing[4]: An attempt was made to access an object.    Subject:  	Security ID:		S-1-5-18  	Account Name:		WIN10$  	Account Domain:		WORKGROUP  	Logon ID:		0x3E7    Object:  	Object Server:		Security  	Object Type:		Process  	Object Name:		\Device\HarddiskVolume2\Windows\System32\lsass.exe  	Handle ID:		0x6c4  	Resource Attributes:	-    Process Information:  	Process ID:		0xd84  	Process Name:		C:\Windows\System32\wbem\WmiPrvSE.exe    Access Request Information:  	Accesses:		Read from process memory  				  	Access Mask:		0x10
2021-05-05T23:08:44.201790+02:00 suricata pcap <14>May  5 23:06:25 win10 Microsoft-Windows-Security-Auditing[4]: The hanW	ì`Öó2021-05-05T23:08:44.201807+02:00 suricata pcap W	ì`ˆó2021-05-05T23:08:44.201818+02:00 suricata pcap W	ì`]ú2021-05-05T23:08:44.201824+02:00 suricata pcap 2021-05-05T23:08:44.201832+02:00 suricata pcap ¿®ã2021-05-05T23:08:44.201837+02:00 suricata pcap 2021-05-05T23:08:44.201843+02:00 suricata pcap ¿®ã2021-05-05T23:08:44.201848+02:00 suricata pcap 2021-05-05T23:08:44.201856+02:00 suricata pcap ¿®ã2021-05-05T23:08:44.201861+02:00 suricata pcap 2021-05-05T23:08:44.201866+02:00 suricata pcap ¿®ã2021-05-05T23:08:44.201871+02:00 suricata pcap 2021-05-05T23:08:44.203101+02:00 suricata pcap ¿®ã2021-05-05T23:08:44.203124+02:00 suricata pcap \	ì`ÿ2021-05-05T23:08:44.203139+02:00 suricata pcap \	ì`2021-05-05T23:08:44.203158+02:00 suricata pcap \	ì`2021-05-05T23:08:44.203179+02:00 suricata pcap <14>May  5 23:06:30 win10 Microsoft-Windows-Security-Auditing[4]: A handle to an object was requested.    Subject:  	Security ID:		S-1-5-18  	Account Name:		WIN10$  	Account Domain:		WORKGROUP  	Logon ID:		0x3E7    Object:  	Object Server:		Security  	Object Type:		Process  	Object Name:		\Device\HarddiskVolume2\Windows\System32\lsass.exe  	Handle ID:		0x4d0  	Resource Attributes:	-    Process Information:  	Process ID:		0xd84  	Process Name:		C:\Windows\System32\wbem\WmiPrvSE.exe    Access Request Information:  	Transaction ID:		{00000000-0000-0000-0000-000000000000}  	Accesses:		Read from process memory  				Query process information  				Undefined Access (no effect) Bit 12  				  	Access Reasons:		-  	Access Mask:		0x1410  	Privileges Used for Access Check:	-  	Restricted SID Count:	0
2021-05-05T23:08:44.203193+02:00 suricata pcap \	ì`–2021-05-05T23:08:44.203214+02:00 suricata pcap <14>May  5 23:06:30 win10 Microsoft-Windows-Security-Auditing[4]: A handle to an object was requested.    Subject:  	Security ID:		S-1-5-18  	Account Name:		WIN10$  	Account Domain:		WORKGROUP  	Logon ID:		0x3E7    Object:  	Object Server:		Security  	Object Type:		Process  	Object Name:		\Device\HarddiskVolume2\Windows\System32\lsass.exe  	Handle ID:		0x4d0  	Resource Attributes:	-    Process Information:  	Process ID:		0xd84  	Process Name:		C:\Windows\System32\wbem\WmiPrvSE.exe    Access Request Information:  	Transaction ID:		{00000000-0000-0000-0000-000000000000}  	Accesses:		Read from process memory  				Query process information  				Undefined Access (no effect) Bit 12  				  	Access Reasons:		-  	Access Mask:		0x1410  	Privileges Used for Access Check:	-  	Restricted SID Count:	0
2021-05-05T23:08:44.204233+02:00 suricata pcap \	ì`I2021-05-05T23:08:44.204281+02:00 suricata pcap <14>May  5 23:06:30 win10 Microsoft-Windows-Security-Auditing[4]: A handle to an object was requested.    Subject:  	Security ID:		S-1-5-18  	Account Name:		WIN10$  	Account Domain:		WORKGROUP  	Logon ID:		0x3E7    Object:  	Object Server:		Security  	Object Type:		Process  	Object Name:		\Device\HarddiskVolume2\Windows\System32\lsass.exe  	Handle ID:		0x4d0  	Resource Attributes:	-    Process Information:  	Process ID:		0xd84  	Process Name:		C:\Windows\System32\wbem\WmiPrvSE.exe    Access Request Information:  	Transaction ID:		{00000000-0000-0000-0000-000000000000}  	Accesses:		Read from process memory  				Query process information  				Undefined Access (no effect) Bit 12  				  	Access Reasons:		-  	Access Mask:		0x1410  	Privileges Used for Access Check:	-  	Restricted SID Count:	0
2021-05-05T23:08:44.204307+02:00 suricata pcap \	ì`2021-05-05T23:08:44.204325+02:00 suricata pcap \	ì`“2021-05-05T23:08:44.204343+02:00 suricata pcap \	ì`J2021-05-05T23:08:44.204361+02:00 suricata pcap \	ì`É2021-05-05T23:08:44.205896+02:00 suricata pcap <14>May  5 23:06:30 win10 Microsoft-Windows-Security-Auditing[4]: An attempt was made to duplicate a handle to an object.    Subject:  	Security ID:		S-1-5-18  	Account Name:		WIN10$  	Account Domain:		WORKGROUP  	Logon ID:		0x3E7    Source Handle Information:  	Source Handle ID:	0x554  	Source Process ID:	0xd84    New Handle Information:  	Target Handle ID:	0x2418  	Target Process ID:	0x4
2021-05-05T23:08:44.205937+02:00 suricata pcap \	ì`ô2021-05-05T23:08:44.205964+02:00 suricata pcap <14>May  5 23:06:30 win10 Microsoft-Windows-Security-Auditing[4]: An attempt was made to duplicate a handle to an object.    Subject:  	Security ID:		S-1-5-18  	Account Name:		WIN10$  	Account Domain:		WORKGROUP  	Logon ID:		0x3E7    Source Handle Information:  	Source Handle ID:	0x554  	Source Process ID:	0xd84    New Handle Information:  	Target Handle ID:	0x2418  	Target Process ID:	0x4
2021-05-05T23:08:44.205982+02:00 suricata pcap \	ì`2021-05-05T23:08:44.205995+02:00 suricata pcap <14>May  5 23:06:30 win10 Microsoft-Windows-Security-Auditing[4]: An attempt was made to duplicate a handle to an object.    Subject:  	Security ID:		S-1-5-18  	Account Name:		WIN10$  	Account Domain:		WORKGROUP  	Logon ID:		0x3E7    Source Handle Information:  	Source Handle ID:	0x554  	Source Process ID:	0xd84    New Handle Information:  	Target Handle ID:	0x2418  	Target Process ID:	0x4
2021-05-05T23:08:44.206013+02:00 suricata pcap \	ì`\2021-05-05T23:08:44.206028+02:00 suricata pcap \	ì`√ 2021-05-05T23:08:44.206042+02:00 suricata pcap \	ì`U!2021-05-05T23:08:44.206366+02:00 suricata pcap \	ì`¶!2021-05-05T23:08:44.206388+02:00 suricata pcap <14>May  5 23:06:30 win10 Microsoft-Windows-Security-Auditing[4]: An attempt was made to access an object.    Subject:  	Security ID:		S-1-5-18  	Account Name:		WIN10$  	Account Domain:		WORKGROUP  	Logon ID:		0x3E7    Object:  	Object Server:		Security  	Object Type:		Process  	Object Name:		\Device\HarddiskVolume2\Windows\System32\lsass.exe  	Handle ID:		0x554  	Resource Attributes:	-    Process Information:  	Process ID:		0xd84  	Process Name:		C:\Windows\System32\wbem\WmiPrvSE.exe    Access Request Information:  	Accesses:		Read from process memory  				  	Access Mask:		0x10
2021-05-05T23:08:44.206444+02:00 suricata pcap \	ì`$2021-05-05T23:08:44.206462+02:00 suricata pcap <14>May  5 23:06:30 win10 Microsoft-Windows-Security-Auditing[4]: An attempt was made to access an object.    Subject:  	Security ID:		S-1-5-18  	Account Name:		WIN10$  	Account Domain:		WORKGROUP  	Logon ID:		0x3E7    Object:  	Object Server:		Security  	Object Type:		Process  	Object Name:		\Device\HarddiskVolume2\Windows\System32\lsass.exe  	Handle ID:		0x554  	Resource Attributes:	-    Process Information:  	Process ID:		0xd84  	Process Name:		C:\Windows\System32\wbem\WmiPrvSE.exe    Access Request Information:  	Accesses:		Read from process memory  				  	Access Mask:		0x10
2021-05-05T23:08:44.206484+02:00 suricata pcap \	ì`∫$2021-05-05T23:08:44.206501+02:00 suricata pcap <14>May  5 23:06:30 win10 Microsoft-Windows-Security-Auditing[4]: An attempt was made to access an object.    Subject:  	Security ID:		S-1-5-18  	Account Name:		WIN10$  	Account Domain:		WORKGROUP  	Logon ID:		0x3E7    Object:  	Object Server:		Security  	Object Type:		Process  	Object Name:		\Device\HarddiskVolume2\Windows\System32\lsass.exe  	Handle ID:		0x554  	Resource Attributes:	-    Process Information:  	Process ID:		0xd84  	Process Name:		C:\Windows\System32\wbem\WmiPrvSE.exe    Access Request Information:  	Accesses:		Read from process memory  				  	Access Mask:		0x10
2021-05-05T23:08:44.207496+02:00 suricata pcap \	ì`È$2021-05-05T23:08:44.207532+02:00 suricata pcap <14>May  5 23:06:30 win10 Microsoft-Windows-Security-Auditing[4]: An attempt was made to duplicate a handle to an object.    Subject:  	Security ID:		S-1-5-18  	Account Name:		WIN10$  	Account Domain:		WORKGROUP  	Logon ID:		0x3E7    Source Handle Information:  	Source Handle ID:	0x554  	Source Process ID:	0xd84    New Handle Information:  	Target Handle ID:	0x2418  	Target Process ID:	0x4
2021-05-05T23:08:44.207563+02:00 suricata pcap \	ì`0'2021-05-05T23:08:44.207589+02:00 suricata pcap <14>May  5 23:06:30 win10 Microsoft-Windows-Security-Auditing[4]: An attempt was made to duplicate a handle to an object.    Subject:  	Security ID:		S-1-5-18  	Account Name:		WIN10$  	Account Domain:		WORKGROUP  	Logon ID:		0x3E7    Source Handle Information:  	Source Handle ID:	0x554  	Source Process ID:	0xd84    New Handle Information:  	Target Handle ID:	0x2418  	Target Process ID:	0x4
2021-05-05T23:08:44.207618+02:00 suricata pcap \	ì`√'2021-05-05T23:08:44.207644+02:00 suricata pcap <14>May  5 23:06:30 win10 Microsoft-Windows-Security-Auditing[4]: An attempt was made to duplicate a handle to an object.    Subject:  	Security ID:		S-1-5-18  	Account Name:		WIN10$  	Account Domain:		WORKGROUP  	Logon ID:		0x3E7    Source Handle Information:  	Source Handle ID:	0x554  	Source Process ID:	0xd84    New Handle Information:  	Target Handle ID:	0x2418  	Target Process ID:	0x4
2021-05-05T23:08:44.207664+02:00 suricata pcap \	ì`˛'2021-05-05T23:08:44.208365+02:00 suricata pcap <14>May  5 23:06:30 win10 Microsoft-Windows-Security-Auditing[4]: A handle to an object was requested.    Subject:  	Security ID:		S-1-5-18  	Account Name:		WIN10$  	Account Domain:		WORKGROUP  	Logon ID:		0x3E7    Object:  	Object Server:		Security  	Object Type:		Process  	Object Name:		\Device\HarddiskVolume2\Windows\System32\lsass.exe  	Handle ID:		0x554  	Resource Attributes:	-    Process Information:  	Process ID:		0xd84  	Process Name:		C:\Windows\System32\wbem\WmiPrvSE.exe    Access Request Information:  	Transaction ID:		{00000000-0000-0000-0000-000000000000}  	Accesses:		Read from process memory  				Query process information  				Undefined Access (no effect) Bit 12  				  	Access Reasons:		-  	Access Mask:		0x1410  	Privileges Used for Access Check:	-  	Restricted SID Count:	0
2021-05-05T23:08:44.208396+02:00 suricata pcap \	ì`à*2021-05-05T23:08:44.208442+02:00 suricata pcap <14>May  5 23:06:30 win10 Microsoft-Windows-Security-Auditing[4]: A handle to an object was requested.    Subject:  	Security ID:		S-1-5-18  	Account Name:		WIN10$  	Account Domain:		WORKGROUP  	Logon ID:		0x3E7    Object:  	Object Server:		Security  	Object Type:		Process  	Object Name:		\Device\HarddiskVolume2\Windows\System32\lsass.exe  	Handle ID:		0x554  	Resource Attributes:	-    Process Information:  	Process ID:		0xd84  	Process Name:		C:\Windows\System32\wbem\WmiPrvSE.exe    Access Request Information:  	Transaction ID:		{00000000-0000-0000-0000-000000000000}  	Accesses:		Read from process memory  				Query process information  				Undefined Access (no effect) Bit 12  				  	Access Reasons:		-  	Access Mask:		0x1410  	Privileges Used for Access Check:	-  	Restricted SID Count:	0
2021-05-05T23:08:44.208472+02:00 suricata pcap \	ì`%+2021-05-05T23:08:44.208506+02:00 suricata pcap <14>May  5 23:06:30 win10 Microsoft-Windows-Security-Auditing[4]: A handle to an object was requested.    Subject:  	Security ID:		S-1-5-18  	Account Name:		WIN10$  	Account Domain:		WORKGROUP  	Logon ID:		0x3E7    Object:  	Object Server:		Security  	Object Type:		Process  	Object Name:		\Device\HarddiskVolume2\Windows\System32\lsass.exe  	Handle ID:		0x554  	Resource Attributes:	-    Process Information:  	Process ID:		0xd84  	Process Name:		C:\Windows\System32\wbem\WmiPrvSE.exe    Access Request Information:  	Transaction ID:		{00000000-0000-0000-0000-000000000000}  	Accesses:		Read from process memory  				Query process information  				Undefined Access (no effect) Bit 12  				  	Access Reasons:		-  	Access Mask:		0x1410  	Privileges Used for Access Check:	-  	Restricted SID Count:	0
2021-05-05T23:08:44.208550+02:00 suricata pcap \	ì`K+2021-05-05T23:08:44.208572+02:00 suricata pcap <14>May  5 23:06:30 win10 Microsoft-Windows-Security-Auditing[4]: The handle to an object was closed.    Subject :  	Security ID:		S-1-5-18  	Account Name:		WIN10$  	Account Domain:		WORKGROUP  	Logon ID:		0x3E7    Object:  	Object Server:		Security  	Handle ID:		0x554    Process Information:  	Process ID:		0xd84  	Process Name:		C:\Windows\System32\wbem\WmiPrvSE.exe
2021-05-05T23:08:44.209320+02:00 suricata pcap \	ì`Ç-2021-05-05T23:08:44.209340+02:00 suricata pcap <14>May  5 23:06:30 win10 Microsoft-Windows-Security-Auditing[4]: The handle to an object was closed.    Subject :  	Security ID:		S-1-5-18  	Account Name:		WIN10$  	Account Domain:		WORKGROUP  	Logon ID:		0x3E7    Object:  	Object Server:		Security  	Handle ID:		0x554    Process Information:  	Process ID:		0xd84  	Process Name:		C:\Windows\System32\wbem\WmiPrvSE.exe
2021-05-05T23:08:44.209358+02:00 suricata pcap \	ì`Ï-2021-05-05T23:08:44.209369+02:00 suricata pcap <14>May  5 23:06:30 win10 Microsoft-Windows-Security-Auditing[4]: The handle to an object was closed.    Subject :  	Security ID:		S-1-5-18  	Account Name:		WIN10$  	Account Domain:		WORKGROUP  	Logon ID:		0x3E7    Object:  	Object Server:		Security  	Handle ID:		0x554    Process Information:  	Process ID:		0xd84  	Process Name:		C:\Windows\System32\wbem\WmiPrvSE.exe
2021-05-05T23:08:44.209389+02:00 suricata pcap \	ì`4.2021-05-05T23:08:44.209400+02:00 suricata pcap <14>May  5 23:06:30 win10 Microsoft-Windows-Security-Auditing[4]: The handle to an object was closed.    Subject :  	Security ID:		S-1-5-18  	Account Name:		WIN10$  	Account Domain:		WORKGROUP  	Logon ID:		0x3E7    Object:  	Object Server:		Security  	Handle ID:		0x2418    Process Information:  	Process ID:		0xd84  	Process Name:		C:\Windows\System32\wbem\WmiPrvSE.exe
2021-05-05T23:08:44.209414+02:00 suricata pcap \	ì`ï02021-05-05T23:08:44.209425+02:00 suricata pcap <14>May  5 23:06:30 win10 Microsoft-Windows-Security-Auditing[4]: The handle to an object was closed.    Subject :  	Security ID:		S-1-5-18  	Account Name:		WIN10$  	Account Domain:		WORKGROUP  	Logon ID:		0x3E7    Object:  	Object Server:		Security  	Handle ID:		0x2418    Process Information:  	Process ID:		0xd84  	Process Name:		C:\Windows\System32\wbem\WmiPrvSE.exe
2021-05-05T23:08:44.209440+02:00 suricata pcap \	ì`12021-05-05T23:08:44.210462+02:00 suricata pcap <14>May  5 23:06:30 win10 Microsoft-Windows-Security-Auditing[4]: The handle to an object was closed.    Subject :  	Security ID:		S-1-5-18  	Account Name:		WIN10$  	Account Domain:		WORKGROUP  	Logon ID:		0x3E7    Object:  	Object Server:		Security  	Handle ID:		0x2418    Process Information:  	Process ID:		0xd84  	Process Name:		C:\Windows\System32\wbem\WmiPrvSE.exe
2021-05-05T23:08:44.210536+02:00 suricata pcap \	ì`$12021-05-05T23:08:44.210545+02:00 suricata pcap \	ì`
2021-05-05T23:08:44.210572+02:00 suricata pcap 32021-05-05T23:08:44.210596+02:00 suricata pcap \	ì`t32021-05-05T23:08:44.210618+02:00 suricata pcap \	ì`ü32021-05-05T23:08:44.211346+02:00 suricata pcap \	ì`õ52021-05-05T23:08:44.211375+02:00 suricata pcap \	ì`˘52021-05-05T23:08:44.211394+02:00 suricata pcap \	ì`62021-05-05T23:08:44.211408+02:00 suricata pcap <14>May  5 23:06:30 win10 Microsoft-Windows-Security-Auditing[4]: An attempt was made to duplicate a handle to an object.    Subject:  	Security ID:		S-1-5-18  	Account Name:		WIN10$  	Account Domain:		WORKGROUP  	Logon ID:		0x3E7    Source Handle Information:  	Source Handle ID:	0x684  	Source Process ID:	0xd84    New Handle Information:  	Target Handle ID:	0x2c78  	Target Process ID:	0x4
2021-05-05T23:08:44.211421+02:00 suricata pcap \	ì`W82021-05-05T23:08:44.211433+02:00 suricata pcap <14>May  5 23:06:30 win10 Microsoft-Windows-Security-Auditing[4]: An attempt was made to duplicate a handle to an object.    Subject:  	Security ID:		S-1-5-18  	Account Name:		WIN10$  	Account Domain:		WORKGROUP  	Logon ID:		0x3E7    Source Handle Information:  	Source Handle ID:	0x684  	Source Process ID:	0xd84    New Handle Information:  	Target Handle ID:	0x2c78  	Target Process ID:	0x4
2021-05-05T23:08:44.211447+02:00 suricata pcap \	ì`…82021-05-05T23:08:44.211460+02:00 suricata pcap <14>May  5 23:06:30 win10 Microsoft-Windows-Security-Auditing[4]: An attempt was made to duplicate a handle to an object.    Subject:  	Security ID:		S-1-5-18  	Account Name:		WIN10$  	Account Domain:		WORKGROUP  	Logon ID:		0x3E7    Source Handle Information:  	Source Handle ID:	0x684  	Source Process ID:	0xd84    New Handle Information:  	Target Handle ID:	0x2c78  	Target Process ID:	0x4
2021-05-05T23:08:44.212642+02:00 suricata pcap \	ì`Í82021-05-05T23:08:44.212663+02:00 suricata pcap \	ì`\;2021-05-05T23:08:44.212676+02:00 suricata pcap \	ì`æ;2021-05-05T23:08:44.212736+02:00 suricata pcap \	ì`Ê;2021-05-05T23:08:44.212772+02:00 suricata pcap <14>May  5 23:06:30 win10 Microsoft-Windows-Security-Auditing[4]: An attempt was made to access an object.    Subject:  	Security ID:		S-1-5-18  	Account Name:		WIN10$  	Account Domain:		WORKGROUP  	Logon ID:		0x3E7    Object:  	Object Server:		Security  	Object Type:		Process  	Object Name:		\Device\HarddiskVolume2\Windows\System32\lsass.exe  	Handle ID:		0x684  	Resource Attributes:	-    Process Information:  	Process ID:		0xd84  	Process Name:		C:\Windows\System32\wbem\WmiPrvSE.exe    Access Request Information:  	Accesses:		Read from process memory  				  	Access Mask:		0x10
2021-05-05T23:08:44.212815+02:00 suricata pcap \	ì`#>2021-05-05T23:08:44.214233+02:00 suricata pcap <14>May  5 23:06:30 win10 Microsoft-Windows-Security-Auditing[4]: An attempt was made to access an object.    Subject:  	Security ID:		S-1-5-18  	Account Name:		WIN10$  	Account Domain:		WORKGROUP  	Logon ID:		0x3E7    Object:  	Object Server:		Security  	Object Type:		Process  	Object Name:		\Device\HarddiskVolume2\Windows\System32\lsass.exe  	Handle ID:		0x684  	Resource Attributes:	-    Process Information:  	Process ID:		0xd84  	Process Name:		C:\Windows\System32\wbem\WmiPrvSE.exe    Access Request Information:  	Accesses:		Read from process memory  				  	Access Mask:		0x10
2021-05-05T23:08:44.214274+02:00 suricata pcap \	ì`É>2021-05-05T23:08:44.214291+02:00 suricata pcap <14>May  5 23:06:30 win10 Microsoft-Windows-Security-Auditing[4]: An attempt was made to access an object.    Subject:  	Security ID:		S-1-5-18  	Account Name:		WIN10$  	Account Domain:		WORKGROUP  	Logon ID:		0x3E7    Object:  	Object Server:		Security  	Object Type:		Process  	Object Name:		\Device\HarddiskVolume2\Windows\System32\lsass.exe  	Handle ID:		0x684  	Resource Attributes:	-    Process Information:  	Process ID:		0xd84  	Process Name:		C:\Windows\System32\wbem\WmiPrvSE.exe    Access Request Information:  	Accesses:		Read from process memory  				  	Access Mask:		0x10
2021-05-05T23:08:44.214311+02:00 suricata pcap \	ì`∆>2021-05-05T23:08:44.214325+02:00 suricata pcap \	ì`8A2021-05-05T23:08:44.214339+02:00 suricata pcap \	ì`≠A2021-05-05T23:08:44.215158+02:00 suricata pcap \	ì`’A2021-05-05T23:08:44.215229+02:00 suricata pcap <14>May  5 23:06:31 win10 Microsoft-Windows-Security-Auditing[4]: The handle to an object was closed.    Subject :  	Security ID:		S-1-5-18  	Account Name:		WIN10$  	Account Domain:		WORKGROUP  	Logon ID:		0x3E7    Object:  	Object Server:		Security  	Handle ID:		0x309c    Process Information:  	Process ID:		0xd84  	Process Name:		C:\Windows\System32\wbem\WmiPrvSE.exe
2021-05-05T23:08:44.215244+02:00 suricata pcap \	ì`êD2021-05-05T23:08:44.215255+02:00 suricata pcap <14>May  5 23:06:31 win10 Microsoft-Windows-Security-Auditing[4]: The handle to an object was closed.    Subject :  	Security ID:		S-1-5-18  	Account Name:		WIN10$  	Account Domain:		WORKGROUP  	Logon ID:		0x3E7    Object:  	Object Server:		Security  	Handle ID:		0x309c    Process Information:  	Process ID:		0xd84  	Process Name:		C:\Windows\System32\wbem\WmiPrvSE.exe
2021-05-05T23:08:44.215308+02:00 suricata pcap \	ì`E2021-05-05T23:08:44.215320+02:00 suricata pcap <14>May  5 23:06:31 win10 Microsoft-Windows-Security-Auditing[4]: The handle to an object was closed.    Subject :  	Security ID:		S-1-5-18  	Account Name:		WIN10$  	Account Domain:		WORKGROUP  	Logon ID:		0x3E7    Object:  	Object Server:		Security  	Handle ID:		0x309c    Process Information:  	Process ID:		0xd84  	Process Name:		C:\Windows\System32\wbem\WmiPrvSE.exe
2021-05-05T23:08:44.215350+02:00 suricata pcap \	ì`qE2021-05-05T23:08:44.215368+02:00 suricata pcap <14>May  5 23:06:31 win10 Microsoft-Windows-Security-Auditing[4]: An attempt was made to access an object.    Subject:  	Security ID:		S-1-5-18  	Account Name:		WIN10$  	Account Domain:		WORKGROUP  	Logon ID:		0x3E7    Object:  	Object Server:		Security  	Object Type:		Process  	Object Name:		\Device\HarddiskVolume2\Windows\System32\lsass.exe  	Handle ID:		0x474  	Resource Attributes:	-    Process Information:  	Process ID:		0xd84  	Process Name:		C:\Windows\System32\wbem\WmiPrvSE.exe    Access Request Information:  	Accesses:		Read from process memory  				  	Access Mask:		0x10
2021-05-05T23:08:44.216302+02:00 suricata pcap \	ì`ÔG2021-05-05T23:08:44.216353+02:00 suricata pcap <14>May  5 23:06:31 win10 Microsoft-Windows-Security-Auditing[4]: An attempt was made to access an object.    Subject:  	Security ID:		S-1-5-18  	Account Name:		WIN10$  	Account Domain:		WORKGROUP  	Logon ID:		0x3E7    Object:  	Object Server:		Security  	Object Type:		Process  	Object Name:		\Device\HarddiskVolume2\Windows\System32\lsass.exe  	Handle ID:		0x474  	Resource Attributes:	-    Process Information:  	Process ID:		0xd84  	Process Name:		C:\Windows\System32\wbem\WmiPrvSE.exe    Access Request Information:  	Accesses:		Read from process memory  				  	Access Mask:		0x10
