2021-05-05T23:39:03.168190+02:00 suricata pcap <14>May  5 23:36:48 win10 Microsoft-Windows-Security-Auditing[4]: The hanwì`Qã2021-05-05T23:39:03.168220+02:00 suricata pcap <14>May  5 23:36:48 win10 Microsoft-Windows-Security-Auditing[4]: An attempt was made to access an object.    Subject:  	Security ID:		S-1-5-18  	Account Name:		WIN10$  	Account Domain:		WORKGROUP  	Logon ID:		0x3E7    Object:  	Object Server:		Security  	Object Type:		Process  	Object Name:		\Device\HarddiskVolume2\Windows\System32\lsass.exe  	Handle ID:		0x438  	Resource Attributes:	-    Process Information:  	Process ID:		0xd84  	Process Name:		C:\Windows\System32\wbem\WmiPrvSE.exe    Access Request Information:  	Accesses:		Read from process memory  				  	Access Mask:		0x10
2021-05-05T23:39:03.168241+02:00 suricata pcap <14>May  5 23:36:48 win10 Microsoft-Windows-Security-Auditing[4]: The hanwì`Ëã2021-05-05T23:39:03.168253+02:00 suricata pcap <14>May  5 23:36:48 win10 Microsoft-Windows-Security-Auditing[4]: The handle to an object was closed.    Subject :  	Security ID:		S-1-5-18  	Account Name:		WIN10$  	Account Domain:		WORKGROUP  	Logon ID:		0x3E7    Object:  	Object Server:		Security  	Handle ID:		0x618    Process Information:  	Process ID:		0xd84  	Process Name:		C:\Windows\System32\wbem\WmiPrvSE.exe
2021-05-05T23:39:03.168269+02:00 suricata pcap wì`›ã2021-05-05T23:39:03.168280+02:00 suricata pcap wì`‡é2021-05-05T23:39:03.168295+02:00 suricata pcap wì`yè2021-05-05T23:39:03.168307+02:00 suricata pcap <14>May  5 23:36:48 win10 Microsoft-Windows-Security-Auditing[4]: The handle to an object was closed.    Subject :  	Security ID:		S-1-5-18  	Account Name:		WIN10$  	Account Domain:		WORKGROUP  	Logon ID:		0x3E7    Object:  	Object Server:		Security  	Handle ID:		0x3244    Process Information:  	Process ID:		0xd84  	Process Name:		C:\Windows\System32\wbem\WmiPrvSE.exe
2021-05-05T23:39:03.169477+02:00 suricata pcap <14>May  5 23:36:48 win10 Microsoft-Windows-Security-Auditing[4]: A handle to an object was requested.    Subject:  	Security ID:		S-1-5-18  	Account Name:		WIN10$  	Account Domain:		WORKGROUP  	Logon ID:		0x3E7    Object:  	Object Server:		Security  	Object Type:		Process  	Object Name:		\Device\HarddiskVolume2\Windows\System32\lsass.exe  	Handle ID:		0x618  	Resource Attributes:	-    Process Information:  	Process ID:		0xd84  	Process Name:		C:\Windows\System32\wbem\WmiPrvSE.exe    Access Request Information:  	Transaction ID:		{00000000-0000-0000-0000-000000000000}  	Accesses:		Read from process memory  				Query process information  				Undefined Access (no effect) Bit 12  				  	Awì`é2021-05-05T23:39:03.169541+02:00 suricata pcap wì`$è2021-05-05T23:39:03.169554+02:00 suricata pcap <14>May  5 23:36:48 win10 Microsoft-Windows-Security-Auditing[4]: The handle to an object was closed.    Subject :  	Security ID:		S-1-5-18  	Account Name:		WIN10$  	Account Domain:		WORKGROUP  	Logon ID:		0x3E7    Object:  	Object Server:		Security  	Handle ID:		0x3244    Process Information:  	Process ID:		0xd84  	Process Name:		C:\Windows\System32\wbem\WmiPrvSE.exe
2021-05-05T23:39:03.169579+02:00 suricata pcap <14>May  5 23:36:48 win10 Microsoft-Windows-Security-Auditing[4]: A handle to an object was requested.    Subject:  	Security ID:		S-1-5-18  	Account Name:		WIN10$  	Account Domain:		WORKGROUP  	Logon ID:		0x3E7    Object:  	Object Server:		Security  	Object Type:		Process  	Object Name:		\Device\HarddiskVolume2\Windows\System32\lsass.exe  	Handle ID:		0x618  	Resource Attributes:	-    Process Information:  	Process ID:		0xd84  	Process Name:		C:\Windows\System32\wbem\WmiPrvSE.exe    Access Request Information:  	Transaction ID:		{00000000-0000-0000-0000-000000000000}  	Accesses:		Read from process memory  				Query process information  				Undefined Access (no effect) Bit 12  				  	Awì`#ê2021-05-05T23:39:03.169599+02:00 suricata pcap wì`1î2021-05-05T23:39:03.169610+02:00 suricata pcap <14>May  5 23:36:48 win10 Microsoft-Windows-Security-Auditing[4]: The handle to an object was closed.    Subject :  	Security ID:		S-1-5-18  	Account Name:		WIN10$  	Account Domain:		WORKGROUP  	Logon ID:		0x3E7    Object:  	Object Server:		Security  	Handle ID:		0x618    Process Information:  	Process ID:		0xd84  	Process Name:		C:\Windows\System32\wbem\WmiPrvSE.exe
2021-05-05T23:39:06.872662+02:00 suricata pcap wì`ıè2021-05-05T23:39:06.872702+02:00 suricata pcap <14>May  5 23:36:48 win10 Microsoft-Windows-Security-Auditing[4]: The handle to an object was closed.    Subject :  	Security ID:		S-1-5-18  	Account Name:		WIN10$  	Account Domain:		WORKGROUP  	Logon ID:		0x3E7    Object:  	Object Server:		Security  	Handle ID:		0x618    Process Information:  	Process ID:		0xd84  	Process Name:		C:\Windows\System32\wbem\WmiPrvSE.exe
2021-05-05T23:39:06.872719+02:00 suricata pcap wì`Óì2021-05-05T23:39:06.872726+02:00 suricata pcap 2021-05-05T23:39:06.872733+02:00 suricata pcap 2021-05-05T23:39:06.872745+02:00 suricata pcap 2021-05-05T23:39:06.872755+02:00 suricata pcap 2021-05-05T23:39:06.872762+02:00 suricata pcap 2021-05-05T23:39:06.872767+02:00 suricata pcap ¿®ã2021-05-05T23:39:06.872772+02:00 suricata pcap 2021-05-05T23:39:06.872779+02:00 suricata pcap ªØÿ2021-05-05T23:39:06.872786+02:00 suricata pcap ªØÿ2021-05-05T23:39:06.872790+02:00 suricata pcap Z2021-05-05T23:39:06.872797+02:00 suricata pcap ªØÿ2021-05-05T23:39:06.872801+02:00 suricata pcap Z2021-05-05T23:39:06.872811+02:00 suricata pcap ªØÿ2021-05-05T23:39:06.872821+02:00 suricata pcap xì`†‘2021-05-05T23:39:06.872829+02:00 suricata pcap xì`“‘2021-05-05T23:39:06.872838+02:00 suricata pcap xì`T’2021-05-05T23:39:06.872843+02:00 suricata pcap xì`ŒG
2021-05-05T23:39:06.872851+02:00 suricata pcap 2021-05-05T23:39:06.872855+02:00 suricata pcap xì`:H
2021-05-05T23:39:06.872863+02:00 suricata pcap 2021-05-05T23:39:06.872869+02:00 suricata pcap xì`^€2021-05-05T23:39:06.872873+02:00 suricata pcap 2021-05-05T23:39:06.872878+02:00 suricata pcap ¿®ã2021-05-05T23:39:06.872883+02:00 suricata pcap 2021-05-05T23:39:08.183757+02:00 suricata pcap ¿®ã2021-05-05T23:39:08.183845+02:00 suricata pcap 2021-05-05T23:39:08.183851+02:00 suricata pcap ¿®ã2021-05-05T23:39:08.183857+02:00 suricata pcap ∆)2021-05-05T23:39:08.183874+02:00 suricata pcap message repeated 2 times: [∆)]
2021-05-05T23:39:08.183881+02:00 suricata pcap ∆)2021-05-05T23:39:08.183896+02:00 suricata pcap >2021-05-05T23:39:08.183904+02:00 suricata pcap 2021-05-05T23:39:08.183909+02:00 suricata pcap >2021-05-05T23:39:08.183917+02:00 suricata pcap 2021-05-05T23:39:08.183921+02:00 suricata pcap ?2021-05-05T23:39:08.183942+02:00 suricata pcap 2021-05-05T23:39:08.183946+02:00 suricata pcap ?2021-05-05T23:39:08.183953+02:00 suricata pcap 2021-05-05T23:39:08.183959+02:00 suricata pcap ∆)2021-05-05T23:39:08.183971+02:00 suricata pcap message repeated 2 times: [∆)]
2021-05-05T23:39:08.183980+02:00 suricata pcap ∆)2021-05-05T23:39:08.183988+02:00 suricata pcap @2021-05-05T23:39:08.183995+02:00 suricata pcap 2021-05-05T23:39:08.183999+02:00 suricata pcap @2021-05-05T23:39:08.184006+02:00 suricata pcap 2021-05-05T23:39:08.184009+02:00 suricata pcap A2021-05-05T23:39:08.184017+02:00 suricata pcap 2021-05-05T23:39:08.184020+02:00 suricata pcap A2021-05-05T23:39:08.184030+02:00 suricata pcap 2021-05-05T23:39:08.184040+02:00 suricata pcap {ì`°‚2021-05-05T23:39:08.184044+02:00 suricata pcap {ì`sN
2021-05-05T23:39:08.184054+02:00 suricata pcap 2021-05-05T23:39:08.184058+02:00 suricata pcap {ì`ÑN
2021-05-05T23:39:08.184066+02:00 suricata pcap 2021-05-05T23:39:08.184069+02:00 suricata pcap {ì`zO
2021-05-05T23:39:08.184077+02:00 suricata pcap 2021-05-05T23:39:08.184080+02:00 suricata pcap {ì`ÖO
2021-05-05T23:39:08.184088+02:00 suricata pcap 2021-05-05T23:39:08.184092+02:00 suricata pcap {ì`hª2021-05-05T23:39:08.184097+02:00 suricata pcap 2021-05-05T23:39:08.184113+02:00 suricata pcap ¿®ã2021-05-05T23:39:08.185557+02:00 suricata pcap |ì`&Õ2021-05-05T23:39:08.185617+02:00 suricata pcap |ì`ÊÕ2021-05-05T23:39:08.185649+02:00 suricata pcap |ì`œ2021-05-05T23:39:08.185672+02:00 suricata pcap <14>May  5 23:36:54 win10 Microsoft-Windows-Security-Auditing[4]: A handle to an object was requested.    Subject:  	Security ID:		S-1-5-18  	Account Name:		WIN10$  	Account Domain:		WORKGROUP  	Logon ID:		0x3E7    Object:  	Object Server:		Security  	Object Type:		Process  	Object Name:		\Device\HarddiskVolume2\Windows\System32\lsass.exe  	Handle ID:		0x438  	Resource Attributes:	-    Process Information:  	Process ID:		0xd84  	Process Name:		C:\Windows\System32\wbem\WmiPrvSE.exe    Access Request Information:  	Transaction ID:		{00000000-0000-0000-0000-000000000000}  	Accesses:		Read from process memory  				Query process information  				Undefined Access (no effect) Bit 12  				  	Access Reasons:		-  	Access Mask:		0x1410  	Privileges Used for Access Check:	-  	Restricted SID Count:	0
2021-05-05T23:39:08.185703+02:00 suricata pcap <14>May  5 23:36:54 win10 Microsoft-Windows-Security-Auditing[4]: An attempt was made to access an object.    Subject:  	Security ID:		S-1-5-18  	Account Name:		WIN10$  	Account Domain:		WORKGROUP  	Logon ID:		0x3E7    Object:  	Object Server:		Security  	Object Type:		Process  	Object N|ì`|Œ2021-05-05T23:39:08.185724+02:00 suricata pcap <14>May  5 23:36:54 win10 Microsoft-Windows-Security-Auditing[4]: A handle to an object was requested.    Subject:  	Security ID:		S-1-5-18  	Account Name:		WIN10$  	Account Domain:		WORKGROUP  	Logon ID:		0x3E7    Object:  	Object Server:		Security  	Object Type:		Process  	Object Name:		\Device\HarddiskVolume2\Windows\System32\lsass.exe  	Handle ID:		0x438  	Resource Attributes:	-    Process Information:  	Process ID:		0xd84  	Process Name:		C:\Windows\System32\wbem\WmiPrvSE.exe    Access Request Information:  	Transaction ID:		{00000000-0000-0000-0000-000000000000}  	Accesses:		Read from process memory  				Query process information  				Undefined Access (no effect) Bit 12  				  	Access Reasons:		-  	Access Mask:		0x1410  	Privileges Used for Access Check:	-  	Restricted SID Count:	0
2021-05-05T23:39:08.186745+02:00 suricata pcap <14>May  5 23:36:54 win10 Microsoft-Windows-Security-Auditing[4]: An attempt was made to access an object.    Subject:  	Security ID:		S-1-5-18  	Account Name:		WIN10$  	Account Domain:		WORKGROUP  	Logon ID:		0x3E7    Object:  	Object Server:		Security  	Object Type:		Process  	Object N|ì`æ”2021-05-05T23:39:08.186774+02:00 suricata pcap |ì`œ2021-05-05T23:39:08.186789+02:00 suricata pcap |ì`:‘2021-05-05T23:39:08.186812+02:00 suricata pcap <14>May  5 23:36:54 win10 Microsoft-Windows-Security-Auditing[4]: A handle to an object was requested.    Subject:  	Security ID:		S-1-5-18  	Account Name:		WIN10$  	Account Domain:		WORKGROUP  	Logon ID:		0x3E7    Object:  	Object Server:		Security  	Object Type:		Process  	Object Name:		\Device\HarddiskVolume2\Windows\System32\lsass.exe  	Handle ID:		0x438  	Resource Attributes:	-    Process Information:  	Process ID:		0xd84  	Process Name:		C:\Windows\System32\wbem\WmiPrvSE.exe    Access Request Information:  	Transaction ID:		{00000000-0000-0000-0000-000000000000}  	Accesses:		Read from process memory  				Query process information  				Undefined Access (no effect) Bit 12  				  	Access Reasons:		-  	Access Mask:		0x1410  	Privileges Used for Access Check:	-  	Restricted SID Count:	0
2021-05-05T23:39:08.186832+02:00 suricata pcap <14>May  5 23:36:54 win10 Microsoft-Windows-Security-Auditing[4]: An attempt was made to access an object.    Subject:  	Security ID:		S-1-5-18  	Account Name:		WIN10$  	Account Domain:		WORKGROUP  	Logon ID:		0x3E7    Object:  	Object Server:		Security  	Object Type:		Process  	Object N|ì`'’2021-05-05T23:39:08.186845+02:00 suricata pcap <14>May  5 23:36:54 win10 Microsoft-Windows-Security-Auditing[4]: An attempt was made to duplicate a handle to an object.    Subject:  	Security ID:		S-1-5-18  	Account Name:		WIN10$  	Account Domain:		WORKGROUP  	Logon ID:		0x3E7    Source Handle Information:  	Source Handle ID:	0x438  	Source Process ID:	0xd84    New Handle Information:  	Target Handle ID:	0x3244  	Target Process ID:	0x4
2021-05-05T23:39:08.186861+02:00 suricata pcap |ì`X”2021-05-05T23:39:08.187311+02:00 suricata pcap |ì`0‘2021-05-05T23:39:08.187336+02:00 suricata pcap <14>May  5 23:36:54 win10 Microsoft-Windows-Security-Auditing[4]: An attempt was made to duplicate a handle to an object.    Subject:  	Security ID:		S-1-5-18  	Account Name:		WIN10$  	Account Domain:		WORKGROUP  	Logon ID:		0x3E7    Source Handle Information:  	Source Handle ID:	0x438  	Source Process ID:	0xd84    New Handle Information:  	Target Handle ID:	0x3244  	Target Process ID:	0x4
2021-05-05T23:39:08.187350+02:00 suricata pcap |ì`†‘2021-05-05T23:39:08.187363+02:00 suricata pcap <14>May  5 23:36:54 win10 Microsoft-Windows-Security-Auditing[4]: An attempt was made to duplicate a handle to an object.    Subject:  	Security ID:		S-1-5-18  	Account Name:		WIN10$  	Account Domain:		WORKGROUP  	Logon ID:		0x3E7    Source Handle Information:  	Source Handle ID:	0x438  	Source Process ID:	0xd84    New Handle Information:  	Target Handle ID:	0x3244  	Target Process ID:	0x4
2021-05-05T23:39:08.187411+02:00 suricata pcap |ì`∫‘2021-05-05T23:39:08.187434+02:00 suricata pcap <14>May  5 23:36:54 win10 Microsoft-Windows-Security-Auditing[4]: A handle to an object was requested.    Subject:  	Security ID:		S-1-5-18  	Account Name:		WIN10$  	Account Domain:		WORKGROUP  	Logon ID:		0x3E7    Object:  	Object Server:		Security  	Object Type:		Process  	Object Name:		\Device\HarddiskVolume2\Windows\System32\lsass.exe  	Handle ID:		0x438  	Resource Attributes:	-    Process Information:  	Process ID:		0xd84  	Process Name:		C:\Windows\System32\wbem\WmiPrvSE.exe    Access Request Information:  	Transaction ID:		{00000000-0000-0000-0000-000000000000}  	Accesses:		Read from process memory  				Query process information  				Undefined Access (no effect) Bit 12  				  	Access Reasons:		-  	Access Mask:		0x1410  	Privileges Used for Access Check:	-  	Restricted SID Count:	0
2021-05-05T23:39:08.187465+02:00 suricata pcap |ì`⁄2021-05-05T23:39:08.188232+02:00 suricata pcap <14>May  5 23:36:54 win10 Microsoft-Windows-Security-Auditing[4]: A handle to an object was requested.    Subject:  	Security ID:		S-1-5-18  	Account Name:		WIN10$  	Account Domain:		WORKGROUP  	Logon ID:		0x3E7    Object:  	Object Server:		Security  	Object Type:		Process  	Object Name:		\Device\HarddiskVolume2\Windows\System32\lsass.exe  	Handle ID:		0x438  	Resource Attributes:	-    Process Information:  	Process ID:		0xd84  	Process Name:		C:\Windows\System32\wbem\WmiPrvSE.exe    Access Request Information:  	Transaction ID:		{00000000-0000-0000-0000-000000000000}  	Accesses:		Read from process memory  				Query process information  				Undefined Access (no effect) Bit 12  				  	Access Reasons:		-  	Access Mask:		0x1410  	Privileges Used for Access Check:	-  	Restricted SID Count:	0
2021-05-05T23:39:08.188258+02:00 suricata pcap |ì`v⁄2021-05-05T23:39:08.188280+02:00 suricata pcap <14>May  5 23:36:54 win10 Microsoft-Windows-Security-Auditing[4]: A handle to an object was requested.    Subject:  	Security ID:		S-1-5-18  	Account Name:		WIN10$  	Account Domain:		WORKGROUP  	Logon ID:		0x3E7    Object:  	Object Server:		Security  	Object Type:		Process  	Object Name:		\Device\HarddiskVolume2\Windows\System32\lsass.exe  	Handle ID:		0x438  	Resource Attributes:	-    Process Information:  	Process ID:		0xd84  	Process Name:		C:\Windows\System32\wbem\WmiPrvSE.exe    Access Request Information:  	Transaction ID:		{00000000-0000-0000-0000-000000000000}  	Accesses:		Read from process memory  				Query process information  				Undefined Access (no effect) Bit 12  				  	Access Reasons:		-  	Access Mask:		0x1410  	Privileges Used for Access Check:	-  	Restricted SID Count:	0
2021-05-05T23:39:08.188303+02:00 suricata pcap |ì`O€2021-05-05T23:39:08.188315+02:00 suricata pcap <14>May  5 23:36:54 win10 Microsoft-Windows-Security-Auditing[4]: The handle to an object was closed.    Subject :  	Security ID:		S-1-5-18  	Account Name:		WIN10$  	Account Domain:		WORKGROUP  	Logon ID:		0x3E7    Object:  	Object Server:		Security  	Handle ID:		0x438    Process Information:  	Process ID:		0xd84  	Process Name:		C:\Windows\System32\wbem\WmiPrvSE.exe
2021-05-05T23:39:08.188328+02:00 suricata pcap <14>May  5 23:36:54 win10 Microsoft-Windows-Security-Auditing[4]: An attempt was made to duplicate a handle to an object.    Subject:  	Security ID:		S-1-5-18  	Account Name:		WIN10$  	Account Domain:		WORKGROUP  	Logon ID:		0x3E7    Source Handle Information:  	Source Handle ID:	0x468  	Source Process ID:	0xd84    New Handle Information:  	Target Handle ID:	0x2824  	Target Process ID:	0x4
2021-05-05T23:39:08.188347+02:00 suricata pcap |ì`˘‹2021-05-05T23:39:08.189465+02:00 suricata pcap <14>May  5 23:36:54 win10 Microsoft-Windows-Security-Auditing[4]: The handle to an object was closed.    Subject :  	Security ID:		S-1-5-18  	Account Name:		WIN10$  	Account Domain:		WORKGROUP  	Logon ID:		0x3E7    Object:  	Object Server:		Security  	Handle ID:		0x438    Process Information:  	Process ID:		0xd84  	Process Name:		C:\Windows\System32\wbem\WmiPrvSE.exe
2021-05-05T23:39:08.189507+02:00 suricata pcap <14>May  5 23:36:54 win10 Microsoft-Windows-Security-Auditing[4]: An attempt was made to duplicate a handle to an object.    Subject:  	Security ID:		S-1-5-18  	Account Name:		WIN10$  	Account Domain:		WORKGROUP  	Logon ID:		0x3E7    Source Handle Information:  	Source Handle ID:	0x468  	Source Process ID:	0xd84    New Handle Information:  	Target Handle ID:	0x2824  	Target Process ID:	0x4
2021-05-05T23:39:08.189544+02:00 suricata pcap |ì`ﬁ2021-05-05T23:39:08.189572+02:00 suricata pcap <14>May  5 23:36:54 win10 Microsoft-Windows-Security-Auditing[4]: The handle to an object was closed.    Subject :  	Security ID:		S-1-5-18  	Account Name:		WIN10$  	Account Domain:		WORKGROUP  	Logon ID:		0x3E7    Object:  	Object Server:		Security  	Handle ID:		0x438    Process Information:  	Process ID:		0xd84  	Process Name:		C:\Windows\System32\wbem\WmiPrvSE.exe
2021-05-05T23:39:08.189606+02:00 suricata pcap <14>May  5 23:36:54 win10 Microsoft-Windows-Security-Auditing[4]: An attempt was made to duplicate a handle to an object.    Subject:  	Security ID:		S-1-5-18  	Account Name:		WIN10$  	Account Domain:		WORKGROUP  	Logon ID:		0x3E7    Source Handle Information:  	Source Handle ID:	0x468  	Source Process ID:	0xd84    New Handle Information:  	Target Handle ID:	0x2824  	Target Process ID:	0x4
2021-05-05T23:39:08.189711+02:00 suricata pcap |ì`C‡2021-05-05T23:39:08.189751+02:00 suricata pcap <14>May  5 23:36:54 win10 Microsoft-Windows-Security-Auditing[4]: A handle to an object was requested.    Subject:  	Security ID:		S-1-5-18  	Account Name:		WIN10$  	Account Domain:		WORKGROUP  	Logon ID:		0x3E7    Object:  	Object Server:		Security  	Object Type:		Process  	Object Name:		\Device\HarddiskVolume2\Windows\System32\lsass.exe  	Handle ID:		0x468  	Resource Attributes:	-    Process Information:  	Process ID:		0xd84  	Process Name:		C:\Windows\System32\wbem\WmiPrvSE.exe    Access Request Information:  	Transaction ID:		{00000000-0000-0000-0000-000000000000}  	Accesses:		Read from process memory  				Query process information  				Undefined Access (no effect) Bit 12  				  	Access Reasons:		-  	Access Mask:		0x1410  	Privileges Used for Access Check:	-  	Restricted SID Count:	0
2021-05-05T23:39:08.189774+02:00 suricata pcap <14>May  5 23:36:54 win10 Microsoft-Windows-Security-Auditing[4]: An attempt was made to access an object.    Subject:  	Security ID:		S-1-5-18  	Account Name:		WIN10$  	Account Domain:		WORKGROUP  	Logon ID:		0x3E7    Object:  	Object Server:		Security  	Object Type:		Process  	Object N|ì`ç‡2021-05-05T23:39:08.190392+02:00 suricata pcap |ì`ìﬁ2021-05-05T23:39:08.190427+02:00 suricata pcap <14>May  5 23:36:54 win10 Microsoft-Windows-Security-Auditing[4]: A handle to an object was requested.    Subject:  	Security ID:		S-1-5-18  	Account Name:		WIN10$  	Account Domain:		WORKGROUP  	Logon ID:		0x3E7    Object:  	Object Server:		Security  	Object Type:		Process  	Object Name:		\Device\HarddiskVolume2\Windows\System32\lsass.exe  	Handle ID:		0x468  	Resource Attributes:	-    Process Information:  	Process ID:		0xd84  	Process Name:		C:\Windows\System32\wbem\WmiPrvSE.exe    Access Request Information:  	Transaction ID:		{00000000-0000-0000-0000-000000000000}  	Accesses:		Read from process memory  				Query process information  				Undefined Access (no effect) Bit 12  				  	Access Reasons:		-  	Access Mask:		0x1410  	Privileges Used for Access Check:	-  	Restricted SID Count:	0
2021-05-05T23:39:08.190463+02:00 suricata pcap <14>May  5 23:36:54 win10 Microsoft-Windows-Security-Auditing[4]: An attempt was made to access an object.    Subject:  	Security ID:		S-1-5-18  	Account Name:		WIN10$  	Account Domain:		WORKGROUP  	Logon ID:		0x3E7    Object:  	Object Server:		Security  	Object Type:		Process  	Object N|ì`®ﬂ2021-05-05T23:39:08.190478+02:00 suricata pcap |ì`ˆﬂ2021-05-05T23:39:08.190509+02:00 suricata pcap <14>May  5 23:36:54 win10 Microsoft-Windows-Security-Auditing[4]: A handle to an object was requested.    Subject:  	Security ID:		S-1-5-18  	Account Name:		WIN10$  	Account Domain:		WORKGROUP  	Logon ID:		0x3E7    Object:  	Object Server:		Security  	Object Type:		Process  	Object Name:		\Device\HarddiskVolume2\Windows\System32\lsass.exe  	Handle ID:		0x468  	Resource Attributes:	-    Process Information:  	Process ID:		0xd84  	Process Name:		C:\Windows\System32\wbem\WmiPrvSE.exe    Access Request Information:  	Transaction ID:		{00000000-0000-0000-0000-000000000000}  	Accesses:		Read from process memory  				Query process information  				Undefined Access (no effect) Bit 12  				  	Access Reasons:		-  	Access Mask:		0x1410  	Privileges Used for Access Check:	-  	Restricted SID Count:	0
2021-05-05T23:39:08.190528+02:00 suricata pcap <14>May  5 23:36:54 win10 Microsoft-Windows-Security-Auditing[4]: An attempt was made to access an object.    Subject:  	Security ID:		S-1-5-18  	Account Name:		WIN10$  	Account Domain:		WORKGROUP  	Logon ID:		0x3E7    Object:  	Object Server:		Security  	Object Type:		Process  	Object N|ì`(‡2021-05-05T23:39:08.190869+02:00 suricata pcap |ì`ı‡2021-05-05T23:39:08.190897+02:00 suricata pcap <14>May  5 23:36:54 win10 Microsoft-Windows-Security-Auditing[4]: An attempt was made to duplicate a handle to an object.    Subject:  	Security ID:		S-1-5-18  	Account Name:		WIN10$  	Account Domain:		WORKGROUP  	Logon ID:		0x3E7    Source Handle Information:  	Source Handle ID:	0x468  	Source Process ID:	0xd84    New Handle Information:  	Target Handle ID:	0x3244  	Target Process ID:	0x4
2021-05-05T23:39:08.190909+02:00 suricata pcap <14>May  5 23:36:54 win10 Microsoft-Windows-Security-Auditing[4]: The handle to an object was closed.    Subject :  	Security ID:		S-1-5-18  	Account Name:		WIN10$  	Account Domain:		WORKGROUP  	Logon ID:		0x3E7    Object:  	Object Server:		Security  	Handle ID:		0x3244    Process Information:  	Process ID:		0xd84  	Process Name:		C:\Windows\System32\wbem\WmiPrvSE.exe
2021-05-05T23:39:08.190940+02:00 suricata pcap |ì`z·2021-05-05T23:39:08.190954+02:00 suricata pcap <14>May  5 23:36:54 win10 Microsoft-Windows-Security-Auditing[4]: An attempt was made to duplicate a handle to an object.    Subject:  	Security ID:		S-1-5-18  	Account Name:		WIN10$  	Account Domain:		WORKGROUP  	Logon ID:		0x3E7    Source Handle Information:  	Source Handle ID:	0x468  	Source Process ID:	0xd84    New Handle Information:  	Target Handle ID:	0x3244  	Target Process ID:	0x4
2021-05-05T23:39:08.190966+02:00 suricata pcap <14>May  5 23:36:54 win10 Microsoft-Windows-Security-Auditing[4]: The handle to an object was closed.    Subject :  	Security ID:		S-1-5-18  	Account Name:		WIN10$  	Account Domain:		WORKGROUP  	Logon ID:		0x3E7    Object:  	Object Server:		Security  	Handle ID:		0x3244    Process Information:  	Process ID:		0xd84  	Process Name:		C:\Windows\System32\wbem\WmiPrvSE.exe
2021-05-05T23:39:08.190981+02:00 suricata pcap |ì`	„2021-05-05T23:39:08.190995+02:00 suricata pcap <14>May  5 23:36:54 win10 Microsoft-Windows-Security-Auditing[4]: An attempt was made to duplicate a handle to an object.    Subject:  	Security ID:		S-1-5-18  	Account Name:		WIN10$  	Account Domain:		WORKGROUP  	Logon ID:		0x3E7    Source Handle Information:  	Source Handle ID:	0x468  	Source Process ID:	0xd84    New Handle Information:  	Target Handle ID:	0x3244  	Target Process ID:	0x4
2021-05-05T23:39:08.191007+02:00 suricata pcap <14>May  5 23:36:54 win10 Microsoft-Windows-Security-Auditing[4]: The handle to an object was closed.    Subject :  	Security ID:		S-1-5-18  	Account Name:		WIN10$  	Account Domain:		WORKGROUP  	Logon ID:		0x3E7    Object:  	Object Server:		Security  	Handle ID:		0x3244    Process Information:  	Process ID:		0xd84  	Process Name:		C:\Windows\System32\wbem\WmiPrvSE.exe
2021-05-05T23:39:08.191795+02:00 suricata pcap |ì`(‰2021-05-05T23:39:08.191826+02:00 suricata pcap <14>May  5 23:36:54 win10 Microsoft-Windows-Security-Auditing[4]: An attempt was made to access an object.    Subject:  	Security ID:		S-1-5-18  	Account Name:		WIN10$  	Account Domain:		WORKGROUP  	Logon ID:		0x3E7    Object:  	Object Server:		Security  	Object Type:		Process  	Object Name:		\Device\HarddiskVolume2\Windows\System32\lsass.exe  	Handle ID:		0x468  	Resource Attributes:	-    Process Information:  	Process ID:		0xd84  	Process Name:		C:\Windows\System32\wbem\WmiPrvSE.exe    Access Request Information:  	Accesses:		Read from process memory  				  	Access Mask:		0x10
2021-05-05T23:39:08.191855+02:00 suricata pcap <14>May  5 23:36:54 win10 Microsoft-Windows-Security-Auditing[4]: The han|ì`…„2021-05-05T23:39:08.191872+02:00 suricata pcap <14>May  5 23:36:54 win10 Microsoft-Windows-Security-Auditing[4]: An attempt was made to access an object.    Subject:  	Security ID:		S-1-5-18  	Account Name:		WIN10$  	Account Domain:		WORKGROUP  	Logon ID:		0x3E7    Object:  	Object Server:		Security  	Object Type:		Process  	Object Name:		\Device\HarddiskVolume2\Windows\System32\lsass.exe  	Handle ID:		0x468  	Resource Attributes:	-    Process Information:  	Process ID:		0xd84  	Process Name:		C:\Windows\System32\wbem\WmiPrvSE.exe    Access Request Information:  	Accesses:		Read from process memory  				  	Access Mask:		0x10
2021-05-05T23:39:08.191888+02:00 suricata pcap <14>May  5 23:36:54 win10 Microsoft-Windows-Security-Auditing[4]: The han|ì`ıÊ2021-05-05T23:39:08.191900+02:00 suricata pcap |ì`∆Â2021-05-05T23:39:08.192620+02:00 suricata pcap |ì`(Ë2021-05-05T23:39:08.192649+02:00 suricata pcap <14>May  5 23:36:54 win10 Microsoft-Windows-Security-Auditing[4]: An attempt was made to access an object.    Subject:  	Security ID:		S-1-5-18  	Account Name:		WIN10$  	Account Domain:		WORKGROUP  	Logon ID:		0x3E7    Object:  	Object Server:		Security  	Object Type:		Process  	Object Name:		\Device\HarddiskVolume2\Windows\System32\lsass.exe  	Handle ID:		0x468  	Resource Attributes:	-    Process Information:  	Process ID:		0xd84  	Process Name:		C:\Windows\System32\wbem\WmiPrvSE.exe    Access Request Information:  	Accesses:		Read from process memory  				  	Access Mask:		0x10
2021-05-05T23:39:08.192666+02:00 suricata pcap <14>May  5 23:36:54 win10 Microsoft-Windows-Security-Auditing[4]: The han|ì`ªÌ2021-05-05T23:39:08.192678+02:00 suricata pcap <14>May  5 23:36:54 win10 Microsoft-Windows-Security-Auditing[4]: The handle to an object was closed.    Subject :  	Security ID:		S-1-5-18  	Account Name:		WIN10$  	Account Domain:		WORKGROUP  	Logon ID:		0x3E7    Object:  	Object Server:		Security  	Handle ID:		0x3244    Process Information:  	Process ID:		0xd84  	Process Name:		C:\Windows\System32\wbem\WmiPrvSE.exe
2021-05-05T23:39:08.192706+02:00 suricata pcap <14>May  5 23:36:54 win10 Microsoft-Windows-Security-Auditing[4]: A handle to an object was requested.    Subject:  	Security ID:		S-1-5-18  	Account Name:		WIN10$  	Account Domain:		WORKGROUP  	Logon ID:		0x3E7    Object:  	Object Server:		Security  	Object Type:		Process  	Object Name:		\Device\HarddiskVolume2\Windows\System32\lsass.exe  	Handle ID:		0x5b8  	Resource Attributes:	-    Process Information:  	Process ID:		0xd84  	Process Name:		C:\Windows\System32\wbem\WmiPrvSE.exe    Access Request Information:  	Transaction ID:		{00000000-0000-0000-0000-000000000000}  	Accesses:		Read from process memory  				Query process information  				Undefined Access (no effect) Bit 12  				  	A|ì`Á2021-05-05T23:39:08.192712+02:00 suricata pcap |ì`ÃÌ2021-05-05T23:39:08.192719+02:00 suricata pcap @2021-05-05T23:39:08.192733+02:00 suricata pcap |ì`ÄË2021-05-05T23:39:08.192745+02:00 suricata pcap <14>May  5 23:36:54 win10 Microsoft-Windows-Security-Auditing[4]: The handle to an object was closed.    Subject :  	Security ID:		S-1-5-18  	Account Name:		WIN10$  	Account Domain:		WORKGROUP  	Logon ID:		0x3E7    Object:  	Object Server:		Security  	Handle ID:		0x3244    Process Information:  	Process ID:		0xd84  	Process Name:		C:\Windows\System32\wbem\WmiPrvSE.exe
2021-05-05T23:39:08.193712+02:00 suricata pcap <14>May  5 23:36:54 win10 Microsoft-Windows-Security-Auditing[4]: A handle to an object was requested.    Subject:  	Security ID:		S-1-5-18  	Account Name:		WIN10$  	Account Domain:		WORKGROUP  	Logon ID:		0x3E7    Object:  	Object Server:		Security  	Object Type:		Process  	Object Name:		\Device\HarddiskVolume2\Windows\System32\lsass.exe  	Handle ID:		0x5b8  	Resource Attributes:	-    Process Information:  	Process ID:		0xd84  	Process Name:		C:\Windows\System32\wbem\WmiPrvSE.exe    Access Request Information:  	Transaction ID:		{00000000-0000-0000-0000-000000000000}  	Accesses:		Read from process memory  				Query process information  				Undefined Access (no effect) Bit 12  				  	A|ì`ËÌ2021-05-05T23:39:08.193732+02:00 suricata pcap @2021-05-05T23:39:08.193772+02:00 suricata pcap |ì`Ó2021-05-05T23:39:08.193784+02:00 suricata pcap <14>May  5 23:36:54 win10 Microsoft-Windows-Security-Auditing[4]: The handle to an object was closed.    Subject :  	Security ID:		S-1-5-18  	Account Name:		WIN10$  	Account Domain:		WORKGROUP  	Logon ID:		0x3E7    Object:  	Object Server:		Security  	Handle ID:		0x5b8    Process Information:  	Process ID:		0xd84  	Process Name:		C:\Windows\System32\wbem\WmiPrvSE.exe
2021-05-05T23:39:08.193799+02:00 suricata pcap <14>May  5 23:36:54 win10 Microsoft-Windows-Security-Auditing[4]: An attempt was made to duplicate a handle to an object.    Subject:  	Security ID:		S-1-5-18  	Account Name:		WIN10$  	Account Domain:		WORKGROUP  	Logon ID:		0x3E7    Source Handle Information:  	Source Handle ID:	0x5b8  	Source Process ID:	0xd84    New Handle Information:  	Target Handle ID:	0x3244  	Target Process ID:	0x4
2021-05-05T23:39:08.193835+02:00 suricata pcap <14>May  5 23:36:54 win10 Microsoft-Windows-Security-Auditing[4]: The handle to an object was closed.    Sub|ì`ﬂË2021-05-05T23:39:08.193854+02:00 suricata pcap |ì`ÑÏ2021-05-05T23:39:08.193866+02:00 suricata pcap <14>May  5 23:36:54 win10 Microsoft-Windows-Security-Auditing[4]: The handle to an object was closed.    Subject :  	Security ID:		S-1-5-18  	Account Name:		WIN10$  	Account Domain:		WORKGROUP  	Logon ID:		0x3E7    Object:  	Object Server:		Security  	Handle ID:		0x5b8    Process Information:  	Process ID:		0xd84  	Process Name:		C:\Windows\System32\wbem\WmiPrvSE.exe
2021-05-05T23:39:08.194566+02:00 suricata pcap <14>May  5 23:36:54 win10 Microsoft-Windows-Security-Auditing[4]: An attempt was made to duplicate a handle to an object.    Subject:  	Security ID:		S-1-5-18  	Account Name:		WIN10$  	Account Domain:		WORKGROUP  	Logon ID:		0x3E7    Source Handle Information:  	Source Handle ID:	0x5b8  	Source Process ID:	0xd84    New Handle Information:  	Target Handle ID:	0x3244  	Target Process ID:	0x4
2021-05-05T23:39:08.194594+02:00 suricata pcap <14>May  5 23:36:54 win10 Microsoft-Windows-Security-Auditing[4]: The handle to an object was closed.    Sub|ì`ûÓ2021-05-05T23:39:08.194623+02:00 suricata pcap |ì`∆Ó2021-05-05T23:39:08.194643+02:00 suricata pcap |ì`GÔ2021-05-05T23:39:08.194655+02:00 suricata pcap <14>May  5 23:36:54 win10 Microsoft-Windows-Security-Auditing[4]: The handle to an object was closed.    Subject :  	Security ID:		S-1-5-18  	Account Name:		WIN10$  	Account Domain:		WORKGROUP  	Logon ID:		0x3E7    Object:  	Object Server:		Security  	Handle ID:		0x5b8    Process Information:  	Process ID:		0xd84  	Process Name:		C:\Windows\System32\wbem\WmiPrvSE.exe
2021-05-05T23:39:08.194659+02:00 suricata pcap |ì`
2021-05-05T23:39:08.194673+02:00 suricata pcap Ì2021-05-05T23:39:08.194685+02:00 suricata pcap <14>May  5 23:36:54 win10 Microsoft-Windows-Security-Auditing[4]: The handle to an object was closed.    Subject :  	Security ID:		S-1-5-18  	Account Name:		WIN10$  	Account Domain:		WORKGROUP  	Logon ID:		0x3E7    Object:  	Object Server:		Security  	Handle ID:		0x3244    Process Information:  	Process ID:		0xd84  	Process Name:		C:\Windows\System32\wbem\WmiPrvSE.exe
2021-05-05T23:39:08.196018+02:00 suricata pcap <14>May  5 23:36:54 win10 Microsoft-Windows-Security-Auditing[4]: A handle to an object was requested.    Subject:  	Security ID:		S-1-5-18  	Account Name:		WIN10$  	Account Domain:		WORKGROUP  	Logon ID:		0x3E7    Object:  	Object Server:		Security  	Object Type:		Process  	Object Name:		\Device\HarddiskVolume2\Windows\System32\lsass.exe  	Handle ID:		0x5b8  	Resource Attributes:	-    Process Information:  	Process ID:		0xd84  	Process Name:		C:\Windows\System32\wbem\WmiPrvSE.exe    Access Request Information:  	Transaction ID:		{00000000-0000-0000-0000-000000000000}  	Accesses:		Read from process memory  				Query process information  				Undefined Access (no effect) Bit 12  				  	A|ì`%Ì2021-05-05T23:39:08.196039+02:00 suricata pcap @2021-05-05T23:39:08.196062+02:00 suricata pcap |ì`Ã¯2021-05-05T23:39:08.196074+02:00 suricata pcap <14>May  5 23:36:54 win10 Microsoft-Windows-Security-Auditing[4]: The handle to an object was closed.    Subject :  	Security ID:		S-1-5-18  	Account Name:		WIN10$  	Account Domain:		WORKGROUP  	Logon ID:		0x3E7    Object:  	Object Server:		Security  	Handle ID:		0x5b8    Process Information:  	Process ID:		0xd84  	Process Name:		C:\Windows\System32\wbem\WmiPrvSE.exe
