2021-05-05T23:38:15.759226+02:00 suricata pcap <14>May  5 23:36:01 win10 Microsoft-Windows-Security-Auditing[4]: A handle to an object was requested.    Subject:  	Security ID:		S-1-5-18  	Account Name:		WIN10$  	Account Domain:		WORKGROUP  	Logon ID:		0x3E7    Object:  	Object Server:		Security  	Object Type:		Process  	Object Name:		\Device\HarddiskVolume2\Windows\System32\lsass.exe  	Handle ID:		0x544  	Resource Attributes:	-    Process Information:  	Process ID:		0xd84  	Process Name:		C:\Windows\System32\wbem\WmiPrvSE.exe    Access Request Information:  	Transaction ID:		{00000000-0000-0000-0000-000000000000}  	Accesses:		Read from process memory  				Query process information  				Undefined Access (no effect) Bit 12  				  	AGì`™ì2021-05-05T23:38:15.759241+02:00 suricata pcap Gì`å~2021-05-05T23:38:15.759257+02:00 suricata pcap Gì`Â~2021-05-05T23:38:15.759759+02:00 suricata pcap <14>May  5 23:36:01 win10 Microsoft-Windows-Security-Auditing[4]: The handle to an object was closed.    Subject :  	Security ID:		S-1-5-18  	Account Name:		WIN10$  	Account Domain:		WORKGROUP  	Logon ID:		0x3E7    Object:  	Object Server:		Security  	Handle ID:		0x250    Process Information:  	Process ID:		0xd84  	Process Name:		C:\Windows\System32\wbem\WmiPrvSE.exe
2021-05-05T23:38:15.759779+02:00 suricata pcap Gì`’2021-05-05T23:38:15.759787+02:00 suricata pcap <14>May  5 23:36:01 win10 Microsoft-Windows-Security-Auditing[4]: The handle to an object was closed.    Subject :  	Security ID:		S-1-5-18  	Account Name:		WIN10$  	Account Domain:		WORKGROUP  	Logon ID:		0x3E7    Object:  	Object Server:		Security  	Handle ID:		0x250    Process Information:  	Process ID:		0xd84  	Process Name:		C:\Windows\System32\wbem\WmiPrvSE.exe
2021-05-05T23:38:15.759796+02:00 suricata pcap Gì`xÄ2021-05-05T23:38:15.759805+02:00 suricata pcap Gì`ˆÄ2021-05-05T23:38:15.759814+02:00 suricata pcap Gì`|Å2021-05-05T23:38:15.759823+02:00 suricata pcap Gì`Ç2021-05-05T23:38:15.759833+02:00 suricata pcap Gì`8ó2021-05-05T23:38:15.760129+02:00 suricata pcap <14>May  5 23:36:01 win10 Microsoft-Windows-Security-Auditing[4]: The handle to an object was closed.    Subject :  	Security ID:		S-1-5-18  	Account Name:		WIN10$  	Account Domain:		WORKGROUP  	Logon ID:		0x3E7    Object:  	Object Server:		Security  	Handle ID:		0x544    Process Information:  	Process ID:		0xd84  	Process Name:		C:\Windows\System32\wbem\WmiPrvSE.exe
2021-05-05T23:38:15.760143+02:00 suricata pcap <14>May  5 23:36:02 win10 Microsoft-Windows-Security-Auditing[4]: An attempt was made to duplicate a handle to an object.    Subject:  	Security ID:		S-1-5-18  	Account Name:		WIN10$  	Account Domain:		WORKGROUP  	Logon ID:		0x3E7    Source Handle Information:  	Source Handle ID:	0x660  	Source Process ID:	0xd84    New Handle Information:  	Target Handle ID:	0x3928  	Target Process ID:	0x4
2021-05-05T23:38:15.760162+02:00 suricata pcap Gì`nÇ2021-05-05T23:38:15.760172+02:00 suricata pcap <14>May  5 23:36:01 win10 Microsoft-Windows-Security-Auditing[4]: An attempt was made to access an object.    Subject:  	Security ID:		S-1-5-18  	Account Name:		WIN10$  	Account Domain:		WORKGROUP  	Logon ID:		0x3E7    Object:  	Object Server:		Security  	Object Type:		Process  	Object Name:		\Device\HarddiskVolume2\Windows\System32\lsass.exe  	Handle ID:		0x660  	Resource Attributes:	-    Process Information:  	Process ID:		0xd84  	Process Name:		C:\Windows\System32\wbem\WmiPrvSE.exe    Access Request Information:  	Accesses:		Read from process memory  				  	Access Mask:		0x10
2021-05-05T23:38:15.760185+02:00 suricata pcap Gì`¯É2021-05-05T23:38:15.760195+02:00 suricata pcap <14>May  5 23:36:01 win10 Microsoft-Windows-Security-Auditing[4]: An attempt was made to access an object.    Subject:  	Security ID:		S-1-5-18  	Account Name:		WIN10$  	Account Domain:		WORKGROUP  	Logon ID:		0x3E7    Object:  	Object Server:		Security  	Object Type:		Process  	Object Name:		\Device\HarddiskVolume2\Windows\System32\lsass.exe  	Handle ID:		0x660  	Resource Attributes:	-    Process Information:  	Process ID:		0xd84  	Process Name:		C:\Windows\System32\wbem\WmiPrvSE.exe    Access Request Information:  	Accesses:		Read from process memory  				  	Access Mask:		0x10
2021-05-05T23:38:15.760434+02:00 suricata pcap Gì`íá2021-05-05T23:38:15.760452+02:00 suricata pcap <14>May  5 23:36:01 win10 Microsoft-Windows-Security-Auditing[4]: An attempt was made to duplicate a handle to an object.    Subject:  	Security ID:		S-1-5-21-2049402910-1774223977-1796254597-1003  	Account Name:		lade  	Account Domain:		WIN10  	Logon ID:		0x14A4D    Source Handle Information:  	Source Handle ID:	0x1390  	Source Process ID:	0x1918    New Handle Information:  	Target Handle ID:	0x1f9c  	Target Process ID:	0x4
2021-05-05T23:38:15.760460+02:00 suricata pcap <14>May  5 23:36:01 win10 Microsoft-Windows-Security-Auditing[4]: The handle to an object was closed.    Subject :  	Security ID:		S-1-5-21-2049402910-1774223977-1796254597-1003  	Account Name:		lade  	Account Domain:		WIN10  	Logon ID:		0x14A4D    Object:  	Object Server:		Security  	Handle ID:		0x1f9c    Process Information:  	Process ID:		0x1918  	Process Name:		C:\Windows\System32\RuntimeBroker.exe
2021-05-05T23:38:15.760467+02:00 suricata pcap <14>May  5 23:36:01 win10 Microsoft-Windows-Security-Auditing[4]: A handle to an object was requested.    Subject:  	Security ID:		S-1-5-21-2049402910-1774223977-1796254597-1003  	Account Name:		lade  	Account Domain:		WIN10  	Logon ID:		0x14A4D    ObjGì`Óá2021-05-05T23:38:15.760484+02:00 suricata pcap 3˝ØWqP æ”2021-05-05T23:38:15.760493+02:00 suricata pcap Gì`à2021-05-05T23:38:15.760501+02:00 suricata pcap <14>May  5 23:36:01 win10 Microsoft-Windows-Security-Auditing[4]: An attempt was made to duplicate a handle to an object.    Subject:  	Security ID:		S-1-5-21-2049402910-1774223977-1796254597-1003  	Account Name:		lade  	Account Domain:		WIN10  	Logon ID:		0x14A4D    Source Handle Information:  	Source Handle ID:	0x1390  	Source Process ID:	0x1918    New Handle Information:  	Target Handle ID:	0x1f9c  	Target Process ID:	0x4
2021-05-05T23:38:15.760509+02:00 suricata pcap <14>May  5 23:36:01 win10 Microsoft-Windows-Security-Auditing[4]: The handle to an object was closed.    Subject :  	Security ID:		S-1-5-21-2049402910-1774223977-1796254597-1003  	Account Name:		lade  	Account Domain:		WIN10  	Logon ID:		0x14A4D    Object:  	Object Server:		Security  	Handle ID:		0x1f9c    Process Information:  	Process ID:		0x1918  	Process Name:		C:\Windows\System32\RuntimeBroker.exe
2021-05-05T23:38:15.760515+02:00 suricata pcap <14>May  5 23:36:01 win10 Microsoft-Windows-Security-Auditing[4]: A handle to an object was requested.    Subject:  	Security ID:		S-1-5-21-2049402910-1774223977-1796254597-1003  	Account Name:		lade  	Account Domain:		WIN10  	Logon ID:		0x14A4D    ObjGì`9à2021-05-05T23:38:15.760834+02:00 suricata pcap 3˝ØWqP æ”2021-05-05T23:38:15.760859+02:00 suricata pcap Gì`mä2021-05-05T23:38:15.760884+02:00 suricata pcap <14>May  5 23:36:01 win10 Microsoft-Windows-Security-Auditing[4]: An attempt was made to access an object.    Subject:  	Security ID:		S-1-5-21-2049402910-1774223977-1796254597-1003  	Account Name:		lade  	Account Domain:		WIN10  	Logon ID:		0x14A4D    Object:  	Object Server:		Security  	Object Type:		File  	Object Name:		C:\Users\lade\Documents\desktop.ini  	Handle ID:		0x1390  	Resource Attributes:	S:AI    Process Information:  	Process ID:		0x1918  	Process Name:		C:\Windows\System32\RuntimeBroker.exe    Access Request Information:  	Accesses:		ReadAttributes  				  	Access Mask:		0x80
2021-05-05T23:38:15.760922+02:00 suricata pcap <14>May  5 23:36:01 win10 Microsoft-Windows-Security-Auditing[4]: The handle to an object was closed.    Subject :  	Security ID:		S-1-5-21-2049402910-1774223977-1796254597-1003  	Account Name:		lade  	Account Domain:		WIN10  	Logon ID:		0x14A4D    ObjGì`Åä2021-05-05T23:38:15.761001+02:00 suricata pcap Gì`"ã2021-05-05T23:38:15.761015+02:00 suricata pcap <14>May  5 23:36:01 win10 Microsoft-Windows-Security-Auditing[4]: An attempt was made to access an object.    Subject:  	Security ID:		S-1-5-21-2049402910-1774223977-1796254597-1003  	Account Name:		lade  	Account Domain:		WIN10  	Logon ID:		0x14A4D    Object:  	Object Server:		Security  	Object Type:		File  	Object Name:		C:\Users\lade\Documents\desktop.ini  	Handle ID:		0x1390  	Resource Attributes:	S:AI    Process Information:  	Process ID:		0x1918  	Process Name:		C:\Windows\System32\RuntimeBroker.exe    Access Request Information:  	Accesses:		ReadAttributes  				  	Access Mask:		0x80
2021-05-05T23:38:15.761393+02:00 suricata pcap <14>May  5 23:36:01 win10 Microsoft-Windows-Security-Auditing[4]: The handle to an object was closed.    Subject :  	Security ID:		S-1-5-21-2049402910-1774223977-1796254597-1003  	Account Name:		lade  	Account Domain:		WIN10  	Logon ID:		0x14A4D    ObjGì`eã2021-05-05T23:38:15.761410+02:00 suricata pcap Gì`~ú2021-05-05T23:38:15.761423+02:00 suricata pcap <14>May  5 23:36:02 win10 Microsoft-Windows-Security-Auditing[4]: A handle to an object was requested.    Subject:  	Security ID:		S-1-5-18  	Account Name:		WIN10$  	Account Domain:		WORKGROUP  	Logon ID:		0x3E7    Object:  	Object Server:		Security  	Object Type:		Process  	Object Name:		\Device\HarddiskVolume2\Windows\System32\lsass.exe  	Handle ID:		0x660  	Resource Attributes:	-    Process Information:  	Process ID:		0xd84  	Process Name:		C:\Windows\System32\wbem\WmiPrvSE.exe    Access Request Information:  	Transaction ID:		{00000000-0000-0000-0000-000000000000}  	Accesses:		Read from process memory  				Query process information  				Undefined Access (no effect) Bit 12  				  	Access Reasons:		-  	Access Mask:		0x1410  	Privileges Used for Access Check:	-  	Restricted SID Count:	0
2021-05-05T23:38:15.761434+02:00 suricata pcap <14>May  5 23:36:02 win10 Microsoft-Windows-Security-Auditing[4]: An attempt was made to access an object.    Subject:  	Security ID:		S-1-5-18  	Account Name:		WIN10$  	Account Domain:		WORKGROUP  	Logon ID:		0x3E7    Object:  	Object Server:		Security  	Object Type:		Process  	Object NGì`üú2021-05-05T23:38:15.761442+02:00 suricata pcap Gì`pí2021-05-05T23:38:15.761449+02:00 suricata pcap <14>May  5 23:36:01 win10 Microsoft-Windows-Security-Auditing[4]: The handle to an object was closed.    Subject :  	Security ID:		S-1-5-18  	Account Name:		WIN10$  	Account Domain:		WORKGROUP  	Logon ID:		0x3E7    Object:  	Object Server:		Security  	Handle ID:		0x3838    Process Information:  	Process ID:		0xd84  	Process Name:		C:\Windows\System32\wbem\WmiPrvSE.exe
2021-05-05T23:38:15.761474+02:00 suricata pcap <14>May  5 23:36:01 win10 Microsoft-Windows-Security-Auditing[4]: A handle to an object was requested.    Subject:  	Security ID:		S-1-5-18  	Account Name:		WIN10$  	Account Domain:		WORKGROUP  	Logon ID:		0x3E7    Object:  	Object Server:		Security  	Object Type:		Process  	Object Name:		\Device\HarddiskVolume2\Windows\System32\lsass.exe  	Handle ID:		0x544  	Resource Attributes:	-    Process Information:  	Process ID:		0xd84  	Process Name:		C:\Windows\System32\wbem\WmiPrvSE.exe    Access Request Information:  	Transaction ID:		{00000000-0000-0000-0000-000000000000}  	Accesses:		Read from process memory  				Query process information  				Undefined Access (no effect) Bit 12  				  	AGì`„ú2021-05-05T23:38:15.761903+02:00 suricata pcap Gì`lì2021-05-05T23:38:15.761917+02:00 suricata pcap <14>May  5 23:36:01 win10 Microsoft-Windows-Security-Auditing[4]: The handle to an object was closed.    Subject :  	Security ID:		S-1-5-18  	Account Name:		WIN10$  	Account Domain:		WORKGROUP  	Logon ID:		0x3E7    Object:  	Object Server:		Security  	Handle ID:		0x3838    Process Information:  	Process ID:		0xd84  	Process Name:		C:\Windows\System32\wbem\WmiPrvSE.exe
2021-05-05T23:38:15.761931+02:00 suricata pcap <14>May  5 23:36:01 win10 Microsoft-Windows-Security-Auditing[4]: A handle to an object was requested.    Subject:  	Security ID:		S-1-5-18  	Account Name:		WIN10$  	Account Domain:		WORKGROUP  	Logon ID:		0x3E7    Object:  	Object Server:		Security  	Object Type:		Process  	Object Name:		\Device\HarddiskVolume2\Windows\System32\lsass.exe  	Handle ID:		0x544  	Resource Attributes:	-    Process Information:  	Process ID:		0xd84  	Process Name:		C:\Windows\System32\wbem\WmiPrvSE.exe    Access Request Information:  	Transaction ID:		{00000000-0000-0000-0000-000000000000}  	Accesses:		Read from process memory  				Query process information  				Undefined Access (no effect) Bit 12  				  	AGì`qì2021-05-05T23:38:15.761941+02:00 suricata pcap Gì`Hï2021-05-05T23:38:15.761949+02:00 suricata pcap <14>May  5 23:36:02 win10 Microsoft-Windows-Security-Auditing[4]: An attempt was made to duplicate a handle to an object.    Subject:  	Security ID:		S-1-5-18  	Account Name:		WIN10$  	Account Domain:		WORKGROUP  	Logon ID:		0x3E7    Source Handle Information:  	Source Handle ID:	0x498  	Source Process ID:	0xd84    New Handle Information:  	Target Handle ID:	0x1f9c  	Target Process ID:	0x4
2021-05-05T23:38:15.761960+02:00 suricata pcap Gì`ïñ2021-05-05T23:38:15.761967+02:00 suricata pcap <14>May  5 23:36:01 win10 Microsoft-Windows-Security-Auditing[4]: The handle to an object was closed.    Subject :  	Security ID:		S-1-5-18  	Account Name:		WIN10$  	Account Domain:		WORKGROUP  	Logon ID:		0x3E7    Object:  	Object Server:		Security  	Handle ID:		0x544    Process Information:  	Process ID:		0xd84  	Process Name:		C:\Windows\System32\wbem\WmiPrvSE.exe
2021-05-05T23:38:15.761975+02:00 suricata pcap <14>May  5 23:36:02 win10 Microsoft-Windows-Security-Auditing[4]: An attempt was made to duplicate a handle to an object.    Subject:  	Security ID:		S-1-5-18  	Account Name:		WIN10$  	Account Domain:		WORKGROUP  	Logon ID:		0x3E7    Source Handle Information:  	Source Handle ID:	0x660  	Source Process ID:	0xd84    New Handle Information:  	Target Handle ID:	0x3928  	Target Process ID:	0x4
2021-05-05T23:38:15.762247+02:00 suricata pcap Gì`Ìñ2021-05-05T23:38:15.762260+02:00 suricata pcap <14>May  5 23:36:01 win10 Microsoft-Windows-Security-Auditing[4]: The handle to an object was closed.    Subject :  	Security ID:		S-1-5-18  	Account Name:		WIN10$  	Account Domain:		WORKGROUP  	Logon ID:		0x3E7    Object:  	Object Server:		Security  	Handle ID:		0x544    Process Information:  	Process ID:		0xd84  	Process Name:		C:\Windows\System32\wbem\WmiPrvSE.exe
2021-05-05T23:38:15.762268+02:00 suricata pcap <14>May  5 23:36:02 win10 Microsoft-Windows-Security-Auditing[4]: An attempt was made to duplicate a handle to an object.    Subject:  	Security ID:		S-1-5-18  	Account Name:		WIN10$  	Account Domain:		WORKGROUP  	Logon ID:		0x3E7    Source Handle Information:  	Source Handle ID:	0x660  	Source Process ID:	0xd84    New Handle Information:  	Target Handle ID:	0x3928  	Target Process ID:	0x4
2021-05-05T23:38:15.762277+02:00 suricata pcap Gì`rõ2021-05-05T23:38:15.762289+02:00 suricata pcap <14>May  5 23:36:02 win10 Microsoft-Windows-Security-Auditing[4]: A handle to an object was requested.    Subject:  	Security ID:		S-1-5-18  	Account Name:		WIN10$  	Account Domain:		WORKGROUP  	Logon ID:		0x3E7    Object:  	Object Server:		Security  	Object Type:		Process  	Object Name:		\Device\HarddiskVolume2\Windows\System32\lsass.exe  	Handle ID:		0x660  	Resource Attributes:	-    Process Information:  	Process ID:		0xd84  	Process Name:		C:\Windows\System32\wbem\WmiPrvSE.exe    Access Request Information:  	Transaction ID:		{00000000-0000-0000-0000-000000000000}  	Accesses:		Read from process memory  				Query process information  				Undefined Access (no effect) Bit 12  				  	Access Reasons:		-  	Access Mask:		0x1410  	Privileges Used for Access Check:	-  	Restricted SID Count:	0
2021-05-05T23:38:15.762299+02:00 suricata pcap <14>May  5 23:36:02 win10 Microsoft-Windows-Security-Auditing[4]: An attempt was made to access an object.    Subject:  	Security ID:		S-1-5-18  	Account Name:		WIN10$  	Account Domain:		WORKGROUP  	Logon ID:		0x3E7    Object:  	Object Server:		Security  	Object Type:		Process  	Object NGì`wõ2021-05-05T23:38:15.762308+02:00 suricata pcap Gì`˝õ2021-05-05T23:38:15.762814+02:00 suricata pcap <14>May  5 23:36:02 win10 Microsoft-Windows-Security-Auditing[4]: A handle to an object was requested.    Subject:  	Security ID:		S-1-5-18  	Account Name:		WIN10$  	Account Domain:		WORKGROUP  	Logon ID:		0x3E7    Object:  	Object Server:		Security  	Object Type:		Process  	Object Name:		\Device\HarddiskVolume2\Windows\System32\lsass.exe  	Handle ID:		0x660  	Resource Attributes:	-    Process Information:  	Process ID:		0xd84  	Process Name:		C:\Windows\System32\wbem\WmiPrvSE.exe    Access Request Information:  	Transaction ID:		{00000000-0000-0000-0000-000000000000}  	Accesses:		Read from process memory  				Query process information  				Undefined Access (no effect) Bit 12  				  	Access Reasons:		-  	Access Mask:		0x1410  	Privileges Used for Access Check:	-  	Restricted SID Count:	0
2021-05-05T23:38:15.762832+02:00 suricata pcap <14>May  5 23:36:02 win10 Microsoft-Windows-Security-Auditing[4]: An attempt was made to access an object.    Subject:  	Security ID:		S-1-5-18  	Account Name:		WIN10$  	Account Domain:		WORKGROUP  	Logon ID:		0x3E7    Object:  	Object Server:		Security  	Object Type:		Process  	Object NGì`[ú2021-05-05T23:38:15.762842+02:00 suricata pcap Gì`ù2021-05-05T23:38:15.762850+02:00 suricata pcap <14>May  5 23:36:02 win10 Microsoft-Windows-Security-Auditing[4]: An attempt was made to duplicate a handle to an object.    Subject:  	Security ID:		S-1-5-18  	Account Name:		WIN10$  	Account Domain:		WORKGROUP  	Logon ID:		0x3E7    Source Handle Information:  	Source Handle ID:	0x498  	Source Process ID:	0xd84    New Handle Information:  	Target Handle ID:	0x1f9c  	Target Process ID:	0x4
2021-05-05T23:38:15.762858+02:00 suricata pcap Gì`ü2021-05-05T23:38:15.762865+02:00 suricata pcap <14>May  5 23:36:02 win10 Microsoft-Windows-Security-Auditing[4]: An attempt was made to duplicate a handle to an object.    Subject:  	Security ID:		S-1-5-18  	Account Name:		WIN10$  	Account Domain:		WORKGROUP  	Logon ID:		0x3E7    Source Handle Information:  	Source Handle ID:	0x498  	Source Process ID:	0xd84    New Handle Information:  	Target Handle ID:	0x1f9c  	Target Process ID:	0x4
2021-05-05T23:38:15.762874+02:00 suricata pcap Gì`u£2021-05-05T23:38:15.762886+02:00 suricata pcap <14>May  5 23:36:02 win10 Microsoft-Windows-Security-Auditing[4]: A handle to an object was requested.    Subject:  	Security ID:		S-1-5-18  	Account Name:		WIN10$  	Account Domain:		WORKGROUP  	Logon ID:		0x3E7    Object:  	Object Server:		Security  	Object Type:		Process  	Object Name:		\Device\HarddiskVolume2\Windows\System32\lsass.exe  	Handle ID:		0x498  	Resource Attributes:	-    Process Information:  	Process ID:		0xd84  	Process Name:		C:\Windows\System32\wbem\WmiPrvSE.exe    Access Request Information:  	Transaction ID:		{00000000-0000-0000-0000-000000000000}  	Accesses:		Read from process memory  				Query process information  				Undefined Access (no effect) Bit 12  				  	Access Reasons:		-  	Access Mask:		0x1410  	Privileges Used for Access Check:	-  	Restricted SID Count:	0
2021-05-05T23:38:15.763384+02:00 suricata pcap <14>May  5 23:36:02 win10 Microsoft-Windows-Security-Auditing[4]: An attempt was made to access an object.    Subject:  	Security ID:		S-1-5-18  	Account Name:		WIN10$  	Account Domain:		WORKGROUP  	Logon ID:		0x3E7    Object:  	Object Server:		Security  	Object Type:		Process  	Object NGì`§2021-05-05T23:38:15.763403+02:00 suricata pcap <14>May  5 23:36:02 win10 Microsoft-Windows-Security-Auditing[4]: A handle to an object was requested.    Subject:  	Security ID:		S-1-5-18  	Account Name:		WIN10$  	Account Domain:		WORKGROUP  	Logon ID:		0x3E7    Object:  	Object Server:		Security  	Object Type:		Process  	Object Name:		\Device\HarddiskVolume2\Windows\System32\lsass.exe  	Handle ID:		0x498  	Resource Attributes:	-    Process Information:  	Process ID:		0xd84  	Process Name:		C:\Windows\System32\wbem\WmiPrvSE.exe    Access Request Information:  	Transaction ID:		{00000000-0000-0000-0000-000000000000}  	Accesses:		Read from process memory  				Query process information  				Undefined Access (no effect) Bit 12  				  	Access Reasons:		-  	Access Mask:		0x1410  	Privileges Used for Access Check:	-  	Restricted SID Count:	0
2021-05-05T23:38:15.763414+02:00 suricata pcap <14>May  5 23:36:02 win10 Microsoft-Windows-Security-Auditing[4]: An attempt was made to access an object.    Subject:  	Security ID:		S-1-5-18  	Account Name:		WIN10$  	Account Domain:		WORKGROUP  	Logon ID:		0x3E7    Object:  	Object Server:		Security  	Object Type:		Process  	Object NGì`º§2021-05-05T23:38:15.763421+02:00 suricata pcap Gì`Ñ£2021-05-05T23:38:15.763430+02:00 suricata pcap Gì`Ù§2021-05-05T23:38:15.763442+02:00 suricata pcap <14>May  5 23:36:02 win10 Microsoft-Windows-Security-Auditing[4]: A handle to an object was requested.    Subject:  	Security ID:		S-1-5-18  	Account Name:		WIN10$  	Account Domain:		WORKGROUP  	Logon ID:		0x3E7    Object:  	Object Server:		Security  	Object Type:		Process  	Object Name:		\Device\HarddiskVolume2\Windows\System32\lsass.exe  	Handle ID:		0x498  	Resource Attributes:	-    Process Information:  	Process ID:		0xd84  	Process Name:		C:\Windows\System32\wbem\WmiPrvSE.exe    Access Request Information:  	Transaction ID:		{00000000-0000-0000-0000-000000000000}  	Accesses:		Read from process memory  				Query process information  				Undefined Access (no effect) Bit 12  				  	Access Reasons:		-  	Access Mask:		0x1410  	Privileges Used for Access Check:	-  	Restricted SID Count:	0
2021-05-05T23:38:15.764723+02:00 suricata pcap <14>May  5 23:36:02 win10 Microsoft-Windows-Security-Auditing[4]: An attempt was made to access an object.    Subject:  	Security ID:		S-1-5-18  	Account Name:		WIN10$  	Account Domain:		WORKGROUP  	Logon ID:		0x3E7    Object:  	Object Server:		Security  	Object Type:		Process  	Object NGì`S§2021-05-05T23:38:15.764754+02:00 suricata pcap Gì`¶§2021-05-05T23:38:15.764778+02:00 suricata pcap Gì`$•2021-05-05T23:38:15.764793+02:00 suricata pcap Gì`s¶2021-05-05T23:38:15.764806+02:00 suricata pcap Gì`3™2021-05-05T23:38:15.764813+02:00 suricata pcap <14>May  5 23:36:02 win10 Microsoft-Windows-Security-Auditing[4]: The handle to an object was closed.    Subject :  	Security ID:		S-1-5-18  	Account Name:		WIN10$  	Account Domain:		WORKGROUP  	Logon ID:		0x3E7    Object:  	Object Server:		Security  	Handle ID:		0x3928    Process Information:  	Process ID:		0xd84  	Process Name:		C:\Windows\System32\wbem\WmiPrvSE.exe
2021-05-05T23:38:15.764826+02:00 suricata pcap <14>May  5 23:36:02 win10 Microsoft-Windows-Security-Auditing[4]: A handle to an object was requested.    Subject:  	Security ID:		S-1-5-18  	Account Name:		WIN10$  	Account Domain:		WORKGROUP  	Logon ID:		0x3E7    Object:  	Object Server:		Security  	Object Type:		Process  	Object Name:		\Device\HarddiskVolume2\Windows\System32\lsass.exe  	Handle ID:		0x754  	Resource Attributes:	-    Process Information:  	Process ID:		0xd84  	Process Name:		C:\Windows\System32\wbem\WmiPrvSE.exe    Access Request Information:  	Transaction ID:		{00000000-0000-0000-0000-000000000000}  	Accesses:		Read from process memory  				Query process information  				Undefined Access (no effect) Bit 12  				  	AGì`C™2021-05-05T23:38:15.765492+02:00 suricata pcap Gì`v™2021-05-05T23:38:15.765507+02:00 suricata pcap <14>May  5 23:36:02 win10 Microsoft-Windows-Security-Auditing[4]: The handle to an object was closed.    Subject :  	Security ID:		S-1-5-18  	Account Name:		WIN10$  	Account Domain:		WORKGROUP  	Logon ID:		0x3E7    Object:  	Object Server:		Security  	Handle ID:		0x3928    Process Information:  	Process ID:		0xd84  	Process Name:		C:\Windows\System32\wbem\WmiPrvSE.exe
2021-05-05T23:38:15.765524+02:00 suricata pcap <14>May  5 23:36:02 win10 Microsoft-Windows-Security-Auditing[4]: A handle to an object was requested.    Subject:  	Security ID:		S-1-5-18  	Account Name:		WIN10$  	Account Domain:		WORKGROUP  	Logon ID:		0x3E7    Object:  	Object Server:		Security  	Object Type:		Process  	Object Name:		\Device\HarddiskVolume2\Windows\System32\lsass.exe  	Handle ID:		0x754  	Resource Attributes:	-    Process Information:  	Process ID:		0xd84  	Process Name:		C:\Windows\System32\wbem\WmiPrvSE.exe    Access Request Information:  	Transaction ID:		{00000000-0000-0000-0000-000000000000}  	Accesses:		Read from process memory  				Query process information  				Undefined Access (no effect) Bit 12  				  	AGì`˝™2021-05-05T23:38:15.765531+02:00 suricata pcap <14>May  5 23:36:02 win10 Microsoft-Windows-Security-Auditing[4]: The handle to an object was closed.    Subject :  	Security ID:		S-1-5-18  	Account Name:		WIN10$  	Account Domain:		WORKGROUP  	Logon ID:		0x3E7    Object:  	Object Server:		Security  	Handle ID:		0x3928    Process Information:  	Process ID:		0xd84  	Process Name:		C:\Windows\System32\wbem\WmiPrvSE.exe
2021-05-05T23:38:15.765544+02:00 suricata pcap <14>May  5 23:36:02 win10 Microsoft-Windows-Security-Auditing[4]: A handle to an object was requested.    Subject:  	Security ID:		S-1-5-18  	Account Name:		WIN10$  	Account Domain:		WORKGROUP  	Logon ID:		0x3E7    Object:  	Object Server:		Security  	Object Type:		Process  	Object Name:		\Device\HarddiskVolume2\Windows\System32\lsass.exe  	Handle ID:		0x754  	Resource Attributes:	-    Process Information:  	Process ID:		0xd84  	Process Name:		C:\Windows\System32\wbem\WmiPrvSE.exe    Access Request Information:  	Transaction ID:		{00000000-0000-0000-0000-000000000000}  	Accesses:		Read from process memory  				Query process information  				Undefined Access (no effect) Bit 12  				  	AGì`»™2021-05-05T23:38:15.765549+02:00 suricata pcap Gì`´2021-05-05T23:38:15.765562+02:00 suricata pcap Gì`Õ™2021-05-05T23:38:15.765566+02:00 suricata pcap Gì`}´2021-05-05T23:38:15.765903+02:00 suricata pcap ¿®ê#¿®åç¬Z‘:J˝ØWqP <ñ2021-05-05T23:38:15.765921+02:00 suricata pcap Gì`‚´2021-05-05T23:38:15.765925+02:00 suricata pcap Gì`Ì´2021-05-05T23:38:15.765959+02:00 suricata pcap ¿®ê#¿®åç¬Z‘:J˝ØWqP <ñ2021-05-05T23:38:15.765970+02:00 suricata pcap Gì`£¨2021-05-05T23:38:15.765973+02:00 suricata pcap Gì`Ë¨2021-05-05T23:38:15.765982+02:00 suricata pcap ¿®ê#¿®åç¬Z‘:J˝ØWqP <ñ2021-05-05T23:38:15.765991+02:00 suricata pcap Gì`êØ2021-05-05T23:38:15.765999+02:00 suricata pcap <14>May  5 23:36:02 win10 Microsoft-Windows-Security-Auditing[4]: The handle to an object was closed.    Subject :  	Security ID:		S-1-5-18  	Account Name:		WIN10$  	Account Domain:		WORKGROUP  	Logon ID:		0x3E7    Object:  	Object Server:		Security  	Handle ID:		0x3838    Process Information:  	Process ID:		0xd84  	Process Name:		C:\Windows\System32\wbem\WmiPrvSE.exe
2021-05-05T23:38:15.766643+02:00 suricata pcap <14>May  5 23:36:02 win10 Microsoft-Windows-Security-Auditing[4]: A handle to an object was requested.    Subject:  	Security ID:		S-1-5-18  	Account Name:		WIN10$  	Account Domain:		WORKGROUP  	Logon ID:		0x3E7    Object:  	Object Server:		Security  	Object Type:		Process  	Object Name:		\Device\HarddiskVolume2\Windows\System32\lsass.exe  	Handle ID:		0x534  	Resource Attributes:	-    Process Information:  	Process ID:		0xd84  	Process Name:		C:\Windows\System32\wbem\WmiPrvSE.exe    Access Request Information:  	Transaction ID:		{00000000-0000-0000-0000-000000000000}  	Accesses:		Read from process memory  				Query process information  				Undefined Access (no effect) Bit 12  				  	AGì`q∞2021-05-05T23:38:15.766658+02:00 suricata pcap <14>May  5 23:36:02 win10 Microsoft-Windows-Security-Auditing[4]: The handle to an object was closed.    Subject :  	Security ID:		S-1-5-18  	Account Name:		WIN10$  	Account Domain:		WORKGROUP  	Logon ID:		0x3E7    Object:  	Object Server:		Security  	Handle ID:		0x3838    Process Information:  	Process ID:		0xd84  	Process Name:		C:\Windows\System32\wbem\WmiPrvSE.exe
2021-05-05T23:38:15.766672+02:00 suricata pcap <14>May  5 23:36:02 win10 Microsoft-Windows-Security-Auditing[4]: A handle to an object was requested.    Subject:  	Security ID:		S-1-5-18  	Account Name:		WIN10$  	Account Domain:		WORKGROUP  	Logon ID:		0x3E7    Object:  	Object Server:		Security  	Object Type:		Process  	Object Name:		\Device\HarddiskVolume2\Windows\System32\lsass.exe  	Handle ID:		0x534  	Resource Attributes:	-    Process Information:  	Process ID:		0xd84  	Process Name:		C:\Windows\System32\wbem\WmiPrvSE.exe    Access Request Information:  	Transaction ID:		{00000000-0000-0000-0000-000000000000}  	Accesses:		Read from process memory  				Query process information  				Undefined Access (no effect) Bit 12  				  	AGì`¡∞2021-05-05T23:38:15.766677+02:00 suricata pcap Gì`ñØ2021-05-05T23:38:15.766690+02:00 suricata pcap Gì`2∞2021-05-05T23:38:15.766703+02:00 suricata pcap <14>May  5 23:36:02 win10 Microsoft-Windows-Security-Auditing[4]: The handle to an object was closed.    Subject :  	Security ID:		S-1-5-18  	Account Name:		WIN10$  	Account Domain:		WORKGROUP  	Logon ID:		0x3E7    Object:  	Object Server:		Security  	Handle ID:		0x3838    Process Information:  	Process ID:		0xd84  	Process Name:		C:\Windows\System32\wbem\WmiPrvSE.exe
2021-05-05T23:38:15.766729+02:00 suricata pcap <14>May  5 23:36:02 win10 Microsoft-Windows-Security-Auditing[4]: A handle to an object was requested.    Subject:  	Security ID:		S-1-5-18  	Account Name:		WIN10$  	Account Domain:		WORKGROUP  	Logon ID:		0x3E7    Object:  	Object Server:		Security  	Object Type:		Process  	Object Name:		\Device\HarddiskVolume2\Windows\System32\lsass.exe  	Handle ID:		0x534  	Resource Attributes:	-    Process Information:  	Process ID:		0xd84  	Process Name:		C:\Windows\System32\wbem\WmiPrvSE.exe    Access Request Information:  	Transaction ID:		{00000000-0000-0000-0000-000000000000}  	Accesses:		Read from process memory  				Query process information  				Undefined Access (no effect) Bit 12  				  	AGì`à∞2021-05-05T23:38:16.768997+02:00 suricata pcap Gì`±2021-05-05T23:38:16.769045+02:00 suricata pcap <14>May  5 23:36:02 win10 Microsoft-Windows-Security-Auditing[4]: The handle to an object was closed.    Subject :  	Security ID:		S-1-5-18  	Account Name:		WIN10$  	Account Domain:		WORKGROUP  	Logon ID:		0x3E7    Object:  	Object Server:		Security  	Handle ID:		0x534    Process Information:  	Process ID:		0xd84  	Process Name:		C:\Windows\System32\wbem\WmiPrvSE.exe
2021-05-05T23:38:16.769061+02:00 suricata pcap Gì`€≤2021-05-05T23:38:16.769070+02:00 suricata pcap <14>May  5 23:36:02 win10 Microsoft-Windows-Security-Auditing[4]: The handle to an object was closed.    Subject :  	Security ID:		S-1-5-18  	Account Name:		WIN10$  	Account Domain:		WORKGROUP  	Logon ID:		0x3E7    Object:  	Object Server:		Security  	Handle ID:		0x534    Process Information:  	Process ID:		0xd84  	Process Name:		C:\Windows\System32\wbem\WmiPrvSE.exe
2021-05-05T23:38:16.769086+02:00 suricata pcap Gì`-≥2021-05-05T23:38:16.769096+02:00 suricata pcap <14>May  5 23:36:02 win10 Microsoft-Windows-Security-Auditing[4]: The handle to an object was closed.    Subject :  	Security ID:		S-1-5-18  	Account Name:		WIN10$  	Account Domain:		WORKGROUP  	Logon ID:		0x3E7    Object:  	Object Server:		Security  	Handle ID:		0x534    Process Information:  	Process ID:		0xd84  	Process Name:		C:\Windows\System32\wbem\WmiPrvSE.exe
2021-05-05T23:38:16.769104+02:00 suricata pcap Gì`Z√2021-05-05T23:38:16.769109+02:00 suricata pcap 2021-05-05T23:38:16.769121+02:00 suricata pcap ¿®ã2021-05-05T23:38:16.769143+02:00 suricata pcap Hì`;´2021-05-05T23:38:16.769182+02:00 suricata pcap Hì`≠´2021-05-05T23:38:16.769205+02:00 suricata pcap Hì`u¨2021-05-05T23:38:16.769228+02:00 suricata pcap <14>May  5 23:36:02 win10 Microsoft-Windows-Security-Auditing[4]: A handle to an object was requested.    Subject:  	Security ID:		S-1-5-18  	Account Name:		WIN10$  	Account Domain:		WORKGROUP  	Logon ID:		0x3E7    Object:  	Object Server:		Security  	Object Type:		Process  	Object Name:		\Device\HarddiskVolume2\Windows\System32\lsass.exe  	Handle ID:		0x534  	Resource Attributes:	-    Process Information:  	Process ID:		0xd84  	Process Name:		C:\Windows\System32\wbem\WmiPrvSE.exe    Access Request Information:  	Transaction ID:		{00000000-0000-0000-0000-000000000000}  	Accesses:		Read from process memory  				Query process information  				Undefined Access (no effect) Bit 12  				  	Access Reasons:		-  	Access Mask:		0x1410  	Privileges Used for Access Check:	-  	Restricted SID Count:	0
2021-05-05T23:38:16.769245+02:00 suricata pcap Hì`Ø2021-05-05T23:38:16.769265+02:00 suricata pcap <14>May  5 23:36:02 win10 Microsoft-Windows-Security-Auditing[4]: A handle to an object was requested.    Subject:  	Security ID:		S-1-5-18  	Account Name:		WIN10$  	Account Domain:		WORKGROUP  	Logon ID:		0x3E7    Object:  	Object Server:		Security  	Object Type:		Process  	Object Name:		\Device\HarddiskVolume2\Windows\System32\lsass.exe  	Handle ID:		0x534  	Resource Attributes:	-    Process Information:  	Process ID:		0xd84  	Process Name:		C:\Windows\System32\wbem\WmiPrvSE.exe    Access Request Information:  	Transaction ID:		{00000000-0000-0000-0000-000000000000}  	Accesses:		Read from process memory  				Query process information  				Undefined Access (no effect) Bit 12  				  	Access Reasons:		-  	Access Mask:		0x1410  	Privileges Used for Access Check:	-  	Restricted SID Count:	0
2021-05-05T23:38:16.769277+02:00 suricata pcap Hì`üØ2021-05-05T23:38:16.769453+02:00 suricata pcap <14>May  5 23:36:02 win10 Microsoft-Windows-Security-Auditing[4]: A handle to an object was requested.    Subject:  	Security ID:		S-1-5-18  	Account Name:		WIN10$  	Account Domain:		WORKGROUP  	Logon ID:		0x3E7    Object:  	Object Server:		Security  	Object Type:		Process  	Object Name:		\Device\HarddiskVolume2\Windows\System32\lsass.exe  	Handle ID:		0x534  	Resource Attributes:	-    Process Information:  	Process ID:		0xd84  	Process Name:		C:\Windows\System32\wbem\WmiPrvSE.exe    Access Request Information:  	Transaction ID:		{00000000-0000-0000-0000-000000000000}  	Accesses:		Read from process memory  				Query process information  				Undefined Access (no effect) Bit 12  				  	Access Reasons:		-  	Access Mask:		0x1410  	Privileges Used for Access Check:	-  	Restricted SID Count:	0
2021-05-05T23:38:16.769482+02:00 suricata pcap Hì`|∞2021-05-05T23:38:16.769500+02:00 suricata pcap Hì`ª≤2021-05-05T23:38:16.769517+02:00 suricata pcap Hì`%∑2021-05-05T23:38:16.769530+02:00 suricata pcap <14>May  5 23:36:02 win10 Microsoft-Windows-Security-Auditing[4]: The handle to an object was closed.    Subject :  	Security ID:		S-1-5-18  	Account Name:		WIN10$  	Account Domain:		WORKGROUP  	Logon ID:		0x3E7    Object:  	Object Server:		Security  	Handle ID:		0x1a5c    Process Information:  	Process ID:		0xd84  	Process Name:		C:\Windows\System32\wbem\WmiPrvSE.exe
2021-05-05T23:38:16.769559+02:00 suricata pcap Hì`Nª2021-05-05T23:38:16.769864+02:00 suricata pcap Hì`≤2021-05-05T23:38:16.769890+02:00 suricata pcap Hì`*≥2021-05-05T23:38:16.769904+02:00 suricata pcap Hì`∆¥2021-05-05T23:38:16.769921+02:00 suricata pcap Hì`ä∑2021-05-05T23:38:16.769933+02:00 suricata pcap <14>May  5 23:36:02 win10 Microsoft-Windows-Security-Auditing[4]: The handle to an object was closed.    Subject :  	Security ID:		S-1-5-18  	Account Name:		WIN10$  	Account Domain:		WORKGROUP  	Logon ID:		0x3E7    Object:  	Object Server:		Security  	Handle ID:		0x1a5c    Process Information:  	Process ID:		0xd84  	Process Name:		C:\Windows\System32\wbem\WmiPrvSE.exe
2021-05-05T23:38:16.769948+02:00 suricata pcap Hì`dπ2021-05-05T23:38:16.770035+02:00 suricata pcap <14>May  5 23:36:02 win10 Microsoft-Windows-Security-Auditing[4]: The handle to an object was closed.    Subject :  	Security ID:		S-1-5-18  	Account Name:		WIN10$  	Account Domain:		WORKGROUP  	Logon ID:		0x3E7    Object:  	Object Server:		Security  	Handle ID:		0x1a5c    Process Information:  	Process ID:		0xd84  	Process Name:		C:\Windows\System32\wbem\WmiPrvSE.exe
2021-05-05T23:38:16.770065+02:00 suricata pcap Hì`cæ2021-05-05T23:38:16.770403+02:00 suricata pcap <14>May  5 23:36:02 win10 Microsoft-Windows-Security-Auditing[4]: An attempt was made to access an object.    Subject:  	Security ID:		S-1-5-18  	Account Name:		WIN10$  	Account Domain:		WORKGROUP  	Logon ID:		0x3E7    Object:  	Object Server:		Security  	Object Type:		Process  	Object Name:		\Device\HarddiskVolume2\Windows\System32\lsass.exe  	Handle ID:		0x544  	Resource Attributes:	-    Process Information:  	Process ID:		0xd84  	Process Name:		C:\Windows\System32\wbem\WmiPrvSE.exe    Access Request Information:  	Accesses:		Read from process memory  				  	Access Mask:		0x10
2021-05-05T23:38:16.770466+02:00 suricata pcap Hì` æ2021-05-05T23:38:16.770537+02:00 suricata pcap <14>May  5 23:36:02 win10 Microsoft-Windows-Security-Auditing[4]: An attempt was made to access an object.    Subject:  	Security ID:		S-1-5-18  	Account Name:		WIN10$  	Account Domain:		WORKGROUP  	Logon ID:		0x3E7    Object:  	Object Server:		Security  	Object Type:		Process  	Object Name:		\Device\HarddiskVolume2\Windows\System32\lsass.exe  	Handle ID:		0x544  	Resource Attributes:	-    Process Information:  	Process ID:		0xd84  	Process Name:		C:\Windows\System32\wbem\WmiPrvSE.exe    Access Request Information:  	Accesses:		Read from process memory  				  	Access Mask:		0x10
2021-05-05T23:38:16.770561+02:00 suricata pcap Hì`æ2021-05-05T23:38:16.770579+02:00 suricata pcap <14>May  5 23:36:02 win10 Microsoft-Windows-Security-Auditing[4]: An attempt was made to access an object.    Subject:  	Security ID:		S-1-5-18  	Account Name:		WIN10$  	Account Domain:		WORKGROUP  	Logon ID:		0x3E7    Object:  	Object Server:		Security  	Object Type:		Process  	Object Name:		\Device\HarddiskVolume2\Windows\System32\lsass.exe  	Handle ID:		0x544  	Resource Attributes:	-    Process Information:  	Process ID:		0xd84  	Process Name:		C:\Windows\System32\wbem\WmiPrvSE.exe    Access Request Information:  	Accesses:		Read from process memory  				  	Access Mask:		0x10
2021-05-05T23:38:16.770596+02:00 suricata pcap Hì`%ø2021-05-05T23:38:16.771791+02:00 suricata pcap Hì`«¿2021-05-05T23:38:16.771818+02:00 suricata pcap Hì`A¡2021-05-05T23:38:16.771839+02:00 suricata pcap Hì`ö¡2021-05-05T23:38:16.771853+02:00 suricata pcap <14>May  5 23:36:02 win10 Microsoft-Windows-Security-Auditing[4]: The handle to an object was closed.    Subject :  	Security ID:		S-1-5-18  	Account Name:		WIN10$  	Account Domain:		WORKGROUP  	Logon ID:		0x3E7    Object:  	Object Server:		Security  	Handle ID:		0x3928    Process Information:  	Process ID:		0xd84  	Process Name:		C:\Windows\System32\wbem\WmiPrvSE.exe
2021-05-05T23:38:16.771868+02:00 suricata pcap Hì`√√2021-05-05T23:38:16.771880+02:00 suricata pcap <14>May  5 23:36:02 win10 Microsoft-Windows-Security-Auditing[4]: The handle to an object was closed.    Subject :  	Security ID:		S-1-5-18  	Account Name:		WIN10$  	Account Domain:		WORKGROUP  	Logon ID:		0x3E7    Object:  	Object Server:		Security  	Handle ID:		0x3928    Process Information:  	Process ID:		0xd84  	Process Name:		C:\Windows\System32\wbem\WmiPrvSE.exe
2021-05-05T23:38:16.771931+02:00 suricata pcap Hì`=ƒ2021-05-05T23:38:16.771946+02:00 suricata pcap <14>May  5 23:36:02 win10 Microsoft-Windows-Security-Auditing[4]: The handle to an object was closed.    Subject :  	Security ID:		S-1-5-18  	Account Name:		WIN10$  	Account Domain:		WORKGROUP  	Logon ID:		0x3E7    Object:  	Object Server:		Security  	Handle ID:		0x3928    Process Information:  	Process ID:		0xd84  	Process Name:		C:\Windows\System32\wbem\WmiPrvSE.exe
2021-05-05T23:38:16.772799+02:00 suricata pcap Hì`óƒ2021-05-05T23:38:16.772831+02:00 suricata pcap Hì`√∆2021-05-05T23:38:16.772854+02:00 suricata pcap Hì`=«2021-05-05T23:38:16.772921+02:00 suricata pcap Hì`™«2021-05-05T23:38:16.772957+02:00 suricata pcap Hì`Ô…2021-05-05T23:38:16.774376+02:00 suricata pcap Hì`Q 2021-05-05T23:38:16.774423+02:00 suricata pcap Hì`ó 2021-05-05T23:38:16.774445+02:00 suricata pcap <14>May  5 23:36:02 win10 Microsoft-Windows-Security-Auditing[4]: An attempt was made to duplicate a handle to an object.    Subject:  	Security ID:		S-1-5-18  	Account Name:		WIN10$  	Account Domain:		WORKGROUP  	Logon ID:		0x3E7    Source Handle Information:  	Source Handle ID:	0x754  	Source Process ID:	0xd84    New Handle Information:  	Target Handle ID:	0x1a5c  	Target Process ID:	0x4
2021-05-05T23:38:16.774465+02:00 suricata pcap Hì`úÃ2021-05-05T23:38:16.774484+02:00 suricata pcap <14>May  5 23:36:02 win10 Microsoft-Windows-Security-Auditing[4]: An attempt was made to duplicate a handle to an object.    Subject:  	Security ID:		S-1-5-18  	Account Name:		WIN10$  	Account Domain:		WORKGROUP  	Logon ID:		0x3E7    Source Handle Information:  	Source Handle ID:	0x754  	Source Process ID:	0xd84    New Handle Information:  	Target Handle ID:	0x1a5c  	Target Process ID:	0x4
2021-05-05T23:38:16.774509+02:00 suricata pcap Hì`!Õ2021-05-05T23:38:16.774527+02:00 suricata pcap <14>May  5 23:36:02 win10 Microsoft-Windows-Security-Auditing[4]: An attempt was made to duplicate a handle to an object.    Subject:  	Security ID:		S-1-5-18  	Account Name:		WIN10$  	Account Domain:		WORKGROUP  	Logon ID:		0x3E7    Source Handle Information:  	Source Handle ID:	0x754  	Source Process ID:	0xd84    New Handle Information:  	Target Handle ID:	0x1a5c  	Target Process ID:	0x4
2021-05-05T23:38:16.774584+02:00 suricata pcap Hì`bÕ2021-05-05T23:38:16.775702+02:00 suricata pcap Hì`1–2021-05-05T23:38:16.775723+02:00 suricata pcap Hì`†–2021-05-05T23:38:16.775762+02:00 suricata pcap Hì`˜–2021-05-05T23:38:16.775778+02:00 suricata pcap Hì`˝“2021-05-05T23:38:16.775794+02:00 suricata pcap Hì`x”2021-05-05T23:38:16.776366+02:00 suricata pcap Hì`Ï”2021-05-05T23:38:16.776396+02:00 suricata pcap <14>May  5 23:36:02 win10 Microsoft-Windows-Security-Auditing[4]: The handle to an object was closed.    Subject :  	Security ID:		S-1-5-18  	Account Name:		WIN10$  	Account Domain:		WORKGROUP  	Logon ID:		0x3E7    Object:  	Object Server:		Security  	Handle ID:		0x754    Process Information:  	Process ID:		0xd84  	Process Name:		C:\Windows\System32\wbem\WmiPrvSE.exe
2021-05-05T23:38:16.776411+02:00 suricata pcap <14>May  5 23:36:02 win10 Microsoft-Windows-Security-Auditing[4]: An attempt was made to duplicate a handle to an object.    Subject:  	Security ID:		S-1-5-18  	Account Name:		WIN10$  	Account Domain:		WORKGROUP  	Logon ID:		0x3E7    Source Handle Information:  	Source Handle ID:	0x544  	Source Process ID:	0xd84    New Handle Information:  	Target Handle ID:	0x3928  	Target Process ID:	0x4
2021-05-05T23:38:16.776430+02:00 suricata pcap Hì`÷2021-05-05T23:38:16.776444+02:00 suricata pcap <14>May  5 23:36:02 win10 Microsoft-Windows-Security-Auditing[4]: The handle to an object was closed.    Subject :  	Security ID:		S-1-5-18  	Account Name:		WIN10$  	Account Domain:		WORKGROUP  	Logon ID:		0x3E7    Object:  	Object Server:		Security  	Handle ID:		0x754    Process Information:  	Process ID:		0xd84  	Process Name:		C:\Windows\System32\wbem\WmiPrvSE.exe
2021-05-05T23:38:16.776458+02:00 suricata pcap <14>May  5 23:36:02 win10 Microsoft-Windows-Security-Auditing[4]: An attempt was made to duplicate a handle to an object.    Subject:  	Security ID:		S-1-5-18  	Account Name:		WIN10$  	Account Domain:		WORKGROUP  	Logon ID:		0x3E7    Source Handle Information:  	Source Handle ID:	0x544  	Source Process ID:	0xd84    New Handle Information:  	Target Handle ID:	0x3928  	Target Process ID:	0x4
2021-05-05T23:38:16.776477+02:00 suricata pcap Hì`ì÷2021-05-05T23:38:16.776489+02:00 suricata pcap <14>May  5 23:36:02 win10 Microsoft-Windows-Security-Auditing[4]: The handle to an object was closed.    Subject :  	Security ID:		S-1-5-18  	Account Name:		WIN10$  	Account Domain:		WORKGROUP  	Logon ID:		0x3E7    Object:  	Object Server:		Security  	Handle ID:		0x754    Process Information:  	Process ID:		0xd84  	Process Name:		C:\Windows\System32\wbem\WmiPrvSE.exe
2021-05-05T23:38:16.776503+02:00 suricata pcap <14>May  5 23:36:02 win10 Microsoft-Windows-Security-Auditing[4]: An attempt was made to duplicate a handle to an object.    Subject:  	Security ID:		S-1-5-18  	Account Name:		WIN10$  	Account Domain:		WORKGROUP  	Logon ID:		0x3E7    Source Handle Information:  	Source Handle ID:	0x544  	Source Process ID:	0xd84    New Handle Information:  	Target Handle ID:	0x3928  	Target Process ID:	0x4
2021-05-05T23:38:16.776577+02:00 suricata pcap Hì`“÷2021-05-05T23:38:16.776635+02:00 suricata pcap <14>May  5 23:36:02 win10 Microsoft-Windows-Security-Auditing[4]: A handle to an object was requested.    Subject:  	Security ID:		S-1-5-18  	Account Name:		WIN10$  	Account Domain:		WORKGROUP  	Logon ID:		0x3E7    Object:  	Object Server:		Security  	Object Type:		Process  	Object Name:		\Device\HarddiskVolume2\Windows\System32\lsass.exe  	Handle ID:		0x544  	Resource Attributes:	-    Process Information:  	Process ID:		0xd84  	Process Name:		C:\Windows\System32\wbem\WmiPrvSE.exe    Access Request Information:  	Transaction ID:		{00000000-0000-0000-0000-000000000000}  	Accesses:		Read from process memory  				Query process information  				Undefined Access (no effect) Bit 12  				  	Access Reasons:		-  	Access Mask:		0x1410  	Privileges Used for Access Check:	-  	Restricted SID Count:	0
2021-05-05T23:38:16.776655+02:00 suricata pcap <14>May  5 23:36:02 win10 Microsoft-Windows-Security-Auditing[4]: An attempt was made to access an object.    Subject:  	Security ID:		S-1-5-18  	Account Name:		WIN10$  	Account Domain:		WORKGROUP  	Logon ID:		0x3E7    Object:  	Object Server:		Security  	Object Type:		Process  	Object NHì`Lÿ2021-05-05T23:38:16.776671+02:00 suricata pcap Hì`ﬁÿ2021-05-05T23:38:16.776693+02:00 suricata pcap <14>May  5 23:36:02 win10 Microsoft-Windows-Security-Auditing[4]: A handle to an object was requested.    Subject:  	Security ID:		S-1-5-18  	Account Name:		WIN10$  	Account Domain:		WORKGROUP  	Logon ID:		0x3E7    Object:  	Object Server:		Security  	Object Type:		Process  	Object Name:		\Device\HarddiskVolume2\Windows\System32\lsass.exe  	Handle ID:		0x544  	Resource Attributes:	-    Process Information:  	Process ID:		0xd84  	Process Name:		C:\Windows\System32\wbem\WmiPrvSE.exe    Access Request Information:  	Transaction ID:		{00000000-0000-0000-0000-000000000000}  	Accesses:		Read from process memory  				Query process information  				Undefined Access (no effect) Bit 12  				  	Access Reasons:		-  	Access Mask:		0x1410  	Privileges Used for Access Check:	-  	Restricted SID Count:	0
2021-05-05T23:38:16.776719+02:00 suricata pcap <14>May  5 23:36:02 win10 Microsoft-Windows-Security-Auditing[4]: An attempt was made to access an object.    Subject:  	Security ID:		S-1-5-18  	Account Name:		WIN10$  	Account Domain:		WORKGROUP  	Logon ID:		0x3E7    Object:  	Object Server:		Security  	Object Type:		Process  	Object NHì`ÿ2021-05-05T23:38:16.777245+02:00 suricata pcap Hì`¯ÿ2021-05-05T23:38:16.777266+02:00 suricata pcap Hì`DŸ2021-05-05T23:38:16.777304+02:00 suricata pcap <14>May  5 23:36:02 win10 Microsoft-Windows-Security-Auditing[4]: A handle to an object was requested.    Subject:  	Security ID:		S-1-5-18  	Account Name:		WIN10$  	Account Domain:		WORKGROUP  	Logon ID:		0x3E7    Object:  	Object Server:		Security  	Object Type:		Process  	Object Name:		\Device\HarddiskVolume2\Windows\System32\lsass.exe  	Handle ID:		0x544  	Resource Attributes:	-    Process Information:  	Process ID:		0xd84  	Process Name:		C:\Windows\System32\wbem\WmiPrvSE.exe    Access Request Information:  	Transaction ID:		{00000000-0000-0000-0000-000000000000}  	Accesses:		Read from process memory  				Query process information  				Undefined Access (no effect) Bit 12  				  	Access Reasons:		-  	Access Mask:		0x1410  	Privileges Used for Access Check:	-  	Restricted SID Count:	0
2021-05-05T23:38:16.777335+02:00 suricata pcap <14>May  5 23:36:02 win10 Microsoft-Windows-Security-Auditing[4]: An attempt was made to access an object.    Subject:  	Security ID:		S-1-5-18  	Account Name:		WIN10$  	Account Domain:		WORKGROUP  	Logon ID:		0x3E7    Object:  	Object Server:		Security  	Object Type:		Process  	Object NHì`ZŸ2021-05-05T23:38:16.777386+02:00 suricata pcap Hì`éŸ2021-05-05T23:38:16.777416+02:00 suricata pcap Hì`ëŸ2021-05-05T23:38:16.777437+02:00 suricata pcap Hì`ÒŸ2021-05-05T23:38:16.777453+02:00 suricata pcap <14>May  5 23:36:03 win10 Microsoft-Windows-Security-Auditing[4]: The handle to an object was closed.    Subject :  	Security ID:		S-1-5-18  	Account Name:		WIN10$  	Account Domain:		WORKGROUP  	Logon ID:		0x3E7    Object:  	Object Server:		Security  	Handle ID:		0x3838    Process Information:  	Process ID:		0xd84  	Process Name:		C:\Windows\System32\wbem\WmiPrvSE.exe
