2021-05-05T23:38:38.984867+02:00 suricata pcap <14>May  5 23:36:25 win10 Microsoft-Windows-Security-Auditing[4]: An attempt was made to duplicate a handle to an object.    Subject:  	Security ID:		S-1-5-18  	Account Name:		WIN10$  	Account Domain:		WORKGROUP  	Logon ID:		0x3E7    Source Handle Information:  	Source Handle ID:	0x564  	Source Process ID:	0xd84    New Handle Information:  	Target Handle ID:	0x1a90  	Target Process ID:	0x4
2021-05-05T23:38:38.984901+02:00 suricata pcap ^ì`_Ú2021-05-05T23:38:38.985349+02:00 suricata pcap <14>May  5 23:36:25 win10 Microsoft-Windows-Security-Auditing[4]: The handle to an object was closed.    Subject :  	Security ID:		S-1-5-18  	Account Name:		WIN10$  	Account Domain:		WORKGROUP  	Logon ID:		0x3E7    Object:  	Object Server:		Security  	Handle ID:		0x438    Process Information:  	Process ID:		0xd84  	Process Name:		C:\Windows\System32\wbem\WmiPrvSE.exe
2021-05-05T23:38:38.985379+02:00 suricata pcap <14>May  5 23:36:25 win10 Microsoft-Windows-Security-Auditing[4]: An attempt was made to duplicate a handle to an object.    Subject:  	Security ID:		S-1-5-18  	Account Name:		WIN10$  	Account Domain:		WORKGROUP  	Logon ID:		0x3E7    Source Handle Information:  	Source Handle ID:	0x564  	Source Process ID:	0xd84    New Handle Information:  	Target Handle ID:	0x1a90  	Target Process ID:	0x4
2021-05-05T23:38:38.985397+02:00 suricata pcap ^ì`r2021-05-05T23:38:38.985422+02:00 suricata pcap ^ì`ÃÛ2021-05-05T23:38:38.985446+02:00 suricata pcap ^ì`	Ù2021-05-05T23:38:38.985476+02:00 suricata pcap <14>May  5 23:36:25 win10 Microsoft-Windows-Security-Auditing[4]: A handle to an object was requested.    Subject:  	Security ID:		S-1-5-18  	Account Name:		WIN10$  	Account Domain:		WORKGROUP  	Logon ID:		0x3E7    Object:  	Object Server:		Security  	Object Type:		Process  	Object Name:		\Device\HarddiskVolume2\Windows\System32\lsass.exe  	Handle ID:		0x564  	Resource Attributes:	-    Process Information:  	Process ID:		0xd84  	Process Name:		C:\Windows\System32\wbem\WmiPrvSE.exe    Access Request Information:  	Transaction ID:		{00000000-0000-0000-0000-000000000000}  	Accesses:		Read from process memory  				Query process information  				Undefined Access (no effect) Bit 12  				  	Access Reasons:		-  	Access Mask:		0x1410  	Privileges Used for Access Check:	-  	Restricted SID Count:	0
2021-05-05T23:38:38.985496+02:00 suricata pcap ^ì`ïı2021-05-05T23:38:38.985528+02:00 suricata pcap <14>May  5 23:36:25 win10 Microsoft-Windows-Security-Auditing[4]: A handle to an object was requested.    Subject:  	Security ID:		S-1-5-18  	Account Name:		WIN10$  	Account Domain:		WORKGROUP  	Logon ID:		0x3E7    Object:  	Object Server:		Security  	Object Type:		Process  	Object Name:		\Device\HarddiskVolume2\Windows\System32\lsass.exe  	Handle ID:		0x564  	Resource Attributes:	-    Process Information:  	Process ID:		0xd84  	Process Name:		C:\Windows\System32\wbem\WmiPrvSE.exe    Access Request Information:  	Transaction ID:		{00000000-0000-0000-0000-000000000000}  	Accesses:		Read from process memory  				Query process information  				Undefined Access (no effect) Bit 12  				  	Access Reasons:		-  	Access Mask:		0x1410  	Privileges Used for Access Check:	-  	Restricted SID Count:	0
2021-05-05T23:38:38.985948+02:00 suricata pcap ^ì`ç2021-05-05T23:38:38.985978+02:00 suricata pcap <14>May  5 23:36:25 win10 Microsoft-Windows-Security-Auditing[4]: The handle to an object was closed.    Subject :  	Security ID:		S-1-5-18  	Account Name:		WIN10$  	Account Domain:		WORKGROUP  	Logon ID:		0x3E7    Object:  	Object Server:		Security  	Handle ID:		0x564    Process Information:  	Process ID:		0xd84  	Process Name:		C:\Windows\System32\wbem\WmiPrvSE.exe
2021-05-05T23:38:38.985999+02:00 suricata pcap <14>May  5 23:36:25 win10 Microsoft-Windows-Security-Auditing[4]: An attempt was made to duplicate a handle to an object.    Subject:  	Security ID:		S-1-5-18  	Account Name:		WIN10$  	Account Domain:		WORKGROUP  	Logon ID:		0x3E7    Source Handle Information:  	Source Handle ID:	0x564  	Source Process ID:	0xd84    New Handle Information:  	Target Handle ID:	0x1a90  	Target Process ID:	0x4
2021-05-05T23:38:38.986021+02:00 suricata pcap <14>May  5 23:36:25 win10 Microsoft-Windows-Security-Auditing[4]: The handle to an object was closed.    Sub^ì`b˙2021-05-05T23:38:38.986052+02:00 suricata pcap ^ì`(˚2021-05-05T23:38:38.986071+02:00 suricata pcap <14>May  5 23:36:25 win10 Microsoft-Windows-Security-Auditing[4]: The handle to an object was closed.    Subject :  	Security ID:		S-1-5-18  	Account Name:		WIN10$  	Account Domain:		WORKGROUP  	Logon ID:		0x3E7    Object:  	Object Server:		Security  	Handle ID:		0x564    Process Information:  	Process ID:		0xd84  	Process Name:		C:\Windows\System32\wbem\WmiPrvSE.exe
2021-05-05T23:38:38.986092+02:00 suricata pcap <14>May  5 23:36:25 win10 Microsoft-Windows-Security-Auditing[4]: An attempt was made to duplicate a handle to an object.    Subject:  	Security ID:		S-1-5-18  	Account Name:		WIN10$  	Account Domain:		WORKGROUP  	Logon ID:		0x3E7    Source Handle Information:  	Source Handle ID:	0x564  	Source Process ID:	0xd84    New Handle Information:  	Target Handle ID:	0x1a90  	Target Process ID:	0x4
2021-05-05T23:38:38.986115+02:00 suricata pcap <14>May  5 23:36:25 win10 Microsoft-Windows-Security-Auditing[4]: The handle to an object was closed.    Sub^ì`f˚2021-05-05T23:38:38.986176+02:00 suricata pcap ^ì`†˚2021-05-05T23:38:38.986232+02:00 suricata pcap <14>May  5 23:36:25 win10 Microsoft-Windows-Security-Auditing[4]: An attempt was made to access an object.    Subject:  	Security ID:		S-1-5-18  	Account Name:		WIN10$  	Account Domain:		WORKGROUP  	Logon ID:		0x3E7    Object:  	Object Server:		Security  	Object Type:		Process  	Object Name:		\Device\HarddiskVolume2\Windows\System32\lsass.exe  	Handle ID:		0x564  	Resource Attributes:	-    Process Information:  	Process ID:		0xd84  	Process Name:		C:\Windows\System32\wbem\WmiPrvSE.exe    Access Request Information:  	Accesses:		Read from process memory  				  	Access Mask:		0x10
2021-05-05T23:38:38.986259+02:00 suricata pcap ^ì`˝2021-05-05T23:38:38.986265+02:00 suricata pcap ^ì`Z
2021-05-05T23:38:38.986288+02:00 suricata pcap 2021-05-05T23:38:38.986325+02:00 suricata pcap <14>May  5 23:36:26 win10 Microsoft-Windows-Security-Auditing[4]: A handle to an object was requested.    Subject:  	Security ID:		S-1-5-18  	Account Name:		WIN10$  	Account Domain:		WORKGROUP  	Logon ID:		0x3E7    Object:  	Object Server:		Security  	Object Type:		Process  	Object Name:		\Device\HarddiskVolume2\Windows\System32\lsass.exe  	Handle ID:		0x644  	Resource Attributes:	-    Process Information:  	Process ID:		0xd84  	Process Name:		C:\Windows\System32\wbem\WmiPrvSE.exe    Access Request Information:  	Transaction ID:		{00000000-0000-0000-0000-000000000000}  	Accesses:		Read from process memory  				Query process information  				Undefined Access (no effect) Bit 12  				  	Access Reasons:		-  	Access Mask:		0x1410  	Privileges Used for Access Check:	-  	Restricted SID Count:	0
2021-05-05T23:38:38.986395+02:00 suricata pcap ^ì`©˝2021-05-05T23:38:38.986430+02:00 suricata pcap <14>May  5 23:36:25 win10 Microsoft-Windows-Security-Auditing[4]: An attempt was made to access an object.    Subject:  	Security ID:		S-1-5-18  	Account Name:		WIN10$  	Account Domain:		WORKGROUP  	Logon ID:		0x3E7    Object:  	Object Server:		Security  	Object Type:		Process  	Object Name:		\Device\HarddiskVolume2\Windows\System32\lsass.exe  	Handle ID:		0x564  	Resource Attributes:	-    Process Information:  	Process ID:		0xd84  	Process Name:		C:\Windows\System32\wbem\WmiPrvSE.exe    Access Request Information:  	Accesses:		Read from process memory  				  	Access Mask:		0x10
2021-05-05T23:38:38.986453+02:00 suricata pcap ^ì`˝2021-05-05T23:38:38.986484+02:00 suricata pcap ^ì`4ˇ2021-05-05T23:38:38.986504+02:00 suricata pcap <14>May  5 23:36:25 win10 Microsoft-Windows-Security-Auditing[4]: The handle to an object was closed.    Subject :  	Security ID:		S-1-5-18  	Account Name:		WIN10$  	Account Domain:		WORKGROUP  	Logon ID:		0x3E7    Object:  	Object Server:		Security  	Handle ID:		0x1a90    Process Information:  	Process ID:		0xd84  	Process Name:		C:\Windows\System32\wbem\WmiPrvSE.exe
2021-05-05T23:38:38.986528+02:00 suricata pcap ^ì`2021-05-05T23:38:38.986547+02:00 suricata pcap <14>May  5 23:36:25 win10 Microsoft-Windows-Security-Auditing[4]: The handle to an object was closed.    Subject :  	Security ID:		S-1-5-18  	Account Name:		WIN10$  	Account Domain:		WORKGROUP  	Logon ID:		0x3E7    Object:  	Object Server:		Security  	Handle ID:		0x1a90    Process Information:  	Process ID:		0xd84  	Process Name:		C:\Windows\System32\wbem\WmiPrvSE.exe
2021-05-05T23:38:38.986591+02:00 suricata pcap ^ì`‰2021-05-05T23:38:38.986624+02:00 suricata pcap <14>May  5 23:36:25 win10 Microsoft-Windows-Security-Auditing[4]: An attempt was made to access an object.    Subject:  	Security ID:		S-1-5-18  	Account Name:		WIN10$  	Account Domain:		WORKGROUP  	Logon ID:		0x3E7    Object:  	Object Server:		Security  	Object Type:		Process  	Object Name:		\Device\HarddiskVolume2\Windows\System32\lsass.exe  	Handle ID:		0x618  	Resource Attributes:	-    Process Information:  	Process ID:		0xd84  	Process Name:		C:\Windows\System32\wbem\WmiPrvSE.exe    Access Request Information:  	Accesses:		Read from process memory  				  	Access Mask:		0x10
2021-05-05T23:38:38.986649+02:00 suricata pcap <14>May  5 23:36:25 win10 Microsoft-Windows-Security-Auditing[4]: The han^ì`r2021-05-05T23:38:38.986692+02:00 suricata pcap ^ì`\2021-05-05T23:38:38.986738+02:00 suricata pcap <14>May  5 23:36:25 win10 Microsoft-Windows-Security-Auditing[4]: An attempt was made to access an object.    Subject:  	Security ID:		S-1-5-18  	Account Name:		WIN10$  	Account Domain:		WORKGROUP  	Logon ID:		0x3E7    Object:  	Object Server:		Security  	Object Type:		Process  	Object Name:		\Device\HarddiskVolume2\Windows\System32\lsass.exe  	Handle ID:		0x618  	Resource Attributes:	-    Process Information:  	Process ID:		0xd84  	Process Name:		C:\Windows\System32\wbem\WmiPrvSE.exe    Access Request Information:  	Accesses:		Read from process memory  				  	Access Mask:		0x10
2021-05-05T23:38:38.986765+02:00 suricata pcap <14>May  5 23:36:25 win10 Microsoft-Windows-Security-Auditing[4]: The han^ì`Ì2021-05-05T23:38:38.986784+02:00 suricata pcap ^ì`2021-05-05T23:38:38.986809+02:00 suricata pcap ^ì`I2021-05-05T23:38:38.987641+02:00 suricata pcap ^ì`î2021-05-05T23:38:38.987718+02:00 suricata pcap <14>May  5 23:36:26 win10 Microsoft-Windows-Security-Auditing[4]: A handle to an object was requested.    Subject:  	Security ID:		S-1-5-18  	Account Name:		WIN10$  	Account Domain:		WORKGROUP  	Logon ID:		0x3E7    Object:  	Object Server:		Security  	Object Type:		Process  	Object Name:		\Device\HarddiskVolume2\Windows\System32\lsass.exe  	Handle ID:		0x644  	Resource Attributes:	-    Process Information:  	Process ID:		0xd84  	Process Name:		C:\Windows\System32\wbem\WmiPrvSE.exe    Access Request Information:  	Transaction ID:		{00000000-0000-0000-0000-000000000000}  	Accesses:		Read from process memory  				Query process information  				Undefined Access (no effect) Bit 12  				  	Access Reasons:		-  	Access Mask:		0x1410  	Privileges Used for Access Check:	-  	Restricted SID Count:	0
2021-05-05T23:38:38.987745+02:00 suricata pcap ^ì`Á2021-05-05T23:38:38.987781+02:00 suricata pcap <14>May  5 23:36:26 win10 Microsoft-Windows-Security-Auditing[4]: A handle to an object was requested.    Subject:  	Security ID:		S-1-5-18  	Account Name:		WIN10$  	Account Domain:		WORKGROUP  	Logon ID:		0x3E7    Object:  	Object Server:		Security  	Object Type:		Process  	Object Name:		\Device\HarddiskVolume2\Windows\System32\lsass.exe  	Handle ID:		0x644  	Resource Attributes:	-    Process Information:  	Process ID:		0xd84  	Process Name:		C:\Windows\System32\wbem\WmiPrvSE.exe    Access Request Information:  	Transaction ID:		{00000000-0000-0000-0000-000000000000}  	Accesses:		Read from process memory  				Query process information  				Undefined Access (no effect) Bit 12  				  	Access Reasons:		-  	Access Mask:		0x1410  	Privileges Used for Access Check:	-  	Restricted SID Count:	0
2021-05-05T23:38:38.987817+02:00 suricata pcap ^ì`*2021-05-05T23:38:38.987837+02:00 suricata pcap <14>May  5 23:36:26 win10 Microsoft-Windows-Security-Auditing[4]: The handle to an object was closed.    Subject :  	Security ID:		S-1-5-18  	Account Name:		WIN10$  	Account Domain:		WORKGROUP  	Logon ID:		0x3E7    Object:  	Object Server:		Security  	Handle ID:		0x644    Process Information:  	Process ID:		0xd84  	Process Name:		C:\Windows\System32\wbem\WmiPrvSE.exe
2021-05-05T23:38:39.981438+02:00 suricata pcap ^ì`Ó2021-05-05T23:38:39.981501+02:00 suricata pcap <14>May  5 23:36:26 win10 Microsoft-Windows-Security-Auditing[4]: The handle to an object was closed.    Subject :  	Security ID:		S-1-5-18  	Account Name:		WIN10$  	Account Domain:		WORKGROUP  	Logon ID:		0x3E7    Object:  	Object Server:		Security  	Handle ID:		0x644    Process Information:  	Process ID:		0xd84  	Process Name:		C:\Windows\System32\wbem\WmiPrvSE.exe
2021-05-05T23:38:39.981522+02:00 suricata pcap ^ì`32021-05-05T23:38:39.981536+02:00 suricata pcap <14>May  5 23:36:26 win10 Microsoft-Windows-Security-Auditing[4]: The handle to an object was closed.    Subject :  	Security ID:		S-1-5-18  	Account Name:		WIN10$  	Account Domain:		WORKGROUP  	Logon ID:		0x3E7    Object:  	Object Server:		Security  	Handle ID:		0x644    Process Information:  	Process ID:		0xd84  	Process Name:		C:\Windows\System32\wbem\WmiPrvSE.exe
2021-05-05T23:38:39.981582+02:00 suricata pcap ^ì`2021-05-05T23:38:39.981600+02:00 suricata pcap 2021-05-05T23:38:39.981615+02:00 suricata pcap ¿®ã2021-05-05T23:38:39.981630+02:00 suricata pcap _ì`é˜2021-05-05T23:38:39.981644+02:00 suricata pcap _ì`è¯2021-05-05T23:38:39.982078+02:00 suricata pcap <14>May  5 23:36:26 win10 Microsoft-Windows-Security-Auditing[4]: A handle to an object was requested.    Subject:  	Security ID:		S-1-5-18  	Account Name:		WIN10$  	Account Domain:		WORKGROUP  	Logon ID:		0x3E7    Object:  	Object Server:		Security  	Object Type:		Process  	Object Name:		\Device\HarddiskVolume2\Windows\System32\lsass.exe  	Handle ID:		0x5f0  	Resource Attributes:	-    Process Information:  	Process ID:		0xd84  	Process Name:		C:\Windows\System32\wbem\WmiPrvSE.exe    Access Request Information:  	Transaction ID:		{00000000-0000-0000-0000-000000000000}  	Accesses:		Read from process memory  				Query process information  				Undefined Access (no effect) Bit 12  				  	Access Reasons:		-  	Access Mask:		0x1410  	Privileges Used for Access Check:	-  	Restricted SID Count:	0
2021-05-05T23:38:39.982106+02:00 suricata pcap <14>May  5 23:36:26 win10 Microsoft-Windows-Security-Auditing[4]: An attempt was made to access an object.    Subject:  	Security ID:		S-1-5-18  	Account Name:		WIN10$  	Account Domain:		WORKGROUP  	Logon ID:		0x3E7    Object:  	Object Server:		Security  	Object Type:		Process  	Object N_ì`ù¯2021-05-05T23:38:39.982119+02:00 suricata pcap _ì`∑¯2021-05-05T23:38:39.982133+02:00 suricata pcap _ì`Ù¯2021-05-05T23:38:39.982169+02:00 suricata pcap <14>May  5 23:36:26 win10 Microsoft-Windows-Security-Auditing[4]: A handle to an object was requested.    Subject:  	Security ID:		S-1-5-18  	Account Name:		WIN10$  	Account Domain:		WORKGROUP  	Logon ID:		0x3E7    Object:  	Object Server:		Security  	Object Type:		Process  	Object Name:		\Device\HarddiskVolume2\Windows\System32\lsass.exe  	Handle ID:		0x5f0  	Resource Attributes:	-    Process Information:  	Process ID:		0xd84  	Process Name:		C:\Windows\System32\wbem\WmiPrvSE.exe    Access Request Information:  	Transaction ID:		{00000000-0000-0000-0000-000000000000}  	Accesses:		Read from process memory  				Query process information  				Undefined Access (no effect) Bit 12  				  	Access Reasons:		-  	Access Mask:		0x1410  	Privileges Used for Access Check:	-  	Restricted SID Count:	0
2021-05-05T23:38:39.982218+02:00 suricata pcap <14>May  5 23:36:26 win10 Microsoft-Windows-Security-Auditing[4]: An attempt was made to access an object.    Subject:  	Security ID:		S-1-5-18  	Account Name:		WIN10$  	Account Domain:		WORKGROUP  	Logon ID:		0x3E7    Object:  	Object Server:		Security  	Object Type:		Process  	Object N_ì`Ó˘2021-05-05T23:38:39.982746+02:00 suricata pcap <14>May  5 23:36:26 win10 Microsoft-Windows-Security-Auditing[4]: A handle to an object was requested.    Subject:  	Security ID:		S-1-5-18  	Account Name:		WIN10$  	Account Domain:		WORKGROUP  	Logon ID:		0x3E7    Object:  	Object Server:		Security  	Object Type:		Process  	Object Name:		\Device\HarddiskVolume2\Windows\System32\lsass.exe  	Handle ID:		0x5f0  	Resource Attributes:	-    Process Information:  	Process ID:		0xd84  	Process Name:		C:\Windows\System32\wbem\WmiPrvSE.exe    Access Request Information:  	Transaction ID:		{00000000-0000-0000-0000-000000000000}  	Accesses:		Read from process memory  				Query process information  				Undefined Access (no effect) Bit 12  				  	Access Reasons:		-  	Access Mask:		0x1410  	Privileges Used for Access Check:	-  	Restricted SID Count:	0
2021-05-05T23:38:39.982772+02:00 suricata pcap <14>May  5 23:36:26 win10 Microsoft-Windows-Security-Auditing[4]: An attempt was made to access an object.    Subject:  	Security ID:		S-1-5-18  	Account Name:		WIN10$  	Account Domain:		WORKGROUP  	Logon ID:		0x3E7    Object:  	Object Server:		Security  	Object Type:		Process  	Object N_ì`m˘2021-05-05T23:38:39.982789+02:00 suricata pcap _ì`≥˘2021-05-05T23:38:39.982805+02:00 suricata pcap _ì`W˙2021-05-05T23:38:39.982818+02:00 suricata pcap <14>May  5 23:36:26 win10 Microsoft-Windows-Security-Auditing[4]: An attempt was made to duplicate a handle to an object.    Subject:  	Security ID:		S-1-5-18  	Account Name:		WIN10$  	Account Domain:		WORKGROUP  	Logon ID:		0x3E7    Source Handle Information:  	Source Handle ID:	0x4cc  	Source Process ID:	0xd84    New Handle Information:  	Target Handle ID:	0x2584  	Target Process ID:	0x4
2021-05-05T23:38:39.982829+02:00 suricata pcap <14>May  5 23:36:26 win10 Microsoft-Windows-Security-Auditing[4]: The handle to an object was closed.    Subject :  	Security ID:		S-1-5-18  	Account Name:		WIN10$  	Account Domain:		WORKGROUP  	Logon ID:		0x3E7    Object:  	Object Server:		Security  	Handle ID:		0x2584    Process Information:  	Process ID:		0xd84  	Process Name:		C:\Windows\System32\wbem\WmiPrvSE.exe
2021-05-05T23:38:39.982843+02:00 suricata pcap _ì`≥¸2021-05-05T23:38:39.982856+02:00 suricata pcap <14>May  5 23:36:26 win10 Microsoft-Windows-Security-Auditing[4]: An attempt was made to duplicate a handle to an object.    Subject:  	Security ID:		S-1-5-18  	Account Name:		WIN10$  	Account Domain:		WORKGROUP  	Logon ID:		0x3E7    Source Handle Information:  	Source Handle ID:	0x4cc  	Source Process ID:	0xd84    New Handle Information:  	Target Handle ID:	0x2584  	Target Process ID:	0x4
2021-05-05T23:38:39.982869+02:00 suricata pcap <14>May  5 23:36:26 win10 Microsoft-Windows-Security-Auditing[4]: The handle to an object was closed.    Subject :  	Security ID:		S-1-5-18  	Account Name:		WIN10$  	Account Domain:		WORKGROUP  	Logon ID:		0x3E7    Object:  	Object Server:		Security  	Handle ID:		0x2584    Process Information:  	Process ID:		0xd84  	Process Name:		C:\Windows\System32\wbem\WmiPrvSE.exe
2021-05-05T23:38:39.983222+02:00 suricata pcap _ì`‡¸2021-05-05T23:38:39.983240+02:00 suricata pcap <14>May  5 23:36:26 win10 Microsoft-Windows-Security-Auditing[4]: An attempt was made to duplicate a handle to an object.    Subject:  	Security ID:		S-1-5-18  	Account Name:		WIN10$  	Account Domain:		WORKGROUP  	Logon ID:		0x3E7    Source Handle Information:  	Source Handle ID:	0x4cc  	Source Process ID:	0xd84    New Handle Information:  	Target Handle ID:	0x2584  	Target Process ID:	0x4
2021-05-05T23:38:39.983252+02:00 suricata pcap <14>May  5 23:36:26 win10 Microsoft-Windows-Security-Auditing[4]: The handle to an object was closed.    Subject :  	Security ID:		S-1-5-18  	Account Name:		WIN10$  	Account Domain:		WORKGROUP  	Logon ID:		0x3E7    Object:  	Object Server:		Security  	Handle ID:		0x2584    Process Information:  	Process ID:		0xd84  	Process Name:		C:\Windows\System32\wbem\WmiPrvSE.exe
2021-05-05T23:38:39.983274+02:00 suricata pcap _ì`+˛2021-05-05T23:38:39.983297+02:00 suricata pcap _ì`¡¸2021-05-05T23:38:39.983325+02:00 suricata pcap _ì`Ü˛2021-05-05T23:38:39.983534+02:00 suricata pcap _ì`æ˝2021-05-05T23:38:39.983550+02:00 suricata pcap <14>May  5 23:36:26 win10 Microsoft-Windows-Security-Auditing[4]: The handle to an object was closed.    Subject :  	Security ID:		S-1-5-18  	Account Name:		WIN10$  	Account Domain:		WORKGROUP  	Logon ID:		0x3E7    Object:  	Object Server:		Security  	Handle ID:		0x4cc    Process Information:  	Process ID:		0xd84  	Process Name:		C:\Windows\System32\wbem\WmiPrvSE.exe
2021-05-05T23:38:39.983562+02:00 suricata pcap <14>May  5 23:36:26 win10 Microsoft-Windows-Security-Auditing[4]: An attempt was made to duplicate a handle to an object.    Subject:  	Security ID:		S-1-5-18  	Account Name:		WIN10$  	Account Domain:		WORKGROUP  	Logon ID:		0x3E7    Source Handle Information:  	Source Handle ID:	0x5b8  	Source Process ID:	0xd84    New Handle Information:  	Target Handle ID:	0x1a90  	Target Process ID:	0x4
2021-05-05T23:38:39.983582+02:00 suricata pcap _ì`jˇ2021-05-05T23:38:39.983593+02:00 suricata pcap <14>May  5 23:36:26 win10 Microsoft-Windows-Security-Auditing[4]: The handle to an object was closed.    Subject :  	Security ID:		S-1-5-18  	Account Name:		WIN10$  	Account Domain:		WORKGROUP  	Logon ID:		0x3E7    Object:  	Object Server:		Security  	Handle ID:		0x4cc    Process Information:  	Process ID:		0xd84  	Process Name:		C:\Windows\System32\wbem\WmiPrvSE.exe
2021-05-05T23:38:39.983606+02:00 suricata pcap <14>May  5 23:36:26 win10 Microsoft-Windows-Security-Auditing[4]: An attempt was made to duplicate a handle to an object.    Subject:  	Security ID:		S-1-5-18  	Account Name:		WIN10$  	Account Domain:		WORKGROUP  	Logon ID:		0x3E7    Source Handle Information:  	Source Handle ID:	0x5b8  	Source Process ID:	0xd84    New Handle Information:  	Target Handle ID:	0x1a90  	Target Process ID:	0x4
2021-05-05T23:38:39.983624+02:00 suricata pcap _ì`2021-05-05T23:38:39.984338+02:00 suricata pcap <14>May  5 23:36:26 win10 Microsoft-Windows-Security-Auditing[4]: The handle to an object was closed.    Subject :  	Security ID:		S-1-5-18  	Account Name:		WIN10$  	Account Domain:		WORKGROUP  	Logon ID:		0x3E7    Object:  	Object Server:		Security  	Handle ID:		0x4cc    Process Information:  	Process ID:		0xd84  	Process Name:		C:\Windows\System32\wbem\WmiPrvSE.exe
2021-05-05T23:38:39.984358+02:00 suricata pcap <14>May  5 23:36:26 win10 Microsoft-Windows-Security-Auditing[4]: An attempt was made to duplicate a handle to an object.    Subject:  	Security ID:		S-1-5-18  	Account Name:		WIN10$  	Account Domain:		WORKGROUP  	Logon ID:		0x3E7    Source Handle Information:  	Source Handle ID:	0x5b8  	Source Process ID:	0xd84    New Handle Information:  	Target Handle ID:	0x1a90  	Target Process ID:	0x4
2021-05-05T23:38:39.984372+02:00 suricata pcap _ì`Ç2021-05-05T23:38:39.984390+02:00 suricata pcap _ì`ó2021-05-05T23:38:39.984404+02:00 suricata pcap _ì`Ë2021-05-05T23:38:39.984494+02:00 suricata pcap _ì`â2021-05-05T23:38:39.984520+02:00 suricata pcap <14>May  5 23:36:26 win10 Microsoft-Windows-Security-Auditing[4]: An attempt was made to access an object.    Subject:  	Security ID:		S-1-5-18  	Account Name:		WIN10$  	Account Domain:		WORKGROUP  	Logon ID:		0x3E7    Object:  	Object Server:		Security  	Object Type:		Process  	Object Name:		\Device\HarddiskVolume2\Windows\System32\lsass.exe  	Handle ID:		0x5b8  	Resource Attributes:	-    Process Information:  	Process ID:		0xd84  	Process Name:		C:\Windows\System32\wbem\WmiPrvSE.exe    Access Request Information:  	Accesses:		Read from process memory  				  	Access Mask:		0x10
2021-05-05T23:38:39.985119+02:00 suricata pcap _ì`Û2021-05-05T23:38:39.985143+02:00 suricata pcap <14>May  5 23:36:26 win10 Microsoft-Windows-Security-Auditing[4]: An attempt was made to access an object.    Subject:  	Security ID:		S-1-5-18  	Account Name:		WIN10$  	Account Domain:		WORKGROUP  	Logon ID:		0x3E7    Object:  	Object Server:		Security  	Object Type:		Process  	Object Name:		\Device\HarddiskVolume2\Windows\System32\lsass.exe  	Handle ID:		0x5b8  	Resource Attributes:	-    Process Information:  	Process ID:		0xd84  	Process Name:		C:\Windows\System32\wbem\WmiPrvSE.exe    Access Request Information:  	Accesses:		Read from process memory  				  	Access Mask:		0x10
2021-05-05T23:38:39.985210+02:00 suricata pcap _ì`G2021-05-05T23:38:39.985227+02:00 suricata pcap <14>May  5 23:36:26 win10 Microsoft-Windows-Security-Auditing[4]: An attempt was made to access an object.    Subject:  	Security ID:		S-1-5-18  	Account Name:		WIN10$  	Account Domain:		WORKGROUP  	Logon ID:		0x3E7    Object:  	Object Server:		Security  	Object Type:		Process  	Object Name:		\Device\HarddiskVolume2\Windows\System32\lsass.exe  	Handle ID:		0x5b8  	Resource Attributes:	-    Process Information:  	Process ID:		0xd84  	Process Name:		C:\Windows\System32\wbem\WmiPrvSE.exe    Access Request Information:  	Accesses:		Read from process memory  				  	Access Mask:		0x10
2021-05-05T23:38:39.985245+02:00 suricata pcap _ì`ô2021-05-05T23:38:39.985258+02:00 suricata pcap _ì`≥2021-05-05T23:38:39.985272+02:00 suricata pcap _ì`˙2021-05-05T23:38:46.033422+02:00 suricata pcap _ì`Q2021-05-05T23:38:46.033464+02:00 suricata pcap 2021-05-05T23:38:46.033477+02:00 suricata pcap ¿®ã2021-05-05T23:38:46.033487+02:00 suricata pcap 2021-05-05T23:38:46.033499+02:00 suricata pcap ¿®ã2021-05-05T23:38:46.033508+02:00 suricata pcap 2021-05-05T23:38:46.033528+02:00 suricata pcap ¿®ã2021-05-05T23:38:46.033542+02:00 suricata pcap 2021-05-05T23:38:46.033553+02:00 suricata pcap 2021-05-05T23:38:46.033572+02:00 suricata pcap 2021-05-05T23:38:46.033588+02:00 suricata pcap 2021-05-05T23:38:46.033598+02:00 suricata pcap 2021-05-05T23:38:46.033608+02:00 suricata pcap ¿®ã2021-05-05T23:38:46.033624+02:00 suricata pcap 2021-05-05T23:38:46.033640+02:00 suricata pcap dì`:‘2021-05-05T23:38:46.033656+02:00 suricata pcap dì`’2021-05-05T23:38:46.033669+02:00 suricata pcap dì`l’2021-05-05T23:38:46.033678+02:00 suricata pcap eì`ı2021-05-05T23:38:46.033686+02:00 suricata pcap 2021-05-05T23:38:46.033710+02:00 suricata pcap ¿®ã2021-05-05T23:38:46.033735+02:00 suricata pcap fì`Ò2021-05-05T23:38:46.033761+02:00 suricata pcap fì`ÙÄ2021-05-05T23:38:46.035101+02:00 suricata pcap fì`xÅ2021-05-05T23:38:46.035200+02:00 suricata pcap <14>May  5 23:36:31 win10 Microsoft-Windows-Security-Auditing[4]: A handle to an object was requested.    Subject:  	Security ID:		S-1-5-18  	Account Name:		WIN10$  	Account Domain:		WORKGROUP  	Logon ID:		0x3E7    Object:  	Object Server:		Security  	Object Type:		Process  	Object Name:		\Device\HarddiskVolume2\Windows\System32\lsass.exe  	Handle ID:		0x644  	Resource Attributes:	-    Process Information:  	Process ID:		0xd84  	Process Name:		C:\Windows\System32\wbem\WmiPrvSE.exe    Access Request Information:  	Transaction ID:		{00000000-0000-0000-0000-000000000000}  	Accesses:		Read from process memory  				Query process information  				Undefined Access (no effect) Bit 12  				  	Access Reasons:		-  	Access Mask:		0x1410  	Privileges Used for Access Check:	-  	Restricted SID Count:	0
2021-05-05T23:38:46.035332+02:00 suricata pcap fì`DÖ2021-05-05T23:38:46.035371+02:00 suricata pcap <14>May  5 23:36:31 win10 Microsoft-Windows-Security-Auditing[4]: A handle to an object was requested.    Subject:  	Security ID:		S-1-5-18  	Account Name:		WIN10$  	Account Domain:		WORKGROUP  	Logon ID:		0x3E7    Object:  	Object Server:		Security  	Object Type:		Process  	Object Name:		\Device\HarddiskVolume2\Windows\System32\lsass.exe  	Handle ID:		0x644  	Resource Attributes:	-    Process Information:  	Process ID:		0xd84  	Process Name:		C:\Windows\System32\wbem\WmiPrvSE.exe    Access Request Information:  	Transaction ID:		{00000000-0000-0000-0000-000000000000}  	Accesses:		Read from process memory  				Query process information  				Undefined Access (no effect) Bit 12  				  	Access Reasons:		-  	Access Mask:		0x1410  	Privileges Used for Access Check:	-  	Restricted SID Count:	0
2021-05-05T23:38:46.035396+02:00 suricata pcap fì`£Ö2021-05-05T23:38:46.035433+02:00 suricata pcap <14>May  5 23:36:31 win10 Microsoft-Windows-Security-Auditing[4]: A handle to an object was requested.    Subject:  	Security ID:		S-1-5-18  	Account Name:		WIN10$  	Account Domain:		WORKGROUP  	Logon ID:		0x3E7    Object:  	Object Server:		Security  	Object Type:		Process  	Object Name:		\Device\HarddiskVolume2\Windows\System32\lsass.exe  	Handle ID:		0x644  	Resource Attributes:	-    Process Information:  	Process ID:		0xd84  	Process Name:		C:\Windows\System32\wbem\WmiPrvSE.exe    Access Request Information:  	Transaction ID:		{00000000-0000-0000-0000-000000000000}  	Accesses:		Read from process memory  				Query process information  				Undefined Access (no effect) Bit 12  				  	Access Reasons:		-  	Access Mask:		0x1410  	Privileges Used for Access Check:	-  	Restricted SID Count:	0
2021-05-05T23:38:46.036225+02:00 suricata pcap fì`Ü2021-05-05T23:38:46.036255+02:00 suricata pcap <14>May  5 23:36:31 win10 Microsoft-Windows-Security-Auditing[4]: The handle to an object was closed.    Subject :  	Security ID:		S-1-5-18  	Account Name:		WIN10$  	Account Domain:		WORKGROUP  	Logon ID:		0x3E7    Object:  	Object Server:		Security  	Handle ID:		0x644    Process Information:  	Process ID:		0xd84  	Process Name:		C:\Windows\System32\wbem\WmiPrvSE.exe
2021-05-05T23:38:46.036288+02:00 suricata pcap fì`â2021-05-05T23:38:46.036309+02:00 suricata pcap <14>May  5 23:36:31 win10 Microsoft-Windows-Security-Auditing[4]: The handle to an object was closed.    Subject :  	Security ID:		S-1-5-18  	Account Name:		WIN10$  	Account Domain:		WORKGROUP  	Logon ID:		0x3E7    Object:  	Object Server:		Security  	Handle ID:		0x644    Process Information:  	Process ID:		0xd84  	Process Name:		C:\Windows\System32\wbem\WmiPrvSE.exe
2021-05-05T23:38:46.036341+02:00 suricata pcap fì`aâ2021-05-05T23:38:46.036360+02:00 suricata pcap <14>May  5 23:36:31 win10 Microsoft-Windows-Security-Auditing[4]: The handle to an object was closed.    Subject :  	Security ID:		S-1-5-18  	Account Name:		WIN10$  	Account Domain:		WORKGROUP  	Logon ID:		0x3E7    Object:  	Object Server:		Security  	Handle ID:		0x644    Process Information:  	Process ID:		0xd84  	Process Name:		C:\Windows\System32\wbem\WmiPrvSE.exe
2021-05-05T23:38:46.036393+02:00 suricata pcap fì`ûâ2021-05-05T23:38:46.037743+02:00 suricata pcap fì`©å2021-05-05T23:38:46.037782+02:00 suricata pcap fì`	ç2021-05-05T23:38:46.037817+02:00 suricata pcap fì`Nç2021-05-05T23:38:46.037839+02:00 suricata pcap fì`‰è2021-05-05T23:38:46.037864+02:00 suricata pcap fì`Rê2021-05-05T23:38:46.037915+02:00 suricata pcap fì`≤ê2021-05-05T23:38:46.039283+02:00 suricata pcap fì`…í2021-05-05T23:38:46.039366+02:00 suricata pcap fì`+ì2021-05-05T23:38:46.039409+02:00 suricata pcap fì`_ì2021-05-05T23:38:46.039443+02:00 suricata pcap fì`tñ2021-05-05T23:38:46.039476+02:00 suricata pcap fì`∆ñ2021-05-05T23:38:46.039510+02:00 suricata pcap fì`ó2021-05-05T23:38:49.582365+02:00 suricata pcap fì`˚ò2021-05-05T23:38:49.582411+02:00 suricata pcap fì`Œô2021-05-05T23:38:49.582420+02:00 suricata pcap fì`Äô2021-05-05T23:38:49.582426+02:00 suricata pcap 2021-05-05T23:38:49.582435+02:00 suricata pcap ¿®ã2021-05-05T23:38:49.582441+02:00 suricata pcap ∆)2021-05-05T23:38:49.582457+02:00 suricata pcap message repeated 2 times: [∆)]
2021-05-05T23:38:49.582466+02:00 suricata pcap ∆)2021-05-05T23:38:49.582482+02:00 suricata pcap 2021-05-05T23:38:49.582490+02:00 suricata pcap 2021-05-05T23:38:49.582499+02:00 suricata pcap 2021-05-05T23:38:49.582510+02:00 suricata pcap 2021-05-05T23:38:49.582520+02:00 suricata pcap fì`z÷2021-05-05T23:38:49.582526+02:00 suricata pcap gì`µÖ2021-05-05T23:38:49.582531+02:00 suricata pcap 2021-05-05T23:38:49.582536+02:00 suricata pcap ¿®ã2021-05-05T23:38:49.582545+02:00 suricata pcap 2021-05-05T23:38:49.582551+02:00 suricata pcap hì`n°2021-05-05T23:38:49.582555+02:00 suricata pcap 2021-05-05T23:38:49.582559+02:00 suricata pcap ¿®ã2021-05-05T23:38:49.582564+02:00 suricata pcap 2021-05-05T23:38:49.582569+02:00 suricata pcap 2021-05-05T23:38:49.582577+02:00 suricata pcap 2021-05-05T23:38:49.582585+02:00 suricata pcap 2021-05-05T23:38:49.582590+02:00 suricata pcap 2021-05-05T23:38:49.582594+02:00 suricata pcap 2021-05-05T23:38:49.582602+02:00 suricata pcap ¿®ã2021-05-05T23:38:51.065451+02:00 suricata pcap iì`‘2021-05-05T23:38:51.065489+02:00 suricata pcap iì`∏‘2021-05-05T23:38:51.065512+02:00 suricata pcap iì`ﬁ‘2021-05-05T23:38:51.065518+02:00 suricata pcap jì`x'2021-05-05T23:38:51.065523+02:00 suricata pcap 2021-05-05T23:38:51.065538+02:00 suricata pcap ¿®ã2021-05-05T23:38:51.065553+02:00 suricata pcap kì`®˙2021-05-05T23:38:51.065568+02:00 suricata pcap kì`Í˚2021-05-05T23:38:51.065588+02:00 suricata pcap kì`7¸2021-05-05T23:38:51.065611+02:00 suricata pcap <14>May  5 23:36:36 win10 Microsoft-Windows-Security-Auditing[4]: A handle to an object was requested.    Subject:  	Security ID:		S-1-5-18  	Account Name:		WIN10$  	Account Domain:		WORKGROUP  	Logon ID:		0x3E7    Object:  	Object Server:		Security  	Object Type:		Process  	Object Name:		\Device\HarddiskVolume2\Windows\System32\lsass.exe  	Handle ID:		0x5b8  	Resource Attributes:	-    Process Information:  	Process ID:		0xd84  	Process Name:		C:\Windows\System32\wbem\WmiPrvSE.exe    Access Request Information:  	Transaction ID:		{00000000-0000-0000-0000-000000000000}  	Accesses:		Read from process memory  				Query process information  				Undefined Access (no effect) Bit 12  				  	Access Reasons:		-  	Access Mask:		0x1410  	Privileges Used for Access Check:	-  	Restricted SID Count:	0
2021-05-05T23:38:51.065624+02:00 suricata pcap kì`ÿ˛2021-05-05T23:38:51.066517+02:00 suricata pcap <14>May  5 23:36:36 win10 Microsoft-Windows-Security-Auditing[4]: A handle to an object was requested.    Subject:  	Security ID:		S-1-5-18  	Account Name:		WIN10$  	Account Domain:		WORKGROUP  	Logon ID:		0x3E7    Object:  	Object Server:		Security  	Object Type:		Process  	Object Name:		\Device\HarddiskVolume2\Windows\System32\lsass.exe  	Handle ID:		0x5b8  	Resource Attributes:	-    Process Information:  	Process ID:		0xd84  	Process Name:		C:\Windows\System32\wbem\WmiPrvSE.exe    Access Request Information:  	Transaction ID:		{00000000-0000-0000-0000-000000000000}  	Accesses:		Read from process memory  				Query process information  				Undefined Access (no effect) Bit 12  				  	Access Reasons:		-  	Access Mask:		0x1410  	Privileges Used for Access Check:	-  	Restricted SID Count:	0
2021-05-05T23:38:51.066546+02:00 suricata pcap kì`¸ˇ2021-05-05T23:38:51.066568+02:00 suricata pcap <14>May  5 23:36:36 win10 Microsoft-Windows-Security-Auditing[4]: A handle to an object was requested.    Subject:  	Security ID:		S-1-5-18  	Account Name:		WIN10$  	Account Domain:		WORKGROUP  	Logon ID:		0x3E7    Object:  	Object Server:		Security  	Object Type:		Process  	Object Name:		\Device\HarddiskVolume2\Windows\System32\lsass.exe  	Handle ID:		0x5b8  	Resource Attributes:	-    Process Information:  	Process ID:		0xd84  	Process Name:		C:\Windows\System32\wbem\WmiPrvSE.exe    Access Request Information:  	Transaction ID:		{00000000-0000-0000-0000-000000000000}  	Accesses:		Read from process memory  				Query process information  				Undefined Access (no effect) Bit 12  				  	Access Reasons:		-  	Access Mask:		0x1410  	Privileges Used for Access Check:	-  	Restricted SID Count:	0
2021-05-05T23:38:51.066591+02:00 suricata pcap kì`sˇ2021-05-05T23:38:51.066611+02:00 suricata pcap kì`e2021-05-05T23:38:51.066629+02:00 suricata pcap kì`«2021-05-05T23:38:56.116239+02:00 suricata pcap kì`)2021-05-05T23:38:56.116279+02:00 suricata pcap kì`f2021-05-05T23:38:56.116294+02:00 suricata pcap kì`ä2021-05-05T23:38:56.116307+02:00 suricata pcap kì`ù2021-05-05T23:38:56.116314+02:00 suricata pcap 2021-05-05T23:38:56.116320+02:00 suricata pcap ¿®ã2021-05-05T23:38:56.116327+02:00 suricata pcap 2021-05-05T23:38:56.116333+02:00 suricata pcap 2021-05-05T23:38:56.116339+02:00 suricata pcap 2021-05-05T23:38:56.116345+02:00 suricata pcap ¿®ã2021-05-05T23:38:56.116353+02:00 suricata pcap 2021-05-05T23:38:56.116359+02:00 suricata pcap ¿®ã2021-05-05T23:38:56.116365+02:00 suricata pcap 2021-05-05T23:38:56.116370+02:00 suricata pcap ¿®ã2021-05-05T23:38:56.116374+02:00 suricata pcap 2021-05-05T23:38:56.116378+02:00 suricata pcap HOST: 239.255.255.250:1900
2021-05-05T23:38:56.116383+02:00 suricata pcap MAN: "ssdp:discover"
2021-05-05T23:38:56.116388+02:00 suricata pcap MX: 1
2021-05-05T23:38:56.116392+02:00 suricata pcap ST: urn:dial-multiscreen-org:service:dial:1
2021-05-05T23:38:56.116396+02:00 suricata pcap USER-AGENT: Chromium/80.0.3987.149 Linux
2021-05-05T23:38:56.116400+02:00 suricata pcap 
2021-05-05T23:38:56.116404+02:00 suricata pcap oì`>Í2021-05-05T23:38:56.116410+02:00 suricata pcap 2021-05-05T23:38:56.116414+02:00 suricata pcap ¿®ã2021-05-05T23:38:56.116418+02:00 suricata pcap 2021-05-05T23:38:56.116422+02:00 suricata pcap HOST: 239.255.255.250:1900
2021-05-05T23:38:56.116425+02:00 suricata pcap MAN: "ssdp:discover"
2021-05-05T23:38:56.116430+02:00 suricata pcap MX: 1
2021-05-05T23:38:56.116434+02:00 suricata pcap ST: urn:dial-multiscreen-org:service:dial:1
2021-05-05T23:38:56.116437+02:00 suricata pcap USER-AGENT: Chromium/80.0.3987.149 Linux
2021-05-05T23:38:56.116440+02:00 suricata pcap 
2021-05-05T23:38:56.116448+02:00 suricata pcap pì`u2021-05-05T23:38:56.116453+02:00 suricata pcap 2021-05-05T23:38:56.116467+02:00 suricata pcap 2021-05-05T23:38:56.117924+02:00 suricata pcap pì`7≈2021-05-05T23:38:56.117956+02:00 suricata pcap pì`7 2021-05-05T23:38:56.117973+02:00 suricata pcap pì`· 2021-05-05T23:38:56.117995+02:00 suricata pcap <14>May  5 23:36:41 win10 Microsoft-Windows-Security-Auditing[4]: A handle to an object was requested.    Subject:  	Security ID:		S-1-5-18  	Account Name:		WIN10$  	Account Domain:		WORKGROUP  	Logon ID:		0x3E7    Object:  	Object Server:		Security  	Object Type:		Process  	Object Name:		\Device\HarddiskVolume2\Windows\System32\lsass.exe  	Handle ID:		0x544  	Resource Attributes:	-    Process Information:  	Process ID:		0xd84  	Process Name:		C:\Windows\System32\wbem\WmiPrvSE.exe    Access Request Information:  	Transaction ID:		{00000000-0000-0000-0000-000000000000}  	Accesses:		Read from process memory  				Query process information  				Undefined Access (no effect) Bit 12  				  	Access Reasons:		-  	Access Mask:		0x1410  	Privileges Used for Access Check:	-  	Restricted SID Count:	0
2021-05-05T23:38:56.118015+02:00 suricata pcap <14>May  5 23:36:41 win10 Microsoft-Windows-Security-Auditing[4]: An attempt was made to access an object.    Subject:  	Security ID:		S-1-5-18  	Account Name:		WIN10$  	Account Domain:		WORKGROUP  	Logon ID:		0x3E7    Object:  	Object Server:		Security  	Object Type:		Process  	Object Npì`Ú 2021-05-05T23:38:56.118030+02:00 suricata pcap pì`NÀ2021-05-05T23:38:56.118051+02:00 suricata pcap <14>May  5 23:36:41 win10 Microsoft-Windows-Security-Auditing[4]: A handle to an object was requested.    Subject:  	Security ID:		S-1-5-18  	Account Name:		WIN10$  	Account Domain:		WORKGROUP  	Logon ID:		0x3E7    Object:  	Object Server:		Security  	Object Type:		Process  	Object Name:		\Device\HarddiskVolume2\Windows\System32\lsass.exe  	Handle ID:		0x544  	Resource Attributes:	-    Process Information:  	Process ID:		0xd84  	Process Name:		C:\Windows\System32\wbem\WmiPrvSE.exe    Access Request Information:  	Transaction ID:		{00000000-0000-0000-0000-000000000000}  	Accesses:		Read from process memory  				Query process information  				Undefined Access (no effect) Bit 12  				  	Access Reasons:		-  	Access Mask:		0x1410  	Privileges Used for Access Check:	-  	Restricted SID Count:	0
2021-05-05T23:38:56.120435+02:00 suricata pcap <14>May  5 23:36:41 win10 Microsoft-Windows-Security-Auditing[4]: An attempt was made to access an object.    Subject:  	Security ID:		S-1-5-18  	Account Name:		WIN10$  	Account Domain:		WORKGROUP  	Logon ID:		0x3E7    Object:  	Object Server:		Security  	Object Type:		Process  	Object Npì`Ã2021-05-05T23:38:56.120478+02:00 suricata pcap <14>May  5 23:36:41 win10 Microsoft-Windows-Security-Auditing[4]: A handle to an object was requested.    Subject:  	Security ID:		S-1-5-18  	Account Name:		WIN10$  	Account Domain:		WORKGROUP  	Logon ID:		0x3E7    Object:  	Object Server:		Security  	Object Type:		Process  	Object Name:		\Device\HarddiskVolume2\Windows\System32\lsass.exe  	Handle ID:		0x544  	Resource Attributes:	-    Process Information:  	Process ID:		0xd84  	Process Name:		C:\Windows\System32\wbem\WmiPrvSE.exe    Access Request Information:  	Transaction ID:		{00000000-0000-0000-0000-000000000000}  	Accesses:		Read from process memory  				Query process information  				Undefined Access (no effect) Bit 12  				  	Access Reasons:		-  	Access Mask:		0x1410  	Privileges Used for Access Check:	-  	Restricted SID Count:	0
2021-05-05T23:38:56.120501+02:00 suricata pcap <14>May  5 23:36:41 win10 Microsoft-Windows-Security-Auditing[4]: An attempt was made to access an object.    Subject:  	Security ID:		S-1-5-18  	Account Name:		WIN10$  	Account Domain:		WORKGROUP  	Logon ID:		0x3E7    Object:  	Object Server:		Security  	Object Type:		Process  	Object Npì`kÃ2021-05-05T23:38:56.120518+02:00 suricata pcap pì`"Ã2021-05-05T23:38:56.120534+02:00 suricata pcap pì`Œ2021-05-05T23:38:56.120546+02:00 suricata pcap pì`Â–2021-05-05T23:38:56.120563+02:00 suricata pcap pì`3—2021-05-05T23:38:56.121177+02:00 suricata pcap pì`Ö’2021-05-05T23:38:56.121200+02:00 suricata pcap <14>May  5 23:36:41 win10 Microsoft-Windows-Security-Auditing[4]: The handle to an object was closed.    Subject :  	Security ID:		S-1-5-18  	Account Name:		WIN10$  	Account Domain:		WORKGROUP  	Logon ID:		0x3E7    Object:  	Object Server:		Security  	Handle ID:		0x3244    Process Information:  	Process ID:		0xd84  	Process Name:		C:\Windows\System32\wbem\WmiPrvSE.exe
2021-05-05T23:38:56.121223+02:00 suricata pcap <14>May  5 23:36:41 win10 Microsoft-Windows-Security-Auditing[4]: A handle to an object was requested.    Subject:  	Security ID:		S-1-5-18  	Account Name:		WIN10$  	Account Domain:		WORKGROUP  	Logon ID:		0x3E7    Object:  	Object Server:		Security  	Object Type:		Process  	Object Name:		\Device\HarddiskVolume2\Windows\System32\lsass.exe  	Handle ID:		0x644  	Resource Attributes:	-    Process Information:  	Process ID:		0xd84  	Process Name:		C:\Windows\System32\wbem\WmiPrvSE.exe    Access Request Information:  	Transaction ID:		{00000000-0000-0000-0000-000000000000}  	Accesses:		Read from process memory  				Query process information  				Undefined Access (no effect) Bit 12  				  	Apì`ü’2021-05-05T23:38:56.121242+02:00 suricata pcap pì`¢’2021-05-05T23:38:56.121255+02:00 suricata pcap <14>May  5 23:36:41 win10 Microsoft-Windows-Security-Auditing[4]: The handle to an object was closed.    Subject :  	Security ID:		S-1-5-18  	Account Name:		WIN10$  	Account Domain:		WORKGROUP  	Logon ID:		0x3E7    Object:  	Object Server:		Security  	Handle ID:		0x3244    Process Information:  	Process ID:		0xd84  	Process Name:		C:\Windows\System32\wbem\WmiPrvSE.exe
2021-05-05T23:38:56.121278+02:00 suricata pcap <14>May  5 23:36:41 win10 Microsoft-Windows-Security-Auditing[4]: A handle to an object was requested.    Subject:  	Security ID:		S-1-5-18  	Account Name:		WIN10$  	Account Domain:		WORKGROUP  	Logon ID:		0x3E7    Object:  	Object Server:		Security  	Object Type:		Process  	Object Name:		\Device\HarddiskVolume2\Windows\System32\lsass.exe  	Handle ID:		0x644  	Resource Attributes:	-    Process Information:  	Process ID:		0xd84  	Process Name:		C:\Windows\System32\wbem\WmiPrvSE.exe    Access Request Information:  	Transaction ID:		{00000000-0000-0000-0000-000000000000}  	Accesses:		Read from process memory  				Query process information  				Undefined Access (no effect) Bit 12  				  	Apì`;◊2021-05-05T23:38:56.122698+02:00 suricata pcap pì`&÷2021-05-05T23:38:56.122736+02:00 suricata pcap <14>May  5 23:36:41 win10 Microsoft-Windows-Security-Auditing[4]: The handle to an object was closed.    Subject :  	Security ID:		S-1-5-18  	Account Name:		WIN10$  	Account Domain:		WORKGROUP  	Logon ID:		0x3E7    Object:  	Object Server:		Security  	Handle ID:		0x3244    Process Information:  	Process ID:		0xd84  	Process Name:		C:\Windows\System32\wbem\WmiPrvSE.exe
2021-05-05T23:38:56.122760+02:00 suricata pcap <14>May  5 23:36:41 win10 Microsoft-Windows-Security-Auditing[4]: A handle to an object was requested.    Subject:  	Security ID:		S-1-5-18  	Account Name:		WIN10$  	Account Domain:		WORKGROUP  	Logon ID:		0x3E7    Object:  	Object Server:		Security  	Object Type:		Process  	Object Name:		\Device\HarddiskVolume2\Windows\System32\lsass.exe  	Handle ID:		0x644  	Resource Attributes:	-    Process Information:  	Process ID:		0xd84  	Process Name:		C:\Windows\System32\wbem\WmiPrvSE.exe    Access Request Information:  	Transaction ID:		{00000000-0000-0000-0000-000000000000}  	Accesses:		Read from process memory  				Query process information  				Undefined Access (no effect) Bit 12  				  	Apì`_÷2021-05-05T23:38:56.122784+02:00 suricata pcap pì`t÷2021-05-05T23:38:56.122824+02:00 suricata pcap pì`®ÿ2021-05-05T23:38:56.122900+02:00 suricata pcap pì`€2021-05-05T23:38:56.123184+02:00 suricata pcap pì`«›2021-05-05T23:38:56.123240+02:00 suricata pcap <14>May  5 23:36:42 win10 Microsoft-Windows-Security-Auditing[4]: An attempt was made to duplicate a handle to an object.    Subject:  	Security ID:		S-1-5-18  	Account Name:		WIN10$  	Account Domain:		WORKGROUP  	Logon ID:		0x3E7    Source Handle Information:  	Source Handle ID:	0x438  	Source Process ID:	0xd84    New Handle Information:  	Target Handle ID:	0x3244  	Target Process ID:	0x4
2021-05-05T23:38:56.123262+02:00 suricata pcap <14>May  5 23:36:42 win10 Microsoft-Windows-Security-Auditing[4]: The handle to an object was closed.    Subject :  	Security ID:		S-1-5-18  	Account Name:		WIN10$  	Account Domain:		WORKGROUP  	Logon ID:		0x3E7    Object:  	Object Server:		Security  	Handle ID:		0x3244    Process Information:  	Process ID:		0xd84  	Process Name:		C:\Windows\System32\wbem\WmiPrvSE.exe
2021-05-05T23:38:56.123286+02:00 suricata pcap <14>May  5 23:36:42 win10 Microsoft-Windows-Security-Auditing[4]: A handle to an object was requested.    Subject:  	Security ID:		S-1-5-18  	Account Name:		WIN10$  	Account Domain:		WORKGROUP  	Logon ID:		0x3E7    Object:  	Object Server:		Security  	Object Type:		Process  	Object Name:		\Device\HarddiskVolume2\Windows\Spì`ﬂ2021-05-05T23:38:56.123300+02:00 suricata pcap pì`ªﬂ2021-05-05T23:38:56.123313+02:00 suricata pcap <14>May  5 23:36:42 win10 Microsoft-Windows-Security-Auditing[4]: An attempt was made to duplicate a handle to an object.    Subject:  	Security ID:		S-1-5-18  	Account Name:		WIN10$  	Account Domain:		WORKGROUP  	Logon ID:		0x3E7    Source Handle Information:  	Source Handle ID:	0x438  	Source Process ID:	0xd84    New Handle Information:  	Target Handle ID:	0x3244  	Target Process ID:	0x4
2021-05-05T23:38:56.123325+02:00 suricata pcap <14>May  5 23:36:42 win10 Microsoft-Windows-Security-Auditing[4]: The handle to an object was closed.    Subject :  	Security ID:		S-1-5-18  	Account Name:		WIN10$  	Account Domain:		WORKGROUP  	Logon ID:		0x3E7    Object:  	Object Server:		Security  	Handle ID:		0x3244    Process Information:  	Process ID:		0xd84  	Process Name:		C:\Windows\System32\wbem\WmiPrvSE.exe
2021-05-05T23:38:56.123851+02:00 suricata pcap <14>May  5 23:36:42 win10 Microsoft-Windows-Security-Auditing[4]: A handle to an object was requested.    Subject:  	Security ID:		S-1-5-18  	Account Name:		WIN10$  	Account Domain:		WORKGROUP  	Logon ID:		0x3E7    Object:  	Object Server:		Security  	Object Type:		Process  	Object Name:		\Device\HarddiskVolume2\Windows\Spì`·ﬂ2021-05-05T23:38:56.123874+02:00 suricata pcap pì`‡2021-05-05T23:38:56.123888+02:00 suricata pcap <14>May  5 23:36:42 win10 Microsoft-Windows-Security-Auditing[4]: An attempt was made to duplicate a handle to an object.    Subject:  	Security ID:		S-1-5-18  	Account Name:		WIN10$  	Account Domain:		WORKGROUP  	Logon ID:		0x3E7    Source Handle Information:  	Source Handle ID:	0x438  	Source Process ID:	0xd84    New Handle Information:  	Target Handle ID:	0x3244  	Target Process ID:	0x4
2021-05-05T23:38:56.123899+02:00 suricata pcap <14>May  5 23:36:42 win10 Microsoft-Windows-Security-Auditing[4]: The handle to an object was closed.    Subject :  	Security ID:		S-1-5-18  	Account Name:		WIN10$  	Account Domain:		WORKGROUP  	Logon ID:		0x3E7    Object:  	Object Server:		Security  	Handle ID:		0x3244    Process Information:  	Process ID:		0xd84  	Process Name:		C:\Windows\System32\wbem\WmiPrvSE.exe
