2021-05-05T23:08:10.907971+02:00 suricata pcap <14>May  5 23:05:57 win10 Microsoft-Windows-Security-Auditing[4]: A handle to an object was requested.    Subject:  	Security ID:		S-1-5-18  	Account Name:		WIN10$  	Account Domain:		WORKGROUP  	Logon ID:		0x3E7    Object:  	Object Server:		Security  	Object Type:		Process  	Object Name:		\Device\HarddiskVolume2\Windows\System32\lsass.exe  	Handle ID:		0x684  	Resource Attributes:	-    Process Information:  	Process ID:		0xd84  	Process Name:		C:\Windows\System32\wbem\WmiPrvSE.exe    Access Request Information:  	Transaction ID:		{00000000-0000-0000-0000-000000000000}  	Accesses:		Read from process memory  				Query process information  				Undefined Access (no effect) Bit 12  				  	A:	ì`3ÿ2021-05-05T23:08:10.907979+02:00 suricata pcap :	ì`ó◊2021-05-05T23:08:10.907997+02:00 suricata pcap :	ì`zÿ2021-05-05T23:08:10.908008+02:00 suricata pcap <14>May  5 23:05:57 win10 Microsoft-Windows-Security-Auditing[4]: The handle to an object was closed.    Subject :  	Security ID:		S-1-5-18  	Account Name:		WIN10$  	Account Domain:		WORKGROUP  	Logon ID:		0x3E7    Object:  	Object Server:		Security  	Handle ID:		0x554    Process Information:  	Process ID:		0xd84  	Process Name:		C:\Windows\System32\wbem\WmiPrvSE.exe
2021-05-05T23:08:10.908030+02:00 suricata pcap :	ì`»◊2021-05-05T23:08:10.908267+02:00 suricata pcap :	ì`íÿ2021-05-05T23:08:10.908283+02:00 suricata pcap <14>May  5 23:05:57 win10 Microsoft-Windows-Security-Auditing[4]: The handle to an object was closed.    Subject :  	Security ID:		S-1-5-18  	Account Name:		WIN10$  	Account Domain:		WORKGROUP  	Logon ID:		0x3E7    Object:  	Object Server:		Security  	Handle ID:		0x554    Process Information:  	Process ID:		0xd84  	Process Name:		C:\Windows\System32\wbem\WmiPrvSE.exe
2021-05-05T23:08:10.908298+02:00 suricata pcap :	ì`ñÿ2021-05-05T23:08:10.908309+02:00 suricata pcap <14>May  5 23:05:57 win10 Microsoft-Windows-Security-Auditing[4]: The handle to an object was closed.    Subject :  	Security ID:		S-1-5-18  	Account Name:		WIN10$  	Account Domain:		WORKGROUP  	Logon ID:		0x3E7    Object:  	Object Server:		Security  	Handle ID:		0x1c68    Process Information:  	Process ID:		0xd84  	Process Name:		C:\Windows\System32\wbem\WmiPrvSE.exe
2021-05-05T23:08:10.908338+02:00 suricata pcap <14>May  5 23:05:57 win10 Microsoft-Windows-Security-Auditing[4]: A handle to an object was requested.    Subject:  	Security ID:		S-1-5-18  	Account Name:		WIN10$  	Account Domain:		WORKGROUP  	Logon ID:		0x3E7    Object:  	Object Server:		Security  	Object Type:		Process  	Object Name:		\Device\HarddiskVolume2\Windows\System32\lsass.exe  	Handle ID:		0x684  	Resource Attributes:	-    Process Information:  	Process ID:		0xd84  	Process Name:		C:\Windows\System32\wbem\WmiPrvSE.exe    Access Request Information:  	Transaction ID:		{00000000-0000-0000-0000-000000000000}  	Accesses:		Read from process memory  				Query process information  				Undefined Access (no effect) Bit 12  				  	A:	ì`"ÿ2021-05-05T23:08:10.908350+02:00 suricata pcap <14>May  5 23:05:57 win10 Microsoft-Windows-Security-Auditing[4]: The handle to an object was closed.    Subject :  	Security ID:		S-1-5-18  	Account Name:		WIN10$  	Account Domain:		WORKGROUP  	Logon ID:		0x3E7    Object:  	Object Server:		Security  	Handle ID:		0x1c68    Process Information:  	Process ID:		0xd84  	Process Name:		C:\Windows\System32\wbem\WmiPrvSE.exe
2021-05-05T23:08:10.908372+02:00 suricata pcap <14>May  5 23:05:57 win10 Microsoft-Windows-Security-Auditing[4]: A handle to an object was requested.    Subject:  	Security ID:		S-1-5-18  	Account Name:		WIN10$  	Account Domain:		WORKGROUP  	Logon ID:		0x3E7    Object:  	Object Server:		Security  	Object Type:		Process  	Object Name:		\Device\HarddiskVolume2\Windows\System32\lsass.exe  	Handle ID:		0x684  	Resource Attributes:	-    Process Information:  	Process ID:		0xd84  	Process Name:		C:\Windows\System32\wbem\WmiPrvSE.exe    Access Request Information:  	Transaction ID:		{00000000-0000-0000-0000-000000000000}  	Accesses:		Read from process memory  				Query process information  				Undefined Access (no effect) Bit 12  				  	A:	ì`¢ÿ2021-05-05T23:08:10.908771+02:00 suricata pcap :	ì`%ÿ2021-05-05T23:08:10.908797+02:00 suricata pcap :	ì`Ÿ2021-05-05T23:08:10.908809+02:00 suricata pcap <14>May  5 23:05:57 win10 Microsoft-Windows-Security-Auditing[4]: The handle to an object was closed.    Subject :  	Security ID:		S-1-5-18  	Account Name:		WIN10$  	Account Domain:		WORKGROUP  	Logon ID:		0x3E7    Object:  	Object Server:		Security  	Handle ID:		0x684    Process Information:  	Process ID:		0xd84  	Process Name:		C:\Windows\System32\wbem\WmiPrvSE.exe
2021-05-05T23:08:10.908822+02:00 suricata pcap <14>May  5 23:05:57 win10 Microsoft-Windows-Security-Auditing[4]: An attempt was made to duplicate a handle to an object.    Subject:  	Security ID:		S-1-5-18  	Account Name:		WIN10$  	Account Domain:		WORKGROUP  	Logon ID:		0x3E7    Source Handle Information:  	Source Handle ID:	0x460  	Source Process ID:	0xd84    New Handle Information:  	Target Handle ID:	0x2418  	Target Process ID:	0x4
2021-05-05T23:08:10.908842+02:00 suricata pcap <14>May  5 23:05:57 win10 Microsoft-Windows-Security-Auditing[4]: The handle to an object was closed.    Sub:	ì`Ÿ2021-05-05T23:08:10.908853+02:00 suricata pcap <14>May  5 23:05:57 win10 Microsoft-Windows-Security-Auditing[4]: The handle to an object was closed.    Subject :  	Security ID:		S-1-5-18  	Account Name:		WIN10$  	Account Domain:		WORKGROUP  	Logon ID:		0x3E7    Object:  	Object Server:		Security  	Handle ID:		0x684    Process Information:  	Process ID:		0xd84  	Process Name:		C:\Windows\System32\wbem\WmiPrvSE.exe
2021-05-05T23:08:10.908865+02:00 suricata pcap <14>May  5 23:05:57 win10 Microsoft-Windows-Security-Auditing[4]: An attempt was made to duplicate a handle to an object.    Subject:  	Security ID:		S-1-5-18  	Account Name:		WIN10$  	Account Domain:		WORKGROUP  	Logon ID:		0x3E7    Source Handle Information:  	Source Handle ID:	0x460  	Source Process ID:	0xd84    New Handle Information:  	Target Handle ID:	0x2418  	Target Process ID:	0x4
2021-05-05T23:08:10.908878+02:00 suricata pcap <14>May  5 23:05:57 win10 Microsoft-Windows-Security-Auditing[4]: The handle to an object was closed.    Sub:	ì`-ÿ2021-05-05T23:08:10.908889+02:00 suricata pcap :	ì`SŸ2021-05-05T23:08:10.909373+02:00 suricata pcap :	ì`åÿ2021-05-05T23:08:10.909389+02:00 suricata pcap <14>May  5 23:05:57 win10 Microsoft-Windows-Security-Auditing[4]: The handle to an object was closed.    Subject :  	Security ID:		S-1-5-18  	Account Name:		WIN10$  	Account Domain:		WORKGROUP  	Logon ID:		0x3E7    Object:  	Object Server:		Security  	Handle ID:		0x684    Process Information:  	Process ID:		0xd84  	Process Name:		C:\Windows\System32\wbem\WmiPrvSE.exe
2021-05-05T23:08:10.909401+02:00 suricata pcap <14>May  5 23:05:57 win10 Microsoft-Windows-Security-Auditing[4]: An attempt was made to duplicate a handle to an object.    Subject:  	Security ID:		S-1-5-18  	Account Name:		WIN10$  	Account Domain:		WORKGROUP  	Logon ID:		0x3E7    Source Handle Information:  	Source Handle ID:	0x460  	Source Process ID:	0xd84    New Handle Information:  	Target Handle ID:	0x2418  	Target Process ID:	0x4
2021-05-05T23:08:10.909427+02:00 suricata pcap <14>May  5 23:05:57 win10 Microsoft-Windows-Security-Auditing[4]: The handle to an object was closed.    Sub:	ì`j⁄2021-05-05T23:08:10.909438+02:00 suricata pcap :	ì`≠ÿ2021-05-05T23:08:10.909455+02:00 suricata pcap :	ì`|⁄2021-05-05T23:08:10.909473+02:00 suricata pcap :	ì`Àÿ2021-05-05T23:08:10.909835+02:00 suricata pcap <14>May  5 23:05:57 win10 Microsoft-Windows-Security-Auditing[4]: An attempt was made to duplicate a handle to an object.    Subject:  	Security ID:		S-1-5-18  	Account Name:		WIN10$  	Account Domain:		WORKGROUP  	Logon ID:		0x3E7    Source Handle Information:  	Source Handle ID:	0x5d8  	Source Process ID:	0xd84    New Handle Information:  	Target Handle ID:	0x1c68  	Target Process ID:	0x4
2021-05-05T23:08:10.909851+02:00 suricata pcap <14>May  5 23:05:57 win10 Microsoft-Windows-Security-Auditing[4]: The handle to an object was closed.    Subject :  	Security ID:		S-1-5-18  	Account Name:		WIN10$  	Account Domain:		WORKGROUP  	Logon ID:		0x3E7    Object:  	Object Server:		Security  	Handle ID:		0x1c68    Process Information:  	Process ID:		0xd84  	Process Name:		C:\Windows\System32\wbem\WmiPrvSE.exe
2021-05-05T23:08:10.909877+02:00 suricata pcap <14>May  5 23:05:57 win10 Microsoft-Windows-Security-Auditing[4]: A handle to an object was requested.    Subject:  	Security ID:		S-1-5-18  	Account Name:		WIN10$  	Account Domain:		WORKGROUP  	Logon ID:		0x3E7    Object:  	Object Server:		Security  	Object Type:		Process  	Object Name:		\Device\HarddiskVolume2\Windows\S:	ì`)Ÿ2021-05-05T23:08:10.909903+02:00 suricata pcap :	ì`zŸ2021-05-05T23:08:10.909921+02:00 suricata pcap :	ì`3‡2021-05-05T23:08:10.909939+02:00 suricata pcap :	ì`ÈŸ2021-05-05T23:08:10.910116+02:00 suricata pcap :	ì`⁄2021-05-05T23:08:10.910137+02:00 suricata pcap :	ì`+⁄2021-05-05T23:08:10.910152+02:00 suricata pcap :	ì`;›2021-05-05T23:08:10.910164+02:00 suricata pcap <14>May  5 23:05:57 win10 Microsoft-Windows-Security-Auditing[4]: An attempt was made to duplicate a handle to an object.    Subject:  	Security ID:		S-1-5-18  	Account Name:		WIN10$  	Account Domain:		WORKGROUP  	Logon ID:		0x3E7    Source Handle Information:  	Source Handle ID:	0x5d8  	Source Process ID:	0xd84    New Handle Information:  	Target Handle ID:	0x1c68  	Target Process ID:	0x4
2021-05-05T23:08:10.910175+02:00 suricata pcap <14>May  5 23:05:57 win10 Microsoft-Windows-Security-Auditing[4]: The handle to an object was closed.    Subject :  	Security ID:		S-1-5-18  	Account Name:		WIN10$  	Account Domain:		WORKGROUP  	Logon ID:		0x3E7    Object:  	Object Server:		Security  	Handle ID:		0x1c68    Process Information:  	Process ID:		0xd84  	Process Name:		C:\Windows\System32\wbem\WmiPrvSE.exe
2021-05-05T23:08:10.910198+02:00 suricata pcap <14>May  5 23:05:57 win10 Microsoft-Windows-Security-Auditing[4]: A handle to an object was requested.    Subject:  	Security ID:		S-1-5-18  	Account Name:		WIN10$  	Account Domain:		WORKGROUP  	Logon ID:		0x3E7    Object:  	Object Server:		Security  	Object Type:		Process  	Object Name:		\Device\HarddiskVolume2\Windows\S:	ì`ì›2021-05-05T23:08:10.910213+02:00 suricata pcap :	ì`Œ›2021-05-05T23:08:10.913843+02:00 suricata pcap <14>May  5 23:05:57 win10 Microsoft-Windows-Security-Auditing[4]: An attempt was made to duplicate a handle to an object.    Subject:  	Security ID:		S-1-5-18  	Account Name:		WIN10$  	Account Domain:		WORKGROUP  	Logon ID:		0x3E7    Source Handle Information:  	Source Handle ID:	0x5d8  	Source Process ID:	0xd84    New Handle Information:  	Target Handle ID:	0x1c68  	Target Process ID:	0x4
2021-05-05T23:08:10.913857+02:00 suricata pcap <14>May  5 23:05:57 win10 Microsoft-Windows-Security-Auditing[4]: The handle to an object was closed.    Subject :  	Security ID:		S-1-5-18  	Account Name:		WIN10$  	Account Domain:		WORKGROUP  	Logon ID:		0x3E7    Object:  	Object Server:		Security  	Handle ID:		0x1c68    Process Information:  	Process ID:		0xd84  	Process Name:		C:\Windows\System32\wbem\WmiPrvSE.exe
2021-05-05T23:08:10.913875+02:00 suricata pcap <14>May  5 23:05:57 win10 Microsoft-Windows-Security-Auditing[4]: A handle to an object was requested.    Subject:  	Security ID:		S-1-5-18  	Account Name:		WIN10$  	Account Domain:		WORKGROUP  	Logon ID:		0x3E7    Object:  	Object Server:		Security  	Object Type:		Process  	Object Name:		\Device\HarddiskVolume2\Windows\S:	ì`*ﬁ2021-05-05T23:08:10.913891+02:00 suricata pcap :	ì`—ﬁ2021-05-05T23:08:10.913905+02:00 suricata pcap :	ì`Ôﬂ2021-05-05T23:08:10.913919+02:00 suricata pcap :	ì`}Ô2021-05-05T23:08:10.913929+02:00 suricata pcap :	ì`/Ò2021-05-05T23:08:11.901539+02:00 suricata pcap :	ì`dÒ2021-05-05T23:08:11.901586+02:00 suricata pcap :	ì`Ú2021-05-05T23:08:11.901594+02:00 suricata pcap 2021-05-05T23:08:11.901599+02:00 suricata pcap 2021-05-05T23:08:11.901605+02:00 suricata pcap 2021-05-05T23:08:11.901611+02:00 suricata pcap ¿®ã2021-05-05T23:08:11.901625+02:00 suricata pcap 2021-05-05T23:08:11.901631+02:00 suricata pcap ;	ì``Ω2021-05-05T23:08:11.901645+02:00 suricata pcap 2021-05-05T23:08:11.901659+02:00 suricata pcap ;	ì`ËΩ2021-05-05T23:08:11.901682+02:00 suricata pcap <14>May  5 23:05:58 win10 Microsoft-Windows-Security-Auditing[4]: A handle to an object was requested.    Subject:  	Security ID:		S-1-5-18  	Account Name:		WIN10$  	Account Domain:		WORKGROUP  	Logon ID:		0x3E7    Object:  	Object Server:		Security  	Object Type:		Process  	Object Name:		\Device\HarddiskVolume2\Windows\System32\lsass.exe  	Handle ID:		0x6c4  	Resource Attributes:	-    Process Information:  	Process ID:		0xd84  	Process Name:		C:\Windows\System32\wbem\WmiPrvSE.exe    Access Request Information:  	Transaction ID:		{00000000-0000-0000-0000-000000000000}  	Accesses:		Read from process memory  				Query process information  				Undefined Access (no effect) Bit 12  				  	Access Reasons:		-  	Access Mask:		0x1410  	Privileges Used for Access Check:	-  	Restricted SID Count:	0
2021-05-05T23:08:11.901695+02:00 suricata pcap <14>May  5 23:05:58 win10 Microsoft-Windows-Security-Auditing[4]: An attempt was made to access an object.    Subject:  	Security ID:		S-1-5-18  	Account Name:		WIN10$  	Account Domain:		WORKGROUP  	Logon ID:		0x3E7    Object:  	Object Server:		Security  	Object Type:		Process  	Object N;	ì`ÙΩ2021-05-05T23:08:11.901709+02:00 suricata pcap 2021-05-05T23:08:11.901905+02:00 suricata pcap ;	ì`Ìæ2021-05-05T23:08:11.902148+02:00 suricata pcap ;	ì`¡2021-05-05T23:08:11.902179+02:00 suricata pcap <14>May  5 23:05:58 win10 Microsoft-Windows-Security-Auditing[4]: A handle to an object was requested.    Subject:  	Security ID:		S-1-5-18  	Account Name:		WIN10$  	Account Domain:		WORKGROUP  	Logon ID:		0x3E7    Object:  	Object Server:		Security  	Object Type:		Process  	Object Name:		\Device\HarddiskVolume2\Windows\System32\lsass.exe  	Handle ID:		0x6c4  	Resource Attributes:	-    Process Information:  	Process ID:		0xd84  	Process Name:		C:\Windows\System32\wbem\WmiPrvSE.exe    Access Request Information:  	Transaction ID:		{00000000-0000-0000-0000-000000000000}  	Accesses:		Read from process memory  				Query process information  				Undefined Access (no effect) Bit 12  				  	Access Reasons:		-  	Access Mask:		0x1410  	Privileges Used for Access Check:	-  	Restricted SID Count:	0
2021-05-05T23:08:11.902200+02:00 suricata pcap <14>May  5 23:05:58 win10 Microsoft-Windows-Security-Auditing[4]: An attempt was made to access an object.    Subject:  	Security ID:		S-1-5-18  	Account Name:		WIN10$  	Account Domain:		WORKGROUP  	Logon ID:		0x3E7    Object:  	Object Server:		Security  	Object Type:		Process  	Object N;	ì`»¿2021-05-05T23:08:11.902222+02:00 suricata pcap <14>May  5 23:05:58 win10 Microsoft-Windows-Security-Auditing[4]: A handle to an object was requested.    Subject:  	Security ID:		S-1-5-18  	Account Name:		WIN10$  	Account Domain:		WORKGROUP  	Logon ID:		0x3E7    Object:  	Object Server:		Security  	Object Type:		Process  	Object Name:		\Device\HarddiskVolume2\Windows\System32\lsass.exe  	Handle ID:		0x6c4  	Resource Attributes:	-    Process Information:  	Process ID:		0xd84  	Process Name:		C:\Windows\System32\wbem\WmiPrvSE.exe    Access Request Information:  	Transaction ID:		{00000000-0000-0000-0000-000000000000}  	Accesses:		Read from process memory  				Query process information  				Undefined Access (no effect) Bit 12  				  	Access Reasons:		-  	Access Mask:		0x1410  	Privileges Used for Access Check:	-  	Restricted SID Count:	0
2021-05-05T23:08:11.902241+02:00 suricata pcap <14>May  5 23:05:58 win10 Microsoft-Windows-Security-Auditing[4]: An attempt was made to access an object.    Subject:  	Security ID:		S-1-5-18  	Account Name:		WIN10$  	Account Domain:		WORKGROUP  	Logon ID:		0x3E7    Object:  	Object Server:		Security  	Object Type:		Process  	Object N;	ì`X¡2021-05-05T23:08:11.902248+02:00 suricata pcap ;	ì`˜¿2021-05-05T23:08:11.902518+02:00 suricata pcap ›2021-05-05T23:08:11.902528+02:00 suricata pcap ;	ì`~¡2021-05-05T23:08:11.902543+02:00 suricata pcap ›2021-05-05T23:08:11.902556+02:00 suricata pcap <14>May  5 23:05:58 win10 Microsoft-Windows-Security-Auditing[4]: An attempt was made to duplicate a handle to an object.    Subject:  	Security ID:		S-1-5-18  	Account Name:		WIN10$  	Account Domain:		WORKGROUP  	Logon ID:		0x3E7    Source Handle Information:  	Source Handle ID:	0x6c4  	Source Process ID:	0xd84    New Handle Information:  	Target Handle ID:	0x2418  	Target Process ID:	0x4
2021-05-05T23:08:11.902568+02:00 suricata pcap <14>May  5 23:05:58 win10 Microsoft-Windows-Security-Auditing[4]: The handle to an object was closed.    Subject :  	Security ID:		S-1-5-18  	Account Name:		WIN10$  	Account Domain:		WORKGROUP  	Logon ID:		0x3E7    Object:  	Object Server:		Security  	Handle ID:		0x2418    Process Information:  	Process ID:		0xd84  	Process Name:		C:\Windows\System32\wbem\WmiPrvSE.exe
2021-05-05T23:08:11.902591+02:00 suricata pcap ;	ì`-ƒ2021-05-05T23:08:11.902608+02:00 suricata pcap <14>May  5 23:05:58 win10 Microsoft-Windows-Security-Auditing[4]: An attempt was made to access an object.    Subject:  	Security ID:		S-1-5-18  	Account Name:		WIN10$  	Account Domain:		WORKGROUP  	Logon ID:		0x3E7    Object:  	Object Server:		Security  	Object Type:		Process  	Object Name:		\Device\HarddiskVolume2\Windows\System32\lsass.exe  	Handle ID:		0x6c4  	Resource Attributes:	-    Process Information:  	Process ID:		0xd84  	Process Name:		C:\Windows\System32\wbem\WmiPrvSE.exe    Access Request Information:  	Accesses:		Read from process memory  				  	Access Mask:		0x10
2021-05-05T23:08:11.902621+02:00 suricata pcap <14>May  5 23:05:58 win10 Microsoft-Windows-Security-Auditing[4]: The han;	ì`4ƒ2021-05-05T23:08:11.902636+02:00 suricata pcap ;	ì`óƒ2021-05-05T23:08:11.902786+02:00 suricata pcap <14>May  5 23:05:58 win10 Microsoft-Windows-Security-Auditing[4]: An attempt was made to duplicate a handle to an object.    Subject:  	Security ID:		S-1-5-18  	Account Name:		WIN10$  	Account Domain:		WORKGROUP  	Logon ID:		0x3E7    Source Handle Information:  	Source Handle ID:	0x6c4  	Source Process ID:	0xd84    New Handle Information:  	Target Handle ID:	0x2418  	Target Process ID:	0x4
2021-05-05T23:08:11.902801+02:00 suricata pcap <14>May  5 23:05:58 win10 Microsoft-Windows-Security-Auditing[4]: The handle to an object was closed.    Subject :  	Security ID:		S-1-5-18  	Account Name:		WIN10$  	Account Domain:		WORKGROUP  	Logon ID:		0x3E7    Object:  	Object Server:		Security  	Handle ID:		0x2418    Process Information:  	Process ID:		0xd84  	Process Name:		C:\Windows\System32\wbem\WmiPrvSE.exe
2021-05-05T23:08:11.902806+02:00 suricata pcap ;	ì`7ƒ2021-05-05T23:08:11.902820+02:00 suricata pcap ›2021-05-05T23:08:11.902832+02:00 suricata pcap <14>May  5 23:05:58 win10 Microsoft-Windows-Security-Auditing[4]: An attempt was made to duplicate a handle to an object.    Subject:  	Security ID:		S-1-5-18  	Account Name:		WIN10$  	Account Domain:		WORKGROUP  	Logon ID:		0x3E7    Source Handle Information:  	Source Handle ID:	0x6c4  	Source Process ID:	0xd84    New Handle Information:  	Target Handle ID:	0x2418  	Target Process ID:	0x4
2021-05-05T23:08:11.902843+02:00 suricata pcap <14>May  5 23:05:58 win10 Microsoft-Windows-Security-Auditing[4]: The handle to an object was closed.    Subject :  	Security ID:		S-1-5-18  	Account Name:		WIN10$  	Account Domain:		WORKGROUP  	Logon ID:		0x3E7    Object:  	Object Server:		Security  	Handle ID:		0x2418    Process Information:  	Process ID:		0xd84  	Process Name:		C:\Windows\System32\wbem\WmiPrvSE.exe
2021-05-05T23:08:11.902866+02:00 suricata pcap ;	ì`ó≈2021-05-05T23:08:11.902882+02:00 suricata pcap <14>May  5 23:05:58 win10 Microsoft-Windows-Security-Auditing[4]: An attempt was made to access an object.    Subject:  	Security ID:		S-1-5-18  	Account Name:		WIN10$  	Account Domain:		WORKGROUP  	Logon ID:		0x3E7    Object:  	Object Server:		Security  	Object Type:		Process  	Object Name:		\Device\HarddiskVolume2\Windows\System32\lsass.exe  	Handle ID:		0x6c4  	Resource Attributes:	-    Process Information:  	Process ID:		0xd84  	Process Name:		C:\Windows\System32\wbem\WmiPrvSE.exe    Access Request Information:  	Accesses:		Read from process memory  				  	Access Mask:		0x10
2021-05-05T23:08:11.903910+02:00 suricata pcap <14>May  5 23:05:58 win10 Microsoft-Windows-Security-Auditing[4]: The han;	ì`Uƒ2021-05-05T23:08:11.903931+02:00 suricata pcap <14>May  5 23:05:58 win10 Microsoft-Windows-Security-Auditing[4]: An attempt was made to access an object.    Subject:  	Security ID:		S-1-5-18  	Account Name:		WIN10$  	Account Domain:		WORKGROUP  	Logon ID:		0x3E7    Object:  	Object Server:		Security  	Object Type:		Process  	Object Name:		\Device\HarddiskVolume2\Windows\System32\lsass.exe  	Handle ID:		0x6c4  	Resource Attributes:	-    Process Information:  	Process ID:		0xd84  	Process Name:		C:\Windows\System32\wbem\WmiPrvSE.exe    Access Request Information:  	Accesses:		Read from process memory  				  	Access Mask:		0x10
2021-05-05T23:08:11.903945+02:00 suricata pcap <14>May  5 23:05:58 win10 Microsoft-Windows-Security-Auditing[4]: The han;	ì`ü≈2021-05-05T23:08:11.903956+02:00 suricata pcap ;	ì`nƒ2021-05-05T23:08:11.903984+02:00 suricata pcap ;	ì`…≈2021-05-05T23:08:11.903996+02:00 suricata pcap <14>May  5 23:05:58 win10 Microsoft-Windows-Security-Auditing[4]: The handle to an object was closed.    Subject :  	Security ID:		S-1-5-18  	Account Name:		WIN10$  	Account Domain:		WORKGROUP  	Logon ID:		0x3E7    Object:  	Object Server:		Security  	Handle ID:		0x2418    Process Information:  	Process ID:		0xd84  	Process Name:		C:\Windows\System32\wbem\WmiPrvSE.exe
2021-05-05T23:08:11.904025+02:00 suricata pcap <14>May  5 23:05:58 win10 Microsoft-Windows-Security-Auditing[4]: A handle to an object was requested.    Subject:  	Security ID:		S-1-5-18  	Account Name:		WIN10$  	Account Domain:		WORKGROUP  	Logon ID:		0x3E7    Object:  	Object Server:		Security  	Object Type:		Process  	Object Name:		\Device\HarddiskVolume2\Windows\System32\lsass.exe  	Handle ID:		0x6c4  	Resource Attributes:	-    Process Information:  	Process ID:		0xd84  	Process Name:		C:\Windows\System32\wbem\WmiPrvSE.exe    Access Request Information:  	Transaction ID:		{00000000-0000-0000-0000-000000000000}  	Accesses:		Read from process memory  				Query process information  				Undefined Access (no effect) Bit 12  				  	A;	ì`v»2021-05-05T23:08:11.904780+02:00 suricata pcap <14>May  5 23:05:58 win10 Microsoft-Windows-Security-Auditing[4]: The handle to an object was closed.    Subject :  	Security ID:		S-1-5-18  	Account Name:		WIN10$  	Account Domain:		WORKGROUP  	Logon ID:		0x3E7    Object:  	Object Server:		Security  	Handle ID:		0x2418    Process Information:  	Process ID:		0xd84  	Process Name:		C:\Windows\System32\wbem\WmiPrvSE.exe
2021-05-05T23:08:11.904809+02:00 suricata pcap <14>May  5 23:05:58 win10 Microsoft-Windows-Security-Auditing[4]: A handle to an object was requested.    Subject:  	Security ID:		S-1-5-18  	Account Name:		WIN10$  	Account Domain:		WORKGROUP  	Logon ID:		0x3E7    Object:  	Object Server:		Security  	Object Type:		Process  	Object Name:		\Device\HarddiskVolume2\Windows\System32\lsass.exe  	Handle ID:		0x6c4  	Resource Attributes:	-    Process Information:  	Process ID:		0xd84  	Process Name:		C:\Windows\System32\wbem\WmiPrvSE.exe    Access Request Information:  	Transaction ID:		{00000000-0000-0000-0000-000000000000}  	Accesses:		Read from process memory  				Query process information  				Undefined Access (no effect) Bit 12  				  	A;	ì`†«2021-05-05T23:08:11.904819+02:00 suricata pcap ;	ì`õ»2021-05-05T23:08:11.904840+02:00 suricata pcap ;	ì`„«2021-05-05T23:08:11.904858+02:00 suricata pcap ;	ì`»2021-05-05T23:08:11.904869+02:00 suricata pcap <14>May  5 23:05:58 win10 Microsoft-Windows-Security-Auditing[4]: The handle to an object was closed.    Subject :  	Security ID:		S-1-5-18  	Account Name:		WIN10$  	Account Domain:		WORKGROUP  	Logon ID:		0x3E7    Object:  	Object Server:		Security  	Handle ID:		0x2418    Process Information:  	Process ID:		0xd84  	Process Name:		C:\Windows\System32\wbem\WmiPrvSE.exe
2021-05-05T23:08:11.905884+02:00 suricata pcap <14>May  5 23:05:58 win10 Microsoft-Windows-Security-Auditing[4]: A handle to an object was requested.    Subject:  	Security ID:		S-1-5-18  	Account Name:		WIN10$  	Account Domain:		WORKGROUP  	Logon ID:		0x3E7    Object:  	Object Server:		Security  	Object Type:		Process  	Object Name:		\Device\HarddiskVolume2\Windows\System32\lsass.exe  	Handle ID:		0x6c4  	Resource Attributes:	-    Process Information:  	Process ID:		0xd84  	Process Name:		C:\Windows\System32\wbem\WmiPrvSE.exe    Access Request Information:  	Transaction ID:		{00000000-0000-0000-0000-000000000000}  	Accesses:		Read from process memory  				Query process information  				Undefined Access (no effect) Bit 12  				  	A;	ì`- 2021-05-05T23:08:11.905899+02:00 suricata pcap ;	ì`<»2021-05-05T23:08:11.905919+02:00 suricata pcap ;	ì`1 2021-05-05T23:08:11.905940+02:00 suricata pcap ;	ì`A 2021-05-05T23:08:11.905954+02:00 suricata pcap ;	ì`XÀ2021-05-05T23:08:11.905972+02:00 suricata pcap ;	ì`∆»2021-05-05T23:08:11.906712+02:00 suricata pcap ;	ì`…2021-05-05T23:08:11.906734+02:00 suricata pcap <14>May  5 23:05:58 win10 Microsoft-Windows-Security-Auditing[4]: An attempt was made to access an object.    Subject:  	Security ID:		S-1-5-18  	Account Name:		WIN10$  	Account Domain:		WORKGROUP  	Logon ID:		0x3E7    Object:  	Object Server:		Security  	Object Type:		Process  	Object Name:		\Device\HarddiskVolume2\Windows\System32\lsass.exe  	Handle ID:		0x684  	Resource Attributes:	-    Process Information:  	Process ID:		0xd84  	Process Name:		C:\Windows\System32\wbem\WmiPrvSE.exe    Access Request Information:  	Accesses:		Read from process memory  				  	Access Mask:		0x10
2021-05-05T23:08:11.906748+02:00 suricata pcap ;	ì`π…2021-05-05T23:08:11.906763+02:00 suricata pcap ;	ì`œ2021-05-05T23:08:11.906777+02:00 suricata pcap ;	ì`ö–2021-05-05T23:08:11.906789+02:00 suricata pcap <14>May  5 23:05:58 win10 Microsoft-Windows-Security-Auditing[4]: An attempt was made to duplicate a handle to an object.    Subject:  	Security ID:		S-1-5-18  	Account Name:		WIN10$  	Account Domain:		WORKGROUP  	Logon ID:		0x3E7    Source Handle Information:  	Source Handle ID:	0x684  	Source Process ID:	0xd84    New Handle Information:  	Target Handle ID:	0x36a8  	Target Process ID:	0x4
2021-05-05T23:08:11.906808+02:00 suricata pcap ;	ì`O 2021-05-05T23:08:11.906824+02:00 suricata pcap ;	ì`s 2021-05-05T23:08:11.907110+02:00 suricata pcap ;	ì`y“2021-05-05T23:08:11.907131+02:00 suricata pcap <14>May  5 23:05:58 win10 Microsoft-Windows-Security-Auditing[4]: An attempt was made to access an object.    Subject:  	Security ID:		S-1-5-18  	Account Name:		WIN10$  	Account Domain:		WORKGROUP  	Logon ID:		0x3E7    Object:  	Object Server:		Security  	Object Type:		Process  	Object Name:		\Device\HarddiskVolume2\Windows\System32\lsass.exe  	Handle ID:		0x684  	Resource Attributes:	-    Process Information:  	Process ID:		0xd84  	Process Name:		C:\Windows\System32\wbem\WmiPrvSE.exe    Access Request Information:  	Accesses:		Read from process memory  				  	Access Mask:		0x10
2021-05-05T23:08:11.907145+02:00 suricata pcap ;	ì`+À2021-05-05T23:08:11.907163+02:00 suricata pcap ;	ì`‡‘2021-05-05T23:08:11.907177+02:00 suricata pcap ;	ì`˘Ã2021-05-05T23:08:11.907204+02:00 suricata pcap ;	ì`ÇÕ2021-05-05T23:08:11.907379+02:00 suricata pcap <14>May  5 23:05:58 win10 Microsoft-Windows-Security-Auditing[4]: An attempt was made to access an object.    Subject:  	Security ID:		S-1-5-18  	Account Name:		WIN10$  	Account Domain:		WORKGROUP  	Logon ID:		0x3E7    Object:  	Object Server:		Security  	Object Type:		Process  	Object Name:		\Device\HarddiskVolume2\Windows\System32\lsass.exe  	Handle ID:		0x684  	Resource Attributes:	-    Process Information:  	Process ID:		0xd84  	Process Name:		C:\Windows\System32\wbem\WmiPrvSE.exe    Access Request Information:  	Accesses:		Read from process memory  				  	Access Mask:		0x10
2021-05-05T23:08:11.907406+02:00 suricata pcap ;	ì`≈Œ2021-05-05T23:08:11.907422+02:00 suricata pcap <14>May  5 23:05:58 win10 Microsoft-Windows-Security-Auditing[4]: An attempt was made to access an object.    Subject:  	Security ID:		S-1-5-18  	Account Name:		WIN10$  	Account Domain:		WORKGROUP  	Logon ID:		0x3E7    Object:  	Object Server:		Security  	Object Type:		Process  	Object Name:		\Device\HarddiskVolume2\Windows\System32\lsass.exe  	Handle ID:		0x684  	Resource Attributes:	-    Process Information:  	Process ID:		0xd84  	Process Name:		C:\Windows\System32\wbem\WmiPrvSE.exe    Access Request Information:  	Accesses:		Read from process memory  				  	Access Mask:		0x10
2021-05-05T23:08:11.907439+02:00 suricata pcap ;	ì`4œ2021-05-05T23:08:11.907451+02:00 suricata pcap <14>May  5 23:05:58 win10 Microsoft-Windows-Security-Auditing[4]: An attempt was made to duplicate a handle to an object.    Subject:  	Security ID:		S-1-5-18  	Account Name:		WIN10$  	Account Domain:		WORKGROUP  	Logon ID:		0x3E7    Source Handle Information:  	Source Handle ID:	0x684  	Source Process ID:	0xd84    New Handle Information:  	Target Handle ID:	0x36a8  	Target Process ID:	0x4
2021-05-05T23:08:11.907464+02:00 suricata pcap ;	ì`Y–2021-05-05T23:08:11.907477+02:00 suricata pcap <14>May  5 23:05:58 win10 Microsoft-Windows-Security-Auditing[4]: An attempt was made to duplicate a handle to an object.    Subject:  	Security ID:		S-1-5-18  	Account Name:		WIN10$  	Account Domain:		WORKGROUP  	Logon ID:		0x3E7    Source Handle Information:  	Source Handle ID:	0x684  	Source Process ID:	0xd84    New Handle Information:  	Target Handle ID:	0x36a8  	Target Process ID:	0x4
2021-05-05T23:08:11.907586+02:00 suricata pcap ;	ì`ˆ–2021-05-05T23:08:11.907602+02:00 suricata pcap ;	ì`“2021-05-05T23:08:11.907702+02:00 suricata pcap ;	ì`•“2021-05-05T23:08:11.907721+02:00 suricata pcap <14>May  5 23:05:58 win10 Microsoft-Windows-Security-Auditing[4]: An attempt was made to access an object.    Subject:  	Security ID:		S-1-5-18  	Account Name:		WIN10$  	Account Domain:		WORKGROUP  	Logon ID:		0x3E7    Object:  	Object Server:		Security  	Object Type:		Process  	Object Name:		\Device\HarddiskVolume2\Windows\System32\lsass.exe  	Handle ID:		0x684  	Resource Attributes:	-    Process Information:  	Process ID:		0xd84  	Process Name:		C:\Windows\System32\wbem\WmiPrvSE.exe    Access Request Information:  	Accesses:		Read from process memory  				  	Access Mask:		0x10
2021-05-05T23:08:11.907743+02:00 suricata pcap ;	ì`y‘2021-05-05T23:08:11.907760+02:00 suricata pcap <14>May  5 23:05:58 win10 Microsoft-Windows-Security-Auditing[4]: An attempt was made to access an object.    Subject:  	Security ID:		S-1-5-18  	Account Name:		WIN10$  	Account Domain:		WORKGROUP  	Logon ID:		0x3E7    Object:  	Object Server:		Security  	Object Type:		Process  	Object Name:		\Device\HarddiskVolume2\Windows\System32\lsass.exe  	Handle ID:		0x684  	Resource Attributes:	-    Process Information:  	Process ID:		0xd84  	Process Name:		C:\Windows\System32\wbem\WmiPrvSE.exe    Access Request Information:  	Accesses:		Read from process memory  				  	Access Mask:		0x10
2021-05-05T23:08:11.907890+02:00 suricata pcap ;	ì`’2021-05-05T23:08:11.907906+02:00 suricata pcap <14>May  5 23:05:58 win10 Microsoft-Windows-Security-Auditing[4]: An attempt was made to duplicate a handle to an object.    Subject:  	Security ID:		S-1-5-18  	Account Name:		WIN10$  	Account Domain:		WORKGROUP  	Logon ID:		0x3E7    Source Handle Information:  	Source Handle ID:	0x554  	Source Process ID:	0xd84    New Handle Information:  	Target Handle ID:	0x1c68  	Target Process ID:	0x4
2021-05-05T23:08:11.907919+02:00 suricata pcap ;	ì`»ÿ2021-05-05T23:08:11.907940+02:00 suricata pcap <14>May  5 23:05:58 win10 Microsoft-Windows-Security-Auditing[4]: A handle to an object was requested.    Subject:  	Security ID:		S-1-5-18  	Account Name:		WIN10$  	Account Domain:		WORKGROUP  	Logon ID:		0x3E7    Object:  	Object Server:		Security  	Object Type:		Process  	Object Name:		\Device\HarddiskVolume2\Windows\System32\lsass.exe  	Handle ID:		0x554  	Resource Attributes:	-    Process Information:  	Process ID:		0xd84  	Process Name:		C:\Windows\System32\wbem\WmiPrvSE.exe    Access Request Information:  	Transaction ID:		{00000000-0000-0000-0000-000000000000}  	Accesses:		Read from process memory  				Query process information  				Undefined Access (no effect) Bit 12  				  	Access Reasons:		-  	Access Mask:		0x1410  	Privileges Used for Access Check:	-  	Restricted SID Count:	0
2021-05-05T23:08:11.907982+02:00 suricata pcap <14>May  5 23:05:58 win10 Microsoft-Windows-Security-Auditing[4]: An attempt was made to access an object.    Subject:  	Security ID:		S-1-5-18  	Account Name:		WIN10$  	Account Domain:		WORKGROUP  	Logon ID:		0x3E7    Object:  	Object Server:		Security  	Object Type:		Process  	Object N;	ì`iŸ2021-05-05T23:08:11.908010+02:00 suricata pcap ;	ì`‚Ÿ2021-05-05T23:08:11.908024+02:00 suricata pcap <14>May  5 23:05:58 win10 Microsoft-Windows-Security-Auditing[4]: An attempt was made to duplicate a handle to an object.    Subject:  	Security ID:		S-1-5-18  	Account Name:		WIN10$  	Account Domain:		WORKGROUP  	Logon ID:		0x3E7    Source Handle Information:  	Source Handle ID:	0x554  	Source Process ID:	0xd84    New Handle Information:  	Target Handle ID:	0x1c68  	Target Process ID:	0x4
2021-05-05T23:08:11.908037+02:00 suricata pcap ;	ì`⁄2021-05-05T23:08:11.908959+02:00 suricata pcap <14>May  5 23:05:58 win10 Microsoft-Windows-Security-Auditing[4]: A handle to an object was requested.    Subject:  	Security ID:		S-1-5-18  	Account Name:		WIN10$  	Account Domain:		WORKGROUP  	Logon ID:		0x3E7    Object:  	Object Server:		Security  	Object Type:		Process  	Object Name:		\Device\HarddiskVolume2\Windows\System32\lsass.exe  	Handle ID:		0x554  	Resource Attributes:	-    Process Information:  	Process ID:		0xd84  	Process Name:		C:\Windows\System32\wbem\WmiPrvSE.exe    Access Request Information:  	Transaction ID:		{00000000-0000-0000-0000-000000000000}  	Accesses:		Read from process memory  				Query process information  				Undefined Access (no effect) Bit 12  				  	Access Reasons:		-  	Access Mask:		0x1410  	Privileges Used for Access Check:	-  	Restricted SID Count:	0
2021-05-05T23:08:11.908987+02:00 suricata pcap <14>May  5 23:05:58 win10 Microsoft-Windows-Security-Auditing[4]: An attempt was made to access an object.    Subject:  	Security ID:		S-1-5-18  	Account Name:		WIN10$  	Account Domain:		WORKGROUP  	Logon ID:		0x3E7    Object:  	Object Server:		Security  	Object Type:		Process  	Object N;	ì`B⁄2021-05-05T23:08:11.909000+02:00 suricata pcap <14>May  5 23:05:58 win10 Microsoft-Windows-Security-Auditing[4]: An attempt was made to duplicate a handle to an object.    Subject:  	Security ID:		S-1-5-18  	Account Name:		WIN10$  	Account Domain:		WORKGROUP  	Logon ID:		0x3E7    Source Handle Information:  	Source Handle ID:	0x554  	Source Process ID:	0xd84    New Handle Information:  	Target Handle ID:	0x1c68  	Target Process ID:	0x4
2021-05-05T23:08:11.909012+02:00 suricata pcap ;	ì`Y‹2021-05-05T23:08:11.909027+02:00 suricata pcap ;	ì`ò‹2021-05-05T23:08:11.909048+02:00 suricata pcap <14>May  5 23:05:58 win10 Microsoft-Windows-Security-Auditing[4]: A handle to an object was requested.    Subject:  	Security ID:		S-1-5-18  	Account Name:		WIN10$  	Account Domain:		WORKGROUP  	Logon ID:		0x3E7    Object:  	Object Server:		Security  	Object Type:		Process  	Object Name:		\Device\HarddiskVolume2\Windows\System32\lsass.exe  	Handle ID:		0x554  	Resource Attributes:	-    Process Information:  	Process ID:		0xd84  	Process Name:		C:\Windows\System32\wbem\WmiPrvSE.exe    Access Request Information:  	Transaction ID:		{00000000-0000-0000-0000-000000000000}  	Accesses:		Read from process memory  				Query process information  				Undefined Access (no effect) Bit 12  				  	Access Reasons:		-  	Access Mask:		0x1410  	Privileges Used for Access Check:	-  	Restricted SID Count:	0
2021-05-05T23:08:11.909070+02:00 suricata pcap <14>May  5 23:05:58 win10 Microsoft-Windows-Security-Auditing[4]: An attempt was made to access an object.    Subject:  	Security ID:		S-1-5-18  	Account Name:		WIN10$  	Account Domain:		WORKGROUP  	Logon ID:		0x3E7    Object:  	Object Server:		Security  	Object Type:		Process  	Object N;	ì`›2021-05-05T23:08:11.909970+02:00 suricata pcap ;	ì`∂›2021-05-05T23:08:11.909988+02:00 suricata pcap <14>May  5 23:05:58 win10 Microsoft-Windows-Security-Auditing[4]: An attempt was made to duplicate a handle to an object.    Subject:  	Security ID:		S-1-5-18  	Account Name:		WIN10$  	Account Domain:		WORKGROUP  	Logon ID:		0x3E7    Source Handle Information:  	Source Handle ID:	0x5d8  	Source Process ID:	0xd84    New Handle Information:  	Target Handle ID:	0x2418  	Target Process ID:	0x4
2021-05-05T23:08:11.910001+02:00 suricata pcap ;	ì`ﬁ2021-05-05T23:08:11.910014+02:00 suricata pcap <14>May  5 23:05:58 win10 Microsoft-Windows-Security-Auditing[4]: An attempt was made to duplicate a handle to an object.    Subject:  	Security ID:		S-1-5-18  	Account Name:		WIN10$  	Account Domain:		WORKGROUP  	Logon ID:		0x3E7    Source Handle Information:  	Source Handle ID:	0x5d8  	Source Process ID:	0xd84    New Handle Information:  	Target Handle ID:	0x2418  	Target Process ID:	0x4
2021-05-05T23:08:11.910028+02:00 suricata pcap ;	ì`Wﬁ2021-05-05T23:08:11.910041+02:00 suricata pcap <14>May  5 23:05:58 win10 Microsoft-Windows-Security-Auditing[4]: An attempt was made to duplicate a handle to an object.    Subject:  	Security ID:		S-1-5-18  	Account Name:		WIN10$  	Account Domain:		WORKGROUP  	Logon ID:		0x3E7    Source Handle Information:  	Source Handle ID:	0x5d8  	Source Process ID:	0xd84    New Handle Information:  	Target Handle ID:	0x2418  	Target Process ID:	0x4
2021-05-05T23:08:11.910056+02:00 suricata pcap ;	ì`Ì·2021-05-05T23:08:11.910077+02:00 suricata pcap <14>May  5 23:05:58 win10 Microsoft-Windows-Security-Auditing[4]: A handle to an object was requested.    Subject:  	Security ID:		S-1-5-18  	Account Name:		WIN10$  	Account Domain:		WORKGROUP  	Logon ID:		0x3E7    Object:  	Object Server:		Security  	Object Type:		Process  	Object Name:		\Device\HarddiskVolume2\Windows\System32\lsass.exe  	Handle ID:		0x5d8  	Resource Attributes:	-    Process Information:  	Process ID:		0xd84  	Process Name:		C:\Windows\System32\wbem\WmiPrvSE.exe    Access Request Information:  	Transaction ID:		{00000000-0000-0000-0000-000000000000}  	Accesses:		Read from process memory  				Query process information  				Undefined Access (no effect) Bit 12  				  	Access Reasons:		-  	Access Mask:		0x1410  	Privileges Used for Access Check:	-  	Restricted SID Count:	0
2021-05-05T23:08:11.910827+02:00 suricata pcap <14>May  5 23:05:58 win10 Microsoft-Windows-Security-Auditing[4]: An attempt was made to access an object.    Subject:  	Security ID:		S-1-5-18  	Account Name:		WIN10$  	Account Domain:		WORKGROUP  	Logon ID:		0x3E7    Object:  	Object Server:		Security  	Object Type:		Process  	Object N;	ì`ı·2021-05-05T23:08:11.910846+02:00 suricata pcap ;	ì`M‚2021-05-05T23:08:11.910866+02:00 suricata pcap <14>May  5 23:05:58 win10 Microsoft-Windows-Security-Auditing[4]: A handle to an object was requested.    Subject:  	Security ID:		S-1-5-18  	Account Name:		WIN10$  	Account Domain:		WORKGROUP  	Logon ID:		0x3E7    Object:  	Object Server:		Security  	Object Type:		Process  	Object Name:		\Device\HarddiskVolume2\Windows\System32\lsass.exe  	Handle ID:		0x5d8  	Resource Attributes:	-    Process Information:  	Process ID:		0xd84  	Process Name:		C:\Windows\System32\wbem\WmiPrvSE.exe    Access Request Information:  	Transaction ID:		{00000000-0000-0000-0000-000000000000}  	Accesses:		Read from process memory  				Query process information  				Undefined Access (no effect) Bit 12  				  	Access Reasons:		-  	Access Mask:		0x1410  	Privileges Used for Access Check:	-  	Restricted SID Count:	0
2021-05-05T23:08:11.910886+02:00 suricata pcap <14>May  5 23:05:58 win10 Microsoft-Windows-Security-Auditing[4]: An attempt was made to access an object.    Subject:  	Security ID:		S-1-5-18  	Account Name:		WIN10$  	Account Domain:		WORKGROUP  	Logon ID:		0x3E7    Object:  	Object Server:		Security  	Object Type:		Process  	Object N;	ì`ù‚2021-05-05T23:08:11.910908+02:00 suricata pcap <14>May  5 23:05:58 win10 Microsoft-Windows-Security-Auditing[4]: A handle to an object was requested.    Subject:  	Security ID:		S-1-5-18  	Account Name:		WIN10$  	Account Domain:		WORKGROUP  	Logon ID:		0x3E7    Object:  	Object Server:		Security  	Object Type:		Process  	Object Name:		\Device\HarddiskVolume2\Windows\System32\lsass.exe  	Handle ID:		0x5d8  	Resource Attributes:	-    Process Information:  	Process ID:		0xd84  	Process Name:		C:\Windows\System32\wbem\WmiPrvSE.exe    Access Request Information:  	Transaction ID:		{00000000-0000-0000-0000-000000000000}  	Accesses:		Read from process memory  				Query process information  				Undefined Access (no effect) Bit 12  				  	Access Reasons:		-  	Access Mask:		0x1410  	Privileges Used for Access Check:	-  	Restricted SID Count:	0
2021-05-05T23:08:11.910927+02:00 suricata pcap <14>May  5 23:05:58 win10 Microsoft-Windows-Security-Auditing[4]: An attempt was made to access an object.    Subject:  	Security ID:		S-1-5-18  	Account Name:		WIN10$  	Account Domain:		WORKGROUP  	Logon ID:		0x3E7    Object:  	Object Server:		Security  	Object Type:		Process  	Object N;	ì`^Â2021-05-05T23:08:11.910940+02:00 suricata pcap <14>May  5 23:05:58 win10 Microsoft-Windows-Security-Auditing[4]: An attempt was made to duplicate a handle to an object.    Subject:  	Security ID:		S-1-5-18  	Account Name:		WIN10$  	Account Domain:		WORKGROUP  	Logon ID:		0x3E7    Source Handle Information:  	Source Handle ID:	0x6c4  	Source Process ID:	0xd84    New Handle Information:  	Target Handle ID:	0x2418  	Target Process ID:	0x4
2021-05-05T23:08:11.911342+02:00 suricata pcap <14>May  5 23:05:58 win10 Microsoft-Windows-Security-Auditing[4]: The handle to an object was closed.    Subject :  	Security ID:		S-1-5-18  	Account Name:		WIN10$  	Account Domain:		WORKGROUP  	Logon ID:		0x3E7    Object:  	Object Server:		Security  	Handle ID:		0x2418    Process Information:  	Process ID:		0xd84  	Process Name:		C:\Windows\System32\wbem\WmiPrvSE.exe
2021-05-05T23:08:11.911365+02:00 suricata pcap <14>May  5 23:05:58 win10 Microsoft-Windows-Security-Auditing[4]: A handle to an object was requested.    Subject:  	Security ID:		S-1-5-18  	Account Name:		WIN10$  	Account Domain:		WORKGROUP  	Logon ID:		0x3E7    Object:  	Object Server:		Security  	Object Type:		Process  	Object Name:		\Device\HarddiskVolume2\Windows\S;	ì`ÃÂ2021-05-05T23:08:11.911381+02:00 suricata pcap ;	ì`dÂ2021-05-05T23:08:11.911395+02:00 suricata pcap ;	ì`—Â2021-05-05T23:08:11.911409+02:00 suricata pcap ;	ì`ÒÂ2021-05-05T23:08:11.911422+02:00 suricata pcap <14>May  5 23:05:58 win10 Microsoft-Windows-Security-Auditing[4]: An attempt was made to duplicate a handle to an object.    Subject:  	Security ID:		S-1-5-18  	Account Name:		WIN10$  	Account Domain:		WORKGROUP  	Logon ID:		0x3E7    Source Handle Information:  	Source Handle ID:	0x6c4  	Source Process ID:	0xd84    New Handle Information:  	Target Handle ID:	0x2418  	Target Process ID:	0x4
2021-05-05T23:08:11.911433+02:00 suricata pcap <14>May  5 23:05:58 win10 Microsoft-Windows-Security-Auditing[4]: The handle to an object was closed.    Subject :  	Security ID:		S-1-5-18  	Account Name:		WIN10$  	Account Domain:		WORKGROUP  	Logon ID:		0x3E7    Object:  	Object Server:		Security  	Handle ID:		0x2418    Process Information:  	Process ID:		0xd84  	Process Name:		C:\Windows\System32\wbem\WmiPrvSE.exe
2021-05-05T23:08:11.911453+02:00 suricata pcap <14>May  5 23:05:58 win10 Microsoft-Windows-Security-Auditing[4]: A handle to an object was requested.    Subject:  	Security ID:		S-1-5-18  	Account Name:		WIN10$  	Account Domain:		WORKGROUP  	Logon ID:		0x3E7    Object:  	Object Server:		Security  	Object Type:		Process  	Object Name:		\Device\HarddiskVolume2\Windows\S;	ì`¨Â2021-05-05T23:08:11.911846+02:00 suricata pcap <14>May  5 23:05:58 win10 Microsoft-Windows-Security-Auditing[4]: An attempt was made to duplicate a handle to an object.    Subject:  	Security ID:		S-1-5-18  	Account Name:		WIN10$  	Account Domain:		WORKGROUP  	Logon ID:		0x3E7    Source Handle Information:  	Source Handle ID:	0x6c4  	Source Process ID:	0xd84    New Handle Information:  	Target Handle ID:	0x2418  	Target Process ID:	0x4
2021-05-05T23:08:11.911862+02:00 suricata pcap <14>May  5 23:05:58 win10 Microsoft-Windows-Security-Auditing[4]: The handle to an object was closed.    Subject :  	Security ID:		S-1-5-18  	Account Name:		WIN10$  	Account Domain:		WORKGROUP  	Logon ID:		0x3E7    Object:  	Object Server:		Security  	Handle ID:		0x2418    Process Information:  	Process ID:		0xd84  	Process Name:		C:\Windows\System32\wbem\WmiPrvSE.exe
2021-05-05T23:08:11.911888+02:00 suricata pcap <14>May  5 23:05:58 win10 Microsoft-Windows-Security-Auditing[4]: A handle to an object was requested.    Subject:  	Security ID:		S-1-5-18  	Account Name:		WIN10$  	Account Domain:		WORKGROUP  	Logon ID:		0x3E7    Object:  	Object Server:		Security  	Object Type:		Process  	Object Name:		\Device\HarddiskVolume2\Windows\S;	ì`Ê2021-05-05T23:08:11.911904+02:00 suricata pcap ;	ì`0Ê2021-05-05T23:08:11.911927+02:00 suricata pcap ;	ì`Ê2021-05-05T23:08:11.911952+02:00 suricata pcap ;	ì`cÊ2021-05-05T23:08:11.912397+02:00 suricata pcap ;	ì`¿Á2021-05-05T23:08:11.912415+02:00 suricata pcap ;	ì`FÎ2021-05-05T23:08:11.912427+02:00 suricata pcap <14>May  5 23:05:58 win10 Microsoft-Windows-Security-Auditing[4]: An attempt was made to duplicate a handle to an object.    Subject:  	Security ID:		S-1-5-18  	Account Name:		WIN10$  	Account Domain:		WORKGROUP  	Logon ID:		0x3E7    Source Handle Information:  	Source Handle ID:	0x460  	Source Process ID:	0xd84    New Handle Information:  	Target Handle ID:	0x1c68  	Target Process ID:	0x4
2021-05-05T23:08:11.912438+02:00 suricata pcap <14>May  5 23:05:58 win10 Microsoft-Windows-Security-Auditing[4]: The handle to an object was closed.    Subject :  	Security ID:		S-1-5-18  	Account Name:		WIN10$  	Account Domain:		WORKGROUP  	Logon ID:		0x3E7    Object:  	Object Server:		Security  	Handle ID:		0x1c68    Process Information:  	Process ID:		0xd84  	Process Name:		C:\Windows\System32\wbem\WmiPrvSE.exe
2021-05-05T23:08:11.912461+02:00 suricata pcap <14>May  5 23:05:58 win10 Microsoft-Windows-Security-Auditing[4]: A handle to an object was requested.    Subject:  	Security ID:		S-1-5-18  	Account Name:		WIN10$  	Account Domain:		WORKGROUP  	Logon ID:		0x3E7    Object:  	Object Server:		Security  	Object Type:		Process  	Object Name:		\Device\HarddiskVolume2\Windows\S;	ì`kÎ2021-05-05T23:08:11.912474+02:00 suricata pcap ;	ì`úÎ2021-05-05T23:08:11.912487+02:00 suricata pcap <14>May  5 23:05:58 win10 Microsoft-Windows-Security-Auditing[4]: An attempt was made to duplicate a handle to an object.    Subject:  	Security ID:		S-1-5-18  	Account Name:		WIN10$  	Account Domain:		WORKGROUP  	Logon ID:		0x3E7    Source Handle Information:  	Source Handle ID:	0x460  	Source Process ID:	0xd84    New Handle Information:  	Target Handle ID:	0x1c68  	Target Process ID:	0x4
2021-05-05T23:08:11.912499+02:00 suricata pcap <14>May  5 23:05:58 win10 Microsoft-Windows-Security-Auditing[4]: The handle to an object was closed.    Subject :  	Security ID:		S-1-5-18  	Account Name:		WIN10$  	Account Domain:		WORKGROUP  	Logon ID:		0x3E7    Object:  	Object Server:		Security  	Handle ID:		0x1c68    Process Information:  	Process ID:		0xd84  	Process Name:		C:\Windows\System32\wbem\WmiPrvSE.exe
2021-05-05T23:08:11.912941+02:00 suricata pcap <14>May  5 23:05:58 win10 Microsoft-Windows-Security-Auditing[4]: A handle to an object was requested.    Subject:  	Security ID:		S-1-5-18  	Account Name:		WIN10$  	Account Domain:		WORKGROUP  	Logon ID:		0x3E7    Object:  	Object Server:		Security  	Object Type:		Process  	Object Name:		\Device\HarddiskVolume2\Windows\S;	ì`πÎ2021-05-05T23:08:11.912960+02:00 suricata pcap ;	ì`ÒÎ2021-05-05T23:08:11.912972+02:00 suricata pcap <14>May  5 23:05:58 win10 Microsoft-Windows-Security-Auditing[4]: An attempt was made to duplicate a handle to an object.    Subject:  	Security ID:		S-1-5-18  	Account Name:		WIN10$  	Account Domain:		WORKGROUP  	Logon ID:		0x3E7    Source Handle Information:  	Source Handle ID:	0x460  	Source Process ID:	0xd84    New Handle Information:  	Target Handle ID:	0x1c68  	Target Process ID:	0x4
2021-05-05T23:08:11.912983+02:00 suricata pcap <14>May  5 23:05:58 win10 Microsoft-Windows-Security-Auditing[4]: The handle to an object was closed.    Subject :  	Security ID:		S-1-5-18  	Account Name:		WIN10$  	Account Domain:		WORKGROUP  	Logon ID:		0x3E7    Object:  	Object Server:		Security  	Handle ID:		0x1c68    Process Information:  	Process ID:		0xd84  	Process Name:		C:\Windows\System32\wbem\WmiPrvSE.exe
