2021-05-05T23:08:06.839203+02:00 suricata pcap 2021-05-05T23:08:06.839220+02:00 suricata pcap ¿®ã2021-05-05T23:08:06.839237+02:00 suricata pcap 6	ì`Ê∆2021-05-05T23:08:06.839252+02:00 suricata pcap 6	ì`m»2021-05-05T23:08:06.839270+02:00 suricata pcap 6	ì`À»2021-05-05T23:08:06.839822+02:00 suricata pcap <14>May  5 23:05:52 win10 Microsoft-Windows-Security-Auditing[4]: A handle to an object was requested.    Subject:  	Security ID:		S-1-5-18  	Account Name:		WIN10$  	Account Domain:		WORKGROUP  	Logon ID:		0x3E7    Object:  	Object Server:		Security  	Object Type:		Process  	Object Name:		\Device\HarddiskVolume2\Windows\System32\lsass.exe  	Handle ID:		0x598  	Resource Attributes:	-    Process Information:  	Process ID:		0xd84  	Process Name:		C:\Windows\System32\wbem\WmiPrvSE.exe    Access Request Information:  	Transaction ID:		{00000000-0000-0000-0000-000000000000}  	Accesses:		Read from process memory  				Query process information  				Undefined Access (no effect) Bit 12  				  	Access Reasons:		-  	Access Mask:		0x1410  	Privileges Used for Access Check:	-  	Restricted SID Count:	0
2021-05-05T23:08:06.839879+02:00 suricata pcap <14>May  5 23:05:52 win10 Microsoft-Windows-Security-Auditing[4]: An attempt was made to access an object.    Subject:  	Security ID:		S-1-5-18  	Account Name:		WIN10$  	Account Domain:		WORKGROUP  	Logon ID:		0x3E7    Object:  	Object Server:		Security  	Object Type:		Process  	Object N6	ì`Õ2021-05-05T23:08:06.839896+02:00 suricata pcap 6	ì`¶Œ2021-05-05T23:08:06.839918+02:00 suricata pcap <14>May  5 23:05:52 win10 Microsoft-Windows-Security-Auditing[4]: A handle to an object was requested.    Subject:  	Security ID:		S-1-5-18  	Account Name:		WIN10$  	Account Domain:		WORKGROUP  	Logon ID:		0x3E7    Object:  	Object Server:		Security  	Object Type:		Process  	Object Name:		\Device\HarddiskVolume2\Windows\System32\lsass.exe  	Handle ID:		0x598  	Resource Attributes:	-    Process Information:  	Process ID:		0xd84  	Process Name:		C:\Windows\System32\wbem\WmiPrvSE.exe    Access Request Information:  	Transaction ID:		{00000000-0000-0000-0000-000000000000}  	Accesses:		Read from process memory  				Query process information  				Undefined Access (no effect) Bit 12  				  	Access Reasons:		-  	Access Mask:		0x1410  	Privileges Used for Access Check:	-  	Restricted SID Count:	0
2021-05-05T23:08:06.839936+02:00 suricata pcap <14>May  5 23:05:52 win10 Microsoft-Windows-Security-Auditing[4]: An attempt was made to access an object.    Subject:  	Security ID:		S-1-5-18  	Account Name:		WIN10$  	Account Domain:		WORKGROUP  	Logon ID:		0x3E7    Object:  	Object Server:		Security  	Object Type:		Process  	Object N6	ì`œ2021-05-05T23:08:06.839951+02:00 suricata pcap 6	ì`˛œ2021-05-05T23:08:06.841257+02:00 suricata pcap <14>May  5 23:05:52 win10 Microsoft-Windows-Security-Auditing[4]: A handle to an object was requested.    Subject:  	Security ID:		S-1-5-18  	Account Name:		WIN10$  	Account Domain:		WORKGROUP  	Logon ID:		0x3E7    Object:  	Object Server:		Security  	Object Type:		Process  	Object Name:		\Device\HarddiskVolume2\Windows\System32\lsass.exe  	Handle ID:		0x598  	Resource Attributes:	-    Process Information:  	Process ID:		0xd84  	Process Name:		C:\Windows\System32\wbem\WmiPrvSE.exe    Access Request Information:  	Transaction ID:		{00000000-0000-0000-0000-000000000000}  	Accesses:		Read from process memory  				Query process information  				Undefined Access (no effect) Bit 12  				  	Access Reasons:		-  	Access Mask:		0x1410  	Privileges Used for Access Check:	-  	Restricted SID Count:	0
2021-05-05T23:08:06.841283+02:00 suricata pcap <14>May  5 23:05:52 win10 Microsoft-Windows-Security-Auditing[4]: An attempt was made to access an object.    Subject:  	Security ID:		S-1-5-18  	Account Name:		WIN10$  	Account Domain:		WORKGROUP  	Logon ID:		0x3E7    Object:  	Object Server:		Security  	Object Type:		Process  	Object N6	ì`+–2021-05-05T23:08:06.841289+02:00 suricata pcap 6	ì`	–2021-05-05T23:08:06.841301+02:00 suricata pcap ù2021-05-05T23:08:06.841315+02:00 suricata pcap <14>May  5 23:05:52 win10 Microsoft-Windows-Security-Auditing[4]: An attempt was made to duplicate a handle to an object.    Subject:  	Security ID:		S-1-5-18  	Account Name:		WIN10$  	Account Domain:		WORKGROUP  	Logon ID:		0x3E7    Source Handle Information:  	Source Handle ID:	0x598  	Source Process ID:	0xd84    New Handle Information:  	Target Handle ID:	0x1c68  	Target Process ID:	0x4
2021-05-05T23:08:06.841320+02:00 suricata pcap 6	ì`T–2021-05-05T23:08:06.841332+02:00 suricata pcap ù2021-05-05T23:08:06.841346+02:00 suricata pcap <14>May  5 23:05:52 win10 Microsoft-Windows-Security-Auditing[4]: An attempt was made to duplicate a handle to an object.    Subject:  	Security ID:		S-1-5-18  	Account Name:		WIN10$  	Account Domain:		WORKGROUP  	Logon ID:		0x3E7    Source Handle Information:  	Source Handle ID:	0x598  	Source Process ID:	0xd84    New Handle Information:  	Target Handle ID:	0x1c68  	Target Process ID:	0x4
2021-05-05T23:08:06.841352+02:00 suricata pcap 6	ì`ß–2021-05-05T23:08:06.841364+02:00 suricata pcap ù2021-05-05T23:08:06.841377+02:00 suricata pcap <14>May  5 23:05:52 win10 Microsoft-Windows-Security-Auditing[4]: An attempt was made to duplicate a handle to an object.    Subject:  	Security ID:		S-1-5-18  	Account Name:		WIN10$  	Account Domain:		WORKGROUP  	Logon ID:		0x3E7    Source Handle Information:  	Source Handle ID:	0x598  	Source Process ID:	0xd84    New Handle Information:  	Target Handle ID:	0x1c68  	Target Process ID:	0x4
2021-05-05T23:08:06.841691+02:00 suricata pcap 6	ì`Ñ‘2021-05-05T23:08:06.841729+02:00 suricata pcap <14>May  5 23:05:52 win10 Microsoft-Windows-Security-Auditing[4]: A handle to an object was requested.    Subject:  	Security ID:		S-1-5-18  	Account Name:		WIN10$  	Account Domain:		WORKGROUP  	Logon ID:		0x3E7    Object:  	Object Server:		Security  	Object Type:		Process  	Object Name:		\Device\HarddiskVolume2\Windows\System32\lsass.exe  	Handle ID:		0x598  	Resource Attributes:	-    Process Information:  	Process ID:		0xd84  	Process Name:		C:\Windows\System32\wbem\WmiPrvSE.exe    Access Request Information:  	Transaction ID:		{00000000-0000-0000-0000-000000000000}  	Accesses:		Read from process memory  				Query process information  				Undefined Access (no effect) Bit 12  				  	Access Reasons:		-  	Access Mask:		0x1410  	Privileges Used for Access Check:	-  	Restricted SID Count:	0
2021-05-05T23:08:06.841781+02:00 suricata pcap <14>May  5 23:05:52 win10 Microsoft-Windows-Security-Auditing[4]: An attempt was made to access an object.    Subject:  	Security ID:		S-1-5-18  	Account Name:		WIN10$  	Account Domain:		WORKGROUP  	Logon ID:		0x3E7    Object:  	Object Server:		Security  	Object Type:		Process  	Object N6	ì`¶’2021-05-05T23:08:06.841820+02:00 suricata pcap 6	ì`W÷2021-05-05T23:08:06.841851+02:00 suricata pcap <14>May  5 23:05:52 win10 Microsoft-Windows-Security-Auditing[4]: A handle to an object was requested.    Subject:  	Security ID:		S-1-5-18  	Account Name:		WIN10$  	Account Domain:		WORKGROUP  	Logon ID:		0x3E7    Object:  	Object Server:		Security  	Object Type:		Process  	Object Name:		\Device\HarddiskVolume2\Windows\System32\lsass.exe  	Handle ID:		0x598  	Resource Attributes:	-    Process Information:  	Process ID:		0xd84  	Process Name:		C:\Windows\System32\wbem\WmiPrvSE.exe    Access Request Information:  	Transaction ID:		{00000000-0000-0000-0000-000000000000}  	Accesses:		Read from process memory  				Query process information  				Undefined Access (no effect) Bit 12  				  	Access Reasons:		-  	Access Mask:		0x1410  	Privileges Used for Access Check:	-  	Restricted SID Count:	0
2021-05-05T23:08:06.841871+02:00 suricata pcap <14>May  5 23:05:52 win10 Microsoft-Windows-Security-Auditing[4]: An attempt was made to access an object.    Subject:  	Security ID:		S-1-5-18  	Account Name:		WIN10$  	Account Domain:		WORKGROUP  	Logon ID:		0x3E7    Object:  	Object Server:		Security  	Object Type:		Process  	Object N6	ì`[÷2021-05-05T23:08:06.841886+02:00 suricata pcap 6	ì`Î÷2021-05-05T23:08:06.842355+02:00 suricata pcap 6	ì`J◊2021-05-05T23:08:06.842395+02:00 suricata pcap <14>May  5 23:05:52 win10 Microsoft-Windows-Security-Auditing[4]: A handle to an object was requested.    Subject:  	Security ID:		S-1-5-18  	Account Name:		WIN10$  	Account Domain:		WORKGROUP  	Logon ID:		0x3E7    Object:  	Object Server:		Security  	Object Type:		Process  	Object Name:		\Device\HarddiskVolume2\Windows\System32\lsass.exe  	Handle ID:		0x598  	Resource Attributes:	-    Process Information:  	Process ID:		0xd84  	Process Name:		C:\Windows\System32\wbem\WmiPrvSE.exe    Access Request Information:  	Transaction ID:		{00000000-0000-0000-0000-000000000000}  	Accesses:		Read from process memory  				Query process information  				Undefined Access (no effect) Bit 12  				  	Access Reasons:		-  	Access Mask:		0x1410  	Privileges Used for Access Check:	-  	Restricted SID Count:	0
2021-05-05T23:08:06.842406+02:00 suricata pcap <14>May  5 23:05:52 win10 Microsoft-Windows-Security-Auditing[4]: An attempt was made to access an object.    Subject:  	Security ID:		S-1-5-18  	Account Name:		WIN10$  	Account Domain:		WORKGROUP  	Logon ID:		0x3E7    Object:  	Object Server:		Security  	Object Type:		Process  	Object N6	ì`m◊2021-05-05T23:08:06.842420+02:00 suricata pcap 2021-05-05T23:08:06.842432+02:00 suricata pcap 6	ì`ÿ2021-05-05T23:08:06.842439+02:00 suricata pcap 6	ì`!ÿ2021-05-05T23:08:06.842454+02:00 suricata pcap 2021-05-05T23:08:06.842460+02:00 suricata pcap 6	ì`pÿ2021-05-05T23:08:06.842476+02:00 suricata pcap 2021-05-05T23:08:06.842489+02:00 suricata pcap ¿®ê#¿®åç¬Z ˚À˝ØWqP ô|2021-05-05T23:08:06.843619+02:00 suricata pcap 6	ì`⁄2021-05-05T23:08:06.843665+02:00 suricata pcap ¿®ê#¿®åç¬Z ˚À˝ØWqP ô|2021-05-05T23:08:06.843670+02:00 suricata pcap 6	ì`c⁄2021-05-05T23:08:06.843688+02:00 suricata pcap ¿®ê#¿®åç¬Z ˚À˝ØWqP ô|2021-05-05T23:08:06.843727+02:00 suricata pcap 6	ì`ï⁄2021-05-05T23:08:06.843742+02:00 suricata pcap 6	ì`¶‹2021-05-05T23:08:06.843757+02:00 suricata pcap 6	ì`›2021-05-05T23:08:06.843788+02:00 suricata pcap 6	ì`R›2021-05-05T23:08:06.845195+02:00 suricata pcap 6	ì`ﬂ2021-05-05T23:08:06.845251+02:00 suricata pcap 6	ì`ﬂ2021-05-05T23:08:06.845276+02:00 suricata pcap 6	ì`ºﬂ2021-05-05T23:08:06.845314+02:00 suricata pcap 6	ì`è‚2021-05-05T23:08:06.845334+02:00 suricata pcap 6	ì`2021-05-05T23:08:06.845352+02:00 suricata pcap 6	ì`I„2021-05-05T23:08:06.849349+02:00 suricata pcap 6	ì`9Â2021-05-05T23:08:06.849375+02:00 suricata pcap 6	ì`ûÂ2021-05-05T23:08:06.849391+02:00 suricata pcap 6	ì`ÔÂ2021-05-05T23:08:06.849403+02:00 suricata pcap 6	ì`≈2021-05-05T23:08:06.849421+02:00 suricata pcap <14>May  5 23:05:53 win10 Microsoft-Windows-Security-Auditing[4]: A handle to an object was requested.    Subject:  	Security ID:		S-1-5-18  	Account Name:		WIN10$  	Account Domain:		WORKGROUP  	Logon ID:		0x3E7    Object:  	Object Server:		Security  	Object Type:		Process  	Object Name:		\Device\HarddiskVolume2\Windows\System32\lsass.exe  	Handle ID:		0x79c  	Resource Attributes:	-    Process Information:  	Process ID:		0xd84  	Process Name:		C:\Windows\System32\wbem\WmiPrvSE.exe    Access Request Information:  	Transaction ID:		{00000000-0000-0000-0000-000000000000}  	Accesses:		Read from process memory  				Query process information  				Undefined Access (no effect) Bit 12  				  	Access Reasons:		-  	Access Mask:		0x1410  	Privileges Used for Access Check:	-  	Restricted SID Count:	0
2021-05-05T23:08:06.849435+02:00 suricata pcap <14>May  5 23:05:53 win10 Microsoft-Windows-Security-Auditing[4]: An attempt was made to access an object.    Subject:  	Security ID:		S-1-5-18  	Account Name:		WIN10$  	Account Domain:		WORKGROUP  	Logon ID:		0x3E7    Object:  	Object Server:		Security  	Object Type:		Process  	Object N6	ì`…2021-05-05T23:08:06.849447+02:00 suricata pcap 6	ì`Cı2021-05-05T23:08:06.851903+02:00 suricata pcap <14>May  5 23:05:53 win10 Microsoft-Windows-Security-Auditing[4]: An attempt was made to duplicate a handle to an object.    Subject:  	Security ID:		S-1-5-18  	Account Name:		WIN10$  	Account Domain:		WORKGROUP  	Logon ID:		0x3E7    Source Handle Information:  	Source Handle ID:	0x598  	Source Process ID:	0xd84    New Handle Information:  	Target Handle ID:	0x1c68  	Target Process ID:	0x4
2021-05-05T23:08:06.851918+02:00 suricata pcap <14>May  5 23:05:53 win10 Microsoft-Windows-Security-Auditing[4]: The handle to an object was closed.    Subject :  	Security ID:		S-1-5-18  	Account Name:		WIN10$  	Account Domain:		WORKGROUP  	Logon ID:		0x3E7    Object:  	Object Server:		Security  	Handle ID:		0x1c68    Process Information:  	Process ID:		0xd84  	Process Name:		C:\Windows\System32\wbem\WmiPrvSE.exe
2021-05-05T23:08:06.851936+02:00 suricata pcap <14>May  5 23:05:53 win10 Microsoft-Windows-Security-Auditing[4]: A handle to an object was requested.    Subject:  	Security ID:		S-1-5-18  	Account Name:		WIN10$  	Account Domain:		WORKGROUP  	Logon ID:		0x3E7    Object:  	Object Server:		Security  	Object Type:		Process  	Object Name:		\Device\HarddiskVolume2\Windows\S6	ì`R˝2021-05-05T23:08:06.851947+02:00 suricata pcap 6	ì`˛2021-05-05T23:08:06.851960+02:00 suricata pcap 6	ì`>˛2021-05-05T23:08:06.851978+02:00 suricata pcap <14>May  5 23:05:53 win10 Microsoft-Windows-Security-Auditing[4]: A handle to an object was requested.    Subject:  	Security ID:		S-1-5-18  	Account Name:		WIN10$  	Account Domain:		WORKGROUP  	Logon ID:		0x3E7    Object:  	Object Server:		Security  	Object Type:		Process  	Object Name:		\Device\HarddiskVolume2\Windows\System32\lsass.exe  	Handle ID:		0x79c  	Resource Attributes:	-    Process Information:  	Process ID:		0xd84  	Process Name:		C:\Windows\System32\wbem\WmiPrvSE.exe    Access Request Information:  	Transaction ID:		{00000000-0000-0000-0000-000000000000}  	Accesses:		Read from process memory  				Query process information  				Undefined Access (no effect) Bit 12  				  	Access Reasons:		-  	Access Mask:		0x1410  	Privileges Used for Access Check:	-  	Restricted SID Count:	0
2021-05-05T23:08:06.851992+02:00 suricata pcap <14>May  5 23:05:53 win10 Microsoft-Windows-Security-Auditing[4]: An attempt was made to access an object.    Subject:  	Security ID:		S-1-5-18  	Account Name:		WIN10$  	Account Domain:		WORKGROUP  	Logon ID:		0x3E7    Object:  	Object Server:		Security  	Object Type:		Process  	Object N6	ì`Z˛2021-05-05T23:08:06.852369+02:00 suricata pcap 6	ì`t˛2021-05-05T23:08:06.852395+02:00 suricata pcap <14>May  5 23:05:53 win10 Microsoft-Windows-Security-Auditing[4]: An attempt was made to duplicate a handle to an object.    Subject:  	Security ID:		S-1-5-18  	Account Name:		WIN10$  	Account Domain:		WORKGROUP  	Logon ID:		0x3E7    Source Handle Information:  	Source Handle ID:	0x598  	Source Process ID:	0xd84    New Handle Information:  	Target Handle ID:	0x1c68  	Target Process ID:	0x4
2021-05-05T23:08:06.852404+02:00 suricata pcap <14>May  5 23:05:53 win10 Microsoft-Windows-Security-Auditing[4]: The handle to an object was closed.    Subject :  	Security ID:		S-1-5-18  	Account Name:		WIN10$  	Account Domain:		WORKGROUP  	Logon ID:		0x3E7    Object:  	Object Server:		Security  	Handle ID:		0x1c68    Process Information:  	Process ID:		0xd84  	Process Name:		C:\Windows\System32\wbem\WmiPrvSE.exe
2021-05-05T23:08:06.852427+02:00 suricata pcap <14>May  5 23:05:53 win10 Microsoft-Windows-Security-Auditing[4]: A handle to an object was requested.    Subject:  	Security ID:		S-1-5-18  	Account Name:		WIN10$  	Account Domain:		WORKGROUP  	Logon ID:		0x3E7    Object:  	Object Server:		Security  	Object Type:		Process  	Object Name:		\Device\HarddiskVolume2\Windows\S6	ì`x˛2021-05-05T23:08:06.852440+02:00 suricata pcap 6	ì`ˇ2021-05-05T23:08:06.852449+02:00 suricata pcap <14>May  5 23:05:53 win10 Microsoft-Windows-Security-Auditing[4]: The handle to an object was closed.    Subject :  	Security ID:		S-1-5-18  	Account Name:		WIN10$  	Account Domain:		WORKGROUP  	Logon ID:		0x3E7    Object:  	Object Server:		Security  	Handle ID:		0x598    Process Information:  	Process ID:		0xd84  	Process Name:		C:\Windows\System32\wbem\WmiPrvSE.exe
2021-05-05T23:08:06.852457+02:00 suricata pcap <14>May  5 23:05:53 win10 Microsoft-Windows-Security-Auditing[4]: An attempt was made to duplicate a handle to an object.    Subject:  	Security ID:		S-1-5-18  	Account Name:		WIN10$  	Account Domain:		WORKGROUP  	Logon ID:		0x3E7    Source Handle Information:  	Source Handle ID:	0x79c  	Source Process ID:	0xd84    New Handle Information:  	Target Handle ID:	0x1c68  	Target Process ID:	0x4
2021-05-05T23:08:06.852467+02:00 suricata pcap <14>May  5 23:05:53 win10 Microsoft-Windows-Security-Auditing[4]: The handle to an object was closed.    Sub6	ì`Äˇ2021-05-05T23:08:06.852483+02:00 suricata pcap 6	ì`t˝2021-05-05T23:08:06.852491+02:00 suricata pcap <14>May  5 23:05:53 win10 Microsoft-Windows-Security-Auditing[4]: The handle to an object was closed.    Subject :  	Security ID:		S-1-5-18  	Account Name:		WIN10$  	Account Domain:		WORKGROUP  	Logon ID:		0x3E7    Object:  	Object Server:		Security  	Handle ID:		0x598    Process Information:  	Process ID:		0xd84  	Process Name:		C:\Windows\System32\wbem\WmiPrvSE.exe
2021-05-05T23:08:06.852501+02:00 suricata pcap <14>May  5 23:05:53 win10 Microsoft-Windows-Security-Auditing[4]: An attempt was made to duplicate a handle to an object.    Subject:  	Security ID:		S-1-5-18  	Account Name:		WIN10$  	Account Domain:		WORKGROUP  	Logon ID:		0x3E7    Source Handle Information:  	Source Handle ID:	0x79c  	Source Process ID:	0xd84    New Handle Information:  	Target Handle ID:	0x1c68  	Target Process ID:	0x4
2021-05-05T23:08:06.852526+02:00 suricata pcap <14>May  5 23:05:53 win10 Microsoft-Windows-Security-Auditing[4]: The handle to an object was closed.    Sub6	ì`x˝2021-05-05T23:08:06.852536+02:00 suricata pcap 6	ì`{˝2021-05-05T23:08:06.852552+02:00 suricata pcap 6	ì`Y2021-05-05T23:08:06.852565+02:00 suricata pcap <14>May  5 23:05:53 win10 Microsoft-Windows-Security-Auditing[4]: An attempt was made to access an object.    Subject:  	Security ID:		S-1-5-18  	Account Name:		WIN10$  	Account Domain:		WORKGROUP  	Logon ID:		0x3E7    Object:  	Object Server:		Security  	Object Type:		Process  	Object Name:		\Device\HarddiskVolume2\Windows\System32\lsass.exe  	Handle ID:		0x79c  	Resource Attributes:	-    Process Information:  	Process ID:		0xd84  	Process Name:		C:\Windows\System32\wbem\WmiPrvSE.exe    Access Request Information:  	Accesses:		Read from process memory  				  	Access Mask:		0x10
2021-05-05T23:08:06.852575+02:00 suricata pcap 6	ì`£˝2021-05-05T23:08:06.852593+02:00 suricata pcap <14>May  5 23:05:53 win10 Microsoft-Windows-Security-Auditing[4]: A handle to an object was requested.    Subject:  	Security ID:		S-1-5-18  	Account Name:		WIN10$  	Account Domain:		WORKGROUP  	Logon ID:		0x3E7    Object:  	Object Server:		Security  	Object Type:		Process  	Object Name:		\Device\HarddiskVolume2\Windows\System32\lsass.exe  	Handle ID:		0x79c  	Resource Attributes:	-    Process Information:  	Process ID:		0xd84  	Process Name:		C:\Windows\System32\wbem\WmiPrvSE.exe    Access Request Information:  	Transaction ID:		{00000000-0000-0000-0000-000000000000}  	Accesses:		Read from process memory  				Query process information  				Undefined Access (no effect) Bit 12  				  	Access Reasons:		-  	Access Mask:		0x1410  	Privileges Used for Access Check:	-  	Restricted SID Count:	0
2021-05-05T23:08:06.852606+02:00 suricata pcap <14>May  5 23:05:53 win10 Microsoft-Windows-Security-Auditing[4]: An attempt was made to access an object.    Subject:  	Security ID:		S-1-5-18  	Account Name:		WIN10$  	Account Domain:		WORKGROUP  	Logon ID:		0x3E7    Object:  	Object Server:		Security  	Object Type:		Process  	Object N6	ì`√˝2021-05-05T23:08:06.852616+02:00 suricata pcap 6	ì`·˝2021-05-05T23:08:06.852625+02:00 suricata pcap <14>May  5 23:05:53 win10 Microsoft-Windows-Security-Auditing[4]: An attempt was made to duplicate a handle to an object.    Subject:  	Security ID:		S-1-5-18  	Account Name:		WIN10$  	Account Domain:		WORKGROUP  	Logon ID:		0x3E7    Source Handle Information:  	Source Handle ID:	0x598  	Source Process ID:	0xd84    New Handle Information:  	Target Handle ID:	0x1c68  	Target Process ID:	0x4
2021-05-05T23:08:06.852633+02:00 suricata pcap <14>May  5 23:05:53 win10 Microsoft-Windows-Security-Auditing[4]: The handle to an object was closed.    Subject :  	Security ID:		S-1-5-18  	Account Name:		WIN10$  	Account Domain:		WORKGROUP  	Logon ID:		0x3E7    Object:  	Object Server:		Security  	Handle ID:		0x1c68    Process Information:  	Process ID:		0xd84  	Process Name:		C:\Windows\System32\wbem\WmiPrvSE.exe
2021-05-05T23:08:06.852649+02:00 suricata pcap <14>May  5 23:05:53 win10 Microsoft-Windows-Security-Auditing[4]: A handle to an object was requested.    Subject:  	Security ID:		S-1-5-18  	Account Name:		WIN10$  	Account Domain:		WORKGROUP  	Logon ID:		0x3E7    Object:  	Object Server:		Security  	Object Type:		Process  	Object Name:		\Device\HarddiskVolume2\Windows\S6	ì`9˛2021-05-05T23:08:06.853021+02:00 suricata pcap 6	ì`´˛2021-05-05T23:08:06.853033+02:00 suricata pcap <14>May  5 23:05:53 win10 Microsoft-Windows-Security-Auditing[4]: The handle to an object was closed.    Subject :  	Security ID:		S-1-5-18  	Account Name:		WIN10$  	Account Domain:		WORKGROUP  	Logon ID:		0x3E7    Object:  	Object Server:		Security  	Handle ID:		0x598    Process Information:  	Process ID:		0xd84  	Process Name:		C:\Windows\System32\wbem\WmiPrvSE.exe
2021-05-05T23:08:06.853051+02:00 suricata pcap <14>May  5 23:05:53 win10 Microsoft-Windows-Security-Auditing[4]: An attempt was made to duplicate a handle to an object.    Subject:  	Security ID:		S-1-5-18  	Account Name:		WIN10$  	Account Domain:		WORKGROUP  	Logon ID:		0x3E7    Source Handle Information:  	Source Handle ID:	0x79c  	Source Process ID:	0xd84    New Handle Information:  	Target Handle ID:	0x1c68  	Target Process ID:	0x4
2021-05-05T23:08:06.853061+02:00 suricata pcap <14>May  5 23:05:53 win10 Microsoft-Windows-Security-Auditing[4]: The handle to an object was closed.    Sub6	ì`€˛2021-05-05T23:08:06.853178+02:00 suricata pcap 6	ì`Á˛2021-05-05T23:08:06.853192+02:00 suricata pcap <14>May  5 23:05:53 win10 Microsoft-Windows-Security-Auditing[4]: An attempt was made to access an object.    Subject:  	Security ID:		S-1-5-18  	Account Name:		WIN10$  	Account Domain:		WORKGROUP  	Logon ID:		0x3E7    Object:  	Object Server:		Security  	Object Type:		Process  	Object Name:		\Device\HarddiskVolume2\Windows\System32\lsass.exe  	Handle ID:		0x79c  	Resource Attributes:	-    Process Information:  	Process ID:		0xd84  	Process Name:		C:\Windows\System32\wbem\WmiPrvSE.exe    Access Request Information:  	Accesses:		Read from process memory  				  	Access Mask:		0x10
2021-05-05T23:08:07.853092+02:00 suricata pcap 6	ì`ó2021-05-05T23:08:07.853216+02:00 suricata pcap <14>May  5 23:05:53 win10 Microsoft-Windows-Security-Auditing[4]: An attempt was made to access an object.    Subject:  	Security ID:		S-1-5-18  	Account Name:		WIN10$  	Account Domain:		WORKGROUP  	Logon ID:		0x3E7    Object:  	Object Server:		Security  	Object Type:		Process  	Object Name:		\Device\HarddiskVolume2\Windows\System32\lsass.exe  	Handle ID:		0x79c  	Resource Attributes:	-    Process Information:  	Process ID:		0xd84  	Process Name:		C:\Windows\System32\wbem\WmiPrvSE.exe    Access Request Information:  	Accesses:		Read from process memory  				  	Access Mask:		0x10
2021-05-05T23:08:07.853241+02:00 suricata pcap 6	ì`É2021-05-05T23:08:07.853256+02:00 suricata pcap 6	ì`⁄2021-05-05T23:08:07.853272+02:00 suricata pcap 6	ì`U2021-05-05T23:08:07.853282+02:00 suricata pcap 6	ì`2021-05-05T23:08:07.853288+02:00 suricata pcap 2021-05-05T23:08:07.853294+02:00 suricata pcap ¿®ã2021-05-05T23:08:07.853302+02:00 suricata pcap 2021-05-05T23:08:07.853319+02:00 suricata pcap 2021-05-05T23:08:07.853334+02:00 suricata pcap 7	ì`‚2021-05-05T23:08:07.854017+02:00 suricata pcap 7	ì`ª2021-05-05T23:08:07.854050+02:00 suricata pcap 7	ì`ò2021-05-05T23:08:07.854074+02:00 suricata pcap <14>May  5 23:05:54 win10 Microsoft-Windows-Security-Auditing[4]: A handle to an object was requested.    Subject:  	Security ID:		S-1-5-18  	Account Name:		WIN10$  	Account Domain:		WORKGROUP  	Logon ID:		0x3E7    Object:  	Object Server:		Security  	Object Type:		Process  	Object Name:		\Device\HarddiskVolume2\Windows\System32\lsass.exe  	Handle ID:		0x79c  	Resource Attributes:	-    Process Information:  	Process ID:		0xd84  	Process Name:		C:\Windows\System32\wbem\WmiPrvSE.exe    Access Request Information:  	Transaction ID:		{00000000-0000-0000-0000-000000000000}  	Accesses:		Read from process memory  				Query process information  				Undefined Access (no effect) Bit 12  				  	Access Reasons:		-  	Access Mask:		0x1410  	Privileges Used for Access Check:	-  	Restricted SID Count:	0
2021-05-05T23:08:07.854088+02:00 suricata pcap 7	ì`-2021-05-05T23:08:07.854109+02:00 suricata pcap <14>May  5 23:05:54 win10 Microsoft-Windows-Security-Auditing[4]: A handle to an object was requested.    Subject:  	Security ID:		S-1-5-18  	Account Name:		WIN10$  	Account Domain:		WORKGROUP  	Logon ID:		0x3E7    Object:  	Object Server:		Security  	Object Type:		Process  	Object Name:		\Device\HarddiskVolume2\Windows\System32\lsass.exe  	Handle ID:		0x79c  	Resource Attributes:	-    Process Information:  	Process ID:		0xd84  	Process Name:		C:\Windows\System32\wbem\WmiPrvSE.exe    Access Request Information:  	Transaction ID:		{00000000-0000-0000-0000-000000000000}  	Accesses:		Read from process memory  				Query process information  				Undefined Access (no effect) Bit 12  				  	Access Reasons:		-  	Access Mask:		0x1410  	Privileges Used for Access Check:	-  	Restricted SID Count:	0
2021-05-05T23:08:07.854123+02:00 suricata pcap 7	ì`ê2021-05-05T23:08:07.856576+02:00 suricata pcap <14>May  5 23:05:54 win10 Microsoft-Windows-Security-Auditing[4]: A handle to an object was requested.    Subject:  	Security ID:		S-1-5-18  	Account Name:		WIN10$  	Account Domain:		WORKGROUP  	Logon ID:		0x3E7    Object:  	Object Server:		Security  	Object Type:		Process  	Object Name:		\Device\HarddiskVolume2\Windows\System32\lsass.exe  	Handle ID:		0x79c  	Resource Attributes:	-    Process Information:  	Process ID:		0xd84  	Process Name:		C:\Windows\System32\wbem\WmiPrvSE.exe    Access Request Information:  	Transaction ID:		{00000000-0000-0000-0000-000000000000}  	Accesses:		Read from process memory  				Query process information  				Undefined Access (no effect) Bit 12  				  	Access Reasons:		-  	Access Mask:		0x1410  	Privileges Used for Access Check:	-  	Restricted SID Count:	0
2021-05-05T23:08:07.856620+02:00 suricata pcap 7	ì`Í2021-05-05T23:08:07.856640+02:00 suricata pcap 7	ì`ª2021-05-05T23:08:07.856659+02:00 suricata pcap 7	ì`*2021-05-05T23:08:07.856678+02:00 suricata pcap 7	ì`î2021-05-05T23:08:07.856691+02:00 suricata pcap <14>May  5 23:05:54 win10 Microsoft-Windows-Security-Auditing[4]: An attempt was made to duplicate a handle to an object.    Subject:  	Security ID:		S-1-5-18  	Account Name:		WIN10$  	Account Domain:		WORKGROUP  	Logon ID:		0x3E7    Source Handle Information:  	Source Handle ID:	0x354  	Source Process ID:	0xd84    New Handle Information:  	Target Handle ID:	0x2418  	Target Process ID:	0x4
2021-05-05T23:08:07.856703+02:00 suricata pcap <14>May  5 23:05:54 win10 Microsoft-Windows-Security-Auditing[4]: The handle to an object was closed.    Subject :  	Security ID:		S-1-5-18  	Account Name:		WIN10$  	Account Domain:		WORKGROUP  	Logon ID:		0x3E7    Object:  	Object Server:		Security  	Handle ID:		0x2418    Process Information:  	Process ID:		0xd84  	Process Name:		C:\Windows\System32\wbem\WmiPrvSE.exe
2021-05-05T23:08:07.858148+02:00 suricata pcap 7	ì`ú2021-05-05T23:08:07.858173+02:00 suricata pcap <14>May  5 23:05:54 win10 Microsoft-Windows-Security-Auditing[4]: An attempt was made to duplicate a handle to an object.    Subject:  	Security ID:		S-1-5-18  	Account Name:		WIN10$  	Account Domain:		WORKGROUP  	Logon ID:		0x3E7    Source Handle Information:  	Source Handle ID:	0x354  	Source Process ID:	0xd84    New Handle Information:  	Target Handle ID:	0x2418  	Target Process ID:	0x4
2021-05-05T23:08:07.858184+02:00 suricata pcap <14>May  5 23:05:54 win10 Microsoft-Windows-Security-Auditing[4]: The handle to an object was closed.    Subject :  	Security ID:		S-1-5-18  	Account Name:		WIN10$  	Account Domain:		WORKGROUP  	Logon ID:		0x3E7    Object:  	Object Server:		Security  	Handle ID:		0x2418    Process Information:  	Process ID:		0xd84  	Process Name:		C:\Windows\System32\wbem\WmiPrvSE.exe
2021-05-05T23:08:07.858228+02:00 suricata pcap 7	ì`Ó2021-05-05T23:08:07.858242+02:00 suricata pcap <14>May  5 23:05:54 win10 Microsoft-Windows-Security-Auditing[4]: An attempt was made to duplicate a handle to an object.    Subject:  	Security ID:		S-1-5-18  	Account Name:		WIN10$  	Account Domain:		WORKGROUP  	Logon ID:		0x3E7    Source Handle Information:  	Source Handle ID:	0x354  	Source Process ID:	0xd84    New Handle Information:  	Target Handle ID:	0x2418  	Target Process ID:	0x4
2021-05-05T23:08:07.858253+02:00 suricata pcap <14>May  5 23:05:54 win10 Microsoft-Windows-Security-Auditing[4]: The handle to an object was closed.    Subject :  	Security ID:		S-1-5-18  	Account Name:		WIN10$  	Account Domain:		WORKGROUP  	Logon ID:		0x3E7    Object:  	Object Server:		Security  	Handle ID:		0x2418    Process Information:  	Process ID:		0xd84  	Process Name:		C:\Windows\System32\wbem\WmiPrvSE.exe
2021-05-05T23:08:07.858283+02:00 suricata pcap 7	ì`2021-05-05T23:08:07.858301+02:00 suricata pcap <14>May  5 23:05:54 win10 Microsoft-Windows-Security-Auditing[4]: An attempt was made to access an object.    Subject:  	Security ID:		S-1-5-18  	Account Name:		WIN10$  	Account Domain:		WORKGROUP  	Logon ID:		0x3E7    Object:  	Object Server:		Security  	Object Type:		Process  	Object Name:		\Device\HarddiskVolume2\Windows\System32\lsass.exe  	Handle ID:		0x354  	Resource Attributes:	-    Process Information:  	Process ID:		0xd84  	Process Name:		C:\Windows\System32\wbem\WmiPrvSE.exe    Access Request Information:  	Accesses:		Read from process memory  				  	Access Mask:		0x10
2021-05-05T23:08:07.858710+02:00 suricata pcap <14>May  5 23:05:54 win10 Microsoft-Windows-Security-Auditing[4]: The han7	ì`™2021-05-05T23:08:07.858742+02:00 suricata pcap 7	ì`Ì2021-05-05T23:08:07.858759+02:00 suricata pcap <14>May  5 23:05:54 win10 Microsoft-Windows-Security-Auditing[4]: An attempt was made to access an object.    Subject:  	Security ID:		S-1-5-18  	Account Name:		WIN10$  	Account Domain:		WORKGROUP  	Logon ID:		0x3E7    Object:  	Object Server:		Security  	Object Type:		Process  	Object Name:		\Device\HarddiskVolume2\Windows\System32\lsass.exe  	Handle ID:		0x354  	Resource Attributes:	-    Process Information:  	Process ID:		0xd84  	Process Name:		C:\Windows\System32\wbem\WmiPrvSE.exe    Access Request Information:  	Accesses:		Read from process memory  				  	Access Mask:		0x10
2021-05-05T23:08:07.858773+02:00 suricata pcap <14>May  5 23:05:54 win10 Microsoft-Windows-Security-Auditing[4]: The han7	ì` 2021-05-05T23:08:07.858796+02:00 suricata pcap 7	ì`a2021-05-05T23:08:07.858813+02:00 suricata pcap <14>May  5 23:05:54 win10 Microsoft-Windows-Security-Auditing[4]: An attempt was made to access an object.    Subject:  	Security ID:		S-1-5-18  	Account Name:		WIN10$  	Account Domain:		WORKGROUP  	Logon ID:		0x3E7    Object:  	Object Server:		Security  	Object Type:		Process  	Object Name:		\Device\HarddiskVolume2\Windows\System32\lsass.exe  	Handle ID:		0x354  	Resource Attributes:	-    Process Information:  	Process ID:		0xd84  	Process Name:		C:\Windows\System32\wbem\WmiPrvSE.exe    Access Request Information:  	Accesses:		Read from process memory  				  	Access Mask:		0x10
2021-05-05T23:08:07.858827+02:00 suricata pcap <14>May  5 23:05:54 win10 Microsoft-Windows-Security-Auditing[4]: The han7	ì`Ë2021-05-05T23:08:07.860236+02:00 suricata pcap 7	ì`à2021-05-05T23:08:07.860290+02:00 suricata pcap 7	ì``2021-05-05T23:08:07.860317+02:00 suricata pcap 7	ì`≈2021-05-05T23:08:07.860337+02:00 suricata pcap 7	ì`⁄2021-05-05T23:08:07.860351+02:00 suricata pcap 7	ì`û2021-05-05T23:08:07.860365+02:00 suricata pcap 7	ì`Ò2021-05-05T23:08:07.861026+02:00 suricata pcap 7	ì`$2021-05-05T23:08:07.861122+02:00 suricata pcap 7	ì`# 2021-05-05T23:08:07.861147+02:00 suricata pcap 7	ì`d 2021-05-05T23:08:07.861193+02:00 suricata pcap 7	ì`ï 2021-05-05T23:08:07.861212+02:00 suricata pcap 7	ì`r"2021-05-05T23:08:07.861232+02:00 suricata pcap 7	ì`√"2021-05-05T23:08:07.863047+02:00 suricata pcap 7	ì`2021-05-05T23:08:07.863070+02:00 suricata pcap 7	ì`t%2021-05-05T23:08:07.863084+02:00 suricata pcap 7	ì`æ%2021-05-05T23:08:07.863104+02:00 suricata pcap 7	ì`Ë%2021-05-05T23:08:07.863118+02:00 suricata pcap 7	ì`(2021-05-05T23:08:07.863133+02:00 suricata pcap 7	ì`Z(2021-05-05T23:08:07.863152+02:00 suricata pcap 7	ì`á(2021-05-05T23:08:07.864645+02:00 suricata pcap 7	ì`ƒ*2021-05-05T23:08:07.864668+02:00 suricata pcap 7	ì`+2021-05-05T23:08:07.864701+02:00 suricata pcap 7	ì`:+2021-05-05T23:08:07.864725+02:00 suricata pcap 7	ì`¸.2021-05-05T23:08:07.864774+02:00 suricata pcap 7	ì`F/2021-05-05T23:08:07.866228+02:00 suricata pcap 7	ì`l/2021-05-05T23:08:07.866253+02:00 suricata pcap 7	ì`ò12021-05-05T23:08:07.866271+02:00 suricata pcap 7	ì`„12021-05-05T23:08:07.866290+02:00 suricata pcap 7	ì`Ì42021-05-05T23:08:07.866302+02:00 suricata pcap <14>May  5 23:05:54 win10 Microsoft-Windows-Security-Auditing[4]: An attempt was made to duplicate a handle to an object.    Subject:  	Security ID:		S-1-5-18  	Account Name:		WIN10$  	Account Domain:		WORKGROUP  	Logon ID:		0x3E7    Source Handle Information:  	Source Handle ID:	0x7b4  	Source Process ID:	0xd84    New Handle Information:  	Target Handle ID:	0x2418  	Target Process ID:	0x4
2021-05-05T23:08:07.866316+02:00 suricata pcap 7	ì`˙62021-05-05T23:08:07.866330+02:00 suricata pcap <14>May  5 23:05:54 win10 Microsoft-Windows-Security-Auditing[4]: An attempt was made to duplicate a handle to an object.    Subject:  	Security ID:		S-1-5-18  	Account Name:		WIN10$  	Account Domain:		WORKGROUP  	Logon ID:		0x3E7    Source Handle Information:  	Source Handle ID:	0x7b4  	Source Process ID:	0xd84    New Handle Information:  	Target Handle ID:	0x2418  	Target Process ID:	0x4
2021-05-05T23:08:07.866344+02:00 suricata pcap 7	ì`F72021-05-05T23:08:07.867679+02:00 suricata pcap <14>May  5 23:05:54 win10 Microsoft-Windows-Security-Auditing[4]: An attempt was made to duplicate a handle to an object.    Subject:  	Security ID:		S-1-5-18  	Account Name:		WIN10$  	Account Domain:		WORKGROUP  	Logon ID:		0x3E7    Source Handle Information:  	Source Handle ID:	0x7b4  	Source Process ID:	0xd84    New Handle Information:  	Target Handle ID:	0x2418  	Target Process ID:	0x4
2021-05-05T23:08:07.867704+02:00 suricata pcap 7	ì`d72021-05-05T23:08:07.867719+02:00 suricata pcap 7	ì`°92021-05-05T23:08:07.867732+02:00 suricata pcap 7	ì`Ê92021-05-05T23:08:07.867762+02:00 suricata pcap 7	ì`,:2021-05-05T23:08:07.867785+02:00 suricata pcap 7	ì`Ø<2021-05-05T23:08:07.868877+02:00 suricata pcap 7	ì`Ù<2021-05-05T23:08:07.868939+02:00 suricata pcap 7	ì`D=2021-05-05T23:08:07.868955+02:00 suricata pcap 7	ì`R?2021-05-05T23:08:07.868969+02:00 suricata pcap 7	ì`Ø?2021-05-05T23:08:07.868984+02:00 suricata pcap 7	ì`˙?2021-05-05T23:08:07.868994+02:00 suricata pcap <14>May  5 23:05:54 win10 Microsoft-Windows-Security-Auditing[4]: An attempt was made to duplicate a handle to an object.    Subject:  	Security ID:		S-1-5-18  	Account Name:		WIN10$  	Account Domain:		WORKGROUP  	Logon ID:		0x3E7    Source Handle Information:  	Source Handle ID:	0x79c  	Source Process ID:	0xd84    New Handle Information:  	Target Handle ID:	0x2418  	Target Process ID:	0x4
2021-05-05T23:08:07.870167+02:00 suricata pcap 7	ì`†A2021-05-05T23:08:07.870183+02:00 suricata pcap <14>May  5 23:05:54 win10 Microsoft-Windows-Security-Auditing[4]: An attempt was made to duplicate a handle to an object.    Subject:  	Security ID:		S-1-5-18  	Account Name:		WIN10$  	Account Domain:		WORKGROUP  	Logon ID:		0x3E7    Source Handle Information:  	Source Handle ID:	0x79c  	Source Process ID:	0xd84    New Handle Information:  	Target Handle ID:	0x2418  	Target Process ID:	0x4
2021-05-05T23:08:07.870204+02:00 suricata pcap 7	ì`ÏA2021-05-05T23:08:07.870214+02:00 suricata pcap <14>May  5 23:05:54 win10 Microsoft-Windows-Security-Auditing[4]: An attempt was made to duplicate a handle to an object.    Subject:  	Security ID:		S-1-5-18  	Account Name:		WIN10$  	Account Domain:		WORKGROUP  	Logon ID:		0x3E7    Source Handle Information:  	Source Handle ID:	0x79c  	Source Process ID:	0xd84    New Handle Information:  	Target Handle ID:	0x2418  	Target Process ID:	0x4
2021-05-05T23:08:07.870229+02:00 suricata pcap 7	ì`(B2021-05-05T23:08:07.870240+02:00 suricata pcap 7	ì`ÂC2021-05-05T23:08:07.870251+02:00 suricata pcap 7	ì`KD2021-05-05T23:08:07.870274+02:00 suricata pcap 7	ì`áD2021-05-05T23:08:07.872270+02:00 suricata pcap 7	ì`ñF2021-05-05T23:08:07.872312+02:00 suricata pcap 7	ì`˘F2021-05-05T23:08:07.872331+02:00 suricata pcap 7	ì`,G2021-05-05T23:08:07.872341+02:00 suricata pcap <14>May  5 23:05:54 win10 Microsoft-Windows-Security-Auditing[4]: The handle to an object was closed.    Subject :  	Security ID:		S-1-5-18  	Account Name:		WIN10$  	Account Domain:		WORKGROUP  	Logon ID:		0x3E7    Object:  	Object Server:		Security  	Handle ID:		0x79c    Process Information:  	Process ID:		0xd84  	Process Name:		C:\Windows\System32\wbem\WmiPrvSE.exe
2021-05-05T23:08:07.872351+02:00 suricata pcap <14>May  5 23:05:54 win10 Microsoft-Windows-Security-Auditing[4]: An attempt was made to duplicate a handle to an object.    Subject:  	Security ID:		S-1-5-18  	Account Name:		WIN10$  	Account Domain:		WORKGROUP  	Logon ID:		0x3E7    Source Handle Information:  	Source Handle ID:	0x3ac  	Source Process ID:	0xdc4    New Handle Information:  	Target Handle ID:	0x36a8  	Target Process ID:	0x4
2021-05-05T23:08:07.872365+02:00 suricata pcap 7	ì`”N2021-05-05T23:08:07.873552+02:00 suricata pcap <14>May  5 23:05:54 win10 Microsoft-Windows-Security-Auditing[4]: The handle to an object was closed.    Subject :  	Security ID:		S-1-5-18  	Account Name:		WIN10$  	Account Domain:		WORKGROUP  	Logon ID:		0x3E7    Object:  	Object Server:		Security  	Handle ID:		0x79c    Process Information:  	Process ID:		0xd84  	Process Name:		C:\Windows\System32\wbem\WmiPrvSE.exe
2021-05-05T23:08:07.873567+02:00 suricata pcap <14>May  5 23:05:54 win10 Microsoft-Windows-Security-Auditing[4]: An attempt was made to duplicate a handle to an object.    Subject:  	Security ID:		S-1-5-18  	Account Name:		WIN10$  	Account Domain:		WORKGROUP  	Logon ID:		0x3E7    Source Handle Information:  	Source Handle ID:	0x3ac  	Source Process ID:	0xdc4    New Handle Information:  	Target Handle ID:	0x36a8  	Target Process ID:	0x4
2021-05-05T23:08:07.873582+02:00 suricata pcap 7	ì`+O2021-05-05T23:08:07.873590+02:00 suricata pcap <14>May  5 23:05:54 win10 Microsoft-Windows-Security-Auditing[4]: The handle to an object was closed.    Subject :  	Security ID:		S-1-5-18  	Account Name:		WIN10$  	Account Domain:		WORKGROUP  	Logon ID:		0x3E7    Object:  	Object Server:		Security  	Handle ID:		0x79c    Process Information:  	Process ID:		0xd84  	Process Name:		C:\Windows\System32\wbem\WmiPrvSE.exe
2021-05-05T23:08:07.873600+02:00 suricata pcap <14>May  5 23:05:54 win10 Microsoft-Windows-Security-Auditing[4]: An attempt was made to duplicate a handle to an object.    Subject:  	Security ID:		S-1-5-18  	Account Name:		WIN10$  	Account Domain:		WORKGROUP  	Logon ID:		0x3E7    Source Handle Information:  	Source Handle ID:	0x3ac  	Source Process ID:	0xdc4    New Handle Information:  	Target Handle ID:	0x36a8  	Target Process ID:	0x4
2021-05-05T23:08:07.873617+02:00 suricata pcap 7	ì`bO2021-05-05T23:08:07.873695+02:00 suricata pcap 7	ì`R2021-05-05T23:08:07.873708+02:00 suricata pcap 7	ì`TR2021-05-05T23:08:07.874211+02:00 suricata pcap 7	ì`ÑR2021-05-05T23:08:07.874235+02:00 suricata pcap 7	ì`JT2021-05-05T23:08:07.874253+02:00 suricata pcap 7	ì`∫T2021-05-05T23:08:07.874271+02:00 suricata pcap 7	ì`ÿT2021-05-05T23:08:07.874281+02:00 suricata pcap <14>May  5 23:05:54 win10 Microsoft-Windows-Security-Auditing[4]: The handle to an object was closed.    Subject :  	Security ID:		S-1-5-18  	Account Name:		WIN10$  	Account Domain:		WORKGROUP  	Logon ID:		0x3E7    Object:  	Object Server:		Security  	Handle ID:		0x3ac    Process Information:  	Process ID:		0xdc4  	Process Name:		C:\Program Files\VMware\VMware Tools\vmtoolsd.exe
2021-05-05T23:08:07.874291+02:00 suricata pcap <14>May  5 23:05:55 win10 Microsoft-Windows-Security-Auditing[4]: An attempt was made to duplicate a handle to an object.    Subject:  	Security ID:		S-1-5-18  	Account Name:		WIN10$  	Account Domain:		WORKGROUP  	Logon ID:		0x3E7    Source Handle Information:  	Source Handle ID:	0x3ac  	Source Process ID:	0xdc4    New Handle Information:  	Target Handle ID:	0x36a8  	Target Process ID:	0x4
2021-05-05T23:08:07.874502+02:00 suricata pcap <14>May  5 23:05:55 win10 Microsoft-Windows-Security-Auditing[4]: The handle to an o7	ì`{V2021-05-05T23:08:07.874520+02:00 suricata pcap 7	ì`¡V2021-05-05T23:08:07.874529+02:00 suricata pcap <14>May  5 23:05:54 win10 Microsoft-Windows-Security-Auditing[4]: The handle to an object was closed.    Subject :  	Security ID:		S-1-5-18  	Account Name:		WIN10$  	Account Domain:		WORKGROUP  	Logon ID:		0x3E7    Object:  	Object Server:		Security  	Handle ID:		0x3ac    Process Information:  	Process ID:		0xdc4  	Process Name:		C:\Program Files\VMware\VMware Tools\vmtoolsd.exe
2021-05-05T23:08:07.874539+02:00 suricata pcap <14>May  5 23:05:55 win10 Microsoft-Windows-Security-Auditing[4]: An attempt was made to duplicate a handle to an object.    Subject:  	Security ID:		S-1-5-18  	Account Name:		WIN10$  	Account Domain:		WORKGROUP  	Logon ID:		0x3E7    Source Handle Information:  	Source Handle ID:	0x3ac  	Source Process ID:	0xdc4    New Handle Information:  	Target Handle ID:	0x36a8  	Target Process ID:	0x4
2021-05-05T23:08:07.874550+02:00 suricata pcap <14>May  5 23:05:55 win10 Microsoft-Windows-Security-Auditing[4]: The handle to an o7	ì`ŸV2021-05-05T23:08:07.874565+02:00 suricata pcap 7	ì`CW2021-05-05T23:08:07.874574+02:00 suricata pcap <14>May  5 23:05:54 win10 Microsoft-Windows-Security-Auditing[4]: The handle to an object was closed.    Subject :  	Security ID:		S-1-5-18  	Account Name:		WIN10$  	Account Domain:		WORKGROUP  	Logon ID:		0x3E7    Object:  	Object Server:		Security  	Handle ID:		0x3ac    Process Information:  	Process ID:		0xdc4  	Process Name:		C:\Program Files\VMware\VMware Tools\vmtoolsd.exe
2021-05-05T23:08:07.874584+02:00 suricata pcap <14>May  5 23:05:55 win10 Microsoft-Windows-Security-Auditing[4]: An attempt was made to duplicate a handle to an object.    Subject:  	Security ID:		S-1-5-18  	Account Name:		WIN10$  	Account Domain:		WORKGROUP  	Logon ID:		0x3E7    Source Handle Information:  	Source Handle ID:	0x3ac  	Source Process ID:	0xdc4    New Handle Information:  	Target Handle ID:	0x36a8  	Target Process ID:	0x4
2021-05-05T23:08:07.875110+02:00 suricata pcap <14>May  5 23:05:55 win10 Microsoft-Windows-Security-Auditing[4]: The handle to an o7	ì`mW2021-05-05T23:08:07.875122+02:00 suricata pcap 7	ì`àW2021-05-05T23:08:07.875126+02:00 suricata pcap 2021-05-05T23:08:07.875129+02:00 suricata pcap 2021-05-05T23:08:07.875149+02:00 suricata pcap 2021-05-05T23:08:07.875164+02:00 suricata pcap <14>May  5 23:05:55 win10 Microsoft-Windows-Security-Auditing[4]: An attempt was made to access an object.    Subject:  	Security ID:		S-1-5-18  	Account Name:		WIN10$  	Account Domain:		WORKGROUP  	Logon ID:		0x3E7    Object:  	Object Server:		Security  	Object Type:		Process  	Object Name:		\Device\HarddiskVolume2\Windows\System32\lsass.exe  	Handle ID:		0x3ac  	Resource Attributes:	-    Process Information:  	Process ID:		0xdc4  	Process Name:		C:\Program Files\VMware\VMware Tools\vmtoolsd.exe    Access Request Information:  	Accesses:		Read from process memory  				  	Access Mask:		0x10
2021-05-05T23:08:07.875181+02:00 suricata pcap 7	ì`âY2021-05-05T23:08:07.875194+02:00 suricata pcap <14>May  5 23:05:55 win10 Microsoft-Windows-Security-Auditing[4]: An attempt was made to access an object.    Subject:  	Security ID:		S-1-5-18  	Account Name:		WIN10$  	Account Domain:		WORKGROUP  	Logon ID:		0x3E7    Object:  	Object Server:		Security  	Object Type:		Process  	Object Name:		\Device\HarddiskVolume2\Windows\System32\lsass.exe  	Handle ID:		0x3ac  	Resource Attributes:	-    Process Information:  	Process ID:		0xdc4  	Process Name:		C:\Program Files\VMware\VMware Tools\vmtoolsd.exe    Access Request Information:  	Accesses:		Read from process memory  				  	Access Mask:		0x10
2021-05-05T23:08:07.875987+02:00 suricata pcap 7	ì`	Z2021-05-05T23:08:07.876009+02:00 suricata pcap <14>May  5 23:05:55 win10 Microsoft-Windows-Security-Auditing[4]: An attempt was made to access an object.    Subject:  	Security ID:		S-1-5-18  	Account Name:		WIN10$  	Account Domain:		WORKGROUP  	Logon ID:		0x3E7    Object:  	Object Server:		Security  	Object Type:		Process  	Object Name:		\Device\HarddiskVolume2\Windows\System32\lsass.exe  	Handle ID:		0x3ac  	Resource Attributes:	-    Process Information:  	Process ID:		0xdc4  	Process Name:		C:\Program Files\VMware\VMware Tools\vmtoolsd.exe    Access Request Information:  	Accesses:		Read from process memory  				  	Access Mask:		0x10
2021-05-05T23:08:07.876020+02:00 suricata pcap 7	ì`º\2021-05-05T23:08:07.876030+02:00 suricata pcap <14>May  5 23:05:55 win10 Microsoft-Windows-Security-Auditing[4]: An attempt was made to duplicate a handle to an object.    Subject:  	Security ID:		S-1-5-18  	Account Name:		WIN10$  	Account Domain:		WORKGROUP  	Logon ID:		0x3E7    Source Handle Information:  	Source Handle ID:	0x3ac  	Source Process ID:	0xdc4    New Handle Information:  	Target Handle ID:	0x36a8  	Target Process ID:	0x4
2021-05-05T23:08:07.876040+02:00 suricata pcap <14>May  5 23:05:55 win10 Microsoft-Windows-Security-Auditing[4]: The handle to an object was closed.    Subject :  	Security ID:		S-1-5-18  	Account Name:		WIN10$  	Account Domain:		WORKGROUP  	Logon ID:		0x3E7    Object:  	Object Server:		Security  	Handle ID:		0x36a8    Process Information:  	Process ID:		0xdc4  	Process Name:		C:\Program Files\VMware\VMware Tools\vmtoolsd.exe
2021-05-05T23:08:07.876119+02:00 suricata pcap <14>May  5 23:05:55 win10 Microsoft-Windows-Security-Auditing[4]: A handle to an object was requested.    Subject:  	Security ID:		S-1-5-18  	Account Name:		WIN10$  	Account Domain:		WORKGROUP  	Logon ID:		0x3E7    Object:  	Object Server:		Security  	Object Type:		Process  	Object Name:		\Device\H7	ì`‡\2021-05-05T23:08:07.876132+02:00 suricata pcap 7	ì`(]2021-05-05T23:08:07.876143+02:00 suricata pcap <14>May  5 23:05:55 win10 Microsoft-Windows-Security-Auditing[4]: An attempt was made to duplicate a handle to an object.    Subject:  	Security ID:		S-1-5-18  	Account Name:		WIN10$  	Account Domain:		WORKGROUP  	Logon ID:		0x3E7    Source Handle Information:  	Source Handle ID:	0x3ac  	Source Process ID:	0xdc4    New Handle Information:  	Target Handle ID:	0x36a8  	Target Process ID:	0x4
2021-05-05T23:08:07.877251+02:00 suricata pcap <14>May  5 23:05:55 win10 Microsoft-Windows-Security-Auditing[4]: The handle to an object was closed.    Subject :  	Security ID:		S-1-5-18  	Account Name:		WIN10$  	Account Domain:		WORKGROUP  	Logon ID:		0x3E7    Object:  	Object Server:		Security  	Handle ID:		0x36a8    Process Information:  	Process ID:		0xdc4  	Process Name:		C:\Program Files\VMware\VMware Tools\vmtoolsd.exe
2021-05-05T23:08:07.877272+02:00 suricata pcap <14>May  5 23:05:55 win10 Microsoft-Windows-Security-Auditing[4]: A handle to an object was requested.    Subject:  	Security ID:		S-1-5-18  	Account Name:		WIN10$  	Account Domain:		WORKGROUP  	Logon ID:		0x3E7    Object:  	Object Server:		Security  	Object Type:		Process  	Object Name:		\Device\H7	ì`Ü]2021-05-05T23:08:07.877282+02:00 suricata pcap <14>May  5 23:05:55 win10 Microsoft-Windows-Security-Auditing[4]: An attempt was made to duplicate a handle to an object.    Subject:  	Security ID:		S-1-5-18  	Account Name:		WIN10$  	Account Domain:		WORKGROUP  	Logon ID:		0x3E7    Source Handle Information:  	Source Handle ID:	0x3ac  	Source Process ID:	0xdc4    New Handle Information:  	Target Handle ID:	0x36a8  	Target Process ID:	0x4
2021-05-05T23:08:07.877291+02:00 suricata pcap <14>May  5 23:05:55 win10 Microsoft-Windows-Security-Auditing[4]: The handle to an object was closed.    Subject :  	Security ID:		S-1-5-18  	Account Name:		WIN10$  	Account Domain:		WORKGROUP  	Logon ID:		0x3E7    Object:  	Object Server:		Security  	Handle ID:		0x36a8    Process Information:  	Process ID:		0xdc4  	Process Name:		C:\Program Files\VMware\VMware Tools\vmtoolsd.exe
