2021-05-05T23:38:56.123923+02:00 suricata pcap <14>May  5 23:36:42 win10 Microsoft-Windows-Security-Auditing[4]: A handle to an object was requested.    Subject:  	Security ID:		S-1-5-18  	Account Name:		WIN10$  	Account Domain:		WORKGROUP  	Logon ID:		0x3E7    Object:  	Object Server:		Security  	Object Type:		Process  	Object Name:		\Device\HarddiskVolume2\Windows\Spì`êﬂ2021-05-05T23:38:56.123946+02:00 suricata pcap pì`D‡2021-05-05T23:38:56.123968+02:00 suricata pcap pì`ì‚2021-05-05T23:39:00.579059+02:00 suricata pcap pì`‚2021-05-05T23:39:00.579103+02:00 suricata pcap pì`‚‚2021-05-05T23:39:00.579119+02:00 suricata pcap pì`Â2021-05-05T23:39:00.579135+02:00 suricata pcap pì`zÂ2021-05-05T23:39:00.579146+02:00 suricata pcap pì`≠Â2021-05-05T23:39:00.579153+02:00 suricata pcap 2021-05-05T23:39:00.579158+02:00 suricata pcap ¿®ã2021-05-05T23:39:00.579164+02:00 suricata pcap 2021-05-05T23:39:00.579169+02:00 suricata pcap HOST: 239.255.255.250:1900
2021-05-05T23:39:00.579174+02:00 suricata pcap MAN: "ssdp:discover"
2021-05-05T23:39:00.579178+02:00 suricata pcap MX: 1
2021-05-05T23:39:00.579184+02:00 suricata pcap ST: urn:dial-multiscreen-org:service:dial:1
2021-05-05T23:39:00.579188+02:00 suricata pcap USER-AGENT: Chromium/80.0.3987.149 Linux
2021-05-05T23:39:00.579193+02:00 suricata pcap 
2021-05-05T23:39:00.579198+02:00 suricata pcap qì`5†2021-05-05T23:39:00.579203+02:00 suricata pcap 2021-05-05T23:39:00.579207+02:00 suricata pcap ¿®ã2021-05-05T23:39:00.579212+02:00 suricata pcap 2021-05-05T23:39:00.579217+02:00 suricata pcap HOST: 239.255.255.250:1900
2021-05-05T23:39:00.579221+02:00 suricata pcap MAN: "ssdp:discover"
2021-05-05T23:39:00.579224+02:00 suricata pcap MX: 1
2021-05-05T23:39:00.579228+02:00 suricata pcap ST: urn:dial-multiscreen-org:service:dial:1
2021-05-05T23:39:00.579234+02:00 suricata pcap USER-AGENT: Chromium/80.0.3987.149 Linux
2021-05-05T23:39:00.579237+02:00 suricata pcap 
2021-05-05T23:39:00.579242+02:00 suricata pcap rì`À˘2021-05-05T23:39:00.579246+02:00 suricata pcap 2021-05-05T23:39:00.579251+02:00 suricata pcap ¿®ã2021-05-05T23:39:00.579255+02:00 suricata pcap 2021-05-05T23:39:00.579260+02:00 suricata pcap ¿®ã2021-05-05T23:39:00.579265+02:00 suricata pcap 2021-05-05T23:39:00.579270+02:00 suricata pcap 2021-05-05T23:39:00.579280+02:00 suricata pcap 2021-05-05T23:39:00.579291+02:00 suricata pcap 2021-05-05T23:39:01.152846+02:00 suricata pcap tì`§‘2021-05-05T23:39:01.152891+02:00 suricata pcap tì`§’2021-05-05T23:39:01.152900+02:00 suricata pcap tì`ø’2021-05-05T23:39:01.152904+02:00 suricata pcap tì`Ë&	2021-05-05T23:39:01.152909+02:00 suricata pcap 2021-05-05T23:39:01.152920+02:00 suricata pcap ¿®ã2021-05-05T23:39:01.152932+02:00 suricata pcap uì`≠E2021-05-05T23:39:01.152944+02:00 suricata pcap uì`·F2021-05-05T23:39:01.152959+02:00 suricata pcap uì`˚F2021-05-05T23:39:01.152978+02:00 suricata pcap <14>May  5 23:36:47 win10 Microsoft-Windows-Security-Auditing[4]: A handle to an object was requested.    Subject:  	Security ID:		S-1-5-18  	Account Name:		WIN10$  	Account Domain:		WORKGROUP  	Logon ID:		0x3E7    Object:  	Object Server:		Security  	Object Type:		Process  	Object Name:		\Device\HarddiskVolume2\Windows\System32\lsass.exe  	Handle ID:		0x5b8  	Resource Attributes:	-    Process Information:  	Process ID:		0xd84  	Process Name:		C:\Windows\System32\wbem\WmiPrvSE.exe    Access Request Information:  	Transaction ID:		{00000000-0000-0000-0000-000000000000}  	Accesses:		Read from process memory  				Query process information  				Undefined Access (no effect) Bit 12  				  	Access Reasons:		-  	Access Mask:		0x1410  	Privileges Used for Access Check:	-  	Restricted SID Count:	0
2021-05-05T23:39:01.153516+02:00 suricata pcap <14>May  5 23:36:47 win10 Microsoft-Windows-Security-Auditing[4]: An attempt was made to access an object.    Subject:  	Security ID:		S-1-5-18  	Account Name:		WIN10$  	Account Domain:		WORKGROUP  	Logon ID:		0x3E7    Object:  	Object Server:		Security  	Object Type:		Process  	Object Nuì`¶H2021-05-05T23:39:01.153538+02:00 suricata pcap uì`µI2021-05-05T23:39:01.153556+02:00 suricata pcap <14>May  5 23:36:47 win10 Microsoft-Windows-Security-Auditing[4]: A handle to an object was requested.    Subject:  	Security ID:		S-1-5-18  	Account Name:		WIN10$  	Account Domain:		WORKGROUP  	Logon ID:		0x3E7    Object:  	Object Server:		Security  	Object Type:		Process  	Object Name:		\Device\HarddiskVolume2\Windows\System32\lsass.exe  	Handle ID:		0x5b8  	Resource Attributes:	-    Process Information:  	Process ID:		0xd84  	Process Name:		C:\Windows\System32\wbem\WmiPrvSE.exe    Access Request Information:  	Transaction ID:		{00000000-0000-0000-0000-000000000000}  	Accesses:		Read from process memory  				Query process information  				Undefined Access (no effect) Bit 12  				  	Access Reasons:		-  	Access Mask:		0x1410  	Privileges Used for Access Check:	-  	Restricted SID Count:	0
2021-05-05T23:39:01.153571+02:00 suricata pcap <14>May  5 23:36:47 win10 Microsoft-Windows-Security-Auditing[4]: An attempt was made to access an object.    Subject:  	Security ID:		S-1-5-18  	Account Name:		WIN10$  	Account Domain:		WORKGROUP  	Logon ID:		0x3E7    Object:  	Object Server:		Security  	Object Type:		Process  	Object Nuì`¬I2021-05-05T23:39:01.153596+02:00 suricata pcap uì`ÚI2021-05-05T23:39:01.153609+02:00 suricata pcap uì`‚J2021-05-05T23:39:01.153626+02:00 suricata pcap <14>May  5 23:36:47 win10 Microsoft-Windows-Security-Auditing[4]: A handle to an object was requested.    Subject:  	Security ID:		S-1-5-18  	Account Name:		WIN10$  	Account Domain:		WORKGROUP  	Logon ID:		0x3E7    Object:  	Object Server:		Security  	Object Type:		Process  	Object Name:		\Device\HarddiskVolume2\Windows\System32\lsass.exe  	Handle ID:		0x5b8  	Resource Attributes:	-    Process Information:  	Process ID:		0xd84  	Process Name:		C:\Windows\System32\wbem\WmiPrvSE.exe    Access Request Information:  	Transaction ID:		{00000000-0000-0000-0000-000000000000}  	Accesses:		Read from process memory  				Query process information  				Undefined Access (no effect) Bit 12  				  	Access Reasons:		-  	Access Mask:		0x1410  	Privileges Used for Access Check:	-  	Restricted SID Count:	0
2021-05-05T23:39:01.155376+02:00 suricata pcap <14>May  5 23:36:47 win10 Microsoft-Windows-Security-Auditing[4]: An attempt was made to access an object.    Subject:  	Security ID:		S-1-5-18  	Account Name:		WIN10$  	Account Domain:		WORKGROUP  	Logon ID:		0x3E7    Object:  	Object Server:		Security  	Object Type:		Process  	Object Nuì`ÂJ2021-05-05T23:39:01.155432+02:00 suricata pcap uì`ÊL2021-05-05T23:39:01.155454+02:00 suricata pcap <14>May  5 23:36:47 win10 Microsoft-Windows-Security-Auditing[4]: The handle to an object was closed.    Subject :  	Security ID:		S-1-5-18  	Account Name:		WIN10$  	Account Domain:		WORKGROUP  	Logon ID:		0x3E7    Object:  	Object Server:		Security  	Handle ID:		0x3244    Process Information:  	Process ID:		0xd84  	Process Name:		C:\Windows\System32\wbem\WmiPrvSE.exe
2021-05-05T23:39:01.155476+02:00 suricata pcap uì`ÇI2021-05-05T23:39:01.155502+02:00 suricata pcap uì`"M2021-05-05T23:39:01.155601+02:00 suricata pcap uì`^M2021-05-05T23:39:01.156508+02:00 suricata pcap uì`™J2021-05-05T23:39:01.156577+02:00 suricata pcap <14>May  5 23:36:47 win10 Microsoft-Windows-Security-Auditing[4]: The handle to an object was closed.    Subject :  	Security ID:		S-1-5-18  	Account Name:		WIN10$  	Account Domain:		WORKGROUP  	Logon ID:		0x3E7    Object:  	Object Server:		Security  	Handle ID:		0x468    Process Information:  	Process ID:		0xd84  	Process Name:		C:\Windows\System32\wbem\WmiPrvSE.exe
2021-05-05T23:39:01.156594+02:00 suricata pcap uì`%K2021-05-05T23:39:01.156611+02:00 suricata pcap uì`<K2021-05-05T23:39:01.156622+02:00 suricata pcap <14>May  5 23:36:47 win10 Microsoft-Windows-Security-Auditing[4]: The handle to an object was closed.    Subject :  	Security ID:		S-1-5-18  	Account Name:		WIN10$  	Account Domain:		WORKGROUP  	Logon ID:		0x3E7    Object:  	Object Server:		Security  	Handle ID:		0x3244    Process Information:  	Process ID:		0xd84  	Process Name:		C:\Windows\System32\wbem\WmiPrvSE.exe
2021-05-05T23:39:01.156632+02:00 suricata pcap uì`˘Q2021-05-05T23:39:01.156643+02:00 suricata pcap <14>May  5 23:36:47 win10 Microsoft-Windows-Security-Auditing[4]: A handle to an object was requested.    Subject:  	Security ID:		S-1-5-18  	Account Name:		WIN10$  	Account Domain:		WORKGROUP  	Logon ID:		0x3E7    Object:  	Object Server:		Security  	Object Type:		Process  	Object Name:		\Device\HarddiskVolume2\Windows\System32\lsass.exe  	Handle ID:		0x798  	Resource Attributes:	-    Process Information:  	Process ID:		0xd84  	Process Name:		C:\Windows\System32\wbem\WmiPrvSE.exe    Access Request Information:  	Transaction ID:		{00000000-0000-0000-0000-000000000000}  	Accesses:		Read from process memory  				Query process information  				Undefined Access (no effect) Bit 12  				  	Access Reasons:		-  	Access Mask:		0x1410  	Privileges Used for Access Check:	-  	Restricted SID Count:	0
2021-05-05T23:39:01.156652+02:00 suricata pcap uì`»L2021-05-05T23:39:01.157615+02:00 suricata pcap <14>May  5 23:36:47 win10 Microsoft-Windows-Security-Auditing[4]: The handle to an object was closed.    Subject :  	Security ID:		S-1-5-18  	Account Name:		WIN10$  	Account Domain:		WORKGROUP  	Logon ID:		0x3E7    Object:  	Object Server:		Security  	Handle ID:		0x3244    Process Information:  	Process ID:		0xd84  	Process Name:		C:\Windows\System32\wbem\WmiPrvSE.exe
2021-05-05T23:39:01.157635+02:00 suricata pcap uì`-R2021-05-05T23:39:01.157644+02:00 suricata pcap uì`ÏS2021-05-05T23:39:01.157654+02:00 suricata pcap uì`;M2021-05-05T23:39:01.157663+02:00 suricata pcap uì`˘S2021-05-05T23:39:01.157669+02:00 suricata pcap <14>May  5 23:36:47 win10 Microsoft-Windows-Security-Auditing[4]: An attempt was made to duplicate a handle to an object.    Subject:  	Security ID:		S-1-5-18  	Account Name:		WIN10$  	Account Domain:		WORKGROUP  	Logon ID:		0x3E7    Source Handle Information:  	Source Handle ID:	0x468  	Source Process ID:	0xd84    New Handle Information:  	Target Handle ID:	0x3244  	Target Process ID:	0x4
2021-05-05T23:39:01.158048+02:00 suricata pcap uì`$N2021-05-05T23:39:01.158064+02:00 suricata pcap <14>May  5 23:36:47 win10 Microsoft-Windows-Security-Auditing[4]: A handle to an object was requested.    Subject:  	Security ID:		S-1-5-18  	Account Name:		WIN10$  	Account Domain:		WORKGROUP  	Logon ID:		0x3E7    Object:  	Object Server:		Security  	Object Type:		Process  	Object Name:		\Device\HarddiskVolume2\Windows\System32\lsass.exe  	Handle ID:		0x468  	Resource Attributes:	-    Process Information:  	Process ID:		0xd84  	Process Name:		C:\Windows\System32\wbem\WmiPrvSE.exe    Access Request Information:  	Transaction ID:		{00000000-0000-0000-0000-000000000000}  	Accesses:		Read from process memory  				Query process information  				Undefined Access (no effect) Bit 12  				  	Access Reasons:		-  	Access Mask:		0x1410  	Privileges Used for Access Check:	-  	Restricted SID Count:	0
2021-05-05T23:39:01.158072+02:00 suricata pcap uì`ÿN2021-05-05T23:39:01.158078+02:00 suricata pcap <14>May  5 23:36:47 win10 Microsoft-Windows-Security-Auditing[4]: The handle to an object was closed.    Subject :  	Security ID:		S-1-5-18  	Account Name:		WIN10$  	Account Domain:		WORKGROUP  	Logon ID:		0x3E7    Object:  	Object Server:		Security  	Handle ID:		0x468    Process Information:  	Process ID:		0xd84  	Process Name:		C:\Windows\System32\wbem\WmiPrvSE.exe
2021-05-05T23:39:01.158087+02:00 suricata pcap uì`%O2021-05-05T23:39:01.158092+02:00 suricata pcap <14>May  5 23:36:47 win10 Microsoft-Windows-Security-Auditing[4]: The handle to an object was closed.    Subject :  	Security ID:		S-1-5-18  	Account Name:		WIN10$  	Account Domain:		WORKGROUP  	Logon ID:		0x3E7    Object:  	Object Server:		Security  	Handle ID:		0x468    Process Information:  	Process ID:		0xd84  	Process Name:		C:\Windows\System32\wbem\WmiPrvSE.exe
2021-05-05T23:39:01.158100+02:00 suricata pcap uì`˝Y2021-05-05T23:39:01.158624+02:00 suricata pcap uì`Û[2021-05-05T23:39:01.158635+02:00 suricata pcap uì`ÍO2021-05-05T23:39:01.158671+02:00 suricata pcap uì`P2021-05-05T23:39:01.158678+02:00 suricata pcap uì`ïQ2021-05-05T23:39:01.158716+02:00 suricata pcap <14>May  5 23:36:47 win10 Microsoft-Windows-Security-Auditing[4]: A handle to an object was requested.    Subject:  	Security ID:		S-1-5-18  	Account Name:		WIN10$  	Account Domain:		WORKGROUP  	Logon ID:		0x3E7    Object:  	Object Server:		Security  	Object Type:		Process  	Object Name:		\Device\HarddiskVolume2\Windows\System32\lsass.exe  	Handle ID:		0x798  	Resource Attributes:	-    Process Information:  	Process ID:		0xd84  	Process Name:		C:\Windows\System32\wbem\WmiPrvSE.exe    Access Request Information:  	Transaction ID:		{00000000-0000-0000-0000-000000000000}  	Accesses:		Read from process memory  				Query process information  				Undefined Access (no effect) Bit 12  				  	Access Reasons:		-  	Access Mask:		0x1410  	Privileges Used for Access Check:	-  	Restricted SID Count:	0
2021-05-05T23:39:01.158725+02:00 suricata pcap uì`_2021-05-05T23:39:01.158735+02:00 suricata pcap <14>May  5 23:36:47 win10 Microsoft-Windows-Security-Auditing[4]: A handle to an object was requested.    Subject:  	Security ID:		S-1-5-18  	Account Name:		WIN10$  	Account Domain:		WORKGROUP  	Logon ID:		0x3E7    Object:  	Object Server:		Security  	Object Type:		Process  	Object Name:		\Device\HarddiskVolume2\Windows\System32\lsass.exe  	Handle ID:		0x798  	Resource Attributes:	-    Process Information:  	Process ID:		0xd84  	Process Name:		C:\Windows\System32\wbem\WmiPrvSE.exe    Access Request Information:  	Transaction ID:		{00000000-0000-0000-0000-000000000000}  	Accesses:		Read from process memory  				Query process information  				Undefined Access (no effect) Bit 12  				  	Access Reasons:		-  	Access Mask:		0x1410  	Privileges Used for Access Check:	-  	Restricted SID Count:	0
2021-05-05T23:39:01.159256+02:00 suricata pcap uì`oa2021-05-05T23:39:01.159280+02:00 suricata pcap uì`jR2021-05-05T23:39:01.159289+02:00 suricata pcap uì`öS2021-05-05T23:39:01.159297+02:00 suricata pcap uì`Ëa2021-05-05T23:39:01.159307+02:00 suricata pcap <14>May  5 23:36:47 win10 Microsoft-Windows-Security-Auditing[4]: A handle to an object was requested.    Subject:  	Security ID:		S-1-5-18  	Account Name:		WIN10$  	Account Domain:		WORKGROUP  	Logon ID:		0x3E7    Object:  	Object Server:		Security  	Object Type:		Process  	Object Name:		\Device\HarddiskVolume2\Windows\System32\lsass.exe  	Handle ID:		0x5f0  	Resource Attributes:	-    Process Information:  	Process ID:		0xd84  	Process Name:		C:\Windows\System32\wbem\WmiPrvSE.exe    Access Request Information:  	Transaction ID:		{00000000-0000-0000-0000-000000000000}  	Accesses:		Read from process memory  				Query process information  				Undefined Access (no effect) Bit 12  				  	Access Reasons:		-  	Access Mask:		0x1410  	Privileges Used for Access Check:	-  	Restricted SID Count:	0
2021-05-05T23:39:01.159316+02:00 suricata pcap <14>May  5 23:36:47 win10 Microsoft-Windows-Security-Auditing[4]: An attempt was made to access an object.    Subject:  	Security ID:		S-1-5-18  	Account Name:		WIN10$  	Account Domain:		WORKGROUP  	Logon ID:		0x3E7    Object:  	Object Server:		Security  	Object Type:		Process  	Object Nuì`÷T2021-05-05T23:39:01.159694+02:00 suricata pcap uì`ØU2021-05-05T23:39:01.159705+02:00 suricata pcap <14>May  5 23:36:47 win10 Microsoft-Windows-Security-Auditing[4]: An attempt was made to duplicate a handle to an object.    Subject:  	Security ID:		S-1-5-18  	Account Name:		WIN10$  	Account Domain:		WORKGROUP  	Logon ID:		0x3E7    Source Handle Information:  	Source Handle ID:	0x468  	Source Process ID:	0xd84    New Handle Information:  	Target Handle ID:	0x3244  	Target Process ID:	0x4
2021-05-05T23:39:01.159712+02:00 suricata pcap uì`4d2021-05-05T23:39:01.159718+02:00 suricata pcap <14>May  5 23:36:48 win10 Microsoft-Windows-Security-Auditing[4]: An attempt was made to duplicate a handle to an object.    Subject:  	Security ID:		S-1-5-18  	Account Name:		WIN10$  	Account Domain:		WORKGROUP  	Logon ID:		0x3E7    Source Handle Information:  	Source Handle ID:	0x5f0  	Source Process ID:	0xd84    New Handle Information:  	Target Handle ID:	0x3244  	Target Process ID:	0x4
2021-05-05T23:39:01.159724+02:00 suricata pcap uì`8V2021-05-05T23:39:01.159731+02:00 suricata pcap <14>May  5 23:36:47 win10 Microsoft-Windows-Security-Auditing[4]: An attempt was made to duplicate a handle to an object.    Subject:  	Security ID:		S-1-5-18  	Account Name:		WIN10$  	Account Domain:		WORKGROUP  	Logon ID:		0x3E7    Source Handle Information:  	Source Handle ID:	0x468  	Source Process ID:	0xd84    New Handle Information:  	Target Handle ID:	0x3244  	Target Process ID:	0x4
2021-05-05T23:39:01.159738+02:00 suricata pcap uì`ıh2021-05-05T23:39:01.159748+02:00 suricata pcap <14>May  5 23:36:48 win10 Microsoft-Windows-Security-Auditing[4]: A handle to an object was requested.    Subject:  	Security ID:		S-1-5-18  	Account Name:		WIN10$  	Account Domain:		WORKGROUP  	Logon ID:		0x3E7    Object:  	Object Server:		Security  	Object Type:		Process  	Object Name:		\Device\HarddiskVolume2\Windows\System32\lsass.exe  	Handle ID:		0x5f0  	Resource Attributes:	-    Process Information:  	Process ID:		0xd84  	Process Name:		C:\Windows\System32\wbem\WmiPrvSE.exe    Access Request Information:  	Transaction ID:		{00000000-0000-0000-0000-000000000000}  	Accesses:		Read from process memory  				Query process information  				Undefined Access (no effect) Bit 12  				  	Access Reasons:		-  	Access Mask:		0x1410  	Privileges Used for Access Check:	-  	Restricted SID Count:	0
2021-05-05T23:39:01.160210+02:00 suricata pcap <14>May  5 23:36:48 win10 Microsoft-Windows-Security-Auditing[4]: An attempt was made to access an object.    Subject:  	Security ID:		S-1-5-18  	Account Name:		WIN10$  	Account Domain:		WORKGROUP  	Logon ID:		0x3E7    Object:  	Object Server:		Security  	Object Type:		Process  	Object Nuì`áW2021-05-05T23:39:01.160235+02:00 suricata pcap uì`X2021-05-05T23:39:01.160245+02:00 suricata pcap <14>May  5 23:36:47 win10 Microsoft-Windows-Security-Auditing[4]: A handle to an object was requested.    Subject:  	Security ID:		S-1-5-18  	Account Name:		WIN10$  	Account Domain:		WORKGROUP  	Logon ID:		0x3E7    Object:  	Object Server:		Security  	Object Type:		Process  	Object Name:		\Device\HarddiskVolume2\Windows\System32\lsass.exe  	Handle ID:		0x468  	Resource Attributes:	-    Process Information:  	Process ID:		0xd84  	Process Name:		C:\Windows\System32\wbem\WmiPrvSE.exe    Access Request Information:  	Transaction ID:		{00000000-0000-0000-0000-000000000000}  	Accesses:		Read from process memory  				Query process information  				Undefined Access (no effect) Bit 12  				  	Access Reasons:		-  	Access Mask:		0x1410  	Privileges Used for Access Check:	-  	Restricted SID Count:	0
2021-05-05T23:39:01.160251+02:00 suricata pcap uì`$n2021-05-05T23:39:01.160257+02:00 suricata pcap <14>May  5 23:36:48 win10 Microsoft-Windows-Security-Auditing[4]: An attempt was made to duplicate a handle to an object.    Subject:  	Security ID:		S-1-5-18  	Account Name:		WIN10$  	Account Domain:		WORKGROUP  	Logon ID:		0x3E7    Source Handle Information:  	Source Handle ID:	0x52c  	Source Process ID:	0xd84    New Handle Information:  	Target Handle ID:	0x3244  	Target Process ID:	0x4
2021-05-05T23:39:01.160264+02:00 suricata pcap <14>May  5 23:36:48 win10 Microsoft-Windows-Security-Auditing[4]: The handle to an object was closed.    Subject :  	Security ID:		S-1-5-18  	Account Name:		WIN10$  	Account Domain:		WORKGROUP  	Logon ID:		0x3E7    Object:  	Object Server:		Security  	Handle ID:		0x3244    Process Information:  	Process ID:		0xd84  	Process Name:		C:\Windows\System32\wbem\WmiPrvSE.exe
2021-05-05T23:39:01.160274+02:00 suricata pcap uì`BY2021-05-05T23:39:01.160291+02:00 suricata pcap <14>May  5 23:36:47 win10 Microsoft-Windows-Security-Auditing[4]: A handle to an object was requested.    Subject:  	Security ID:		S-1-5-18  	Account Name:		WIN10$  	Account Domain:		WORKGROUP  	Logon ID:		0x3E7    Object:  	Object Server:		Security  	Object Type:		Process  	Object Name:		\Device\HarddiskVolume2\Windows\System32\lsass.exe  	Handle ID:		0x468  	Resource Attributes:	-    Process Information:  	Process ID:		0xd84  	Process Name:		C:\Windows\System32\wbem\WmiPrvSE.exe    Access Request Information:  	Transaction ID:		{00000000-0000-0000-0000-000000000000}  	Accesses:		Read from process memory  				Query process information  				Undefined Access (no effect) Bit 12  				  	Access Reasons:		-  	Access Mask:		0x1410  	Privileges Used for Access Check:	-  	Restricted SID Count:	0
2021-05-05T23:39:01.160305+02:00 suricata pcap uì`RZ2021-05-05T23:39:01.160321+02:00 suricata pcap uì`¥[2021-05-05T23:39:01.160333+02:00 suricata pcap uì`~\2021-05-05T23:39:01.160343+02:00 suricata pcap uì`f^2021-05-05T23:39:01.160363+02:00 suricata pcap uì`i_2021-05-05T23:39:01.161238+02:00 suricata pcap <14>May  5 23:36:48 win10 Microsoft-Windows-Security-Auditing[4]: An attempt was made to access an object.    Subject:  	Security ID:		S-1-5-18  	Account Name:		WIN10$  	Account Domain:		WORKGROUP  	Logon ID:		0x3E7    Object:  	Object Server:		Security  	Object Type:		Process  	Object Name:		\Device\HarddiskVolume2\Windows\System32\lsass.exe  	Handle ID:		0x52c  	Resource Attributes:	-    Process Information:  	Process ID:		0xd84  	Process Name:		C:\Windows\System32\wbem\WmiPrvSE.exe    Access Request Information:  	Accesses:		Read from process memory  				  	Access Mask:		0x10
2021-05-05T23:39:01.161253+02:00 suricata pcap <14>May  5 23:36:48 win10 Microsoft-Windows-Security-Auditing[4]: The hanuì``2021-05-05T23:39:01.161260+02:00 suricata pcap uì`†`2021-05-05T23:39:01.161267+02:00 suricata pcap uì`ÿq2021-05-05T23:39:01.161276+02:00 suricata pcap uì`’r2021-05-05T23:39:01.161285+02:00 suricata pcap <14>May  5 23:36:47 win10 Microsoft-Windows-Security-Auditing[4]: A handle to an object was requested.    Subject:  	Security ID:		S-1-5-18  	Account Name:		WIN10$  	Account Domain:		WORKGROUP  	Logon ID:		0x3E7    Object:  	Object Server:		Security  	Object Type:		Process  	Object Name:		\Device\HarddiskVolume2\Windows\System32\lsass.exe  	Handle ID:		0x5f0  	Resource Attributes:	-    Process Information:  	Process ID:		0xd84  	Process Name:		C:\Windows\System32\wbem\WmiPrvSE.exe    Access Request Information:  	Transaction ID:		{00000000-0000-0000-0000-000000000000}  	Accesses:		Read from process memory  				Query process information  				Undefined Access (no effect) Bit 12  				  	Access Reasons:		-  	Access Mask:		0x1410  	Privileges Used for Access Check:	-  	Restricted SID Count:	0
2021-05-05T23:39:01.161294+02:00 suricata pcap <14>May  5 23:36:47 win10 Microsoft-Windows-Security-Auditing[4]: An attempt was made to access an object.    Subject:  	Security ID:		S-1-5-18  	Account Name:		WIN10$  	Account Domain:		WORKGROUP  	Logon ID:		0x3E7    Object:  	Object Server:		Security  	Object Type:		Process  	Object Nuì`@c2021-05-05T23:39:01.161304+02:00 suricata pcap uì`òc2021-05-05T23:39:01.161317+02:00 suricata pcap <14>May  5 23:36:47 win10 Microsoft-Windows-Security-Auditing[4]: A handle to an object was requested.    Subject:  	Security ID:		S-1-5-18  	Account Name:		WIN10$  	Account Domain:		WORKGROUP  	Logon ID:		0x3E7    Object:  	Object Server:		Security  	Object Type:		Process  	Object Name:		\Device\HarddiskVolume2\Windows\System32\lsass.exe  	Handle ID:		0x5f0  	Resource Attributes:	-    Process Information:  	Process ID:		0xd84  	Process Name:		C:\Windows\System32\wbem\WmiPrvSE.exe    Access Request Information:  	Transaction ID:		{00000000-0000-0000-0000-000000000000}  	Accesses:		Read from process memory  				Query process information  				Undefined Access (no effect) Bit 12  				  	Access Reasons:		-  	Access Mask:		0x1410  	Privileges Used for Access Check:	-  	Restricted SID Count:	0
2021-05-05T23:39:01.161326+02:00 suricata pcap <14>May  5 23:36:47 win10 Microsoft-Windows-Security-Auditing[4]: An attempt was made to access an object.    Subject:  	Security ID:		S-1-5-18  	Account Name:		WIN10$  	Account Domain:		WORKGROUP  	Logon ID:		0x3E7    Object:  	Object Server:		Security  	Object Type:		Process  	Object Nuì`¿c2021-05-05T23:39:01.161334+02:00 suricata pcap uì`vd2021-05-05T23:39:01.161340+02:00 suricata pcap <14>May  5 23:36:48 win10 Microsoft-Windows-Security-Auditing[4]: An attempt was made to duplicate a handle to an object.    Subject:  	Security ID:		S-1-5-18  	Account Name:		WIN10$  	Account Domain:		WORKGROUP  	Logon ID:		0x3E7    Source Handle Information:  	Source Handle ID:	0x5f0  	Source Process ID:	0xd84    New Handle Information:  	Target Handle ID:	0x3244  	Target Process ID:	0x4
2021-05-05T23:39:01.161346+02:00 suricata pcap uì`€e2021-05-05T23:39:01.161352+02:00 suricata pcap <14>May  5 23:36:48 win10 Microsoft-Windows-Security-Auditing[4]: An attempt was made to duplicate a handle to an object.    Subject:  	Security ID:		S-1-5-18  	Account Name:		WIN10$  	Account Domain:		WORKGROUP  	Logon ID:		0x3E7    Source Handle Information:  	Source Handle ID:	0x5f0  	Source Process ID:	0xd84    New Handle Information:  	Target Handle ID:	0x3244  	Target Process ID:	0x4
2021-05-05T23:39:01.161358+02:00 suricata pcap uì`≈g2021-05-05T23:39:01.161369+02:00 suricata pcap <14>May  5 23:36:48 win10 Microsoft-Windows-Security-Auditing[4]: A handle to an object was requested.    Subject:  	Security ID:		S-1-5-18  	Account Name:		WIN10$  	Account Domain:		WORKGROUP  	Logon ID:		0x3E7    Object:  	Object Server:		Security  	Object Type:		Process  	Object Name:		\Device\HarddiskVolume2\Windows\System32\lsass.exe  	Handle ID:		0x5f0  	Resource Attributes:	-    Process Information:  	Process ID:		0xd84  	Process Name:		C:\Windows\System32\wbem\WmiPrvSE.exe    Access Request Information:  	Transaction ID:		{00000000-0000-0000-0000-000000000000}  	Accesses:		Read from process memory  				Query process information  				Undefined Access (no effect) Bit 12  				  	Access Reasons:		-  	Access Mask:		0x1410  	Privileges Used for Access Check:	-  	Restricted SID Count:	0
2021-05-05T23:39:01.161378+02:00 suricata pcap <14>May  5 23:36:48 win10 Microsoft-Windows-Security-Auditing[4]: An attempt was made to access an object.    Subject:  	Security ID:		S-1-5-18  	Account Name:		WIN10$  	Account Domain:		WORKGROUP  	Logon ID:		0x3E7    Object:  	Object Server:		Security  	Object Type:		Process  	Object Nuì`Àg2021-05-05T23:39:01.161385+02:00 suricata pcap uì`èh2021-05-05T23:39:01.161394+02:00 suricata pcap <14>May  5 23:36:48 win10 Microsoft-Windows-Security-Auditing[4]: A handle to an object was requested.    Subject:  	Security ID:		S-1-5-18  	Account Name:		WIN10$  	Account Domain:		WORKGROUP  	Logon ID:		0x3E7    Object:  	Object Server:		Security  	Object Type:		Process  	Object Name:		\Device\HarddiskVolume2\Windows\System32\lsass.exe  	Handle ID:		0x5f0  	Resource Attributes:	-    Process Information:  	Process ID:		0xd84  	Process Name:		C:\Windows\System32\wbem\WmiPrvSE.exe    Access Request Information:  	Transaction ID:		{00000000-0000-0000-0000-000000000000}  	Accesses:		Read from process memory  				Query process information  				Undefined Access (no effect) Bit 12  				  	Access Reasons:		-  	Access Mask:		0x1410  	Privileges Used for Access Check:	-  	Restricted SID Count:	0
2021-05-05T23:39:01.161403+02:00 suricata pcap <14>May  5 23:36:48 win10 Microsoft-Windows-Security-Auditing[4]: An attempt was made to access an object.    Subject:  	Security ID:		S-1-5-18  	Account Name:		WIN10$  	Account Domain:		WORKGROUP  	Logon ID:		0x3E7    Object:  	Object Server:		Security  	Object Type:		Process  	Object Nuì`©h2021-05-05T23:39:01.161427+02:00 suricata pcap uì`>l2021-05-05T23:39:01.161434+02:00 suricata pcap <14>May  5 23:36:48 win10 Microsoft-Windows-Security-Auditing[4]: An attempt was made to duplicate a handle to an object.    Subject:  	Security ID:		S-1-5-18  	Account Name:		WIN10$  	Account Domain:		WORKGROUP  	Logon ID:		0x3E7    Source Handle Information:  	Source Handle ID:	0x52c  	Source Process ID:	0xd84    New Handle Information:  	Target Handle ID:	0x3244  	Target Process ID:	0x4
2021-05-05T23:39:01.161442+02:00 suricata pcap <14>May  5 23:36:48 win10 Microsoft-Windows-Security-Auditing[4]: The handle to an object was closed.    Subject :  	Security ID:		S-1-5-18  	Account Name:		WIN10$  	Account Domain:		WORKGROUP  	Logon ID:		0x3E7    Object:  	Object Server:		Security  	Handle ID:		0x3244    Process Information:  	Process ID:		0xd84  	Process Name:		C:\Windows\System32\wbem\WmiPrvSE.exe
2021-05-05T23:39:01.161453+02:00 suricata pcap uì`Ÿm2021-05-05T23:39:01.161459+02:00 suricata pcap <14>May  5 23:36:48 win10 Microsoft-Windows-Security-Auditing[4]: An attempt was made to duplicate a handle to an object.    Subject:  	Security ID:		S-1-5-18  	Account Name:		WIN10$  	Account Domain:		WORKGROUP  	Logon ID:		0x3E7    Source Handle Information:  	Source Handle ID:	0x52c  	Source Process ID:	0xd84    New Handle Information:  	Target Handle ID:	0x3244  	Target Process ID:	0x4
2021-05-05T23:39:01.161612+02:00 suricata pcap <14>May  5 23:36:48 win10 Microsoft-Windows-Security-Auditing[4]: The handle to an object was closed.    Subject :  	Security ID:		S-1-5-18  	Account Name:		WIN10$  	Account Domain:		WORKGROUP  	Logon ID:		0x3E7    Object:  	Object Server:		Security  	Handle ID:		0x3244    Process Information:  	Process ID:		0xd84  	Process Name:		C:\Windows\System32\wbem\WmiPrvSE.exe
2021-05-05T23:39:01.161643+02:00 suricata pcap uì`‹p2021-05-05T23:39:01.161656+02:00 suricata pcap <14>May  5 23:36:48 win10 Microsoft-Windows-Security-Auditing[4]: An attempt was made to access an object.    Subject:  	Security ID:		S-1-5-18  	Account Name:		WIN10$  	Account Domain:		WORKGROUP  	Logon ID:		0x3E7    Object:  	Object Server:		Security  	Object Type:		Process  	Object Name:		\Device\HarddiskVolume2\Windows\System32\lsass.exe  	Handle ID:		0x52c  	Resource Attributes:	-    Process Information:  	Process ID:		0xd84  	Process Name:		C:\Windows\System32\wbem\WmiPrvSE.exe    Access Request Information:  	Accesses:		Read from process memory  				  	Access Mask:		0x10
2021-05-05T23:39:01.161666+02:00 suricata pcap <14>May  5 23:36:48 win10 Microsoft-Windows-Security-Auditing[4]: The hanuì`Áp2021-05-05T23:39:02.157889+02:00 suricata pcap uì`]q2021-05-05T23:39:02.157933+02:00 suricata pcap <14>May  5 23:36:48 win10 Microsoft-Windows-Security-Auditing[4]: An attempt was made to access an object.    Subject:  	Security ID:		S-1-5-18  	Account Name:		WIN10$  	Account Domain:		WORKGROUP  	Logon ID:		0x3E7    Object:  	Object Server:		Security  	Object Type:		Process  	Object Name:		\Device\HarddiskVolume2\Windows\System32\lsass.exe  	Handle ID:		0x52c  	Resource Attributes:	-    Process Information:  	Process ID:		0xd84  	Process Name:		C:\Windows\System32\wbem\WmiPrvSE.exe    Access Request Information:  	Accesses:		Read from process memory  				  	Access Mask:		0x10
2021-05-05T23:39:02.157949+02:00 suricata pcap <14>May  5 23:36:48 win10 Microsoft-Windows-Security-Auditing[4]: The hanuì`wq2021-05-05T23:39:02.157961+02:00 suricata pcap uì`r2021-05-05T23:39:02.157967+02:00 suricata pcap 2021-05-05T23:39:02.157983+02:00 suricata pcap ¿®ã2021-05-05T23:39:02.157998+02:00 suricata pcap vì`Ic2021-05-05T23:39:02.158013+02:00 suricata pcap vì`Cd2021-05-05T23:39:02.158033+02:00 suricata pcap vì`„d2021-05-05T23:39:02.158996+02:00 suricata pcap <14>May  5 23:36:48 win10 Microsoft-Windows-Security-Auditing[4]: A handle to an object was requested.    Subject:  	Security ID:		S-1-5-18  	Account Name:		WIN10$  	Account Domain:		WORKGROUP  	Logon ID:		0x3E7    Object:  	Object Server:		Security  	Object Type:		Process  	Object Name:		\Device\HarddiskVolume2\Windows\System32\lsass.exe  	Handle ID:		0x5f0  	Resource Attributes:	-    Process Information:  	Process ID:		0xd84  	Process Name:		C:\Windows\System32\wbem\WmiPrvSE.exe    Access Request Information:  	Transaction ID:		{00000000-0000-0000-0000-000000000000}  	Accesses:		Read from process memory  				Query process information  				Undefined Access (no effect) Bit 12  				  	Access Reasons:		-  	Access Mask:		0x1410  	Privileges Used for Access Check:	-  	Restricted SID Count:	0
2021-05-05T23:39:02.159057+02:00 suricata pcap vì`®h2021-05-05T23:39:02.159081+02:00 suricata pcap <14>May  5 23:36:48 win10 Microsoft-Windows-Security-Auditing[4]: A handle to an object was requested.    Subject:  	Security ID:		S-1-5-18  	Account Name:		WIN10$  	Account Domain:		WORKGROUP  	Logon ID:		0x3E7    Object:  	Object Server:		Security  	Object Type:		Process  	Object Name:		\Device\HarddiskVolume2\Windows\System32\lsass.exe  	Handle ID:		0x5f0  	Resource Attributes:	-    Process Information:  	Process ID:		0xd84  	Process Name:		C:\Windows\System32\wbem\WmiPrvSE.exe    Access Request Information:  	Transaction ID:		{00000000-0000-0000-0000-000000000000}  	Accesses:		Read from process memory  				Query process information  				Undefined Access (no effect) Bit 12  				  	Access Reasons:		-  	Access Mask:		0x1410  	Privileges Used for Access Check:	-  	Restricted SID Count:	0
2021-05-05T23:39:02.159096+02:00 suricata pcap vì`Ói2021-05-05T23:39:02.159130+02:00 suricata pcap <14>May  5 23:36:48 win10 Microsoft-Windows-Security-Auditing[4]: A handle to an object was requested.    Subject:  	Security ID:		S-1-5-18  	Account Name:		WIN10$  	Account Domain:		WORKGROUP  	Logon ID:		0x3E7    Object:  	Object Server:		Security  	Object Type:		Process  	Object Name:		\Device\HarddiskVolume2\Windows\System32\lsass.exe  	Handle ID:		0x5f0  	Resource Attributes:	-    Process Information:  	Process ID:		0xd84  	Process Name:		C:\Windows\System32\wbem\WmiPrvSE.exe    Access Request Information:  	Transaction ID:		{00000000-0000-0000-0000-000000000000}  	Accesses:		Read from process memory  				Query process information  				Undefined Access (no effect) Bit 12  				  	Access Reasons:		-  	Access Mask:		0x1410  	Privileges Used for Access Check:	-  	Restricted SID Count:	0
2021-05-05T23:39:02.159155+02:00 suricata pcap vì`Æj2021-05-05T23:39:03.158650+02:00 suricata pcap <14>May  5 23:36:48 win10 Microsoft-Windows-Security-Auditing[4]: The handle to an object was closed.    Subject :  	Security ID:		S-1-5-18  	Account Name:		WIN10$  	Account Domain:		WORKGROUP  	Logon ID:		0x3E7    Object:  	Object Server:		Security  	Handle ID:		0x5f0    Process Information:  	Process ID:		0xd84  	Process Name:		C:\Windows\System32\wbem\WmiPrvSE.exe
2021-05-05T23:39:03.158725+02:00 suricata pcap vì`5m2021-05-05T23:39:03.158740+02:00 suricata pcap <14>May  5 23:36:48 win10 Microsoft-Windows-Security-Auditing[4]: The handle to an object was closed.    Subject :  	Security ID:		S-1-5-18  	Account Name:		WIN10$  	Account Domain:		WORKGROUP  	Logon ID:		0x3E7    Object:  	Object Server:		Security  	Handle ID:		0x5f0    Process Information:  	Process ID:		0xd84  	Process Name:		C:\Windows\System32\wbem\WmiPrvSE.exe
2021-05-05T23:39:03.158762+02:00 suricata pcap vì`¡l2021-05-05T23:39:03.158775+02:00 suricata pcap <14>May  5 23:36:48 win10 Microsoft-Windows-Security-Auditing[4]: The handle to an object was closed.    Subject :  	Security ID:		S-1-5-18  	Account Name:		WIN10$  	Account Domain:		WORKGROUP  	Logon ID:		0x3E7    Object:  	Object Server:		Security  	Handle ID:		0x5f0    Process Information:  	Process ID:		0xd84  	Process Name:		C:\Windows\System32\wbem\WmiPrvSE.exe
2021-05-05T23:39:03.158785+02:00 suricata pcap vì`Çm2021-05-05T23:39:03.158791+02:00 suricata pcap 2021-05-05T23:39:03.158796+02:00 suricata pcap 2021-05-05T23:39:03.158801+02:00 suricata pcap 2021-05-05T23:39:03.158817+02:00 suricata pcap ¿®ã2021-05-05T23:39:03.158834+02:00 suricata pcap wì`„h2021-05-05T23:39:03.158850+02:00 suricata pcap wì`Ôj2021-05-05T23:39:03.159834+02:00 suricata pcap <14>May  5 23:36:48 win10 Microsoft-Windows-Security-Auditing[4]: A handle to an object was requested.    Subject:  	Security ID:		S-1-5-18  	Account Name:		WIN10$  	Account Domain:		WORKGROUP  	Logon ID:		0x3E7    Object:  	Object Server:		Security  	Object Type:		Process  	Object Name:		\Device\HarddiskVolume2\Windows\System32\lsass.exe  	Handle ID:		0x52c  	Resource Attributes:	-    Process Information:  	Process ID:		0xd84  	Process Name:		C:\Windows\System32\wbem\WmiPrvSE.exe    Access Request Information:  	Transaction ID:		{00000000-0000-0000-0000-000000000000}  	Accesses:		Read from process memory  				Query process information  				Undefined Access (no effect) Bit 12  				  	Access Reasons:		-  	Access Mask:		0x1410  	Privileges Used for Access Check:	-  	Restricted SID Count:	0
2021-05-05T23:39:03.159942+02:00 suricata pcap <14>May  5 23:36:48 win10 Microsoft-Windows-Security-Auditing[4]: An attempt was made to access an object.    Subject:  	Security ID:		S-1-5-18  	Account Name:		WIN10$  	Account Domain:		WORKGROUP  	Logon ID:		0x3E7    Object:  	Object Server:		Security  	Object Type:		Process  	Object Nwì`˛j2021-05-05T23:39:03.159959+02:00 suricata pcap wì`,n2021-05-05T23:39:03.159973+02:00 suricata pcap wì`Úk2021-05-05T23:39:03.160005+02:00 suricata pcap <14>May  5 23:36:48 win10 Microsoft-Windows-Security-Auditing[4]: A handle to an object was requested.    Subject:  	Security ID:		S-1-5-18  	Account Name:		WIN10$  	Account Domain:		WORKGROUP  	Logon ID:		0x3E7    Object:  	Object Server:		Security  	Object Type:		Process  	Object Name:		\Device\HarddiskVolume2\Windows\System32\lsass.exe  	Handle ID:		0x52c  	Resource Attributes:	-    Process Information:  	Process ID:		0xd84  	Process Name:		C:\Windows\System32\wbem\WmiPrvSE.exe    Access Request Information:  	Transaction ID:		{00000000-0000-0000-0000-000000000000}  	Accesses:		Read from process memory  				Query process information  				Undefined Access (no effect) Bit 12  				  	Access Reasons:		-  	Access Mask:		0x1410  	Privileges Used for Access Check:	-  	Restricted SID Count:	0
2021-05-05T23:39:03.160027+02:00 suricata pcap <14>May  5 23:36:48 win10 Microsoft-Windows-Security-Auditing[4]: An attempt was made to access an object.    Subject:  	Security ID:		S-1-5-18  	Account Name:		WIN10$  	Account Domain:		WORKGROUP  	Logon ID:		0x3E7    Object:  	Object Server:		Security  	Object Type:		Process  	Object Nwì`Pn2021-05-05T23:39:03.161231+02:00 suricata pcap <14>May  5 23:36:48 win10 Microsoft-Windows-Security-Auditing[4]: A handle to an object was requested.    Subject:  	Security ID:		S-1-5-18  	Account Name:		WIN10$  	Account Domain:		WORKGROUP  	Logon ID:		0x3E7    Object:  	Object Server:		Security  	Object Type:		Process  	Object Name:		\Device\HarddiskVolume2\Windows\System32\lsass.exe  	Handle ID:		0x52c  	Resource Attributes:	-    Process Information:  	Process ID:		0xd84  	Process Name:		C:\Windows\System32\wbem\WmiPrvSE.exe    Access Request Information:  	Transaction ID:		{00000000-0000-0000-0000-000000000000}  	Accesses:		Read from process memory  				Query process information  				Undefined Access (no effect) Bit 12  				  	Access Reasons:		-  	Access Mask:		0x1410  	Privileges Used for Access Check:	-  	Restricted SID Count:	0
2021-05-05T23:39:03.161300+02:00 suricata pcap <14>May  5 23:36:48 win10 Microsoft-Windows-Security-Auditing[4]: An attempt was made to access an object.    Subject:  	Security ID:		S-1-5-18  	Account Name:		WIN10$  	Account Domain:		WORKGROUP  	Logon ID:		0x3E7    Object:  	Object Server:		Security  	Object Type:		Process  	Object Nwì`÷o2021-05-05T23:39:03.161314+02:00 suricata pcap wì`∫p2021-05-05T23:39:03.161330+02:00 suricata pcap wì`Jq2021-05-05T23:39:03.161343+02:00 suricata pcap <14>May  5 23:36:48 win10 Microsoft-Windows-Security-Auditing[4]: An attempt was made to duplicate a handle to an object.    Subject:  	Security ID:		S-1-5-18  	Account Name:		WIN10$  	Account Domain:		WORKGROUP  	Logon ID:		0x3E7    Source Handle Information:  	Source Handle ID:	0x5f0  	Source Process ID:	0xd84    New Handle Information:  	Target Handle ID:	0x3244  	Target Process ID:	0x4
2021-05-05T23:39:03.161354+02:00 suricata pcap <14>May  5 23:36:48 win10 Microsoft-Windows-Security-Auditing[4]: The handle to an object was closed.    Subject :  	Security ID:		S-1-5-18  	Account Name:		WIN10$  	Account Domain:		WORKGROUP  	Logon ID:		0x3E7    Object:  	Object Server:		Security  	Handle ID:		0x3244    Process Information:  	Process ID:		0xd84  	Process Name:		C:\Windows\System32\wbem\WmiPrvSE.exe
2021-05-05T23:39:03.161382+02:00 suricata pcap <14>May  5 23:36:48 win10 Microsoft-Windows-Security-Auditing[4]: A handle to an object was requested.    Subject:  	Security ID:		S-1-5-18  	Account Name:		WIN10$  	Account Domain:		WORKGROUP  	Logon ID:		0x3E7    Object:  	Object Server:		Security  	Object Type:		Process  	Object Name:		\Device\HarddiskVolume2\Windows\Swì`˜p2021-05-05T23:39:03.162647+02:00 suricata pcap wì`ßt2021-05-05T23:39:03.162687+02:00 suricata pcap <14>May  5 23:36:48 win10 Microsoft-Windows-Security-Auditing[4]: An attempt was made to duplicate a handle to an object.    Subject:  	Security ID:		S-1-5-18  	Account Name:		WIN10$  	Account Domain:		WORKGROUP  	Logon ID:		0x3E7    Source Handle Information:  	Source Handle ID:	0x5f0  	Source Process ID:	0xd84    New Handle Information:  	Target Handle ID:	0x3244  	Target Process ID:	0x4
2021-05-05T23:39:03.162699+02:00 suricata pcap <14>May  5 23:36:48 win10 Microsoft-Windows-Security-Auditing[4]: The handle to an object was closed.    Subject :  	Security ID:		S-1-5-18  	Account Name:		WIN10$  	Account Domain:		WORKGROUP  	Logon ID:		0x3E7    Object:  	Object Server:		Security  	Handle ID:		0x3244    Process Information:  	Process ID:		0xd84  	Process Name:		C:\Windows\System32\wbem\WmiPrvSE.exe
2021-05-05T23:39:03.162721+02:00 suricata pcap <14>May  5 23:36:48 win10 Microsoft-Windows-Security-Auditing[4]: A handle to an object was requested.    Subject:  	Security ID:		S-1-5-18  	Account Name:		WIN10$  	Account Domain:		WORKGROUP  	Logon ID:		0x3E7    Object:  	Object Server:		Security  	Object Type:		Process  	Object Name:		\Device\HarddiskVolume2\Windows\Swì`iy2021-05-05T23:39:03.162741+02:00 suricata pcap wì`úy2021-05-05T23:39:03.162752+02:00 suricata pcap <14>May  5 23:36:48 win10 Microsoft-Windows-Security-Auditing[4]: The handle to an object was closed.    Subject :  	Security ID:		S-1-5-18  	Account Name:		WIN10$  	Account Domain:		WORKGROUP  	Logon ID:		0x3E7    Object:  	Object Server:		Security  	Handle ID:		0x5f0    Process Information:  	Process ID:		0xd84  	Process Name:		C:\Windows\System32\wbem\WmiPrvSE.exe
2021-05-05T23:39:03.162765+02:00 suricata pcap <14>May  5 23:36:48 win10 Microsoft-Windows-Security-Auditing[4]: An attempt was made to duplicate a handle to an object.    Subject:  	Security ID:		S-1-5-18  	Account Name:		WIN10$  	Account Domain:		WORKGROUP  	Logon ID:		0x3E7    Source Handle Information:  	Source Handle ID:	0x438  	Source Process ID:	0xd84    New Handle Information:  	Target Handle ID:	0x3244  	Target Process ID:	0x4
2021-05-05T23:39:03.163470+02:00 suricata pcap <14>May  5 23:36:48 win10 Microsoft-Windows-Security-Auditing[4]: The handle to an object was closed.    Subwì`≠y2021-05-05T23:39:03.163495+02:00 suricata pcap <14>May  5 23:36:48 win10 Microsoft-Windows-Security-Auditing[4]: An attempt was made to duplicate a handle to an object.    Subject:  	Security ID:		S-1-5-18  	Account Name:		WIN10$  	Account Domain:		WORKGROUP  	Logon ID:		0x3E7    Source Handle Information:  	Source Handle ID:	0x5f0  	Source Process ID:	0xd84    New Handle Information:  	Target Handle ID:	0x3244  	Target Process ID:	0x4
2021-05-05T23:39:03.163507+02:00 suricata pcap <14>May  5 23:36:48 win10 Microsoft-Windows-Security-Auditing[4]: The handle to an object was closed.    Subject :  	Security ID:		S-1-5-18  	Account Name:		WIN10$  	Account Domain:		WORKGROUP  	Logon ID:		0x3E7    Object:  	Object Server:		Security  	Handle ID:		0x3244    Process Information:  	Process ID:		0xd84  	Process Name:		C:\Windows\System32\wbem\WmiPrvSE.exe
2021-05-05T23:39:03.163525+02:00 suricata pcap <14>May  5 23:36:48 win10 Microsoft-Windows-Security-Auditing[4]: A handle to an object was requested.    Subject:  	Security ID:		S-1-5-18  	Account Name:		WIN10$  	Account Domain:		WORKGROUP  	Logon ID:		0x3E7    Object:  	Object Server:		Security  	Object Type:		Process  	Object Name:		\Device\HarddiskVolume2\Windows\Swì`Gz2021-05-05T23:39:03.163544+02:00 suricata pcap wì`úz2021-05-05T23:39:03.163556+02:00 suricata pcap <14>May  5 23:36:48 win10 Microsoft-Windows-Security-Auditing[4]: The handle to an object was closed.    Subject :  	Security ID:		S-1-5-18  	Account Name:		WIN10$  	Account Domain:		WORKGROUP  	Logon ID:		0x3E7    Object:  	Object Server:		Security  	Handle ID:		0x5f0    Process Information:  	Process ID:		0xd84  	Process Name:		C:\Windows\System32\wbem\WmiPrvSE.exe
2021-05-05T23:39:03.163586+02:00 suricata pcap <14>May  5 23:36:48 win10 Microsoft-Windows-Security-Auditing[4]: An attempt was made to duplicate a handle to an object.    Subject:  	Security ID:		S-1-5-18  	Account Name:		WIN10$  	Account Domain:		WORKGROUP  	Logon ID:		0x3E7    Source Handle Information:  	Source Handle ID:	0x438  	Source Process ID:	0xd84    New Handle Information:  	Target Handle ID:	0x3244  	Target Process ID:	0x4
2021-05-05T23:39:03.163615+02:00 suricata pcap <14>May  5 23:36:48 win10 Microsoft-Windows-Security-Auditing[4]: The handle to an object was closed.    Subwì`øy2021-05-05T23:39:03.164517+02:00 suricata pcap wì`†z2021-05-05T23:39:03.164540+02:00 suricata pcap <14>May  5 23:36:48 win10 Microsoft-Windows-Security-Auditing[4]: The handle to an object was closed.    Subject :  	Security ID:		S-1-5-18  	Account Name:		WIN10$  	Account Domain:		WORKGROUP  	Logon ID:		0x3E7    Object:  	Object Server:		Security  	Handle ID:		0x5f0    Process Information:  	Process ID:		0xd84  	Process Name:		C:\Windows\System32\wbem\WmiPrvSE.exe
2021-05-05T23:39:03.164554+02:00 suricata pcap <14>May  5 23:36:48 win10 Microsoft-Windows-Security-Auditing[4]: An attempt was made to duplicate a handle to an object.    Subject:  	Security ID:		S-1-5-18  	Account Name:		WIN10$  	Account Domain:		WORKGROUP  	Logon ID:		0x3E7    Source Handle Information:  	Source Handle ID:	0x438  	Source Process ID:	0xd84    New Handle Information:  	Target Handle ID:	0x3244  	Target Process ID:	0x4
2021-05-05T23:39:03.164581+02:00 suricata pcap <14>May  5 23:36:48 win10 Microsoft-Windows-Security-Auditing[4]: The handle to an object was closed.    Subwì`ö|2021-05-05T23:39:03.164599+02:00 suricata pcap <14>May  5 23:36:48 win10 Microsoft-Windows-Security-Auditing[4]: An attempt was made to access an object.    Subject:  	Security ID:		S-1-5-18  	Account Name:		WIN10$  	Account Domain:		WORKGROUP  	Logon ID:		0x3E7    Object:  	Object Server:		Security  	Object Type:		Process  	Object Name:		\Device\HarddiskVolume2\Windows\System32\lsass.exe  	Handle ID:		0x438  	Resource Attributes:	-    Process Information:  	Process ID:		0xd84  	Process Name:		C:\Windows\System32\wbem\WmiPrvSE.exe    Access Request Information:  	Accesses:		Read from process memory  				  	Access Mask:		0x10
2021-05-05T23:39:03.164615+02:00 suricata pcap <14>May  5 23:36:48 win10 Microsoft-Windows-Security-Auditing[4]: The hanwì`äz2021-05-05T23:39:03.164626+02:00 suricata pcap wì`˜~2021-05-05T23:39:03.164637+02:00 suricata pcap wì`~~2021-05-05T23:39:03.167140+02:00 suricata pcap wì`	2021-05-05T23:39:03.167165+02:00 suricata pcap <14>May  5 23:36:48 win10 Microsoft-Windows-Security-Auditing[4]: The handle to an object was closed.    Subject :  	Security ID:		S-1-5-18  	Account Name:		WIN10$  	Account Domain:		WORKGROUP  	Logon ID:		0x3E7    Object:  	Object Server:		Security  	Handle ID:		0x3244    Process Information:  	Process ID:		0xd84  	Process Name:		C:\Windows\System32\wbem\WmiPrvSE.exe
2021-05-05T23:39:03.167188+02:00 suricata pcap <14>May  5 23:36:48 win10 Microsoft-Windows-Security-Auditing[4]: A handle to an object was requested.    Subject:  	Security ID:		S-1-5-18  	Account Name:		WIN10$  	Account Domain:		WORKGROUP  	Logon ID:		0x3E7    Object:  	Object Server:		Security  	Object Type:		Process  	Object Name:		\Device\HarddiskVolume2\Windows\System32\lsass.exe  	Handle ID:		0x618  	Resource Attributes:	-    Process Information:  	Process ID:		0xd84  	Process Name:		C:\Windows\System32\wbem\WmiPrvSE.exe    Access Request Information:  	Transaction ID:		{00000000-0000-0000-0000-000000000000}  	Accesses:		Read from process memory  				Query process information  				Undefined Access (no effect) Bit 12  				  	Awì`çÄ2021-05-05T23:39:03.167218+02:00 suricata pcap wì`ùä2021-05-05T23:39:03.167235+02:00 suricata pcap <14>May  5 23:36:48 win10 Microsoft-Windows-Security-Auditing[4]: An attempt was made to access an object.    Subject:  	Security ID:		S-1-5-18  	Account Name:		WIN10$  	Account Domain:		WORKGROUP  	Logon ID:		0x3E7    Object:  	Object Server:		Security  	Object Type:		Process  	Object Name:		\Device\HarddiskVolume2\Windows\System32\lsass.exe  	Handle ID:		0x438  	Resource Attributes:	-    Process Information:  	Process ID:		0xd84  	Process Name:		C:\Windows\System32\wbem\WmiPrvSE.exe    Access Request Information:  	Accesses:		Read from process memory  				  	Access Mask:		0x10
