2021-05-05T23:08:07.877329+02:00 suricata pcap <14>May  5 23:05:55 win10 Microsoft-Windows-Security-Auditing[4]: A handle to an object was requested.    Subject:  	Security ID:		S-1-5-18  	Account Name:		WIN10$  	Account Domain:		WORKGROUP  	Logon ID:		0x3E7    Object:  	Object Server:		Security  	Object Type:		Process  	Object Name:		\Device\H7	ì`ha2021-05-05T23:08:07.877346+02:00 suricata pcap 7	ì`áa2021-05-05T23:08:07.877359+02:00 suricata pcap 7	ì`‚a2021-05-05T23:08:08.869153+02:00 suricata pcap <14>May  5 23:05:55 win10 Microsoft-Windows-Security-Auditing[4]: The handle to an object was closed.    Subject :  	Security ID:		S-1-5-18  	Account Name:		WIN10$  	Account Domain:		WORKGROUP  	Logon ID:		0x3E7    Object:  	Object Server:		Security  	Handle ID:		0x794    Process Information:  	Process ID:		0xdc4  	Process Name:		C:\Program Files\VMware\VMware Tools\vmtoolsd.exe
2021-05-05T23:08:08.869234+02:00 suricata pcap <14>May  5 23:05:55 win10 Microsoft-Windows-Security-Auditing[4]: The handle to an object was closed.    Subject :  	Security ID:		S-1-5-18  	Account Name:		WIN10$  	Account Domain:		WORKGROUP  	Logon ID:		0x3E7    Object:  	Object Server:		Security  	Handle ID:		0x3ac    Process Information:  	Process ID:		0xdc4  	Process Name:		C:\Program Files\VMware\VMware Tools\vmtoolsd.exe
2021-05-05T23:08:08.869310+02:00 suricata pcap 7	ì`gb2021-05-05T23:08:08.869323+02:00 suricata pcap <14>May  5 23:05:55 win10 Microsoft-Windows-Security-Auditing[4]: The handle to an object was closed.    Subject :  	Security ID:		S-1-5-18  	Account Name:		WIN10$  	Account Domain:		WORKGROUP  	Logon ID:		0x3E7    Object:  	Object Server:		Security  	Handle ID:		0x794    Process Information:  	Process ID:		0xdc4  	Process Name:		C:\Program Files\VMware\VMware Tools\vmtoolsd.exe
2021-05-05T23:08:08.869337+02:00 suricata pcap <14>May  5 23:05:55 win10 Microsoft-Windows-Security-Auditing[4]: The handle to an object was closed.    Subject :  	Security ID:		S-1-5-18  	Account Name:		WIN10$  	Account Domain:		WORKGROUP  	Logon ID:		0x3E7    Object:  	Object Server:		Security  	Handle ID:		0x3ac    Process Information:  	Process ID:		0xdc4  	Process Name:		C:\Program Files\VMware\VMware Tools\vmtoolsd.exe
2021-05-05T23:08:08.869356+02:00 suricata pcap 7	ì`œb2021-05-05T23:08:08.869369+02:00 suricata pcap <14>May  5 23:05:55 win10 Microsoft-Windows-Security-Auditing[4]: The handle to an object was closed.    Subject :  	Security ID:		S-1-5-18  	Account Name:		WIN10$  	Account Domain:		WORKGROUP  	Logon ID:		0x3E7    Object:  	Object Server:		Security  	Handle ID:		0x794    Process Information:  	Process ID:		0xdc4  	Process Name:		C:\Program Files\VMware\VMware Tools\vmtoolsd.exe
2021-05-05T23:08:08.869381+02:00 suricata pcap <14>May  5 23:05:55 win10 Microsoft-Windows-Security-Auditing[4]: The handle to an object was closed.    Subject :  	Security ID:		S-1-5-18  	Account Name:		WIN10$  	Account Domain:		WORKGROUP  	Logon ID:		0x3E7    Object:  	Object Server:		Security  	Handle ID:		0x3ac    Process Information:  	Process ID:		0xdc4  	Process Name:		C:\Program Files\VMware\VMware Tools\vmtoolsd.exe
2021-05-05T23:08:08.869416+02:00 suricata pcap 7	ì`Ûi2021-05-05T23:08:08.869422+02:00 suricata pcap 2021-05-05T23:08:08.870241+02:00 suricata pcap ¿®ã2021-05-05T23:08:08.870267+02:00 suricata pcap 8	ì`tB2021-05-05T23:08:08.870311+02:00 suricata pcap 8	ì`éC2021-05-05T23:08:08.870344+02:00 suricata pcap 8	ì`D2021-05-05T23:08:08.870386+02:00 suricata pcap <14>May  5 23:05:55 win10 Microsoft-Windows-Security-Auditing[4]: A handle to an object was requested.    Subject:  	Security ID:		S-1-5-18  	Account Name:		WIN10$  	Account Domain:		WORKGROUP  	Logon ID:		0x3E7    Object:  	Object Server:		Security  	Object Type:		Process  	Object Name:		\Device\HarddiskVolume2\Windows\System32\lsass.exe  	Handle ID:		0x7d0  	Resource Attributes:	-    Process Information:  	Process ID:		0xd84  	Process Name:		C:\Windows\System32\wbem\WmiPrvSE.exe    Access Request Information:  	Transaction ID:		{00000000-0000-0000-0000-000000000000}  	Accesses:		Read from process memory  				Query process information  				Undefined Access (no effect) Bit 12  				  	Access Reasons:		-  	Access Mask:		0x1410  	Privileges Used for Access Check:	-  	Restricted SID Count:	0
2021-05-05T23:08:08.870405+02:00 suricata pcap <14>May  5 23:05:55 win10 Microsoft-Windows-Security-Auditing[4]: An attempt was made to access an object.    Subject:  	Security ID:		S-1-5-18  	Account Name:		WIN10$  	Account Domain:		WORKGROUP  	Logon ID:		0x3E7    Object:  	Object Server:		Security  	Object Type:		Process  	Object N8	ì`)F2021-05-05T23:08:08.870419+02:00 suricata pcap 8	ì`ÀF2021-05-05T23:08:08.872174+02:00 suricata pcap <14>May  5 23:05:55 win10 Microsoft-Windows-Security-Auditing[4]: A handle to an object was requested.    Subject:  	Security ID:		S-1-5-18  	Account Name:		WIN10$  	Account Domain:		WORKGROUP  	Logon ID:		0x3E7    Object:  	Object Server:		Security  	Object Type:		Process  	Object Name:		\Device\HarddiskVolume2\Windows\System32\lsass.exe  	Handle ID:		0x7d0  	Resource Attributes:	-    Process Information:  	Process ID:		0xd84  	Process Name:		C:\Windows\System32\wbem\WmiPrvSE.exe    Access Request Information:  	Transaction ID:		{00000000-0000-0000-0000-000000000000}  	Accesses:		Read from process memory  				Query process information  				Undefined Access (no effect) Bit 12  				  	Access Reasons:		-  	Access Mask:		0x1410  	Privileges Used for Access Check:	-  	Restricted SID Count:	0
2021-05-05T23:08:08.872228+02:00 suricata pcap <14>May  5 23:05:55 win10 Microsoft-Windows-Security-Auditing[4]: An attempt was made to access an object.    Subject:  	Security ID:		S-1-5-18  	Account Name:		WIN10$  	Account Domain:		WORKGROUP  	Logon ID:		0x3E7    Object:  	Object Server:		Security  	Object Type:		Process  	Object N8	ì`‹F2021-05-05T23:08:08.872244+02:00 suricata pcap 8	ì`IG2021-05-05T23:08:08.872267+02:00 suricata pcap <14>May  5 23:05:55 win10 Microsoft-Windows-Security-Auditing[4]: A handle to an object was requested.    Subject:  	Security ID:		S-1-5-18  	Account Name:		WIN10$  	Account Domain:		WORKGROUP  	Logon ID:		0x3E7    Object:  	Object Server:		Security  	Object Type:		Process  	Object Name:		\Device\HarddiskVolume2\Windows\System32\lsass.exe  	Handle ID:		0x7d0  	Resource Attributes:	-    Process Information:  	Process ID:		0xd84  	Process Name:		C:\Windows\System32\wbem\WmiPrvSE.exe    Access Request Information:  	Transaction ID:		{00000000-0000-0000-0000-000000000000}  	Accesses:		Read from process memory  				Query process information  				Undefined Access (no effect) Bit 12  				  	Access Reasons:		-  	Access Mask:		0x1410  	Privileges Used for Access Check:	-  	Restricted SID Count:	0
2021-05-05T23:08:08.872287+02:00 suricata pcap <14>May  5 23:05:55 win10 Microsoft-Windows-Security-Auditing[4]: An attempt was made to access an object.    Subject:  	Security ID:		S-1-5-18  	Account Name:		WIN10$  	Account Domain:		WORKGROUP  	Logon ID:		0x3E7    Object:  	Object Server:		Security  	Object Type:		Process  	Object N8	ì`êG2021-05-05T23:08:08.872308+02:00 suricata pcap 8	ì`„G2021-05-05T23:08:08.872321+02:00 suricata pcap <14>May  5 23:05:55 win10 Microsoft-Windows-Security-Auditing[4]: An attempt was made to duplicate a handle to an object.    Subject:  	Security ID:		S-1-5-18  	Account Name:		WIN10$  	Account Domain:		WORKGROUP  	Logon ID:		0x3E7    Source Handle Information:  	Source Handle ID:	0x554  	Source Process ID:	0xd84    New Handle Information:  	Target Handle ID:	0x2418  	Target Process ID:	0x4
2021-05-05T23:08:08.872794+02:00 suricata pcap <14>May  5 23:05:55 win10 Microsoft-Windows-Security-Auditing[4]: The handle to an object was closed.    Subject :  	Security ID:		S-1-5-18  	Account Name:		WIN10$  	Account Domain:		WORKGROUP  	Logon ID:		0x3E7    Object:  	Object Server:		Security  	Handle ID:		0x2418    Process Information:  	Process ID:		0xd84  	Process Name:		C:\Windows\System32\wbem\WmiPrvSE.exe
2021-05-05T23:08:08.872854+02:00 suricata pcap <14>May  5 23:05:55 win10 Microsoft-Windows-Security-Auditing[4]: A handle to an object was requested.    Subject:  	Security ID:		S-1-5-18  	Account Name:		WIN10$  	Account Domain:		WORKGROUP  	Logon ID:		0x3E7    Object:  	Object Server:		Security  	Object Type:		Process  	Object Name:		\Device\HarddiskVolume2\Windows\S8	ì`EN2021-05-05T23:08:08.872871+02:00 suricata pcap 8	ì`„N2021-05-05T23:08:08.872884+02:00 suricata pcap <14>May  5 23:05:55 win10 Microsoft-Windows-Security-Auditing[4]: An attempt was made to duplicate a handle to an object.    Subject:  	Security ID:		S-1-5-18  	Account Name:		WIN10$  	Account Domain:		WORKGROUP  	Logon ID:		0x3E7    Source Handle Information:  	Source Handle ID:	0x554  	Source Process ID:	0xd84    New Handle Information:  	Target Handle ID:	0x2418  	Target Process ID:	0x4
2021-05-05T23:08:08.872896+02:00 suricata pcap <14>May  5 23:05:55 win10 Microsoft-Windows-Security-Auditing[4]: The handle to an object was closed.    Subject :  	Security ID:		S-1-5-18  	Account Name:		WIN10$  	Account Domain:		WORKGROUP  	Logon ID:		0x3E7    Object:  	Object Server:		Security  	Handle ID:		0x2418    Process Information:  	Process ID:		0xd84  	Process Name:		C:\Windows\System32\wbem\WmiPrvSE.exe
2021-05-05T23:08:08.872919+02:00 suricata pcap <14>May  5 23:05:55 win10 Microsoft-Windows-Security-Auditing[4]: A handle to an object was requested.    Subject:  	Security ID:		S-1-5-18  	Account Name:		WIN10$  	Account Domain:		WORKGROUP  	Logon ID:		0x3E7    Object:  	Object Server:		Security  	Object Type:		Process  	Object Name:		\Device\HarddiskVolume2\Windows\S8	ì`O2021-05-05T23:08:08.872933+02:00 suricata pcap 8	ì`)P2021-05-05T23:08:08.873744+02:00 suricata pcap <14>May  5 23:05:55 win10 Microsoft-Windows-Security-Auditing[4]: An attempt was made to duplicate a handle to an object.    Subject:  	Security ID:		S-1-5-18  	Account Name:		WIN10$  	Account Domain:		WORKGROUP  	Logon ID:		0x3E7    Source Handle Information:  	Source Handle ID:	0x554  	Source Process ID:	0xd84    New Handle Information:  	Target Handle ID:	0x2418  	Target Process ID:	0x4
2021-05-05T23:08:08.873765+02:00 suricata pcap <14>May  5 23:05:55 win10 Microsoft-Windows-Security-Auditing[4]: The handle to an object was closed.    Subject :  	Security ID:		S-1-5-18  	Account Name:		WIN10$  	Account Domain:		WORKGROUP  	Logon ID:		0x3E7    Object:  	Object Server:		Security  	Handle ID:		0x2418    Process Information:  	Process ID:		0xd84  	Process Name:		C:\Windows\System32\wbem\WmiPrvSE.exe
2021-05-05T23:08:08.873788+02:00 suricata pcap <14>May  5 23:05:55 win10 Microsoft-Windows-Security-Auditing[4]: A handle to an object was requested.    Subject:  	Security ID:		S-1-5-18  	Account Name:		WIN10$  	Account Domain:		WORKGROUP  	Logon ID:		0x3E7    Object:  	Object Server:		Security  	Object Type:		Process  	Object Name:		\Device\HarddiskVolume2\Windows\S8	ì`:P2021-05-05T23:08:08.873810+02:00 suricata pcap 8	ì`ìP2021-05-05T23:08:08.873823+02:00 suricata pcap <14>May  5 23:05:55 win10 Microsoft-Windows-Security-Auditing[4]: The handle to an object was closed.    Subject :  	Security ID:		S-1-5-18  	Account Name:		WIN10$  	Account Domain:		WORKGROUP  	Logon ID:		0x3E7    Object:  	Object Server:		Security  	Handle ID:		0x554    Process Information:  	Process ID:		0xd84  	Process Name:		C:\Windows\System32\wbem\WmiPrvSE.exe
2021-05-05T23:08:08.873842+02:00 suricata pcap 8	ì`S2021-05-05T23:08:08.873934+02:00 suricata pcap <14>May  5 23:05:55 win10 Microsoft-Windows-Security-Auditing[4]: The handle to an object was closed.    Subject :  	Security ID:		S-1-5-18  	Account Name:		WIN10$  	Account Domain:		WORKGROUP  	Logon ID:		0x3E7    Object:  	Object Server:		Security  	Handle ID:		0x554    Process Information:  	Process ID:		0xd84  	Process Name:		C:\Windows\System32\wbem\WmiPrvSE.exe
2021-05-05T23:08:08.875053+02:00 suricata pcap 8	ì`¢S2021-05-05T23:08:08.875074+02:00 suricata pcap <14>May  5 23:05:55 win10 Microsoft-Windows-Security-Auditing[4]: The handle to an object was closed.    Subject :  	Security ID:		S-1-5-18  	Account Name:		WIN10$  	Account Domain:		WORKGROUP  	Logon ID:		0x3E7    Object:  	Object Server:		Security  	Handle ID:		0x554    Process Information:  	Process ID:		0xd84  	Process Name:		C:\Windows\System32\wbem\WmiPrvSE.exe
2021-05-05T23:08:08.875092+02:00 suricata pcap 8	ì`»S2021-05-05T23:08:08.875106+02:00 suricata pcap <14>May  5 23:05:55 win10 Microsoft-Windows-Security-Auditing[4]: The handle to an object was closed.    Subject :  	Security ID:		S-1-5-18  	Account Name:		WIN10$  	Account Domain:		WORKGROUP  	Logon ID:		0x3E7    Object:  	Object Server:		Security  	Handle ID:		0x36a8    Process Information:  	Process ID:		0xd84  	Process Name:		C:\Windows\System32\wbem\WmiPrvSE.exe
2021-05-05T23:08:08.875120+02:00 suricata pcap 8	ì`MV2021-05-05T23:08:08.875131+02:00 suricata pcap <14>May  5 23:05:55 win10 Microsoft-Windows-Security-Auditing[4]: The handle to an object was closed.    Subject :  	Security ID:		S-1-5-18  	Account Name:		WIN10$  	Account Domain:		WORKGROUP  	Logon ID:		0x3E7    Object:  	Object Server:		Security  	Handle ID:		0x36a8    Process Information:  	Process ID:		0xd84  	Process Name:		C:\Windows\System32\wbem\WmiPrvSE.exe
2021-05-05T23:08:08.875146+02:00 suricata pcap 8	ì`®V2021-05-05T23:08:08.875159+02:00 suricata pcap <14>May  5 23:05:55 win10 Microsoft-Windows-Security-Auditing[4]: The handle to an object was closed.    Subject :  	Security ID:		S-1-5-18  	Account Name:		WIN10$  	Account Domain:		WORKGROUP  	Logon ID:		0x3E7    Object:  	Object Server:		Security  	Handle ID:		0x36a8    Process Information:  	Process ID:		0xd84  	Process Name:		C:\Windows\System32\wbem\WmiPrvSE.exe
2021-05-05T23:08:08.875446+02:00 suricata pcap 8	ì`∫V2021-05-05T23:08:08.875480+02:00 suricata pcap <14>May  5 23:05:55 win10 Microsoft-Windows-Security-Auditing[4]: An attempt was made to access an object.    Subject:  	Security ID:		S-1-5-18  	Account Name:		WIN10$  	Account Domain:		WORKGROUP  	Logon ID:		0x3E7    Object:  	Object Server:		Security  	Object Type:		Process  	Object Name:		\Device\HarddiskVolume2\Windows\System32\lsass.exe  	Handle ID:		0x79c  	Resource Attributes:	-    Process Information:  	Process ID:		0xd84  	Process Name:		C:\Windows\System32\wbem\WmiPrvSE.exe    Access Request Information:  	Accesses:		Read from process memory  				  	Access Mask:		0x10
2021-05-05T23:08:08.875508+02:00 suricata pcap 8	ì`Z2021-05-05T23:08:08.875532+02:00 suricata pcap 8	ì`hZ2021-05-05T23:08:08.875549+02:00 suricata pcap <14>May  5 23:05:55 win10 Microsoft-Windows-Security-Auditing[4]: An attempt was made to access an object.    Subject:  	Security ID:		S-1-5-18  	Account Name:		WIN10$  	Account Domain:		WORKGROUP  	Logon ID:		0x3E7    Object:  	Object Server:		Security  	Object Type:		Process  	Object Name:		\Device\HarddiskVolume2\Windows\System32\lsass.exe  	Handle ID:		0x79c  	Resource Attributes:	-    Process Information:  	Process ID:		0xd84  	Process Name:		C:\Windows\System32\wbem\WmiPrvSE.exe    Access Request Information:  	Accesses:		Read from process memory  				  	Access Mask:		0x10
2021-05-05T23:08:08.875602+02:00 suricata pcap 8	ì`ÖZ2021-05-05T23:08:08.876468+02:00 suricata pcap 8	ì`⁄Z2021-05-05T23:08:08.876492+02:00 suricata pcap <14>May  5 23:05:55 win10 Microsoft-Windows-Security-Auditing[4]: An attempt was made to access an object.    Subject:  	Security ID:		S-1-5-18  	Account Name:		WIN10$  	Account Domain:		WORKGROUP  	Logon ID:		0x3E7    Object:  	Object Server:		Security  	Object Type:		Process  	Object Name:		\Device\HarddiskVolume2\Windows\System32\lsass.exe  	Handle ID:		0x79c  	Resource Attributes:	-    Process Information:  	Process ID:		0xd84  	Process Name:		C:\Windows\System32\wbem\WmiPrvSE.exe    Access Request Information:  	Accesses:		Read from process memory  				  	Access Mask:		0x10
2021-05-05T23:08:08.876507+02:00 suricata pcap 8	ì`[2021-05-05T23:08:08.876525+02:00 suricata pcap 8	ì`%[2021-05-05T23:08:08.876537+02:00 suricata pcap <14>May  5 23:05:55 win10 Microsoft-Windows-Security-Auditing[4]: The handle to an object was closed.    Subject :  	Security ID:		S-1-5-18  	Account Name:		WIN10$  	Account Domain:		WORKGROUP  	Logon ID:		0x3E7    Object:  	Object Server:		Security  	Handle ID:		0x36a8    Process Information:  	Process ID:		0xd84  	Process Name:		C:\Windows\System32\wbem\WmiPrvSE.exe
2021-05-05T23:08:08.876550+02:00 suricata pcap 8	ì`µ]2021-05-05T23:08:08.876561+02:00 suricata pcap <14>May  5 23:05:55 win10 Microsoft-Windows-Security-Auditing[4]: The handle to an object was closed.    Subject :  	Security ID:		S-1-5-18  	Account Name:		WIN10$  	Account Domain:		WORKGROUP  	Logon ID:		0x3E7    Object:  	Object Server:		Security  	Handle ID:		0x36a8    Process Information:  	Process ID:		0xd84  	Process Name:		C:\Windows\System32\wbem\WmiPrvSE.exe
2021-05-05T23:08:08.876575+02:00 suricata pcap 8	ì`^2021-05-05T23:08:08.876587+02:00 suricata pcap <14>May  5 23:05:55 win10 Microsoft-Windows-Security-Auditing[4]: The handle to an object was closed.    Subject :  	Security ID:		S-1-5-18  	Account Name:		WIN10$  	Account Domain:		WORKGROUP  	Logon ID:		0x3E7    Object:  	Object Server:		Security  	Handle ID:		0x36a8    Process Information:  	Process ID:		0xd84  	Process Name:		C:\Windows\System32\wbem\WmiPrvSE.exe
2021-05-05T23:08:08.877683+02:00 suricata pcap 8	ì`K^2021-05-05T23:08:08.877723+02:00 suricata pcap 8	ì`ì`2021-05-05T23:08:08.877749+02:00 suricata pcap 8	ì`a2021-05-05T23:08:08.877773+02:00 suricata pcap 8	ì`?a2021-05-05T23:08:08.880627+02:00 suricata pcap 8	ì`gc2021-05-05T23:08:08.880656+02:00 suricata pcap 8	ì`·c2021-05-05T23:08:08.880674+02:00 suricata pcap 8	ì`Od2021-05-05T23:08:08.880690+02:00 suricata pcap 8	ì`´f2021-05-05T23:08:08.880704+02:00 suricata pcap 8	ì` g2021-05-05T23:08:08.880722+02:00 suricata pcap 8	ì`Çg2021-05-05T23:08:08.880734+02:00 suricata pcap <14>May  5 23:05:55 win10 Microsoft-Windows-Security-Auditing[4]: The handle to an object was closed.    Subject :  	Security ID:		S-1-5-18  	Account Name:		WIN10$  	Account Domain:		WORKGROUP  	Logon ID:		0x3E7    Object:  	Object Server:		Security  	Handle ID:		0x2418    Process Information:  	Process ID:		0xd84  	Process Name:		C:\Windows\System32\wbem\WmiPrvSE.exe
2021-05-05T23:08:08.880749+02:00 suricata pcap 8	ì`o2021-05-05T23:08:08.881106+02:00 suricata pcap <14>May  5 23:05:55 win10 Microsoft-Windows-Security-Auditing[4]: The handle to an object was closed.    Subject :  	Security ID:		S-1-5-18  	Account Name:		WIN10$  	Account Domain:		WORKGROUP  	Logon ID:		0x3E7    Object:  	Object Server:		Security  	Handle ID:		0x2418    Process Information:  	Process ID:		0xd84  	Process Name:		C:\Windows\System32\wbem\WmiPrvSE.exe
2021-05-05T23:08:08.881128+02:00 suricata pcap 8	ì`fo2021-05-05T23:08:08.881140+02:00 suricata pcap <14>May  5 23:05:55 win10 Microsoft-Windows-Security-Auditing[4]: The handle to an object was closed.    Subject :  	Security ID:		S-1-5-18  	Account Name:		WIN10$  	Account Domain:		WORKGROUP  	Logon ID:		0x3E7    Object:  	Object Server:		Security  	Handle ID:		0x2418    Process Information:  	Process ID:		0xd84  	Process Name:		C:\Windows\System32\wbem\WmiPrvSE.exe
2021-05-05T23:08:08.881188+02:00 suricata pcap 8	ì`©o2021-05-05T23:08:08.881205+02:00 suricata pcap <14>May  5 23:05:55 win10 Microsoft-Windows-Security-Auditing[4]: An attempt was made to access an object.    Subject:  	Security ID:		S-1-5-18  	Account Name:		WIN10$  	Account Domain:		WORKGROUP  	Logon ID:		0x3E7    Object:  	Object Server:		Security  	Object Type:		Process  	Object Name:		\Device\HarddiskVolume2\Windows\System32\lsass.exe  	Handle ID:		0x554  	Resource Attributes:	-    Process Information:  	Process ID:		0xd84  	Process Name:		C:\Windows\System32\wbem\WmiPrvSE.exe    Access Request Information:  	Accesses:		Read from process memory  				  	Access Mask:		0x10
2021-05-05T23:08:08.881232+02:00 suricata pcap <14>May  5 23:05:55 win10 Microsoft-Windows-Security-Auditing[4]: The han8	ì`€p2021-05-05T23:08:08.881748+02:00 suricata pcap <14>May  5 23:05:55 win10 Microsoft-Windows-Security-Auditing[4]: An attempt was made to access an object.    Subject:  	Security ID:		S-1-5-18  	Account Name:		WIN10$  	Account Domain:		WORKGROUP  	Logon ID:		0x3E7    Object:  	Object Server:		Security  	Object Type:		Process  	Object Name:		\Device\HarddiskVolume2\Windows\System32\lsass.exe  	Handle ID:		0x554  	Resource Attributes:	-    Process Information:  	Process ID:		0xd84  	Process Name:		C:\Windows\System32\wbem\WmiPrvSE.exe    Access Request Information:  	Accesses:		Read from process memory  				  	Access Mask:		0x10
2021-05-05T23:08:08.881774+02:00 suricata pcap <14>May  5 23:05:55 win10 Microsoft-Windows-Security-Auditing[4]: The han8	ì`9q2021-05-05T23:08:08.881815+02:00 suricata pcap 8	ì`†q2021-05-05T23:08:08.881840+02:00 suricata pcap 8	ì`kp2021-05-05T23:08:08.881857+02:00 suricata pcap <14>May  5 23:05:55 win10 Microsoft-Windows-Security-Auditing[4]: An attempt was made to access an object.    Subject:  	Security ID:		S-1-5-18  	Account Name:		WIN10$  	Account Domain:		WORKGROUP  	Logon ID:		0x3E7    Object:  	Object Server:		Security  	Object Type:		Process  	Object Name:		\Device\HarddiskVolume2\Windows\System32\lsass.exe  	Handle ID:		0x554  	Resource Attributes:	-    Process Information:  	Process ID:		0xd84  	Process Name:		C:\Windows\System32\wbem\WmiPrvSE.exe    Access Request Information:  	Accesses:		Read from process memory  				  	Access Mask:		0x10
2021-05-05T23:08:08.881873+02:00 suricata pcap <14>May  5 23:05:55 win10 Microsoft-Windows-Security-Auditing[4]: The han8	ì`4s2021-05-05T23:08:08.881887+02:00 suricata pcap 8	ì`}p2021-05-05T23:08:08.882947+02:00 suricata pcap 8	ì`]q2021-05-05T23:08:08.882983+02:00 suricata pcap 8	ì`ÿr2021-05-05T23:08:08.883002+02:00 suricata pcap 8	ì`|t2021-05-05T23:08:08.883015+02:00 suricata pcap 8	ì`Tv2021-05-05T23:08:08.883028+02:00 suricata pcap 8	ì`©v2021-05-05T23:08:08.883057+02:00 suricata pcap 8	ì`ˆv2021-05-05T23:08:08.883629+02:00 suricata pcap 8	ì`ôx2021-05-05T23:08:08.883659+02:00 suricata pcap 8	ì`Áx2021-05-05T23:08:08.883683+02:00 suricata pcap 8	ì`y2021-05-05T23:08:08.883695+02:00 suricata pcap <14>May  5 23:05:55 win10 Microsoft-Windows-Security-Auditing[4]: The handle to an object was closed.    Subject :  	Security ID:		S-1-5-18  	Account Name:		WIN10$  	Account Domain:		WORKGROUP  	Logon ID:		0x3E7    Object:  	Object Server:		Security  	Handle ID:		0x4d0    Process Information:  	Process ID:		0xd84  	Process Name:		C:\Windows\System32\wbem\WmiPrvSE.exe
2021-05-05T23:08:08.885281+02:00 suricata pcap 8	ì`z2021-05-05T23:08:08.885308+02:00 suricata pcap <14>May  5 23:05:55 win10 Microsoft-Windows-Security-Auditing[4]: The handle to an object was closed.    Subject :  	Security ID:		S-1-5-18  	Account Name:		WIN10$  	Account Domain:		WORKGROUP  	Logon ID:		0x3E7    Object:  	Object Server:		Security  	Handle ID:		0x4d0    Process Information:  	Process ID:		0xd84  	Process Name:		C:\Windows\System32\wbem\WmiPrvSE.exe
2021-05-05T23:08:08.885328+02:00 suricata pcap 8	ì`O{2021-05-05T23:08:08.885657+02:00 suricata pcap <14>May  5 23:05:55 win10 Microsoft-Windows-Security-Auditing[4]: The handle to an object was closed.    Subject :  	Security ID:		S-1-5-18  	Account Name:		WIN10$  	Account Domain:		WORKGROUP  	Logon ID:		0x3E7    Object:  	Object Server:		Security  	Handle ID:		0x4d0    Process Information:  	Process ID:		0xd84  	Process Name:		C:\Windows\System32\wbem\WmiPrvSE.exe
2021-05-05T23:08:08.885689+02:00 suricata pcap 8	ì`|{2021-05-05T23:08:08.885705+02:00 suricata pcap 8	ì`&}2021-05-05T23:08:08.885720+02:00 suricata pcap 8	ì`p}2021-05-05T23:08:08.885740+02:00 suricata pcap 8	ì`©}2021-05-05T23:08:08.885753+02:00 suricata pcap 8	ì`ØÄ2021-05-05T23:08:08.885766+02:00 suricata pcap 8	ì`;Å2021-05-05T23:08:08.886331+02:00 suricata pcap 8	ì`gÅ2021-05-05T23:08:08.886370+02:00 suricata pcap 8	ì`KÉ2021-05-05T23:08:08.886408+02:00 suricata pcap 8	ì`ÊÉ2021-05-05T23:08:08.886446+02:00 suricata pcap 8	ì`Ñ2021-05-05T23:08:08.886463+02:00 suricata pcap <14>May  5 23:05:55 win10 Microsoft-Windows-Security-Auditing[4]: The handle to an object was closed.    Subject :  	Security ID:		S-1-5-18  	Account Name:		WIN10$  	Account Domain:		WORKGROUP  	Logon ID:		0x3E7    Object:  	Object Server:		Security  	Handle ID:		0x684    Process Information:  	Process ID:		0xd84  	Process Name:		C:\Windows\System32\wbem\WmiPrvSE.exe
2021-05-05T23:08:08.886476+02:00 suricata pcap <14>May  5 23:05:55 win10 Microsoft-Windows-Security-Auditing[4]: An attempt was made to duplicate a handle to an object.    Subject:  	Security ID:		S-1-5-18  	Account Name:		WIN10$  	Account Domain:		WORKGROUP  	Logon ID:		0x3E7    Source Handle Information:  	Source Handle ID:	0x7d0  	Source Process ID:	0xd84    New Handle Information:  	Target Handle ID:	0x36a8  	Target Process ID:	0x4
2021-05-05T23:08:08.886692+02:00 suricata pcap <14>May  5 23:05:55 win10 Microsoft-Windows-Security-Auditing[4]: The handle to an object was closed.    Sub8	ì`¥Ö2021-05-05T23:08:08.886714+02:00 suricata pcap 8	ì`¸Ö2021-05-05T23:08:08.886725+02:00 suricata pcap <14>May  5 23:05:55 win10 Microsoft-Windows-Security-Auditing[4]: The handle to an object was closed.    Subject :  	Security ID:		S-1-5-18  	Account Name:		WIN10$  	Account Domain:		WORKGROUP  	Logon ID:		0x3E7    Object:  	Object Server:		Security  	Handle ID:		0x684    Process Information:  	Process ID:		0xd84  	Process Name:		C:\Windows\System32\wbem\WmiPrvSE.exe
2021-05-05T23:08:08.886738+02:00 suricata pcap <14>May  5 23:05:55 win10 Microsoft-Windows-Security-Auditing[4]: An attempt was made to duplicate a handle to an object.    Subject:  	Security ID:		S-1-5-18  	Account Name:		WIN10$  	Account Domain:		WORKGROUP  	Logon ID:		0x3E7    Source Handle Information:  	Source Handle ID:	0x7d0  	Source Process ID:	0xd84    New Handle Information:  	Target Handle ID:	0x36a8  	Target Process ID:	0x4
2021-05-05T23:08:08.886751+02:00 suricata pcap <14>May  5 23:05:55 win10 Microsoft-Windows-Security-Auditing[4]: The handle to an object was closed.    Sub8	ì`Ü2021-05-05T23:08:08.886769+02:00 suricata pcap 8	ì`gÜ2021-05-05T23:08:08.886782+02:00 suricata pcap <14>May  5 23:05:55 win10 Microsoft-Windows-Security-Auditing[4]: The handle to an object was closed.    Subject :  	Security ID:		S-1-5-18  	Account Name:		WIN10$  	Account Domain:		WORKGROUP  	Logon ID:		0x3E7    Object:  	Object Server:		Security  	Handle ID:		0x684    Process Information:  	Process ID:		0xd84  	Process Name:		C:\Windows\System32\wbem\WmiPrvSE.exe
2021-05-05T23:08:08.886795+02:00 suricata pcap <14>May  5 23:05:55 win10 Microsoft-Windows-Security-Auditing[4]: An attempt was made to duplicate a handle to an object.    Subject:  	Security ID:		S-1-5-18  	Account Name:		WIN10$  	Account Domain:		WORKGROUP  	Logon ID:		0x3E7    Source Handle Information:  	Source Handle ID:	0x7d0  	Source Process ID:	0xd84    New Handle Information:  	Target Handle ID:	0x36a8  	Target Process ID:	0x4
2021-05-05T23:08:08.886809+02:00 suricata pcap <14>May  5 23:05:55 win10 Microsoft-Windows-Security-Auditing[4]: The handle to an object was closed.    Sub8	ì`èÜ2021-05-05T23:08:08.887093+02:00 suricata pcap 8	ì`øÜ2021-05-05T23:08:08.887114+02:00 suricata pcap <14>May  5 23:05:55 win10 Microsoft-Windows-Security-Auditing[4]: An attempt was made to access an object.    Subject:  	Security ID:		S-1-5-18  	Account Name:		WIN10$  	Account Domain:		WORKGROUP  	Logon ID:		0x3E7    Object:  	Object Server:		Security  	Object Type:		Process  	Object Name:		\Device\HarddiskVolume2\Windows\System32\lsass.exe  	Handle ID:		0x7d0  	Resource Attributes:	-    Process Information:  	Process ID:		0xd84  	Process Name:		C:\Windows\System32\wbem\WmiPrvSE.exe    Access Request Information:  	Accesses:		Read from process memory  				  	Access Mask:		0x10
2021-05-05T23:08:08.887137+02:00 suricata pcap 8	ì`zà2021-05-05T23:08:08.887153+02:00 suricata pcap <14>May  5 23:05:55 win10 Microsoft-Windows-Security-Auditing[4]: An attempt was made to access an object.    Subject:  	Security ID:		S-1-5-18  	Account Name:		WIN10$  	Account Domain:		WORKGROUP  	Logon ID:		0x3E7    Object:  	Object Server:		Security  	Object Type:		Process  	Object Name:		\Device\HarddiskVolume2\Windows\System32\lsass.exe  	Handle ID:		0x7d0  	Resource Attributes:	-    Process Information:  	Process ID:		0xd84  	Process Name:		C:\Windows\System32\wbem\WmiPrvSE.exe    Access Request Information:  	Accesses:		Read from process memory  				  	Access Mask:		0x10
2021-05-05T23:08:08.887176+02:00 suricata pcap 8	ì`√à2021-05-05T23:08:08.887837+02:00 suricata pcap <14>May  5 23:05:55 win10 Microsoft-Windows-Security-Auditing[4]: An attempt was made to access an object.    Subject:  	Security ID:		S-1-5-18  	Account Name:		WIN10$  	Account Domain:		WORKGROUP  	Logon ID:		0x3E7    Object:  	Object Server:		Security  	Object Type:		Process  	Object Name:		\Device\HarddiskVolume2\Windows\System32\lsass.exe  	Handle ID:		0x7d0  	Resource Attributes:	-    Process Information:  	Process ID:		0xd84  	Process Name:		C:\Windows\System32\wbem\WmiPrvSE.exe    Access Request Information:  	Accesses:		Read from process memory  				  	Access Mask:		0x10
2021-05-05T23:08:08.887864+02:00 suricata pcap 8	ì`â2021-05-05T23:08:08.887877+02:00 suricata pcap <14>May  5 23:05:55 win10 Microsoft-Windows-Security-Auditing[4]: An attempt was made to duplicate a handle to an object.    Subject:  	Security ID:		S-1-5-18  	Account Name:		WIN10$  	Account Domain:		WORKGROUP  	Logon ID:		0x3E7    Source Handle Information:  	Source Handle ID:	0x5d8  	Source Process ID:	0xd84    New Handle Information:  	Target Handle ID:	0x1c68  	Target Process ID:	0x4
2021-05-05T23:08:08.887889+02:00 suricata pcap <14>May  5 23:05:55 win10 Microsoft-Windows-Security-Auditing[4]: The handle to an object was closed.    Subject :  	Security ID:		S-1-5-18  	Account Name:		WIN10$  	Account Domain:		WORKGROUP  	Logon ID:		0x3E7    Object:  	Object Server:		Security  	Handle ID:		0x1c68    Process Information:  	Process ID:		0xd84  	Process Name:		C:\Windows\System32\wbem\WmiPrvSE.exe
2021-05-05T23:08:08.887903+02:00 suricata pcap 8	ì`@ã2021-05-05T23:08:08.887915+02:00 suricata pcap <14>May  5 23:05:55 win10 Microsoft-Windows-Security-Auditing[4]: An attempt was made to duplicate a handle to an object.    Subject:  	Security ID:		S-1-5-18  	Account Name:		WIN10$  	Account Domain:		WORKGROUP  	Logon ID:		0x3E7    Source Handle Information:  	Source Handle ID:	0x5d8  	Source Process ID:	0xd84    New Handle Information:  	Target Handle ID:	0x1c68  	Target Process ID:	0x4
2021-05-05T23:08:08.887927+02:00 suricata pcap <14>May  5 23:05:55 win10 Microsoft-Windows-Security-Auditing[4]: The handle to an object was closed.    Subject :  	Security ID:		S-1-5-18  	Account Name:		WIN10$  	Account Domain:		WORKGROUP  	Logon ID:		0x3E7    Object:  	Object Server:		Security  	Handle ID:		0x1c68    Process Information:  	Process ID:		0xd84  	Process Name:		C:\Windows\System32\wbem\WmiPrvSE.exe
2021-05-05T23:08:08.887941+02:00 suricata pcap 8	ì`ïã2021-05-05T23:08:08.887954+02:00 suricata pcap <14>May  5 23:05:55 win10 Microsoft-Windows-Security-Auditing[4]: An attempt was made to duplicate a handle to an object.    Subject:  	Security ID:		S-1-5-18  	Account Name:		WIN10$  	Account Domain:		WORKGROUP  	Logon ID:		0x3E7    Source Handle Information:  	Source Handle ID:	0x5d8  	Source Process ID:	0xd84    New Handle Information:  	Target Handle ID:	0x1c68  	Target Process ID:	0x4
2021-05-05T23:08:08.889064+02:00 suricata pcap <14>May  5 23:05:55 win10 Microsoft-Windows-Security-Auditing[4]: The handle to an object was closed.    Subject :  	Security ID:		S-1-5-18  	Account Name:		WIN10$  	Account Domain:		WORKGROUP  	Logon ID:		0x3E7    Object:  	Object Server:		Security  	Handle ID:		0x1c68    Process Information:  	Process ID:		0xd84  	Process Name:		C:\Windows\System32\wbem\WmiPrvSE.exe
2021-05-05T23:08:08.889111+02:00 suricata pcap 8	ì`÷ã2021-05-05T23:08:08.889134+02:00 suricata pcap 8	ì`üç2021-05-05T23:08:08.889180+02:00 suricata pcap 8	ì`Ëç2021-05-05T23:08:08.889204+02:00 suricata pcap 8	ì`<è2021-05-05T23:08:08.889246+02:00 suricata pcap <14>May  5 23:05:55 win10 Microsoft-Windows-Security-Auditing[4]: The handle to an object was closed.    Subject :  	Security ID:		S-1-5-18  	Account Name:		WIN10$  	Account Domain:		WORKGROUP  	Logon ID:		0x3E7    Object:  	Object Server:		Security  	Handle ID:		0x5d8    Process Information:  	Process ID:		0xd84  	Process Name:		C:\Windows\System32\wbem\WmiPrvSE.exe
2021-05-05T23:08:08.889260+02:00 suricata pcap <14>May  5 23:05:55 win10 Microsoft-Windows-Security-Auditing[4]: An attempt was made to duplicate a handle to an object.    Subject:  	Security ID:		S-1-5-18  	Account Name:		WIN10$  	Account Domain:		WORKGROUP  	Logon ID:		0x3E7    Source Handle Information:  	Source Handle ID:	0x4d0  	Source Process ID:	0xd84    New Handle Information:  	Target Handle ID:	0x2418  	Target Process ID:	0x4
2021-05-05T23:08:08.889274+02:00 suricata pcap <14>May  5 23:05:55 win10 Microsoft-Windows-Security-Auditing[4]: The handle to an object was closed.    Sub8	ì`zê2021-05-05T23:08:08.889293+02:00 suricata pcap 8	ì`Êê2021-05-05T23:08:08.889306+02:00 suricata pcap <14>May  5 23:05:55 win10 Microsoft-Windows-Security-Auditing[4]: The handle to an object was closed.    Subject :  	Security ID:		S-1-5-18  	Account Name:		WIN10$  	Account Domain:		WORKGROUP  	Logon ID:		0x3E7    Object:  	Object Server:		Security  	Handle ID:		0x5d8    Process Information:  	Process ID:		0xd84  	Process Name:		C:\Windows\System32\wbem\WmiPrvSE.exe
2021-05-05T23:08:08.889319+02:00 suricata pcap <14>May  5 23:05:55 win10 Microsoft-Windows-Security-Auditing[4]: An attempt was made to duplicate a handle to an object.    Subject:  	Security ID:		S-1-5-18  	Account Name:		WIN10$  	Account Domain:		WORKGROUP  	Logon ID:		0x3E7    Source Handle Information:  	Source Handle ID:	0x4d0  	Source Process ID:	0xd84    New Handle Information:  	Target Handle ID:	0x2418  	Target Process ID:	0x4
2021-05-05T23:08:08.889334+02:00 suricata pcap <14>May  5 23:05:55 win10 Microsoft-Windows-Security-Auditing[4]: The handle to an object was closed.    Sub8	ì`˜ê2021-05-05T23:08:08.889367+02:00 suricata pcap 8	ì`Vë2021-05-05T23:08:08.889380+02:00 suricata pcap <14>May  5 23:05:55 win10 Microsoft-Windows-Security-Auditing[4]: The handle to an object was closed.    Subject :  	Security ID:		S-1-5-18  	Account Name:		WIN10$  	Account Domain:		WORKGROUP  	Logon ID:		0x3E7    Object:  	Object Server:		Security  	Handle ID:		0x5d8    Process Information:  	Process ID:		0xd84  	Process Name:		C:\Windows\System32\wbem\WmiPrvSE.exe
2021-05-05T23:08:08.890532+02:00 suricata pcap <14>May  5 23:05:55 win10 Microsoft-Windows-Security-Auditing[4]: An attempt was made to duplicate a handle to an object.    Subject:  	Security ID:		S-1-5-18  	Account Name:		WIN10$  	Account Domain:		WORKGROUP  	Logon ID:		0x3E7    Source Handle Information:  	Source Handle ID:	0x4d0  	Source Process ID:	0xd84    New Handle Information:  	Target Handle ID:	0x2418  	Target Process ID:	0x4
2021-05-05T23:08:08.890557+02:00 suricata pcap <14>May  5 23:05:55 win10 Microsoft-Windows-Security-Auditing[4]: The handle to an object was closed.    Sub8	ì`eë2021-05-05T23:08:08.890591+02:00 suricata pcap 8	ì`õë2021-05-05T23:08:08.890613+02:00 suricata pcap 8	ì` ì2021-05-05T23:08:08.890637+02:00 suricata pcap 8	ì`ëì2021-05-05T23:08:08.892651+02:00 suricata pcap 8	ì`Öî2021-05-05T23:08:08.892665+02:00 suricata pcap <14>May  5 23:05:55 win10 Microsoft-Windows-Security-Auditing[4]: The handle to an object was closed.    Subject :  	Security ID:		S-1-5-18  	Account Name:		WIN10$  	Account Domain:		WORKGROUP  	Logon ID:		0x3E7    Object:  	Object Server:		Security  	Handle ID:		0x4d0    Process Information:  	Process ID:		0xd84  	Process Name:		C:\Windows\System32\wbem\WmiPrvSE.exe
2021-05-05T23:08:08.892673+02:00 suricata pcap <14>May  5 23:05:55 win10 Microsoft-Windows-Security-Auditing[4]: An attempt was made to duplicate a handle to an object.    Subject:  	Security ID:		S-1-5-18  	Account Name:		WIN10$  	Account Domain:		WORKGROUP  	Logon ID:		0x3E7    Source Handle Information:  	Source Handle ID:	0x5d8  	Source Process ID:	0xd84    New Handle Information:  	Target Handle ID:	0x1c68  	Target Process ID:	0x4
2021-05-05T23:08:08.892683+02:00 suricata pcap 8	ì`∂ñ2021-05-05T23:08:08.892690+02:00 suricata pcap <14>May  5 23:05:55 win10 Microsoft-Windows-Security-Auditing[4]: The handle to an object was closed.    Subject :  	Security ID:		S-1-5-18  	Account Name:		WIN10$  	Account Domain:		WORKGROUP  	Logon ID:		0x3E7    Object:  	Object Server:		Security  	Handle ID:		0x4d0    Process Information:  	Process ID:		0xd84  	Process Name:		C:\Windows\System32\wbem\WmiPrvSE.exe
2021-05-05T23:08:08.892698+02:00 suricata pcap <14>May  5 23:05:55 win10 Microsoft-Windows-Security-Auditing[4]: An attempt was made to duplicate a handle to an object.    Subject:  	Security ID:		S-1-5-18  	Account Name:		WIN10$  	Account Domain:		WORKGROUP  	Logon ID:		0x3E7    Source Handle Information:  	Source Handle ID:	0x5d8  	Source Process ID:	0xd84    New Handle Information:  	Target Handle ID:	0x1c68  	Target Process ID:	0x4
2021-05-05T23:08:08.892747+02:00 suricata pcap 8	ì`ó2021-05-05T23:08:08.892755+02:00 suricata pcap <14>May  5 23:05:55 win10 Microsoft-Windows-Security-Auditing[4]: The handle to an object was closed.    Subject :  	Security ID:		S-1-5-18  	Account Name:		WIN10$  	Account Domain:		WORKGROUP  	Logon ID:		0x3E7    Object:  	Object Server:		Security  	Handle ID:		0x4d0    Process Information:  	Process ID:		0xd84  	Process Name:		C:\Windows\System32\wbem\WmiPrvSE.exe
2021-05-05T23:08:08.892763+02:00 suricata pcap <14>May  5 23:05:55 win10 Microsoft-Windows-Security-Auditing[4]: An attempt was made to duplicate a handle to an object.    Subject:  	Security ID:		S-1-5-18  	Account Name:		WIN10$  	Account Domain:		WORKGROUP  	Logon ID:		0x3E7    Source Handle Information:  	Source Handle ID:	0x5d8  	Source Process ID:	0xd84    New Handle Information:  	Target Handle ID:	0x1c68  	Target Process ID:	0x4
2021-05-05T23:08:08.892909+02:00 suricata pcap 8	ì`_ó2021-05-05T23:08:08.892923+02:00 suricata pcap <14>May  5 23:05:55 win10 Microsoft-Windows-Security-Auditing[4]: A handle to an object was requested.    Subject:  	Security ID:		S-1-5-18  	Account Name:		WIN10$  	Account Domain:		WORKGROUP  	Logon ID:		0x3E7    Object:  	Object Server:		Security  	Object Type:		Process  	Object Name:		\Device\HarddiskVolume2\Windows\System32\lsass.exe  	Handle ID:		0x5d8  	Resource Attributes:	-    Process Information:  	Process ID:		0xd84  	Process Name:		C:\Windows\System32\wbem\WmiPrvSE.exe    Access Request Information:  	Transaction ID:		{00000000-0000-0000-0000-000000000000}  	Accesses:		Read from process memory  				Query process information  				Undefined Access (no effect) Bit 12  				  	Access Reasons:		-  	Access Mask:		0x1410  	Privileges Used for Access Check:	-  	Restricted SID Count:	0
2021-05-05T23:08:08.892934+02:00 suricata pcap <14>May  5 23:05:55 win10 Microsoft-Windows-Security-Auditing[4]: An attempt was made to access an object.    Subject:  	Security ID:		S-1-5-18  	Account Name:		WIN10$  	Account Domain:		WORKGROUP  	Logon ID:		0x3E7    Object:  	Object Server:		Security  	Object Type:		Process  	Object N8	ì`äû2021-05-05T23:08:08.892942+02:00 suricata pcap 8	ì`‘û2021-05-05T23:08:08.892954+02:00 suricata pcap <14>May  5 23:05:55 win10 Microsoft-Windows-Security-Auditing[4]: A handle to an object was requested.    Subject:  	Security ID:		S-1-5-18  	Account Name:		WIN10$  	Account Domain:		WORKGROUP  	Logon ID:		0x3E7    Object:  	Object Server:		Security  	Object Type:		Process  	Object Name:		\Device\HarddiskVolume2\Windows\System32\lsass.exe  	Handle ID:		0x5d8  	Resource Attributes:	-    Process Information:  	Process ID:		0xd84  	Process Name:		C:\Windows\System32\wbem\WmiPrvSE.exe    Access Request Information:  	Transaction ID:		{00000000-0000-0000-0000-000000000000}  	Accesses:		Read from process memory  				Query process information  				Undefined Access (no effect) Bit 12  				  	Access Reasons:		-  	Access Mask:		0x1410  	Privileges Used for Access Check:	-  	Restricted SID Count:	0
2021-05-05T23:08:08.892965+02:00 suricata pcap <14>May  5 23:05:55 win10 Microsoft-Windows-Security-Auditing[4]: An attempt was made to access an object.    Subject:  	Security ID:		S-1-5-18  	Account Name:		WIN10$  	Account Domain:		WORKGROUP  	Logon ID:		0x3E7    Object:  	Object Server:		Security  	Object Type:		Process  	Object N8	ì`Úû2021-05-05T23:08:09.883899+02:00 suricata pcap 8	ì`ëü2021-05-05T23:08:09.883951+02:00 suricata pcap <14>May  5 23:05:55 win10 Microsoft-Windows-Security-Auditing[4]: A handle to an object was requested.    Subject:  	Security ID:		S-1-5-18  	Account Name:		WIN10$  	Account Domain:		WORKGROUP  	Logon ID:		0x3E7    Object:  	Object Server:		Security  	Object Type:		Process  	Object Name:		\Device\HarddiskVolume2\Windows\System32\lsass.exe  	Handle ID:		0x5d8  	Resource Attributes:	-    Process Information:  	Process ID:		0xd84  	Process Name:		C:\Windows\System32\wbem\WmiPrvSE.exe    Access Request Information:  	Transaction ID:		{00000000-0000-0000-0000-000000000000}  	Accesses:		Read from process memory  				Query process information  				Undefined Access (no effect) Bit 12  				  	Access Reasons:		-  	Access Mask:		0x1410  	Privileges Used for Access Check:	-  	Restricted SID Count:	0
2021-05-05T23:08:09.883972+02:00 suricata pcap <14>May  5 23:05:55 win10 Microsoft-Windows-Security-Auditing[4]: An attempt was made to access an object.    Subject:  	Security ID:		S-1-5-18  	Account Name:		WIN10$  	Account Domain:		WORKGROUP  	Logon ID:		0x3E7    Object:  	Object Server:		Security  	Object Type:		Process  	Object N8	ì`£ü2021-05-05T23:08:09.883992+02:00 suricata pcap 8	ì`ßü2021-05-05T23:08:09.884008+02:00 suricata pcap 8	ì`¶°2021-05-05T23:08:09.884023+02:00 suricata pcap 8	ì`ˆ°2021-05-05T23:08:09.884035+02:00 suricata pcap 8	ì`=¢2021-05-05T23:08:09.884040+02:00 suricata pcap 2021-05-05T23:08:09.884055+02:00 suricata pcap ¿®ã2021-05-05T23:08:09.885299+02:00 suricata pcap 9	ì`∑{2021-05-05T23:08:09.885321+02:00 suricata pcap 9	ì`ì|2021-05-05T23:08:09.885344+02:00 suricata pcap 9	ì`Y}2021-05-05T23:08:09.885367+02:00 suricata pcap <14>May  5 23:05:56 win10 Microsoft-Windows-Security-Auditing[4]: A handle to an object was requested.    Subject:  	Security ID:		S-1-5-18  	Account Name:		WIN10$  	Account Domain:		WORKGROUP  	Logon ID:		0x3E7    Object:  	Object Server:		Security  	Object Type:		Process  	Object Name:		\Device\HarddiskVolume2\Windows\System32\lsass.exe  	Handle ID:		0x79c  	Resource Attributes:	-    Process Information:  	Process ID:		0xd84  	Process Name:		C:\Windows\System32\wbem\WmiPrvSE.exe    Access Request Information:  	Transaction ID:		{00000000-0000-0000-0000-000000000000}  	Accesses:		Read from process memory  				Query process information  				Undefined Access (no effect) Bit 12  				  	Access Reasons:		-  	Access Mask:		0x1410  	Privileges Used for Access Check:	-  	Restricted SID Count:	0
2021-05-05T23:08:09.885379+02:00 suricata pcap <14>May  5 23:05:56 win10 Microsoft-Windows-Security-Auditing[4]: An attempt was made to access an object.    Subject:  	Security ID:		S-1-5-18  	Account Name:		WIN10$  	Account Domain:		WORKGROUP  	Logon ID:		0x3E7    Object:  	Object Server:		Security  	Object Type:		Process  	Object N9	ì`
2021-05-05T23:08:09.885390+02:00 suricata pcap 2021-05-05T23:08:09.885405+02:00 suricata pcap 9	ì`ïÅ2021-05-05T23:08:09.885418+02:00 suricata pcap <14>May  5 23:05:56 win10 Microsoft-Windows-Security-Auditing[4]: An attempt was made to duplicate a handle to an object.    Subject:  	Security ID:		S-1-5-18  	Account Name:		WIN10$  	Account Domain:		WORKGROUP  	Logon ID:		0x3E7    Source Handle Information:  	Source Handle ID:	0x554  	Source Process ID:	0xd84    New Handle Information:  	Target Handle ID:	0x2418  	Target Process ID:	0x4
2021-05-05T23:08:09.885430+02:00 suricata pcap <14>May  5 23:05:56 win10 Microsoft-Windows-Security-Auditing[4]: The handle to an object was closed.    Subject :  	Security ID:		S-1-5-18  	Account Name:		WIN10$  	Account Domain:		WORKGROUP  	Logon ID:		0x3E7    Object:  	Object Server:		Security  	Handle ID:		0x2418    Process Information:  	Process ID:		0xd84  	Process Name:		C:\Windows\System32\wbem\WmiPrvSE.exe
2021-05-05T23:08:09.886490+02:00 suricata pcap <14>May  5 23:05:56 win10 Microsoft-Windows-Security-Auditing[4]: A handle to an object was requested.    Subject:  	Security ID:		S-1-5-18  	Account Name:		WIN10$  	Account Domain:		WORKGROUP  	Logon ID:		0x3E7    Object:  	Object Server:		Security  	Object Type:		Process  	Object Name:		\Device\HarddiskVolume2\Windows\S9	ì`‘É2021-05-05T23:08:09.886537+02:00 suricata pcap 9	ì`‹É2021-05-05T23:08:09.886577+02:00 suricata pcap <14>May  5 23:05:56 win10 Microsoft-Windows-Security-Auditing[4]: A handle to an object was requested.    Subject:  	Security ID:		S-1-5-18  	Account Name:		WIN10$  	Account Domain:		WORKGROUP  	Logon ID:		0x3E7    Object:  	Object Server:		Security  	Object Type:		Process  	Object Name:		\Device\HarddiskVolume2\Windows\System32\lsass.exe  	Handle ID:		0x79c  	Resource Attributes:	-    Process Information:  	Process ID:		0xd84  	Process Name:		C:\Windows\System32\wbem\WmiPrvSE.exe    Access Request Information:  	Transaction ID:		{00000000-0000-0000-0000-000000000000}  	Accesses:		Read from process memory  				Query process information  				Undefined Access (no effect) Bit 12  				  	Access Reasons:		-  	Access Mask:		0x1410  	Privileges Used for Access Check:	-  	Restricted SID Count:	0
2021-05-05T23:08:09.886606+02:00 suricata pcap <14>May  5 23:05:56 win10 Microsoft-Windows-Security-Auditing[4]: An attempt was made to access an object.    Subject:  	Security ID:		S-1-5-18  	Account Name:		WIN10$  	Account Domain:		WORKGROUP  	Logon ID:		0x3E7    Object:  	Object Server:		Security  	Object Type:		Process  	Object N9	ì`îÑ2021-05-05T23:08:09.886636+02:00 suricata pcap <14>May  5 23:05:56 win10 Microsoft-Windows-Security-Auditing[4]: A handle to an object was requested.    Subject:  	Security ID:		S-1-5-18  	Account Name:		WIN10$  	Account Domain:		WORKGROUP  	Logon ID:		0x3E7    Object:  	Object Server:		Security  	Object Type:		Process  	Object Name:		\Device\HarddiskVolume2\Windows\System32\lsass.exe  	Handle ID:		0x79c  	Resource Attributes:	-    Process Information:  	Process ID:		0xd84  	Process Name:		C:\Windows\System32\wbem\WmiPrvSE.exe    Access Request Information:  	Transaction ID:		{00000000-0000-0000-0000-000000000000}  	Accesses:		Read from process memory  				Query process information  				Undefined Access (no effect) Bit 12  				  	Access Reasons:		-  	Access Mask:		0x1410  	Privileges Used for Access Check:	-  	Restricted SID Count:	0
2021-05-05T23:08:09.887129+02:00 suricata pcap <14>May  5 23:05:56 win10 Microsoft-Windows-Security-Auditing[4]: An attempt was made to access an object.    Subject:  	Security ID:		S-1-5-18  	Account Name:		WIN10$  	Account Domain:		WORKGROUP  	Logon ID:		0x3E7    Object:  	Object Server:		Security  	Object Type:		Process  	Object N9	ì`'Ö2021-05-05T23:08:09.887148+02:00 suricata pcap 9	ì`òÑ2021-05-05T23:08:09.887162+02:00 suricata pcap 9	ì`*Ö2021-05-05T23:08:09.887175+02:00 suricata pcap <14>May  5 23:05:56 win10 Microsoft-Windows-Security-Auditing[4]: An attempt was made to duplicate a handle to an object.    Subject:  	Security ID:		S-1-5-18  	Account Name:		WIN10$  	Account Domain:		WORKGROUP  	Logon ID:		0x3E7    Source Handle Information:  	Source Handle ID:	0x554  	Source Process ID:	0xd84    New Handle Information:  	Target Handle ID:	0x2418  	Target Process ID:	0x4
2021-05-05T23:08:09.887186+02:00 suricata pcap <14>May  5 23:05:56 win10 Microsoft-Windows-Security-Auditing[4]: The handle to an object was closed.    Subject :  	Security ID:		S-1-5-18  	Account Name:		WIN10$  	Account Domain:		WORKGROUP  	Logon ID:		0x3E7    Object:  	Object Server:		Security  	Handle ID:		0x2418    Process Information:  	Process ID:		0xd84  	Process Name:		C:\Windows\System32\wbem\WmiPrvSE.exe
2021-05-05T23:08:09.887206+02:00 suricata pcap <14>May  5 23:05:56 win10 Microsoft-Windows-Security-Auditing[4]: A handle to an object was requested.    Subject:  	Security ID:		S-1-5-18  	Account Name:		WIN10$  	Account Domain:		WORKGROUP  	Logon ID:		0x3E7    Object:  	Object Server:		Security  	Object Type:		Process  	Object Name:		\Device\HarddiskVolume2\Windows\S9	ì`¶Ñ2021-05-05T23:08:09.887219+02:00 suricata pcap <14>May  5 23:05:56 win10 Microsoft-Windows-Security-Auditing[4]: An attempt was made to duplicate a handle to an object.    Subject:  	Security ID:		S-1-5-18  	Account Name:		WIN10$  	Account Domain:		WORKGROUP  	Logon ID:		0x3E7    Source Handle Information:  	Source Handle ID:	0x554  	Source Process ID:	0xd84    New Handle Information:  	Target Handle ID:	0x2418  	Target Process ID:	0x4
2021-05-05T23:08:09.887235+02:00 suricata pcap <14>May  5 23:05:56 win10 Microsoft-Windows-Security-Auditing[4]: The handle to an object was closed.    Subject :  	Security ID:		S-1-5-18  	Account Name:		WIN10$  	Account Domain:		WORKGROUP  	Logon ID:		0x3E7    Object:  	Object Server:		Security  	Handle ID:		0x2418    Process Information:  	Process ID:		0xd84  	Process Name:		C:\Windows\System32\wbem\WmiPrvSE.exe
