2021-05-05T23:08:44.216377+02:00 suricata pcap \	ì`lH2021-05-05T23:08:44.216393+02:00 suricata pcap <14>May  5 23:06:31 win10 Microsoft-Windows-Security-Auditing[4]: An attempt was made to access an object.    Subject:  	Security ID:		S-1-5-18  	Account Name:		WIN10$  	Account Domain:		WORKGROUP  	Logon ID:		0x3E7    Object:  	Object Server:		Security  	Object Type:		Process  	Object Name:		\Device\HarddiskVolume2\Windows\System32\lsass.exe  	Handle ID:		0x474  	Resource Attributes:	-    Process Information:  	Process ID:		0xd84  	Process Name:		C:\Windows\System32\wbem\WmiPrvSE.exe    Access Request Information:  	Accesses:		Read from process memory  				  	Access Mask:		0x10
2021-05-05T23:08:44.216408+02:00 suricata pcap \	ì`oL2021-05-05T23:08:44.216420+02:00 suricata pcap <14>May  5 23:06:31 win10 Microsoft-Windows-Security-Auditing[4]: An attempt was made to duplicate a handle to an object.    Subject:  	Security ID:		S-1-5-18  	Account Name:		WIN10$  	Account Domain:		WORKGROUP  	Logon ID:		0x3E7    Source Handle Information:  	Source Handle ID:	0x7d0  	Source Process ID:	0xd84    New Handle Information:  	Target Handle ID:	0x309c  	Target Process ID:	0x4
2021-05-05T23:08:44.216432+02:00 suricata pcap <14>May  5 23:06:31 win10 Microsoft-Windows-Security-Auditing[4]: The handle to an object was closed.    Subject :  	Security ID:		S-1-5-18  	Account Name:		WIN10$  	Account Domain:		WORKGROUP  	Logon ID:		0x3E7    Object:  	Object Server:		Security  	Handle ID:		0x309c    Process Information:  	Process ID:		0xd84  	Process Name:		C:\Windows\System32\wbem\WmiPrvSE.exe
2021-05-05T23:08:44.216971+02:00 suricata pcap <14>May  5 23:06:31 win10 Microsoft-Windows-Security-Auditing[4]: A handle to an object was requested.    Subject:  	Security ID:		S-1-5-18  	Account Name:		WIN10$  	Account Domain:		WORKGROUP  	Logon ID:		0x3E7    Object:  	Object Server:		Security  	Object Type:		Process  	Object Name:		\Device\HarddiskVolume2\Windows\S\	ì`éL2021-05-05T23:08:44.216993+02:00 suricata pcap \	ì`¬L2021-05-05T23:08:44.217006+02:00 suricata pcap <14>May  5 23:06:31 win10 Microsoft-Windows-Security-Auditing[4]: An attempt was made to duplicate a handle to an object.    Subject:  	Security ID:		S-1-5-18  	Account Name:		WIN10$  	Account Domain:		WORKGROUP  	Logon ID:		0x3E7    Source Handle Information:  	Source Handle ID:	0x7d0  	Source Process ID:	0xd84    New Handle Information:  	Target Handle ID:	0x309c  	Target Process ID:	0x4
2021-05-05T23:08:44.217016+02:00 suricata pcap <14>May  5 23:06:31 win10 Microsoft-Windows-Security-Auditing[4]: The handle to an object was closed.    Subject :  	Security ID:		S-1-5-18  	Account Name:		WIN10$  	Account Domain:		WORKGROUP  	Logon ID:		0x3E7    Object:  	Object Server:		Security  	Handle ID:		0x309c    Process Information:  	Process ID:		0xd84  	Process Name:		C:\Windows\System32\wbem\WmiPrvSE.exe
2021-05-05T23:08:44.217039+02:00 suricata pcap <14>May  5 23:06:31 win10 Microsoft-Windows-Security-Auditing[4]: A handle to an object was requested.    Subject:  	Security ID:		S-1-5-18  	Account Name:		WIN10$  	Account Domain:		WORKGROUP  	Logon ID:		0x3E7    Object:  	Object Server:		Security  	Object Type:		Process  	Object Name:		\Device\HarddiskVolume2\Windows\S\	ì`ÈM2021-05-05T23:08:44.217055+02:00 suricata pcap \	ì`>N2021-05-05T23:08:44.217067+02:00 suricata pcap <14>May  5 23:06:31 win10 Microsoft-Windows-Security-Auditing[4]: An attempt was made to duplicate a handle to an object.    Subject:  	Security ID:		S-1-5-18  	Account Name:		WIN10$  	Account Domain:		WORKGROUP  	Logon ID:		0x3E7    Source Handle Information:  	Source Handle ID:	0x7d0  	Source Process ID:	0xd84    New Handle Information:  	Target Handle ID:	0x309c  	Target Process ID:	0x4
2021-05-05T23:08:44.217483+02:00 suricata pcap <14>May  5 23:06:31 win10 Microsoft-Windows-Security-Auditing[4]: The handle to an object was closed.    Subject :  	Security ID:		S-1-5-18  	Account Name:		WIN10$  	Account Domain:		WORKGROUP  	Logon ID:		0x3E7    Object:  	Object Server:		Security  	Handle ID:		0x309c    Process Information:  	Process ID:		0xd84  	Process Name:		C:\Windows\System32\wbem\WmiPrvSE.exe
2021-05-05T23:08:44.217508+02:00 suricata pcap <14>May  5 23:06:31 win10 Microsoft-Windows-Security-Auditing[4]: A handle to an object was requested.    Subject:  	Security ID:		S-1-5-18  	Account Name:		WIN10$  	Account Domain:		WORKGROUP  	Logon ID:		0x3E7    Object:  	Object Server:		Security  	Object Type:		Process  	Object Name:		\Device\HarddiskVolume2\Windows\S\	ì`√N2021-05-05T23:08:44.217525+02:00 suricata pcap \	ì`cO2021-05-05T23:08:44.217535+02:00 suricata pcap <14>May  5 23:06:31 win10 Microsoft-Windows-Security-Auditing[4]: The handle to an object was closed.    Subject :  	Security ID:		S-1-5-18  	Account Name:		WIN10$  	Account Domain:		WORKGROUP  	Logon ID:		0x3E7    Object:  	Object Server:		Security  	Handle ID:		0x7d0    Process Information:  	Process ID:		0xd84  	Process Name:		C:\Windows\System32\wbem\WmiPrvSE.exe
2021-05-05T23:08:44.217554+02:00 suricata pcap \	ì`O2021-05-05T23:08:44.217565+02:00 suricata pcap <14>May  5 23:06:31 win10 Microsoft-Windows-Security-Auditing[4]: The handle to an object was closed.    Subject :  	Security ID:		S-1-5-18  	Account Name:		WIN10$  	Account Domain:		WORKGROUP  	Logon ID:		0x3E7    Object:  	Object Server:		Security  	Handle ID:		0x7d0    Process Information:  	Process ID:		0xd84  	Process Name:		C:\Windows\System32\wbem\WmiPrvSE.exe
2021-05-05T23:08:44.217582+02:00 suricata pcap \	ì`ÔO2021-05-05T23:08:45.220427+02:00 suricata pcap <14>May  5 23:06:31 win10 Microsoft-Windows-Security-Auditing[4]: The handle to an object was closed.    Subject :  	Security ID:		S-1-5-18  	Account Name:		WIN10$  	Account Domain:		WORKGROUP  	Logon ID:		0x3E7    Object:  	Object Server:		Security  	Handle ID:		0x7d0    Process Information:  	Process ID:		0xd84  	Process Name:		C:\Windows\System32\wbem\WmiPrvSE.exe
2021-05-05T23:08:45.220468+02:00 suricata pcap \	ì`/Q2021-05-05T23:08:45.220477+02:00 suricata pcap ∆)2021-05-05T23:08:45.220494+02:00 suricata pcap message repeated 2 times: [∆)]
2021-05-05T23:08:45.220503+02:00 suricata pcap ∆)2021-05-05T23:08:45.220538+02:00 suricata pcap 2021-05-05T23:08:45.220547+02:00 suricata pcap 2021-05-05T23:08:45.220558+02:00 suricata pcap 2021-05-05T23:08:45.220569+02:00 suricata pcap 2021-05-05T23:08:45.220579+02:00 suricata pcap \	ì`+j2021-05-05T23:08:45.220584+02:00 suricata pcap ]	ì`Ñ}2021-05-05T23:08:45.220589+02:00 suricata pcap 2021-05-05T23:08:45.220605+02:00 suricata pcap ¿®ã2021-05-05T23:08:45.220620+02:00 suricata pcap ]	ì`XW2021-05-05T23:08:45.220635+02:00 suricata pcap ]	ì`X2021-05-05T23:08:45.220655+02:00 suricata pcap ]	ì`‚X2021-05-05T23:08:45.221348+02:00 suricata pcap <14>May  5 23:06:31 win10 Microsoft-Windows-Security-Auditing[4]: A handle to an object was requested.    Subject:  	Security ID:		S-1-5-18  	Account Name:		WIN10$  	Account Domain:		WORKGROUP  	Logon ID:		0x3E7    Object:  	Object Server:		Security  	Object Type:		Process  	Object Name:		\Device\HarddiskVolume2\Windows\System32\lsass.exe  	Handle ID:		0x684  	Resource Attributes:	-    Process Information:  	Process ID:		0xd84  	Process Name:		C:\Windows\System32\wbem\WmiPrvSE.exe    Access Request Information:  	Transaction ID:		{00000000-0000-0000-0000-000000000000}  	Accesses:		Read from process memory  				Query process information  				Undefined Access (no effect) Bit 12  				  	Access Reasons:		-  	Access Mask:		0x1410  	Privileges Used for Access Check:	-  	Restricted SID Count:	0
2021-05-05T23:08:45.221370+02:00 suricata pcap ]	ì`Œ\2021-05-05T23:08:45.221392+02:00 suricata pcap <14>May  5 23:06:31 win10 Microsoft-Windows-Security-Auditing[4]: A handle to an object was requested.    Subject:  	Security ID:		S-1-5-18  	Account Name:		WIN10$  	Account Domain:		WORKGROUP  	Logon ID:		0x3E7    Object:  	Object Server:		Security  	Object Type:		Process  	Object Name:		\Device\HarddiskVolume2\Windows\System32\lsass.exe  	Handle ID:		0x684  	Resource Attributes:	-    Process Information:  	Process ID:		0xd84  	Process Name:		C:\Windows\System32\wbem\WmiPrvSE.exe    Access Request Information:  	Transaction ID:		{00000000-0000-0000-0000-000000000000}  	Accesses:		Read from process memory  				Query process information  				Undefined Access (no effect) Bit 12  				  	Access Reasons:		-  	Access Mask:		0x1410  	Privileges Used for Access Check:	-  	Restricted SID Count:	0
2021-05-05T23:08:45.221406+02:00 suricata pcap ]	ì`$]2021-05-05T23:08:45.221427+02:00 suricata pcap <14>May  5 23:06:31 win10 Microsoft-Windows-Security-Auditing[4]: A handle to an object was requested.    Subject:  	Security ID:		S-1-5-18  	Account Name:		WIN10$  	Account Domain:		WORKGROUP  	Logon ID:		0x3E7    Object:  	Object Server:		Security  	Object Type:		Process  	Object Name:		\Device\HarddiskVolume2\Windows\System32\lsass.exe  	Handle ID:		0x684  	Resource Attributes:	-    Process Information:  	Process ID:		0xd84  	Process Name:		C:\Windows\System32\wbem\WmiPrvSE.exe    Access Request Information:  	Transaction ID:		{00000000-0000-0000-0000-000000000000}  	Accesses:		Read from process memory  				Query process information  				Undefined Access (no effect) Bit 12  				  	Access Reasons:		-  	Access Mask:		0x1410  	Privileges Used for Access Check:	-  	Restricted SID Count:	0
2021-05-05T23:08:45.222925+02:00 suricata pcap ]	ì`â]2021-05-05T23:08:45.222949+02:00 suricata pcap ]	ì`Ø`2021-05-05T23:08:45.222968+02:00 suricata pcap ]	ì`a2021-05-05T23:08:45.222986+02:00 suricata pcap ]	ì`ca2021-05-05T23:08:45.222999+02:00 suricata pcap <14>May  5 23:06:31 win10 Microsoft-Windows-Security-Auditing[4]: An attempt was made to duplicate a handle to an object.    Subject:  	Security ID:		S-1-5-18  	Account Name:		WIN10$  	Account Domain:		WORKGROUP  	Logon ID:		0x3E7    Source Handle Information:  	Source Handle ID:	0x554  	Source Process ID:	0xd84    New Handle Information:  	Target Handle ID:	0x2c78  	Target Process ID:	0x4
2021-05-05T23:08:45.223013+02:00 suricata pcap ]	ì`çd2021-05-05T23:08:45.223026+02:00 suricata pcap <14>May  5 23:06:31 win10 Microsoft-Windows-Security-Auditing[4]: An attempt was made to duplicate a handle to an object.    Subject:  	Security ID:		S-1-5-18  	Account Name:		WIN10$  	Account Domain:		WORKGROUP  	Logon ID:		0x3E7    Source Handle Information:  	Source Handle ID:	0x554  	Source Process ID:	0xd84    New Handle Information:  	Target Handle ID:	0x2c78  	Target Process ID:	0x4
2021-05-05T23:08:45.223039+02:00 suricata pcap ]	ì`·e2021-05-05T23:08:45.223052+02:00 suricata pcap <14>May  5 23:06:31 win10 Microsoft-Windows-Security-Auditing[4]: An attempt was made to duplicate a handle to an object.    Subject:  	Security ID:		S-1-5-18  	Account Name:		WIN10$  	Account Domain:		WORKGROUP  	Logon ID:		0x3E7    Source Handle Information:  	Source Handle ID:	0x554  	Source Process ID:	0xd84    New Handle Information:  	Target Handle ID:	0x2c78  	Target Process ID:	0x4
2021-05-05T23:08:45.224289+02:00 suricata pcap ]	ì`Èe2021-05-05T23:08:45.224315+02:00 suricata pcap <14>May  5 23:06:31 win10 Microsoft-Windows-Security-Auditing[4]: A handle to an object was requested.    Subject:  	Security ID:		S-1-5-18  	Account Name:		WIN10$  	Account Domain:		WORKGROUP  	Logon ID:		0x3E7    Object:  	Object Server:		Security  	Object Type:		Process  	Object Name:		\Device\HarddiskVolume2\Windows\System32\lsass.exe  	Handle ID:		0x554  	Resource Attributes:	-    Process Information:  	Process ID:		0xd84  	Process Name:		C:\Windows\System32\wbem\WmiPrvSE.exe    Access Request Information:  	Transaction ID:		{00000000-0000-0000-0000-000000000000}  	Accesses:		Read from process memory  				Query process information  				Undefined Access (no effect) Bit 12  				  	Access Reasons:		-  	Access Mask:		0x1410  	Privileges Used for Access Check:	-  	Restricted SID Count:	0
2021-05-05T23:08:45.224328+02:00 suricata pcap ]	ì`?i2021-05-05T23:08:45.224349+02:00 suricata pcap <14>May  5 23:06:31 win10 Microsoft-Windows-Security-Auditing[4]: A handle to an object was requested.    Subject:  	Security ID:		S-1-5-18  	Account Name:		WIN10$  	Account Domain:		WORKGROUP  	Logon ID:		0x3E7    Object:  	Object Server:		Security  	Object Type:		Process  	Object Name:		\Device\HarddiskVolume2\Windows\System32\lsass.exe  	Handle ID:		0x554  	Resource Attributes:	-    Process Information:  	Process ID:		0xd84  	Process Name:		C:\Windows\System32\wbem\WmiPrvSE.exe    Access Request Information:  	Transaction ID:		{00000000-0000-0000-0000-000000000000}  	Accesses:		Read from process memory  				Query process information  				Undefined Access (no effect) Bit 12  				  	Access Reasons:		-  	Access Mask:		0x1410  	Privileges Used for Access Check:	-  	Restricted SID Count:	0
2021-05-05T23:08:45.224363+02:00 suricata pcap ]	ì`j2021-05-05T23:08:45.224384+02:00 suricata pcap <14>May  5 23:06:31 win10 Microsoft-Windows-Security-Auditing[4]: A handle to an object was requested.    Subject:  	Security ID:		S-1-5-18  	Account Name:		WIN10$  	Account Domain:		WORKGROUP  	Logon ID:		0x3E7    Object:  	Object Server:		Security  	Object Type:		Process  	Object Name:		\Device\HarddiskVolume2\Windows\System32\lsass.exe  	Handle ID:		0x554  	Resource Attributes:	-    Process Information:  	Process ID:		0xd84  	Process Name:		C:\Windows\System32\wbem\WmiPrvSE.exe    Access Request Information:  	Transaction ID:		{00000000-0000-0000-0000-000000000000}  	Accesses:		Read from process memory  				Query process information  				Undefined Access (no effect) Bit 12  				  	Access Reasons:		-  	Access Mask:		0x1410  	Privileges Used for Access Check:	-  	Restricted SID Count:	0
2021-05-05T23:08:45.225535+02:00 suricata pcap ]	ì`tj2021-05-05T23:08:45.225557+02:00 suricata pcap <14>May  5 23:06:31 win10 Microsoft-Windows-Security-Auditing[4]: The handle to an object was closed.    Subject :  	Security ID:		S-1-5-18  	Account Name:		WIN10$  	Account Domain:		WORKGROUP  	Logon ID:		0x3E7    Object:  	Object Server:		Security  	Handle ID:		0x554    Process Information:  	Process ID:		0xd84  	Process Name:		C:\Windows\System32\wbem\WmiPrvSE.exe
2021-05-05T23:08:45.225576+02:00 suricata pcap ]	ì`◊l2021-05-05T23:08:45.225587+02:00 suricata pcap <14>May  5 23:06:31 win10 Microsoft-Windows-Security-Auditing[4]: The handle to an object was closed.    Subject :  	Security ID:		S-1-5-18  	Account Name:		WIN10$  	Account Domain:		WORKGROUP  	Logon ID:		0x3E7    Object:  	Object Server:		Security  	Handle ID:		0x554    Process Information:  	Process ID:		0xd84  	Process Name:		C:\Windows\System32\wbem\WmiPrvSE.exe
2021-05-05T23:08:45.225606+02:00 suricata pcap ]	ì`dm2021-05-05T23:08:45.225618+02:00 suricata pcap <14>May  5 23:06:31 win10 Microsoft-Windows-Security-Auditing[4]: The handle to an object was closed.    Subject :  	Security ID:		S-1-5-18  	Account Name:		WIN10$  	Account Domain:		WORKGROUP  	Logon ID:		0x3E7    Object:  	Object Server:		Security  	Handle ID:		0x554    Process Information:  	Process ID:		0xd84  	Process Name:		C:\Windows\System32\wbem\WmiPrvSE.exe
2021-05-05T23:08:45.225636+02:00 suricata pcap ]	ì`òm2021-05-05T23:08:45.226380+02:00 suricata pcap ]	ì`[p2021-05-05T23:08:45.226401+02:00 suricata pcap ]	ì`Ãp2021-05-05T23:08:45.226419+02:00 suricata pcap ]	ì`q2021-05-05T23:08:45.226440+02:00 suricata pcap <14>May  5 23:06:31 win10 Microsoft-Windows-Security-Auditing[4]: A handle to an object was requested.    Subject:  	Security ID:		S-1-5-18  	Account Name:		WIN10$  	Account Domain:		WORKGROUP  	Logon ID:		0x3E7    Object:  	Object Server:		Security  	Object Type:		Process  	Object Name:		\Device\HarddiskVolume2\Windows\System32\lsass.exe  	Handle ID:		0x598  	Resource Attributes:	-    Process Information:  	Process ID:		0xd84  	Process Name:		C:\Windows\System32\wbem\WmiPrvSE.exe    Access Request Information:  	Transaction ID:		{00000000-0000-0000-0000-000000000000}  	Accesses:		Read from process memory  				Query process information  				Undefined Access (no effect) Bit 12  				  	Access Reasons:		-  	Access Mask:		0x1410  	Privileges Used for Access Check:	-  	Restricted SID Count:	0
2021-05-05T23:08:45.226454+02:00 suricata pcap ]	ì`Ls2021-05-05T23:08:45.226475+02:00 suricata pcap <14>May  5 23:06:31 win10 Microsoft-Windows-Security-Auditing[4]: A handle to an object was requested.    Subject:  	Security ID:		S-1-5-18  	Account Name:		WIN10$  	Account Domain:		WORKGROUP  	Logon ID:		0x3E7    Object:  	Object Server:		Security  	Object Type:		Process  	Object Name:		\Device\HarddiskVolume2\Windows\System32\lsass.exe  	Handle ID:		0x598  	Resource Attributes:	-    Process Information:  	Process ID:		0xd84  	Process Name:		C:\Windows\System32\wbem\WmiPrvSE.exe    Access Request Information:  	Transaction ID:		{00000000-0000-0000-0000-000000000000}  	Accesses:		Read from process memory  				Query process information  				Undefined Access (no effect) Bit 12  				  	Access Reasons:		-  	Access Mask:		0x1410  	Privileges Used for Access Check:	-  	Restricted SID Count:	0
2021-05-05T23:08:45.226489+02:00 suricata pcap ]	ì`©s2021-05-05T23:08:46.213408+02:00 suricata pcap <14>May  5 23:06:31 win10 Microsoft-Windows-Security-Auditing[4]: A handle to an object was requested.    Subject:  	Security ID:		S-1-5-18  	Account Name:		WIN10$  	Account Domain:		WORKGROUP  	Logon ID:		0x3E7    Object:  	Object Server:		Security  	Object Type:		Process  	Object Name:		\Device\HarddiskVolume2\Windows\System32\lsass.exe  	Handle ID:		0x598  	Resource Attributes:	-    Process Information:  	Process ID:		0xd84  	Process Name:		C:\Windows\System32\wbem\WmiPrvSE.exe    Access Request Information:  	Transaction ID:		{00000000-0000-0000-0000-000000000000}  	Accesses:		Read from process memory  				Query process information  				Undefined Access (no effect) Bit 12  				  	Access Reasons:		-  	Access Mask:		0x1410  	Privileges Used for Access Check:	-  	Restricted SID Count:	0
2021-05-05T23:08:46.213480+02:00 suricata pcap ]	ì`˚s2021-05-05T23:08:46.213503+02:00 suricata pcap <14>May  5 23:06:31 win10 Microsoft-Windows-Security-Auditing[4]: The handle to an object was closed.    Subject :  	Security ID:		S-1-5-18  	Account Name:		WIN10$  	Account Domain:		WORKGROUP  	Logon ID:		0x3E7    Object:  	Object Server:		Security  	Handle ID:		0x598    Process Information:  	Process ID:		0xd84  	Process Name:		C:\Windows\System32\wbem\WmiPrvSE.exe
2021-05-05T23:08:46.213531+02:00 suricata pcap ]	ì`fv2021-05-05T23:08:46.213553+02:00 suricata pcap <14>May  5 23:06:31 win10 Microsoft-Windows-Security-Auditing[4]: The handle to an object was closed.    Subject :  	Security ID:		S-1-5-18  	Account Name:		WIN10$  	Account Domain:		WORKGROUP  	Logon ID:		0x3E7    Object:  	Object Server:		Security  	Handle ID:		0x598    Process Information:  	Process ID:		0xd84  	Process Name:		C:\Windows\System32\wbem\WmiPrvSE.exe
2021-05-05T23:08:46.213581+02:00 suricata pcap ]	ì`‡v2021-05-05T23:08:46.213602+02:00 suricata pcap <14>May  5 23:06:31 win10 Microsoft-Windows-Security-Auditing[4]: The handle to an object was closed.    Subject :  	Security ID:		S-1-5-18  	Account Name:		WIN10$  	Account Domain:		WORKGROUP  	Logon ID:		0x3E7    Object:  	Object Server:		Security  	Handle ID:		0x598    Process Information:  	Process ID:		0xd84  	Process Name:		C:\Windows\System32\wbem\WmiPrvSE.exe
2021-05-05T23:08:51.267692+02:00 suricata pcap ]	ì`w2021-05-05T23:08:51.267735+02:00 suricata pcap 2021-05-05T23:08:51.267746+02:00 suricata pcap ¿®ã2021-05-05T23:08:51.267752+02:00 suricata pcap 2021-05-05T23:08:51.267762+02:00 suricata pcap ÆâÌ2021-05-05T23:08:51.267767+02:00 suricata pcap ¿®ã2021-05-05T23:08:51.267828+02:00 suricata pcap ÆâÌ2021-05-05T23:08:51.267837+02:00 suricata pcap 2021-05-05T23:08:51.267850+02:00 suricata pcap ¿®ã2021-05-05T23:08:51.267860+02:00 suricata pcap 2021-05-05T23:08:51.267870+02:00 suricata pcap ¿®ã2021-05-05T23:08:51.267878+02:00 suricata pcap 2021-05-05T23:08:51.267903+02:00 suricata pcap ¿®ã2021-05-05T23:08:51.267928+02:00 suricata pcap c	ì`€2021-05-05T23:08:51.267943+02:00 suricata pcap c	ì`E2021-05-05T23:08:51.267965+02:00 suricata pcap c	ì`Î2021-05-05T23:08:51.267987+02:00 suricata pcap <14>May  5 23:06:36 win10 Microsoft-Windows-Security-Auditing[4]: A handle to an object was requested.    Subject:  	Security ID:		S-1-5-18  	Account Name:		WIN10$  	Account Domain:		WORKGROUP  	Logon ID:		0x3E7    Object:  	Object Server:		Security  	Object Type:		Process  	Object Name:		\Device\HarddiskVolume2\Windows\System32\lsass.exe  	Handle ID:		0x460  	Resource Attributes:	-    Process Information:  	Process ID:		0xd84  	Process Name:		C:\Windows\System32\wbem\WmiPrvSE.exe    Access Request Information:  	Transaction ID:		{00000000-0000-0000-0000-000000000000}  	Accesses:		Read from process memory  				Query process information  				Undefined Access (no effect) Bit 12  				  	Access Reasons:		-  	Access Mask:		0x1410  	Privileges Used for Access Check:	-  	Restricted SID Count:	0
2021-05-05T23:08:51.268001+02:00 suricata pcap c	ì`‹2021-05-05T23:08:51.268661+02:00 suricata pcap <14>May  5 23:06:36 win10 Microsoft-Windows-Security-Auditing[4]: A handle to an object was requested.    Subject:  	Security ID:		S-1-5-18  	Account Name:		WIN10$  	Account Domain:		WORKGROUP  	Logon ID:		0x3E7    Object:  	Object Server:		Security  	Object Type:		Process  	Object Name:		\Device\HarddiskVolume2\Windows\System32\lsass.exe  	Handle ID:		0x460  	Resource Attributes:	-    Process Information:  	Process ID:		0xd84  	Process Name:		C:\Windows\System32\wbem\WmiPrvSE.exe    Access Request Information:  	Transaction ID:		{00000000-0000-0000-0000-000000000000}  	Accesses:		Read from process memory  				Query process information  				Undefined Access (no effect) Bit 12  				  	Access Reasons:		-  	Access Mask:		0x1410  	Privileges Used for Access Check:	-  	Restricted SID Count:	0
2021-05-05T23:08:51.268689+02:00 suricata pcap c	ì`K2021-05-05T23:08:51.268711+02:00 suricata pcap <14>May  5 23:06:36 win10 Microsoft-Windows-Security-Auditing[4]: A handle to an object was requested.    Subject:  	Security ID:		S-1-5-18  	Account Name:		WIN10$  	Account Domain:		WORKGROUP  	Logon ID:		0x3E7    Object:  	Object Server:		Security  	Object Type:		Process  	Object Name:		\Device\HarddiskVolume2\Windows\System32\lsass.exe  	Handle ID:		0x460  	Resource Attributes:	-    Process Information:  	Process ID:		0xd84  	Process Name:		C:\Windows\System32\wbem\WmiPrvSE.exe    Access Request Information:  	Transaction ID:		{00000000-0000-0000-0000-000000000000}  	Accesses:		Read from process memory  				Query process information  				Undefined Access (no effect) Bit 12  				  	Access Reasons:		-  	Access Mask:		0x1410  	Privileges Used for Access Check:	-  	Restricted SID Count:	0
2021-05-05T23:08:51.268737+02:00 suricata pcap c	ì`2021-05-05T23:08:51.268770+02:00 suricata pcap c	ì`(2021-05-05T23:08:51.270765+02:00 suricata pcap c	ì`Z2021-05-05T23:08:51.270781+02:00 suricata pcap c	ì`
2021-05-05T23:08:51.270800+02:00 suricata pcap 2021-05-05T23:08:51.270814+02:00 suricata pcap c	ì`[2021-05-05T23:08:51.270838+02:00 suricata pcap c	ì`º2021-05-05T23:08:51.270865+02:00 suricata pcap c	ì`12021-05-05T23:08:51.270880+02:00 suricata pcap c	ì`J2021-05-05T23:08:51.270895+02:00 suricata pcap c	ì`À2021-05-05T23:08:51.270913+02:00 suricata pcap c	ì`2021-05-05T23:08:51.272016+02:00 suricata pcap c	ì`)!2021-05-05T23:08:51.272036+02:00 suricata pcap c	ì`n!2021-05-05T23:08:51.272067+02:00 suricata pcap c	ì`œ!2021-05-05T23:08:51.272090+02:00 suricata pcap c	ì`î#2021-05-05T23:08:51.272113+02:00 suricata pcap c	ì`Ë#2021-05-05T23:08:51.272119+02:00 suricata pcap c	ì`$2021-05-05T23:08:51.272123+02:00 suricata pcap Ú2021-05-05T23:08:51.272128+02:00 suricata pcap Ú2021-05-05T23:08:53.683405+02:00 suricata pcap Ú2021-05-05T23:08:53.683447+02:00 suricata pcap c	ì`q&2021-05-05T23:08:53.683468+02:00 suricata pcap c	ì`˙&2021-05-05T23:08:53.683487+02:00 suricata pcap c	ì`V'2021-05-05T23:08:53.683505+02:00 suricata pcap c	ì`X*2021-05-05T23:08:53.683520+02:00 suricata pcap c	ì`º*2021-05-05T23:08:53.683531+02:00 suricata pcap c	ì`+2021-05-05T23:08:53.683537+02:00 suricata pcap 2021-05-05T23:08:53.683543+02:00 suricata pcap ¿®ã2021-05-05T23:08:53.683549+02:00 suricata pcap 2021-05-05T23:08:53.683554+02:00 suricata pcap ¿®ã2021-05-05T23:08:53.683559+02:00 suricata pcap 2021-05-05T23:08:53.683564+02:00 suricata pcap ¿®ã2021-05-05T23:08:53.683569+02:00 suricata pcap 2021-05-05T23:08:53.683574+02:00 suricata pcap HOST: 239.255.255.250:1900
2021-05-05T23:08:53.683578+02:00 suricata pcap MAN: "ssdp:discover"
2021-05-05T23:08:53.683582+02:00 suricata pcap MX: 1
2021-05-05T23:08:53.683587+02:00 suricata pcap ST: urn:dial-multiscreen-org:service:dial:1
2021-05-05T23:08:56.318241+02:00 suricata pcap USER-AGENT: Chromium/80.0.3987.149 Linux
2021-05-05T23:08:56.318274+02:00 suricata pcap 
2021-05-05T23:08:56.318284+02:00 suricata pcap f	ì`ó2021-05-05T23:08:56.318298+02:00 suricata pcap 2021-05-05T23:08:56.318302+02:00 suricata pcap ¿®ã2021-05-05T23:08:56.318307+02:00 suricata pcap 2021-05-05T23:08:56.318312+02:00 suricata pcap HOST: 239.255.255.250:1900
2021-05-05T23:08:56.318315+02:00 suricata pcap MAN: "ssdp:discover"
2021-05-05T23:08:56.318319+02:00 suricata pcap MX: 1
2021-05-05T23:08:56.318325+02:00 suricata pcap ST: urn:dial-multiscreen-org:service:dial:1
2021-05-05T23:08:56.318329+02:00 suricata pcap USER-AGENT: Chromium/80.0.3987.149 Linux
2021-05-05T23:08:56.318333+02:00 suricata pcap 
2021-05-05T23:08:56.318337+02:00 suricata pcap g	ì`Ω‘2021-05-05T23:08:56.318342+02:00 suricata pcap 2021-05-05T23:08:56.318346+02:00 suricata pcap ¿®ã2021-05-05T23:08:56.318351+02:00 suricata pcap 2021-05-05T23:08:56.318356+02:00 suricata pcap HOST: 239.255.255.250:1900
2021-05-05T23:08:56.318360+02:00 suricata pcap MAN: "ssdp:discover"
2021-05-05T23:08:56.318365+02:00 suricata pcap MX: 1
2021-05-05T23:08:56.318370+02:00 suricata pcap ST: urn:dial-multiscreen-org:service:dial:1
2021-05-05T23:08:56.318376+02:00 suricata pcap USER-AGENT: Chromium/80.0.3987.149 Linux
2021-05-05T23:08:56.318379+02:00 suricata pcap 
2021-05-05T23:08:56.318398+02:00 suricata pcap h	ì`<F2021-05-05T23:08:56.318414+02:00 suricata pcap h	ì`ΩŒ2021-05-05T23:08:56.318430+02:00 suricata pcap h	ì`œ2021-05-05T23:08:56.318452+02:00 suricata pcap <14>May  5 23:06:41 win10 Microsoft-Windows-Security-Auditing[4]: A handle to an object was requested.    Subject:  	Security ID:		S-1-5-18  	Account Name:		WIN10$  	Account Domain:		WORKGROUP  	Logon ID:		0x3E7    Object:  	Object Server:		Security  	Object Type:		Process  	Object Name:		\Device\HarddiskVolume2\Windows\System32\lsass.exe  	Handle ID:		0x6c4  	Resource Attributes:	-    Process Information:  	Process ID:		0xd84  	Process Name:		C:\Windows\System32\wbem\WmiPrvSE.exe    Access Request Information:  	Transaction ID:		{00000000-0000-0000-0000-000000000000}  	Accesses:		Read from process memory  				Query process information  				Undefined Access (no effect) Bit 12  				  	Access Reasons:		-  	Access Mask:		0x1410  	Privileges Used for Access Check:	-  	Restricted SID Count:	0
2021-05-05T23:08:56.318471+02:00 suricata pcap <14>May  5 23:06:41 win10 Microsoft-Windows-Security-Auditing[4]: An attempt was made to access an object.    Subject:  	Security ID:		S-1-5-18  	Account Name:		WIN10$  	Account Domain:		WORKGROUP  	Logon ID:		0x3E7    Object:  	Object Server:		Security  	Object Type:		Process  	Object Nh	ì`Kœ2021-05-05T23:08:56.318499+02:00 suricata pcap h	ì`üœ2021-05-05T23:08:56.318521+02:00 suricata pcap <14>May  5 23:06:41 win10 Microsoft-Windows-Security-Auditing[4]: A handle to an object was requested.    Subject:  	Security ID:		S-1-5-18  	Account Name:		WIN10$  	Account Domain:		WORKGROUP  	Logon ID:		0x3E7    Object:  	Object Server:		Security  	Object Type:		Process  	Object Name:		\Device\HarddiskVolume2\Windows\System32\lsass.exe  	Handle ID:		0x6c4  	Resource Attributes:	-    Process Information:  	Process ID:		0xd84  	Process Name:		C:\Windows\System32\wbem\WmiPrvSE.exe    Access Request Information:  	Transaction ID:		{00000000-0000-0000-0000-000000000000}  	Accesses:		Read from process memory  				Query process information  				Undefined Access (no effect) Bit 12  				  	Access Reasons:		-  	Access Mask:		0x1410  	Privileges Used for Access Check:	-  	Restricted SID Count:	0
2021-05-05T23:08:56.318540+02:00 suricata pcap <14>May  5 23:06:41 win10 Microsoft-Windows-Security-Auditing[4]: An attempt was made to access an object.    Subject:  	Security ID:		S-1-5-18  	Account Name:		WIN10$  	Account Domain:		WORKGROUP  	Logon ID:		0x3E7    Object:  	Object Server:		Security  	Object Type:		Process  	Object Nh	ì`–2021-05-05T23:08:56.318555+02:00 suricata pcap h	ì`—œ2021-05-05T23:08:56.318571+02:00 suricata pcap h	ì`–2021-05-05T23:08:56.318592+02:00 suricata pcap <14>May  5 23:06:41 win10 Microsoft-Windows-Security-Auditing[4]: A handle to an object was requested.    Subject:  	Security ID:		S-1-5-18  	Account Name:		WIN10$  	Account Domain:		WORKGROUP  	Logon ID:		0x3E7    Object:  	Object Server:		Security  	Object Type:		Process  	Object Name:		\Device\HarddiskVolume2\Windows\System32\lsass.exe  	Handle ID:		0x6c4  	Resource Attributes:	-    Process Information:  	Process ID:		0xd84  	Process Name:		C:\Windows\System32\wbem\WmiPrvSE.exe    Access Request Information:  	Transaction ID:		{00000000-0000-0000-0000-000000000000}  	Accesses:		Read from process memory  				Query process information  				Undefined Access (no effect) Bit 12  				  	Access Reasons:		-  	Access Mask:		0x1410  	Privileges Used for Access Check:	-  	Restricted SID Count:	0
2021-05-05T23:09:01.368789+02:00 suricata pcap <14>May  5 23:06:41 win10 Microsoft-Windows-Security-Auditing[4]: An attempt was made to access an object.    Subject:  	Security ID:		S-1-5-18  	Account Name:		WIN10$  	Account Domain:		WORKGROUP  	Logon ID:		0x3E7    Object:  	Object Server:		Security  	Object Type:		Process  	Object Nh	ì`™–2021-05-05T23:09:01.368865+02:00 suricata pcap h	ì`.—2021-05-05T23:09:01.369019+02:00 suricata pcap h	ì`]—2021-05-05T23:09:01.369057+02:00 suricata pcap h	ì`∆◊2021-05-05T23:09:01.369077+02:00 suricata pcap h	ì`¶ÿ2021-05-05T23:09:01.369085+02:00 suricata pcap 2021-05-05T23:09:01.369090+02:00 suricata pcap ¿®ã2021-05-05T23:09:01.369096+02:00 suricata pcap 2021-05-05T23:09:01.369102+02:00 suricata pcap HOST: 239.255.255.250:1900
2021-05-05T23:09:01.369107+02:00 suricata pcap MAN: "ssdp:discover"
2021-05-05T23:09:01.369113+02:00 suricata pcap MX: 1
2021-05-05T23:09:01.369118+02:00 suricata pcap ST: urn:dial-multiscreen-org:service:dial:1
2021-05-05T23:09:01.369122+02:00 suricata pcap USER-AGENT: Chromium/80.0.3987.149 Linux
2021-05-05T23:09:01.369126+02:00 suricata pcap 
2021-05-05T23:09:01.369132+02:00 suricata pcap i	ì`#§2021-05-05T23:09:01.369136+02:00 suricata pcap 2021-05-05T23:09:01.369142+02:00 suricata pcap ¿®ã2021-05-05T23:09:01.369148+02:00 suricata pcap 2021-05-05T23:09:01.369153+02:00 suricata pcap ¿®ã2021-05-05T23:09:01.369206+02:00 suricata pcap 2021-05-05T23:09:01.369212+02:00 suricata pcap ¿®ã2021-05-05T23:09:01.369217+02:00 suricata pcap 2021-05-05T23:09:01.369221+02:00 suricata pcap 2021-05-05T23:09:01.369225+02:00 suricata pcap 2021-05-05T23:09:01.369240+02:00 suricata pcap ¿®ã2021-05-05T23:09:01.369267+02:00 suricata pcap m	ì`bé2021-05-05T23:09:01.369301+02:00 suricata pcap m	ì`æì2021-05-05T23:09:01.369318+02:00 suricata pcap m	ì`î2021-05-05T23:09:01.369352+02:00 suricata pcap <14>May  5 23:06:46 win10 Microsoft-Windows-Security-Auditing[4]: A handle to an object was requested.    Subject:  	Security ID:		S-1-5-18  	Account Name:		WIN10$  	Account Domain:		WORKGROUP  	Logon ID:		0x3E7    Object:  	Object Server:		Security  	Object Type:		Process  	Object Name:		\Device\HarddiskVolume2\Windows\System32\lsass.exe  	Handle ID:		0x7d0  	Resource Attributes:	-    Process Information:  	Process ID:		0xd84  	Process Name:		C:\Windows\System32\wbem\WmiPrvSE.exe    Access Request Information:  	Transaction ID:		{00000000-0000-0000-0000-000000000000}  	Accesses:		Read from process memory  				Query process information  				Undefined Access (no effect) Bit 12  				  	Access Reasons:		-  	Access Mask:		0x1410  	Privileges Used for Access Check:	-  	Restricted SID Count:	0
2021-05-05T23:09:01.369370+02:00 suricata pcap <14>May  5 23:06:46 win10 Microsoft-Windows-Security-Auditing[4]: An attempt was made to access an object.    Subject:  	Security ID:		S-1-5-18  	Account Name:		WIN10$  	Account Domain:		WORKGROUP  	Logon ID:		0x3E7    Object:  	Object Server:		Security  	Object Type:		Process  	Object Nm	ì`Íî2021-05-05T23:09:01.369384+02:00 suricata pcap m	ì`ñ2021-05-05T23:09:01.369406+02:00 suricata pcap <14>May  5 23:06:46 win10 Microsoft-Windows-Security-Auditing[4]: A handle to an object was requested.    Subject:  	Security ID:		S-1-5-18  	Account Name:		WIN10$  	Account Domain:		WORKGROUP  	Logon ID:		0x3E7    Object:  	Object Server:		Security  	Object Type:		Process  	Object Name:		\Device\HarddiskVolume2\Windows\System32\lsass.exe  	Handle ID:		0x7d0  	Resource Attributes:	-    Process Information:  	Process ID:		0xd84  	Process Name:		C:\Windows\System32\wbem\WmiPrvSE.exe    Access Request Information:  	Transaction ID:		{00000000-0000-0000-0000-000000000000}  	Accesses:		Read from process memory  				Query process information  				Undefined Access (no effect) Bit 12  				  	Access Reasons:		-  	Access Mask:		0x1410  	Privileges Used for Access Check:	-  	Restricted SID Count:	0
2021-05-05T23:09:01.370519+02:00 suricata pcap <14>May  5 23:06:46 win10 Microsoft-Windows-Security-Auditing[4]: An attempt was made to access an object.    Subject:  	Security ID:		S-1-5-18  	Account Name:		WIN10$  	Account Domain:		WORKGROUP  	Logon ID:		0x3E7    Object:  	Object Server:		Security  	Object Type:		Process  	Object Nm	ì`#ñ2021-05-05T23:09:01.370579+02:00 suricata pcap m	ì`rù2021-05-05T23:09:01.370608+02:00 suricata pcap <14>May  5 23:06:46 win10 Microsoft-Windows-Security-Auditing[4]: A handle to an object was requested.    Subject:  	Security ID:		S-1-5-18  	Account Name:		WIN10$  	Account Domain:		WORKGROUP  	Logon ID:		0x3E7    Object:  	Object Server:		Security  	Object Type:		Process  	Object Name:		\Device\HarddiskVolume2\Windows\System32\lsass.exe  	Handle ID:		0x7d0  	Resource Attributes:	-    Process Information:  	Process ID:		0xd84  	Process Name:		C:\Windows\System32\wbem\WmiPrvSE.exe    Access Request Information:  	Transaction ID:		{00000000-0000-0000-0000-000000000000}  	Accesses:		Read from process memory  				Query process information  				Undefined Access (no effect) Bit 12  				  	Access Reasons:		-  	Access Mask:		0x1410  	Privileges Used for Access Check:	-  	Restricted SID Count:	0
2021-05-05T23:09:01.370629+02:00 suricata pcap <14>May  5 23:06:46 win10 Microsoft-Windows-Security-Auditing[4]: An attempt was made to access an object.    Subject:  	Security ID:		S-1-5-18  	Account Name:		WIN10$  	Account Domain:		WORKGROUP  	Logon ID:		0x3E7    Object:  	Object Server:		Security  	Object Type:		Process  	Object Nm	ì`®ò2021-05-05T23:09:01.370644+02:00 suricata pcap m	ì`Rõ2021-05-05T23:09:01.370656+02:00 suricata pcap <14>May  5 23:06:47 win10 Microsoft-Windows-Security-Auditing[4]: An attempt was made to duplicate a handle to an object.    Subject:  	Security ID:		S-1-5-18  	Account Name:		WIN10$  	Account Domain:		WORKGROUP  	Logon ID:		0x3E7    Source Handle Information:  	Source Handle ID:	0x460  	Source Process ID:	0xd84    New Handle Information:  	Target Handle ID:	0x2418  	Target Process ID:	0x4
2021-05-05T23:09:01.370670+02:00 suricata pcap m	ì`óù2021-05-05T23:09:01.370683+02:00 suricata pcap <14>May  5 23:06:47 win10 Microsoft-Windows-Security-Auditing[4]: An attempt was made to duplicate a handle to an object.    Subject:  	Security ID:		S-1-5-18  	Account Name:		WIN10$  	Account Domain:		WORKGROUP  	Logon ID:		0x3E7    Source Handle Information:  	Source Handle ID:	0x460  	Source Process ID:	0xd84    New Handle Information:  	Target Handle ID:	0x2418  	Target Process ID:	0x4
2021-05-05T23:09:01.371679+02:00 suricata pcap m	ì`lõ2021-05-05T23:09:01.371716+02:00 suricata pcap <14>May  5 23:06:47 win10 Microsoft-Windows-Security-Auditing[4]: An attempt was made to duplicate a handle to an object.    Subject:  	Security ID:		S-1-5-18  	Account Name:		WIN10$  	Account Domain:		WORKGROUP  	Logon ID:		0x3E7    Source Handle Information:  	Source Handle ID:	0x460  	Source Process ID:	0xd84    New Handle Information:  	Target Handle ID:	0x2418  	Target Process ID:	0x4
2021-05-05T23:09:01.371734+02:00 suricata pcap m	ì`⁄ù2021-05-05T23:09:01.371752+02:00 suricata pcap m	ì`≤û2021-05-05T23:09:01.371801+02:00 suricata pcap m	ì`ª†2021-05-05T23:09:01.371834+02:00 suricata pcap m	ì`X°2021-05-05T23:09:01.373970+02:00 suricata pcap m	ì`kß2021-05-05T23:09:01.374013+02:00 suricata pcap m	ì`:¨2021-05-05T23:09:01.374039+02:00 suricata pcap m	ì`´2021-05-05T23:09:01.374051+02:00 suricata pcap <14>May  5 23:06:47 win10 Microsoft-Windows-Security-Auditing[4]: The handle to an object was closed.    Subject :  	Security ID:		S-1-5-18  	Account Name:		WIN10$  	Account Domain:		WORKGROUP  	Logon ID:		0x3E7    Object:  	Object Server:		Security  	Handle ID:		0x460    Process Information:  	Process ID:		0xd84  	Process Name:		C:\Windows\System32\wbem\WmiPrvSE.exe
2021-05-05T23:09:01.374065+02:00 suricata pcap <14>May  5 23:06:47 win10 Microsoft-Windows-Security-Auditing[4]: An attempt was made to duplicate a handle to an object.    Subject:  	Security ID:		S-1-5-18  	Account Name:		WIN10$  	Account Domain:		WORKGROUP  	Logon ID:		0x3E7    Source Handle Information:  	Source Handle ID:	0x474  	Source Process ID:	0xd84    New Handle Information:  	Target Handle ID:	0x36a8  	Target Process ID:	0x4
2021-05-05T23:09:01.374085+02:00 suricata pcap m	ì`ÈÆ2021-05-05T23:09:01.376258+02:00 suricata pcap <14>May  5 23:06:47 win10 Microsoft-Windows-Security-Auditing[4]: The handle to an object was closed.    Subject :  	Security ID:		S-1-5-18  	Account Name:		WIN10$  	Account Domain:		WORKGROUP  	Logon ID:		0x3E7    Object:  	Object Server:		Security  	Handle ID:		0x460    Process Information:  	Process ID:		0xd84  	Process Name:		C:\Windows\System32\wbem\WmiPrvSE.exe
2021-05-05T23:09:01.376301+02:00 suricata pcap <14>May  5 23:06:47 win10 Microsoft-Windows-Security-Auditing[4]: An attempt was made to duplicate a handle to an object.    Subject:  	Security ID:		S-1-5-18  	Account Name:		WIN10$  	Account Domain:		WORKGROUP  	Logon ID:		0x3E7    Source Handle Information:  	Source Handle ID:	0x474  	Source Process ID:	0xd84    New Handle Information:  	Target Handle ID:	0x36a8  	Target Process ID:	0x4
2021-05-05T23:09:01.376336+02:00 suricata pcap m	ì`¶≥2021-05-05T23:09:01.376350+02:00 suricata pcap <14>May  5 23:06:47 win10 Microsoft-Windows-Security-Auditing[4]: The handle to an object was closed.    Subject :  	Security ID:		S-1-5-18  	Account Name:		WIN10$  	Account Domain:		WORKGROUP  	Logon ID:		0x3E7    Object:  	Object Server:		Security  	Handle ID:		0x460    Process Information:  	Process ID:		0xd84  	Process Name:		C:\Windows\System32\wbem\WmiPrvSE.exe
2021-05-05T23:09:01.376363+02:00 suricata pcap <14>May  5 23:06:47 win10 Microsoft-Windows-Security-Auditing[4]: An attempt was made to duplicate a handle to an object.    Subject:  	Security ID:		S-1-5-18  	Account Name:		WIN10$  	Account Domain:		WORKGROUP  	Logon ID:		0x3E7    Source Handle Information:  	Source Handle ID:	0x474  	Source Process ID:	0xd84    New Handle Information:  	Target Handle ID:	0x36a8  	Target Process ID:	0x4
2021-05-05T23:09:01.376382+02:00 suricata pcap m	ì`¥2021-05-05T23:09:01.376396+02:00 suricata pcap m	ì`∑µ2021-05-05T23:09:01.376414+02:00 suricata pcap m	ì`â∂2021-05-05T23:09:01.377681+02:00 suricata pcap m	ì`Œ∂2021-05-05T23:09:01.377712+02:00 suricata pcap <14>May  5 23:06:47 win10 Microsoft-Windows-Security-Auditing[4]: An attempt was made to access an object.    Subject:  	Security ID:		S-1-5-18  	Account Name:		WIN10$  	Account Domain:		WORKGROUP  	Logon ID:		0x3E7    Object:  	Object Server:		Security  	Object Type:		Process  	Object Name:		\Device\HarddiskVolume2\Windows\System32\lsass.exe  	Handle ID:		0x474  	Resource Attributes:	-    Process Information:  	Process ID:		0xd84  	Process Name:		C:\Windows\System32\wbem\WmiPrvSE.exe    Access Request Information:  	Accesses:		Read from process memory  				  	Access Mask:		0x10
2021-05-05T23:09:01.377735+02:00 suricata pcap m	ì`¶Ω2021-05-05T23:09:01.377752+02:00 suricata pcap <14>May  5 23:06:47 win10 Microsoft-Windows-Security-Auditing[4]: An attempt was made to access an object.    Subject:  	Security ID:		S-1-5-18  	Account Name:		WIN10$  	Account Domain:		WORKGROUP  	Logon ID:		0x3E7    Object:  	Object Server:		Security  	Object Type:		Process  	Object Name:		\Device\HarddiskVolume2\Windows\System32\lsass.exe  	Handle ID:		0x474  	Resource Attributes:	-    Process Information:  	Process ID:		0xd84  	Process Name:		C:\Windows\System32\wbem\WmiPrvSE.exe    Access Request Information:  	Accesses:		Read from process memory  				  	Access Mask:		0x10
2021-05-05T23:09:01.377775+02:00 suricata pcap m	ì`æ2021-05-05T23:09:01.377792+02:00 suricata pcap <14>May  5 23:06:47 win10 Microsoft-Windows-Security-Auditing[4]: An attempt was made to access an object.    Subject:  	Security ID:		S-1-5-18  	Account Name:		WIN10$  	Account Domain:		WORKGROUP  	Logon ID:		0x3E7    Object:  	Object Server:		Security  	Object Type:		Process  	Object Name:		\Device\HarddiskVolume2\Windows\System32\lsass.exe  	Handle ID:		0x474  	Resource Attributes:	-    Process Information:  	Process ID:		0xd84  	Process Name:		C:\Windows\System32\wbem\WmiPrvSE.exe    Access Request Information:  	Accesses:		Read from process memory  				  	Access Mask:		0x10
2021-05-05T23:09:05.319651+02:00 suricata pcap m	ì`1æ2021-05-05T23:09:05.319693+02:00 suricata pcap m	ì`«ƒ2021-05-05T23:09:05.319709+02:00 suricata pcap m	ì`*≈2021-05-05T23:09:05.319720+02:00 suricata pcap m	ì`c≈2021-05-05T23:09:05.319727+02:00 suricata pcap 2021-05-05T23:09:05.319732+02:00 suricata pcap 2021-05-05T23:09:05.319738+02:00 suricata pcap 2021-05-05T23:09:05.319743+02:00 suricata pcap ¿®ã2021-05-05T23:09:05.319750+02:00 suricata pcap 2021-05-05T23:09:05.319755+02:00 suricata pcap ¿®ã2021-05-05T23:09:05.319761+02:00 suricata pcap 2021-05-05T23:09:05.319766+02:00 suricata pcap 2021-05-05T23:09:05.319776+02:00 suricata pcap 2021-05-05T23:09:05.319786+02:00 suricata pcap 2021-05-05T23:09:05.319791+02:00 suricata pcap 2021-05-05T23:09:05.319800+02:00 suricata pcap ¿®ã2021-05-05T23:09:05.319809+02:00 suricata pcap p	ì`é‰2021-05-05T23:09:05.319818+02:00 suricata pcap p	ì`îÊ2021-05-05T23:09:05.319826+02:00 suricata pcap p	ì`Á2021-05-05T23:09:05.319833+02:00 suricata pcap p	ì`ƒH2021-05-05T23:09:05.319838+02:00 suricata pcap 2021-05-05T23:09:05.319846+02:00 suricata pcap ¿®ã2021-05-05T23:09:06.417638+02:00 suricata pcap q	ì`§ﬂ2021-05-05T23:09:06.417667+02:00 suricata pcap q	ì`ÿ2021-05-05T23:09:06.417673+02:00 suricata pcap 2021-05-05T23:09:06.417686+02:00 suricata pcap ¿®ã2021-05-05T23:09:06.417710+02:00 suricata pcap r	ì`ZJ2021-05-05T23:09:06.417722+02:00 suricata pcap r	ì`LK2021-05-05T23:09:06.417735+02:00 suricata pcap r	ì`3L2021-05-05T23:09:06.417752+02:00 suricata pcap <14>May  5 23:06:52 win10 Microsoft-Windows-Security-Auditing[4]: A handle to an object was requested.    Subject:  	Security ID:		S-1-5-18  	Account Name:		WIN10$  	Account Domain:		WORKGROUP  	Logon ID:		0x3E7    Object:  	Object Server:		Security  	Object Type:		Process  	Object Name:		\Device\HarddiskVolume2\Windows\System32\lsass.exe  	Handle ID:		0x460  	Resource Attributes:	-    Process Information:  	Process ID:		0xd84  	Process Name:		C:\Windows\System32\wbem\WmiPrvSE.exe    Access Request Information:  	Transaction ID:		{00000000-0000-0000-0000-000000000000}  	Accesses:		Read from process memory  				Query process information  				Undefined Access (no effect) Bit 12  				  	Access Reasons:		-  	Access Mask:		0x1410  	Privileges Used for Access Check:	-  	Restricted SID Count:	0
2021-05-05T23:09:06.417768+02:00 suricata pcap <14>May  5 23:06:52 win10 Microsoft-Windows-Security-Auditing[4]: An attempt was made to access an object.    Subject:  	Security ID:		S-1-5-18  	Account Name:		WIN10$  	Account Domain:		WORKGROUP  	Logon ID:		0x3E7    Object:  	Object Server:		Security  	Object Type:		Process  	Object Nr	ì`˜K2021-05-05T23:09:06.417782+02:00 suricata pcap r	ì`≥L2021-05-05T23:09:06.418002+02:00 suricata pcap <14>May  5 23:06:52 win10 Microsoft-Windows-Security-Auditing[4]: A handle to an object was requested.    Subject:  	Security ID:		S-1-5-18  	Account Name:		WIN10$  	Account Domain:		WORKGROUP  	Logon ID:		0x3E7    Object:  	Object Server:		Security  	Object Type:		Process  	Object Name:		\Device\HarddiskVolume2\Windows\System32\lsass.exe  	Handle ID:		0x460  	Resource Attributes:	-    Process Information:  	Process ID:		0xd84  	Process Name:		C:\Windows\System32\wbem\WmiPrvSE.exe    Access Request Information:  	Transaction ID:		{00000000-0000-0000-0000-000000000000}  	Accesses:		Read from process memory  				Query process information  				Undefined Access (no effect) Bit 12  				  	Access Reasons:		-  	Access Mask:		0x1410  	Privileges Used for Access Check:	-  	Restricted SID Count:	0
2021-05-05T23:09:06.418020+02:00 suricata pcap <14>May  5 23:06:52 win10 Microsoft-Windows-Security-Auditing[4]: An attempt was made to access an object.    Subject:  	Security ID:		S-1-5-18  	Account Name:		WIN10$  	Account Domain:		WORKGROUP  	Logon ID:		0x3E7    Object:  	Object Server:		Security  	Object Type:		Process  	Object Nr	ì`pM2021-05-05T23:09:06.418037+02:00 suricata pcap <14>May  5 23:06:52 win10 Microsoft-Windows-Security-Auditing[4]: A handle to an object was requested.    Subject:  	Security ID:		S-1-5-18  	Account Name:		WIN10$  	Account Domain:		WORKGROUP  	Logon ID:		0x3E7    Object:  	Object Server:		Security  	Object Type:		Process  	Object Name:		\Device\HarddiskVolume2\Windows\System32\lsass.exe  	Handle ID:		0x460  	Resource Attributes:	-    Process Information:  	Process ID:		0xd84  	Process Name:		C:\Windows\System32\wbem\WmiPrvSE.exe    Access Request Information:  	Transaction ID:		{00000000-0000-0000-0000-000000000000}  	Accesses:		Read from process memory  				Query process information  				Undefined Access (no effect) Bit 12  				  	Access Reasons:		-  	Access Mask:		0x1410  	Privileges Used for Access Check:	-  	Restricted SID Count:	0
2021-05-05T23:09:06.418052+02:00 suricata pcap <14>May  5 23:06:52 win10 Microsoft-Windows-Security-Auditing[4]: An attempt was made to access an object.    Subject:  	Security ID:		S-1-5-18  	Account Name:		WIN10$  	Account Domain:		WORKGROUP  	Logon ID:		0x3E7    Object:  	Object Server:		Security  	Object Type:		Process  	Object Nr	ì`ÌM2021-05-05T23:09:06.418066+02:00 suricata pcap r	ì`ÚM2021-05-05T23:09:06.418688+02:00 suricata pcap r	ì`yO2021-05-05T23:09:06.418781+02:00 suricata pcap r	ì`ıV2021-05-05T23:09:06.418805+02:00 suricata pcap <14>May  5 23:06:52 win10 Microsoft-Windows-Security-Auditing[4]: A handle to an object was requested.    Subject:  	Security ID:		S-1-5-18  	Account Name:		WIN10$  	Account Domain:		WORKGROUP  	Logon ID:		0x3E7    Object:  	Object Server:		Security  	Object Type:		Process  	Object Name:		\Device\HarddiskVolume2\Windows\System32\lsass.exe  	Handle ID:		0x598  	Resource Attributes:	-    Process Information:  	Process ID:		0xd84  	Process Name:		C:\Windows\System32\wbem\WmiPrvSE.exe    Access Request Information:  	Transaction ID:		{00000000-0000-0000-0000-000000000000}  	Accesses:		Read from process memory  				Query process information  				Undefined Access (no effect) Bit 12  				  	Access Reasons:		-  	Access Mask:		0x1410  	Privileges Used for Access Check:	-  	Restricted SID Count:	0
2021-05-05T23:09:06.418825+02:00 suricata pcap <14>May  5 23:06:52 win10 Microsoft-Windows-Security-Auditing[4]: An attempt was made to access an object.    Subject:  	Security ID:		S-1-5-18  	Account Name:		WIN10$  	Account Domain:		WORKGROUP  	Logon ID:		0x3E7    Object:  	Object Server:		Security  	Object Type:		Process  	Object Nr	ì`vY2021-05-05T23:09:06.418841+02:00 suricata pcap r	ì` Z2021-05-05T23:09:06.418866+02:00 suricata pcap r	ì`u\2021-05-05T23:09:06.418885+02:00 suricata pcap <14>May  5 23:06:52 win10 Microsoft-Windows-Security-Auditing[4]: The handle to an object was closed.    Subject :  	Security ID:		S-1-5-18  	Account Name:		WIN10$  	Account Domain:		WORKGROUP  	Logon ID:		0x3E7    Object:  	Object Server:		Security  	Handle ID:		0x309c    Process Information:  	Process ID:		0xd84  	Process Name:		C:\Windows\System32\wbem\WmiPrvSE.exe
