2021-05-05T23:38:16.777477+02:00 suricata pcap <14>May  5 23:36:03 win10 Microsoft-Windows-Security-Auditing[4]: A handle to an object was requested.    Subject:  	Security ID:		S-1-5-18  	Account Name:		WIN10$  	Account Domain:		WORKGROUP  	Logon ID:		0x3E7    Object:  	Object Server:		Security  	Object Type:		Process  	Object Name:		\Device\HarddiskVolume2\Windows\System32\lsass.exe  	Handle ID:		0x754  	Resource Attributes:	-    Process Information:  	Process ID:		0xd84  	Process Name:		C:\Windows\System32\wbem\WmiPrvSE.exe    Access Request Information:  	Transaction ID:		{00000000-0000-0000-0000-000000000000}  	Accesses:		Read from process memory  				Query process information  				Undefined Access (no effect) Bit 12  				  	AHì`¶€2021-05-05T23:38:16.777492+02:00 suricata pcap Hì`˘€2021-05-05T23:38:16.777505+02:00 suricata pcap <14>May  5 23:36:03 win10 Microsoft-Windows-Security-Auditing[4]: The handle to an object was closed.    Subject :  	Security ID:		S-1-5-18  	Account Name:		WIN10$  	Account Domain:		WORKGROUP  	Logon ID:		0x3E7    Object:  	Object Server:		Security  	Handle ID:		0x3838    Process Information:  	Process ID:		0xd84  	Process Name:		C:\Windows\System32\wbem\WmiPrvSE.exe
2021-05-05T23:38:16.777528+02:00 suricata pcap <14>May  5 23:36:03 win10 Microsoft-Windows-Security-Auditing[4]: A handle to an object was requested.    Subject:  	Security ID:		S-1-5-18  	Account Name:		WIN10$  	Account Domain:		WORKGROUP  	Logon ID:		0x3E7    Object:  	Object Server:		Security  	Object Type:		Process  	Object Name:		\Device\HarddiskVolume2\Windows\System32\lsass.exe  	Handle ID:		0x754  	Resource Attributes:	-    Process Information:  	Process ID:		0xd84  	Process Name:		C:\Windows\System32\wbem\WmiPrvSE.exe    Access Request Information:  	Transaction ID:		{00000000-0000-0000-0000-000000000000}  	Accesses:		Read from process memory  				Query process information  				Undefined Access (no effect) Bit 12  				  	AHì`/‹2021-05-05T23:38:16.777542+02:00 suricata pcap Hì`ã‹2021-05-05T23:38:16.777555+02:00 suricata pcap <14>May  5 23:36:03 win10 Microsoft-Windows-Security-Auditing[4]: The handle to an object was closed.    Subject :  	Security ID:		S-1-5-18  	Account Name:		WIN10$  	Account Domain:		WORKGROUP  	Logon ID:		0x3E7    Object:  	Object Server:		Security  	Handle ID:		0x3838    Process Information:  	Process ID:		0xd84  	Process Name:		C:\Windows\System32\wbem\WmiPrvSE.exe
2021-05-05T23:38:16.779023+02:00 suricata pcap <14>May  5 23:36:03 win10 Microsoft-Windows-Security-Auditing[4]: A handle to an object was requested.    Subject:  	Security ID:		S-1-5-18  	Account Name:		WIN10$  	Account Domain:		WORKGROUP  	Logon ID:		0x3E7    Object:  	Object Server:		Security  	Object Type:		Process  	Object Name:		\Device\HarddiskVolume2\Windows\System32\lsass.exe  	Handle ID:		0x754  	Resource Attributes:	-    Process Information:  	Process ID:		0xd84  	Process Name:		C:\Windows\System32\wbem\WmiPrvSE.exe    Access Request Information:  	Transaction ID:		{00000000-0000-0000-0000-000000000000}  	Accesses:		Read from process memory  				Query process information  				Undefined Access (no effect) Bit 12  				  	AHì`∂‹2021-05-05T23:38:16.779061+02:00 suricata pcap Hì`	·2021-05-05T23:38:16.779074+02:00 suricata pcap <14>May  5 23:36:03 win10 Microsoft-Windows-Security-Auditing[4]: The handle to an object was closed.    Subject :  	Security ID:		S-1-5-18  	Account Name:		WIN10$  	Account Domain:		WORKGROUP  	Logon ID:		0x3E7    Object:  	Object Server:		Security  	Handle ID:		0x754    Process Information:  	Process ID:		0xd84  	Process Name:		C:\Windows\System32\wbem\WmiPrvSE.exe
2021-05-05T23:38:16.779086+02:00 suricata pcap <14>May  5 23:36:03 win10 Microsoft-Windows-Security-Auditing[4]: An attempt was made to duplicate a handle to an object.    Subject:  	Security ID:		S-1-5-18  	Account Name:		WIN10$  	Account Domain:		WORKGROUP  	Logon ID:		0x3E7    Source Handle Information:  	Source Handle ID:	0x754  	Source Process ID:	0xd84    New Handle Information:  	Target Handle ID:	0x1a5c  	Target Process ID:	0x4
2021-05-05T23:38:16.779100+02:00 suricata pcap <14>May  5 23:36:03 win10 Microsoft-Windows-Security-Auditing[4]: The handle to an object was closed.    SubHì`›·2021-05-05T23:38:16.779131+02:00 suricata pcap Hì`8‚2021-05-05T23:38:16.779145+02:00 suricata pcap <14>May  5 23:36:03 win10 Microsoft-Windows-Security-Auditing[4]: The handle to an object was closed.    Subject :  	Security ID:		S-1-5-18  	Account Name:		WIN10$  	Account Domain:		WORKGROUP  	Logon ID:		0x3E7    Object:  	Object Server:		Security  	Handle ID:		0x754    Process Information:  	Process ID:		0xd84  	Process Name:		C:\Windows\System32\wbem\WmiPrvSE.exe
2021-05-05T23:38:16.779159+02:00 suricata pcap <14>May  5 23:36:03 win10 Microsoft-Windows-Security-Auditing[4]: An attempt was made to duplicate a handle to an object.    Subject:  	Security ID:		S-1-5-18  	Account Name:		WIN10$  	Account Domain:		WORKGROUP  	Logon ID:		0x3E7    Source Handle Information:  	Source Handle ID:	0x754  	Source Process ID:	0xd84    New Handle Information:  	Target Handle ID:	0x1a5c  	Target Process ID:	0x4
2021-05-05T23:38:16.779833+02:00 suricata pcap <14>May  5 23:36:03 win10 Microsoft-Windows-Security-Auditing[4]: The handle to an object was closed.    SubHì`Ö‚2021-05-05T23:38:16.779863+02:00 suricata pcap Hì`û‚2021-05-05T23:38:16.779875+02:00 suricata pcap <14>May  5 23:36:03 win10 Microsoft-Windows-Security-Auditing[4]: The handle to an object was closed.    Subject :  	Security ID:		S-1-5-18  	Account Name:		WIN10$  	Account Domain:		WORKGROUP  	Logon ID:		0x3E7    Object:  	Object Server:		Security  	Handle ID:		0x754    Process Information:  	Process ID:		0xd84  	Process Name:		C:\Windows\System32\wbem\WmiPrvSE.exe
2021-05-05T23:38:16.779889+02:00 suricata pcap <14>May  5 23:36:03 win10 Microsoft-Windows-Security-Auditing[4]: An attempt was made to duplicate a handle to an object.    Subject:  	Security ID:		S-1-5-18  	Account Name:		WIN10$  	Account Domain:		WORKGROUP  	Logon ID:		0x3E7    Source Handle Information:  	Source Handle ID:	0x754  	Source Process ID:	0xd84    New Handle Information:  	Target Handle ID:	0x1a5c  	Target Process ID:	0x4
2021-05-05T23:38:16.779904+02:00 suricata pcap <14>May  5 23:36:03 win10 Microsoft-Windows-Security-Auditing[4]: The handle to an object was closed.    SubHì`‘‚2021-05-05T23:38:16.779937+02:00 suricata pcap Hì`„2021-05-05T23:38:16.779962+02:00 suricata pcap Hì`wÂ2021-05-05T23:38:16.781002+02:00 suricata pcap Hì`›Â2021-05-05T23:38:16.781041+02:00 suricata pcap Hì`9È2021-05-05T23:38:16.781054+02:00 suricata pcap <14>May  5 23:36:03 win10 Microsoft-Windows-Security-Auditing[4]: The handle to an object was closed.    Subject :  	Security ID:		S-1-5-18  	Account Name:		WIN10$  	Account Domain:		WORKGROUP  	Logon ID:		0x3E7    Object:  	Object Server:		Security  	Handle ID:		0x754    Process Information:  	Process ID:		0xd84  	Process Name:		C:\Windows\System32\wbem\WmiPrvSE.exe
2021-05-05T23:38:16.781075+02:00 suricata pcap <14>May  5 23:36:03 win10 Microsoft-Windows-Security-Auditing[4]: An attempt was made to duplicate a handle to an object.    Subject:  	Security ID:		S-1-5-18  	Account Name:		WIN10$  	Account Domain:		WORKGROUP  	Logon ID:		0x3E7    Source Handle Information:  	Source Handle ID:	0x468  	Source Process ID:	0xd84    New Handle Information:  	Target Handle ID:	0x3928  	Target Process ID:	0x4
2021-05-05T23:38:16.781098+02:00 suricata pcap <14>May  5 23:36:03 win10 Microsoft-Windows-Security-Auditing[4]: The handle to an object was closed.    SubHì`DÈ2021-05-05T23:38:16.781126+02:00 suricata pcap Hì`yÈ2021-05-05T23:38:16.781142+02:00 suricata pcap <14>May  5 23:36:03 win10 Microsoft-Windows-Security-Auditing[4]: The handle to an object was closed.    Subject :  	Security ID:		S-1-5-18  	Account Name:		WIN10$  	Account Domain:		WORKGROUP  	Logon ID:		0x3E7    Object:  	Object Server:		Security  	Handle ID:		0x754    Process Information:  	Process ID:		0xd84  	Process Name:		C:\Windows\System32\wbem\WmiPrvSE.exe
2021-05-05T23:38:16.781186+02:00 suricata pcap <14>May  5 23:36:03 win10 Microsoft-Windows-Security-Auditing[4]: An attempt was made to duplicate a handle to an object.    Subject:  	Security ID:		S-1-5-18  	Account Name:		WIN10$  	Account Domain:		WORKGROUP  	Logon ID:		0x3E7    Source Handle Information:  	Source Handle ID:	0x468  	Source Process ID:	0xd84    New Handle Information:  	Target Handle ID:	0x3928  	Target Process ID:	0x4
2021-05-05T23:38:16.781941+02:00 suricata pcap <14>May  5 23:36:03 win10 Microsoft-Windows-Security-Auditing[4]: The handle to an object was closed.    SubHì`ÍÈ2021-05-05T23:38:16.781966+02:00 suricata pcap <14>May  5 23:36:03 win10 Microsoft-Windows-Security-Auditing[4]: The handle to an object was closed.    Subject :  	Security ID:		S-1-5-18  	Account Name:		WIN10$  	Account Domain:		WORKGROUP  	Logon ID:		0x3E7    Object:  	Object Server:		Security  	Handle ID:		0x754    Process Information:  	Process ID:		0xd84  	Process Name:		C:\Windows\System32\wbem\WmiPrvSE.exe
2021-05-05T23:38:16.781979+02:00 suricata pcap <14>May  5 23:36:03 win10 Microsoft-Windows-Security-Auditing[4]: An attempt was made to duplicate a handle to an object.    Subject:  	Security ID:		S-1-5-18  	Account Name:		WIN10$  	Account Domain:		WORKGROUP  	Logon ID:		0x3E7    Source Handle Information:  	Source Handle ID:	0x468  	Source Process ID:	0xd84    New Handle Information:  	Target Handle ID:	0x3928  	Target Process ID:	0x4
2021-05-05T23:38:16.781993+02:00 suricata pcap <14>May  5 23:36:03 win10 Microsoft-Windows-Security-Auditing[4]: The handle to an object was closed.    SubHì`Í2021-05-05T23:38:16.782007+02:00 suricata pcap Hì`Í2021-05-05T23:38:16.782040+02:00 suricata pcap Hì`)Î2021-05-05T23:38:16.782058+02:00 suricata pcap <14>May  5 23:36:03 win10 Microsoft-Windows-Security-Auditing[4]: An attempt was made to access an object.    Subject:  	Security ID:		S-1-5-18  	Account Name:		WIN10$  	Account Domain:		WORKGROUP  	Logon ID:		0x3E7    Object:  	Object Server:		Security  	Object Type:		Process  	Object Name:		\Device\HarddiskVolume2\Windows\System32\lsass.exe  	Handle ID:		0x468  	Resource Attributes:	-    Process Information:  	Process ID:		0xd84  	Process Name:		C:\Windows\System32\wbem\WmiPrvSE.exe    Access Request Information:  	Accesses:		Read from process memory  				  	Access Mask:		0x10
2021-05-05T23:38:16.782099+02:00 suricata pcap Hì`Ì2021-05-05T23:38:16.782126+02:00 suricata pcap <14>May  5 23:36:03 win10 Microsoft-Windows-Security-Auditing[4]: An attempt was made to access an object.    Subject:  	Security ID:		S-1-5-18  	Account Name:		WIN10$  	Account Domain:		WORKGROUP  	Logon ID:		0x3E7    Object:  	Object Server:		Security  	Object Type:		Process  	Object Name:		\Device\HarddiskVolume2\Windows\System32\lsass.exe  	Handle ID:		0x468  	Resource Attributes:	-    Process Information:  	Process ID:		0xd84  	Process Name:		C:\Windows\System32\wbem\WmiPrvSE.exe    Access Request Information:  	Accesses:		Read from process memory  				  	Access Mask:		0x10
2021-05-05T23:38:16.782167+02:00 suricata pcap Hì`◊Ì2021-05-05T23:38:16.782193+02:00 suricata pcap <14>May  5 23:36:03 win10 Microsoft-Windows-Security-Auditing[4]: An attempt was made to access an object.    Subject:  	Security ID:		S-1-5-18  	Account Name:		WIN10$  	Account Domain:		WORKGROUP  	Logon ID:		0x3E7    Object:  	Object Server:		Security  	Object Type:		Process  	Object Name:		\Device\HarddiskVolume2\Windows\System32\lsass.exe  	Handle ID:		0x468  	Resource Attributes:	-    Process Information:  	Process ID:		0xd84  	Process Name:		C:\Windows\System32\wbem\WmiPrvSE.exe    Access Request Information:  	Accesses:		Read from process memory  				  	Access Mask:		0x10
2021-05-05T23:38:16.782208+02:00 suricata pcap Hì`ÌÌ2021-05-05T23:38:16.782223+02:00 suricata pcap Hì`8Ó2021-05-05T23:38:16.783518+02:00 suricata pcap Hì`PÓ2021-05-05T23:38:16.783546+02:00 suricata pcap Hì`ïÓ2021-05-05T23:38:16.783557+02:00 suricata pcap <14>May  5 23:36:03 win10 Microsoft-Windows-Security-Auditing[4]: The handle to an object was closed.    Subject :  	Security ID:		S-1-5-18  	Account Name:		WIN10$  	Account Domain:		WORKGROUP  	Logon ID:		0x3E7    Object:  	Object Server:		Security  	Handle ID:		0x3928    Process Information:  	Process ID:		0xd84  	Process Name:		C:\Windows\System32\wbem\WmiPrvSE.exe
2021-05-05T23:38:16.783572+02:00 suricata pcap Hì``2021-05-05T23:38:16.783584+02:00 suricata pcap <14>May  5 23:36:03 win10 Microsoft-Windows-Security-Auditing[4]: The handle to an object was closed.    Subject :  	Security ID:		S-1-5-18  	Account Name:		WIN10$  	Account Domain:		WORKGROUP  	Logon ID:		0x3E7    Object:  	Object Server:		Security  	Handle ID:		0x3928    Process Information:  	Process ID:		0xd84  	Process Name:		C:\Windows\System32\wbem\WmiPrvSE.exe
2021-05-05T23:38:16.783616+02:00 suricata pcap Hì`Æ2021-05-05T23:38:16.783629+02:00 suricata pcap <14>May  5 23:36:03 win10 Microsoft-Windows-Security-Auditing[4]: The handle to an object was closed.    Subject :  	Security ID:		S-1-5-18  	Account Name:		WIN10$  	Account Domain:		WORKGROUP  	Logon ID:		0x3E7    Object:  	Object Server:		Security  	Handle ID:		0x3928    Process Information:  	Process ID:		0xd84  	Process Name:		C:\Windows\System32\wbem\WmiPrvSE.exe
2021-05-05T23:38:16.783652+02:00 suricata pcap Hì` Ù2021-05-05T23:38:16.783817+02:00 suricata pcap <14>May  5 23:36:03 win10 Microsoft-Windows-Security-Auditing[4]: An attempt was made to access an object.    Subject:  	Security ID:		S-1-5-18  	Account Name:		WIN10$  	Account Domain:		WORKGROUP  	Logon ID:		0x3E7    Object:  	Object Server:		Security  	Object Type:		Process  	Object Name:		\Device\HarddiskVolume2\Windows\System32\lsass.exe  	Handle ID:		0x73c  	Resource Attributes:	-    Process Information:  	Process ID:		0xd84  	Process Name:		C:\Windows\System32\wbem\WmiPrvSE.exe    Access Request Information:  	Accesses:		Read from process memory  				  	Access Mask:		0x10
2021-05-05T23:38:16.783836+02:00 suricata pcap <14>May  5 23:36:03 win10 Microsoft-Windows-Security-Auditing[4]: The hanHì`4Ù2021-05-05T23:38:16.783858+02:00 suricata pcap Hì`–Ù2021-05-05T23:38:16.783883+02:00 suricata pcap <14>May  5 23:36:03 win10 Microsoft-Windows-Security-Auditing[4]: An attempt was made to access an object.    Subject:  	Security ID:		S-1-5-18  	Account Name:		WIN10$  	Account Domain:		WORKGROUP  	Logon ID:		0x3E7    Object:  	Object Server:		Security  	Object Type:		Process  	Object Name:		\Device\HarddiskVolume2\Windows\System32\lsass.exe  	Handle ID:		0x73c  	Resource Attributes:	-    Process Information:  	Process ID:		0xd84  	Process Name:		C:\Windows\System32\wbem\WmiPrvSE.exe    Access Request Information:  	Accesses:		Read from process memory  				  	Access Mask:		0x10
2021-05-05T23:38:16.783909+02:00 suricata pcap <14>May  5 23:36:03 win10 Microsoft-Windows-Security-Auditing[4]: The hanHì`ÓÙ2021-05-05T23:38:16.783949+02:00 suricata pcap Hì`<ı2021-05-05T23:38:16.783981+02:00 suricata pcap <14>May  5 23:36:03 win10 Microsoft-Windows-Security-Auditing[4]: An attempt was made to access an object.    Subject:  	Security ID:		S-1-5-18  	Account Name:		WIN10$  	Account Domain:		WORKGROUP  	Logon ID:		0x3E7    Object:  	Object Server:		Security  	Object Type:		Process  	Object Name:		\Device\HarddiskVolume2\Windows\System32\lsass.exe  	Handle ID:		0x73c  	Resource Attributes:	-    Process Information:  	Process ID:		0xd84  	Process Name:		C:\Windows\System32\wbem\WmiPrvSE.exe    Access Request Information:  	Accesses:		Read from process memory  				  	Access Mask:		0x10
2021-05-05T23:38:16.785424+02:00 suricata pcap <14>May  5 23:36:03 win10 Microsoft-Windows-Security-Auditing[4]: The hanHì`aı2021-05-05T23:38:16.785458+02:00 suricata pcap Hì`Öı2021-05-05T23:38:16.785470+02:00 suricata pcap <14>May  5 23:36:03 win10 Microsoft-Windows-Security-Auditing[4]: The handle to an object was closed.    Subject :  	Security ID:		S-1-5-18  	Account Name:		WIN10$  	Account Domain:		WORKGROUP  	Logon ID:		0x3E7    Object:  	Object Server:		Security  	Handle ID:		0x3928    Process Information:  	Process ID:		0xd84  	Process Name:		C:\Windows\System32\wbem\WmiPrvSE.exe
2021-05-05T23:38:16.785484+02:00 suricata pcap Hì`Ç˜2021-05-05T23:38:16.785497+02:00 suricata pcap <14>May  5 23:36:03 win10 Microsoft-Windows-Security-Auditing[4]: The handle to an object was closed.    Subject :  	Security ID:		S-1-5-18  	Account Name:		WIN10$  	Account Domain:		WORKGROUP  	Logon ID:		0x3E7    Object:  	Object Server:		Security  	Handle ID:		0x3928    Process Information:  	Process ID:		0xd84  	Process Name:		C:\Windows\System32\wbem\WmiPrvSE.exe
2021-05-05T23:38:16.785511+02:00 suricata pcap Hì`÷˜2021-05-05T23:38:16.785524+02:00 suricata pcap <14>May  5 23:36:03 win10 Microsoft-Windows-Security-Auditing[4]: The handle to an object was closed.    Subject :  	Security ID:		S-1-5-18  	Account Name:		WIN10$  	Account Domain:		WORKGROUP  	Logon ID:		0x3E7    Object:  	Object Server:		Security  	Handle ID:		0x3928    Process Information:  	Process ID:		0xd84  	Process Name:		C:\Windows\System32\wbem\WmiPrvSE.exe
2021-05-05T23:38:16.785775+02:00 suricata pcap Hì`{˚2021-05-05T23:38:16.785810+02:00 suricata pcap <14>May  5 23:36:03 win10 Microsoft-Windows-Security-Auditing[4]: An attempt was made to access an object.    Subject:  	Security ID:		S-1-5-18  	Account Name:		WIN10$  	Account Domain:		WORKGROUP  	Logon ID:		0x3E7    Object:  	Object Server:		Security  	Object Type:		Process  	Object Name:		\Device\HarddiskVolume2\Windows\System32\lsass.exe  	Handle ID:		0x438  	Resource Attributes:	-    Process Information:  	Process ID:		0xd84  	Process Name:		C:\Windows\System32\wbem\WmiPrvSE.exe    Access Request Information:  	Accesses:		Read from process memory  				  	Access Mask:		0x10
2021-05-05T23:38:16.785836+02:00 suricata pcap <14>May  5 23:36:03 win10 Microsoft-Windows-Security-Auditing[4]: The hanHì`Ω˚2021-05-05T23:38:16.785877+02:00 suricata pcap Hì`˘˚2021-05-05T23:38:16.785911+02:00 suricata pcap <14>May  5 23:36:03 win10 Microsoft-Windows-Security-Auditing[4]: An attempt was made to access an object.    Subject:  	Security ID:		S-1-5-18  	Account Name:		WIN10$  	Account Domain:		WORKGROUP  	Logon ID:		0x3E7    Object:  	Object Server:		Security  	Object Type:		Process  	Object Name:		\Device\HarddiskVolume2\Windows\System32\lsass.exe  	Handle ID:		0x438  	Resource Attributes:	-    Process Information:  	Process ID:		0xd84  	Process Name:		C:\Windows\System32\wbem\WmiPrvSE.exe    Access Request Information:  	Accesses:		Read from process memory  				  	Access Mask:		0x10
2021-05-05T23:38:16.785924+02:00 suricata pcap <14>May  5 23:36:03 win10 Microsoft-Windows-Security-Auditing[4]: The hanHì`¸2021-05-05T23:38:16.785955+02:00 suricata pcap Hì`É¸2021-05-05T23:38:17.782602+02:00 suricata pcap <14>May  5 23:36:03 win10 Microsoft-Windows-Security-Auditing[4]: An attempt was made to access an object.    Subject:  	Security ID:		S-1-5-18  	Account Name:		WIN10$  	Account Domain:		WORKGROUP  	Logon ID:		0x3E7    Object:  	Object Server:		Security  	Object Type:		Process  	Object Name:		\Device\HarddiskVolume2\Windows\System32\lsass.exe  	Handle ID:		0x438  	Resource Attributes:	-    Process Information:  	Process ID:		0xd84  	Process Name:		C:\Windows\System32\wbem\WmiPrvSE.exe    Access Request Information:  	Accesses:		Read from process memory  				  	Access Mask:		0x10
2021-05-05T23:38:17.782670+02:00 suricata pcap <14>May  5 23:36:03 win10 Microsoft-Windows-Security-Auditing[4]: The hanHì`©¸2021-05-05T23:38:17.782696+02:00 suricata pcap Hì`Ï¸2021-05-05T23:38:17.782707+02:00 suricata pcap 2021-05-05T23:38:17.782715+02:00 suricata pcap ¿®ã
2021-05-05T23:38:17.782738+02:00 suricata pcap ¿®ã2021-05-05T23:38:17.782763+02:00 suricata pcap Iì`õÎ2021-05-05T23:38:17.782791+02:00 suricata pcap Iì`ÜÏ2021-05-05T23:38:17.782827+02:00 suricata pcap Iì`Ì2021-05-05T23:38:17.783525+02:00 suricata pcap <14>May  5 23:36:03 win10 Microsoft-Windows-Security-Auditing[4]: A handle to an object was requested.    Subject:  	Security ID:		S-1-5-18  	Account Name:		WIN10$  	Account Domain:		WORKGROUP  	Logon ID:		0x3E7    Object:  	Object Server:		Security  	Object Type:		Process  	Object Name:		\Device\HarddiskVolume2\Windows\System32\lsass.exe  	Handle ID:		0x204  	Resource Attributes:	-    Process Information:  	Process ID:		0xd84  	Process Name:		C:\Windows\System32\wbem\WmiPrvSE.exe    Access Request Information:  	Transaction ID:		{00000000-0000-0000-0000-000000000000}  	Accesses:		Read from process memory  				Query process information  				Undefined Access (no effect) Bit 12  				  	Access Reasons:		-  	Access Mask:		0x1410  	Privileges Used for Access Check:	-  	Restricted SID Count:	0
2021-05-05T23:38:17.783565+02:00 suricata pcap Iì`ªÔ2021-05-05T23:38:17.783604+02:00 suricata pcap <14>May  5 23:36:03 win10 Microsoft-Windows-Security-Auditing[4]: A handle to an object was requested.    Subject:  	Security ID:		S-1-5-18  	Account Name:		WIN10$  	Account Domain:		WORKGROUP  	Logon ID:		0x3E7    Object:  	Object Server:		Security  	Object Type:		Process  	Object Name:		\Device\HarddiskVolume2\Windows\System32\lsass.exe  	Handle ID:		0x204  	Resource Attributes:	-    Process Information:  	Process ID:		0xd84  	Process Name:		C:\Windows\System32\wbem\WmiPrvSE.exe    Access Request Information:  	Transaction ID:		{00000000-0000-0000-0000-000000000000}  	Accesses:		Read from process memory  				Query process information  				Undefined Access (no effect) Bit 12  				  	Access Reasons:		-  	Access Mask:		0x1410  	Privileges Used for Access Check:	-  	Restricted SID Count:	0
2021-05-05T23:38:17.783629+02:00 suricata pcap Iì`>2021-05-05T23:38:17.783666+02:00 suricata pcap <14>May  5 23:36:03 win10 Microsoft-Windows-Security-Auditing[4]: A handle to an object was requested.    Subject:  	Security ID:		S-1-5-18  	Account Name:		WIN10$  	Account Domain:		WORKGROUP  	Logon ID:		0x3E7    Object:  	Object Server:		Security  	Object Type:		Process  	Object Name:		\Device\HarddiskVolume2\Windows\System32\lsass.exe  	Handle ID:		0x204  	Resource Attributes:	-    Process Information:  	Process ID:		0xd84  	Process Name:		C:\Windows\System32\wbem\WmiPrvSE.exe    Access Request Information:  	Transaction ID:		{00000000-0000-0000-0000-000000000000}  	Accesses:		Read from process memory  				Query process information  				Undefined Access (no effect) Bit 12  				  	Access Reasons:		-  	Access Mask:		0x1410  	Privileges Used for Access Check:	-  	Restricted SID Count:	0
2021-05-05T23:38:17.783710+02:00 suricata pcap Iì`›2021-05-05T23:38:17.785224+02:00 suricata pcap Iì`kÛ2021-05-05T23:38:17.785264+02:00 suricata pcap Iì`øÛ2021-05-05T23:38:17.785285+02:00 suricata pcap Iì`?Ù2021-05-05T23:38:17.785299+02:00 suricata pcap Iì`‡ı2021-05-05T23:38:17.785343+02:00 suricata pcap Iì`8ˆ2021-05-05T23:38:17.785349+02:00 suricata pcap Iì`Áˆ2021-05-05T23:38:17.785354+02:00 suricata pcap @2021-05-05T23:38:17.785359+02:00 suricata pcap @2021-05-05T23:38:17.785378+02:00 suricata pcap @2021-05-05T23:38:17.785393+02:00 suricata pcap Iì`#˘2021-05-05T23:38:17.785409+02:00 suricata pcap Iì`¿˘2021-05-05T23:38:17.786946+02:00 suricata pcap Iì`˙2021-05-05T23:38:17.786982+02:00 suricata pcap Iì`]¸2021-05-05T23:38:17.786998+02:00 suricata pcap Iì` ¸2021-05-05T23:38:17.787028+02:00 suricata pcap Iì`.˝2021-05-05T23:38:17.787063+02:00 suricata pcap Iì`íˇ2021-05-05T23:38:17.788040+02:00 suricata pcap Iì`∞2021-05-05T23:38:17.788062+02:00 suricata pcap Iì`‡2021-05-05T23:38:17.788079+02:00 suricata pcap 2021-05-05T23:38:17.788091+02:00 suricata pcap <14>May  5 23:36:03 win10 Microsoft-Windows-Security-Auditing[4]: The handle to an object was closed.    Subject :  	Security ID:		S-1-5-18  	Account Name:		WIN10$  	Account Domain:		WORKGROUP  	Logon ID:		0x3E7    Object:  	Object Server:		Security  	Handle ID:		0x73c    Process Information:  	Process ID:		0xd84  	Process Name:		C:\Windows\System32\wbem\WmiPrvSE.exe
2021-05-05T23:38:17.788097+02:00 suricata pcap Iì`p2021-05-05T23:38:17.788113+02:00 suricata pcap 2021-05-05T23:38:17.788125+02:00 suricata pcap <14>May  5 23:36:03 win10 Microsoft-Windows-Security-Auditing[4]: The handle to an object was closed.    Subject :  	Security ID:		S-1-5-18  	Account Name:		WIN10$  	Account Domain:		WORKGROUP  	Logon ID:		0x3E7    Object:  	Object Server:		Security  	Handle ID:		0x73c    Process Information:  	Process ID:		0xd84  	Process Name:		C:\Windows\System32\wbem\WmiPrvSE.exe
2021-05-05T23:38:17.788131+02:00 suricata pcap Iì`j2021-05-05T23:38:17.788148+02:00 suricata pcap 2021-05-05T23:38:17.788200+02:00 suricata pcap <14>May  5 23:36:03 win10 Microsoft-Windows-Security-Auditing[4]: The handle to an object was closed.    Subject :  	Security ID:		S-1-5-18  	Account Name:		WIN10$  	Account Domain:		WORKGROUP  	Logon ID:		0x3E7    Object:  	Object Server:		Security  	Handle ID:		0x73c    Process Information:  	Process ID:		0xd84  	Process Name:		C:\Windows\System32\wbem\WmiPrvSE.exe
2021-05-05T23:38:17.788932+02:00 suricata pcap Iì`©2021-05-05T23:38:17.788953+02:00 suricata pcap <14>May  5 23:36:03 win10 Microsoft-Windows-Security-Auditing[4]: The handle to an object was closed.    Subject :  	Security ID:		S-1-5-18  	Account Name:		WIN10$  	Account Domain:		WORKGROUP  	Logon ID:		0x3E7    Object:  	Object Server:		Security  	Handle ID:		0x1a5c    Process Information:  	Process ID:		0xd84  	Process Name:		C:\Windows\System32\wbem\WmiPrvSE.exe
2021-05-05T23:38:17.788980+02:00 suricata pcap Iì`32021-05-05T23:38:17.788992+02:00 suricata pcap <14>May  5 23:36:03 win10 Microsoft-Windows-Security-Auditing[4]: The handle to an object was closed.    Subject :  	Security ID:		S-1-5-18  	Account Name:		WIN10$  	Account Domain:		WORKGROUP  	Logon ID:		0x3E7    Object:  	Object Server:		Security  	Handle ID:		0x1a5c    Process Information:  	Process ID:		0xd84  	Process Name:		C:\Windows\System32\wbem\WmiPrvSE.exe
2021-05-05T23:38:17.789007+02:00 suricata pcap Iì`…2021-05-05T23:38:17.789019+02:00 suricata pcap <14>May  5 23:36:03 win10 Microsoft-Windows-Security-Auditing[4]: The handle to an object was closed.    Subject :  	Security ID:		S-1-5-18  	Account Name:		WIN10$  	Account Domain:		WORKGROUP  	Logon ID:		0x3E7    Object:  	Object Server:		Security  	Handle ID:		0x1a5c    Process Information:  	Process ID:		0xd84  	Process Name:		C:\Windows\System32\wbem\WmiPrvSE.exe
2021-05-05T23:38:17.789048+02:00 suricata pcap Iì`2021-05-05T23:38:17.789066+02:00 suricata pcap <14>May  5 23:36:03 win10 Microsoft-Windows-Security-Auditing[4]: An attempt was made to access an object.    Subject:  	Security ID:		S-1-5-18  	Account Name:		WIN10$  	Account Domain:		WORKGROUP  	Logon ID:		0x3E7    Object:  	Object Server:		Security  	Object Type:		Process  	Object Name:		\Device\HarddiskVolume2\Windows\System32\lsass.exe  	Handle ID:		0x73c  	Resource Attributes:	-    Process Information:  	Process ID:		0xd84  	Process Name:		C:\Windows\System32\wbem\WmiPrvSE.exe    Access Request Information:  	Accesses:		Read from process memory  				  	Access Mask:		0x10
2021-05-05T23:38:17.789714+02:00 suricata pcap Iì`4	2021-05-05T23:38:17.789908+02:00 suricata pcap <14>May  5 23:36:03 win10 Microsoft-Windows-Security-Auditing[4]: An attempt was made to access an object.    Subject:  	Security ID:		S-1-5-18  	Account Name:		WIN10$  	Account Domain:		WORKGROUP  	Logon ID:		0x3E7    Object:  	Object Server:		Security  	Object Type:		Process  	Object Name:		\Device\HarddiskVolume2\Windows\System32\lsass.exe  	Handle ID:		0x73c  	Resource Attributes:	-    Process Information:  	Process ID:		0xd84  	Process Name:		C:\Windows\System32\wbem\WmiPrvSE.exe    Access Request Information:  	Accesses:		Read from process memory  				  	Access Mask:		0x10
2021-05-05T23:38:17.789958+02:00 suricata pcap Iì`õ	2021-05-05T23:38:17.789976+02:00 suricata pcap <14>May  5 23:36:03 win10 Microsoft-Windows-Security-Auditing[4]: An attempt was made to access an object.    Subject:  	Security ID:		S-1-5-18  	Account Name:		WIN10$  	Account Domain:		WORKGROUP  	Logon ID:		0x3E7    Object:  	Object Server:		Security  	Object Type:		Process  	Object Name:		\Device\HarddiskVolume2\Windows\System32\lsass.exe  	Handle ID:		0x73c  	Resource Attributes:	-    Process Information:  	Process ID:		0xd84  	Process Name:		C:\Windows\System32\wbem\WmiPrvSE.exe    Access Request Information:  	Accesses:		Read from process memory  				  	Access Mask:		0x10
2021-05-05T23:38:17.789983+02:00 suricata pcap Iì`Â	2021-05-05T23:38:17.789990+02:00 suricata pcap 2021-05-05T23:38:17.790005+02:00 suricata pcap 2021-05-05T23:38:17.790018+02:00 suricata pcap <14>May  5 23:36:03 win10 Microsoft-Windows-Security-Auditing[4]: An attempt was made to duplicate a handle to an object.    Subject:  	Security ID:		S-1-5-18  	Account Name:		WIN10$  	Account Domain:		WORKGROUP  	Logon ID:		0x3E7    Source Handle Information:  	Source Handle ID:	0x250  	Source Process ID:	0xd84    New Handle Information:  	Target Handle ID:	0x3928  	Target Process ID:	0x4
2021-05-05T23:38:17.790790+02:00 suricata pcap Iì`$2021-05-05T23:38:17.790822+02:00 suricata pcap <14>May  5 23:36:03 win10 Microsoft-Windows-Security-Auditing[4]: An attempt was made to duplicate a handle to an object.    Subject:  	Security ID:		S-1-5-18  	Account Name:		WIN10$  	Account Domain:		WORKGROUP  	Logon ID:		0x3E7    Source Handle Information:  	Source Handle ID:	0x250  	Source Process ID:	0xd84    New Handle Information:  	Target Handle ID:	0x3928  	Target Process ID:	0x4
2021-05-05T23:38:17.790848+02:00 suricata pcap Iì`{2021-05-05T23:38:17.790862+02:00 suricata pcap <14>May  5 23:36:03 win10 Microsoft-Windows-Security-Auditing[4]: An attempt was made to duplicate a handle to an object.    Subject:  	Security ID:		S-1-5-18  	Account Name:		WIN10$  	Account Domain:		WORKGROUP  	Logon ID:		0x3E7    Source Handle Information:  	Source Handle ID:	0x250  	Source Process ID:	0xd84    New Handle Information:  	Target Handle ID:	0x3928  	Target Process ID:	0x4
2021-05-05T23:38:17.790881+02:00 suricata pcap Iì`ü2021-05-05T23:38:17.790903+02:00 suricata pcap <14>May  5 23:36:03 win10 Microsoft-Windows-Security-Auditing[4]: A handle to an object was requested.    Subject:  	Security ID:		S-1-5-18  	Account Name:		WIN10$  	Account Domain:		WORKGROUP  	Logon ID:		0x3E7    Object:  	Object Server:		Security  	Object Type:		Process  	Object Name:		\Device\HarddiskVolume2\Windows\System32\lsass.exe  	Handle ID:		0x250  	Resource Attributes:	-    Process Information:  	Process ID:		0xd84  	Process Name:		C:\Windows\System32\wbem\WmiPrvSE.exe    Access Request Information:  	Transaction ID:		{00000000-0000-0000-0000-000000000000}  	Accesses:		Read from process memory  				Query process information  				Undefined Access (no effect) Bit 12  				  	Access Reasons:		-  	Access Mask:		0x1410  	Privileges Used for Access Check:	-  	Restricted SID Count:	0
2021-05-05T23:38:17.790918+02:00 suricata pcap Iì`È2021-05-05T23:38:17.790940+02:00 suricata pcap <14>May  5 23:36:03 win10 Microsoft-Windows-Security-Auditing[4]: A handle to an object was requested.    Subject:  	Security ID:		S-1-5-18  	Account Name:		WIN10$  	Account Domain:		WORKGROUP  	Logon ID:		0x3E7    Object:  	Object Server:		Security  	Object Type:		Process  	Object Name:		\Device\HarddiskVolume2\Windows\System32\lsass.exe  	Handle ID:		0x250  	Resource Attributes:	-    Process Information:  	Process ID:		0xd84  	Process Name:		C:\Windows\System32\wbem\WmiPrvSE.exe    Access Request Information:  	Transaction ID:		{00000000-0000-0000-0000-000000000000}  	Accesses:		Read from process memory  				Query process information  				Undefined Access (no effect) Bit 12  				  	Access Reasons:		-  	Access Mask:		0x1410  	Privileges Used for Access Check:	-  	Restricted SID Count:	0
2021-05-05T23:38:17.791577+02:00 suricata pcap Iì`ù2021-05-05T23:38:17.791605+02:00 suricata pcap <14>May  5 23:36:03 win10 Microsoft-Windows-Security-Auditing[4]: A handle to an object was requested.    Subject:  	Security ID:		S-1-5-18  	Account Name:		WIN10$  	Account Domain:		WORKGROUP  	Logon ID:		0x3E7    Object:  	Object Server:		Security  	Object Type:		Process  	Object Name:		\Device\HarddiskVolume2\Windows\System32\lsass.exe  	Handle ID:		0x250  	Resource Attributes:	-    Process Information:  	Process ID:		0xd84  	Process Name:		C:\Windows\System32\wbem\WmiPrvSE.exe    Access Request Information:  	Transaction ID:		{00000000-0000-0000-0000-000000000000}  	Accesses:		Read from process memory  				Query process information  				Undefined Access (no effect) Bit 12  				  	Access Reasons:		-  	Access Mask:		0x1410  	Privileges Used for Access Check:	-  	Restricted SID Count:	0
2021-05-05T23:38:17.791629+02:00 suricata pcap Iì`ƒ2021-05-05T23:38:17.791640+02:00 suricata pcap <14>May  5 23:36:03 win10 Microsoft-Windows-Security-Auditing[4]: The handle to an object was closed.    Subject :  	Security ID:		S-1-5-18  	Account Name:		WIN10$  	Account Domain:		WORKGROUP  	Logon ID:		0x3E7    Object:  	Object Server:		Security  	Handle ID:		0x250    Process Information:  	Process ID:		0xd84  	Process Name:		C:\Windows\System32\wbem\WmiPrvSE.exe
2021-05-05T23:38:17.791659+02:00 suricata pcap Iì`?2021-05-05T23:38:17.791672+02:00 suricata pcap <14>May  5 23:36:03 win10 Microsoft-Windows-Security-Auditing[4]: The handle to an object was closed.    Subject :  	Security ID:		S-1-5-18  	Account Name:		WIN10$  	Account Domain:		WORKGROUP  	Logon ID:		0x3E7    Object:  	Object Server:		Security  	Handle ID:		0x250    Process Information:  	Process ID:		0xd84  	Process Name:		C:\Windows\System32\wbem\WmiPrvSE.exe
2021-05-05T23:38:17.791692+02:00 suricata pcap Iì`ß2021-05-05T23:38:17.793229+02:00 suricata pcap <14>May  5 23:36:03 win10 Microsoft-Windows-Security-Auditing[4]: The handle to an object was closed.    Subject :  	Security ID:		S-1-5-18  	Account Name:		WIN10$  	Account Domain:		WORKGROUP  	Logon ID:		0x3E7    Object:  	Object Server:		Security  	Handle ID:		0x250    Process Information:  	Process ID:		0xd84  	Process Name:		C:\Windows\System32\wbem\WmiPrvSE.exe
2021-05-05T23:38:17.793261+02:00 suricata pcap Iì`”2021-05-05T23:38:17.793273+02:00 suricata pcap <14>May  5 23:36:03 win10 Microsoft-Windows-Security-Auditing[4]: The handle to an object was closed.    Subject :  	Security ID:		S-1-5-18  	Account Name:		WIN10$  	Account Domain:		WORKGROUP  	Logon ID:		0x3E7    Object:  	Object Server:		Security  	Handle ID:		0x1a5c    Process Information:  	Process ID:		0xd84  	Process Name:		C:\Windows\System32\wbem\WmiPrvSE.exe
2021-05-05T23:38:17.793287+02:00 suricata pcap Iì`R2021-05-05T23:38:17.793298+02:00 suricata pcap <14>May  5 23:36:03 win10 Microsoft-Windows-Security-Auditing[4]: The handle to an object was closed.    Subject :  	Security ID:		S-1-5-18  	Account Name:		WIN10$  	Account Domain:		WORKGROUP  	Logon ID:		0x3E7    Object:  	Object Server:		Security  	Handle ID:		0x1a5c    Process Information:  	Process ID:		0xd84  	Process Name:		C:\Windows\System32\wbem\WmiPrvSE.exe
2021-05-05T23:38:17.793313+02:00 suricata pcap Iì`¿2021-05-05T23:38:17.793325+02:00 suricata pcap <14>May  5 23:36:03 win10 Microsoft-Windows-Security-Auditing[4]: The handle to an object was closed.    Subject :  	Security ID:		S-1-5-18  	Account Name:		WIN10$  	Account Domain:		WORKGROUP  	Logon ID:		0x3E7    Object:  	Object Server:		Security  	Handle ID:		0x1a5c    Process Information:  	Process ID:		0xd84  	Process Name:		C:\Windows\System32\wbem\WmiPrvSE.exe
2021-05-05T23:38:17.793743+02:00 suricata pcap Iì`Ú2021-05-05T23:38:17.793789+02:00 suricata pcap <14>May  5 23:36:03 win10 Microsoft-Windows-Security-Auditing[4]: An attempt was made to access an object.    Subject:  	Security ID:		S-1-5-18  	Account Name:		WIN10$  	Account Domain:		WORKGROUP  	Logon ID:		0x3E7    Object:  	Object Server:		Security  	Object Type:		Process  	Object Name:		\Device\HarddiskVolume2\Windows\System32\lsass.exe  	Handle ID:		0x250  	Resource Attributes:	-    Process Information:  	Process ID:		0xd84  	Process Name:		C:\Windows\System32\wbem\WmiPrvSE.exe    Access Request Information:  	Accesses:		Read from process memory  				  	Access Mask:		0x10
2021-05-05T23:38:17.793841+02:00 suricata pcap Iì`ﬂ2021-05-05T23:38:17.793859+02:00 suricata pcap <14>May  5 23:36:03 win10 Microsoft-Windows-Security-Auditing[4]: An attempt was made to access an object.    Subject:  	Security ID:		S-1-5-18  	Account Name:		WIN10$  	Account Domain:		WORKGROUP  	Logon ID:		0x3E7    Object:  	Object Server:		Security  	Object Type:		Process  	Object Name:		\Device\HarddiskVolume2\Windows\System32\lsass.exe  	Handle ID:		0x250  	Resource Attributes:	-    Process Information:  	Process ID:		0xd84  	Process Name:		C:\Windows\System32\wbem\WmiPrvSE.exe    Access Request Information:  	Accesses:		Read from process memory  				  	Access Mask:		0x10
2021-05-05T23:38:17.793865+02:00 suricata pcap Iì`2021-05-05T23:38:17.793887+02:00 suricata pcap P˝ﬂo2021-05-05T23:38:17.793952+02:00 suricata pcap <14>May  5 23:36:03 win10 Microsoft-Windows-Security-Auditing[4]: An attempt was made to access an object.    Subject:  	Security ID:		S-1-5-18  	Account Name:		WIN10$  	Account Domain:		WORKGROUP  	Logon ID:		0x3E7    Object:  	Object Server:		Security  	Object Type:		Process  	Object Name:		\Device\HarddiskVolume2\Windows\System32\lsass.exe  	Handle ID:		0x250  	Resource Attributes:	-    Process Information:  	Process ID:		0xd84  	Process Name:		C:\Windows\System32\wbem\WmiPrvSE.exe    Access Request Information:  	Accesses:		Read from process memory  				  	Access Mask:		0x10
2021-05-05T23:38:17.793958+02:00 suricata pcap Iì`à2021-05-05T23:38:17.793963+02:00 suricata pcap P˝ﬂo2021-05-05T23:38:17.793968+02:00 suricata pcap P˝ﬂo2021-05-05T23:38:17.794401+02:00 suricata pcap ˝ØWqP a2021-05-05T23:38:17.794422+02:00 suricata pcap <14>May  5 23:36:04 win10 Microsoft-Windows-Security-Auditing[4]: An attempt was made to duplicate a handle to an object.    Subject:  	Security ID:		S-1-5-18  	Account Name:		WIN10$  	Account Domain:		WORKGROUP  	Logon ID:		0x3E7    Source Handle Information:  	Source Handle ID:	0x250  	Source Process ID:	0xd84    New Handle Information:  	Target Handle ID:	0x3838  	Target Process ID:	0x4
2021-05-05T23:38:17.794435+02:00 suricata pcap <14>May  5 23:36:04 win10 Microsoft-Windows-Security-Auditing[4]: The handle to an object was closed.    Subject :  	Security ID:		S-1-5-18  	Account Name:		WIN10$  	Account Domain:		WORKGROUP  	Logon ID:		0x3E7    Object:  	Object Server:		Security  	Handle ID:		0x3838    Process Information:  	Process ID:		0xd84  	Process Name:		C:\Windows\System32\wbem\WmiPrvSE.exe
2021-05-05T23:38:17.794439+02:00 suricata pcap Iì`ó2021-05-05T23:38:17.794452+02:00 suricata pcap ˝ØWqP a2021-05-05T23:38:17.794465+02:00 suricata pcap <14>May  5 23:36:04 win10 Microsoft-Windows-Security-Auditing[4]: An attempt was made to duplicate a handle to an object.    Subject:  	Security ID:		S-1-5-18  	Account Name:		WIN10$  	Account Domain:		WORKGROUP  	Logon ID:		0x3E7    Source Handle Information:  	Source Handle ID:	0x250  	Source Process ID:	0xd84    New Handle Information:  	Target Handle ID:	0x3838  	Target Process ID:	0x4
2021-05-05T23:38:17.794478+02:00 suricata pcap <14>May  5 23:36:04 win10 Microsoft-Windows-Security-Auditing[4]: The handle to an object was closed.    Subject :  	Security ID:		S-1-5-18  	Account Name:		WIN10$  	Account Domain:		WORKGROUP  	Logon ID:		0x3E7    Object:  	Object Server:		Security  	Handle ID:		0x3838    Process Information:  	Process ID:		0xd84  	Process Name:		C:\Windows\System32\wbem\WmiPrvSE.exe
2021-05-05T23:38:17.794484+02:00 suricata pcap Iì`ﬂ2021-05-05T23:38:17.794495+02:00 suricata pcap ˝ØWqP a2021-05-05T23:38:17.794509+02:00 suricata pcap <14>May  5 23:36:04 win10 Microsoft-Windows-Security-Auditing[4]: An attempt was made to duplicate a handle to an object.    Subject:  	Security ID:		S-1-5-18  	Account Name:		WIN10$  	Account Domain:		WORKGROUP  	Logon ID:		0x3E7    Source Handle Information:  	Source Handle ID:	0x250  	Source Process ID:	0xd84    New Handle Information:  	Target Handle ID:	0x3838  	Target Process ID:	0x4
2021-05-05T23:38:17.794550+02:00 suricata pcap <14>May  5 23:36:04 win10 Microsoft-Windows-Security-Auditing[4]: The handle to an object was closed.    Subject :  	Security ID:		S-1-5-18  	Account Name:		WIN10$  	Account Domain:		WORKGROUP  	Logon ID:		0x3E7    Object:  	Object Server:		Security  	Handle ID:		0x3838    Process Information:  	Process ID:		0xd84  	Process Name:		C:\Windows\System32\wbem\WmiPrvSE.exe
2021-05-05T23:38:17.796016+02:00 suricata pcap Iì`A2021-05-05T23:38:17.796053+02:00 suricata pcap Iì`[2021-05-05T23:38:17.796078+02:00 suricata pcap Iì`õ2021-05-05T23:38:17.796102+02:00 suricata pcap Iì`®"2021-05-05T23:38:17.796114+02:00 suricata pcap <14>May  5 23:36:04 win10 Microsoft-Windows-Security-Auditing[4]: The handle to an object was closed.    Subject :  	Security ID:		S-1-5-18  	Account Name:		WIN10$  	Account Domain:		WORKGROUP  	Logon ID:		0x3E7    Object:  	Object Server:		Security  	Handle ID:		0x250    Process Information:  	Process ID:		0xd84  	Process Name:		C:\Windows\System32\wbem\WmiPrvSE.exe
2021-05-05T23:38:17.796127+02:00 suricata pcap <14>May  5 23:36:04 win10 Microsoft-Windows-Security-Auditing[4]: An attempt was made to duplicate a handle to an object.    Subject:  	Security ID:		S-1-5-18  	Account Name:		WIN10$  	Account Domain:		WORKGROUP  	Logon ID:		0x3E7    Source Handle Information:  	Source Handle ID:	0x51c  	Source Process ID:	0xd84    New Handle Information:  	Target Handle ID:	0x3838  	Target Process ID:	0x4
2021-05-05T23:38:17.797435+02:00 suricata pcap Iì`È$2021-05-05T23:38:17.797455+02:00 suricata pcap <14>May  5 23:36:04 win10 Microsoft-Windows-Security-Auditing[4]: The handle to an object was closed.    Subject :  	Security ID:		S-1-5-18  	Account Name:		WIN10$  	Account Domain:		WORKGROUP  	Logon ID:		0x3E7    Object:  	Object Server:		Security  	Handle ID:		0x250    Process Information:  	Process ID:		0xd84  	Process Name:		C:\Windows\System32\wbem\WmiPrvSE.exe
2021-05-05T23:38:17.797468+02:00 suricata pcap <14>May  5 23:36:04 win10 Microsoft-Windows-Security-Auditing[4]: An attempt was made to duplicate a handle to an object.    Subject:  	Security ID:		S-1-5-18  	Account Name:		WIN10$  	Account Domain:		WORKGROUP  	Logon ID:		0x3E7    Source Handle Information:  	Source Handle ID:	0x51c  	Source Process ID:	0xd84    New Handle Information:  	Target Handle ID:	0x3838  	Target Process ID:	0x4
2021-05-05T23:38:17.797487+02:00 suricata pcap Iì`6%2021-05-05T23:38:17.797499+02:00 suricata pcap <14>May  5 23:36:04 win10 Microsoft-Windows-Security-Auditing[4]: The handle to an object was closed.    Subject :  	Security ID:		S-1-5-18  	Account Name:		WIN10$  	Account Domain:		WORKGROUP  	Logon ID:		0x3E7    Object:  	Object Server:		Security  	Handle ID:		0x250    Process Information:  	Process ID:		0xd84  	Process Name:		C:\Windows\System32\wbem\WmiPrvSE.exe
2021-05-05T23:38:17.797512+02:00 suricata pcap <14>May  5 23:36:04 win10 Microsoft-Windows-Security-Auditing[4]: An attempt was made to duplicate a handle to an object.    Subject:  	Security ID:		S-1-5-18  	Account Name:		WIN10$  	Account Domain:		WORKGROUP  	Logon ID:		0x3E7    Source Handle Information:  	Source Handle ID:	0x51c  	Source Process ID:	0xd84    New Handle Information:  	Target Handle ID:	0x3838  	Target Process ID:	0x4
2021-05-05T23:38:17.797530+02:00 suricata pcap Iì`o)2021-05-05T23:38:17.797593+02:00 suricata pcap <14>May  5 23:36:04 win10 Microsoft-Windows-Security-Auditing[4]: A handle to an object was requested.    Subject:  	Security ID:		S-1-5-18  	Account Name:		WIN10$  	Account Domain:		WORKGROUP  	Logon ID:		0x3E7    Object:  	Object Server:		Security  	Object Type:		Process  	Object Name:		\Device\HarddiskVolume2\Windows\System32\lsass.exe  	Handle ID:		0x51c  	Resource Attributes:	-    Process Information:  	Process ID:		0xd84  	Process Name:		C:\Windows\System32\wbem\WmiPrvSE.exe    Access Request Information:  	Transaction ID:		{00000000-0000-0000-0000-000000000000}  	Accesses:		Read from process memory  				Query process information  				Undefined Access (no effect) Bit 12  				  	Access Reasons:		-  	Access Mask:		0x1410  	Privileges Used for Access Check:	-  	Restricted SID Count:	0
2021-05-05T23:38:17.797681+02:00 suricata pcap <14>May  5 23:36:04 win10 Microsoft-Windows-Security-Auditing[4]: An attempt was made to access an object.    Subject:  	Security ID:		S-1-5-18  	Account Name:		WIN10$  	Account Domain:		WORKGROUP  	Logon ID:		0x3E7    Object:  	Object Server:		Security  	Object Type:		Process  	Object NIì`∏*2021-05-05T23:38:17.797697+02:00 suricata pcap Iì`+2021-05-05T23:38:17.797719+02:00 suricata pcap <14>May  5 23:36:04 win10 Microsoft-Windows-Security-Auditing[4]: A handle to an object was requested.    Subject:  	Security ID:		S-1-5-18  	Account Name:		WIN10$  	Account Domain:		WORKGROUP  	Logon ID:		0x3E7    Object:  	Object Server:		Security  	Object Type:		Process  	Object Name:		\Device\HarddiskVolume2\Windows\System32\lsass.exe  	Handle ID:		0x51c  	Resource Attributes:	-    Process Information:  	Process ID:		0xd84  	Process Name:		C:\Windows\System32\wbem\WmiPrvSE.exe    Access Request Information:  	Transaction ID:		{00000000-0000-0000-0000-000000000000}  	Accesses:		Read from process memory  				Query process information  				Undefined Access (no effect) Bit 12  				  	Access Reasons:		-  	Access Mask:		0x1410  	Privileges Used for Access Check:	-  	Restricted SID Count:	0
2021-05-05T23:38:17.797738+02:00 suricata pcap <14>May  5 23:36:04 win10 Microsoft-Windows-Security-Auditing[4]: An attempt was made to access an object.    Subject:  	Security ID:		S-1-5-18  	Account Name:		WIN10$  	Account Domain:		WORKGROUP  	Logon ID:		0x3E7    Object:  	Object Server:		Security  	Object Type:		Process  	Object NIì`5+2021-05-05T23:38:17.797752+02:00 suricata pcap Iì`h+2021-05-05T23:38:17.797774+02:00 suricata pcap <14>May  5 23:36:04 win10 Microsoft-Windows-Security-Auditing[4]: A handle to an object was requested.    Subject:  	Security ID:		S-1-5-18  	Account Name:		WIN10$  	Account Domain:		WORKGROUP  	Logon ID:		0x3E7    Object:  	Object Server:		Security  	Object Type:		Process  	Object Name:		\Device\HarddiskVolume2\Windows\System32\lsass.exe  	Handle ID:		0x51c  	Resource Attributes:	-    Process Information:  	Process ID:		0xd84  	Process Name:		C:\Windows\System32\wbem\WmiPrvSE.exe    Access Request Information:  	Transaction ID:		{00000000-0000-0000-0000-000000000000}  	Accesses:		Read from process memory  				Query process information  				Undefined Access (no effect) Bit 12  				  	Access Reasons:		-  	Access Mask:		0x1410  	Privileges Used for Access Check:	-  	Restricted SID Count:	0
2021-05-05T23:38:23.844153+02:00 suricata pcap <14>May  5 23:36:04 win10 Microsoft-Windows-Security-Auditing[4]: An attempt was made to access an object.    Subject:  	Security ID:		S-1-5-18  	Account Name:		WIN10$  	Account Domain:		WORKGROUP  	Logon ID:		0x3E7    Object:  	Object Server:		Security  	Object Type:		Process  	Object NIì`¢+2021-05-05T23:38:23.844204+02:00 suricata pcap Iì`Œ+2021-05-05T23:38:23.844221+02:00 suricata pcap Iì`õ-2021-05-05T23:38:23.844237+02:00 suricata pcap Iì`È-2021-05-05T23:38:23.844248+02:00 suricata pcap Iì`T02021-05-05T23:38:23.844256+02:00 suricata pcap 2021-05-05T23:38:23.844261+02:00 suricata pcap ¿®ã2021-05-05T23:38:23.844268+02:00 suricata pcap 2021-05-05T23:38:23.844274+02:00 suricata pcap ¿®ã2021-05-05T23:38:23.844280+02:00 suricata pcap 2021-05-05T23:38:23.844286+02:00 suricata pcap ¿®ã2021-05-05T23:38:23.844291+02:00 suricata pcap 2021-05-05T23:38:23.844296+02:00 suricata pcap ¿®ã2021-05-05T23:38:23.844301+02:00 suricata pcap 2021-05-05T23:38:23.844306+02:00 suricata pcap ¿®ã2021-05-05T23:38:23.844311+02:00 suricata pcap 2021-05-05T23:38:23.844325+02:00 suricata pcap ¿®ã2021-05-05T23:38:23.844340+02:00 suricata pcap Oì`—ﬁ2021-05-05T23:38:23.844444+02:00 suricata pcap Oì`G‡2021-05-05T23:38:23.844463+02:00 suricata pcap Oì`⁄‡2021-05-05T23:38:23.844484+02:00 suricata pcap <14>May  5 23:36:09 win10 Microsoft-Windows-Security-Auditing[4]: A handle to an object was requested.    Subject:  	Security ID:		S-1-5-18  	Account Name:		WIN10$  	Account Domain:		WORKGROUP  	Logon ID:		0x3E7    Object:  	Object Server:		Security  	Object Type:		Process  	Object Name:		\Device\HarddiskVolume2\Windows\System32\lsass.exe  	Handle ID:		0x618  	Resource Attributes:	-    Process Information:  	Process ID:		0xd84  	Process Name:		C:\Windows\System32\wbem\WmiPrvSE.exe    Access Request Information:  	Transaction ID:		{00000000-0000-0000-0000-000000000000}  	Accesses:		Read from process memory  				Query process information  				Undefined Access (no effect) Bit 12  				  	Access Reasons:		-  	Access Mask:		0x1410  	Privileges Used for Access Check:	-  	Restricted SID Count:	0
