2021-05-05T23:38:09.551624+02:00 suricata pcap <14>May  5 23:35:55 win10 Microsoft-Windows-Security-Auditing[4]: A handle to an object was requested.    Subject:  	Security ID:		S-1-5-18  	Account Name:		WIN10$  	Account Domain:		WORKGROUP  	Logon ID:		0x3E7    Object:  	Object Server:		Security  	Object Type:		Process  	Object Name:		\Device\HarddiskVolume2\Windows\System32\lsass.exe  	Handle ID:		0x40c  	Resource Attributes:	-    Process Information:  	Process ID:		0xd84  	Process Name:		C:\Windows\System32\wbem\WmiPrvSE.exe    Access Request Information:  	Transaction ID:		{00000000-0000-0000-0000-000000000000}  	Accesses:		Read from process memory  				Query process information  				Undefined Access (no effect) Bit 12  				  	AccAì`àf2021-05-05T23:38:09.551635+02:00 suricata pcap Aì`g2021-05-05T23:38:09.551661+02:00 suricata pcap Aì`çg2021-05-05T23:38:09.552884+02:00 suricata pcap Aì`◊i2021-05-05T23:38:09.552916+02:00 suricata pcap Aì`Ij2021-05-05T23:38:09.552936+02:00 suricata pcap Aì`™j2021-05-05T23:38:09.552953+02:00 suricata pcap Aì`el2021-05-05T23:38:09.552983+02:00 suricata pcap Aì`∂l2021-05-05T23:38:09.553003+02:00 suricata pcap Aì`ﬁl2021-05-05T23:38:09.553019+02:00 suricata pcap Aì`∏n2021-05-05T23:38:09.553034+02:00 suricata pcap Aì`o2021-05-05T23:38:09.554280+02:00 suricata pcap Aì`Ko2021-05-05T23:38:09.554311+02:00 suricata pcap Aì`ùq2021-05-05T23:38:09.554326+02:00 suricata pcap Aì`Îq2021-05-05T23:38:09.554374+02:00 suricata pcap Aì`r2021-05-05T23:38:09.554457+02:00 suricata pcap Aì`t2021-05-05T23:38:09.555835+02:00 suricata pcap Aì`ut2021-05-05T23:38:09.555872+02:00 suricata pcap Aì`°t2021-05-05T23:38:09.555890+02:00 suricata pcap Aì`Ëv2021-05-05T23:38:09.555907+02:00 suricata pcap Aì`zw2021-05-05T23:38:09.555924+02:00 suricata pcap Aì`åw2021-05-05T23:38:09.555937+02:00 suricata pcap Aì`≤y2021-05-05T23:38:09.555951+02:00 suricata pcap Aì`%z2021-05-05T23:38:09.556654+02:00 suricata pcap Aì`Gz2021-05-05T23:38:09.556675+02:00 suricata pcap <14>May  5 23:35:55 win10 Microsoft-Windows-Security-Auditing[4]: The handle to an object was closed.    Subject :  	Security ID:		S-1-5-18  	Account Name:		WIN10$  	Account Domain:		WORKGROUP  	Logon ID:		0x3E7    Object:  	Object Server:		Security  	Handle ID:		0xab0    Process Information:  	Process ID:		0xd84  	Process Name:		C:\Windows\System32\wbem\WmiPrvSE.exe
2021-05-05T23:38:09.556689+02:00 suricata pcap Aì`#|2021-05-05T23:38:09.556700+02:00 suricata pcap <14>May  5 23:35:55 win10 Microsoft-Windows-Security-Auditing[4]: The handle to an object was closed.    Subject :  	Security ID:		S-1-5-18  	Account Name:		WIN10$  	Account Domain:		WORKGROUP  	Logon ID:		0x3E7    Object:  	Object Server:		Security  	Handle ID:		0xab0    Process Information:  	Process ID:		0xd84  	Process Name:		C:\Windows\System32\wbem\WmiPrvSE.exe
2021-05-05T23:38:09.556769+02:00 suricata pcap Aì`Ç|2021-05-05T23:38:09.556783+02:00 suricata pcap <14>May  5 23:35:55 win10 Microsoft-Windows-Security-Auditing[4]: The handle to an object was closed.    Subject :  	Security ID:		S-1-5-18  	Account Name:		WIN10$  	Account Domain:		WORKGROUP  	Logon ID:		0x3E7    Object:  	Object Server:		Security  	Handle ID:		0xab0    Process Information:  	Process ID:		0xd84  	Process Name:		C:\Windows\System32\wbem\WmiPrvSE.exe
2021-05-05T23:38:09.556810+02:00 suricata pcap Aì`•|2021-05-05T23:38:09.557272+02:00 suricata pcap <14>May  5 23:35:55 win10 Microsoft-Windows-Security-Auditing[4]: An attempt was made to access an object.    Subject:  	Security ID:		S-1-5-18  	Account Name:		WIN10$  	Account Domain:		WORKGROUP  	Logon ID:		0x3E7    Object:  	Object Server:		Security  	Object Type:		Process  	Object Name:		\Device\HarddiskVolume2\Windows\System32\lsass.exe  	Handle ID:		0x6d8  	Resource Attributes:	-    Process Information:  	Process ID:		0xd84  	Process Name:		C:\Windows\System32\wbem\WmiPrvSE.exe    Access Request Information:  	Accesses:		Read from process memory  				  	Access Mask:		0x10
2021-05-05T23:38:09.557347+02:00 suricata pcap Aì`√~2021-05-05T23:38:09.557365+02:00 suricata pcap <14>May  5 23:35:55 win10 Microsoft-Windows-Security-Auditing[4]: An attempt was made to access an object.    Subject:  	Security ID:		S-1-5-18  	Account Name:		WIN10$  	Account Domain:		WORKGROUP  	Logon ID:		0x3E7    Object:  	Object Server:		Security  	Object Type:		Process  	Object Name:		\Device\HarddiskVolume2\Windows\System32\lsass.exe  	Handle ID:		0x6d8  	Resource Attributes:	-    Process Information:  	Process ID:		0xd84  	Process Name:		C:\Windows\System32\wbem\WmiPrvSE.exe    Access Request Information:  	Accesses:		Read from process memory  				  	Access Mask:		0x10
2021-05-05T23:38:09.557386+02:00 suricata pcap Aì`d~2021-05-05T23:38:09.557402+02:00 suricata pcap <14>May  5 23:35:55 win10 Microsoft-Windows-Security-Auditing[4]: An attempt was made to access an object.    Subject:  	Security ID:		S-1-5-18  	Account Name:		WIN10$  	Account Domain:		WORKGROUP  	Logon ID:		0x3E7    Object:  	Object Server:		Security  	Object Type:		Process  	Object Name:		\Device\HarddiskVolume2\Windows\System32\lsass.exe  	Handle ID:		0x6d8  	Resource Attributes:	-    Process Information:  	Process ID:		0xd84  	Process Name:		C:\Windows\System32\wbem\WmiPrvSE.exe    Access Request Information:  	Accesses:		Read from process memory  				  	Access Mask:		0x10
2021-05-05T23:38:09.557418+02:00 suricata pcap Aì`”~2021-05-05T23:38:09.558009+02:00 suricata pcap <14>May  5 23:35:55 win10 Microsoft-Windows-Security-Auditing[4]: An attempt was made to duplicate a handle to an object.    Subject:  	Security ID:		S-1-5-18  	Account Name:		WIN10$  	Account Domain:		WORKGROUP  	Logon ID:		0x3E7    Source Handle Information:  	Source Handle ID:	0x6d8  	Source Process ID:	0xd84    New Handle Information:  	Target Handle ID:	0xab0  	Target Process ID:	0x4
2021-05-05T23:38:09.558036+02:00 suricata pcap Aì`ÏÄ2021-05-05T23:38:09.558048+02:00 suricata pcap <14>May  5 23:35:55 win10 Microsoft-Windows-Security-Auditing[4]: An attempt was made to duplicate a handle to an object.    Subject:  	Security ID:		S-1-5-18  	Account Name:		WIN10$  	Account Domain:		WORKGROUP  	Logon ID:		0x3E7    Source Handle Information:  	Source Handle ID:	0x6d8  	Source Process ID:	0xd84    New Handle Information:  	Target Handle ID:	0xab0  	Target Process ID:	0x4
2021-05-05T23:38:09.558061+02:00 suricata pcap Aì`¶Ä2021-05-05T23:38:09.558073+02:00 suricata pcap <14>May  5 23:35:55 win10 Microsoft-Windows-Security-Auditing[4]: An attempt was made to duplicate a handle to an object.    Subject:  	Security ID:		S-1-5-18  	Account Name:		WIN10$  	Account Domain:		WORKGROUP  	Logon ID:		0x3E7    Source Handle Information:  	Source Handle ID:	0x6d8  	Source Process ID:	0xd84    New Handle Information:  	Target Handle ID:	0xab0  	Target Process ID:	0x4
2021-05-05T23:38:09.558090+02:00 suricata pcap Aì`Å2021-05-05T23:38:09.558109+02:00 suricata pcap <14>May  5 23:35:55 win10 Microsoft-Windows-Security-Auditing[4]: A handle to an object was requested.    Subject:  	Security ID:		S-1-5-18  	Account Name:		WIN10$  	Account Domain:		WORKGROUP  	Logon ID:		0x3E7    Object:  	Object Server:		Security  	Object Type:		Process  	Object Name:		\Device\HarddiskVolume2\Windows\System32\lsass.exe  	Handle ID:		0x6d8  	Resource Attributes:	-    Process Information:  	Process ID:		0xd84  	Process Name:		C:\Windows\System32\wbem\WmiPrvSE.exe    Access Request Information:  	Transaction ID:		{00000000-0000-0000-0000-000000000000}  	Accesses:		Read from process memory  				Query process information  				Undefined Access (no effect) Bit 12  				  	Access Reasons:		-  	Access Mask:		0x1410  	Privileges Used for Access Check:	-  	Restricted SID Count:	0
2021-05-05T23:38:09.558122+02:00 suricata pcap Aì`	É2021-05-05T23:38:09.558819+02:00 suricata pcap <14>May  5 23:35:55 win10 Microsoft-Windows-Security-Auditing[4]: A handle to an object was requested.    Subject:  	Security ID:		S-1-5-18  	Account Name:		WIN10$  	Account Domain:		WORKGROUP  	Logon ID:		0x3E7    Object:  	Object Server:		Security  	Object Type:		Process  	Object Name:		\Device\HarddiskVolume2\Windows\System32\lsass.exe  	Handle ID:		0x6d8  	Resource Attributes:	-    Process Information:  	Process ID:		0xd84  	Process Name:		C:\Windows\System32\wbem\WmiPrvSE.exe    Access Request Information:  	Transaction ID:		{00000000-0000-0000-0000-000000000000}  	Accesses:		Read from process memory  				Query process information  				Undefined Access (no effect) Bit 12  				  	Access Reasons:		-  	Access Mask:		0x1410  	Privileges Used for Access Check:	-  	Restricted SID Count:	0
2021-05-05T23:38:09.558844+02:00 suricata pcap Aì`KÉ2021-05-05T23:38:09.558864+02:00 suricata pcap <14>May  5 23:35:55 win10 Microsoft-Windows-Security-Auditing[4]: A handle to an object was requested.    Subject:  	Security ID:		S-1-5-18  	Account Name:		WIN10$  	Account Domain:		WORKGROUP  	Logon ID:		0x3E7    Object:  	Object Server:		Security  	Object Type:		Process  	Object Name:		\Device\HarddiskVolume2\Windows\System32\lsass.exe  	Handle ID:		0x6d8  	Resource Attributes:	-    Process Information:  	Process ID:		0xd84  	Process Name:		C:\Windows\System32\wbem\WmiPrvSE.exe    Access Request Information:  	Transaction ID:		{00000000-0000-0000-0000-000000000000}  	Accesses:		Read from process memory  				Query process information  				Undefined Access (no effect) Bit 12  				  	Access Reasons:		-  	Access Mask:		0x1410  	Privileges Used for Access Check:	-  	Restricted SID Count:	0
2021-05-05T23:38:09.558881+02:00 suricata pcap Aì`ªÖ2021-05-05T23:38:09.558892+02:00 suricata pcap <14>May  5 23:35:55 win10 Microsoft-Windows-Security-Auditing[4]: The handle to an object was closed.    Subject :  	Security ID:		S-1-5-18  	Account Name:		WIN10$  	Account Domain:		WORKGROUP  	Logon ID:		0x3E7    Object:  	Object Server:		Security  	Handle ID:		0x6d8    Process Information:  	Process ID:		0xd84  	Process Name:		C:\Windows\System32\wbem\WmiPrvSE.exe
2021-05-05T23:38:09.558905+02:00 suricata pcap <14>May  5 23:35:55 win10 Microsoft-Windows-Security-Auditing[4]: An attempt was made to duplicate a handle to an object.    Subject:  	Security ID:		S-1-5-18  	Account Name:		WIN10$  	Account Domain:		WORKGROUP  	Logon ID:		0x3E7    Source Handle Information:  	Source Handle ID:	0x6d8  	Source Process ID:	0xd84    New Handle Information:  	Target Handle ID:	0xab0  	Target Process ID:	0x4
2021-05-05T23:38:09.558927+02:00 suricata pcap <14>May  5 23:35:55 win10 Microsoft-Windows-Security-Auditing[4]: The handle to an object was closed.    SubjAì`÷Ö2021-05-05T23:38:09.559730+02:00 suricata pcap Aì`@Ü2021-05-05T23:38:09.559751+02:00 suricata pcap <14>May  5 23:35:55 win10 Microsoft-Windows-Security-Auditing[4]: The handle to an object was closed.    Subject :  	Security ID:		S-1-5-18  	Account Name:		WIN10$  	Account Domain:		WORKGROUP  	Logon ID:		0x3E7    Object:  	Object Server:		Security  	Handle ID:		0x6d8    Process Information:  	Process ID:		0xd84  	Process Name:		C:\Windows\System32\wbem\WmiPrvSE.exe
2021-05-05T23:38:09.559763+02:00 suricata pcap <14>May  5 23:35:55 win10 Microsoft-Windows-Security-Auditing[4]: An attempt was made to duplicate a handle to an object.    Subject:  	Security ID:		S-1-5-18  	Account Name:		WIN10$  	Account Domain:		WORKGROUP  	Logon ID:		0x3E7    Source Handle Information:  	Source Handle ID:	0x6d8  	Source Process ID:	0xd84    New Handle Information:  	Target Handle ID:	0xab0  	Target Process ID:	0x4
2021-05-05T23:38:09.559783+02:00 suricata pcap <14>May  5 23:35:55 win10 Microsoft-Windows-Security-Auditing[4]: The handle to an object was closed.    SubjAì`§Ü2021-05-05T23:38:09.559794+02:00 suricata pcap <14>May  5 23:35:55 win10 Microsoft-Windows-Security-Auditing[4]: The handle to an object was closed.    Subject :  	Security ID:		S-1-5-18  	Account Name:		WIN10$  	Account Domain:		WORKGROUP  	Logon ID:		0x3E7    Object:  	Object Server:		Security  	Handle ID:		0x6d8    Process Information:  	Process ID:		0xd84  	Process Name:		C:\Windows\System32\wbem\WmiPrvSE.exe
2021-05-05T23:38:09.559836+02:00 suricata pcap <14>May  5 23:35:55 win10 Microsoft-Windows-Security-Auditing[4]: An attempt was made to duplicate a handle to an object.    Subject:  	Security ID:		S-1-5-18  	Account Name:		WIN10$  	Account Domain:		WORKGROUP  	Logon ID:		0x3E7    Source Handle Information:  	Source Handle ID:	0x6d8  	Source Process ID:	0xd84    New Handle Information:  	Target Handle ID:	0xab0  	Target Process ID:	0x4
2021-05-05T23:38:09.559849+02:00 suricata pcap <14>May  5 23:35:55 win10 Microsoft-Windows-Security-Auditing[4]: The handle to an object was closed.    SubjAì`àÜ2021-05-05T23:38:09.559868+02:00 suricata pcap Aì`¬Ü2021-05-05T23:38:09.561674+02:00 suricata pcap Aì`á2021-05-05T23:38:09.561702+02:00 suricata pcap <14>May  5 23:35:55 win10 Microsoft-Windows-Security-Auditing[4]: An attempt was made to access an object.    Subject:  	Security ID:		S-1-5-18  	Account Name:		WIN10$  	Account Domain:		WORKGROUP  	Logon ID:		0x3E7    Object:  	Object Server:		Security  	Object Type:		Process  	Object Name:		\Device\HarddiskVolume2\Windows\System32\lsass.exe  	Handle ID:		0x6d8  	Resource Attributes:	-    Process Information:  	Process ID:		0xd84  	Process Name:		C:\Windows\System32\wbem\WmiPrvSE.exe    Access Request Information:  	Accesses:		Read from process memory  				  	Access Mask:		0x10
2021-05-05T23:38:09.561741+02:00 suricata pcap Aì`›á2021-05-05T23:38:09.561750+02:00 suricata pcap <14>May  5 23:35:55 win10 Microsoft-Windows-Security-Auditing[4]: An attempt was made to access an object.    Subject:  	Security ID:		S-1-5-18  	Account Name:		WIN10$  	Account Domain:		WORKGROUP  	Logon ID:		0x3E7    Object:  	Object Server:		Security  	Object Type:		Process  	Object Name:		\Device\HarddiskVolume2\Windows\System32\lsass.exe  	Handle ID:		0x6d8  	Resource Attributes:	-    Process Information:  	Process ID:		0xd84  	Process Name:		C:\Windows\System32\wbem\WmiPrvSE.exe    Access Request Information:  	Accesses:		Read from process memory  				  	Access Mask:		0x10
2021-05-05T23:38:09.561762+02:00 suricata pcap Aì`ﬂà2021-05-05T23:38:09.561771+02:00 suricata pcap <14>May  5 23:35:55 win10 Microsoft-Windows-Security-Auditing[4]: An attempt was made to access an object.    Subject:  	Security ID:		S-1-5-18  	Account Name:		WIN10$  	Account Domain:		WORKGROUP  	Logon ID:		0x3E7    Object:  	Object Server:		Security  	Object Type:		Process  	Object Name:		\Device\HarddiskVolume2\Windows\System32\lsass.exe  	Handle ID:		0x6d8  	Resource Attributes:	-    Process Information:  	Process ID:		0xd84  	Process Name:		C:\Windows\System32\wbem\WmiPrvSE.exe    Access Request Information:  	Accesses:		Read from process memory  				  	Access Mask:		0x10
2021-05-05T23:38:09.561933+02:00 suricata pcap Aì`ùê2021-05-05T23:38:09.561945+02:00 suricata pcap <14>May  5 23:35:55 win10 Microsoft-Windows-Security-Auditing[4]: An attempt was made to duplicate a handle to an object.    Subject:  	Security ID:		S-1-5-18  	Account Name:		WIN10$  	Account Domain:		WORKGROUP  	Logon ID:		0x3E7    Source Handle Information:  	Source Handle ID:	0x6d8  	Source Process ID:	0xd84    New Handle Information:  	Target Handle ID:	0xab0  	Target Process ID:	0x4
2021-05-05T23:38:09.561957+02:00 suricata pcap <14>May  5 23:35:55 win10 Microsoft-Windows-Security-Auditing[4]: The handle to an object was closed.    Subject :  	Security ID:		S-1-5-18  	Account Name:		WIN10$  	Account Domain:		WORKGROUP  	Logon ID:		0x3E7    Object:  	Object Server:		Security  	Handle ID:		0xab0    Process Information:  	Process ID:		0xd84  	Process Name:		C:\Windows\System32\wbem\WmiPrvSE.exe
2021-05-05T23:38:09.561985+02:00 suricata pcap <14>May  5 23:35:55 win10 Microsoft-Windows-Security-Auditing[4]: A handle to an object was requested.    Subject:  	Security ID:		S-1-5-18  	Account Name:		WIN10$  	Account Domain:		WORKGROUP  	Logon ID:		0x3E7    Object:  	Object Server:		Security  	Object Type:		Process  	Object Name:		\Device\HarddiskVolume2\Windows\SysAì`•ë2021-05-05T23:38:09.561993+02:00 suricata pcap Aì`í2021-05-05T23:38:09.562000+02:00 suricata pcap <14>May  5 23:35:55 win10 Microsoft-Windows-Security-Auditing[4]: An attempt was made to duplicate a handle to an object.    Subject:  	Security ID:		S-1-5-18  	Account Name:		WIN10$  	Account Domain:		WORKGROUP  	Logon ID:		0x3E7    Source Handle Information:  	Source Handle ID:	0x6d8  	Source Process ID:	0xd84    New Handle Information:  	Target Handle ID:	0xab0  	Target Process ID:	0x4
2021-05-05T23:38:09.562006+02:00 suricata pcap <14>May  5 23:35:55 win10 Microsoft-Windows-Security-Auditing[4]: The handle to an object was closed.    Subject :  	Security ID:		S-1-5-18  	Account Name:		WIN10$  	Account Domain:		WORKGROUP  	Logon ID:		0x3E7    Object:  	Object Server:		Security  	Handle ID:		0xab0    Process Information:  	Process ID:		0xd84  	Process Name:		C:\Windows\System32\wbem\WmiPrvSE.exe
2021-05-05T23:38:09.562436+02:00 suricata pcap <14>May  5 23:35:55 win10 Microsoft-Windows-Security-Auditing[4]: A handle to an object was requested.    Subject:  	Security ID:		S-1-5-18  	Account Name:		WIN10$  	Account Domain:		WORKGROUP  	Logon ID:		0x3E7    Object:  	Object Server:		Security  	Object Type:		Process  	Object Name:		\Device\HarddiskVolume2\Windows\SysAì`Qí2021-05-05T23:38:09.562455+02:00 suricata pcap Aì`fì2021-05-05T23:38:09.562463+02:00 suricata pcap <14>May  5 23:35:55 win10 Microsoft-Windows-Security-Auditing[4]: An attempt was made to duplicate a handle to an object.    Subject:  	Security ID:		S-1-5-18  	Account Name:		WIN10$  	Account Domain:		WORKGROUP  	Logon ID:		0x3E7    Source Handle Information:  	Source Handle ID:	0x6d8  	Source Process ID:	0xd84    New Handle Information:  	Target Handle ID:	0xab0  	Target Process ID:	0x4
2021-05-05T23:38:09.562470+02:00 suricata pcap <14>May  5 23:35:55 win10 Microsoft-Windows-Security-Auditing[4]: The handle to an object was closed.    Subject :  	Security ID:		S-1-5-18  	Account Name:		WIN10$  	Account Domain:		WORKGROUP  	Logon ID:		0x3E7    Object:  	Object Server:		Security  	Handle ID:		0xab0    Process Information:  	Process ID:		0xd84  	Process Name:		C:\Windows\System32\wbem\WmiPrvSE.exe
2021-05-05T23:38:09.562486+02:00 suricata pcap <14>May  5 23:35:55 win10 Microsoft-Windows-Security-Auditing[4]: A handle to an object was requested.    Subject:  	Security ID:		S-1-5-18  	Account Name:		WIN10$  	Account Domain:		WORKGROUP  	Logon ID:		0x3E7    Object:  	Object Server:		Security  	Object Type:		Process  	Object Name:		\Device\HarddiskVolume2\Windows\SysAì`hí2021-05-05T23:38:09.562495+02:00 suricata pcap Aì`áì2021-05-05T23:38:09.562505+02:00 suricata pcap Aì`Œí2021-05-05T23:38:09.563118+02:00 suricata pcap Aì`∑ì2021-05-05T23:38:09.563136+02:00 suricata pcap Aì`î2021-05-05T23:38:09.563144+02:00 suricata pcap <14>May  5 23:35:55 win10 Microsoft-Windows-Security-Auditing[4]: An attempt was made to duplicate a handle to an object.    Subject:  	Security ID:		S-1-5-18  	Account Name:		WIN10$  	Account Domain:		WORKGROUP  	Logon ID:		0x3E7    Source Handle Information:  	Source Handle ID:	0x420  	Source Process ID:	0xd84    New Handle Information:  	Target Handle ID:	0xab0  	Target Process ID:	0x4
2021-05-05T23:38:09.563151+02:00 suricata pcap Aì`Àï2021-05-05T23:38:09.563160+02:00 suricata pcap <14>May  5 23:35:55 win10 Microsoft-Windows-Security-Auditing[4]: An attempt was made to duplicate a handle to an object.    Subject:  	Security ID:		S-1-5-18  	Account Name:		WIN10$  	Account Domain:		WORKGROUP  	Logon ID:		0x3E7    Source Handle Information:  	Source Handle ID:	0x420  	Source Process ID:	0xd84    New Handle Information:  	Target Handle ID:	0xab0  	Target Process ID:	0x4
2021-05-05T23:38:09.563167+02:00 suricata pcap Aì`Üï2021-05-05T23:38:09.563176+02:00 suricata pcap <14>May  5 23:35:55 win10 Microsoft-Windows-Security-Auditing[4]: An attempt was made to duplicate a handle to an object.    Subject:  	Security ID:		S-1-5-18  	Account Name:		WIN10$  	Account Domain:		WORKGROUP  	Logon ID:		0x3E7    Source Handle Information:  	Source Handle ID:	0x420  	Source Process ID:	0xd84    New Handle Information:  	Target Handle ID:	0xab0  	Target Process ID:	0x4
2021-05-05T23:38:09.563182+02:00 suricata pcap Aì`Îï2021-05-05T23:38:09.563186+02:00 suricata pcap A2021-05-05T23:38:09.563194+02:00 suricata pcap A2021-05-05T23:38:09.563545+02:00 suricata pcap <14>May  5 23:35:55 win10 Microsoft-Windows-Security-Auditing[4]: A handle to an object was requested.    Subject:  	Security ID:		S-1-5-18  	Account Name:		WIN10$  	Account Domain:		WORKGROUP  	Logon ID:		0x3E7    Object:  	Object Server:		Security  	Object Type:		Process  	Object Name:		\Device\HarddiskVolume2\Windows\System32\lsass.exe  	Handle ID:		0x420  	Resource Attributes:	-    Process Information:  	Process ID:		0xd84  	Process Name:		C:\Windows\System32\wbem\WmiPrvSE.exe    Access Request Information:  	Transaction ID:		{00000000-0000-0000-0000-000000000000}  	Accesses:		Read from process memory  				Query process information  				Undefined Access (no effect) Bit 12  				  	Access Reasons:		-  	Access Mask:		0x1410  	Privileges Used for Access Check:	-  	Restricted SID Count:	0
2021-05-05T23:38:09.563555+02:00 suricata pcap Aì`÷ó2021-05-05T23:38:09.563571+02:00 suricata pcap A2021-05-05T23:38:09.563582+02:00 suricata pcap <14>May  5 23:35:55 win10 Microsoft-Windows-Security-Auditing[4]: A handle to an object was requested.    Subject:  	Security ID:		S-1-5-18  	Account Name:		WIN10$  	Account Domain:		WORKGROUP  	Logon ID:		0x3E7    Object:  	Object Server:		Security  	Object Type:		Process  	Object Name:		\Device\HarddiskVolume2\Windows\System32\lsass.exe  	Handle ID:		0x420  	Resource Attributes:	-    Process Information:  	Process ID:		0xd84  	Process Name:		C:\Windows\System32\wbem\WmiPrvSE.exe    Access Request Information:  	Transaction ID:		{00000000-0000-0000-0000-000000000000}  	Accesses:		Read from process memory  				Query process information  				Undefined Access (no effect) Bit 12  				  	Access Reasons:		-  	Access Mask:		0x1410  	Privileges Used for Access Check:	-  	Restricted SID Count:	0
2021-05-05T23:38:09.563591+02:00 suricata pcap Aì`fò2021-05-05T23:38:09.563603+02:00 suricata pcap <14>May  5 23:35:55 win10 Microsoft-Windows-Security-Auditing[4]: A handle to an object was requested.    Subject:  	Security ID:		S-1-5-18  	Account Name:		WIN10$  	Account Domain:		WORKGROUP  	Logon ID:		0x3E7    Object:  	Object Server:		Security  	Object Type:		Process  	Object Name:		\Device\HarddiskVolume2\Windows\System32\lsass.exe  	Handle ID:		0x420  	Resource Attributes:	-    Process Information:  	Process ID:		0xd84  	Process Name:		C:\Windows\System32\wbem\WmiPrvSE.exe    Access Request Information:  	Transaction ID:		{00000000-0000-0000-0000-000000000000}  	Accesses:		Read from process memory  				Query process information  				Undefined Access (no effect) Bit 12  				  	Access Reasons:		-  	Access Mask:		0x1410  	Privileges Used for Access Check:	-  	Restricted SID Count:	0
2021-05-05T23:38:09.563613+02:00 suricata pcap Aì`|ò2021-05-05T23:38:09.564193+02:00 suricata pcap Aì`≤ò2021-05-05T23:38:09.564209+02:00 suricata pcap Aì`!ô2021-05-05T23:38:09.564219+02:00 suricata pcap Aì`ô2021-05-05T23:38:09.564226+02:00 suricata pcap <14>May  5 23:35:55 win10 Microsoft-Windows-Security-Auditing[4]: An attempt was made to duplicate a handle to an object.    Subject:  	Security ID:		S-1-5-18  	Account Name:		WIN10$  	Account Domain:		WORKGROUP  	Logon ID:		0x3E7    Source Handle Information:  	Source Handle ID:	0x7cc  	Source Process ID:	0xd84    New Handle Information:  	Target Handle ID:	0xab0  	Target Process ID:	0x4
2021-05-05T23:38:09.564235+02:00 suricata pcap Aì`hö2021-05-05T23:38:09.564242+02:00 suricata pcap <14>May  5 23:35:55 win10 Microsoft-Windows-Security-Auditing[4]: An attempt was made to duplicate a handle to an object.    Subject:  	Security ID:		S-1-5-18  	Account Name:		WIN10$  	Account Domain:		WORKGROUP  	Logon ID:		0x3E7    Source Handle Information:  	Source Handle ID:	0x7cc  	Source Process ID:	0xd84    New Handle Information:  	Target Handle ID:	0xab0  	Target Process ID:	0x4
2021-05-05T23:38:09.564250+02:00 suricata pcap Aì`≈ö2021-05-05T23:38:09.564258+02:00 suricata pcap <14>May  5 23:35:55 win10 Microsoft-Windows-Security-Auditing[4]: An attempt was made to duplicate a handle to an object.    Subject:  	Security ID:		S-1-5-18  	Account Name:		WIN10$  	Account Domain:		WORKGROUP  	Logon ID:		0x3E7    Source Handle Information:  	Source Handle ID:	0x7cc  	Source Process ID:	0xd84    New Handle Information:  	Target Handle ID:	0xab0  	Target Process ID:	0x4
2021-05-05T23:38:09.567060+02:00 suricata pcap Aì`~õ2021-05-05T23:38:09.567085+02:00 suricata pcap Aì`–õ2021-05-05T23:38:09.567099+02:00 suricata pcap Aì`Ã†2021-05-05T23:38:09.567116+02:00 suricata pcap Aì`π†2021-05-05T23:38:09.567125+02:00 suricata pcap <14>May  5 23:35:55 win10 Microsoft-Windows-Security-Auditing[4]: An attempt was made to access an object.    Subject:  	Security ID:		S-1-5-18  	Account Name:		WIN10$  	Account Domain:		WORKGROUP  	Logon ID:		0x3E7    Object:  	Object Server:		Security  	Object Type:		Process  	Object Name:		\Device\HarddiskVolume2\Windows\System32\lsass.exe  	Handle ID:		0x7cc  	Resource Attributes:	-    Process Information:  	Process ID:		0xd84  	Process Name:		C:\Windows\System32\wbem\WmiPrvSE.exe    Access Request Information:  	Accesses:		Read from process memory  				  	Access Mask:		0x10
2021-05-05T23:38:09.567134+02:00 suricata pcap <14>May  5 23:35:55 win10 Microsoft-Windows-Security-Auditing[4]: The hanAì`ñ¶2021-05-05T23:38:09.567499+02:00 suricata pcap Aì`ö¶2021-05-05T23:38:09.567518+02:00 suricata pcap <14>May  5 23:35:55 win10 Microsoft-Windows-Security-Auditing[4]: An attempt was made to access an object.    Subject:  	Security ID:		S-1-5-18  	Account Name:		WIN10$  	Account Domain:		WORKGROUP  	Logon ID:		0x3E7    Object:  	Object Server:		Security  	Object Type:		Process  	Object Name:		\Device\HarddiskVolume2\Windows\System32\lsass.exe  	Handle ID:		0x7cc  	Resource Attributes:	-    Process Information:  	Process ID:		0xd84  	Process Name:		C:\Windows\System32\wbem\WmiPrvSE.exe    Access Request Information:  	Accesses:		Read from process memory  				  	Access Mask:		0x10
2021-05-05T23:38:09.567540+02:00 suricata pcap <14>May  5 23:35:55 win10 Microsoft-Windows-Security-Auditing[4]: The hanAì`√¶2021-05-05T23:38:09.567564+02:00 suricata pcap <14>May  5 23:35:55 win10 Microsoft-Windows-Security-Auditing[4]: An attempt was made to access an object.    Subject:  	Security ID:		S-1-5-18  	Account Name:		WIN10$  	Account Domain:		WORKGROUP  	Logon ID:		0x3E7    Object:  	Object Server:		Security  	Object Type:		Process  	Object Name:		\Device\HarddiskVolume2\Windows\System32\lsass.exe  	Handle ID:		0x7cc  	Resource Attributes:	-    Process Information:  	Process ID:		0xd84  	Process Name:		C:\Windows\System32\wbem\WmiPrvSE.exe    Access Request Information:  	Accesses:		Read from process memory  				  	Access Mask:		0x10
2021-05-05T23:38:09.567574+02:00 suricata pcap <14>May  5 23:35:55 win10 Microsoft-Windows-Security-Auditing[4]: The hanAì`ü¶2021-05-05T23:38:09.567581+02:00 suricata pcap <14>May  5 23:35:56 win10 Microsoft-Windows-Security-Auditing[4]: The handle to an object was closed.    Subject :  	Security ID:		S-1-5-18  	Account Name:		WIN10$  	Account Domain:		WORKGROUP  	Logon ID:		0x3E7    Object:  	Object Server:		Security  	Handle ID:		0x2c94    Process Information:  	Process ID:		0xd84  	Process Name:		C:\Windows\System32\wbem\WmiPrvSE.exe
2021-05-05T23:38:09.567595+02:00 suricata pcap <14>May  5 23:35:56 win10 Microsoft-Windows-Security-Auditing[4]: A handle to an object was requested.    Subject:  	Security ID:		S-1-5-18  	Account Name:		WIN10$  	Account Domain:		WORKGROUP  	Logon ID:		0x3E7    Object:  	Object Server:		Security  	Object Type:		Process  	Object Name:		\Device\HarddiskVolume2\Windows\System32\lsass.exe  	Handle ID:		0x600  	Resource Attributes:	-    Process Information:  	Process ID:		0xd84  	Process Name:		C:\Windows\System32\wbem\WmiPrvSE.exe    Access Request Information:  	Transaction ID:		{00000000-0000-0000-0000-000000000000}  	Accesses:		Read from process memory  				Query process information  				Undefined Access (no effect) Bit 12  				  	AAì`˛¶2021-05-05T23:38:09.567980+02:00 suricata pcap Aì`£¶2021-05-05T23:38:09.567995+02:00 suricata pcap Aì`$ß2021-05-05T23:38:09.568002+02:00 suricata pcap <14>May  5 23:35:56 win10 Microsoft-Windows-Security-Auditing[4]: The handle to an object was closed.    Subject :  	Security ID:		S-1-5-18  	Account Name:		WIN10$  	Account Domain:		WORKGROUP  	Logon ID:		0x3E7    Object:  	Object Server:		Security  	Handle ID:		0x2c94    Process Information:  	Process ID:		0xd84  	Process Name:		C:\Windows\System32\wbem\WmiPrvSE.exe
2021-05-05T23:38:09.568019+02:00 suricata pcap <14>May  5 23:35:56 win10 Microsoft-Windows-Security-Auditing[4]: A handle to an object was requested.    Subject:  	Security ID:		S-1-5-18  	Account Name:		WIN10$  	Account Domain:		WORKGROUP  	Logon ID:		0x3E7    Object:  	Object Server:		Security  	Object Type:		Process  	Object Name:		\Device\HarddiskVolume2\Windows\System32\lsass.exe  	Handle ID:		0x600  	Resource Attributes:	-    Process Information:  	Process ID:		0xd84  	Process Name:		C:\Windows\System32\wbem\WmiPrvSE.exe    Access Request Information:  	Transaction ID:		{00000000-0000-0000-0000-000000000000}  	Accesses:		Read from process memory  				Query process information  				Undefined Access (no effect) Bit 12  				  	AAì`≠¶2021-05-05T23:38:09.568030+02:00 suricata pcap Aì`9ß2021-05-05T23:38:09.568037+02:00 suricata pcap <14>May  5 23:35:56 win10 Microsoft-Windows-Security-Auditing[4]: The handle to an object was closed.    Subject :  	Security ID:		S-1-5-18  	Account Name:		WIN10$  	Account Domain:		WORKGROUP  	Logon ID:		0x3E7    Object:  	Object Server:		Security  	Handle ID:		0x600    Process Information:  	Process ID:		0xd84  	Process Name:		C:\Windows\System32\wbem\WmiPrvSE.exe
2021-05-05T23:38:09.568044+02:00 suricata pcap <14>May  5 23:35:56 win10 Microsoft-Windows-Security-Auditing[4]: An attempt was made to duplicate a handle to an object.    Subject:  	Security ID:		S-1-5-18  	Account Name:		WIN10$  	Account Domain:		WORKGROUP  	Logon ID:		0x3E7    Source Handle Information:  	Source Handle ID:	0x7cc  	Source Process ID:	0xd84    New Handle Information:  	Target Handle ID:	0xab0  	Target Process ID:	0x4
2021-05-05T23:38:09.568049+02:00 suricata pcap <14>May  5 23:35:56 win10 Microsoft-Windows-Security-Auditing[4]: The handle to an object was closed.    SubjAì`yß2021-05-05T23:38:09.568533+02:00 suricata pcap Aì`≤¶2021-05-05T23:38:09.568561+02:00 suricata pcap <14>May  5 23:35:56 win10 Microsoft-Windows-Security-Auditing[4]: The handle to an object was closed.    Subject :  	Security ID:		S-1-5-18  	Account Name:		WIN10$  	Account Domain:		WORKGROUP  	Logon ID:		0x3E7    Object:  	Object Server:		Security  	Handle ID:		0x2c94    Process Information:  	Process ID:		0xd84  	Process Name:		C:\Windows\System32\wbem\WmiPrvSE.exe
2021-05-05T23:38:09.568591+02:00 suricata pcap <14>May  5 23:35:56 win10 Microsoft-Windows-Security-Auditing[4]: A handle to an object was requested.    Subject:  	Security ID:		S-1-5-18  	Account Name:		WIN10$  	Account Domain:		WORKGROUP  	Logon ID:		0x3E7    Object:  	Object Server:		Security  	Object Type:		Process  	Object Name:		\Device\HarddiskVolume2\Windows\System32\lsass.exe  	Handle ID:		0x600  	Resource Attributes:	-    Process Information:  	Process ID:		0xd84  	Process Name:		C:\Windows\System32\wbem\WmiPrvSE.exe    Access Request Information:  	Transaction ID:		{00000000-0000-0000-0000-000000000000}  	Accesses:		Read from process memory  				Query process information  				Undefined Access (no effect) Bit 12  				  	AAì`çß2021-05-05T23:38:09.568598+02:00 suricata pcap <14>May  5 23:35:56 win10 Microsoft-Windows-Security-Auditing[4]: The handle to an object was closed.    Subject :  	Security ID:		S-1-5-18  	Account Name:		WIN10$  	Account Domain:		WORKGROUP  	Logon ID:		0x3E7    Object:  	Object Server:		Security  	Handle ID:		0x600    Process Information:  	Process ID:		0xd84  	Process Name:		C:\Windows\System32\wbem\WmiPrvSE.exe
2021-05-05T23:38:09.568605+02:00 suricata pcap <14>May  5 23:35:56 win10 Microsoft-Windows-Security-Auditing[4]: An attempt was made to duplicate a handle to an object.    Subject:  	Security ID:		S-1-5-18  	Account Name:		WIN10$  	Account Domain:		WORKGROUP  	Logon ID:		0x3E7    Source Handle Information:  	Source Handle ID:	0x7cc  	Source Process ID:	0xd84    New Handle Information:  	Target Handle ID:	0xab0  	Target Process ID:	0x4
2021-05-05T23:38:09.568610+02:00 suricata pcap <14>May  5 23:35:56 win10 Microsoft-Windows-Security-Auditing[4]: The handle to an object was closed.    SubjAì`¿¶2021-05-05T23:38:09.568618+02:00 suricata pcap Aì`¢ß2021-05-05T23:38:09.568623+02:00 suricata pcap Aì`«ß2021-05-05T23:38:09.569127+02:00 suricata pcap Aì`«¶2021-05-05T23:38:09.569151+02:00 suricata pcap <14>May  5 23:35:56 win10 Microsoft-Windows-Security-Auditing[4]: The handle to an object was closed.    Subject :  	Security ID:		S-1-5-18  	Account Name:		WIN10$  	Account Domain:		WORKGROUP  	Logon ID:		0x3E7    Object:  	Object Server:		Security  	Handle ID:		0x600    Process Information:  	Process ID:		0xd84  	Process Name:		C:\Windows\System32\wbem\WmiPrvSE.exe
2021-05-05T23:38:09.569182+02:00 suricata pcap <14>May  5 23:35:56 win10 Microsoft-Windows-Security-Auditing[4]: An attempt was made to duplicate a handle to an object.    Subject:  	Security ID:		S-1-5-18  	Account Name:		WIN10$  	Account Domain:		WORKGROUP  	Logon ID:		0x3E7    Source Handle Information:  	Source Handle ID:	0x7cc  	Source Process ID:	0xd84    New Handle Information:  	Target Handle ID:	0xab0  	Target Process ID:	0x4
2021-05-05T23:38:09.569191+02:00 suricata pcap <14>May  5 23:35:56 win10 Microsoft-Windows-Security-Auditing[4]: The handle to an object was closed.    SubjAì`Èß2021-05-05T23:38:09.569209+02:00 suricata pcap Aì`K®2021-05-05T23:38:09.569221+02:00 suricata pcap Aì`ß2021-05-05T23:38:09.569232+02:00 suricata pcap Aì`¶©2021-05-05T23:38:09.569667+02:00 suricata pcap Aì`÷ß2021-05-05T23:38:09.569688+02:00 suricata pcap Aì`®2021-05-05T23:38:09.569697+02:00 suricata pcap Aì`L™2021-05-05T23:38:09.569704+02:00 suricata pcap <14>May  5 23:35:56 win10 Microsoft-Windows-Security-Auditing[4]: The handle to an object was closed.    Subject :  	Security ID:		S-1-5-18  	Account Name:		WIN10$  	Account Domain:		WORKGROUP  	Logon ID:		0x3E7    Object:  	Object Server:		Security  	Handle ID:		0xab0    Process Information:  	Process ID:		0xd84  	Process Name:		C:\Windows\System32\wbem\WmiPrvSE.exe
2021-05-05T23:38:09.569767+02:00 suricata pcap Aì`+®2021-05-05T23:38:09.569781+02:00 suricata pcap <14>May  5 23:35:56 win10 Microsoft-Windows-Security-Auditing[4]: An attempt was made to access an object.    Subject:  	Security ID:		S-1-5-18  	Account Name:		WIN10$  	Account Domain:		WORKGROUP  	Logon ID:		0x3E7    Object:  	Object Server:		Security  	Object Type:		Process  	Object Name:		\Device\HarddiskVolume2\Windows\System32\lsass.exe  	Handle ID:		0x420  	Resource Attributes:	-    Process Information:  	Process ID:		0xd84  	Process Name:		C:\Windows\System32\wbem\WmiPrvSE.exe    Access Request Information:  	Accesses:		Read from process memory  				  	Access Mask:		0x10
2021-05-05T23:38:09.570163+02:00 suricata pcap Aì`y®2021-05-05T23:38:09.570178+02:00 suricata pcap Aì`©2021-05-05T23:38:09.570190+02:00 suricata pcap Aì`	≤2021-05-05T23:38:09.570199+02:00 suricata pcap Aì`v©2021-05-05T23:38:09.570231+02:00 suricata pcap Aì`“©2021-05-05T23:38:09.570241+02:00 suricata pcap Aì`í™2021-05-05T23:38:09.570248+02:00 suricata pcap <14>May  5 23:35:56 win10 Microsoft-Windows-Security-Auditing[4]: The handle to an object was closed.    Subject :  	Security ID:		S-1-5-18  	Account Name:		WIN10$  	Account Domain:		WORKGROUP  	Logon ID:		0x3E7    Object:  	Object Server:		Security  	Handle ID:		0xab0    Process Information:  	Process ID:		0xd84  	Process Name:		C:\Windows\System32\wbem\WmiPrvSE.exe
2021-05-05T23:38:09.570397+02:00 suricata pcap Aì`¨2021-05-05T23:38:09.570417+02:00 suricata pcap <14>May  5 23:35:56 win10 Microsoft-Windows-Security-Auditing[4]: The handle to an object was closed.    Subject :  	Security ID:		S-1-5-18  	Account Name:		WIN10$  	Account Domain:		WORKGROUP  	Logon ID:		0x3E7    Object:  	Object Server:		Security  	Handle ID:		0xab0    Process Information:  	Process ID:		0xd84  	Process Name:		C:\Windows\System32\wbem\WmiPrvSE.exe
2021-05-05T23:38:09.570445+02:00 suricata pcap Aì`/≠2021-05-05T23:38:09.570455+02:00 suricata pcap <14>May  5 23:35:56 win10 Microsoft-Windows-Security-Auditing[4]: An attempt was made to access an object.    Subject:  	Security ID:		S-1-5-18  	Account Name:		WIN10$  	Account Domain:		WORKGROUP  	Logon ID:		0x3E7    Object:  	Object Server:		Security  	Object Type:		Process  	Object Name:		\Device\HarddiskVolume2\Windows\System32\lsass.exe  	Handle ID:		0x420  	Resource Attributes:	-    Process Information:  	Process ID:		0xd84  	Process Name:		C:\Windows\System32\wbem\WmiPrvSE.exe    Access Request Information:  	Accesses:		Read from process memory  				  	Access Mask:		0x10
2021-05-05T23:38:09.570467+02:00 suricata pcap Aì`„Æ2021-05-05T23:38:09.570476+02:00 suricata pcap <14>May  5 23:35:56 win10 Microsoft-Windows-Security-Auditing[4]: An attempt was made to access an object.    Subject:  	Security ID:		S-1-5-18  	Account Name:		WIN10$  	Account Domain:		WORKGROUP  	Logon ID:		0x3E7    Object:  	Object Server:		Security  	Object Type:		Process  	Object Name:		\Device\HarddiskVolume2\Windows\System32\lsass.exe  	Handle ID:		0x420  	Resource Attributes:	-    Process Information:  	Process ID:		0xd84  	Process Name:		C:\Windows\System32\wbem\WmiPrvSE.exe    Access Request Information:  	Accesses:		Read from process memory  				  	Access Mask:		0x10
2021-05-05T23:38:10.561444+02:00 suricata pcap Aì`πØ2021-05-05T23:38:10.561521+02:00 suricata pcap Aì`=±2021-05-05T23:38:10.561539+02:00 suricata pcap Aì`M≤2021-05-05T23:38:10.561549+02:00 suricata pcap 2021-05-05T23:38:10.561566+02:00 suricata pcap ¿®ã2021-05-05T23:38:10.561574+02:00 suricata pcap 2021-05-05T23:38:10.561602+02:00 suricata pcap 2021-05-05T23:38:10.561626+02:00 suricata pcap Bì`gå2021-05-05T23:38:10.561650+02:00 suricata pcap Bì`>ç2021-05-05T23:38:10.561677+02:00 suricata pcap Bì`é2021-05-05T23:38:10.561711+02:00 suricata pcap <14>May  5 23:35:56 win10 Microsoft-Windows-Security-Auditing[4]: A handle to an object was requested.    Subject:  	Security ID:		S-1-5-18  	Account Name:		WIN10$  	Account Domain:		WORKGROUP  	Logon ID:		0x3E7    Object:  	Object Server:		Security  	Object Type:		Process  	Object Name:		\Device\HarddiskVolume2\Windows\System32\lsass.exe  	Handle ID:		0x420  	Resource Attributes:	-    Process Information:  	Process ID:		0xd84  	Process Name:		C:\Windows\System32\wbem\WmiPrvSE.exe    Access Request Information:  	Transaction ID:		{00000000-0000-0000-0000-000000000000}  	Accesses:		Read from process memory  				Query process information  				Undefined Access (no effect) Bit 12  				  	Access Reasons:		-  	Access Mask:		0x1410  	Privileges Used for Access Check:	-  	Restricted SID Count:	0
2021-05-05T23:38:10.562710+02:00 suricata pcap <14>May  5 23:35:56 win10 Microsoft-Windows-Security-Auditing[4]: An attempt was made to access an object.    Subject:  	Security ID:		S-1-5-18  	Account Name:		WIN10$  	Account Domain:		WORKGROUP  	Logon ID:		0x3E7    Object:  	Object Server:		Security  	Object Type:		Process  	Object NaBì`-ê2021-05-05T23:38:10.562768+02:00 suricata pcap <14>May  5 23:35:56 win10 Microsoft-Windows-Security-Auditing[4]: A handle to an object was requested.    Subject:  	Security ID:		S-1-5-18  	Account Name:		WIN10$  	Account Domain:		WORKGROUP  	Logon ID:		0x3E7    Object:  	Object Server:		Security  	Object Type:		Process  	Object Name:		\Device\HarddiskVolume2\Windows\System32\lsass.exe  	Handle ID:		0x420  	Resource Attributes:	-    Process Information:  	Process ID:		0xd84  	Process Name:		C:\Windows\System32\wbem\WmiPrvSE.exe    Access Request Information:  	Transaction ID:		{00000000-0000-0000-0000-000000000000}  	Accesses:		Read from process memory  				Query process information  				Undefined Access (no effect) Bit 12  				  	Access Reasons:		-  	Access Mask:		0x1410  	Privileges Used for Access Check:	-  	Restricted SID Count:	0
2021-05-05T23:38:10.562790+02:00 suricata pcap <14>May  5 23:35:56 win10 Microsoft-Windows-Security-Auditing[4]: An attempt was made to access an object.    Subject:  	Security ID:		S-1-5-18  	Account Name:		WIN10$  	Account Domain:		WORKGROUP  	Logon ID:		0x3E7    Object:  	Object Server:		Security  	Object Type:		Process  	Object NaBì`Ûé2021-05-05T23:38:10.562803+02:00 suricata pcap Bì`Xê2021-05-05T23:38:10.562822+02:00 suricata pcap Bì`Gè2021-05-05T23:38:10.562860+02:00 suricata pcap <14>May  5 23:35:56 win10 Microsoft-Windows-Security-Auditing[4]: A handle to an object was requested.    Subject:  	Security ID:		S-1-5-18  	Account Name:		WIN10$  	Account Domain:		WORKGROUP  	Logon ID:		0x3E7    Object:  	Object Server:		Security  	Object Type:		Process  	Object Name:		\Device\HarddiskVolume2\Windows\System32\lsass.exe  	Handle ID:		0x420  	Resource Attributes:	-    Process Information:  	Process ID:		0xd84  	Process Name:		C:\Windows\System32\wbem\WmiPrvSE.exe    Access Request Information:  	Transaction ID:		{00000000-0000-0000-0000-000000000000}  	Accesses:		Read from process memory  				Query process information  				Undefined Access (no effect) Bit 12  				  	Access Reasons:		-  	Access Mask:		0x1410  	Privileges Used for Access Check:	-  	Restricted SID Count:	0
2021-05-05T23:38:10.563123+02:00 suricata pcap <14>May  5 23:35:56 win10 Microsoft-Windows-Security-Auditing[4]: An attempt was made to access an object.    Subject:  	Security ID:		S-1-5-18  	Account Name:		WIN10$  	Account Domain:		WORKGROUP  	Logon ID:		0x3E7    Object:  	Object Server:		Security  	Object Type:		Process  	Object NaBì`îê2021-05-05T23:38:10.563148+02:00 suricata pcap Bì`6ë2021-05-05T23:38:10.563162+02:00 suricata pcap <14>May  5 23:35:56 win10 Microsoft-Windows-Security-Auditing[4]: The handle to an object was closed.    Subject :  	Security ID:		S-1-5-18  	Account Name:		WIN10$  	Account Domain:		WORKGROUP  	Logon ID:		0x3E7    Object:  	Object Server:		Security  	Handle ID:		0x2c94    Process Information:  	Process ID:		0xd84  	Process Name:		C:\Windows\System32\wbem\WmiPrvSE.exe
2021-05-05T23:38:10.563188+02:00 suricata pcap Bì`·í2021-05-05T23:38:10.563206+02:00 suricata pcap <14>May  5 23:35:56 win10 Microsoft-Windows-Security-Auditing[4]: An attempt was made to access an object.    Subject:  	Security ID:		S-1-5-18  	Account Name:		WIN10$  	Account Domain:		WORKGROUP  	Logon ID:		0x3E7    Object:  	Object Server:		Security  	Object Type:		Process  	Object Name:		\Device\HarddiskVolume2\Windows\System32\lsass.exe  	Handle ID:		0x40c  	Resource Attributes:	-    Process Information:  	Process ID:		0xd84  	Process Name:		C:\Windows\System32\wbem\WmiPrvSE.exe    Access Request Information:  	Accesses:		Read from process memory  				  	Access Mask:		0x10
2021-05-05T23:38:10.563222+02:00 suricata pcap Bì`,ñ2021-05-05T23:38:10.563237+02:00 suricata pcap Bì`Cê2021-05-05T23:38:10.563981+02:00 suricata pcap Bì`πê2021-05-05T23:38:10.564036+02:00 suricata pcap Bì`‹ê2021-05-05T23:38:10.564049+02:00 suricata pcap <14>May  5 23:35:56 win10 Microsoft-Windows-Security-Auditing[4]: The handle to an object was closed.    Subject :  	Security ID:		S-1-5-18  	Account Name:		WIN10$  	Account Domain:		WORKGROUP  	Logon ID:		0x3E7    Object:  	Object Server:		Security  	Handle ID:		0x2c94    Process Information:  	Process ID:		0xd84  	Process Name:		C:\Windows\System32\wbem\WmiPrvSE.exe
2021-05-05T23:38:10.564064+02:00 suricata pcap Bì`*ô2021-05-05T23:38:10.564077+02:00 suricata pcap <14>May  5 23:35:56 win10 Microsoft-Windows-Security-Auditing[4]: An attempt was made to duplicate a handle to an object.    Subject:  	Security ID:		S-1-5-18  	Account Name:		WIN10$  	Account Domain:		WORKGROUP  	Logon ID:		0x3E7    Source Handle Information:  	Source Handle ID:	0x420  	Source Process ID:	0xd84    New Handle Information:  	Target Handle ID:	0xab0  	Target Process ID:	0x4
2021-05-05T23:38:10.564089+02:00 suricata pcap <14>May  5 23:35:56 win10 Microsoft-Windows-Security-Auditing[4]: The handle to an object was closed.    Subject :  	Security ID:		S-1-5-18  	Account Name:		WIN10$  	Account Domain:		WORKGROUP  	Logon ID:		0x3E7    Object:  	Object Server:		Security  	Handle ID:		0xab0    Process Information:  	Process ID:		0xd84  	Process Name:		C:\Windows\System32\wbem\WmiPrvSE.exe
2021-05-05T23:38:10.564104+02:00 suricata pcap Bì`Ní2021-05-05T23:38:10.564117+02:00 suricata pcap <14>May  5 23:35:56 win10 Microsoft-Windows-Security-Auditing[4]: The handle to an object was closed.    Subject :  	Security ID:		S-1-5-18  	Account Name:		WIN10$  	Account Domain:		WORKGROUP  	Logon ID:		0x3E7    Object:  	Object Server:		Security  	Handle ID:		0x2c94    Process Information:  	Process ID:		0xd84  	Process Name:		C:\Windows\System32\wbem\WmiPrvSE.exe
2021-05-05T23:38:10.564531+02:00 suricata pcap Bì`ëô2021-05-05T23:38:10.564560+02:00 suricata pcap <14>May  5 23:35:56 win10 Microsoft-Windows-Security-Auditing[4]: An attempt was made to access an object.    Subject:  	Security ID:		S-1-5-18  	Account Name:		WIN10$  	Account Domain:		WORKGROUP  	Logon ID:		0x3E7    Object:  	Object Server:		Security  	Object Type:		Process  	Object Name:		\Device\HarddiskVolume2\Windows\System32\lsass.exe  	Handle ID:		0x40c  	Resource Attributes:	-    Process Information:  	Process ID:		0xd84  	Process Name:		C:\Windows\System32\wbem\WmiPrvSE.exe    Access Request Information:  	Accesses:		Read from process memory  				  	Access Mask:		0x10
2021-05-05T23:38:10.564583+02:00 suricata pcap Bì`Ñï2021-05-05T23:38:10.564601+02:00 suricata pcap <14>May  5 23:35:56 win10 Microsoft-Windows-Security-Auditing[4]: An attempt was made to access an object.    Subject:  	Security ID:		S-1-5-18  	Account Name:		WIN10$  	Account Domain:		WORKGROUP  	Logon ID:		0x3E7    Object:  	Object Server:		Security  	Object Type:		Process  	Object Name:		\Device\HarddiskVolume2\Windows\System32\lsass.exe  	Handle ID:		0x40c  	Resource Attributes:	-    Process Information:  	Process ID:		0xd84  	Process Name:		C:\Windows\System32\wbem\WmiPrvSE.exe    Access Request Information:  	Accesses:		Read from process memory  				  	Access Mask:		0x10
2021-05-05T23:38:10.564623+02:00 suricata pcap Bì`Ùõ2021-05-05T23:38:10.564640+02:00 suricata pcap <14>May  5 23:35:56 win10 Microsoft-Windows-Security-Auditing[4]: An attempt was made to access an object.    Subject:  	Security ID:		S-1-5-18  	Account Name:		WIN10$  	Account Domain:		WORKGROUP  	Logon ID:		0x3E7    Object:  	Object Server:		Security  	Object Type:		Process  	Object Name:		\Device\HarddiskVolume2\Windows\System32\lsass.exe  	Handle ID:		0x420  	Resource Attributes:	-    Process Information:  	Process ID:		0xd84  	Process Name:		C:\Windows\System32\wbem\WmiPrvSE.exe    Access Request Information:  	Accesses:		Read from process memory  				  	Access Mask:		0x10
2021-05-05T23:38:10.565633+02:00 suricata pcap <14>May  5 23:35:56 win10 Microsoft-Windows-Security-Auditing[4]: The hanBì`íñ2021-05-05T23:38:10.565671+02:00 suricata pcap Bì`bó2021-05-05T23:38:10.565685+02:00 suricata pcap <14>May  5 23:35:56 win10 Microsoft-Windows-Security-Auditing[4]: An attempt was made to duplicate a handle to an object.    Subject:  	Security ID:		S-1-5-18  	Account Name:		WIN10$  	Account Domain:		WORKGROUP  	Logon ID:		0x3E7    Source Handle Information:  	Source Handle ID:	0x420  	Source Process ID:	0xd84    New Handle Information:  	Target Handle ID:	0xab0  	Target Process ID:	0x4
2021-05-05T23:38:10.565696+02:00 suricata pcap <14>May  5 23:35:56 win10 Microsoft-Windows-Security-Auditing[4]: The handle to an object was closed.    Subject :  	Security ID:		S-1-5-18  	Account Name:		WIN10$  	Account Domain:		WORKGROUP  	Logon ID:		0x3E7    Object:  	Object Server:		Security  	Handle ID:		0xab0    Process Information:  	Process ID:		0xd84  	Process Name:		C:\Windows\System32\wbem\WmiPrvSE.exe
