2021-05-05T23:08:11.913008+02:00 suricata pcap <14>May  5 23:05:58 win10 Microsoft-Windows-Security-Auditing[4]: A handle to an object was requested.    Subject:  	Security ID:		S-1-5-18  	Account Name:		WIN10$  	Account Domain:		WORKGROUP  	Logon ID:		0x3E7    Object:  	Object Server:		Security  	Object Type:		Process  	Object Name:		\Device\HarddiskVolume2\Windows\S;	ì`-Ï2021-05-05T23:08:11.913030+02:00 suricata pcap ;	ì`oÏ2021-05-05T23:08:11.913041+02:00 suricata pcap <14>May  5 23:05:58 win10 Microsoft-Windows-Security-Auditing[4]: The handle to an object was closed.    Subject :  	Security ID:		S-1-5-18  	Account Name:		WIN10$  	Account Domain:		WORKGROUP  	Logon ID:		0x3E7    Object:  	Object Server:		Security  	Handle ID:		0x460    Process Information:  	Process ID:		0xd84  	Process Name:		C:\Windows\System32\wbem\WmiPrvSE.exe
2021-05-05T23:08:11.913829+02:00 suricata pcap ;	ì`∆Ì2021-05-05T23:08:11.913840+02:00 suricata pcap <14>May  5 23:05:58 win10 Microsoft-Windows-Security-Auditing[4]: The handle to an object was closed.    Subject :  	Security ID:		S-1-5-18  	Account Name:		WIN10$  	Account Domain:		WORKGROUP  	Logon ID:		0x3E7    Object:  	Object Server:		Security  	Handle ID:		0x460    Process Information:  	Process ID:		0xd84  	Process Name:		C:\Windows\System32\wbem\WmiPrvSE.exe
2021-05-05T23:08:11.913852+02:00 suricata pcap ;	ì`˙Ì2021-05-05T23:08:11.913860+02:00 suricata pcap <14>May  5 23:05:58 win10 Microsoft-Windows-Security-Auditing[4]: The handle to an object was closed.    Subject :  	Security ID:		S-1-5-18  	Account Name:		WIN10$  	Account Domain:		WORKGROUP  	Logon ID:		0x3E7    Object:  	Object Server:		Security  	Handle ID:		0x460    Process Information:  	Process ID:		0xd84  	Process Name:		C:\Windows\System32\wbem\WmiPrvSE.exe
2021-05-05T23:08:11.913869+02:00 suricata pcap ;	ì`!Ò2021-05-05T23:08:11.913876+02:00 suricata pcap <14>May  5 23:05:58 win10 Microsoft-Windows-Security-Auditing[4]: The handle to an object was closed.    Subject :  	Security ID:		S-1-5-18  	Account Name:		WIN10$  	Account Domain:		WORKGROUP  	Logon ID:		0x3E7    Object:  	Object Server:		Security  	Handle ID:		0x36a8    Process Information:  	Process ID:		0xd84  	Process Name:		C:\Windows\System32\wbem\WmiPrvSE.exe
2021-05-05T23:08:11.913892+02:00 suricata pcap <14>May  5 23:05:58 win10 Microsoft-Windows-Security-Auditing[4]: A handle to an object was requested.    Subject:  	Security ID:		S-1-5-18  	Account Name:		WIN10$  	Account Domain:		WORKGROUP  	Logon ID:		0x3E7    Object:  	Object Server:		Security  	Object Type:		Process  	Object Name:		\Device\HarddiskVolume2\Windows\System32\lsass.exe  	Handle ID:		0x474  	Resource Attributes:	-    Process Information:  	Process ID:		0xd84  	Process Name:		C:\Windows\System32\wbem\WmiPrvSE.exe    Access Request Information:  	Transaction ID:		{00000000-0000-0000-0000-000000000000}  	Accesses:		Read from process memory  				Query process information  				Undefined Access (no effect) Bit 12  				  	A;	ì`<Ò2021-05-05T23:08:11.914442+02:00 suricata pcap ;	ì`XÒ2021-05-05T23:08:11.914453+02:00 suricata pcap <14>May  5 23:05:58 win10 Microsoft-Windows-Security-Auditing[4]: The handle to an object was closed.    Subject :  	Security ID:		S-1-5-18  	Account Name:		WIN10$  	Account Domain:		WORKGROUP  	Logon ID:		0x3E7    Object:  	Object Server:		Security  	Handle ID:		0x36a8    Process Information:  	Process ID:		0xd84  	Process Name:		C:\Windows\System32\wbem\WmiPrvSE.exe
2021-05-05T23:08:11.914474+02:00 suricata pcap <14>May  5 23:05:58 win10 Microsoft-Windows-Security-Auditing[4]: A handle to an object was requested.    Subject:  	Security ID:		S-1-5-18  	Account Name:		WIN10$  	Account Domain:		WORKGROUP  	Logon ID:		0x3E7    Object:  	Object Server:		Security  	Object Type:		Process  	Object Name:		\Device\HarddiskVolume2\Windows\System32\lsass.exe  	Handle ID:		0x474  	Resource Attributes:	-    Process Information:  	Process ID:		0xd84  	Process Name:		C:\Windows\System32\wbem\WmiPrvSE.exe    Access Request Information:  	Transaction ID:		{00000000-0000-0000-0000-000000000000}  	Accesses:		Read from process memory  				Query process information  				Undefined Access (no effect) Bit 12  				  	A;	ì`úÒ2021-05-05T23:08:11.914482+02:00 suricata pcap <14>May  5 23:05:58 win10 Microsoft-Windows-Security-Auditing[4]: The handle to an object was closed.    Subject :  	Security ID:		S-1-5-18  	Account Name:		WIN10$  	Account Domain:		WORKGROUP  	Logon ID:		0x3E7    Object:  	Object Server:		Security  	Handle ID:		0x36a8    Process Information:  	Process ID:		0xd84  	Process Name:		C:\Windows\System32\wbem\WmiPrvSE.exe
2021-05-05T23:08:11.914507+02:00 suricata pcap <14>May  5 23:05:58 win10 Microsoft-Windows-Security-Auditing[4]: A handle to an object was requested.    Subject:  	Security ID:		S-1-5-18  	Account Name:		WIN10$  	Account Domain:		WORKGROUP  	Logon ID:		0x3E7    Object:  	Object Server:		Security  	Object Type:		Process  	Object Name:		\Device\HarddiskVolume2\Windows\System32\lsass.exe  	Handle ID:		0x474  	Resource Attributes:	-    Process Information:  	Process ID:		0xd84  	Process Name:		C:\Windows\System32\wbem\WmiPrvSE.exe    Access Request Information:  	Transaction ID:		{00000000-0000-0000-0000-000000000000}  	Accesses:		Read from process memory  				Query process information  				Undefined Access (no effect) Bit 12  				  	A;	ì`RÛ2021-05-05T23:08:11.914515+02:00 suricata pcap <14>May  5 23:05:58 win10 Microsoft-Windows-Security-Auditing[4]: The handle to an object was closed.    Subject :  	Security ID:		S-1-5-18  	Account Name:		WIN10$  	Account Domain:		WORKGROUP  	Logon ID:		0x3E7    Object:  	Object Server:		Security  	Handle ID:		0x474    Process Information:  	Process ID:		0xd84  	Process Name:		C:\Windows\System32\wbem\WmiPrvSE.exe
2021-05-05T23:08:11.914669+02:00 suricata pcap <14>May  5 23:05:59 win10 Microsoft-Windows-Security-Auditing[4]: An attempt was made to duplicate a handle to an object.    Subject:  	Security ID:		S-1-5-18  	Account Name:		WIN10$  	Account Domain:		WORKGROUP  	Logon ID:		0x3E7    Source Handle Information:  	Source Handle ID:	0x554  	Source Process ID:	0xd84    New Handle Information:  	Target Handle ID:	0x1c68  	Target Process ID:	0x4
2021-05-05T23:08:11.914679+02:00 suricata pcap <14>May  5 23:05:59 win10 Microsoft-Windows-Security-Auditing[4]: The handle to an object was closed.    Sub;	ì`”Û2021-05-05T23:08:11.914683+02:00 suricata pcap ;	ì`∞Û2021-05-05T23:08:11.914695+02:00 suricata pcap ;	ì`Ù2021-05-05T23:08:11.914703+02:00 suricata pcap <14>May  5 23:05:58 win10 Microsoft-Windows-Security-Auditing[4]: The handle to an object was closed.    Subject :  	Security ID:		S-1-5-18  	Account Name:		WIN10$  	Account Domain:		WORKGROUP  	Logon ID:		0x3E7    Object:  	Object Server:		Security  	Handle ID:		0x474    Process Information:  	Process ID:		0xd84  	Process Name:		C:\Windows\System32\wbem\WmiPrvSE.exe
2021-05-05T23:08:11.914712+02:00 suricata pcap <14>May  5 23:05:59 win10 Microsoft-Windows-Security-Auditing[4]: An attempt was made to duplicate a handle to an object.    Subject:  	Security ID:		S-1-5-18  	Account Name:		WIN10$  	Account Domain:		WORKGROUP  	Logon ID:		0x3E7    Source Handle Information:  	Source Handle ID:	0x554  	Source Process ID:	0xd84    New Handle Information:  	Target Handle ID:	0x1c68  	Target Process ID:	0x4
2021-05-05T23:08:11.914721+02:00 suricata pcap <14>May  5 23:05:59 win10 Microsoft-Windows-Security-Auditing[4]: The handle to an object was closed.    Sub;	ì`≥Û2021-05-05T23:08:11.914735+02:00 suricata pcap ;	ì`ΩÛ2021-05-05T23:08:11.914743+02:00 suricata pcap <14>May  5 23:05:58 win10 Microsoft-Windows-Security-Auditing[4]: The handle to an object was closed.    Subject :  	Security ID:		S-1-5-18  	Account Name:		WIN10$  	Account Domain:		WORKGROUP  	Logon ID:		0x3E7    Object:  	Object Server:		Security  	Handle ID:		0x474    Process Information:  	Process ID:		0xd84  	Process Name:		C:\Windows\System32\wbem\WmiPrvSE.exe
2021-05-05T23:08:11.914752+02:00 suricata pcap <14>May  5 23:05:59 win10 Microsoft-Windows-Security-Auditing[4]: An attempt was made to duplicate a handle to an object.    Subject:  	Security ID:		S-1-5-18  	Account Name:		WIN10$  	Account Domain:		WORKGROUP  	Logon ID:		0x3E7    Source Handle Information:  	Source Handle ID:	0x554  	Source Process ID:	0xd84    New Handle Information:  	Target Handle ID:	0x1c68  	Target Process ID:	0x4
2021-05-05T23:08:11.915450+02:00 suricata pcap <14>May  5 23:05:59 win10 Microsoft-Windows-Security-Auditing[4]: The handle to an object was closed.    Sub;	ì`⁄Û2021-05-05T23:08:11.915464+02:00 suricata pcap ;	ì`ˆ2021-05-05T23:08:11.915468+02:00 suricata pcap ;	ì`Kˆ2021-05-05T23:08:11.915473+02:00 suricata pcap ˝P˝¨Ñ2021-05-05T23:08:11.915476+02:00 suricata pcap ˝P˝¨Ñ2021-05-05T23:08:11.915479+02:00 suricata pcap ˝P˝¨Ñ2021-05-05T23:08:11.915493+02:00 suricata pcap ˝˝ØWqP £+2021-05-05T23:08:11.915504+02:00 suricata pcap <14>May  5 23:05:59 win10 Microsoft-Windows-Security-Auditing[4]: An attempt was made to access an object.    Subject:  	Security ID:		S-1-5-18  	Account Name:		WIN10$  	Account Domain:		WORKGROUP  	Logon ID:		0x3E7    Object:  	Object Server:		Security  	Object Type:		Process  	Object Name:		\Device\HarddiskVolume2\Windows\System32\lsass.exe  	Handle ID:		0x554  	Resource Attributes:	-    Process Information:  	Process ID:		0xd84  	Process Name:		C:\Windows\System32\wbem\WmiPrvSE.exe    Access Request Information:  	Accesses:		Read from process memory  				  	Access Mask:		0x10
2021-05-05T23:08:11.915507+02:00 suricata pcap ;	ì`j˜2021-05-05T23:08:11.915521+02:00 suricata pcap ˝˝ØWqP £+2021-05-05T23:08:11.915533+02:00 suricata pcap <14>May  5 23:05:59 win10 Microsoft-Windows-Security-Auditing[4]: An attempt was made to access an object.    Subject:  	Security ID:		S-1-5-18  	Account Name:		WIN10$  	Account Domain:		WORKGROUP  	Logon ID:		0x3E7    Object:  	Object Server:		Security  	Object Type:		Process  	Object Name:		\Device\HarddiskVolume2\Windows\System32\lsass.exe  	Handle ID:		0x554  	Resource Attributes:	-    Process Information:  	Process ID:		0xd84  	Process Name:		C:\Windows\System32\wbem\WmiPrvSE.exe    Access Request Information:  	Accesses:		Read from process memory  				  	Access Mask:		0x10
2021-05-05T23:08:11.915536+02:00 suricata pcap ;	ì`¶˜2021-05-05T23:08:12.915132+02:00 suricata pcap ˝˝ØWqP £+2021-05-05T23:08:12.915179+02:00 suricata pcap <14>May  5 23:05:59 win10 Microsoft-Windows-Security-Auditing[4]: An attempt was made to access an object.    Subject:  	Security ID:		S-1-5-18  	Account Name:		WIN10$  	Account Domain:		WORKGROUP  	Logon ID:		0x3E7    Object:  	Object Server:		Security  	Object Type:		Process  	Object Name:		\Device\HarddiskVolume2\Windows\System32\lsass.exe  	Handle ID:		0x554  	Resource Attributes:	-    Process Information:  	Process ID:		0xd84  	Process Name:		C:\Windows\System32\wbem\WmiPrvSE.exe    Access Request Information:  	Accesses:		Read from process memory  				  	Access Mask:		0x10
2021-05-05T23:08:12.915201+02:00 suricata pcap ;	ì`2021-05-05T23:08:12.915217+02:00 suricata pcap ;	ì`.2021-05-05T23:08:12.915232+02:00 suricata pcap ;	ì`k2021-05-05T23:08:12.915245+02:00 suricata pcap ;	ì`F#2021-05-05T23:08:12.915251+02:00 suricata pcap 2021-05-05T23:08:12.915256+02:00 suricata pcap ¿®ã2021-05-05T23:08:12.915263+02:00 suricata pcap 2021-05-05T23:08:12.915271+02:00 suricata pcap 2021-05-05T23:08:12.915283+02:00 suricata pcap 2021-05-05T23:08:12.916499+02:00 suricata pcap 2021-05-05T23:08:12.916536+02:00 suricata pcap <	ì`ˆ2021-05-05T23:08:12.916553+02:00 suricata pcap <	ì`'˜2021-05-05T23:08:12.916582+02:00 suricata pcap <	ì`ò˜2021-05-05T23:08:12.916618+02:00 suricata pcap <14>May  5 23:05:59 win10 Microsoft-Windows-Security-Auditing[4]: A handle to an object was requested.    Subject:  	Security ID:		S-1-5-18  	Account Name:		WIN10$  	Account Domain:		WORKGROUP  	Logon ID:		0x3E7    Object:  	Object Server:		Security  	Object Type:		Process  	Object Name:		\Device\HarddiskVolume2\Windows\System32\lsass.exe  	Handle ID:		0x684  	Resource Attributes:	-    Process Information:  	Process ID:		0xd84  	Process Name:		C:\Windows\System32\wbem\WmiPrvSE.exe    Access Request Information:  	Transaction ID:		{00000000-0000-0000-0000-000000000000}  	Accesses:		Read from process memory  				Query process information  				Undefined Access (no effect) Bit 12  				  	Access Reasons:		-  	Access Mask:		0x1410  	Privileges Used for Access Check:	-  	Restricted SID Count:	0
2021-05-05T23:08:12.916634+02:00 suricata pcap <	ì`¬˙2021-05-05T23:08:12.916656+02:00 suricata pcap <14>May  5 23:05:59 win10 Microsoft-Windows-Security-Auditing[4]: A handle to an object was requested.    Subject:  	Security ID:		S-1-5-18  	Account Name:		WIN10$  	Account Domain:		WORKGROUP  	Logon ID:		0x3E7    Object:  	Object Server:		Security  	Object Type:		Process  	Object Name:		\Device\HarddiskVolume2\Windows\System32\lsass.exe  	Handle ID:		0x684  	Resource Attributes:	-    Process Information:  	Process ID:		0xd84  	Process Name:		C:\Windows\System32\wbem\WmiPrvSE.exe    Access Request Information:  	Transaction ID:		{00000000-0000-0000-0000-000000000000}  	Accesses:		Read from process memory  				Query process information  				Undefined Access (no effect) Bit 12  				  	Access Reasons:		-  	Access Mask:		0x1410  	Privileges Used for Access Check:	-  	Restricted SID Count:	0
2021-05-05T23:08:12.917866+02:00 suricata pcap <	ì`-˚2021-05-05T23:08:12.917897+02:00 suricata pcap <14>May  5 23:05:59 win10 Microsoft-Windows-Security-Auditing[4]: A handle to an object was requested.    Subject:  	Security ID:		S-1-5-18  	Account Name:		WIN10$  	Account Domain:		WORKGROUP  	Logon ID:		0x3E7    Object:  	Object Server:		Security  	Object Type:		Process  	Object Name:		\Device\HarddiskVolume2\Windows\System32\lsass.exe  	Handle ID:		0x684  	Resource Attributes:	-    Process Information:  	Process ID:		0xd84  	Process Name:		C:\Windows\System32\wbem\WmiPrvSE.exe    Access Request Information:  	Transaction ID:		{00000000-0000-0000-0000-000000000000}  	Accesses:		Read from process memory  				Query process information  				Undefined Access (no effect) Bit 12  				  	Access Reasons:		-  	Access Mask:		0x1410  	Privileges Used for Access Check:	-  	Restricted SID Count:	0
2021-05-05T23:08:12.917921+02:00 suricata pcap <	ì`î˚2021-05-05T23:08:12.917940+02:00 suricata pcap <	ì`˛2021-05-05T23:08:12.917958+02:00 suricata pcap <	ì`Ü˛2021-05-05T23:08:12.917963+02:00 suricata pcap <	ì`≈˛2021-05-05T23:08:12.917968+02:00 suricata pcap ¿®åç¿®ê#Z¬˝ØWqÕDP˝ù=2021-05-05T23:08:12.917973+02:00 suricata pcap ¿®åç¿®ê#Z¬˝ØWqÕDP˝ù=2021-05-05T23:08:12.917991+02:00 suricata pcap ¿®åç¿®ê#Z¬˝ØWqÕDP˝ù=2021-05-05T23:08:12.919878+02:00 suricata pcap <	ì`2021-05-05T23:08:12.919908+02:00 suricata pcap <	ì`t2021-05-05T23:08:12.919927+02:00 suricata pcap <	ì`≥2021-05-05T23:08:12.919942+02:00 suricata pcap <	ì`î2021-05-05T23:08:12.919957+02:00 suricata pcap <	ì`2021-05-05T23:08:12.919976+02:00 suricata pcap <	ì`=2021-05-05T23:08:12.920064+02:00 suricata pcap <	ì`<2021-05-05T23:08:12.920100+02:00 suricata pcap <	ì`∞2021-05-05T23:08:12.920727+02:00 suricata pcap <	ì`ﬁ2021-05-05T23:08:12.920757+02:00 suricata pcap <	ì`	2021-05-05T23:08:12.920780+02:00 suricata pcap <	ì`{	2021-05-05T23:08:12.920787+02:00 suricata pcap <	ì`•	2021-05-05T23:08:12.920792+02:00 suricata pcap 2021-05-05T23:08:12.920811+02:00 suricata pcap 2021-05-05T23:08:12.920830+02:00 suricata pcap <	ì`ú2021-05-05T23:08:12.923122+02:00 suricata pcap <	ì`¯2021-05-05T23:08:12.923151+02:00 suricata pcap <	ì`<2021-05-05T23:08:12.923165+02:00 suricata pcap <	ì`˝2021-05-05T23:08:12.923179+02:00 suricata pcap <	ì`Z2021-05-05T23:08:12.923198+02:00 suricata pcap <	ì`ê2021-05-05T23:08:12.923211+02:00 suricata pcap <14>May  5 23:05:59 win10 Microsoft-Windows-Security-Auditing[4]: The handle to an object was closed.    Subject :  	Security ID:		S-1-5-18  	Account Name:		WIN10$  	Account Domain:		WORKGROUP  	Logon ID:		0x3E7    Object:  	Object Server:		Security  	Handle ID:		0x36a8    Process Information:  	Process ID:		0xd84  	Process Name:		C:\Windows\System32\wbem\WmiPrvSE.exe
2021-05-05T23:08:12.923226+02:00 suricata pcap <	ì`∑2021-05-05T23:08:12.923238+02:00 suricata pcap <14>May  5 23:05:59 win10 Microsoft-Windows-Security-Auditing[4]: The handle to an object was closed.    Subject :  	Security ID:		S-1-5-18  	Account Name:		WIN10$  	Account Domain:		WORKGROUP  	Logon ID:		0x3E7    Object:  	Object Server:		Security  	Handle ID:		0x36a8    Process Information:  	Process ID:		0xd84  	Process Name:		C:\Windows\System32\wbem\WmiPrvSE.exe
2021-05-05T23:08:12.924114+02:00 suricata pcap <	ì`C2021-05-05T23:08:12.924131+02:00 suricata pcap <14>May  5 23:05:59 win10 Microsoft-Windows-Security-Auditing[4]: The handle to an object was closed.    Subject :  	Security ID:		S-1-5-18  	Account Name:		WIN10$  	Account Domain:		WORKGROUP  	Logon ID:		0x3E7    Object:  	Object Server:		Security  	Handle ID:		0x36a8    Process Information:  	Process ID:		0xd84  	Process Name:		C:\Windows\System32\wbem\WmiPrvSE.exe
2021-05-05T23:08:12.924162+02:00 suricata pcap <	ì`o2021-05-05T23:08:12.924185+02:00 suricata pcap <	ì`T2021-05-05T23:08:12.924209+02:00 suricata pcap <	ì`æ2021-05-05T23:08:12.925356+02:00 suricata pcap <	ì`2021-05-05T23:08:12.925383+02:00 suricata pcap <	ì`¬2021-05-05T23:08:12.925402+02:00 suricata pcap <	ì`#2021-05-05T23:08:12.925420+02:00 suricata pcap <	ì`^2021-05-05T23:08:12.925435+02:00 suricata pcap <	ì`-2021-05-05T23:08:12.925449+02:00 suricata pcap <	ì`á2021-05-05T23:08:12.925467+02:00 suricata pcap <	ì`¨2021-05-05T23:08:12.926412+02:00 suricata pcap <	ì`J2021-05-05T23:08:12.926433+02:00 suricata pcap <	ì`ä2021-05-05T23:08:12.926451+02:00 suricata pcap <	ì`£2021-05-05T23:08:12.926465+02:00 suricata pcap <	ì`j 2021-05-05T23:08:12.926479+02:00 suricata pcap <	ì`Ø 2021-05-05T23:08:12.926509+02:00 suricata pcap <	ì`≈ 2021-05-05T23:08:12.927317+02:00 suricata pcap <	ì`v"2021-05-05T23:08:12.927345+02:00 suricata pcap <	ì`Ω"2021-05-05T23:08:12.927369+02:00 suricata pcap <	ì`Ô"2021-05-05T23:08:12.927381+02:00 suricata pcap <14>May  5 23:05:59 win10 Microsoft-Windows-Security-Auditing[4]: The handle to an object was closed.    Subject :  	Security ID:		S-1-5-18  	Account Name:		WIN10$  	Account Domain:		WORKGROUP  	Logon ID:		0x3E7    Object:  	Object Server:		Security  	Handle ID:		0x5d8    Process Information:  	Process ID:		0xd84  	Process Name:		C:\Windows\System32\wbem\WmiPrvSE.exe
2021-05-05T23:08:12.927399+02:00 suricata pcap <	ì`Ì$2021-05-05T23:08:12.927411+02:00 suricata pcap <14>May  5 23:05:59 win10 Microsoft-Windows-Security-Auditing[4]: The handle to an object was closed.    Subject :  	Security ID:		S-1-5-18  	Account Name:		WIN10$  	Account Domain:		WORKGROUP  	Logon ID:		0x3E7    Object:  	Object Server:		Security  	Handle ID:		0x5d8    Process Information:  	Process ID:		0xd84  	Process Name:		C:\Windows\System32\wbem\WmiPrvSE.exe
2021-05-05T23:08:12.927430+02:00 suricata pcap <	ì`;%2021-05-05T23:08:12.927947+02:00 suricata pcap <14>May  5 23:05:59 win10 Microsoft-Windows-Security-Auditing[4]: The handle to an object was closed.    Subject :  	Security ID:		S-1-5-18  	Account Name:		WIN10$  	Account Domain:		WORKGROUP  	Logon ID:		0x3E7    Object:  	Object Server:		Security  	Handle ID:		0x5d8    Process Information:  	Process ID:		0xd84  	Process Name:		C:\Windows\System32\wbem\WmiPrvSE.exe
2021-05-05T23:08:12.928093+02:00 suricata pcap <	ì`'2021-05-05T23:08:12.928125+02:00 suricata pcap <14>May  5 23:05:59 win10 Microsoft-Windows-Security-Auditing[4]: The handle to an object was closed.    Subject :  	Security ID:		S-1-5-18  	Account Name:		WIN10$  	Account Domain:		WORKGROUP  	Logon ID:		0x3E7    Object:  	Object Server:		Security  	Handle ID:		0x2418    Process Information:  	Process ID:		0xd84  	Process Name:		C:\Windows\System32\wbem\WmiPrvSE.exe
2021-05-05T23:08:12.928150+02:00 suricata pcap <14>May  5 23:05:59 win10 Microsoft-Windows-Security-Auditing[4]: A handle to an object was requested.    Subject:  	Security ID:		S-1-5-18  	Account Name:		WIN10$  	Account Domain:		WORKGROUP  	Logon ID:		0x3E7    Object:  	Object Server:		Security  	Object Type:		Process  	Object Name:		\Device\HarddiskVolume2\Windows\System32\lsass.exe  	Handle ID:		0x5d8  	Resource Attributes:	-    Process Information:  	Process ID:		0xd84  	Process Name:		C:\Windows\System32\wbem\WmiPrvSE.exe    Access Request Information:  	Transaction ID:		{00000000-0000-0000-0000-000000000000}  	Accesses:		Read from process memory  				Query process information  				Undefined Access (no effect) Bit 12  				  	A<	ì`'2021-05-05T23:08:12.928166+02:00 suricata pcap <	ì`}'2021-05-05T23:08:12.928178+02:00 suricata pcap <14>May  5 23:05:59 win10 Microsoft-Windows-Security-Auditing[4]: The handle to an object was closed.    Subject :  	Security ID:		S-1-5-18  	Account Name:		WIN10$  	Account Domain:		WORKGROUP  	Logon ID:		0x3E7    Object:  	Object Server:		Security  	Handle ID:		0x2418    Process Information:  	Process ID:		0xd84  	Process Name:		C:\Windows\System32\wbem\WmiPrvSE.exe
2021-05-05T23:08:12.928205+02:00 suricata pcap <14>May  5 23:05:59 win10 Microsoft-Windows-Security-Auditing[4]: A handle to an object was requested.    Subject:  	Security ID:		S-1-5-18  	Account Name:		WIN10$  	Account Domain:		WORKGROUP  	Logon ID:		0x3E7    Object:  	Object Server:		Security  	Object Type:		Process  	Object Name:		\Device\HarddiskVolume2\Windows\System32\lsass.exe  	Handle ID:		0x5d8  	Resource Attributes:	-    Process Information:  	Process ID:		0xd84  	Process Name:		C:\Windows\System32\wbem\WmiPrvSE.exe    Access Request Information:  	Transaction ID:		{00000000-0000-0000-0000-000000000000}  	Accesses:		Read from process memory  				Query process information  				Undefined Access (no effect) Bit 12  				  	A<	ì`ñ'2021-05-05T23:08:12.928759+02:00 suricata pcap <	ì`(2021-05-05T23:08:12.928777+02:00 suricata pcap <14>May  5 23:05:59 win10 Microsoft-Windows-Security-Auditing[4]: The handle to an object was closed.    Subject :  	Security ID:		S-1-5-18  	Account Name:		WIN10$  	Account Domain:		WORKGROUP  	Logon ID:		0x3E7    Object:  	Object Server:		Security  	Handle ID:		0x2418    Process Information:  	Process ID:		0xd84  	Process Name:		C:\Windows\System32\wbem\WmiPrvSE.exe
2021-05-05T23:08:12.928804+02:00 suricata pcap <14>May  5 23:05:59 win10 Microsoft-Windows-Security-Auditing[4]: A handle to an object was requested.    Subject:  	Security ID:		S-1-5-18  	Account Name:		WIN10$  	Account Domain:		WORKGROUP  	Logon ID:		0x3E7    Object:  	Object Server:		Security  	Object Type:		Process  	Object Name:		\Device\HarddiskVolume2\Windows\System32\lsass.exe  	Handle ID:		0x5d8  	Resource Attributes:	-    Process Information:  	Process ID:		0xd84  	Process Name:		C:\Windows\System32\wbem\WmiPrvSE.exe    Access Request Information:  	Transaction ID:		{00000000-0000-0000-0000-000000000000}  	Accesses:		Read from process memory  				Query process information  				Undefined Access (no effect) Bit 12  				  	A<	ì`d(2021-05-05T23:08:12.928833+02:00 suricata pcap <	ì`Ø(2021-05-05T23:08:12.928846+02:00 suricata pcap <14>May  5 23:05:59 win10 Microsoft-Windows-Security-Auditing[4]: The handle to an object was closed.    Subject :  	Security ID:		S-1-5-18  	Account Name:		WIN10$  	Account Domain:		WORKGROUP  	Logon ID:		0x3E7    Object:  	Object Server:		Security  	Handle ID:		0x5d8    Process Information:  	Process ID:		0xd84  	Process Name:		C:\Windows\System32\wbem\WmiPrvSE.exe
2021-05-05T23:08:12.928865+02:00 suricata pcap <	ì`Î)2021-05-05T23:08:12.928878+02:00 suricata pcap <14>May  5 23:05:59 win10 Microsoft-Windows-Security-Auditing[4]: The handle to an object was closed.    Subject :  	Security ID:		S-1-5-18  	Account Name:		WIN10$  	Account Domain:		WORKGROUP  	Logon ID:		0x3E7    Object:  	Object Server:		Security  	Handle ID:		0x5d8    Process Information:  	Process ID:		0xd84  	Process Name:		C:\Windows\System32\wbem\WmiPrvSE.exe
2021-05-05T23:08:12.929536+02:00 suricata pcap <	ì`n*2021-05-05T23:08:12.929555+02:00 suricata pcap <14>May  5 23:05:59 win10 Microsoft-Windows-Security-Auditing[4]: The handle to an object was closed.    Subject :  	Security ID:		S-1-5-18  	Account Name:		WIN10$  	Account Domain:		WORKGROUP  	Logon ID:		0x3E7    Object:  	Object Server:		Security  	Handle ID:		0x5d8    Process Information:  	Process ID:		0xd84  	Process Name:		C:\Windows\System32\wbem\WmiPrvSE.exe
2021-05-05T23:08:12.929569+02:00 suricata pcap <	ì`—-2021-05-05T23:08:12.929580+02:00 suricata pcap <14>May  5 23:05:59 win10 Microsoft-Windows-Security-Auditing[4]: The handle to an object was closed.    Subject :  	Security ID:		S-1-5-18  	Account Name:		WIN10$  	Account Domain:		WORKGROUP  	Logon ID:		0x3E7    Object:  	Object Server:		Security  	Handle ID:		0x1c68    Process Information:  	Process ID:		0xd84  	Process Name:		C:\Windows\System32\wbem\WmiPrvSE.exe
2021-05-05T23:08:12.929603+02:00 suricata pcap <14>May  5 23:05:59 win10 Microsoft-Windows-Security-Auditing[4]: A handle to an object was requested.    Subject:  	Security ID:		S-1-5-18  	Account Name:		WIN10$  	Account Domain:		WORKGROUP  	Logon ID:		0x3E7    Object:  	Object Server:		Security  	Object Type:		Process  	Object Name:		\Device\HarddiskVolume2\Windows\System32\lsass.exe  	Handle ID:		0x5d8  	Resource Attributes:	-    Process Information:  	Process ID:		0xd84  	Process Name:		C:\Windows\System32\wbem\WmiPrvSE.exe    Access Request Information:  	Transaction ID:		{00000000-0000-0000-0000-000000000000}  	Accesses:		Read from process memory  				Query process information  				Undefined Access (no effect) Bit 12  				  	A<	ì`·-2021-05-05T23:08:12.929633+02:00 suricata pcap <	ì`c.2021-05-05T23:08:12.929660+02:00 suricata pcap <14>May  5 23:05:59 win10 Microsoft-Windows-Security-Auditing[4]: The handle to an object was closed.    Subject :  	Security ID:		S-1-5-18  	Account Name:		WIN10$  	Account Domain:		WORKGROUP  	Logon ID:		0x3E7    Object:  	Object Server:		Security  	Handle ID:		0x1c68    Process Information:  	Process ID:		0xd84  	Process Name:		C:\Windows\System32\wbem\WmiPrvSE.exe
2021-05-05T23:08:12.930196+02:00 suricata pcap <14>May  5 23:05:59 win10 Microsoft-Windows-Security-Auditing[4]: A handle to an object was requested.    Subject:  	Security ID:		S-1-5-18  	Account Name:		WIN10$  	Account Domain:		WORKGROUP  	Logon ID:		0x3E7    Object:  	Object Server:		Security  	Object Type:		Process  	Object Name:		\Device\HarddiskVolume2\Windows\System32\lsass.exe  	Handle ID:		0x5d8  	Resource Attributes:	-    Process Information:  	Process ID:		0xd84  	Process Name:		C:\Windows\System32\wbem\WmiPrvSE.exe    Access Request Information:  	Transaction ID:		{00000000-0000-0000-0000-000000000000}  	Accesses:		Read from process memory  				Query process information  				Undefined Access (no effect) Bit 12  				  	A<	ì`z.2021-05-05T23:08:12.930219+02:00 suricata pcap <	ì`æ.2021-05-05T23:08:12.930231+02:00 suricata pcap <14>May  5 23:05:59 win10 Microsoft-Windows-Security-Auditing[4]: The handle to an object was closed.    Subject :  	Security ID:		S-1-5-18  	Account Name:		WIN10$  	Account Domain:		WORKGROUP  	Logon ID:		0x3E7    Object:  	Object Server:		Security  	Handle ID:		0x1c68    Process Information:  	Process ID:		0xd84  	Process Name:		C:\Windows\System32\wbem\WmiPrvSE.exe
2021-05-05T23:08:12.930253+02:00 suricata pcap <14>May  5 23:05:59 win10 Microsoft-Windows-Security-Auditing[4]: A handle to an object was requested.    Subject:  	Security ID:		S-1-5-18  	Account Name:		WIN10$  	Account Domain:		WORKGROUP  	Logon ID:		0x3E7    Object:  	Object Server:		Security  	Object Type:		Process  	Object Name:		\Device\HarddiskVolume2\Windows\System32\lsass.exe  	Handle ID:		0x5d8  	Resource Attributes:	-    Process Information:  	Process ID:		0xd84  	Process Name:		C:\Windows\System32\wbem\WmiPrvSE.exe    Access Request Information:  	Transaction ID:		{00000000-0000-0000-0000-000000000000}  	Accesses:		Read from process memory  				Query process information  				Undefined Access (no effect) Bit 12  				  	A<	ì`«.2021-05-05T23:08:12.930286+02:00 suricata pcap <	ì`0/2021-05-05T23:08:12.930312+02:00 suricata pcap <14>May  5 23:05:59 win10 Microsoft-Windows-Security-Auditing[4]: The handle to an object was closed.    Subject :  	Security ID:		S-1-5-18  	Account Name:		WIN10$  	Account Domain:		WORKGROUP  	Logon ID:		0x3E7    Object:  	Object Server:		Security  	Handle ID:		0x5d8    Process Information:  	Process ID:		0xd84  	Process Name:		C:\Windows\System32\wbem\WmiPrvSE.exe
2021-05-05T23:08:12.930359+02:00 suricata pcap <	ì`J02021-05-05T23:08:12.932452+02:00 suricata pcap <14>May  5 23:05:59 win10 Microsoft-Windows-Security-Auditing[4]: The handle to an object was closed.    Subject :  	Security ID:		S-1-5-18  	Account Name:		WIN10$  	Account Domain:		WORKGROUP  	Logon ID:		0x3E7    Object:  	Object Server:		Security  	Handle ID:		0x5d8    Process Information:  	Process ID:		0xd84  	Process Name:		C:\Windows\System32\wbem\WmiPrvSE.exe
2021-05-05T23:08:12.932486+02:00 suricata pcap <	ì`•02021-05-05T23:08:12.932497+02:00 suricata pcap <14>May  5 23:05:59 win10 Microsoft-Windows-Security-Auditing[4]: The handle to an object was closed.    Subject :  	Security ID:		S-1-5-18  	Account Name:		WIN10$  	Account Domain:		WORKGROUP  	Logon ID:		0x3E7    Object:  	Object Server:		Security  	Handle ID:		0x5d8    Process Information:  	Process ID:		0xd84  	Process Name:		C:\Windows\System32\wbem\WmiPrvSE.exe
2021-05-05T23:08:12.932513+02:00 suricata pcap <	ì`Õ02021-05-05T23:08:12.932531+02:00 suricata pcap <	ì`¿12021-05-05T23:08:12.932546+02:00 suricata pcap <	ì`k22021-05-05T23:08:12.932561+02:00 suricata pcap <	ì`∞92021-05-05T23:08:12.932825+02:00 suricata pcap <14>May  5 23:05:59 win10 Microsoft-Windows-Security-Auditing[4]: A handle to an object was requested.    Subject:  	Security ID:		S-1-5-18  	Account Name:		WIN10$  	Account Domain:		WORKGROUP  	Logon ID:		0x3E7    Object:  	Object Server:		Security  	Object Type:		Process  	Object Name:		\Device\HarddiskVolume2\Windows\System32\lsass.exe  	Handle ID:		0x5d8  	Resource Attributes:	-    Process Information:  	Process ID:		0xd84  	Process Name:		C:\Windows\System32\wbem\WmiPrvSE.exe    Access Request Information:  	Transaction ID:		{00000000-0000-0000-0000-000000000000}  	Accesses:		Read from process memory  				Query process information  				Undefined Access (no effect) Bit 12  				  	Access Reasons:		-  	Access Mask:		0x1410  	Privileges Used for Access Check:	-  	Restricted SID Count:	0
2021-05-05T23:08:12.932850+02:00 suricata pcap <14>May  5 23:05:59 win10 Microsoft-Windows-Security-Auditing[4]: An attempt was made to access an object.    Subject:  	Security ID:		S-1-5-18  	Account Name:		WIN10$  	Account Domain:		WORKGROUP  	Logon ID:		0x3E7    Object:  	Object Server:		Security  	Object Type:		Process  	Object N<	ì`∑92021-05-05T23:08:12.932863+02:00 suricata pcap <	ì`G:2021-05-05T23:08:12.932885+02:00 suricata pcap <14>May  5 23:05:59 win10 Microsoft-Windows-Security-Auditing[4]: A handle to an object was requested.    Subject:  	Security ID:		S-1-5-18  	Account Name:		WIN10$  	Account Domain:		WORKGROUP  	Logon ID:		0x3E7    Object:  	Object Server:		Security  	Object Type:		Process  	Object Name:		\Device\HarddiskVolume2\Windows\System32\lsass.exe  	Handle ID:		0x5d8  	Resource Attributes:	-    Process Information:  	Process ID:		0xd84  	Process Name:		C:\Windows\System32\wbem\WmiPrvSE.exe    Access Request Information:  	Transaction ID:		{00000000-0000-0000-0000-000000000000}  	Accesses:		Read from process memory  				Query process information  				Undefined Access (no effect) Bit 12  				  	Access Reasons:		-  	Access Mask:		0x1410  	Privileges Used for Access Check:	-  	Restricted SID Count:	0
2021-05-05T23:08:12.932923+02:00 suricata pcap <14>May  5 23:05:59 win10 Microsoft-Windows-Security-Auditing[4]: An attempt was made to access an object.    Subject:  	Security ID:		S-1-5-18  	Account Name:		WIN10$  	Account Domain:		WORKGROUP  	Logon ID:		0x3E7    Object:  	Object Server:		Security  	Object Type:		Process  	Object N<	ì`l:2021-05-05T23:08:12.932953+02:00 suricata pcap <	ì`¶:2021-05-05T23:08:12.932992+02:00 suricata pcap <14>May  5 23:05:59 win10 Microsoft-Windows-Security-Auditing[4]: A handle to an object was requested.    Subject:  	Security ID:		S-1-5-18  	Account Name:		WIN10$  	Account Domain:		WORKGROUP  	Logon ID:		0x3E7    Object:  	Object Server:		Security  	Object Type:		Process  	Object Name:		\Device\HarddiskVolume2\Windows\System32\lsass.exe  	Handle ID:		0x5d8  	Resource Attributes:	-    Process Information:  	Process ID:		0xd84  	Process Name:		C:\Windows\System32\wbem\WmiPrvSE.exe    Access Request Information:  	Transaction ID:		{00000000-0000-0000-0000-000000000000}  	Accesses:		Read from process memory  				Query process information  				Undefined Access (no effect) Bit 12  				  	Access Reasons:		-  	Access Mask:		0x1410  	Privileges Used for Access Check:	-  	Restricted SID Count:	0
2021-05-05T23:08:12.933474+02:00 suricata pcap <14>May  5 23:05:59 win10 Microsoft-Windows-Security-Auditing[4]: An attempt was made to access an object.    Subject:  	Security ID:		S-1-5-18  	Account Name:		WIN10$  	Account Domain:		WORKGROUP  	Logon ID:		0x3E7    Object:  	Object Server:		Security  	Object Type:		Process  	Object N<	ì`+;2021-05-05T23:08:12.933517+02:00 suricata pcap <	ì`ô;2021-05-05T23:08:12.933532+02:00 suricata pcap <14>May  5 23:05:59 win10 Microsoft-Windows-Security-Auditing[4]: An attempt was made to duplicate a handle to an object.    Subject:  	Security ID:		S-1-5-18  	Account Name:		WIN10$  	Account Domain:		WORKGROUP  	Logon ID:		0x3E7    Source Handle Information:  	Source Handle ID:	0x5d8  	Source Process ID:	0xd84    New Handle Information:  	Target Handle ID:	0x2418  	Target Process ID:	0x4
2021-05-05T23:08:12.933544+02:00 suricata pcap <14>May  5 23:05:59 win10 Microsoft-Windows-Security-Auditing[4]: The handle to an object was closed.    Subject :  	Security ID:		S-1-5-18  	Account Name:		WIN10$  	Account Domain:		WORKGROUP  	Logon ID:		0x3E7    Object:  	Object Server:		Security  	Handle ID:		0x2418    Process Information:  	Process ID:		0xd84  	Process Name:		C:\Windows\System32\wbem\WmiPrvSE.exe
2021-05-05T23:08:12.933559+02:00 suricata pcap <	ì`U=2021-05-05T23:08:12.933572+02:00 suricata pcap <14>May  5 23:05:59 win10 Microsoft-Windows-Security-Auditing[4]: An attempt was made to duplicate a handle to an object.    Subject:  	Security ID:		S-1-5-18  	Account Name:		WIN10$  	Account Domain:		WORKGROUP  	Logon ID:		0x3E7    Source Handle Information:  	Source Handle ID:	0x5d8  	Source Process ID:	0xd84    New Handle Information:  	Target Handle ID:	0x2418  	Target Process ID:	0x4
2021-05-05T23:08:12.933586+02:00 suricata pcap <14>May  5 23:05:59 win10 Microsoft-Windows-Security-Auditing[4]: The handle to an object was closed.    Subject :  	Security ID:		S-1-5-18  	Account Name:		WIN10$  	Account Domain:		WORKGROUP  	Logon ID:		0x3E7    Object:  	Object Server:		Security  	Handle ID:		0x2418    Process Information:  	Process ID:		0xd84  	Process Name:		C:\Windows\System32\wbem\WmiPrvSE.exe
2021-05-05T23:08:12.933601+02:00 suricata pcap <	ì`=2021-05-05T23:08:12.933614+02:00 suricata pcap <14>May  5 23:05:59 win10 Microsoft-Windows-Security-Auditing[4]: An attempt was made to duplicate a handle to an object.    Subject:  	Security ID:		S-1-5-18  	Account Name:		WIN10$  	Account Domain:		WORKGROUP  	Logon ID:		0x3E7    Source Handle Information:  	Source Handle ID:	0x5d8  	Source Process ID:	0xd84    New Handle Information:  	Target Handle ID:	0x2418  	Target Process ID:	0x4
2021-05-05T23:08:12.934153+02:00 suricata pcap <14>May  5 23:05:59 win10 Microsoft-Windows-Security-Auditing[4]: The handle to an object was closed.    Subject :  	Security ID:		S-1-5-18  	Account Name:		WIN10$  	Account Domain:		WORKGROUP  	Logon ID:		0x3E7    Object:  	Object Server:		Security  	Handle ID:		0x2418    Process Information:  	Process ID:		0xd84  	Process Name:		C:\Windows\System32\wbem\WmiPrvSE.exe
2021-05-05T23:08:12.934186+02:00 suricata pcap <	ì`‚=2021-05-05T23:08:12.934209+02:00 suricata pcap <	ì`B=2021-05-05T23:08:12.934233+02:00 suricata pcap <	ì`≠=2021-05-05T23:08:12.934294+02:00 suricata pcap <	ì`7?2021-05-05T23:08:12.934891+02:00 suricata pcap <14>May  5 23:05:59 win10 Microsoft-Windows-Security-Auditing[4]: The handle to an object was closed.    Subject :  	Security ID:		S-1-5-18  	Account Name:		WIN10$  	Account Domain:		WORKGROUP  	Logon ID:		0x3E7    Object:  	Object Server:		Security  	Handle ID:		0x5d8    Process Information:  	Process ID:		0xd84  	Process Name:		C:\Windows\System32\wbem\WmiPrvSE.exe
2021-05-05T23:08:12.934911+02:00 suricata pcap <14>May  5 23:05:59 win10 Microsoft-Windows-Security-Auditing[4]: An attempt was made to duplicate a handle to an object.    Subject:  	Security ID:		S-1-5-18  	Account Name:		WIN10$  	Account Domain:		WORKGROUP  	Logon ID:		0x3E7    Source Handle Information:  	Source Handle ID:	0x554  	Source Process ID:	0xd84    New Handle Information:  	Target Handle ID:	0x2418  	Target Process ID:	0x4
2021-05-05T23:08:12.934930+02:00 suricata pcap <	ì`A2021-05-05T23:08:12.934941+02:00 suricata pcap <14>May  5 23:05:59 win10 Microsoft-Windows-Security-Auditing[4]: The handle to an object was closed.    Subject :  	Security ID:		S-1-5-18  	Account Name:		WIN10$  	Account Domain:		WORKGROUP  	Logon ID:		0x3E7    Object:  	Object Server:		Security  	Handle ID:		0x5d8    Process Information:  	Process ID:		0xd84  	Process Name:		C:\Windows\System32\wbem\WmiPrvSE.exe
2021-05-05T23:08:12.934954+02:00 suricata pcap <14>May  5 23:05:59 win10 Microsoft-Windows-Security-Auditing[4]: An attempt was made to duplicate a handle to an object.    Subject:  	Security ID:		S-1-5-18  	Account Name:		WIN10$  	Account Domain:		WORKGROUP  	Logon ID:		0x3E7    Source Handle Information:  	Source Handle ID:	0x554  	Source Process ID:	0xd84    New Handle Information:  	Target Handle ID:	0x2418  	Target Process ID:	0x4
2021-05-05T23:08:12.934972+02:00 suricata pcap <	ì`XA2021-05-05T23:08:12.934984+02:00 suricata pcap <14>May  5 23:05:59 win10 Microsoft-Windows-Security-Auditing[4]: The handle to an object was closed.    Subject :  	Security ID:		S-1-5-18  	Account Name:		WIN10$  	Account Domain:		WORKGROUP  	Logon ID:		0x3E7    Object:  	Object Server:		Security  	Handle ID:		0x5d8    Process Information:  	Process ID:		0xd84  	Process Name:		C:\Windows\System32\wbem\WmiPrvSE.exe
2021-05-05T23:08:12.934997+02:00 suricata pcap <14>May  5 23:05:59 win10 Microsoft-Windows-Security-Auditing[4]: An attempt was made to duplicate a handle to an object.    Subject:  	Security ID:		S-1-5-18  	Account Name:		WIN10$  	Account Domain:		WORKGROUP  	Logon ID:		0x3E7    Source Handle Information:  	Source Handle ID:	0x554  	Source Process ID:	0xd84    New Handle Information:  	Target Handle ID:	0x2418  	Target Process ID:	0x4
2021-05-05T23:08:12.935017+02:00 suricata pcap <	ì`±A2021-05-05T23:08:12.935348+02:00 suricata pcap <14>May  5 23:05:59 win10 Microsoft-Windows-Security-Auditing[4]: A handle to an object was requested.    Subject:  	Security ID:		S-1-5-18  	Account Name:		WIN10$  	Account Domain:		WORKGROUP  	Logon ID:		0x3E7    Object:  	Object Server:		Security  	Object Type:		Process  	Object Name:		\Device\HarddiskVolume2\Windows\System32\lsass.exe  	Handle ID:		0x554  	Resource Attributes:	-    Process Information:  	Process ID:		0xd84  	Process Name:		C:\Windows\System32\wbem\WmiPrvSE.exe    Access Request Information:  	Transaction ID:		{00000000-0000-0000-0000-000000000000}  	Accesses:		Read from process memory  				Query process information  				Undefined Access (no effect) Bit 12  				  	Access Reasons:		-  	Access Mask:		0x1410  	Privileges Used for Access Check:	-  	Restricted SID Count:	0
2021-05-05T23:08:12.935368+02:00 suricata pcap <14>May  5 23:05:59 win10 Microsoft-Windows-Security-Auditing[4]: An attempt was made to access an object.    Subject:  	Security ID:		S-1-5-18  	Account Name:		WIN10$  	Account Domain:		WORKGROUP  	Logon ID:		0x3E7    Object:  	Object Server:		Security  	Object Type:		Process  	Object N<	ì`õC2021-05-05T23:08:12.935388+02:00 suricata pcap @2021-05-05T23:08:12.935409+02:00 suricata pcap <	ì`¯C2021-05-05T23:08:12.935432+02:00 suricata pcap <14>May  5 23:05:59 win10 Microsoft-Windows-Security-Auditing[4]: A handle to an object was requested.    Subject:  	Security ID:		S-1-5-18  	Account Name:		WIN10$  	Account Domain:		WORKGROUP  	Logon ID:		0x3E7    Object:  	Object Server:		Security  	Object Type:		Process  	Object Name:		\Device\HarddiskVolume2\Windows\System32\lsass.exe  	Handle ID:		0x554  	Resource Attributes:	-    Process Information:  	Process ID:		0xd84  	Process Name:		C:\Windows\System32\wbem\WmiPrvSE.exe    Access Request Information:  	Transaction ID:		{00000000-0000-0000-0000-000000000000}  	Accesses:		Read from process memory  				Query process information  				Undefined Access (no effect) Bit 12  				  	Access Reasons:		-  	Access Mask:		0x1410  	Privileges Used for Access Check:	-  	Restricted SID Count:	0
2021-05-05T23:08:12.935442+02:00 suricata pcap <14>May  5 23:05:59 win10 Microsoft-Windows-Security-Auditing[4]: An attempt was made to access an object.    Subject:  	Security ID:		S-1-5-18  	Account Name:		WIN10$  	Account Domain:		WORKGROUP  	Logon ID:		0x3E7    Object:  	Object Server:		Security  	Object Type:		Process  	Object N<	ì`D2021-05-05T23:08:12.935453+02:00 suricata pcap @2021-05-05T23:08:12.935467+02:00 suricata pcap <	ì`©D2021-05-05T23:08:12.935890+02:00 suricata pcap <14>May  5 23:05:59 win10 Microsoft-Windows-Security-Auditing[4]: A handle to an object was requested.    Subject:  	Security ID:		S-1-5-18  	Account Name:		WIN10$  	Account Domain:		WORKGROUP  	Logon ID:		0x3E7    Object:  	Object Server:		Security  	Object Type:		Process  	Object Name:		\Device\HarddiskVolume2\Windows\System32\lsass.exe  	Handle ID:		0x554  	Resource Attributes:	-    Process Information:  	Process ID:		0xd84  	Process Name:		C:\Windows\System32\wbem\WmiPrvSE.exe    Access Request Information:  	Transaction ID:		{00000000-0000-0000-0000-000000000000}  	Accesses:		Read from process memory  				Query process information  				Undefined Access (no effect) Bit 12  				  	Access Reasons:		-  	Access Mask:		0x1410  	Privileges Used for Access Check:	-  	Restricted SID Count:	0
2021-05-05T23:08:12.935909+02:00 suricata pcap <14>May  5 23:05:59 win10 Microsoft-Windows-Security-Auditing[4]: An attempt was made to access an object.    Subject:  	Security ID:		S-1-5-18  	Account Name:		WIN10$  	Account Domain:		WORKGROUP  	Logon ID:		0x3E7    Object:  	Object Server:		Security  	Object Type:		Process  	Object N<	ì`ºD2021-05-05T23:08:12.935920+02:00 suricata pcap @2021-05-05T23:08:12.935940+02:00 suricata pcap <	ì`èE2021-05-05T23:08:12.936034+02:00 suricata pcap <14>May  5 23:05:59 win10 Microsoft-Windows-Security-Auditing[4]: An attempt was made to duplicate a handle to an object.    Subject:  	Security ID:		S-1-5-18  	Account Name:		WIN10$  	Account Domain:		WORKGROUP  	Logon ID:		0x3E7    Source Handle Information:  	Source Handle ID:	0x554  	Source Process ID:	0xd84    New Handle Information:  	Target Handle ID:	0x1c68  	Target Process ID:	0x4
2021-05-05T23:08:12.936056+02:00 suricata pcap <14>May  5 23:05:59 win10 Microsoft-Windows-Security-Auditing[4]: The handle to an object was closed.    Subject :  	Security ID:		S-1-5-18  	Account Name:		WIN10$  	Account Domain:		WORKGROUP  	Logon ID:		0x3E7    Object:  	Object Server:		Security  	Handle ID:		0x1c68    Process Information:  	Process ID:		0xd84  	Process Name:		C:\Windows\System32\wbem\WmiPrvSE.exe
2021-05-05T23:08:12.936079+02:00 suricata pcap <14>May  5 23:05:59 win10 Microsoft-Windows-Security-Auditing[4]: A handle to an object was requested.    Subject:  	Security ID:		S-1-5-18  	Account Name:		WIN10$  	Account Domain:		WORKGROUP  	Logon ID:		0x3E7    Object:  	Object Server:		Security  	Object Type:		Process  	Object Name:		\Device\HarddiskVolume2\Windows\S<	ì`1G2021-05-05T23:08:12.936092+02:00 suricata pcap <	ì`vG2021-05-05T23:08:12.936378+02:00 suricata pcap <14>May  5 23:05:59 win10 Microsoft-Windows-Security-Auditing[4]: An attempt was made to duplicate a handle to an object.    Subject:  	Security ID:		S-1-5-18  	Account Name:		WIN10$  	Account Domain:		WORKGROUP  	Logon ID:		0x3E7    Source Handle Information:  	Source Handle ID:	0x554  	Source Process ID:	0xd84    New Handle Information:  	Target Handle ID:	0x1c68  	Target Process ID:	0x4
2021-05-05T23:08:12.936394+02:00 suricata pcap <14>May  5 23:05:59 win10 Microsoft-Windows-Security-Auditing[4]: The handle to an object was closed.    Subject :  	Security ID:		S-1-5-18  	Account Name:		WIN10$  	Account Domain:		WORKGROUP  	Logon ID:		0x3E7    Object:  	Object Server:		Security  	Handle ID:		0x1c68    Process Information:  	Process ID:		0xd84  	Process Name:		C:\Windows\System32\wbem\WmiPrvSE.exe
2021-05-05T23:08:12.936417+02:00 suricata pcap <14>May  5 23:05:59 win10 Microsoft-Windows-Security-Auditing[4]: A handle to an object was requested.    Subject:  	Security ID:		S-1-5-18  	Account Name:		WIN10$  	Account Domain:		WORKGROUP  	Logon ID:		0x3E7    Object:  	Object Server:		Security  	Object Type:		Process  	Object Name:		\Device\HarddiskVolume2\Windows\S<	ì`µG2021-05-05T23:08:12.936430+02:00 suricata pcap <	ì`ŒG2021-05-05T23:08:12.936443+02:00 suricata pcap <14>May  5 23:05:59 win10 Microsoft-Windows-Security-Auditing[4]: An attempt was made to duplicate a handle to an object.    Subject:  	Security ID:		S-1-5-18  	Account Name:		WIN10$  	Account Domain:		WORKGROUP  	Logon ID:		0x3E7    Source Handle Information:  	Source Handle ID:	0x554  	Source Process ID:	0xd84    New Handle Information:  	Target Handle ID:	0x1c68  	Target Process ID:	0x4
2021-05-05T23:08:12.936455+02:00 suricata pcap <14>May  5 23:05:59 win10 Microsoft-Windows-Security-Auditing[4]: The handle to an object was closed.    Subject :  	Security ID:		S-1-5-18  	Account Name:		WIN10$  	Account Domain:		WORKGROUP  	Logon ID:		0x3E7    Object:  	Object Server:		Security  	Handle ID:		0x1c68    Process Information:  	Process ID:		0xd84  	Process Name:		C:\Windows\System32\wbem\WmiPrvSE.exe
2021-05-05T23:08:12.936478+02:00 suricata pcap <14>May  5 23:05:59 win10 Microsoft-Windows-Security-Auditing[4]: A handle to an object was requested.    Subject:  	Security ID:		S-1-5-18  	Account Name:		WIN10$  	Account Domain:		WORKGROUP  	Logon ID:		0x3E7    Object:  	Object Server:		Security  	Object Type:		Process  	Object Name:		\Device\HarddiskVolume2\Windows\S<	ì`˘G2021-05-05T23:08:12.937200+02:00 suricata pcap <	ì`]H2021-05-05T23:08:12.937220+02:00 suricata pcap <14>May  5 23:05:59 win10 Microsoft-Windows-Security-Auditing[4]: The handle to an object was closed.    Subject :  	Security ID:		S-1-5-18  	Account Name:		WIN10$  	Account Domain:		WORKGROUP  	Logon ID:		0x3E7    Object:  	Object Server:		Security  	Handle ID:		0x554    Process Information:  	Process ID:		0xd84  	Process Name:		C:\Windows\System32\wbem\WmiPrvSE.exe
2021-05-05T23:08:12.937271+02:00 suricata pcap <	ì`ÓI2021-05-05T23:08:12.937284+02:00 suricata pcap <14>May  5 23:05:59 win10 Microsoft-Windows-Security-Auditing[4]: The handle to an object was closed.    Subject :  	Security ID:		S-1-5-18  	Account Name:		WIN10$  	Account Domain:		WORKGROUP  	Logon ID:		0x3E7    Object:  	Object Server:		Security  	Handle ID:		0x554    Process Information:  	Process ID:		0xd84  	Process Name:		C:\Windows\System32\wbem\WmiPrvSE.exe
2021-05-05T23:08:12.937312+02:00 suricata pcap <	ì`KJ2021-05-05T23:08:12.937333+02:00 suricata pcap <14>May  5 23:05:59 win10 Microsoft-Windows-Security-Auditing[4]: The handle to an object was closed.    Subject :  	Security ID:		S-1-5-18  	Account Name:		WIN10$  	Account Domain:		WORKGROUP  	Logon ID:		0x3E7    Object:  	Object Server:		Security  	Handle ID:		0x554    Process Information:  	Process ID:		0xd84  	Process Name:		C:\Windows\System32\wbem\WmiPrvSE.exe
2021-05-05T23:08:12.937354+02:00 suricata pcap <	ì`üK2021-05-05T23:08:12.937378+02:00 suricata pcap <14>May  5 23:06:00 win10 Microsoft-Windows-Security-Auditing[4]: The handle to an object was closed.    Subject :  	Security ID:		S-1-5-18  	Account Name:		WIN10$  	Account Domain:		WORKGROUP  	Logon ID:		0x3E7    Object:  	Object Server:		Security  	Handle ID:		0x2418    Process Information:  	Process ID:		0xd84  	Process Name:		C:\Windows\System32\wbem\WmiPrvSE.exe
