2021-05-05T23:08:16.996550+02:00 suricata pcap @	ì`ÿ12021-05-05T23:08:16.996558+02:00 suricata pcap <14>May  5 23:06:02 win10 Microsoft-Windows-Security-Auditing[4]: A handle to an object was requested.    Subject:  	Security ID:		S-1-5-18  	Account Name:		WIN10$  	Account Domain:		WORKGROUP  	Logon ID:		0x3E7    Object:  	Object Server:		Security  	Object Type:		Process  	Object Name:		\Device\HarddiskVolume2\Windows\System32\lsass.exe  	Handle ID:		0x5d8  	Resource Attributes:	-    Process Information:  	Process ID:		0xd84  	Process Name:		C:\Windows\System32\wbem\WmiPrvSE.exe    Access Request Information:  	Transaction ID:		{00000000-0000-0000-0000-000000000000}  	Accesses:		Read from process memory  				Query process information  				Undefined Access (no effect) Bit 12  				  	Access Reasons:		-  	Access Mask:		0x1410  	Privileges Used for Access Check:	-  	Restricted SID Count:	0
2021-05-05T23:08:16.997119+02:00 suricata pcap @	ì`ﬂ32021-05-05T23:08:16.997129+02:00 suricata pcap <14>May  5 23:06:02 win10 Microsoft-Windows-Security-Auditing[4]: The handle to an object was closed.    Subject :  	Security ID:		S-1-5-18  	Account Name:		WIN10$  	Account Domain:		WORKGROUP  	Logon ID:		0x3E7    Object:  	Object Server:		Security  	Handle ID:		0x5d8    Process Information:  	Process ID:		0xd84  	Process Name:		C:\Windows\System32\wbem\WmiPrvSE.exe
2021-05-05T23:08:16.997142+02:00 suricata pcap <14>May  5 23:06:03 win10 Microsoft-Windows-Security-Auditing[4]: An attempt was made to duplicate a handle to an object.    Subject:  	Security ID:		S-1-5-18  	Account Name:		WIN10$  	Account Domain:		WORKGROUP  	Logon ID:		0x3E7    Source Handle Information:  	Source Handle ID:	0x7b4  	Source Process ID:	0xd84    New Handle Information:  	Target Handle ID:	0x1c68  	Target Process ID:	0x4
2021-05-05T23:08:16.997149+02:00 suricata pcap <14>May  5 23:06:03 win10 Microsoft-Windows-Security-Auditing[4]: The handle to an object was closed.    Sub@	ì`a52021-05-05T23:08:16.997169+02:00 suricata pcap @	ì`√52021-05-05T23:08:16.997176+02:00 suricata pcap <14>May  5 23:06:02 win10 Microsoft-Windows-Security-Auditing[4]: The handle to an object was closed.    Subject :  	Security ID:		S-1-5-18  	Account Name:		WIN10$  	Account Domain:		WORKGROUP  	Logon ID:		0x3E7    Object:  	Object Server:		Security  	Handle ID:		0x5d8    Process Information:  	Process ID:		0xd84  	Process Name:		C:\Windows\System32\wbem\WmiPrvSE.exe
2021-05-05T23:08:16.997182+02:00 suricata pcap <14>May  5 23:06:03 win10 Microsoft-Windows-Security-Auditing[4]: An attempt was made to duplicate a handle to an object.    Subject:  	Security ID:		S-1-5-18  	Account Name:		WIN10$  	Account Domain:		WORKGROUP  	Logon ID:		0x3E7    Source Handle Information:  	Source Handle ID:	0x7b4  	Source Process ID:	0xd84    New Handle Information:  	Target Handle ID:	0x1c68  	Target Process ID:	0x4
2021-05-05T23:08:16.997623+02:00 suricata pcap <14>May  5 23:06:03 win10 Microsoft-Windows-Security-Auditing[4]: The handle to an object was closed.    Sub@	ì`R62021-05-05T23:08:16.997633+02:00 suricata pcap <14>May  5 23:06:02 win10 Microsoft-Windows-Security-Auditing[4]: The handle to an object was closed.    Subject :  	Security ID:		S-1-5-18  	Account Name:		WIN10$  	Account Domain:		WORKGROUP  	Logon ID:		0x3E7    Object:  	Object Server:		Security  	Handle ID:		0x5d8    Process Information:  	Process ID:		0xd84  	Process Name:		C:\Windows\System32\wbem\WmiPrvSE.exe
2021-05-05T23:08:16.997639+02:00 suricata pcap <14>May  5 23:06:03 win10 Microsoft-Windows-Security-Auditing[4]: An attempt was made to duplicate a handle to an object.    Subject:  	Security ID:		S-1-5-18  	Account Name:		WIN10$  	Account Domain:		WORKGROUP  	Logon ID:		0x3E7    Source Handle Information:  	Source Handle ID:	0x7b4  	Source Process ID:	0xd84    New Handle Information:  	Target Handle ID:	0x1c68  	Target Process ID:	0x4
2021-05-05T23:08:16.997646+02:00 suricata pcap <14>May  5 23:06:03 win10 Microsoft-Windows-Security-Auditing[4]: The handle to an object was closed.    Sub@	ì`Ñ62021-05-05T23:08:16.997670+02:00 suricata pcap @	ì`–62021-05-05T23:08:16.997684+02:00 suricata pcap @	ì`72021-05-05T23:08:16.997693+02:00 suricata pcap <14>May  5 23:06:03 win10 Microsoft-Windows-Security-Auditing[4]: An attempt was made to access an object.    Subject:  	Security ID:		S-1-5-18  	Account Name:		WIN10$  	Account Domain:		WORKGROUP  	Logon ID:		0x3E7    Object:  	Object Server:		Security  	Object Type:		Process  	Object Name:		\Device\HarddiskVolume2\Windows\System32\lsass.exe  	Handle ID:		0x7b4  	Resource Attributes:	-    Process Information:  	Process ID:		0xd84  	Process Name:		C:\Windows\System32\wbem\WmiPrvSE.exe    Access Request Information:  	Accesses:		Read from process memory  				  	Access Mask:		0x10
2021-05-05T23:08:16.998902+02:00 suricata pcap @	ì`≥82021-05-05T23:08:16.998919+02:00 suricata pcap <14>May  5 23:06:03 win10 Microsoft-Windows-Security-Auditing[4]: An attempt was made to access an object.    Subject:  	Security ID:		S-1-5-18  	Account Name:		WIN10$  	Account Domain:		WORKGROUP  	Logon ID:		0x3E7    Object:  	Object Server:		Security  	Object Type:		Process  	Object Name:		\Device\HarddiskVolume2\Windows\System32\lsass.exe  	Handle ID:		0x7b4  	Resource Attributes:	-    Process Information:  	Process ID:		0xd84  	Process Name:		C:\Windows\System32\wbem\WmiPrvSE.exe    Access Request Information:  	Accesses:		Read from process memory  				  	Access Mask:		0x10
2021-05-05T23:08:16.998930+02:00 suricata pcap @	ì`92021-05-05T23:08:16.998940+02:00 suricata pcap <14>May  5 23:06:03 win10 Microsoft-Windows-Security-Auditing[4]: An attempt was made to access an object.    Subject:  	Security ID:		S-1-5-18  	Account Name:		WIN10$  	Account Domain:		WORKGROUP  	Logon ID:		0x3E7    Object:  	Object Server:		Security  	Object Type:		Process  	Object Name:		\Device\HarddiskVolume2\Windows\System32\lsass.exe  	Handle ID:		0x7b4  	Resource Attributes:	-    Process Information:  	Process ID:		0xd84  	Process Name:		C:\Windows\System32\wbem\WmiPrvSE.exe    Access Request Information:  	Accesses:		Read from process memory  				  	Access Mask:		0x10
2021-05-05T23:08:16.998950+02:00 suricata pcap @	ì`ÿ:2021-05-05T23:08:16.998957+02:00 suricata pcap <14>May  5 23:06:03 win10 Microsoft-Windows-Security-Auditing[4]: An attempt was made to duplicate a handle to an object.    Subject:  	Security ID:		S-1-5-18  	Account Name:		WIN10$  	Account Domain:		WORKGROUP  	Logon ID:		0x3E7    Source Handle Information:  	Source Handle ID:	0x460  	Source Process ID:	0xd84    New Handle Information:  	Target Handle ID:	0x2418  	Target Process ID:	0x4
2021-05-05T23:08:16.998964+02:00 suricata pcap @	ì`=2021-05-05T23:08:16.998971+02:00 suricata pcap <14>May  5 23:06:03 win10 Microsoft-Windows-Security-Auditing[4]: An attempt was made to duplicate a handle to an object.    Subject:  	Security ID:		S-1-5-18  	Account Name:		WIN10$  	Account Domain:		WORKGROUP  	Logon ID:		0x3E7    Source Handle Information:  	Source Handle ID:	0x460  	Source Process ID:	0xd84    New Handle Information:  	Target Handle ID:	0x2418  	Target Process ID:	0x4
2021-05-05T23:08:17.000592+02:00 suricata pcap @	ì`ë=2021-05-05T23:08:17.000608+02:00 suricata pcap <14>May  5 23:06:03 win10 Microsoft-Windows-Security-Auditing[4]: An attempt was made to duplicate a handle to an object.    Subject:  	Security ID:		S-1-5-18  	Account Name:		WIN10$  	Account Domain:		WORKGROUP  	Logon ID:		0x3E7    Source Handle Information:  	Source Handle ID:	0x460  	Source Process ID:	0xd84    New Handle Information:  	Target Handle ID:	0x2418  	Target Process ID:	0x4
2021-05-05T23:08:17.000618+02:00 suricata pcap @	ì`(>2021-05-05T23:08:17.000626+02:00 suricata pcap @	ì`Û@2021-05-05T23:08:17.000634+02:00 suricata pcap @	ì`WA2021-05-05T23:08:17.000652+02:00 suricata pcap @	ì`B2021-05-05T23:08:17.000667+02:00 suricata pcap <14>May  5 23:06:03 win10 Microsoft-Windows-Security-Auditing[4]: An attempt was made to access an object.    Subject:  	Security ID:		S-1-5-18  	Account Name:		WIN10$  	Account Domain:		WORKGROUP  	Logon ID:		0x3E7    Object:  	Object Server:		Security  	Object Type:		Process  	Object Name:		\Device\HarddiskVolume2\Windows\System32\lsass.exe  	Handle ID:		0x460  	Resource Attributes:	-    Process Information:  	Process ID:		0xd84  	Process Name:		C:\Windows\System32\wbem\WmiPrvSE.exe    Access Request Information:  	Accesses:		Read from process memory  				  	Access Mask:		0x10
2021-05-05T23:08:17.001407+02:00 suricata pcap A	ì`˛2021-05-05T23:08:17.001441+02:00 suricata pcap <14>May  5 23:06:03 win10 Microsoft-Windows-Security-Auditing[4]: An attempt was made to access an object.    Subject:  	Security ID:		S-1-5-18  	Account Name:		WIN10$  	Account Domain:		WORKGROUP  	Logon ID:		0x3E7    Object:  	Object Server:		Security  	Object Type:		Process  	Object Name:		\Device\HarddiskVolume2\Windows\System32\lsass.exe  	Handle ID:		0x460  	Resource Attributes:	-    Process Information:  	Process ID:		0xd84  	Process Name:		C:\Windows\System32\wbem\WmiPrvSE.exe    Access Request Information:  	Accesses:		Read from process memory  				  	Access Mask:		0x10
2021-05-05T23:08:17.001454+02:00 suricata pcap A	ì`§2021-05-05T23:08:17.001463+02:00 suricata pcap <14>May  5 23:06:03 win10 Microsoft-Windows-Security-Auditing[4]: An attempt was made to access an object.    Subject:  	Security ID:		S-1-5-18  	Account Name:		WIN10$  	Account Domain:		WORKGROUP  	Logon ID:		0x3E7    Object:  	Object Server:		Security  	Object Type:		Process  	Object Name:		\Device\HarddiskVolume2\Windows\System32\lsass.exe  	Handle ID:		0x460  	Resource Attributes:	-    Process Information:  	Process ID:		0xd84  	Process Name:		C:\Windows\System32\wbem\WmiPrvSE.exe    Access Request Information:  	Accesses:		Read from process memory  				  	Access Mask:		0x10
2021-05-05T23:08:17.001468+02:00 suricata pcap A	ì`‰2021-05-05T23:08:17.001475+02:00 suricata pcap 2021-05-05T23:08:17.001482+02:00 suricata pcap <14>May  5 23:06:03 win10 Microsoft-Windows-Security-Auditing[4]: An attempt was made to duplicate a handle to an object.    Subject:  	Security ID:		S-1-5-18  	Account Name:		WIN10$  	Account Domain:		WORKGROUP  	Logon ID:		0x3E7    Source Handle Information:  	Source Handle ID:	0x460  	Source Process ID:	0xd84    New Handle Information:  	Target Handle ID:	0x1c68  	Target Process ID:	0x4
2021-05-05T23:08:17.002218+02:00 suricata pcap <14>May  5 23:06:03 win10 Microsoft-Windows-Security-Auditing[4]: The handle to an object was closed.    Subject :  	Security ID:		S-1-5-18  	Account Name:		WIN10$  	Account Domain:		WORKGROUP  	Logon ID:		0x3E7    Object:  	Object Server:		Security  	Handle ID:		0x1c68    Process Information:  	Process ID:		0xd84  	Process Name:		C:\Windows\System32\wbem\WmiPrvSE.exe
2021-05-05T23:08:17.002231+02:00 suricata pcap A	ì`ë2021-05-05T23:08:17.002238+02:00 suricata pcap <14>May  5 23:06:03 win10 Microsoft-Windows-Security-Auditing[4]: An attempt was made to duplicate a handle to an object.    Subject:  	Security ID:		S-1-5-18  	Account Name:		WIN10$  	Account Domain:		WORKGROUP  	Logon ID:		0x3E7    Source Handle Information:  	Source Handle ID:	0x460  	Source Process ID:	0xd84    New Handle Information:  	Target Handle ID:	0x1c68  	Target Process ID:	0x4
2021-05-05T23:08:17.002244+02:00 suricata pcap <14>May  5 23:06:03 win10 Microsoft-Windows-Security-Auditing[4]: The handle to an object was closed.    Subject :  	Security ID:		S-1-5-18  	Account Name:		WIN10$  	Account Domain:		WORKGROUP  	Logon ID:		0x3E7    Object:  	Object Server:		Security  	Handle ID:		0x1c68    Process Information:  	Process ID:		0xd84  	Process Name:		C:\Windows\System32\wbem\WmiPrvSE.exe
2021-05-05T23:08:17.002252+02:00 suricata pcap A	ì`2021-05-05T23:08:17.002275+02:00 suricata pcap <14>May  5 23:06:03 win10 Microsoft-Windows-Security-Auditing[4]: An attempt was made to duplicate a handle to an object.    Subject:  	Security ID:		S-1-5-18  	Account Name:		WIN10$  	Account Domain:		WORKGROUP  	Logon ID:		0x3E7    Source Handle Information:  	Source Handle ID:	0x460  	Source Process ID:	0xd84    New Handle Information:  	Target Handle ID:	0x1c68  	Target Process ID:	0x4
2021-05-05T23:08:17.002281+02:00 suricata pcap <14>May  5 23:06:03 win10 Microsoft-Windows-Security-Auditing[4]: The handle to an object was closed.    Subject :  	Security ID:		S-1-5-18  	Account Name:		WIN10$  	Account Domain:		WORKGROUP  	Logon ID:		0x3E7    Object:  	Object Server:		Security  	Handle ID:		0x1c68    Process Information:  	Process ID:		0xd84  	Process Name:		C:\Windows\System32\wbem\WmiPrvSE.exe
2021-05-05T23:08:17.002296+02:00 suricata pcap A	ì`≤2021-05-05T23:08:17.002470+02:00 suricata pcap <14>May  5 23:06:03 win10 Microsoft-Windows-Security-Auditing[4]: An attempt was made to access an object.    Subject:  	Security ID:		S-1-5-18  	Account Name:		WIN10$  	Account Domain:		WORKGROUP  	Logon ID:		0x3E7    Object:  	Object Server:		Security  	Object Type:		Process  	Object Name:		\Device\HarddiskVolume2\Windows\System32\lsass.exe  	Handle ID:		0x460  	Resource Attributes:	-    Process Information:  	Process ID:		0xd84  	Process Name:		C:\Windows\System32\wbem\WmiPrvSE.exe    Access Request Information:  	Accesses:		Read from process memory  				  	Access Mask:		0x10
2021-05-05T23:08:17.002485+02:00 suricata pcap <14>May  5 23:06:03 win10 Microsoft-Windows-Security-Auditing[4]: The hanA	ì`K2021-05-05T23:08:17.002497+02:00 suricata pcap A	ì`”2021-05-05T23:08:17.002506+02:00 suricata pcap <14>May  5 23:06:03 win10 Microsoft-Windows-Security-Auditing[4]: An attempt was made to access an object.    Subject:  	Security ID:		S-1-5-18  	Account Name:		WIN10$  	Account Domain:		WORKGROUP  	Logon ID:		0x3E7    Object:  	Object Server:		Security  	Object Type:		Process  	Object Name:		\Device\HarddiskVolume2\Windows\System32\lsass.exe  	Handle ID:		0x460  	Resource Attributes:	-    Process Information:  	Process ID:		0xd84  	Process Name:		C:\Windows\System32\wbem\WmiPrvSE.exe    Access Request Information:  	Accesses:		Read from process memory  				  	Access Mask:		0x10
2021-05-05T23:08:17.002513+02:00 suricata pcap <14>May  5 23:06:03 win10 Microsoft-Windows-Security-Auditing[4]: The hanA	ì`	2021-05-05T23:08:17.002525+02:00 suricata pcap A	ì`7	2021-05-05T23:08:17.002534+02:00 suricata pcap <14>May  5 23:06:03 win10 Microsoft-Windows-Security-Auditing[4]: An attempt was made to access an object.    Subject:  	Security ID:		S-1-5-18  	Account Name:		WIN10$  	Account Domain:		WORKGROUP  	Logon ID:		0x3E7    Object:  	Object Server:		Security  	Object Type:		Process  	Object Name:		\Device\HarddiskVolume2\Windows\System32\lsass.exe  	Handle ID:		0x460  	Resource Attributes:	-    Process Information:  	Process ID:		0xd84  	Process Name:		C:\Windows\System32\wbem\WmiPrvSE.exe    Access Request Information:  	Accesses:		Read from process memory  				  	Access Mask:		0x10
2021-05-05T23:08:17.003691+02:00 suricata pcap <14>May  5 23:06:03 win10 Microsoft-Windows-Security-Auditing[4]: The hanA	ì`]	2021-05-05T23:08:17.003702+02:00 suricata pcap A	ì`î	2021-05-05T23:08:17.003711+02:00 suricata pcap 2021-05-05T23:08:17.003723+02:00 suricata pcap <14>May  5 23:06:03 win10 Microsoft-Windows-Security-Auditing[4]: The handle to an object was closed.    Subject :  	Security ID:		S-1-5-18  	Account Name:		WIN10$  	Account Domain:		WORKGROUP  	Logon ID:		0x3E7    Object:  	Object Server:		Security  	Handle ID:		0x36a8    Process Information:  	Process ID:		0xd84  	Process Name:		C:\Windows\System32\wbem\WmiPrvSE.exe
2021-05-05T23:08:17.003731+02:00 suricata pcap A	ì`˚2021-05-05T23:08:17.003742+02:00 suricata pcap <14>May  5 23:06:03 win10 Microsoft-Windows-Security-Auditing[4]: The handle to an object was closed.    Subject :  	Security ID:		S-1-5-18  	Account Name:		WIN10$  	Account Domain:		WORKGROUP  	Logon ID:		0x3E7    Object:  	Object Server:		Security  	Handle ID:		0x36a8    Process Information:  	Process ID:		0xd84  	Process Name:		C:\Windows\System32\wbem\WmiPrvSE.exe
2021-05-05T23:08:17.003755+02:00 suricata pcap A	ì`L2021-05-05T23:08:17.003764+02:00 suricata pcap <14>May  5 23:06:03 win10 Microsoft-Windows-Security-Auditing[4]: The handle to an object was closed.    Subject :  	Security ID:		S-1-5-18  	Account Name:		WIN10$  	Account Domain:		WORKGROUP  	Logon ID:		0x3E7    Object:  	Object Server:		Security  	Handle ID:		0x36a8    Process Information:  	Process ID:		0xd84  	Process Name:		C:\Windows\System32\wbem\WmiPrvSE.exe
2021-05-05T23:08:17.003777+02:00 suricata pcap A	ì`ˆ2021-05-05T23:08:17.003951+02:00 suricata pcap <14>May  5 23:06:03 win10 Microsoft-Windows-Security-Auditing[4]: An attempt was made to access an object.    Subject:  	Security ID:		S-1-5-18  	Account Name:		WIN10$  	Account Domain:		WORKGROUP  	Logon ID:		0x3E7    Object:  	Object Server:		Security  	Object Type:		Process  	Object Name:		\Device\HarddiskVolume2\Windows\System32\lsass.exe  	Handle ID:		0x6c4  	Resource Attributes:	-    Process Information:  	Process ID:		0xd84  	Process Name:		C:\Windows\System32\wbem\WmiPrvSE.exe    Access Request Information:  	Accesses:		Read from process memory  				  	Access Mask:		0x10
2021-05-05T23:08:17.003973+02:00 suricata pcap <14>May  5 23:06:03 win10 Microsoft-Windows-Security-Auditing[4]: The hanA	ì`2021-05-05T23:08:17.003985+02:00 suricata pcap A	ì`c2021-05-05T23:08:17.004001+02:00 suricata pcap <14>May  5 23:06:03 win10 Microsoft-Windows-Security-Auditing[4]: An attempt was made to access an object.    Subject:  	Security ID:		S-1-5-18  	Account Name:		WIN10$  	Account Domain:		WORKGROUP  	Logon ID:		0x3E7    Object:  	Object Server:		Security  	Object Type:		Process  	Object Name:		\Device\HarddiskVolume2\Windows\System32\lsass.exe  	Handle ID:		0x6c4  	Resource Attributes:	-    Process Information:  	Process ID:		0xd84  	Process Name:		C:\Windows\System32\wbem\WmiPrvSE.exe    Access Request Information:  	Accesses:		Read from process memory  				  	Access Mask:		0x10
2021-05-05T23:08:17.004031+02:00 suricata pcap <14>May  5 23:06:03 win10 Microsoft-Windows-Security-Auditing[4]: The hanA	ì`¢2021-05-05T23:08:17.004046+02:00 suricata pcap <14>May  5 23:06:03 win10 Microsoft-Windows-Security-Auditing[4]: An attempt was made to access an object.    Subject:  	Security ID:		S-1-5-18  	Account Name:		WIN10$  	Account Domain:		WORKGROUP  	Logon ID:		0x3E7    Object:  	Object Server:		Security  	Object Type:		Process  	Object Name:		\Device\HarddiskVolume2\Windows\System32\lsass.exe  	Handle ID:		0x6c4  	Resource Attributes:	-    Process Information:  	Process ID:		0xd84  	Process Name:		C:\Windows\System32\wbem\WmiPrvSE.exe    Access Request Information:  	Accesses:		Read from process memory  				  	Access Mask:		0x10
2021-05-05T23:08:17.005278+02:00 suricata pcap <14>May  5 23:06:03 win10 Microsoft-Windows-Security-Auditing[4]: The hanA	ì`2021-05-05T23:08:17.005301+02:00 suricata pcap A	ì`2021-05-05T23:08:17.005313+02:00 suricata pcap A	ì`2021-05-05T23:08:17.005319+02:00 suricata pcap <14>May  5 23:06:03 win10 Microsoft-Windows-Security-Auditing[4]: The handle to an object was closed.    Subject :  	Security ID:		S-1-5-18  	Account Name:		WIN10$  	Account Domain:		WORKGROUP  	Logon ID:		0x3E7    Object:  	Object Server:		Security  	Handle ID:		0x2418    Process Information:  	Process ID:		0xd84  	Process Name:		C:\Windows\System32\wbem\WmiPrvSE.exe
2021-05-05T23:08:17.005326+02:00 suricata pcap A	ì`i2021-05-05T23:08:17.005332+02:00 suricata pcap <14>May  5 23:06:03 win10 Microsoft-Windows-Security-Auditing[4]: The handle to an object was closed.    Subject :  	Security ID:		S-1-5-18  	Account Name:		WIN10$  	Account Domain:		WORKGROUP  	Logon ID:		0x3E7    Object:  	Object Server:		Security  	Handle ID:		0x2418    Process Information:  	Process ID:		0xd84  	Process Name:		C:\Windows\System32\wbem\WmiPrvSE.exe
2021-05-05T23:08:17.005340+02:00 suricata pcap A	ì`≤2021-05-05T23:08:17.005346+02:00 suricata pcap <14>May  5 23:06:03 win10 Microsoft-Windows-Security-Auditing[4]: The handle to an object was closed.    Subject :  	Security ID:		S-1-5-18  	Account Name:		WIN10$  	Account Domain:		WORKGROUP  	Logon ID:		0x3E7    Object:  	Object Server:		Security  	Handle ID:		0x2418    Process Information:  	Process ID:		0xd84  	Process Name:		C:\Windows\System32\wbem\WmiPrvSE.exe
2021-05-05T23:08:17.005535+02:00 suricata pcap A	ì`2021-05-05T23:08:17.005547+02:00 suricata pcap <14>May  5 23:06:03 win10 Microsoft-Windows-Security-Auditing[4]: An attempt was made to access an object.    Subject:  	Security ID:		S-1-5-18  	Account Name:		WIN10$  	Account Domain:		WORKGROUP  	Logon ID:		0x3E7    Object:  	Object Server:		Security  	Object Type:		Process  	Object Name:		\Device\HarddiskVolume2\Windows\System32\lsass.exe  	Handle ID:		0x7b4  	Resource Attributes:	-    Process Information:  	Process ID:		0xd84  	Process Name:		C:\Windows\System32\wbem\WmiPrvSE.exe    Access Request Information:  	Accesses:		Read from process memory  				  	Access Mask:		0x10
2021-05-05T23:08:17.005554+02:00 suricata pcap <14>May  5 23:06:03 win10 Microsoft-Windows-Security-Auditing[4]: The hanA	ì`Î2021-05-05T23:08:17.005568+02:00 suricata pcap A	ì`T2021-05-05T23:08:17.005577+02:00 suricata pcap <14>May  5 23:06:03 win10 Microsoft-Windows-Security-Auditing[4]: An attempt was made to access an object.    Subject:  	Security ID:		S-1-5-18  	Account Name:		WIN10$  	Account Domain:		WORKGROUP  	Logon ID:		0x3E7    Object:  	Object Server:		Security  	Object Type:		Process  	Object Name:		\Device\HarddiskVolume2\Windows\System32\lsass.exe  	Handle ID:		0x7b4  	Resource Attributes:	-    Process Information:  	Process ID:		0xd84  	Process Name:		C:\Windows\System32\wbem\WmiPrvSE.exe    Access Request Information:  	Accesses:		Read from process memory  				  	Access Mask:		0x10
2021-05-05T23:08:17.005611+02:00 suricata pcap <14>May  5 23:06:03 win10 Microsoft-Windows-Security-Auditing[4]: The hanA	ì`Ê2021-05-05T23:08:17.006047+02:00 suricata pcap <14>May  5 23:06:03 win10 Microsoft-Windows-Security-Auditing[4]: An attempt was made to access an object.    Subject:  	Security ID:		S-1-5-18  	Account Name:		WIN10$  	Account Domain:		WORKGROUP  	Logon ID:		0x3E7    Object:  	Object Server:		Security  	Object Type:		Process  	Object Name:		\Device\HarddiskVolume2\Windows\System32\lsass.exe  	Handle ID:		0x7b4  	Resource Attributes:	-    Process Information:  	Process ID:		0xd84  	Process Name:		C:\Windows\System32\wbem\WmiPrvSE.exe    Access Request Information:  	Accesses:		Read from process memory  				  	Access Mask:		0x10
2021-05-05T23:08:17.006064+02:00 suricata pcap <14>May  5 23:06:03 win10 Microsoft-Windows-Security-Auditing[4]: The hanA	ì`2021-05-05T23:08:17.006076+02:00 suricata pcap A	ì`.2021-05-05T23:08:17.006091+02:00 suricata pcap A	ì`¸2021-05-05T23:08:17.006104+02:00 suricata pcap A	ì`ﬁ2021-05-05T23:08:17.006116+02:00 suricata pcap A	ì`o2021-05-05T23:08:17.006129+02:00 suricata pcap A	ì`®2021-05-05T23:08:17.006142+02:00 suricata pcap A	ì`Ì2021-05-05T23:08:17.007215+02:00 suricata pcap A	ì`"2021-05-05T23:08:17.007230+02:00 suricata pcap A	ì`+2021-05-05T23:08:17.007238+02:00 suricata pcap <14>May  5 23:06:03 win10 Microsoft-Windows-Security-Auditing[4]: An attempt was made to access an object.    Subject:  	Security ID:		S-1-5-18  	Account Name:		WIN10$  	Account Domain:		WORKGROUP  	Logon ID:		0x3E7    Object:  	Object Server:		Security  	Object Type:		Process  	Object Name:		\Device\HarddiskVolume2\Windows\System32\lsass.exe  	Handle ID:		0x5d8  	Resource Attributes:	-    Process Information:  	Process ID:		0xd84  	Process Name:		C:\Windows\System32\wbem\WmiPrvSE.exe    Access Request Information:  	Accesses:		Read from process memory  				  	Access Mask:		0x10
2021-05-05T23:08:17.007244+02:00 suricata pcap <14>May  5 23:06:03 win10 Microsoft-Windows-Security-Auditing[4]: The hanA	ì`·2021-05-05T23:08:17.007258+02:00 suricata pcap A	ì`Ü2021-05-05T23:08:17.007265+02:00 suricata pcap <14>May  5 23:06:03 win10 Microsoft-Windows-Security-Auditing[4]: An attempt was made to access an object.    Subject:  	Security ID:		S-1-5-18  	Account Name:		WIN10$  	Account Domain:		WORKGROUP  	Logon ID:		0x3E7    Object:  	Object Server:		Security  	Object Type:		Process  	Object Name:		\Device\HarddiskVolume2\Windows\System32\lsass.exe  	Handle ID:		0x5d8  	Resource Attributes:	-    Process Information:  	Process ID:		0xd84  	Process Name:		C:\Windows\System32\wbem\WmiPrvSE.exe    Access Request Information:  	Accesses:		Read from process memory  				  	Access Mask:		0x10
2021-05-05T23:08:18.008497+02:00 suricata pcap <14>May  5 23:06:03 win10 Microsoft-Windows-Security-Auditing[4]: The hanA	ì`¢2021-05-05T23:08:18.008555+02:00 suricata pcap A	ì`Ω2021-05-05T23:08:18.008575+02:00 suricata pcap <14>May  5 23:06:03 win10 Microsoft-Windows-Security-Auditing[4]: An attempt was made to access an object.    Subject:  	Security ID:		S-1-5-18  	Account Name:		WIN10$  	Account Domain:		WORKGROUP  	Logon ID:		0x3E7    Object:  	Object Server:		Security  	Object Type:		Process  	Object Name:		\Device\HarddiskVolume2\Windows\System32\lsass.exe  	Handle ID:		0x5d8  	Resource Attributes:	-    Process Information:  	Process ID:		0xd84  	Process Name:		C:\Windows\System32\wbem\WmiPrvSE.exe    Access Request Information:  	Accesses:		Read from process memory  				  	Access Mask:		0x10
2021-05-05T23:08:18.008614+02:00 suricata pcap <14>May  5 23:06:03 win10 Microsoft-Windows-Security-Auditing[4]: The hanA	ì`G2021-05-05T23:08:18.008625+02:00 suricata pcap A	ì`¸2021-05-05T23:08:18.008630+02:00 suricata pcap 2021-05-05T23:08:18.008645+02:00 suricata pcap ¿®ã2021-05-05T23:08:18.008660+02:00 suricata pcap B	ì`2021-05-05T23:08:18.008695+02:00 suricata pcap B	ì`ñ2021-05-05T23:08:18.009359+02:00 suricata pcap B	ì` 2021-05-05T23:08:18.009377+02:00 suricata pcap B	ì`‹!2021-05-05T23:08:18.009411+02:00 suricata pcap B	ì`"2021-05-05T23:08:18.009432+02:00 suricata pcap B	ì`)"2021-05-05T23:08:18.009448+02:00 suricata pcap B	ì`¨#2021-05-05T23:08:18.339262+02:00 suricata pcap B	ì`3$2021-05-05T23:08:18.339324+02:00 suricata pcap B	ì`[$2021-05-05T23:08:18.339345+02:00 suricata pcap B	ì`q&2021-05-05T23:08:18.339366+02:00 suricata pcap B	ì`«&2021-05-05T23:08:18.339386+02:00 suricata pcap B	ì`Ù&2021-05-05T23:08:18.339401+02:00 suricata pcap B	ì`“*2021-05-05T23:08:18.339416+02:00 suricata pcap B	ì`<+2021-05-05T23:08:23.054487+02:00 suricata pcap B	ì`Y+2021-05-05T23:08:23.054525+02:00 suricata pcap 2021-05-05T23:08:23.054533+02:00 suricata pcap ¿®ã2021-05-05T23:08:23.054540+02:00 suricata pcap 2021-05-05T23:08:23.054548+02:00 suricata pcap ¿®ã2021-05-05T23:08:23.054552+02:00 suricata pcap ¿®å
2021-05-05T23:08:23.054557+02:00 suricata pcap ∆)2021-05-05T23:08:23.054561+02:00 suricata pcap ¿®å
2021-05-05T23:08:23.054569+02:00 suricata pcap ∆)2021-05-05T23:08:23.054575+02:00 suricata pcap ∆)2021-05-05T23:08:23.054585+02:00 suricata pcap ∆)2021-05-05T23:08:23.054594+02:00 suricata pcap 2021-05-05T23:08:23.054603+02:00 suricata pcap 2021-05-05T23:08:23.054613+02:00 suricata pcap 2021-05-05T23:08:23.054620+02:00 suricata pcap 2021-05-05T23:08:23.054629+02:00 suricata pcap 2021-05-05T23:08:23.054638+02:00 suricata pcap C	ì`Ÿ?2021-05-05T23:08:23.054643+02:00 suricata pcap D	ì`ë¢2021-05-05T23:08:23.054648+02:00 suricata pcap 2021-05-05T23:08:23.054653+02:00 suricata pcap ¿®ã2021-05-05T23:08:23.054657+02:00 suricata pcap 2021-05-05T23:08:23.054664+02:00 suricata pcap ¿®ã2021-05-05T23:08:23.054669+02:00 suricata pcap 2021-05-05T23:08:23.054684+02:00 suricata pcap ¿®ã2021-05-05T23:08:23.054729+02:00 suricata pcap G	ì`‰Õ2021-05-05T23:08:23.054747+02:00 suricata pcap G	ì`}œ2021-05-05T23:08:23.055438+02:00 suricata pcap G	ì`T–2021-05-05T23:08:23.055472+02:00 suricata pcap <14>May  5 23:06:08 win10 Microsoft-Windows-Security-Auditing[4]: A handle to an object was requested.    Subject:  	Security ID:		S-1-5-18  	Account Name:		WIN10$  	Account Domain:		WORKGROUP  	Logon ID:		0x3E7    Object:  	Object Server:		Security  	Object Type:		Process  	Object Name:		\Device\HarddiskVolume2\Windows\System32\lsass.exe  	Handle ID:		0x684  	Resource Attributes:	-    Process Information:  	Process ID:		0xd84  	Process Name:		C:\Windows\System32\wbem\WmiPrvSE.exe    Access Request Information:  	Transaction ID:		{00000000-0000-0000-0000-000000000000}  	Accesses:		Read from process memory  				Query process information  				Undefined Access (no effect) Bit 12  				  	Access Reasons:		-  	Access Mask:		0x1410  	Privileges Used for Access Check:	-  	Restricted SID Count:	0
2021-05-05T23:08:23.055487+02:00 suricata pcap G	ì`<‘2021-05-05T23:08:23.055508+02:00 suricata pcap <14>May  5 23:06:08 win10 Microsoft-Windows-Security-Auditing[4]: A handle to an object was requested.    Subject:  	Security ID:		S-1-5-18  	Account Name:		WIN10$  	Account Domain:		WORKGROUP  	Logon ID:		0x3E7    Object:  	Object Server:		Security  	Object Type:		Process  	Object Name:		\Device\HarddiskVolume2\Windows\System32\lsass.exe  	Handle ID:		0x684  	Resource Attributes:	-    Process Information:  	Process ID:		0xd84  	Process Name:		C:\Windows\System32\wbem\WmiPrvSE.exe    Access Request Information:  	Transaction ID:		{00000000-0000-0000-0000-000000000000}  	Accesses:		Read from process memory  				Query process information  				Undefined Access (no effect) Bit 12  				  	Access Reasons:		-  	Access Mask:		0x1410  	Privileges Used for Access Check:	-  	Restricted SID Count:	0
2021-05-05T23:08:23.055522+02:00 suricata pcap G	ì`Á‘2021-05-05T23:08:23.055544+02:00 suricata pcap <14>May  5 23:06:08 win10 Microsoft-Windows-Security-Auditing[4]: A handle to an object was requested.    Subject:  	Security ID:		S-1-5-18  	Account Name:		WIN10$  	Account Domain:		WORKGROUP  	Logon ID:		0x3E7    Object:  	Object Server:		Security  	Object Type:		Process  	Object Name:		\Device\HarddiskVolume2\Windows\System32\lsass.exe  	Handle ID:		0x684  	Resource Attributes:	-    Process Information:  	Process ID:		0xd84  	Process Name:		C:\Windows\System32\wbem\WmiPrvSE.exe    Access Request Information:  	Transaction ID:		{00000000-0000-0000-0000-000000000000}  	Accesses:		Read from process memory  				Query process information  				Undefined Access (no effect) Bit 12  				  	Access Reasons:		-  	Access Mask:		0x1410  	Privileges Used for Access Check:	-  	Restricted SID Count:	0
2021-05-05T23:08:23.056634+02:00 suricata pcap G	ì`*’2021-05-05T23:08:23.056658+02:00 suricata pcap <14>May  5 23:06:08 win10 Microsoft-Windows-Security-Auditing[4]: The handle to an object was closed.    Subject :  	Security ID:		S-1-5-18  	Account Name:		WIN10$  	Account Domain:		WORKGROUP  	Logon ID:		0x3E7    Object:  	Object Server:		Security  	Handle ID:		0x684    Process Information:  	Process ID:		0xd84  	Process Name:		C:\Windows\System32\wbem\WmiPrvSE.exe
2021-05-05T23:08:23.056676+02:00 suricata pcap G	ì`,ÿ2021-05-05T23:08:23.056688+02:00 suricata pcap <14>May  5 23:06:08 win10 Microsoft-Windows-Security-Auditing[4]: The handle to an object was closed.    Subject :  	Security ID:		S-1-5-18  	Account Name:		WIN10$  	Account Domain:		WORKGROUP  	Logon ID:		0x3E7    Object:  	Object Server:		Security  	Handle ID:		0x684    Process Information:  	Process ID:		0xd84  	Process Name:		C:\Windows\System32\wbem\WmiPrvSE.exe
2021-05-05T23:08:23.056707+02:00 suricata pcap G	ì`üÿ2021-05-05T23:08:23.056719+02:00 suricata pcap <14>May  5 23:06:08 win10 Microsoft-Windows-Security-Auditing[4]: The handle to an object was closed.    Subject :  	Security ID:		S-1-5-18  	Account Name:		WIN10$  	Account Domain:		WORKGROUP  	Logon ID:		0x3E7    Object:  	Object Server:		Security  	Handle ID:		0x684    Process Information:  	Process ID:		0xd84  	Process Name:		C:\Windows\System32\wbem\WmiPrvSE.exe
2021-05-05T23:08:23.056758+02:00 suricata pcap G	ì`Ÿ2021-05-05T23:08:23.056774+02:00 suricata pcap G	ì`‹2021-05-05T23:08:23.057535+02:00 suricata pcap G	ì`x‹2021-05-05T23:08:23.057561+02:00 suricata pcap G	ì`”‹2021-05-05T23:08:23.057582+02:00 suricata pcap <14>May  5 23:06:09 win10 Microsoft-Windows-Security-Auditing[4]: A handle to an object was requested.    Subject:  	Security ID:		S-1-5-18  	Account Name:		WIN10$  	Account Domain:		WORKGROUP  	Logon ID:		0x3E7    Object:  	Object Server:		Security  	Object Type:		Process  	Object Name:		\Device\HarddiskVolume2\Windows\System32\lsass.exe  	Handle ID:		0x5d8  	Resource Attributes:	-    Process Information:  	Process ID:		0xd84  	Process Name:		C:\Windows\System32\wbem\WmiPrvSE.exe    Access Request Information:  	Transaction ID:		{00000000-0000-0000-0000-000000000000}  	Accesses:		Read from process memory  				Query process information  				Undefined Access (no effect) Bit 12  				  	Access Reasons:		-  	Access Mask:		0x1410  	Privileges Used for Access Check:	-  	Restricted SID Count:	0
2021-05-05T23:08:23.057596+02:00 suricata pcap G	ì`Oﬂ2021-05-05T23:08:23.057617+02:00 suricata pcap <14>May  5 23:06:09 win10 Microsoft-Windows-Security-Auditing[4]: A handle to an object was requested.    Subject:  	Security ID:		S-1-5-18  	Account Name:		WIN10$  	Account Domain:		WORKGROUP  	Logon ID:		0x3E7    Object:  	Object Server:		Security  	Object Type:		Process  	Object Name:		\Device\HarddiskVolume2\Windows\System32\lsass.exe  	Handle ID:		0x5d8  	Resource Attributes:	-    Process Information:  	Process ID:		0xd84  	Process Name:		C:\Windows\System32\wbem\WmiPrvSE.exe    Access Request Information:  	Transaction ID:		{00000000-0000-0000-0000-000000000000}  	Accesses:		Read from process memory  				Query process information  				Undefined Access (no effect) Bit 12  				  	Access Reasons:		-  	Access Mask:		0x1410  	Privileges Used for Access Check:	-  	Restricted SID Count:	0
2021-05-05T23:08:23.057632+02:00 suricata pcap G	ì`ßﬂ2021-05-05T23:08:23.058280+02:00 suricata pcap <14>May  5 23:06:09 win10 Microsoft-Windows-Security-Auditing[4]: A handle to an object was requested.    Subject:  	Security ID:		S-1-5-18  	Account Name:		WIN10$  	Account Domain:		WORKGROUP  	Logon ID:		0x3E7    Object:  	Object Server:		Security  	Object Type:		Process  	Object Name:		\Device\HarddiskVolume2\Windows\System32\lsass.exe  	Handle ID:		0x5d8  	Resource Attributes:	-    Process Information:  	Process ID:		0xd84  	Process Name:		C:\Windows\System32\wbem\WmiPrvSE.exe    Access Request Information:  	Transaction ID:		{00000000-0000-0000-0000-000000000000}  	Accesses:		Read from process memory  				Query process information  				Undefined Access (no effect) Bit 12  				  	Access Reasons:		-  	Access Mask:		0x1410  	Privileges Used for Access Check:	-  	Restricted SID Count:	0
2021-05-05T23:08:23.058310+02:00 suricata pcap G	ì`◊ﬂ2021-05-05T23:08:23.058322+02:00 suricata pcap <14>May  5 23:06:09 win10 Microsoft-Windows-Security-Auditing[4]: The handle to an object was closed.    Subject :  	Security ID:		S-1-5-18  	Account Name:		WIN10$  	Account Domain:		WORKGROUP  	Logon ID:		0x3E7    Object:  	Object Server:		Security  	Handle ID:		0x5d8    Process Information:  	Process ID:		0xd84  	Process Name:		C:\Windows\System32\wbem\WmiPrvSE.exe
2021-05-05T23:08:23.058394+02:00 suricata pcap <14>May  5 23:06:09 win10 Microsoft-Windows-Security-Auditing[4]: An attempt was made to duplicate a handle to an object.    Subject:  	Security ID:		S-1-5-18  	Account Name:		WIN10$  	Account Domain:		WORKGROUP  	Logon ID:		0x3E7    Source Handle Information:  	Source Handle ID:	0x684  	Source Process ID:	0xd84    New Handle Information:  	Target Handle ID:	0x3788  	Target Process ID:	0x4
2021-05-05T23:08:23.058413+02:00 suricata pcap G	ì`}‚2021-05-05T23:08:23.058424+02:00 suricata pcap <14>May  5 23:06:09 win10 Microsoft-Windows-Security-Auditing[4]: The handle to an object was closed.    Subject :  	Security ID:		S-1-5-18  	Account Name:		WIN10$  	Account Domain:		WORKGROUP  	Logon ID:		0x3E7    Object:  	Object Server:		Security  	Handle ID:		0x5d8    Process Information:  	Process ID:		0xd84  	Process Name:		C:\Windows\System32\wbem\WmiPrvSE.exe
2021-05-05T23:08:23.058437+02:00 suricata pcap <14>May  5 23:06:09 win10 Microsoft-Windows-Security-Auditing[4]: An attempt was made to duplicate a handle to an object.    Subject:  	Security ID:		S-1-5-18  	Account Name:		WIN10$  	Account Domain:		WORKGROUP  	Logon ID:		0x3E7    Source Handle Information:  	Source Handle ID:	0x684  	Source Process ID:	0xd84    New Handle Information:  	Target Handle ID:	0x3788  	Target Process ID:	0x4
2021-05-05T23:08:23.058462+02:00 suricata pcap G	ì`ˆ‚2021-05-05T23:08:23.059561+02:00 suricata pcap <14>May  5 23:06:09 win10 Microsoft-Windows-Security-Auditing[4]: The handle to an object was closed.    Subject :  	Security ID:		S-1-5-18  	Account Name:		WIN10$  	Account Domain:		WORKGROUP  	Logon ID:		0x3E7    Object:  	Object Server:		Security  	Handle ID:		0x5d8    Process Information:  	Process ID:		0xd84  	Process Name:		C:\Windows\System32\wbem\WmiPrvSE.exe
2021-05-05T23:08:23.059581+02:00 suricata pcap <14>May  5 23:06:09 win10 Microsoft-Windows-Security-Auditing[4]: An attempt was made to duplicate a handle to an object.    Subject:  	Security ID:		S-1-5-18  	Account Name:		WIN10$  	Account Domain:		WORKGROUP  	Logon ID:		0x3E7    Source Handle Information:  	Source Handle ID:	0x684  	Source Process ID:	0xd84    New Handle Information:  	Target Handle ID:	0x3788  	Target Process ID:	0x4
2021-05-05T23:08:23.059600+02:00 suricata pcap G	ì`„2021-05-05T23:08:23.059614+02:00 suricata pcap G	ì`:Â2021-05-05T23:08:23.059628+02:00 suricata pcap G	ì`ØÂ2021-05-05T23:08:23.059659+02:00 suricata pcap G	ì`÷Â2021-05-05T23:08:23.059689+02:00 suricata pcap <14>May  5 23:06:09 win10 Microsoft-Windows-Security-Auditing[4]: An attempt was made to access an object.    Subject:  	Security ID:		S-1-5-18  	Account Name:		WIN10$  	Account Domain:		WORKGROUP  	Logon ID:		0x3E7    Object:  	Object Server:		Security  	Object Type:		Process  	Object Name:		\Device\HarddiskVolume2\Windows\System32\lsass.exe  	Handle ID:		0x684  	Resource Attributes:	-    Process Information:  	Process ID:		0xd84  	Process Name:		C:\Windows\System32\wbem\WmiPrvSE.exe    Access Request Information:  	Accesses:		Read from process memory  				  	Access Mask:		0x10
2021-05-05T23:08:23.060407+02:00 suricata pcap <14>May  5 23:06:09 win10 Microsoft-Windows-Security-Auditing[4]: The hanG	ì`µÁ2021-05-05T23:08:23.060478+02:00 suricata pcap G	ì`õË2021-05-05T23:08:23.060495+02:00 suricata pcap <14>May  5 23:06:09 win10 Microsoft-Windows-Security-Auditing[4]: An attempt was made to access an object.    Subject:  	Security ID:		S-1-5-18  	Account Name:		WIN10$  	Account Domain:		WORKGROUP  	Logon ID:		0x3E7    Object:  	Object Server:		Security  	Object Type:		Process  	Object Name:		\Device\HarddiskVolume2\Windows\System32\lsass.exe  	Handle ID:		0x684  	Resource Attributes:	-    Process Information:  	Process ID:		0xd84  	Process Name:		C:\Windows\System32\wbem\WmiPrvSE.exe    Access Request Information:  	Accesses:		Read from process memory  				  	Access Mask:		0x10
2021-05-05T23:08:23.060508+02:00 suricata pcap <14>May  5 23:06:09 win10 Microsoft-Windows-Security-Auditing[4]: The hanG	ì`™Ë2021-05-05T23:08:23.060534+02:00 suricata pcap G	ì`”Ë2021-05-05T23:08:23.060552+02:00 suricata pcap <14>May  5 23:06:09 win10 Microsoft-Windows-Security-Auditing[4]: An attempt was made to access an object.    Subject:  	Security ID:		S-1-5-18  	Account Name:		WIN10$  	Account Domain:		WORKGROUP  	Logon ID:		0x3E7    Object:  	Object Server:		Security  	Object Type:		Process  	Object Name:		\Device\HarddiskVolume2\Windows\System32\lsass.exe  	Handle ID:		0x684  	Resource Attributes:	-    Process Information:  	Process ID:		0xd84  	Process Name:		C:\Windows\System32\wbem\WmiPrvSE.exe    Access Request Information:  	Accesses:		Read from process memory  				  	Access Mask:		0x10
2021-05-05T23:08:23.060566+02:00 suricata pcap <14>May  5 23:06:09 win10 Microsoft-Windows-Security-Auditing[4]: The hanG	ì`3Ë2021-05-05T23:08:23.060808+02:00 suricata pcap G	ì`È2021-05-05T23:08:23.060836+02:00 suricata pcap <14>May  5 23:06:09 win10 Microsoft-Windows-Security-Auditing[4]: The handle to an object was closed.    Subject :  	Security ID:		S-1-5-18  	Account Name:		WIN10$  	Account Domain:		WORKGROUP  	Logon ID:		0x3E7    Object:  	Object Server:		Security  	Handle ID:		0x2418    Process Information:  	Process ID:		0xd84  	Process Name:		C:\Windows\System32\wbem\WmiPrvSE.exe
2021-05-05T23:08:23.060867+02:00 suricata pcap <14>May  5 23:06:09 win10 Microsoft-Windows-Security-Auditing[4]: A handle to an object was requested.    Subject:  	Security ID:		S-1-5-18  	Account Name:		WIN10$  	Account Domain:		WORKGROUP  	Logon ID:		0x3E7    Object:  	Object Server:		Security  	Object Type:		Process  	Object Name:		\Device\HarddiskVolume2\Windows\System32\lsass.exe  	Handle ID:		0x474  	Resource Attributes:	-    Process Information:  	Process ID:		0xd84  	Process Name:		C:\Windows\System32\wbem\WmiPrvSE.exe    Access Request Information:  	Transaction ID:		{00000000-0000-0000-0000-000000000000}  	Accesses:		Read from process memory  				Query process information  				Undefined Access (no effect) Bit 12  				  	AG	ì`UÎ2021-05-05T23:08:23.060882+02:00 suricata pcap G	ì`ﬂÎ2021-05-05T23:08:23.060893+02:00 suricata pcap <14>May  5 23:06:09 win10 Microsoft-Windows-Security-Auditing[4]: The handle to an object was closed.    Subject :  	Security ID:		S-1-5-18  	Account Name:		WIN10$  	Account Domain:		WORKGROUP  	Logon ID:		0x3E7    Object:  	Object Server:		Security  	Handle ID:		0x2418    Process Information:  	Process ID:		0xd84  	Process Name:		C:\Windows\System32\wbem\WmiPrvSE.exe
2021-05-05T23:08:23.060924+02:00 suricata pcap <14>May  5 23:06:09 win10 Microsoft-Windows-Security-Auditing[4]: A handle to an object was requested.    Subject:  	Security ID:		S-1-5-18  	Account Name:		WIN10$  	Account Domain:		WORKGROUP  	Logon ID:		0x3E7    Object:  	Object Server:		Security  	Object Type:		Process  	Object Name:		\Device\HarddiskVolume2\Windows\System32\lsass.exe  	Handle ID:		0x474  	Resource Attributes:	-    Process Information:  	Process ID:		0xd84  	Process Name:		C:\Windows\System32\wbem\WmiPrvSE.exe    Access Request Information:  	Transaction ID:		{00000000-0000-0000-0000-000000000000}  	Accesses:		Read from process memory  				Query process information  				Undefined Access (no effect) Bit 12  				  	AG	ì`LÏ2021-05-05T23:08:23.060935+02:00 suricata pcap <14>May  5 23:06:09 win10 Microsoft-Windows-Security-Auditing[4]: The handle to an object was closed.    Subject :  	Security ID:		S-1-5-18  	Account Name:		WIN10$  	Account Domain:		WORKGROUP  	Logon ID:		0x3E7    Object:  	Object Server:		Security  	Handle ID:		0x2418    Process Information:  	Process ID:		0xd84  	Process Name:		C:\Windows\System32\wbem\WmiPrvSE.exe
2021-05-05T23:08:23.061592+02:00 suricata pcap <14>May  5 23:06:09 win10 Microsoft-Windows-Security-Auditing[4]: A handle to an object was requested.    Subject:  	Security ID:		S-1-5-18  	Account Name:		WIN10$  	Account Domain:		WORKGROUP  	Logon ID:		0x3E7    Object:  	Object Server:		Security  	Object Type:		Process  	Object Name:		\Device\HarddiskVolume2\Windows\System32\lsass.exe  	Handle ID:		0x474  	Resource Attributes:	-    Process Information:  	Process ID:		0xd84  	Process Name:		C:\Windows\System32\wbem\WmiPrvSE.exe    Access Request Information:  	Transaction ID:		{00000000-0000-0000-0000-000000000000}  	Accesses:		Read from process memory  				Query process information  				Undefined Access (no effect) Bit 12  				  	AG	ì`{Ï2021-05-05T23:08:23.061608+02:00 suricata pcap G	ì`¿Ï2021-05-05T23:08:23.061637+02:00 suricata pcap G	ì`”Ï2021-05-05T23:08:23.061649+02:00 suricata pcap <14>May  5 23:06:09 win10 Microsoft-Windows-Security-Auditing[4]: The handle to an object was closed.    Subject :  	Security ID:		S-1-5-18  	Account Name:		WIN10$  	Account Domain:		WORKGROUP  	Logon ID:		0x3E7    Object:  	Object Server:		Security  	Handle ID:		0x474    Process Information:  	Process ID:		0xd84  	Process Name:		C:\Windows\System32\wbem\WmiPrvSE.exe
2021-05-05T23:08:23.061667+02:00 suricata pcap G	ì`\Ô2021-05-05T23:08:23.061678+02:00 suricata pcap <14>May  5 23:06:09 win10 Microsoft-Windows-Security-Auditing[4]: The handle to an object was closed.    Subject :  	Security ID:		S-1-5-18  	Account Name:		WIN10$  	Account Domain:		WORKGROUP  	Logon ID:		0x3E7    Object:  	Object Server:		Security  	Handle ID:		0x474    Process Information:  	Process ID:		0xd84  	Process Name:		C:\Windows\System32\wbem\WmiPrvSE.exe
2021-05-05T23:08:28.084356+02:00 suricata pcap G	ì`ìÔ2021-05-05T23:08:28.084422+02:00 suricata pcap <14>May  5 23:06:09 win10 Microsoft-Windows-Security-Auditing[4]: The handle to an object was closed.    Subject :  	Security ID:		S-1-5-18  	Account Name:		WIN10$  	Account Domain:		WORKGROUP  	Logon ID:		0x3E7    Object:  	Object Server:		Security  	Handle ID:		0x474    Process Information:  	Process ID:		0xd84  	Process Name:		C:\Windows\System32\wbem\WmiPrvSE.exe
2021-05-05T23:08:28.084443+02:00 suricata pcap G	ì`Ô2021-05-05T23:08:28.084456+02:00 suricata pcap 2021-05-05T23:08:28.084470+02:00 suricata pcap ¿®ã2021-05-05T23:08:28.084493+02:00 suricata pcap 2021-05-05T23:08:28.084501+02:00 suricata pcap 2021-05-05T23:08:28.084510+02:00 suricata pcap 2021-05-05T23:08:28.084519+02:00 suricata pcap ¿®ã2021-05-05T23:08:28.084527+02:00 suricata pcap 2021-05-05T23:08:28.084536+02:00 suricata pcap ¿®ã2021-05-05T23:08:28.084544+02:00 suricata pcap 2021-05-05T23:08:28.084551+02:00 suricata pcap ¿®ã2021-05-05T23:08:28.084560+02:00 suricata pcap 2021-05-05T23:08:28.084569+02:00 suricata pcap 2021-05-05T23:08:28.084584+02:00 suricata pcap 2021-05-05T23:08:28.084605+02:00 suricata pcap 2021-05-05T23:08:28.084670+02:00 suricata pcap K	ì`52021-05-05T23:08:28.084693+02:00 suricata pcap K	ì`Ω52021-05-05T23:08:28.084714+02:00 suricata pcap K	ì`Ì52021-05-05T23:08:28.084724+02:00 suricata pcap K	ì`ù.	2021-05-05T23:08:28.084737+02:00 suricata pcap 2021-05-05T23:08:28.084745+02:00 suricata pcap ¿®ã2021-05-05T23:08:28.084773+02:00 suricata pcap 2021-05-05T23:08:28.085779+02:00 suricata pcap L	ì`öH2021-05-05T23:08:28.085882+02:00 suricata pcap L	ì`OI2021-05-05T23:08:28.085906+02:00 suricata pcap L	ì`"J2021-05-05T23:08:28.085931+02:00 suricata pcap <14>May  5 23:06:14 win10 Microsoft-Windows-Security-Auditing[4]: A handle to an object was requested.    Subject:  	Security ID:		S-1-5-18  	Account Name:		WIN10$  	Account Domain:		WORKGROUP  	Logon ID:		0x3E7    Object:  	Object Server:		Security  	Object Type:		Process  	Object Name:		\Device\HarddiskVolume2\Windows\System32\lsass.exe  	Handle ID:		0x460  	Resource Attributes:	-    Process Information:  	Process ID:		0xd84  	Process Name:		C:\Windows\System32\wbem\WmiPrvSE.exe    Access Request Information:  	Transaction ID:		{00000000-0000-0000-0000-000000000000}  	Accesses:		Read from process memory  				Query process information  				Undefined Access (no effect) Bit 12  				  	Access Reasons:		-  	Access Mask:		0x1410  	Privileges Used for Access Check:	-  	Restricted SID Count:	0
2021-05-05T23:08:28.085948+02:00 suricata pcap L	ì`vM2021-05-05T23:08:28.085974+02:00 suricata pcap <14>May  5 23:06:14 win10 Microsoft-Windows-Security-Auditing[4]: A handle to an object was requested.    Subject:  	Security ID:		S-1-5-18  	Account Name:		WIN10$  	Account Domain:		WORKGROUP  	Logon ID:		0x3E7    Object:  	Object Server:		Security  	Object Type:		Process  	Object Name:		\Device\HarddiskVolume2\Windows\System32\lsass.exe  	Handle ID:		0x460  	Resource Attributes:	-    Process Information:  	Process ID:		0xd84  	Process Name:		C:\Windows\System32\wbem\WmiPrvSE.exe    Access Request Information:  	Transaction ID:		{00000000-0000-0000-0000-000000000000}  	Accesses:		Read from process memory  				Query process information  				Undefined Access (no effect) Bit 12  				  	Access Reasons:		-  	Access Mask:		0x1410  	Privileges Used for Access Check:	-  	Restricted SID Count:	0
