2021-05-05T23:08:09.887827+02:00 suricata pcap <14>May  5 23:05:56 win10 Microsoft-Windows-Security-Auditing[4]: A handle to an object was requested.    Subject:  	Security ID:		S-1-5-18  	Account Name:		WIN10$  	Account Domain:		WORKGROUP  	Logon ID:		0x3E7    Object:  	Object Server:		Security  	Object Type:		Process  	Object Name:		\Device\HarddiskVolume2\Windows\S9	ì`BÖ2021-05-05T23:08:09.887851+02:00 suricata pcap 9	ì`´Ñ2021-05-05T23:08:09.887871+02:00 suricata pcap 9	ì``Ö2021-05-05T23:08:09.887891+02:00 suricata pcap 9	ì`tÖ2021-05-05T23:08:09.887911+02:00 suricata pcap 9	ì`≥Ö2021-05-05T23:08:09.887928+02:00 suricata pcap 9	ì`–â2021-05-05T23:08:09.888410+02:00 suricata pcap 9	ì`Ü2021-05-05T23:08:09.888435+02:00 suricata pcap 9	ì`‡ã2021-05-05T23:08:09.888449+02:00 suricata pcap 9	ì`√á2021-05-05T23:08:09.888475+02:00 suricata pcap 9	ì`å2021-05-05T23:08:09.888492+02:00 suricata pcap 9	ì`;ã2021-05-05T23:08:09.888509+02:00 suricata pcap 9	ì`Hå2021-05-05T23:08:09.888522+02:00 suricata pcap 9	ì`´ç2021-05-05T23:08:09.890112+02:00 suricata pcap 9	ì`Òç2021-05-05T23:08:09.890155+02:00 suricata pcap 9	ì`1é2021-05-05T23:08:09.890178+02:00 suricata pcap 9	ì`\ë2021-05-05T23:08:09.890201+02:00 suricata pcap 9	ì`°ë2021-05-05T23:08:09.890225+02:00 suricata pcap 9	ì`Ìë2021-05-05T23:08:09.891383+02:00 suricata pcap 9	ì`ïî2021-05-05T23:08:09.891408+02:00 suricata pcap 9	ì`Èî2021-05-05T23:08:09.891427+02:00 suricata pcap 9	ì`ï2021-05-05T23:08:09.891441+02:00 suricata pcap 9	ì`ó2021-05-05T23:08:09.891455+02:00 suricata pcap 9	ì`có2021-05-05T23:08:09.891474+02:00 suricata pcap 9	ì`ùó2021-05-05T23:08:09.891488+02:00 suricata pcap 9	ì`]ô2021-05-05T23:08:09.892837+02:00 suricata pcap 9	ì`®ô2021-05-05T23:08:09.892886+02:00 suricata pcap 9	ì`˙ô2021-05-05T23:08:09.892908+02:00 suricata pcap 9	ì`Ÿõ2021-05-05T23:08:09.892922+02:00 suricata pcap 9	ì`(ú2021-05-05T23:08:09.892927+02:00 suricata pcap 9	ì`Xú2021-05-05T23:08:09.892932+02:00 suricata pcap •P˝¨›2021-05-05T23:08:09.892937+02:00 suricata pcap •P˝¨›2021-05-05T23:08:09.892944+02:00 suricata pcap •P˝¨›2021-05-05T23:08:09.892966+02:00 suricata pcap •˝ØWqP 1∏2021-05-05T23:08:09.892971+02:00 suricata pcap 9	ì`ü2021-05-05T23:08:09.892992+02:00 suricata pcap •˝ØWqP 1∏2021-05-05T23:08:09.892999+02:00 suricata pcap 9	ì`Vü2021-05-05T23:08:09.894438+02:00 suricata pcap •˝ØWqP 1∏2021-05-05T23:08:09.894496+02:00 suricata pcap 9	ì`Åü2021-05-05T23:08:09.894527+02:00 suricata pcap 9	ì`Ö¢2021-05-05T23:08:09.894559+02:00 suricata pcap 9	ì`ﬂ¢2021-05-05T23:08:09.894588+02:00 suricata pcap 9	ì`£2021-05-05T23:08:09.894613+02:00 suricata pcap 9	ì`•2021-05-05T23:08:09.895609+02:00 suricata pcap 9	ì`_•2021-05-05T23:08:09.895642+02:00 suricata pcap 9	ì`›•2021-05-05T23:08:09.895662+02:00 suricata pcap <14>May  5 23:05:56 win10 Microsoft-Windows-Security-Auditing[4]: The handle to an object was closed.    Subject :  	Security ID:		S-1-5-18  	Account Name:		WIN10$  	Account Domain:		WORKGROUP  	Logon ID:		0x3E7    Object:  	Object Server:		Security  	Handle ID:		0x36a8    Process Information:  	Process ID:		0xd84  	Process Name:		C:\Windows\System32\wbem\WmiPrvSE.exe
2021-05-05T23:08:09.895686+02:00 suricata pcap 9	ì`¸ß2021-05-05T23:08:09.895701+02:00 suricata pcap <14>May  5 23:05:56 win10 Microsoft-Windows-Security-Auditing[4]: The handle to an object was closed.    Subject :  	Security ID:		S-1-5-18  	Account Name:		WIN10$  	Account Domain:		WORKGROUP  	Logon ID:		0x3E7    Object:  	Object Server:		Security  	Handle ID:		0x36a8    Process Information:  	Process ID:		0xd84  	Process Name:		C:\Windows\System32\wbem\WmiPrvSE.exe
2021-05-05T23:08:09.895715+02:00 suricata pcap 9	ì`K®2021-05-05T23:08:09.895726+02:00 suricata pcap <14>May  5 23:05:56 win10 Microsoft-Windows-Security-Auditing[4]: The handle to an object was closed.    Subject :  	Security ID:		S-1-5-18  	Account Name:		WIN10$  	Account Domain:		WORKGROUP  	Logon ID:		0x3E7    Object:  	Object Server:		Security  	Handle ID:		0x36a8    Process Information:  	Process ID:		0xd84  	Process Name:		C:\Windows\System32\wbem\WmiPrvSE.exe
2021-05-05T23:08:09.895755+02:00 suricata pcap 9	ì`ï®2021-05-05T23:08:09.896251+02:00 suricata pcap <14>May  5 23:05:56 win10 Microsoft-Windows-Security-Auditing[4]: An attempt was made to access an object.    Subject:  	Security ID:		S-1-5-18  	Account Name:		WIN10$  	Account Domain:		WORKGROUP  	Logon ID:		0x3E7    Object:  	Object Server:		Security  	Object Type:		Process  	Object Name:		\Device\HarddiskVolume2\Windows\System32\lsass.exe  	Handle ID:		0x7d0  	Resource Attributes:	-    Process Information:  	Process ID:		0xd84  	Process Name:		C:\Windows\System32\wbem\WmiPrvSE.exe    Access Request Information:  	Accesses:		Read from process memory  				  	Access Mask:		0x10
2021-05-05T23:08:09.896297+02:00 suricata pcap 9	ì`x™2021-05-05T23:08:09.896326+02:00 suricata pcap <14>May  5 23:05:56 win10 Microsoft-Windows-Security-Auditing[4]: An attempt was made to access an object.    Subject:  	Security ID:		S-1-5-18  	Account Name:		WIN10$  	Account Domain:		WORKGROUP  	Logon ID:		0x3E7    Object:  	Object Server:		Security  	Object Type:		Process  	Object Name:		\Device\HarddiskVolume2\Windows\System32\lsass.exe  	Handle ID:		0x7d0  	Resource Attributes:	-    Process Information:  	Process ID:		0xd84  	Process Name:		C:\Windows\System32\wbem\WmiPrvSE.exe    Access Request Information:  	Accesses:		Read from process memory  				  	Access Mask:		0x10
2021-05-05T23:08:09.896364+02:00 suricata pcap 9	ì`ƒ™2021-05-05T23:08:09.896385+02:00 suricata pcap <14>May  5 23:05:56 win10 Microsoft-Windows-Security-Auditing[4]: An attempt was made to access an object.    Subject:  	Security ID:		S-1-5-18  	Account Name:		WIN10$  	Account Domain:		WORKGROUP  	Logon ID:		0x3E7    Object:  	Object Server:		Security  	Object Type:		Process  	Object Name:		\Device\HarddiskVolume2\Windows\System32\lsass.exe  	Handle ID:		0x7d0  	Resource Attributes:	-    Process Information:  	Process ID:		0xd84  	Process Name:		C:\Windows\System32\wbem\WmiPrvSE.exe    Access Request Information:  	Accesses:		Read from process memory  				  	Access Mask:		0x10
2021-05-05T23:08:09.896403+02:00 suricata pcap 9	ì`+´2021-05-05T23:08:09.897344+02:00 suricata pcap <14>May  5 23:05:56 win10 Microsoft-Windows-Security-Auditing[4]: An attempt was made to duplicate a handle to an object.    Subject:  	Security ID:		S-1-5-18  	Account Name:		WIN10$  	Account Domain:		WORKGROUP  	Logon ID:		0x3E7    Source Handle Information:  	Source Handle ID:	0x598  	Source Process ID:	0xd84    New Handle Information:  	Target Handle ID:	0x2418  	Target Process ID:	0x4
2021-05-05T23:08:09.897371+02:00 suricata pcap 9	ì`≠2021-05-05T23:08:09.897385+02:00 suricata pcap <14>May  5 23:05:56 win10 Microsoft-Windows-Security-Auditing[4]: An attempt was made to duplicate a handle to an object.    Subject:  	Security ID:		S-1-5-18  	Account Name:		WIN10$  	Account Domain:		WORKGROUP  	Logon ID:		0x3E7    Source Handle Information:  	Source Handle ID:	0x598  	Source Process ID:	0xd84    New Handle Information:  	Target Handle ID:	0x2418  	Target Process ID:	0x4
2021-05-05T23:08:09.897399+02:00 suricata pcap 9	ì`g≠2021-05-05T23:08:09.897412+02:00 suricata pcap <14>May  5 23:05:56 win10 Microsoft-Windows-Security-Auditing[4]: An attempt was made to duplicate a handle to an object.    Subject:  	Security ID:		S-1-5-18  	Account Name:		WIN10$  	Account Domain:		WORKGROUP  	Logon ID:		0x3E7    Source Handle Information:  	Source Handle ID:	0x598  	Source Process ID:	0xd84    New Handle Information:  	Target Handle ID:	0x2418  	Target Process ID:	0x4
2021-05-05T23:08:09.897425+02:00 suricata pcap 9	ì`∞2021-05-05T23:08:09.897457+02:00 suricata pcap <14>May  5 23:05:56 win10 Microsoft-Windows-Security-Auditing[4]: A handle to an object was requested.    Subject:  	Security ID:		S-1-5-18  	Account Name:		WIN10$  	Account Domain:		WORKGROUP  	Logon ID:		0x3E7    Object:  	Object Server:		Security  	Object Type:		Process  	Object Name:		\Device\HarddiskVolume2\Windows\System32\lsass.exe  	Handle ID:		0x598  	Resource Attributes:	-    Process Information:  	Process ID:		0xd84  	Process Name:		C:\Windows\System32\wbem\WmiPrvSE.exe    Access Request Information:  	Transaction ID:		{00000000-0000-0000-0000-000000000000}  	Accesses:		Read from process memory  				Query process information  				Undefined Access (no effect) Bit 12  				  	Access Reasons:		-  	Access Mask:		0x1410  	Privileges Used for Access Check:	-  	Restricted SID Count:	0
2021-05-05T23:08:09.897485+02:00 suricata pcap <14>May  5 23:05:56 win10 Microsoft-Windows-Security-Auditing[4]: An attempt was made to access an object.    Subject:  	Security ID:		S-1-5-18  	Account Name:		WIN10$  	Account Domain:		WORKGROUP  	Logon ID:		0x3E7    Object:  	Object Server:		Security  	Object Type:		Process  	Object N9	ì`3∞2021-05-05T23:08:09.897670+02:00 suricata pcap 9	ì`á∞2021-05-05T23:08:09.897702+02:00 suricata pcap <14>May  5 23:05:56 win10 Microsoft-Windows-Security-Auditing[4]: A handle to an object was requested.    Subject:  	Security ID:		S-1-5-18  	Account Name:		WIN10$  	Account Domain:		WORKGROUP  	Logon ID:		0x3E7    Object:  	Object Server:		Security  	Object Type:		Process  	Object Name:		\Device\HarddiskVolume2\Windows\System32\lsass.exe  	Handle ID:		0x598  	Resource Attributes:	-    Process Information:  	Process ID:		0xd84  	Process Name:		C:\Windows\System32\wbem\WmiPrvSE.exe    Access Request Information:  	Transaction ID:		{00000000-0000-0000-0000-000000000000}  	Accesses:		Read from process memory  				Query process information  				Undefined Access (no effect) Bit 12  				  	Access Reasons:		-  	Access Mask:		0x1410  	Privileges Used for Access Check:	-  	Restricted SID Count:	0
2021-05-05T23:08:09.897724+02:00 suricata pcap <14>May  5 23:05:56 win10 Microsoft-Windows-Security-Auditing[4]: An attempt was made to access an object.    Subject:  	Security ID:		S-1-5-18  	Account Name:		WIN10$  	Account Domain:		WORKGROUP  	Logon ID:		0x3E7    Object:  	Object Server:		Security  	Object Type:		Process  	Object N9	ì`˝∞2021-05-05T23:08:09.897745+02:00 suricata pcap <14>May  5 23:05:56 win10 Microsoft-Windows-Security-Auditing[4]: A handle to an object was requested.    Subject:  	Security ID:		S-1-5-18  	Account Name:		WIN10$  	Account Domain:		WORKGROUP  	Logon ID:		0x3E7    Object:  	Object Server:		Security  	Object Type:		Process  	Object Name:		\Device\HarddiskVolume2\Windows\System32\lsass.exe  	Handle ID:		0x598  	Resource Attributes:	-    Process Information:  	Process ID:		0xd84  	Process Name:		C:\Windows\System32\wbem\WmiPrvSE.exe    Access Request Information:  	Transaction ID:		{00000000-0000-0000-0000-000000000000}  	Accesses:		Read from process memory  				Query process information  				Undefined Access (no effect) Bit 12  				  	Access Reasons:		-  	Access Mask:		0x1410  	Privileges Used for Access Check:	-  	Restricted SID Count:	0
2021-05-05T23:08:09.897764+02:00 suricata pcap <14>May  5 23:05:56 win10 Microsoft-Windows-Security-Auditing[4]: An attempt was made to access an object.    Subject:  	Security ID:		S-1-5-18  	Account Name:		WIN10$  	Account Domain:		WORKGROUP  	Logon ID:		0x3E7    Object:  	Object Server:		Security  	Object Type:		Process  	Object N9	ì`Ú∞2021-05-05T23:08:09.897774+02:00 suricata pcap 9	ì`C±2021-05-05T23:08:09.899830+02:00 suricata pcap 9	ì`ı∞2021-05-05T23:08:09.899853+02:00 suricata pcap 9	ì`Ã±2021-05-05T23:08:09.899869+02:00 suricata pcap 9	ì`¶≤2021-05-05T23:08:09.899887+02:00 suricata pcap 9	ì`Â≤2021-05-05T23:08:09.899902+02:00 suricata pcap 9	ì`ƒ≥2021-05-05T23:08:09.899916+02:00 suricata pcap 9	ì`>¥2021-05-05T23:08:09.899941+02:00 suricata pcap 9	ì`Yµ2021-05-05T23:08:09.899963+02:00 suricata pcap 9	ì`∫2021-05-05T23:08:09.901493+02:00 suricata pcap 9	ì`g∫2021-05-05T23:08:09.901555+02:00 suricata pcap 9	ì`&ª2021-05-05T23:08:09.901595+02:00 suricata pcap 9	ì`HΩ2021-05-05T23:08:09.901633+02:00 suricata pcap 9	ì`îΩ2021-05-05T23:08:09.901660+02:00 suricata pcap 9	ì`Œ¿2021-05-05T23:08:09.901930+02:00 suricata pcap <14>May  5 23:05:56 win10 Microsoft-Windows-Security-Auditing[4]: The handle to an object was closed.    Subject :  	Security ID:		S-1-5-18  	Account Name:		WIN10$  	Account Domain:		WORKGROUP  	Logon ID:		0x3E7    Object:  	Object Server:		Security  	Handle ID:		0x554    Process Information:  	Process ID:		0xd84  	Process Name:		C:\Windows\System32\wbem\WmiPrvSE.exe
2021-05-05T23:08:09.901948+02:00 suricata pcap <14>May  5 23:05:56 win10 Microsoft-Windows-Security-Auditing[4]: An attempt was made to duplicate a handle to an object.    Subject:  	Security ID:		S-1-5-18  	Account Name:		WIN10$  	Account Domain:		WORKGROUP  	Logon ID:		0x3E7    Source Handle Information:  	Source Handle ID:	0x4d0  	Source Process ID:	0xd84    New Handle Information:  	Target Handle ID:	0x1c68  	Target Process ID:	0x4
2021-05-05T23:08:09.901963+02:00 suricata pcap <14>May  5 23:05:56 win10 Microsoft-Windows-Security-Auditing[4]: The handle to an object was closed.    Sub9	ì`Ï¿2021-05-05T23:08:09.901980+02:00 suricata pcap 9	ì`K¡2021-05-05T23:08:09.901992+02:00 suricata pcap <14>May  5 23:05:56 win10 Microsoft-Windows-Security-Auditing[4]: The handle to an object was closed.    Subject :  	Security ID:		S-1-5-18  	Account Name:		WIN10$  	Account Domain:		WORKGROUP  	Logon ID:		0x3E7    Object:  	Object Server:		Security  	Handle ID:		0x554    Process Information:  	Process ID:		0xd84  	Process Name:		C:\Windows\System32\wbem\WmiPrvSE.exe
2021-05-05T23:08:09.902004+02:00 suricata pcap <14>May  5 23:05:56 win10 Microsoft-Windows-Security-Auditing[4]: An attempt was made to duplicate a handle to an object.    Subject:  	Security ID:		S-1-5-18  	Account Name:		WIN10$  	Account Domain:		WORKGROUP  	Logon ID:		0x3E7    Source Handle Information:  	Source Handle ID:	0x4d0  	Source Process ID:	0xd84    New Handle Information:  	Target Handle ID:	0x1c68  	Target Process ID:	0x4
2021-05-05T23:08:09.902020+02:00 suricata pcap <14>May  5 23:05:56 win10 Microsoft-Windows-Security-Auditing[4]: The handle to an object was closed.    Sub9	ì`v¡2021-05-05T23:08:09.902039+02:00 suricata pcap 9	ì`ﬁ¡2021-05-05T23:08:09.902051+02:00 suricata pcap <14>May  5 23:05:56 win10 Microsoft-Windows-Security-Auditing[4]: The handle to an object was closed.    Subject :  	Security ID:		S-1-5-18  	Account Name:		WIN10$  	Account Domain:		WORKGROUP  	Logon ID:		0x3E7    Object:  	Object Server:		Security  	Handle ID:		0x554    Process Information:  	Process ID:		0xd84  	Process Name:		C:\Windows\System32\wbem\WmiPrvSE.exe
2021-05-05T23:08:09.902670+02:00 suricata pcap <14>May  5 23:05:56 win10 Microsoft-Windows-Security-Auditing[4]: An attempt was made to duplicate a handle to an object.    Subject:  	Security ID:		S-1-5-18  	Account Name:		WIN10$  	Account Domain:		WORKGROUP  	Logon ID:		0x3E7    Source Handle Information:  	Source Handle ID:	0x4d0  	Source Process ID:	0xd84    New Handle Information:  	Target Handle ID:	0x1c68  	Target Process ID:	0x4
2021-05-05T23:08:09.902687+02:00 suricata pcap <14>May  5 23:05:56 win10 Microsoft-Windows-Security-Auditing[4]: The handle to an object was closed.    Sub9	ì`Ì¡2021-05-05T23:08:09.902696+02:00 suricata pcap 9	ì`P¬2021-05-05T23:08:09.902713+02:00 suricata pcap Q2021-05-05T23:08:09.902730+02:00 suricata pcap 9	ì`ƒ¬2021-05-05T23:08:09.902734+02:00 suricata pcap 9	ì``√2021-05-05T23:08:09.902752+02:00 suricata pcap Q2021-05-05T23:08:09.902767+02:00 suricata pcap 9	ì`›√2021-05-05T23:08:09.902771+02:00 suricata pcap 9	ì`ﬂ√2021-05-05T23:08:09.903611+02:00 suricata pcap Q2021-05-05T23:08:09.903642+02:00 suricata pcap 9	ì`#ƒ2021-05-05T23:08:09.903654+02:00 suricata pcap 9	ì`≠»2021-05-05T23:08:09.903665+02:00 suricata pcap <14>May  5 23:05:56 win10 Microsoft-Windows-Security-Auditing[4]: An attempt was made to duplicate a handle to an object.    Subject:  	Security ID:		S-1-5-18  	Account Name:		WIN10$  	Account Domain:		WORKGROUP  	Logon ID:		0x3E7    Source Handle Information:  	Source Handle ID:	0x554  	Source Process ID:	0xd84    New Handle Information:  	Target Handle ID:	0x1c68  	Target Process ID:	0x4
2021-05-05T23:08:09.903675+02:00 suricata pcap <14>May  5 23:05:56 win10 Microsoft-Windows-Security-Auditing[4]: The handle to an object was closed.    Subject :  	Security ID:		S-1-5-18  	Account Name:		WIN10$  	Account Domain:		WORKGROUP  	Logon ID:		0x3E7    Object:  	Object Server:		Security  	Handle ID:		0x1c68    Process Information:  	Process ID:		0xd84  	Process Name:		C:\Windows\System32\wbem\WmiPrvSE.exe
2021-05-05T23:08:09.903693+02:00 suricata pcap <14>May  5 23:05:56 win10 Microsoft-Windows-Security-Auditing[4]: A handle to an object was requested.    Subject:  	Security ID:		S-1-5-18  	Account Name:		WIN10$  	Account Domain:		WORKGROUP  	Logon ID:		0x3E7    Object:  	Object Server:		Security  	Object Type:		Process  	Object Name:		\Device\HarddiskVolume2\Windows\S9	ì`¬»2021-05-05T23:08:09.903706+02:00 suricata pcap 9	ì`…2021-05-05T23:08:09.904019+02:00 suricata pcap <14>May  5 23:05:56 win10 Microsoft-Windows-Security-Auditing[4]: An attempt was made to duplicate a handle to an object.    Subject:  	Security ID:		S-1-5-18  	Account Name:		WIN10$  	Account Domain:		WORKGROUP  	Logon ID:		0x3E7    Source Handle Information:  	Source Handle ID:	0x554  	Source Process ID:	0xd84    New Handle Information:  	Target Handle ID:	0x1c68  	Target Process ID:	0x4
2021-05-05T23:08:09.904034+02:00 suricata pcap <14>May  5 23:05:56 win10 Microsoft-Windows-Security-Auditing[4]: The handle to an object was closed.    Subject :  	Security ID:		S-1-5-18  	Account Name:		WIN10$  	Account Domain:		WORKGROUP  	Logon ID:		0x3E7    Object:  	Object Server:		Security  	Handle ID:		0x1c68    Process Information:  	Process ID:		0xd84  	Process Name:		C:\Windows\System32\wbem\WmiPrvSE.exe
2021-05-05T23:08:09.904053+02:00 suricata pcap <14>May  5 23:05:56 win10 Microsoft-Windows-Security-Auditing[4]: A handle to an object was requested.    Subject:  	Security ID:		S-1-5-18  	Account Name:		WIN10$  	Account Domain:		WORKGROUP  	Logon ID:		0x3E7    Object:  	Object Server:		Security  	Object Type:		Process  	Object Name:		\Device\HarddiskVolume2\Windows\S9	ì`Z…2021-05-05T23:08:09.904067+02:00 suricata pcap 9	ì`l…2021-05-05T23:08:09.904078+02:00 suricata pcap <14>May  5 23:05:56 win10 Microsoft-Windows-Security-Auditing[4]: An attempt was made to duplicate a handle to an object.    Subject:  	Security ID:		S-1-5-18  	Account Name:		WIN10$  	Account Domain:		WORKGROUP  	Logon ID:		0x3E7    Source Handle Information:  	Source Handle ID:	0x554  	Source Process ID:	0xd84    New Handle Information:  	Target Handle ID:	0x1c68  	Target Process ID:	0x4
2021-05-05T23:08:09.904088+02:00 suricata pcap <14>May  5 23:05:56 win10 Microsoft-Windows-Security-Auditing[4]: The handle to an object was closed.    Subject :  	Security ID:		S-1-5-18  	Account Name:		WIN10$  	Account Domain:		WORKGROUP  	Logon ID:		0x3E7    Object:  	Object Server:		Security  	Handle ID:		0x1c68    Process Information:  	Process ID:		0xd84  	Process Name:		C:\Windows\System32\wbem\WmiPrvSE.exe
2021-05-05T23:08:09.904111+02:00 suricata pcap <14>May  5 23:05:56 win10 Microsoft-Windows-Security-Auditing[4]: A handle to an object was requested.    Subject:  	Security ID:		S-1-5-18  	Account Name:		WIN10$  	Account Domain:		WORKGROUP  	Logon ID:		0x3E7    Object:  	Object Server:		Security  	Object Type:		Process  	Object Name:		\Device\HarddiskVolume2\Windows\S9	ì`g 2021-05-05T23:08:09.904409+02:00 suricata pcap 9	ì`è 2021-05-05T23:08:09.904425+02:00 suricata pcap <14>May  5 23:05:56 win10 Microsoft-Windows-Security-Auditing[4]: The handle to an object was closed.    Subject :  	Security ID:		S-1-5-18  	Account Name:		WIN10$  	Account Domain:		WORKGROUP  	Logon ID:		0x3E7    Object:  	Object Server:		Security  	Handle ID:		0x554    Process Information:  	Process ID:		0xd84  	Process Name:		C:\Windows\System32\wbem\WmiPrvSE.exe
2021-05-05T23:08:09.904443+02:00 suricata pcap 9	ì`Ï 2021-05-05T23:08:09.904452+02:00 suricata pcap <14>May  5 23:05:56 win10 Microsoft-Windows-Security-Auditing[4]: The handle to an object was closed.    Subject :  	Security ID:		S-1-5-18  	Account Name:		WIN10$  	Account Domain:		WORKGROUP  	Logon ID:		0x3E7    Object:  	Object Server:		Security  	Handle ID:		0x554    Process Information:  	Process ID:		0xd84  	Process Name:		C:\Windows\System32\wbem\WmiPrvSE.exe
2021-05-05T23:08:09.904469+02:00 suricata pcap 9	ì`LÀ2021-05-05T23:08:09.904478+02:00 suricata pcap <14>May  5 23:05:56 win10 Microsoft-Windows-Security-Auditing[4]: The handle to an object was closed.    Subject :  	Security ID:		S-1-5-18  	Account Name:		WIN10$  	Account Domain:		WORKGROUP  	Logon ID:		0x3E7    Object:  	Object Server:		Security  	Handle ID:		0x554    Process Information:  	Process ID:		0xd84  	Process Name:		C:\Windows\System32\wbem\WmiPrvSE.exe
2021-05-05T23:08:09.904490+02:00 suricata pcap 9	ì`Ã2021-05-05T23:08:09.904500+02:00 suricata pcap <14>May  5 23:05:56 win10 Microsoft-Windows-Security-Auditing[4]: The handle to an object was closed.    Subject :  	Security ID:		S-1-5-18  	Account Name:		WIN10$  	Account Domain:		WORKGROUP  	Logon ID:		0x3E7    Object:  	Object Server:		Security  	Handle ID:		0x1c68    Process Information:  	Process ID:		0xd84  	Process Name:		C:\Windows\System32\wbem\WmiPrvSE.exe
2021-05-05T23:08:09.905312+02:00 suricata pcap 9	ì`rÃ2021-05-05T23:08:09.905332+02:00 suricata pcap <14>May  5 23:05:56 win10 Microsoft-Windows-Security-Auditing[4]: The handle to an object was closed.    Subject :  	Security ID:		S-1-5-18  	Account Name:		WIN10$  	Account Domain:		WORKGROUP  	Logon ID:		0x3E7    Object:  	Object Server:		Security  	Handle ID:		0x1c68    Process Information:  	Process ID:		0xd84  	Process Name:		C:\Windows\System32\wbem\WmiPrvSE.exe
2021-05-05T23:08:09.905344+02:00 suricata pcap 9	ì`“Ã2021-05-05T23:08:09.905353+02:00 suricata pcap <14>May  5 23:05:56 win10 Microsoft-Windows-Security-Auditing[4]: The handle to an object was closed.    Subject :  	Security ID:		S-1-5-18  	Account Name:		WIN10$  	Account Domain:		WORKGROUP  	Logon ID:		0x3E7    Object:  	Object Server:		Security  	Handle ID:		0x1c68    Process Information:  	Process ID:		0xd84  	Process Name:		C:\Windows\System32\wbem\WmiPrvSE.exe
2021-05-05T23:08:09.905372+02:00 suricata pcap 9	ì`mœ2021-05-05T23:08:09.905386+02:00 suricata pcap <14>May  5 23:05:56 win10 Microsoft-Windows-Security-Auditing[4]: An attempt was made to access an object.    Subject:  	Security ID:		S-1-5-18  	Account Name:		WIN10$  	Account Domain:		WORKGROUP  	Logon ID:		0x3E7    Object:  	Object Server:		Security  	Object Type:		Process  	Object Name:		\Device\HarddiskVolume2\Windows\System32\lsass.exe  	Handle ID:		0x554  	Resource Attributes:	-    Process Information:  	Process ID:		0xd84  	Process Name:		C:\Windows\System32\wbem\WmiPrvSE.exe    Access Request Information:  	Accesses:		Read from process memory  				  	Access Mask:		0x10
2021-05-05T23:08:09.905397+02:00 suricata pcap <14>May  5 23:05:56 win10 Microsoft-Windows-Security-Auditing[4]: The han9	ì`äœ2021-05-05T23:08:09.905843+02:00 suricata pcap 9	ì`ﬂœ2021-05-05T23:08:09.905862+02:00 suricata pcap <14>May  5 23:05:56 win10 Microsoft-Windows-Security-Auditing[4]: An attempt was made to access an object.    Subject:  	Security ID:		S-1-5-18  	Account Name:		WIN10$  	Account Domain:		WORKGROUP  	Logon ID:		0x3E7    Object:  	Object Server:		Security  	Object Type:		Process  	Object Name:		\Device\HarddiskVolume2\Windows\System32\lsass.exe  	Handle ID:		0x554  	Resource Attributes:	-    Process Information:  	Process ID:		0xd84  	Process Name:		C:\Windows\System32\wbem\WmiPrvSE.exe    Access Request Information:  	Accesses:		Read from process memory  				  	Access Mask:		0x10
2021-05-05T23:08:09.905873+02:00 suricata pcap <14>May  5 23:05:56 win10 Microsoft-Windows-Security-Auditing[4]: The han9	ì`Ùœ2021-05-05T23:08:09.905892+02:00 suricata pcap 9	ì`Q–2021-05-05T23:08:09.905915+02:00 suricata pcap <14>May  5 23:05:56 win10 Microsoft-Windows-Security-Auditing[4]: An attempt was made to access an object.    Subject:  	Security ID:		S-1-5-18  	Account Name:		WIN10$  	Account Domain:		WORKGROUP  	Logon ID:		0x3E7    Object:  	Object Server:		Security  	Object Type:		Process  	Object Name:		\Device\HarddiskVolume2\Windows\System32\lsass.exe  	Handle ID:		0x554  	Resource Attributes:	-    Process Information:  	Process ID:		0xd84  	Process Name:		C:\Windows\System32\wbem\WmiPrvSE.exe    Access Request Information:  	Accesses:		Read from process memory  				  	Access Mask:		0x10
2021-05-05T23:08:09.905935+02:00 suricata pcap <14>May  5 23:05:56 win10 Microsoft-Windows-Security-Auditing[4]: The han9	ì`l–2021-05-05T23:08:09.905954+02:00 suricata pcap 9	ì`“2021-05-05T23:08:09.905971+02:00 suricata pcap <14>May  5 23:05:56 win10 Microsoft-Windows-Security-Auditing[4]: The handle to an object was closed.    Subject :  	Security ID:		S-1-5-18  	Account Name:		WIN10$  	Account Domain:		WORKGROUP  	Logon ID:		0x3E7    Object:  	Object Server:		Security  	Handle ID:		0x2418    Process Information:  	Process ID:		0xd84  	Process Name:		C:\Windows\System32\wbem\WmiPrvSE.exe
2021-05-05T23:08:09.906408+02:00 suricata pcap <14>May  5 23:05:56 win10 Microsoft-Windows-Security-Auditing[4]: A handle to an object was requested.    Subject:  	Security ID:		S-1-5-18  	Account Name:		WIN10$  	Account Domain:		WORKGROUP  	Logon ID:		0x3E7    Object:  	Object Server:		Security  	Object Type:		Process  	Object Name:		\Device\HarddiskVolume2\Windows\System32\lsass.exe  	Handle ID:		0x7b4  	Resource Attributes:	-    Process Information:  	Process ID:		0xd84  	Process Name:		C:\Windows\System32\wbem\WmiPrvSE.exe    Access Request Information:  	Transaction ID:		{00000000-0000-0000-0000-000000000000}  	Accesses:		Read from process memory  				Query process information  				Undefined Access (no effect) Bit 12  				  	A9	ì`D“2021-05-05T23:08:09.906429+02:00 suricata pcap 9	ì`l“2021-05-05T23:08:09.906438+02:00 suricata pcap <14>May  5 23:05:56 win10 Microsoft-Windows-Security-Auditing[4]: The handle to an object was closed.    Subject :  	Security ID:		S-1-5-18  	Account Name:		WIN10$  	Account Domain:		WORKGROUP  	Logon ID:		0x3E7    Object:  	Object Server:		Security  	Handle ID:		0x2418    Process Information:  	Process ID:		0xd84  	Process Name:		C:\Windows\System32\wbem\WmiPrvSE.exe
2021-05-05T23:08:09.906456+02:00 suricata pcap <14>May  5 23:05:56 win10 Microsoft-Windows-Security-Auditing[4]: A handle to an object was requested.    Subject:  	Security ID:		S-1-5-18  	Account Name:		WIN10$  	Account Domain:		WORKGROUP  	Logon ID:		0x3E7    Object:  	Object Server:		Security  	Object Type:		Process  	Object Name:		\Device\HarddiskVolume2\Windows\System32\lsass.exe  	Handle ID:		0x7b4  	Resource Attributes:	-    Process Information:  	Process ID:		0xd84  	Process Name:		C:\Windows\System32\wbem\WmiPrvSE.exe    Access Request Information:  	Transaction ID:		{00000000-0000-0000-0000-000000000000}  	Accesses:		Read from process memory  				Query process information  				Undefined Access (no effect) Bit 12  				  	A9	ì`ã“2021-05-05T23:08:09.906469+02:00 suricata pcap 9	ì`Ã“2021-05-05T23:08:09.906478+02:00 suricata pcap <14>May  5 23:05:56 win10 Microsoft-Windows-Security-Auditing[4]: The handle to an object was closed.    Subject :  	Security ID:		S-1-5-18  	Account Name:		WIN10$  	Account Domain:		WORKGROUP  	Logon ID:		0x3E7    Object:  	Object Server:		Security  	Handle ID:		0x2418    Process Information:  	Process ID:		0xd84  	Process Name:		C:\Windows\System32\wbem\WmiPrvSE.exe
2021-05-05T23:08:09.906497+02:00 suricata pcap <14>May  5 23:05:56 win10 Microsoft-Windows-Security-Auditing[4]: A handle to an object was requested.    Subject:  	Security ID:		S-1-5-18  	Account Name:		WIN10$  	Account Domain:		WORKGROUP  	Logon ID:		0x3E7    Object:  	Object Server:		Security  	Object Type:		Process  	Object Name:		\Device\HarddiskVolume2\Windows\System32\lsass.exe  	Handle ID:		0x7b4  	Resource Attributes:	-    Process Information:  	Process ID:		0xd84  	Process Name:		C:\Windows\System32\wbem\WmiPrvSE.exe    Access Request Information:  	Transaction ID:		{00000000-0000-0000-0000-000000000000}  	Accesses:		Read from process memory  				Query process information  				Undefined Access (no effect) Bit 12  				  	A9	ì`Ú“2021-05-05T23:08:10.898851+02:00 suricata pcap 9	ì`-‘2021-05-05T23:08:10.898890+02:00 suricata pcap <14>May  5 23:05:56 win10 Microsoft-Windows-Security-Auditing[4]: The handle to an object was closed.    Subject :  	Security ID:		S-1-5-18  	Account Name:		WIN10$  	Account Domain:		WORKGROUP  	Logon ID:		0x3E7    Object:  	Object Server:		Security  	Handle ID:		0x7b4    Process Information:  	Process ID:		0xd84  	Process Name:		C:\Windows\System32\wbem\WmiPrvSE.exe
2021-05-05T23:08:10.898908+02:00 suricata pcap 9	ì`/÷2021-05-05T23:08:10.898920+02:00 suricata pcap <14>May  5 23:05:56 win10 Microsoft-Windows-Security-Auditing[4]: The handle to an object was closed.    Subject :  	Security ID:		S-1-5-18  	Account Name:		WIN10$  	Account Domain:		WORKGROUP  	Logon ID:		0x3E7    Object:  	Object Server:		Security  	Handle ID:		0x7b4    Process Information:  	Process ID:		0xd84  	Process Name:		C:\Windows\System32\wbem\WmiPrvSE.exe
2021-05-05T23:08:10.898938+02:00 suricata pcap 9	ì`Ç÷2021-05-05T23:08:10.898950+02:00 suricata pcap <14>May  5 23:05:56 win10 Microsoft-Windows-Security-Auditing[4]: The handle to an object was closed.    Subject :  	Security ID:		S-1-5-18  	Account Name:		WIN10$  	Account Domain:		WORKGROUP  	Logon ID:		0x3E7    Object:  	Object Server:		Security  	Handle ID:		0x7b4    Process Information:  	Process ID:		0xd84  	Process Name:		C:\Windows\System32\wbem\WmiPrvSE.exe
2021-05-05T23:08:10.898961+02:00 suricata pcap 9	ì`Cÿ2021-05-05T23:08:10.898967+02:00 suricata pcap 2021-05-05T23:08:10.899636+02:00 suricata pcap ¿®ã2021-05-05T23:08:10.899680+02:00 suricata pcap :	ì`G∂2021-05-05T23:08:10.899708+02:00 suricata pcap :	ì`I∑2021-05-05T23:08:10.899732+02:00 suricata pcap :	ì`!∏2021-05-05T23:08:10.899754+02:00 suricata pcap <14>May  5 23:05:57 win10 Microsoft-Windows-Security-Auditing[4]: A handle to an object was requested.    Subject:  	Security ID:		S-1-5-18  	Account Name:		WIN10$  	Account Domain:		WORKGROUP  	Logon ID:		0x3E7    Object:  	Object Server:		Security  	Object Type:		Process  	Object Name:		\Device\HarddiskVolume2\Windows\System32\lsass.exe  	Handle ID:		0x554  	Resource Attributes:	-    Process Information:  	Process ID:		0xd84  	Process Name:		C:\Windows\System32\wbem\WmiPrvSE.exe    Access Request Information:  	Transaction ID:		{00000000-0000-0000-0000-000000000000}  	Accesses:		Read from process memory  				Query process information  				Undefined Access (no effect) Bit 12  				  	Access Reasons:		-  	Access Mask:		0x1410  	Privileges Used for Access Check:	-  	Restricted SID Count:	0
2021-05-05T23:08:10.899774+02:00 suricata pcap <14>May  5 23:05:57 win10 Microsoft-Windows-Security-Auditing[4]: An attempt was made to access an object.    Subject:  	Security ID:		S-1-5-18  	Account Name:		WIN10$  	Account Domain:		WORKGROUP  	Logon ID:		0x3E7    Object:  	Object Server:		Security  	Object Type:		Process  	Object N:	ì`∏2021-05-05T23:08:10.899790+02:00 suricata pcap :	ì`ú∏2021-05-05T23:08:10.900432+02:00 suricata pcap <14>May  5 23:05:57 win10 Microsoft-Windows-Security-Auditing[4]: A handle to an object was requested.    Subject:  	Security ID:		S-1-5-18  	Account Name:		WIN10$  	Account Domain:		WORKGROUP  	Logon ID:		0x3E7    Object:  	Object Server:		Security  	Object Type:		Process  	Object Name:		\Device\HarddiskVolume2\Windows\System32\lsass.exe  	Handle ID:		0x554  	Resource Attributes:	-    Process Information:  	Process ID:		0xd84  	Process Name:		C:\Windows\System32\wbem\WmiPrvSE.exe    Access Request Information:  	Transaction ID:		{00000000-0000-0000-0000-000000000000}  	Accesses:		Read from process memory  				Query process information  				Undefined Access (no effect) Bit 12  				  	Access Reasons:		-  	Access Mask:		0x1410  	Privileges Used for Access Check:	-  	Restricted SID Count:	0
2021-05-05T23:08:10.900466+02:00 suricata pcap <14>May  5 23:05:57 win10 Microsoft-Windows-Security-Auditing[4]: An attempt was made to access an object.    Subject:  	Security ID:		S-1-5-18  	Account Name:		WIN10$  	Account Domain:		WORKGROUP  	Logon ID:		0x3E7    Object:  	Object Server:		Security  	Object Type:		Process  	Object N:	ì`∞∏2021-05-05T23:08:10.900490+02:00 suricata pcap <14>May  5 23:05:57 win10 Microsoft-Windows-Security-Auditing[4]: A handle to an object was requested.    Subject:  	Security ID:		S-1-5-18  	Account Name:		WIN10$  	Account Domain:		WORKGROUP  	Logon ID:		0x3E7    Object:  	Object Server:		Security  	Object Type:		Process  	Object Name:		\Device\HarddiskVolume2\Windows\System32\lsass.exe  	Handle ID:		0x554  	Resource Attributes:	-    Process Information:  	Process ID:		0xd84  	Process Name:		C:\Windows\System32\wbem\WmiPrvSE.exe    Access Request Information:  	Transaction ID:		{00000000-0000-0000-0000-000000000000}  	Accesses:		Read from process memory  				Query process information  				Undefined Access (no effect) Bit 12  				  	Access Reasons:		-  	Access Mask:		0x1410  	Privileges Used for Access Check:	-  	Restricted SID Count:	0
2021-05-05T23:08:10.900509+02:00 suricata pcap <14>May  5 23:05:57 win10 Microsoft-Windows-Security-Auditing[4]: An attempt was made to access an object.    Subject:  	Security ID:		S-1-5-18  	Account Name:		WIN10$  	Account Domain:		WORKGROUP  	Logon ID:		0x3E7    Object:  	Object Server:		Security  	Object Type:		Process  	Object N:	ì`åπ2021-05-05T23:08:10.900521+02:00 suricata pcap :	ì`≈∏2021-05-05T23:08:10.900539+02:00 suricata pcap :	ì`∫2021-05-05T23:08:10.900552+02:00 suricata pcap <14>May  5 23:05:57 win10 Microsoft-Windows-Security-Auditing[4]: An attempt was made to duplicate a handle to an object.    Subject:  	Security ID:		S-1-5-18  	Account Name:		WIN10$  	Account Domain:		WORKGROUP  	Logon ID:		0x3E7    Source Handle Information:  	Source Handle ID:	0x6c4  	Source Process ID:	0xd84    New Handle Information:  	Target Handle ID:	0x2418  	Target Process ID:	0x4
2021-05-05T23:08:10.901566+02:00 suricata pcap :	ì`cª2021-05-05T23:08:10.901603+02:00 suricata pcap <14>May  5 23:05:57 win10 Microsoft-Windows-Security-Auditing[4]: An attempt was made to duplicate a handle to an object.    Subject:  	Security ID:		S-1-5-18  	Account Name:		WIN10$  	Account Domain:		WORKGROUP  	Logon ID:		0x3E7    Source Handle Information:  	Source Handle ID:	0x6c4  	Source Process ID:	0xd84    New Handle Information:  	Target Handle ID:	0x2418  	Target Process ID:	0x4
2021-05-05T23:08:10.901630+02:00 suricata pcap :	ì`¢∫2021-05-05T23:08:10.901652+02:00 suricata pcap :	ì`ª2021-05-05T23:08:10.901675+02:00 suricata pcap <14>May  5 23:05:57 win10 Microsoft-Windows-Security-Auditing[4]: An attempt was made to duplicate a handle to an object.    Subject:  	Security ID:		S-1-5-18  	Account Name:		WIN10$  	Account Domain:		WORKGROUP  	Logon ID:		0x3E7    Source Handle Information:  	Source Handle ID:	0x6c4  	Source Process ID:	0xd84    New Handle Information:  	Target Handle ID:	0x2418  	Target Process ID:	0x4
2021-05-05T23:08:10.901712+02:00 suricata pcap :	ì`æ2021-05-05T23:08:10.901746+02:00 suricata pcap :	ì`◊º2021-05-05T23:08:10.902117+02:00 suricata pcap :	ì`vΩ2021-05-05T23:08:10.902141+02:00 suricata pcap <14>May  5 23:05:57 win10 Microsoft-Windows-Security-Auditing[4]: An attempt was made to access an object.    Subject:  	Security ID:		S-1-5-18  	Account Name:		WIN10$  	Account Domain:		WORKGROUP  	Logon ID:		0x3E7    Object:  	Object Server:		Security  	Object Type:		Process  	Object Name:		\Device\HarddiskVolume2\Windows\System32\lsass.exe  	Handle ID:		0x6c4  	Resource Attributes:	-    Process Information:  	Process ID:		0xd84  	Process Name:		C:\Windows\System32\wbem\WmiPrvSE.exe    Access Request Information:  	Accesses:		Read from process memory  				  	Access Mask:		0x10
2021-05-05T23:08:10.902167+02:00 suricata pcap <14>May  5 23:05:57 win10 Microsoft-Windows-Security-Auditing[4]: The han:	ì`·¿2021-05-05T23:08:10.902184+02:00 suricata pcap <14>May  5 23:05:57 win10 Microsoft-Windows-Security-Auditing[4]: An attempt was made to access an object.    Subject:  	Security ID:		S-1-5-18  	Account Name:		WIN10$  	Account Domain:		WORKGROUP  	Logon ID:		0x3E7    Object:  	Object Server:		Security  	Object Type:		Process  	Object Name:		\Device\HarddiskVolume2\Windows\System32\lsass.exe  	Handle ID:		0x6c4  	Resource Attributes:	-    Process Information:  	Process ID:		0xd84  	Process Name:		C:\Windows\System32\wbem\WmiPrvSE.exe    Access Request Information:  	Accesses:		Read from process memory  				  	Access Mask:		0x10
2021-05-05T23:08:10.902198+02:00 suricata pcap <14>May  5 23:05:57 win10 Microsoft-Windows-Security-Auditing[4]: The han:	ì`yø2021-05-05T23:08:10.902209+02:00 suricata pcap :	ì`¡2021-05-05T23:08:10.902772+02:00 suricata pcap :	ì`¿2021-05-05T23:08:10.902797+02:00 suricata pcap <14>May  5 23:05:57 win10 Microsoft-Windows-Security-Auditing[4]: An attempt was made to access an object.    Subject:  	Security ID:		S-1-5-18  	Account Name:		WIN10$  	Account Domain:		WORKGROUP  	Logon ID:		0x3E7    Object:  	Object Server:		Security  	Object Type:		Process  	Object Name:		\Device\HarddiskVolume2\Windows\System32\lsass.exe  	Handle ID:		0x6c4  	Resource Attributes:	-    Process Information:  	Process ID:		0xd84  	Process Name:		C:\Windows\System32\wbem\WmiPrvSE.exe    Access Request Information:  	Accesses:		Read from process memory  				  	Access Mask:		0x10
2021-05-05T23:08:10.902815+02:00 suricata pcap <14>May  5 23:05:57 win10 Microsoft-Windows-Security-Auditing[4]: The han:	ì`N¡2021-05-05T23:08:10.902829+02:00 suricata pcap :	ì`°¡2021-05-05T23:08:10.902843+02:00 suricata pcap :	ì`∂¿2021-05-05T23:08:10.902860+02:00 suricata pcap :	ì`¥¡2021-05-05T23:08:10.902878+02:00 suricata pcap :	ì`ı¡2021-05-05T23:08:10.902899+02:00 suricata pcap <14>May  5 23:05:57 win10 Microsoft-Windows-Security-Auditing[4]: A handle to an object was requested.    Subject:  	Security ID:		S-1-5-18  	Account Name:		WIN10$  	Account Domain:		WORKGROUP  	Logon ID:		0x3E7    Object:  	Object Server:		Security  	Object Type:		Process  	Object Name:		\Device\HarddiskVolume2\Windows\System32\lsass.exe  	Handle ID:		0x554  	Resource Attributes:	-    Process Information:  	Process ID:		0xd84  	Process Name:		C:\Windows\System32\wbem\WmiPrvSE.exe    Access Request Information:  	Transaction ID:		{00000000-0000-0000-0000-000000000000}  	Accesses:		Read from process memory  				Query process information  				Undefined Access (no effect) Bit 12  				  	Access Reasons:		-  	Access Mask:		0x1410  	Privileges Used for Access Check:	-  	Restricted SID Count:	0
2021-05-05T23:08:10.903244+02:00 suricata pcap <14>May  5 23:05:57 win10 Microsoft-Windows-Security-Auditing[4]: An attempt was made to access an object.    Subject:  	Security ID:		S-1-5-18  	Account Name:		WIN10$  	Account Domain:		WORKGROUP  	Logon ID:		0x3E7    Object:  	Object Server:		Security  	Object Type:		Process  	Object N:	ì`p¬2021-05-05T23:08:10.903271+02:00 suricata pcap :	ì`é¬2021-05-05T23:08:10.903284+02:00 suricata pcap <14>May  5 23:05:57 win10 Microsoft-Windows-Security-Auditing[4]: An attempt was made to duplicate a handle to an object.    Subject:  	Security ID:		S-1-5-18  	Account Name:		WIN10$  	Account Domain:		WORKGROUP  	Logon ID:		0x3E7    Source Handle Information:  	Source Handle ID:	0x598  	Source Process ID:	0xd84    New Handle Information:  	Target Handle ID:	0x36a8  	Target Process ID:	0x4
2021-05-05T23:08:10.903295+02:00 suricata pcap <14>May  5 23:05:57 win10 Microsoft-Windows-Security-Auditing[4]: The handle to an object was closed.    Subject :  	Security ID:		S-1-5-18  	Account Name:		WIN10$  	Account Domain:		WORKGROUP  	Logon ID:		0x3E7    Object:  	Object Server:		Security  	Handle ID:		0x36a8    Process Information:  	Process ID:		0xd84  	Process Name:		C:\Windows\System32\wbem\WmiPrvSE.exe
2021-05-05T23:08:10.903309+02:00 suricata pcap :	ì`^√2021-05-05T23:08:10.903330+02:00 suricata pcap <14>May  5 23:05:57 win10 Microsoft-Windows-Security-Auditing[4]: A handle to an object was requested.    Subject:  	Security ID:		S-1-5-18  	Account Name:		WIN10$  	Account Domain:		WORKGROUP  	Logon ID:		0x3E7    Object:  	Object Server:		Security  	Object Type:		Process  	Object Name:		\Device\HarddiskVolume2\Windows\System32\lsass.exe  	Handle ID:		0x554  	Resource Attributes:	-    Process Information:  	Process ID:		0xd84  	Process Name:		C:\Windows\System32\wbem\WmiPrvSE.exe    Access Request Information:  	Transaction ID:		{00000000-0000-0000-0000-000000000000}  	Accesses:		Read from process memory  				Query process information  				Undefined Access (no effect) Bit 12  				  	Access Reasons:		-  	Access Mask:		0x1410  	Privileges Used for Access Check:	-  	Restricted SID Count:	0
2021-05-05T23:08:10.903506+02:00 suricata pcap <14>May  5 23:05:57 win10 Microsoft-Windows-Security-Auditing[4]: An attempt was made to access an object.    Subject:  	Security ID:		S-1-5-18  	Account Name:		WIN10$  	Account Domain:		WORKGROUP  	Logon ID:		0x3E7    Object:  	Object Server:		Security  	Object Type:		Process  	Object N:	ì`r√2021-05-05T23:08:10.903533+02:00 suricata pcap :	ì`“√2021-05-05T23:08:10.903565+02:00 suricata pcap <14>May  5 23:05:57 win10 Microsoft-Windows-Security-Auditing[4]: A handle to an object was requested.    Subject:  	Security ID:		S-1-5-18  	Account Name:		WIN10$  	Account Domain:		WORKGROUP  	Logon ID:		0x3E7    Object:  	Object Server:		Security  	Object Type:		Process  	Object Name:		\Device\HarddiskVolume2\Windows\System32\lsass.exe  	Handle ID:		0x554  	Resource Attributes:	-    Process Information:  	Process ID:		0xd84  	Process Name:		C:\Windows\System32\wbem\WmiPrvSE.exe    Access Request Information:  	Transaction ID:		{00000000-0000-0000-0000-000000000000}  	Accesses:		Read from process memory  				Query process information  				Undefined Access (no effect) Bit 12  				  	Access Reasons:		-  	Access Mask:		0x1410  	Privileges Used for Access Check:	-  	Restricted SID Count:	0
2021-05-05T23:08:10.903585+02:00 suricata pcap <14>May  5 23:05:57 win10 Microsoft-Windows-Security-Auditing[4]: An attempt was made to access an object.    Subject:  	Security ID:		S-1-5-18  	Account Name:		WIN10$  	Account Domain:		WORKGROUP  	Logon ID:		0x3E7    Object:  	Object Server:		Security  	Object Type:		Process  	Object N:	ì`ƒ2021-05-05T23:08:10.903604+02:00 suricata pcap :	ì`i≈2021-05-05T23:08:10.903616+02:00 suricata pcap <14>May  5 23:05:57 win10 Microsoft-Windows-Security-Auditing[4]: An attempt was made to duplicate a handle to an object.    Subject:  	Security ID:		S-1-5-18  	Account Name:		WIN10$  	Account Domain:		WORKGROUP  	Logon ID:		0x3E7    Source Handle Information:  	Source Handle ID:	0x598  	Source Process ID:	0xd84    New Handle Information:  	Target Handle ID:	0x36a8  	Target Process ID:	0x4
2021-05-05T23:08:10.903627+02:00 suricata pcap <14>May  5 23:05:57 win10 Microsoft-Windows-Security-Auditing[4]: The handle to an object was closed.    Subject :  	Security ID:		S-1-5-18  	Account Name:		WIN10$  	Account Domain:		WORKGROUP  	Logon ID:		0x3E7    Object:  	Object Server:		Security  	Handle ID:		0x36a8    Process Information:  	Process ID:		0xd84  	Process Name:		C:\Windows\System32\wbem\WmiPrvSE.exe
2021-05-05T23:08:10.903640+02:00 suricata pcap :	ì`Í∆2021-05-05T23:08:10.903859+02:00 suricata pcap <14>May  5 23:05:57 win10 Microsoft-Windows-Security-Auditing[4]: An attempt was made to duplicate a handle to an object.    Subject:  	Security ID:		S-1-5-18  	Account Name:		WIN10$  	Account Domain:		WORKGROUP  	Logon ID:		0x3E7    Source Handle Information:  	Source Handle ID:	0x598  	Source Process ID:	0xd84    New Handle Information:  	Target Handle ID:	0x36a8  	Target Process ID:	0x4
2021-05-05T23:08:10.903874+02:00 suricata pcap <14>May  5 23:05:57 win10 Microsoft-Windows-Security-Auditing[4]: The handle to an object was closed.    Subject :  	Security ID:		S-1-5-18  	Account Name:		WIN10$  	Account Domain:		WORKGROUP  	Logon ID:		0x3E7    Object:  	Object Server:		Security  	Handle ID:		0x36a8    Process Information:  	Process ID:		0xd84  	Process Name:		C:\Windows\System32\wbem\WmiPrvSE.exe
2021-05-05T23:08:10.903897+02:00 suricata pcap :	ì`™…2021-05-05T23:08:10.903913+02:00 suricata pcap <14>May  5 23:05:57 win10 Microsoft-Windows-Security-Auditing[4]: An attempt was made to access an object.    Subject:  	Security ID:		S-1-5-18  	Account Name:		WIN10$  	Account Domain:		WORKGROUP  	Logon ID:		0x3E7    Object:  	Object Server:		Security  	Object Type:		Process  	Object Name:		\Device\HarddiskVolume2\Windows\System32\lsass.exe  	Handle ID:		0x598  	Resource Attributes:	-    Process Information:  	Process ID:		0xd84  	Process Name:		C:\Windows\System32\wbem\WmiPrvSE.exe    Access Request Information:  	Accesses:		Read from process memory  				  	Access Mask:		0x10
2021-05-05T23:08:10.903927+02:00 suricata pcap <14>May  5 23:05:57 win10 Microsoft-Windows-Security-Auditing[4]: The han:	ì`ª…2021-05-05T23:08:10.903949+02:00 suricata pcap :	ì` 2021-05-05T23:08:10.903965+02:00 suricata pcap <14>May  5 23:05:57 win10 Microsoft-Windows-Security-Auditing[4]: An attempt was made to access an object.    Subject:  	Security ID:		S-1-5-18  	Account Name:		WIN10$  	Account Domain:		WORKGROUP  	Logon ID:		0x3E7    Object:  	Object Server:		Security  	Object Type:		Process  	Object Name:		\Device\HarddiskVolume2\Windows\System32\lsass.exe  	Handle ID:		0x598  	Resource Attributes:	-    Process Information:  	Process ID:		0xd84  	Process Name:		C:\Windows\System32\wbem\WmiPrvSE.exe    Access Request Information:  	Accesses:		Read from process memory  				  	Access Mask:		0x10
2021-05-05T23:08:10.904718+02:00 suricata pcap <14>May  5 23:05:57 win10 Microsoft-Windows-Security-Auditing[4]: The han:	ì`3 2021-05-05T23:08:10.904747+02:00 suricata pcap :	ì`É 2021-05-05T23:08:10.904763+02:00 suricata pcap <14>May  5 23:05:57 win10 Microsoft-Windows-Security-Auditing[4]: An attempt was made to access an object.    Subject:  	Security ID:		S-1-5-18  	Account Name:		WIN10$  	Account Domain:		WORKGROUP  	Logon ID:		0x3E7    Object:  	Object Server:		Security  	Object Type:		Process  	Object Name:		\Device\HarddiskVolume2\Windows\System32\lsass.exe  	Handle ID:		0x598  	Resource Attributes:	-    Process Information:  	Process ID:		0xd84  	Process Name:		C:\Windows\System32\wbem\WmiPrvSE.exe    Access Request Information:  	Accesses:		Read from process memory  				  	Access Mask:		0x10
2021-05-05T23:08:10.904776+02:00 suricata pcap <14>May  5 23:05:57 win10 Microsoft-Windows-Security-Auditing[4]: The han:	ì`Ø 2021-05-05T23:08:10.904806+02:00 suricata pcap :	ì`†À2021-05-05T23:08:10.904818+02:00 suricata pcap <14>May  5 23:05:57 win10 Microsoft-Windows-Security-Auditing[4]: The handle to an object was closed.    Subject :  	Security ID:		S-1-5-18  	Account Name:		WIN10$  	Account Domain:		WORKGROUP  	Logon ID:		0x3E7    Object:  	Object Server:		Security  	Handle ID:		0x2418    Process Information:  	Process ID:		0xd84  	Process Name:		C:\Windows\System32\wbem\WmiPrvSE.exe
2021-05-05T23:08:10.907401+02:00 suricata pcap :	ì`ZÕ2021-05-05T23:08:10.907420+02:00 suricata pcap <14>May  5 23:05:57 win10 Microsoft-Windows-Security-Auditing[4]: The handle to an object was closed.    Subject :  	Security ID:		S-1-5-18  	Account Name:		WIN10$  	Account Domain:		WORKGROUP  	Logon ID:		0x3E7    Object:  	Object Server:		Security  	Handle ID:		0x2418    Process Information:  	Process ID:		0xd84  	Process Name:		C:\Windows\System32\wbem\WmiPrvSE.exe
2021-05-05T23:08:10.907434+02:00 suricata pcap :	ì`æÕ2021-05-05T23:08:10.907447+02:00 suricata pcap <14>May  5 23:05:57 win10 Microsoft-Windows-Security-Auditing[4]: The handle to an object was closed.    Subject :  	Security ID:		S-1-5-18  	Account Name:		WIN10$  	Account Domain:		WORKGROUP  	Logon ID:		0x3E7    Object:  	Object Server:		Security  	Handle ID:		0x2418    Process Information:  	Process ID:		0xd84  	Process Name:		C:\Windows\System32\wbem\WmiPrvSE.exe
2021-05-05T23:08:10.907475+02:00 suricata pcap :	ì`6Œ2021-05-05T23:08:10.907494+02:00 suricata pcap :	ì`Ä◊2021-05-05T23:08:10.907505+02:00 suricata pcap <14>May  5 23:05:57 win10 Microsoft-Windows-Security-Auditing[4]: The handle to an object was closed.    Subject :  	Security ID:		S-1-5-18  	Account Name:		WIN10$  	Account Domain:		WORKGROUP  	Logon ID:		0x3E7    Object:  	Object Server:		Security  	Handle ID:		0x554    Process Information:  	Process ID:		0xd84  	Process Name:		C:\Windows\System32\wbem\WmiPrvSE.exe
2021-05-05T23:08:10.907519+02:00 suricata pcap :	ì`î◊2021-05-05T23:08:10.907925+02:00 suricata pcap <14>May  5 23:05:57 win10 Microsoft-Windows-Security-Auditing[4]: The handle to an object was closed.    Subject :  	Security ID:		S-1-5-18  	Account Name:		WIN10$  	Account Domain:		WORKGROUP  	Logon ID:		0x3E7    Object:  	Object Server:		Security  	Handle ID:		0x1c68    Process Information:  	Process ID:		0xd84  	Process Name:		C:\Windows\System32\wbem\WmiPrvSE.exe
