2021-05-05T23:09:06.418902+02:00 suricata pcap r	ì`M2021-05-05T23:09:06.419462+02:00 suricata pcap r	ì`s_2021-05-05T23:09:06.419488+02:00 suricata pcap r	ì`;b2021-05-05T23:09:06.419504+02:00 suricata pcap r	ì`zN2021-05-05T23:09:06.419527+02:00 suricata pcap r	ì`§N2021-05-05T23:09:06.419550+02:00 suricata pcap r	ì`ÆU2021-05-05T23:09:06.419567+02:00 suricata pcap r	ì`;W2021-05-05T23:09:06.419747+02:00 suricata pcap <14>May  5 23:06:52 win10 Microsoft-Windows-Security-Auditing[4]: A handle to an object was requested.    Subject:  	Security ID:		S-1-5-18  	Account Name:		WIN10$  	Account Domain:		WORKGROUP  	Logon ID:		0x3E7    Object:  	Object Server:		Security  	Object Type:		Process  	Object Name:		\Device\HarddiskVolume2\Windows\System32\lsass.exe  	Handle ID:		0x598  	Resource Attributes:	-    Process Information:  	Process ID:		0xd84  	Process Name:		C:\Windows\System32\wbem\WmiPrvSE.exe    Access Request Information:  	Transaction ID:		{00000000-0000-0000-0000-000000000000}  	Accesses:		Read from process memory  				Query process information  				Undefined Access (no effect) Bit 12  				  	Access Reasons:		-  	Access Mask:		0x1410  	Privileges Used for Access Check:	-  	Restricted SID Count:	0
2021-05-05T23:09:06.419769+02:00 suricata pcap <14>May  5 23:06:52 win10 Microsoft-Windows-Security-Auditing[4]: An attempt was made to access an object.    Subject:  	Security ID:		S-1-5-18  	Account Name:		WIN10$  	Account Domain:		WORKGROUP  	Logon ID:		0x3E7    Object:  	Object Server:		Security  	Object Type:		Process  	Object Nr	ì`0X2021-05-05T23:09:06.419787+02:00 suricata pcap r	ì` d2021-05-05T23:09:06.419817+02:00 suricata pcap r	ì`ˆd2021-05-05T23:09:06.419839+02:00 suricata pcap <14>May  5 23:06:52 win10 Microsoft-Windows-Security-Auditing[4]: A handle to an object was requested.    Subject:  	Security ID:		S-1-5-18  	Account Name:		WIN10$  	Account Domain:		WORKGROUP  	Logon ID:		0x3E7    Object:  	Object Server:		Security  	Object Type:		Process  	Object Name:		\Device\HarddiskVolume2\Windows\System32\lsass.exe  	Handle ID:		0x598  	Resource Attributes:	-    Process Information:  	Process ID:		0xd84  	Process Name:		C:\Windows\System32\wbem\WmiPrvSE.exe    Access Request Information:  	Transaction ID:		{00000000-0000-0000-0000-000000000000}  	Accesses:		Read from process memory  				Query process information  				Undefined Access (no effect) Bit 12  				  	Access Reasons:		-  	Access Mask:		0x1410  	Privileges Used for Access Check:	-  	Restricted SID Count:	0
2021-05-05T23:09:06.419856+02:00 suricata pcap <14>May  5 23:06:52 win10 Microsoft-Windows-Security-Auditing[4]: An attempt was made to access an object.    Subject:  	Security ID:		S-1-5-18  	Account Name:		WIN10$  	Account Domain:		WORKGROUP  	Logon ID:		0x3E7    Object:  	Object Server:		Security  	Object Type:		Process  	Object Nr	ì`“X2021-05-05T23:09:06.420286+02:00 suricata pcap r	ì`Z2021-05-05T23:09:06.420308+02:00 suricata pcap r	ì`÷[2021-05-05T23:09:06.420328+02:00 suricata pcap r	ì`Ω\2021-05-05T23:09:06.420340+02:00 suricata pcap <14>May  5 23:06:52 win10 Microsoft-Windows-Security-Auditing[4]: The handle to an object was closed.    Subject :  	Security ID:		S-1-5-18  	Account Name:		WIN10$  	Account Domain:		WORKGROUP  	Logon ID:		0x3E7    Object:  	Object Server:		Security  	Handle ID:		0x309c    Process Information:  	Process ID:		0xd84  	Process Name:		C:\Windows\System32\wbem\WmiPrvSE.exe
2021-05-05T23:09:06.420355+02:00 suricata pcap r	ì`Ü^2021-05-05T23:09:06.420366+02:00 suricata pcap <14>May  5 23:06:52 win10 Microsoft-Windows-Security-Auditing[4]: The handle to an object was closed.    Subject :  	Security ID:		S-1-5-18  	Account Name:		WIN10$  	Account Domain:		WORKGROUP  	Logon ID:		0x3E7    Object:  	Object Server:		Security  	Handle ID:		0x309c    Process Information:  	Process ID:		0xd84  	Process Name:		C:\Windows\System32\wbem\WmiPrvSE.exe
2021-05-05T23:09:06.420395+02:00 suricata pcap r	ì`ü_2021-05-05T23:09:06.420801+02:00 suricata pcap r	ì`åa2021-05-05T23:09:06.420829+02:00 suricata pcap r	ì`úb2021-05-05T23:09:06.420847+02:00 suricata pcap r	ì`0d2021-05-05T23:09:06.420894+02:00 suricata pcap r	ì`Se2021-05-05T23:09:06.420908+02:00 suricata pcap <14>May  5 23:06:52 win10 Microsoft-Windows-Security-Auditing[4]: An attempt was made to duplicate a handle to an object.    Subject:  	Security ID:		S-1-5-18  	Account Name:		WIN10$  	Account Domain:		WORKGROUP  	Logon ID:		0x3E7    Source Handle Information:  	Source Handle ID:	0x7d0  	Source Process ID:	0xd84    New Handle Information:  	Target Handle ID:	0x2418  	Target Process ID:	0x4
2021-05-05T23:09:06.420920+02:00 suricata pcap <14>May  5 23:06:52 win10 Microsoft-Windows-Security-Auditing[4]: The handle to an object was closed.    Subject :  	Security ID:		S-1-5-18  	Account Name:		WIN10$  	Account Domain:		WORKGROUP  	Logon ID:		0x3E7    Object:  	Object Server:		Security  	Handle ID:		0x2418    Process Information:  	Process ID:		0xd84  	Process Name:		C:\Windows\System32\wbem\WmiPrvSE.exe
2021-05-05T23:09:06.420943+02:00 suricata pcap r	ì`Uk2021-05-05T23:09:06.421677+02:00 suricata pcap <14>May  5 23:06:52 win10 Microsoft-Windows-Security-Auditing[4]: An attempt was made to duplicate a handle to an object.    Subject:  	Security ID:		S-1-5-18  	Account Name:		WIN10$  	Account Domain:		WORKGROUP  	Logon ID:		0x3E7    Source Handle Information:  	Source Handle ID:	0x7d0  	Source Process ID:	0xd84    New Handle Information:  	Target Handle ID:	0x2418  	Target Process ID:	0x4
2021-05-05T23:09:06.421700+02:00 suricata pcap <14>May  5 23:06:52 win10 Microsoft-Windows-Security-Auditing[4]: The handle to an object was closed.    Subject :  	Security ID:		S-1-5-18  	Account Name:		WIN10$  	Account Domain:		WORKGROUP  	Logon ID:		0x3E7    Object:  	Object Server:		Security  	Handle ID:		0x2418    Process Information:  	Process ID:		0xd84  	Process Name:		C:\Windows\System32\wbem\WmiPrvSE.exe
2021-05-05T23:09:06.421714+02:00 suricata pcap r	ì`2021-05-05T23:09:06.421726+02:00 suricata pcap <14>May  5 23:06:52 win10 Microsoft-Windows-Security-Auditing[4]: An attempt was made to duplicate a handle to an object.    Subject:  	Security ID:		S-1-5-18  	Account Name:		WIN10$  	Account Domain:		WORKGROUP  	Logon ID:		0x3E7    Source Handle Information:  	Source Handle ID:	0x7d0  	Source Process ID:	0xd84    New Handle Information:  	Target Handle ID:	0x2418  	Target Process ID:	0x4
2021-05-05T23:09:06.421738+02:00 suricata pcap <14>May  5 23:06:52 win10 Microsoft-Windows-Security-Auditing[4]: The handle to an object was closed.    Subject :  	Security ID:		S-1-5-18  	Account Name:		WIN10$  	Account Domain:		WORKGROUP  	Logon ID:		0x3E7    Object:  	Object Server:		Security  	Handle ID:		0x2418    Process Information:  	Process ID:		0xd84  	Process Name:		C:\Windows\System32\wbem\WmiPrvSE.exe
2021-05-05T23:09:06.421767+02:00 suricata pcap r	ì`Dl2021-05-05T23:09:06.421790+02:00 suricata pcap r	ì`?n2021-05-05T23:09:06.422725+02:00 suricata pcap r	ì`ön2021-05-05T23:09:06.422788+02:00 suricata pcap r	ì`€n2021-05-05T23:09:06.422801+02:00 suricata pcap <14>May  5 23:06:52 win10 Microsoft-Windows-Security-Auditing[4]: The handle to an object was closed.    Subject :  	Security ID:		S-1-5-18  	Account Name:		WIN10$  	Account Domain:		WORKGROUP  	Logon ID:		0x3E7    Object:  	Object Server:		Security  	Handle ID:		0x7d0    Process Information:  	Process ID:		0xd84  	Process Name:		C:\Windows\System32\wbem\WmiPrvSE.exe
2021-05-05T23:09:06.422830+02:00 suricata pcap r	ì`≈p2021-05-05T23:09:06.422842+02:00 suricata pcap <14>May  5 23:06:52 win10 Microsoft-Windows-Security-Auditing[4]: The handle to an object was closed.    Subject :  	Security ID:		S-1-5-18  	Account Name:		WIN10$  	Account Domain:		WORKGROUP  	Logon ID:		0x3E7    Object:  	Object Server:		Security  	Handle ID:		0x7d0    Process Information:  	Process ID:		0xd84  	Process Name:		C:\Windows\System32\wbem\WmiPrvSE.exe
2021-05-05T23:09:06.422860+02:00 suricata pcap r	ì`q2021-05-05T23:09:06.422871+02:00 suricata pcap <14>May  5 23:06:52 win10 Microsoft-Windows-Security-Auditing[4]: The handle to an object was closed.    Subject :  	Security ID:		S-1-5-18  	Account Name:		WIN10$  	Account Domain:		WORKGROUP  	Logon ID:		0x3E7    Object:  	Object Server:		Security  	Handle ID:		0x7d0    Process Information:  	Process ID:		0xd84  	Process Name:		C:\Windows\System32\wbem\WmiPrvSE.exe
2021-05-05T23:09:06.423477+02:00 suricata pcap r	ì`Aq2021-05-05T23:09:06.423498+02:00 suricata pcap <14>May  5 23:06:53 win10 Microsoft-Windows-Security-Auditing[4]: The handle to an object was closed.    Subject :  	Security ID:		S-1-5-18  	Account Name:		WIN10$  	Account Domain:		WORKGROUP  	Logon ID:		0x3E7    Object:  	Object Server:		Security  	Handle ID:		0x309c    Process Information:  	Process ID:		0xd84  	Process Name:		C:\Windows\System32\wbem\WmiPrvSE.exe
2021-05-05T23:09:06.423512+02:00 suricata pcap r	ì`s2021-05-05T23:09:06.423524+02:00 suricata pcap <14>May  5 23:06:53 win10 Microsoft-Windows-Security-Auditing[4]: The handle to an object was closed.    Subject :  	Security ID:		S-1-5-18  	Account Name:		WIN10$  	Account Domain:		WORKGROUP  	Logon ID:		0x3E7    Object:  	Object Server:		Security  	Handle ID:		0x309c    Process Information:  	Process ID:		0xd84  	Process Name:		C:\Windows\System32\wbem\WmiPrvSE.exe
2021-05-05T23:09:06.423538+02:00 suricata pcap r	ì`ms2021-05-05T23:09:06.423550+02:00 suricata pcap <14>May  5 23:06:53 win10 Microsoft-Windows-Security-Auditing[4]: The handle to an object was closed.    Subject :  	Security ID:		S-1-5-18  	Account Name:		WIN10$  	Account Domain:		WORKGROUP  	Logon ID:		0x3E7    Object:  	Object Server:		Security  	Handle ID:		0x309c    Process Information:  	Process ID:		0xd84  	Process Name:		C:\Windows\System32\wbem\WmiPrvSE.exe
2021-05-05T23:09:06.423579+02:00 suricata pcap r	ì`ös2021-05-05T23:09:06.423597+02:00 suricata pcap <14>May  5 23:06:53 win10 Microsoft-Windows-Security-Auditing[4]: An attempt was made to access an object.    Subject:  	Security ID:		S-1-5-18  	Account Name:		WIN10$  	Account Domain:		WORKGROUP  	Logon ID:		0x3E7    Object:  	Object Server:		Security  	Object Type:		Process  	Object Name:		\Device\HarddiskVolume2\Windows\System32\lsass.exe  	Handle ID:		0x7d0  	Resource Attributes:	-    Process Information:  	Process ID:		0xd84  	Process Name:		C:\Windows\System32\wbem\WmiPrvSE.exe    Access Request Information:  	Accesses:		Read from process memory  				  	Access Mask:		0x10
2021-05-05T23:09:06.424233+02:00 suricata pcap r	ì`lu2021-05-05T23:09:06.424268+02:00 suricata pcap <14>May  5 23:06:53 win10 Microsoft-Windows-Security-Auditing[4]: An attempt was made to access an object.    Subject:  	Security ID:		S-1-5-18  	Account Name:		WIN10$  	Account Domain:		WORKGROUP  	Logon ID:		0x3E7    Object:  	Object Server:		Security  	Object Type:		Process  	Object Name:		\Device\HarddiskVolume2\Windows\System32\lsass.exe  	Handle ID:		0x7d0  	Resource Attributes:	-    Process Information:  	Process ID:		0xd84  	Process Name:		C:\Windows\System32\wbem\WmiPrvSE.exe    Access Request Information:  	Accesses:		Read from process memory  				  	Access Mask:		0x10
2021-05-05T23:09:06.424291+02:00 suricata pcap r	ì`ıu2021-05-05T23:09:06.424310+02:00 suricata pcap <14>May  5 23:06:53 win10 Microsoft-Windows-Security-Auditing[4]: An attempt was made to access an object.    Subject:  	Security ID:		S-1-5-18  	Account Name:		WIN10$  	Account Domain:		WORKGROUP  	Logon ID:		0x3E7    Object:  	Object Server:		Security  	Object Type:		Process  	Object Name:		\Device\HarddiskVolume2\Windows\System32\lsass.exe  	Handle ID:		0x7d0  	Resource Attributes:	-    Process Information:  	Process ID:		0xd84  	Process Name:		C:\Windows\System32\wbem\WmiPrvSE.exe    Access Request Information:  	Accesses:		Read from process memory  				  	Access Mask:		0x10
2021-05-05T23:09:06.424361+02:00 suricata pcap r	ì`'v2021-05-05T23:09:06.424378+02:00 suricata pcap <14>May  5 23:06:53 win10 Microsoft-Windows-Security-Auditing[4]: An attempt was made to duplicate a handle to an object.    Subject:  	Security ID:		S-1-5-18  	Account Name:		WIN10$  	Account Domain:		WORKGROUP  	Logon ID:		0x3E7    Source Handle Information:  	Source Handle ID:	0x354  	Source Process ID:	0xd84    New Handle Information:  	Target Handle ID:	0x309c  	Target Process ID:	0x4
2021-05-05T23:09:06.424860+02:00 suricata pcap <14>May  5 23:06:53 win10 Microsoft-Windows-Security-Auditing[4]: The handle to an object was closed.    Subject :  	Security ID:		S-1-5-18  	Account Name:		WIN10$  	Account Domain:		WORKGROUP  	Logon ID:		0x3E7    Object:  	Object Server:		Security  	Handle ID:		0x309c    Process Information:  	Process ID:		0xd84  	Process Name:		C:\Windows\System32\wbem\WmiPrvSE.exe
2021-05-05T23:09:06.424882+02:00 suricata pcap r	ì`x2021-05-05T23:09:06.424895+02:00 suricata pcap <14>May  5 23:06:53 win10 Microsoft-Windows-Security-Auditing[4]: An attempt was made to duplicate a handle to an object.    Subject:  	Security ID:		S-1-5-18  	Account Name:		WIN10$  	Account Domain:		WORKGROUP  	Logon ID:		0x3E7    Source Handle Information:  	Source Handle ID:	0x354  	Source Process ID:	0xd84    New Handle Information:  	Target Handle ID:	0x309c  	Target Process ID:	0x4
2021-05-05T23:09:06.424919+02:00 suricata pcap <14>May  5 23:06:53 win10 Microsoft-Windows-Security-Auditing[4]: The handle to an object was closed.    Subject :  	Security ID:		S-1-5-18  	Account Name:		WIN10$  	Account Domain:		WORKGROUP  	Logon ID:		0x3E7    Object:  	Object Server:		Security  	Handle ID:		0x309c    Process Information:  	Process ID:		0xd84  	Process Name:		C:\Windows\System32\wbem\WmiPrvSE.exe
2021-05-05T23:09:06.424933+02:00 suricata pcap r	ì`cx2021-05-05T23:09:06.424946+02:00 suricata pcap <14>May  5 23:06:53 win10 Microsoft-Windows-Security-Auditing[4]: An attempt was made to duplicate a handle to an object.    Subject:  	Security ID:		S-1-5-18  	Account Name:		WIN10$  	Account Domain:		WORKGROUP  	Logon ID:		0x3E7    Source Handle Information:  	Source Handle ID:	0x354  	Source Process ID:	0xd84    New Handle Information:  	Target Handle ID:	0x309c  	Target Process ID:	0x4
2021-05-05T23:09:06.424957+02:00 suricata pcap <14>May  5 23:06:53 win10 Microsoft-Windows-Security-Auditing[4]: The handle to an object was closed.    Subject :  	Security ID:		S-1-5-18  	Account Name:		WIN10$  	Account Domain:		WORKGROUP  	Logon ID:		0x3E7    Object:  	Object Server:		Security  	Handle ID:		0x309c    Process Information:  	Process ID:		0xd84  	Process Name:		C:\Windows\System32\wbem\WmiPrvSE.exe
2021-05-05T23:09:06.424989+02:00 suricata pcap r	ì`¶z2021-05-05T23:09:06.425007+02:00 suricata pcap <14>May  5 23:06:53 win10 Microsoft-Windows-Security-Auditing[4]: An attempt was made to access an object.    Subject:  	Security ID:		S-1-5-18  	Account Name:		WIN10$  	Account Domain:		WORKGROUP  	Logon ID:		0x3E7    Object:  	Object Server:		Security  	Object Type:		Process  	Object Name:		\Device\HarddiskVolume2\Windows\System32\lsass.exe  	Handle ID:		0x354  	Resource Attributes:	-    Process Information:  	Process ID:		0xd84  	Process Name:		C:\Windows\System32\wbem\WmiPrvSE.exe    Access Request Information:  	Accesses:		Read from process memory  				  	Access Mask:		0x10
2021-05-05T23:09:06.425444+02:00 suricata pcap <14>May  5 23:06:53 win10 Microsoft-Windows-Security-Auditing[4]: The hanr	ì`„z2021-05-05T23:09:06.425474+02:00 suricata pcap r	ì`{2021-05-05T23:09:06.425490+02:00 suricata pcap <14>May  5 23:06:53 win10 Microsoft-Windows-Security-Auditing[4]: An attempt was made to access an object.    Subject:  	Security ID:		S-1-5-18  	Account Name:		WIN10$  	Account Domain:		WORKGROUP  	Logon ID:		0x3E7    Object:  	Object Server:		Security  	Object Type:		Process  	Object Name:		\Device\HarddiskVolume2\Windows\System32\lsass.exe  	Handle ID:		0x354  	Resource Attributes:	-    Process Information:  	Process ID:		0xd84  	Process Name:		C:\Windows\System32\wbem\WmiPrvSE.exe    Access Request Information:  	Accesses:		Read from process memory  				  	Access Mask:		0x10
2021-05-05T23:09:06.425503+02:00 suricata pcap <14>May  5 23:06:53 win10 Microsoft-Windows-Security-Auditing[4]: The hanr	ì`K{2021-05-05T23:09:06.425531+02:00 suricata pcap r	ì`j{2021-05-05T23:09:06.425595+02:00 suricata pcap <14>May  5 23:06:53 win10 Microsoft-Windows-Security-Auditing[4]: An attempt was made to access an object.    Subject:  	Security ID:		S-1-5-18  	Account Name:		WIN10$  	Account Domain:		WORKGROUP  	Logon ID:		0x3E7    Object:  	Object Server:		Security  	Object Type:		Process  	Object Name:		\Device\HarddiskVolume2\Windows\System32\lsass.exe  	Handle ID:		0x354  	Resource Attributes:	-    Process Information:  	Process ID:		0xd84  	Process Name:		C:\Windows\System32\wbem\WmiPrvSE.exe    Access Request Information:  	Accesses:		Read from process memory  				  	Access Mask:		0x10
2021-05-05T23:09:06.426682+02:00 suricata pcap <14>May  5 23:06:53 win10 Microsoft-Windows-Security-Auditing[4]: The hanr	ì`ò{2021-05-05T23:09:06.426731+02:00 suricata pcap r	ì`$|2021-05-05T23:09:06.426754+02:00 suricata pcap r	ì`·|2021-05-05T23:09:06.426769+02:00 suricata pcap r	ì`~2021-05-05T23:09:06.426788+02:00 suricata pcap r	ì`ûÄ2021-05-05T23:09:06.426808+02:00 suricata pcap <14>May  5 23:06:53 win10 Microsoft-Windows-Security-Auditing[4]: A handle to an object was requested.    Subject:  	Security ID:		S-1-5-18  	Account Name:		WIN10$  	Account Domain:		WORKGROUP  	Logon ID:		0x3E7    Object:  	Object Server:		Security  	Object Type:		Process  	Object Name:		\Device\HarddiskVolume2\Windows\System32\lsass.exe  	Handle ID:		0x6c4  	Resource Attributes:	-    Process Information:  	Process ID:		0xd84  	Process Name:		C:\Windows\System32\wbem\WmiPrvSE.exe    Access Request Information:  	Transaction ID:		{00000000-0000-0000-0000-000000000000}  	Accesses:		Read from process memory  				Query process information  				Undefined Access (no effect) Bit 12  				  	Access Reasons:		-  	Access Mask:		0x1410  	Privileges Used for Access Check:	-  	Restricted SID Count:	0
2021-05-05T23:09:06.426831+02:00 suricata pcap <14>May  5 23:06:53 win10 Microsoft-Windows-Security-Auditing[4]: An attempt was made to access an object.    Subject:  	Security ID:		S-1-5-18  	Account Name:		WIN10$  	Account Domain:		WORKGROUP  	Logon ID:		0x3E7    Object:  	Object Server:		Security  	Object Type:		Process  	Object Nr	ì`úÅ2021-05-05T23:09:06.427313+02:00 suricata pcap r	ì`ÌÅ2021-05-05T23:09:06.427354+02:00 suricata pcap <14>May  5 23:06:53 win10 Microsoft-Windows-Security-Auditing[4]: A handle to an object was requested.    Subject:  	Security ID:		S-1-5-18  	Account Name:		WIN10$  	Account Domain:		WORKGROUP  	Logon ID:		0x3E7    Object:  	Object Server:		Security  	Object Type:		Process  	Object Name:		\Device\HarddiskVolume2\Windows\System32\lsass.exe  	Handle ID:		0x6c4  	Resource Attributes:	-    Process Information:  	Process ID:		0xd84  	Process Name:		C:\Windows\System32\wbem\WmiPrvSE.exe    Access Request Information:  	Transaction ID:		{00000000-0000-0000-0000-000000000000}  	Accesses:		Read from process memory  				Query process information  				Undefined Access (no effect) Bit 12  				  	Access Reasons:		-  	Access Mask:		0x1410  	Privileges Used for Access Check:	-  	Restricted SID Count:	0
2021-05-05T23:09:06.427374+02:00 suricata pcap <14>May  5 23:06:53 win10 Microsoft-Windows-Security-Auditing[4]: An attempt was made to access an object.    Subject:  	Security ID:		S-1-5-18  	Account Name:		WIN10$  	Account Domain:		WORKGROUP  	Logon ID:		0x3E7    Object:  	Object Server:		Security  	Object Type:		Process  	Object Nr	ì`Ç2021-05-05T23:09:06.427388+02:00 suricata pcap r	ì`aÇ2021-05-05T23:09:06.427409+02:00 suricata pcap <14>May  5 23:06:53 win10 Microsoft-Windows-Security-Auditing[4]: A handle to an object was requested.    Subject:  	Security ID:		S-1-5-18  	Account Name:		WIN10$  	Account Domain:		WORKGROUP  	Logon ID:		0x3E7    Object:  	Object Server:		Security  	Object Type:		Process  	Object Name:		\Device\HarddiskVolume2\Windows\System32\lsass.exe  	Handle ID:		0x6c4  	Resource Attributes:	-    Process Information:  	Process ID:		0xd84  	Process Name:		C:\Windows\System32\wbem\WmiPrvSE.exe    Access Request Information:  	Transaction ID:		{00000000-0000-0000-0000-000000000000}  	Accesses:		Read from process memory  				Query process information  				Undefined Access (no effect) Bit 12  				  	Access Reasons:		-  	Access Mask:		0x1410  	Privileges Used for Access Check:	-  	Restricted SID Count:	0
2021-05-05T23:09:06.427428+02:00 suricata pcap <14>May  5 23:06:53 win10 Microsoft-Windows-Security-Auditing[4]: An attempt was made to access an object.    Subject:  	Security ID:		S-1-5-18  	Account Name:		WIN10$  	Account Domain:		WORKGROUP  	Logon ID:		0x3E7    Object:  	Object Server:		Security  	Object Type:		Process  	Object Nr	ì`tÇ2021-05-05T23:09:07.436269+02:00 suricata pcap r	ì`ÆÇ2021-05-05T23:09:07.436317+02:00 suricata pcap r	ì`ÏÑ2021-05-05T23:09:07.436334+02:00 suricata pcap r	ì`ÖÑ2021-05-05T23:09:07.436347+02:00 suricata pcap r	ì`{â2021-05-05T23:09:07.436354+02:00 suricata pcap 2021-05-05T23:09:07.436368+02:00 suricata pcap ¿®ã2021-05-05T23:09:07.436384+02:00 suricata pcap s	ì`Kü2021-05-05T23:09:07.436399+02:00 suricata pcap s	ì`A†2021-05-05T23:09:07.436416+02:00 suricata pcap s	ì`§†2021-05-05T23:09:07.436771+02:00 suricata pcap <14>May  5 23:06:53 win10 Microsoft-Windows-Security-Auditing[4]: A handle to an object was requested.    Subject:  	Security ID:		S-1-5-18  	Account Name:		WIN10$  	Account Domain:		WORKGROUP  	Logon ID:		0x3E7    Object:  	Object Server:		Security  	Object Type:		Process  	Object Name:		\Device\HarddiskVolume2\Windows\System32\lsass.exe  	Handle ID:		0x354  	Resource Attributes:	-    Process Information:  	Process ID:		0xd84  	Process Name:		C:\Windows\System32\wbem\WmiPrvSE.exe    Access Request Information:  	Transaction ID:		{00000000-0000-0000-0000-000000000000}  	Accesses:		Read from process memory  				Query process information  				Undefined Access (no effect) Bit 12  				  	Access Reasons:		-  	Access Mask:		0x1410  	Privileges Used for Access Check:	-  	Restricted SID Count:	0
2021-05-05T23:09:07.436827+02:00 suricata pcap <14>May  5 23:06:53 win10 Microsoft-Windows-Security-Auditing[4]: An attempt was made to access an object.    Subject:  	Security ID:		S-1-5-18  	Account Name:		WIN10$  	Account Domain:		WORKGROUP  	Logon ID:		0x3E7    Object:  	Object Server:		Security  	Object Type:		Process  	Object Ns	ì`Rß2021-05-05T23:09:07.436849+02:00 suricata pcap <14>May  5 23:06:53 win10 Microsoft-Windows-Security-Auditing[4]: A handle to an object was requested.    Subject:  	Security ID:		S-1-5-18  	Account Name:		WIN10$  	Account Domain:		WORKGROUP  	Logon ID:		0x3E7    Object:  	Object Server:		Security  	Object Type:		Process  	Object Name:		\Device\HarddiskVolume2\Windows\System32\lsass.exe  	Handle ID:		0x354  	Resource Attributes:	-    Process Information:  	Process ID:		0xd84  	Process Name:		C:\Windows\System32\wbem\WmiPrvSE.exe    Access Request Information:  	Transaction ID:		{00000000-0000-0000-0000-000000000000}  	Accesses:		Read from process memory  				Query process information  				Undefined Access (no effect) Bit 12  				  	Access Reasons:		-  	Access Mask:		0x1410  	Privileges Used for Access Check:	-  	Restricted SID Count:	0
2021-05-05T23:09:07.436867+02:00 suricata pcap <14>May  5 23:06:53 win10 Microsoft-Windows-Security-Auditing[4]: An attempt was made to access an object.    Subject:  	Security ID:		S-1-5-18  	Account Name:		WIN10$  	Account Domain:		WORKGROUP  	Logon ID:		0x3E7    Object:  	Object Server:		Security  	Object Type:		Process  	Object Ns	ì`Ü¶2021-05-05T23:09:07.436879+02:00 suricata pcap s	ì`…ß2021-05-05T23:09:07.436893+02:00 suricata pcap s	ì`ß2021-05-05T23:09:07.436915+02:00 suricata pcap <14>May  5 23:06:53 win10 Microsoft-Windows-Security-Auditing[4]: A handle to an object was requested.    Subject:  	Security ID:		S-1-5-18  	Account Name:		WIN10$  	Account Domain:		WORKGROUP  	Logon ID:		0x3E7    Object:  	Object Server:		Security  	Object Type:		Process  	Object Name:		\Device\HarddiskVolume2\Windows\System32\lsass.exe  	Handle ID:		0x354  	Resource Attributes:	-    Process Information:  	Process ID:		0xd84  	Process Name:		C:\Windows\System32\wbem\WmiPrvSE.exe    Access Request Information:  	Transaction ID:		{00000000-0000-0000-0000-000000000000}  	Accesses:		Read from process memory  				Query process information  				Undefined Access (no effect) Bit 12  				  	Access Reasons:		-  	Access Mask:		0x1410  	Privileges Used for Access Check:	-  	Restricted SID Count:	0
2021-05-05T23:09:07.439108+02:00 suricata pcap <14>May  5 23:06:53 win10 Microsoft-Windows-Security-Auditing[4]: An attempt was made to access an object.    Subject:  	Security ID:		S-1-5-18  	Account Name:		WIN10$  	Account Domain:		WORKGROUP  	Logon ID:		0x3E7    Object:  	Object Server:		Security  	Object Type:		Process  	Object Ns	ì`Ãß2021-05-05T23:09:07.439150+02:00 suricata pcap s	ì`ß2021-05-05T23:09:07.439166+02:00 suricata pcap <14>May  5 23:06:53 win10 Microsoft-Windows-Security-Auditing[4]: An attempt was made to duplicate a handle to an object.    Subject:  	Security ID:		S-1-5-18  	Account Name:		WIN10$  	Account Domain:		WORKGROUP  	Logon ID:		0x3E7    Source Handle Information:  	Source Handle ID:	0x598  	Source Process ID:	0xd84    New Handle Information:  	Target Handle ID:	0x309c  	Target Process ID:	0x4
2021-05-05T23:09:07.439179+02:00 suricata pcap <14>May  5 23:06:53 win10 Microsoft-Windows-Security-Auditing[4]: The handle to an object was closed.    Subject :  	Security ID:		S-1-5-18  	Account Name:		WIN10$  	Account Domain:		WORKGROUP  	Logon ID:		0x3E7    Object:  	Object Server:		Security  	Handle ID:		0x309c    Process Information:  	Process ID:		0xd84  	Process Name:		C:\Windows\System32\wbem\WmiPrvSE.exe
2021-05-05T23:09:07.439203+02:00 suricata pcap <14>May  5 23:06:53 win10 Microsoft-Windows-Security-Auditing[4]: A handle to an object was requested.    Subject:  	Security ID:		S-1-5-18  	Account Name:		WIN10$  	Account Domain:		WORKGROUP  	Logon ID:		0x3E7    Object:  	Object Server:		Security  	Object Type:		Process  	Object Name:		\Device\HarddiskVolume2\Windows\Ss	ì`≤∞2021-05-05T23:09:07.439223+02:00 suricata pcap s	ì`ﬁ∞2021-05-05T23:09:07.439236+02:00 suricata pcap <14>May  5 23:06:53 win10 Microsoft-Windows-Security-Auditing[4]: An attempt was made to duplicate a handle to an object.    Subject:  	Security ID:		S-1-5-18  	Account Name:		WIN10$  	Account Domain:		WORKGROUP  	Logon ID:		0x3E7    Source Handle Information:  	Source Handle ID:	0x598  	Source Process ID:	0xd84    New Handle Information:  	Target Handle ID:	0x309c  	Target Process ID:	0x4
2021-05-05T23:09:07.439791+02:00 suricata pcap <14>May  5 23:06:53 win10 Microsoft-Windows-Security-Auditing[4]: The handle to an object was closed.    Subject :  	Security ID:		S-1-5-18  	Account Name:		WIN10$  	Account Domain:		WORKGROUP  	Logon ID:		0x3E7    Object:  	Object Server:		Security  	Handle ID:		0x309c    Process Information:  	Process ID:		0xd84  	Process Name:		C:\Windows\System32\wbem\WmiPrvSE.exe
2021-05-05T23:09:07.439820+02:00 suricata pcap <14>May  5 23:06:53 win10 Microsoft-Windows-Security-Auditing[4]: A handle to an object was requested.    Subject:  	Security ID:		S-1-5-18  	Account Name:		WIN10$  	Account Domain:		WORKGROUP  	Logon ID:		0x3E7    Object:  	Object Server:		Security  	Object Type:		Process  	Object Name:		\Device\HarddiskVolume2\Windows\Ss	ì`∂±2021-05-05T23:09:07.439833+02:00 suricata pcap <14>May  5 23:06:53 win10 Microsoft-Windows-Security-Auditing[4]: An attempt was made to duplicate a handle to an object.    Subject:  	Security ID:		S-1-5-18  	Account Name:		WIN10$  	Account Domain:		WORKGROUP  	Logon ID:		0x3E7    Source Handle Information:  	Source Handle ID:	0x598  	Source Process ID:	0xd84    New Handle Information:  	Target Handle ID:	0x309c  	Target Process ID:	0x4
2021-05-05T23:09:07.439845+02:00 suricata pcap <14>May  5 23:06:53 win10 Microsoft-Windows-Security-Auditing[4]: The handle to an object was closed.    Subject :  	Security ID:		S-1-5-18  	Account Name:		WIN10$  	Account Domain:		WORKGROUP  	Logon ID:		0x3E7    Object:  	Object Server:		Security  	Handle ID:		0x309c    Process Information:  	Process ID:		0xd84  	Process Name:		C:\Windows\System32\wbem\WmiPrvSE.exe
2021-05-05T23:09:07.439911+02:00 suricata pcap <14>May  5 23:06:53 win10 Microsoft-Windows-Security-Auditing[4]: A handle to an object was requested.    Subject:  	Security ID:		S-1-5-18  	Account Name:		WIN10$  	Account Domain:		WORKGROUP  	Logon ID:		0x3E7    Object:  	Object Server:		Security  	Object Type:		Process  	Object Name:		\Device\HarddiskVolume2\Windows\Ss	ì`É≤2021-05-05T23:09:07.439929+02:00 suricata pcap s	ì`ª±2021-05-05T23:09:07.440643+02:00 suricata pcap s	ì`π≤2021-05-05T23:09:07.440669+02:00 suricata pcap s	ì`Rµ2021-05-05T23:09:07.440688+02:00 suricata pcap s	ì`≥µ2021-05-05T23:09:07.440707+02:00 suricata pcap s	ì`‰µ2021-05-05T23:09:07.440720+02:00 suricata pcap <14>May  5 23:06:53 win10 Microsoft-Windows-Security-Auditing[4]: An attempt was made to duplicate a handle to an object.    Subject:  	Security ID:		S-1-5-18  	Account Name:		WIN10$  	Account Domain:		WORKGROUP  	Logon ID:		0x3E7    Source Handle Information:  	Source Handle ID:	0x354  	Source Process ID:	0xd84    New Handle Information:  	Target Handle ID:	0x309c  	Target Process ID:	0x4
2021-05-05T23:09:07.440733+02:00 suricata pcap s	ì`_∏2021-05-05T23:09:07.440746+02:00 suricata pcap <14>May  5 23:06:53 win10 Microsoft-Windows-Security-Auditing[4]: An attempt was made to duplicate a handle to an object.    Subject:  	Security ID:		S-1-5-18  	Account Name:		WIN10$  	Account Domain:		WORKGROUP  	Logon ID:		0x3E7    Source Handle Information:  	Source Handle ID:	0x354  	Source Process ID:	0xd84    New Handle Information:  	Target Handle ID:	0x309c  	Target Process ID:	0x4
2021-05-05T23:09:07.440760+02:00 suricata pcap s	ì`ù∏2021-05-05T23:09:07.442281+02:00 suricata pcap <14>May  5 23:06:53 win10 Microsoft-Windows-Security-Auditing[4]: An attempt was made to duplicate a handle to an object.    Subject:  	Security ID:		S-1-5-18  	Account Name:		WIN10$  	Account Domain:		WORKGROUP  	Logon ID:		0x3E7    Source Handle Information:  	Source Handle ID:	0x354  	Source Process ID:	0xd84    New Handle Information:  	Target Handle ID:	0x309c  	Target Process ID:	0x4
2021-05-05T23:09:07.442305+02:00 suricata pcap s	ì`’∏2021-05-05T23:09:07.442340+02:00 suricata pcap s	ì`lª2021-05-05T23:09:07.442354+02:00 suricata pcap s	ì`Àª2021-05-05T23:09:07.442384+02:00 suricata pcap s	ì`!º2021-05-05T23:09:07.442408+02:00 suricata pcap s	ì`Ãæ2021-05-05T23:09:07.443864+02:00 suricata pcap s	ì` ø2021-05-05T23:09:07.443895+02:00 suricata pcap s	ì`fø2021-05-05T23:09:07.443913+02:00 suricata pcap s	ì`Ì¡2021-05-05T23:09:07.443931+02:00 suricata pcap s	ì`Y¬2021-05-05T23:09:07.443950+02:00 suricata pcap s	ì`ó¬2021-05-05T23:09:07.443963+02:00 suricata pcap s	ì`˝ƒ2021-05-05T23:09:07.445132+02:00 suricata pcap s	ì`Y≈2021-05-05T23:09:07.445212+02:00 suricata pcap s	ì`Ö≈2021-05-05T23:09:07.445228+02:00 suricata pcap s	ì`v«2021-05-05T23:09:07.445242+02:00 suricata pcap s	ì`À«2021-05-05T23:09:07.445260+02:00 suricata pcap s	ì`»2021-05-05T23:09:07.445281+02:00 suricata pcap <14>May  5 23:06:53 win10 Microsoft-Windows-Security-Auditing[4]: A handle to an object was requested.    Subject:  	Security ID:		S-1-5-18  	Account Name:		WIN10$  	Account Domain:		WORKGROUP  	Logon ID:		0x3E7    Object:  	Object Server:		Security  	Object Type:		Process  	Object Name:		\Device\HarddiskVolume2\Windows\System32\lsass.exe  	Handle ID:		0x6c4  	Resource Attributes:	-    Process Information:  	Process ID:		0xd84  	Process Name:		C:\Windows\System32\wbem\WmiPrvSE.exe    Access Request Information:  	Transaction ID:		{00000000-0000-0000-0000-000000000000}  	Accesses:		Read from process memory  				Query process information  				Undefined Access (no effect) Bit 12  				  	Access Reasons:		-  	Access Mask:		0x1410  	Privileges Used for Access Check:	-  	Restricted SID Count:	0
2021-05-05T23:09:07.445296+02:00 suricata pcap s	ì` 2021-05-05T23:09:07.445804+02:00 suricata pcap <14>May  5 23:06:53 win10 Microsoft-Windows-Security-Auditing[4]: A handle to an object was requested.    Subject:  	Security ID:		S-1-5-18  	Account Name:		WIN10$  	Account Domain:		WORKGROUP  	Logon ID:		0x3E7    Object:  	Object Server:		Security  	Object Type:		Process  	Object Name:		\Device\HarddiskVolume2\Windows\System32\lsass.exe  	Handle ID:		0x6c4  	Resource Attributes:	-    Process Information:  	Process ID:		0xd84  	Process Name:		C:\Windows\System32\wbem\WmiPrvSE.exe    Access Request Information:  	Transaction ID:		{00000000-0000-0000-0000-000000000000}  	Accesses:		Read from process memory  				Query process information  				Undefined Access (no effect) Bit 12  				  	Access Reasons:		-  	Access Mask:		0x1410  	Privileges Used for Access Check:	-  	Restricted SID Count:	0
2021-05-05T23:09:07.445824+02:00 suricata pcap s	ì`† 2021-05-05T23:09:07.445847+02:00 suricata pcap <14>May  5 23:06:53 win10 Microsoft-Windows-Security-Auditing[4]: A handle to an object was requested.    Subject:  	Security ID:		S-1-5-18  	Account Name:		WIN10$  	Account Domain:		WORKGROUP  	Logon ID:		0x3E7    Object:  	Object Server:		Security  	Object Type:		Process  	Object Name:		\Device\HarddiskVolume2\Windows\System32\lsass.exe  	Handle ID:		0x6c4  	Resource Attributes:	-    Process Information:  	Process ID:		0xd84  	Process Name:		C:\Windows\System32\wbem\WmiPrvSE.exe    Access Request Information:  	Transaction ID:		{00000000-0000-0000-0000-000000000000}  	Accesses:		Read from process memory  				Query process information  				Undefined Access (no effect) Bit 12  				  	Access Reasons:		-  	Access Mask:		0x1410  	Privileges Used for Access Check:	-  	Restricted SID Count:	0
2021-05-05T23:09:07.445890+02:00 suricata pcap s	ì`¨ 2021-05-05T23:09:07.445903+02:00 suricata pcap <14>May  5 23:06:53 win10 Microsoft-Windows-Security-Auditing[4]: The handle to an object was closed.    Subject :  	Security ID:		S-1-5-18  	Account Name:		WIN10$  	Account Domain:		WORKGROUP  	Logon ID:		0x3E7    Object:  	Object Server:		Security  	Handle ID:		0x6c4    Process Information:  	Process ID:		0xd84  	Process Name:		C:\Windows\System32\wbem\WmiPrvSE.exe
2021-05-05T23:09:07.445923+02:00 suricata pcap s	ì`•Ã2021-05-05T23:09:07.445935+02:00 suricata pcap <14>May  5 23:06:53 win10 Microsoft-Windows-Security-Auditing[4]: The handle to an object was closed.    Subject :  	Security ID:		S-1-5-18  	Account Name:		WIN10$  	Account Domain:		WORKGROUP  	Logon ID:		0x3E7    Object:  	Object Server:		Security  	Handle ID:		0x6c4    Process Information:  	Process ID:		0xd84  	Process Name:		C:\Windows\System32\wbem\WmiPrvSE.exe
2021-05-05T23:09:07.447114+02:00 suricata pcap s	ì`˚Ã2021-05-05T23:09:07.447131+02:00 suricata pcap <14>May  5 23:06:53 win10 Microsoft-Windows-Security-Auditing[4]: The handle to an object was closed.    Subject :  	Security ID:		S-1-5-18  	Account Name:		WIN10$  	Account Domain:		WORKGROUP  	Logon ID:		0x3E7    Object:  	Object Server:		Security  	Handle ID:		0x6c4    Process Information:  	Process ID:		0xd84  	Process Name:		C:\Windows\System32\wbem\WmiPrvSE.exe
2021-05-05T23:09:07.447151+02:00 suricata pcap s	ì`,Õ2021-05-05T23:09:07.447173+02:00 suricata pcap <14>May  5 23:06:54 win10 Microsoft-Windows-Security-Auditing[4]: The handle to an object was closed.    Subject :  	Security ID:		S-1-5-18  	Account Name:		WIN10$  	Account Domain:		WORKGROUP  	Logon ID:		0x3E7    Object:  	Object Server:		Security  	Handle ID:		0x2418    Process Information:  	Process ID:		0xd84  	Process Name:		C:\Windows\System32\wbem\WmiPrvSE.exe
2021-05-05T23:09:07.447187+02:00 suricata pcap s	ì`Yœ2021-05-05T23:09:07.447198+02:00 suricata pcap <14>May  5 23:06:54 win10 Microsoft-Windows-Security-Auditing[4]: The handle to an object was closed.    Subject :  	Security ID:		S-1-5-18  	Account Name:		WIN10$  	Account Domain:		WORKGROUP  	Logon ID:		0x3E7    Object:  	Object Server:		Security  	Handle ID:		0x2418    Process Information:  	Process ID:		0xd84  	Process Name:		C:\Windows\System32\wbem\WmiPrvSE.exe
2021-05-05T23:09:07.447212+02:00 suricata pcap s	ì`ßœ2021-05-05T23:09:07.447225+02:00 suricata pcap <14>May  5 23:06:54 win10 Microsoft-Windows-Security-Auditing[4]: The handle to an object was closed.    Subject :  	Security ID:		S-1-5-18  	Account Name:		WIN10$  	Account Domain:		WORKGROUP  	Logon ID:		0x3E7    Object:  	Object Server:		Security  	Handle ID:		0x2418    Process Information:  	Process ID:		0xd84  	Process Name:		C:\Windows\System32\wbem\WmiPrvSE.exe
2021-05-05T23:09:07.448108+02:00 suricata pcap s	ì`ˆœ2021-05-05T23:09:07.448140+02:00 suricata pcap <14>May  5 23:06:54 win10 Microsoft-Windows-Security-Auditing[4]: An attempt was made to access an object.    Subject:  	Security ID:		S-1-5-18  	Account Name:		WIN10$  	Account Domain:		WORKGROUP  	Logon ID:		0x3E7    Object:  	Object Server:		Security  	Object Type:		Process  	Object Name:		\Device\HarddiskVolume2\Windows\System32\lsass.exe  	Handle ID:		0x554  	Resource Attributes:	-    Process Information:  	Process ID:		0xd84  	Process Name:		C:\Windows\System32\wbem\WmiPrvSE.exe    Access Request Information:  	Accesses:		Read from process memory  				  	Access Mask:		0x10
2021-05-05T23:09:07.448163+02:00 suricata pcap s	ì`“2021-05-05T23:09:07.448179+02:00 suricata pcap <14>May  5 23:06:54 win10 Microsoft-Windows-Security-Auditing[4]: An attempt was made to access an object.    Subject:  	Security ID:		S-1-5-18  	Account Name:		WIN10$  	Account Domain:		WORKGROUP  	Logon ID:		0x3E7    Object:  	Object Server:		Security  	Object Type:		Process  	Object Name:		\Device\HarddiskVolume2\Windows\System32\lsass.exe  	Handle ID:		0x554  	Resource Attributes:	-    Process Information:  	Process ID:		0xd84  	Process Name:		C:\Windows\System32\wbem\WmiPrvSE.exe    Access Request Information:  	Accesses:		Read from process memory  				  	Access Mask:		0x10
2021-05-05T23:09:07.448197+02:00 suricata pcap s	ì`”2021-05-05T23:09:07.448210+02:00 suricata pcap s	ì`’2021-05-05T23:09:13.501090+02:00 suricata pcap s	ì`z“2021-05-05T23:09:13.501186+02:00 suricata pcap <14>May  5 23:06:54 win10 Microsoft-Windows-Security-Auditing[4]: An attempt was made to access an object.    Subject:  	Security ID:		S-1-5-18  	Account Name:		WIN10$  	Account Domain:		WORKGROUP  	Logon ID:		0x3E7    Object:  	Object Server:		Security  	Object Type:		Process  	Object Name:		\Device\HarddiskVolume2\Windows\System32\lsass.exe  	Handle ID:		0x554  	Resource Attributes:	-    Process Information:  	Process ID:		0xd84  	Process Name:		C:\Windows\System32\wbem\WmiPrvSE.exe    Access Request Information:  	Accesses:		Read from process memory  				  	Access Mask:		0x10
2021-05-05T23:09:13.501206+02:00 suricata pcap s	ì`ª“2021-05-05T23:09:13.501212+02:00 suricata pcap s	ì`*ÿ2021-05-05T23:09:13.501217+02:00 suricata pcap ¿®åç¿®ê#Z¬˝ØWq–NP˝is2021-05-05T23:09:13.501223+02:00 suricata pcap ¿®åç¿®ê#Z¬˝ØWq–NP˝is2021-05-05T23:09:13.501233+02:00 suricata pcap ¿®åç¿®ê#Z¬˝ØWq–NP˝is2021-05-05T23:09:13.501239+02:00 suricata pcap 2021-05-05T23:09:13.501245+02:00 suricata pcap ¿®ã2021-05-05T23:09:13.501251+02:00 suricata pcap 2021-05-05T23:09:13.501256+02:00 suricata pcap ¿®ã2021-05-05T23:09:13.501261+02:00 suricata pcap 2021-05-05T23:09:13.501266+02:00 suricata pcap ¿®ã2021-05-05T23:09:13.501281+02:00 suricata pcap ¿®ï∆)2021-05-05T23:09:13.501290+02:00 suricata pcap v	ì`w2021-05-05T23:09:13.501295+02:00 suricata pcap w	ì`52021-05-05T23:09:13.501300+02:00 suricata pcap 2021-05-05T23:09:13.501309+02:00 suricata pcap ¿®ã2021-05-05T23:09:13.501319+02:00 suricata pcap w	ì`ål2021-05-05T23:09:13.501328+02:00 suricata pcap w	ì`€o2021-05-05T23:09:13.501332+02:00 suricata pcap x	ì`Ó–2021-05-05T23:09:13.501337+02:00 suricata pcap 2021-05-05T23:09:13.501342+02:00 suricata pcap ¿®ã2021-05-05T23:09:13.501347+02:00 suricata pcap 2021-05-05T23:09:13.503020+02:00 suricata pcap ¿®ã2021-05-05T23:09:13.503052+02:00 suricata pcap y	ì`Ä•2021-05-05T23:09:13.503079+02:00 suricata pcap y	ì`ˆ¶2021-05-05T23:09:13.503099+02:00 suricata pcap y	ì`S®2021-05-05T23:09:13.503121+02:00 suricata pcap <14>May  5 23:06:59 win10 Microsoft-Windows-Security-Auditing[4]: A handle to an object was requested.    Subject:  	Security ID:		S-1-5-18  	Account Name:		WIN10$  	Account Domain:		WORKGROUP  	Logon ID:		0x3E7    Object:  	Object Server:		Security  	Object Type:		Process  	Object Name:		\Device\HarddiskVolume2\Windows\System32\lsass.exe  	Handle ID:		0x684  	Resource Attributes:	-    Process Information:  	Process ID:		0xd84  	Process Name:		C:\Windows\System32\wbem\WmiPrvSE.exe    Access Request Information:  	Transaction ID:		{00000000-0000-0000-0000-000000000000}  	Accesses:		Read from process memory  				Query process information  				Undefined Access (no effect) Bit 12  				  	Access Reasons:		-  	Access Mask:		0x1410  	Privileges Used for Access Check:	-  	Restricted SID Count:	0
2021-05-05T23:09:13.503140+02:00 suricata pcap <14>May  5 23:06:59 win10 Microsoft-Windows-Security-Auditing[4]: An attempt was made to access an object.    Subject:  	Security ID:		S-1-5-18  	Account Name:		WIN10$  	Account Domain:		WORKGROUP  	Logon ID:		0x3E7    Object:  	Object Server:		Security  	Object Type:		Process  	Object Ny	ì`´2021-05-05T23:09:13.503154+02:00 suricata pcap y	ì`Ç´2021-05-05T23:09:13.504304+02:00 suricata pcap <14>May  5 23:06:59 win10 Microsoft-Windows-Security-Auditing[4]: A handle to an object was requested.    Subject:  	Security ID:		S-1-5-18  	Account Name:		WIN10$  	Account Domain:		WORKGROUP  	Logon ID:		0x3E7    Object:  	Object Server:		Security  	Object Type:		Process  	Object Name:		\Device\HarddiskVolume2\Windows\System32\lsass.exe  	Handle ID:		0x684  	Resource Attributes:	-    Process Information:  	Process ID:		0xd84  	Process Name:		C:\Windows\System32\wbem\WmiPrvSE.exe    Access Request Information:  	Transaction ID:		{00000000-0000-0000-0000-000000000000}  	Accesses:		Read from process memory  				Query process information  				Undefined Access (no effect) Bit 12  				  	Access Reasons:		-  	Access Mask:		0x1410  	Privileges Used for Access Check:	-  	Restricted SID Count:	0
2021-05-05T23:09:13.504361+02:00 suricata pcap <14>May  5 23:06:59 win10 Microsoft-Windows-Security-Auditing[4]: An attempt was made to access an object.    Subject:  	Security ID:		S-1-5-18  	Account Name:		WIN10$  	Account Domain:		WORKGROUP  	Logon ID:		0x3E7    Object:  	Object Server:		Security  	Object Type:		Process  	Object Ny	ì`»´2021-05-05T23:09:13.504377+02:00 suricata pcap y	ì`w¨2021-05-05T23:09:13.504398+02:00 suricata pcap <14>May  5 23:06:59 win10 Microsoft-Windows-Security-Auditing[4]: A handle to an object was requested.    Subject:  	Security ID:		S-1-5-18  	Account Name:		WIN10$  	Account Domain:		WORKGROUP  	Logon ID:		0x3E7    Object:  	Object Server:		Security  	Object Type:		Process  	Object Name:		\Device\HarddiskVolume2\Windows\System32\lsass.exe  	Handle ID:		0x684  	Resource Attributes:	-    Process Information:  	Process ID:		0xd84  	Process Name:		C:\Windows\System32\wbem\WmiPrvSE.exe    Access Request Information:  	Transaction ID:		{00000000-0000-0000-0000-000000000000}  	Accesses:		Read from process memory  				Query process information  				Undefined Access (no effect) Bit 12  				  	Access Reasons:		-  	Access Mask:		0x1410  	Privileges Used for Access Check:	-  	Restricted SID Count:	0
2021-05-05T23:09:13.504417+02:00 suricata pcap <14>May  5 23:06:59 win10 Microsoft-Windows-Security-Auditing[4]: An attempt was made to access an object.    Subject:  	Security ID:		S-1-5-18  	Account Name:		WIN10$  	Account Domain:		WORKGROUP  	Logon ID:		0x3E7    Object:  	Object Server:		Security  	Object Type:		Process  	Object Ny	ì`à¨2021-05-05T23:09:13.504435+02:00 suricata pcap y	ì`¥¨2021-05-05T23:09:13.506308+02:00 suricata pcap y	ì`πØ2021-05-05T23:09:13.506335+02:00 suricata pcap y	ì`Í∞2021-05-05T23:09:13.506342+02:00 suricata pcap y	ì`ˇ∞2021-05-05T23:09:13.506347+02:00 suricata pcap 2021-05-05T23:09:13.506354+02:00 suricata pcap 2021-05-05T23:09:13.506383+02:00 suricata pcap 2021-05-05T23:09:13.506399+02:00 suricata pcap <14>May  5 23:06:59 win10 Microsoft-Windows-Security-Auditing[4]: The handle to an object was closed.    Subject :  	Security ID:		S-1-5-18  	Account Name:		WIN10$  	Account Domain:		WORKGROUP  	Logon ID:		0x3E7    Object:  	Object Server:		Security  	Handle ID:		0x2418    Process Information:  	Process ID:		0xd84  	Process Name:		C:\Windows\System32\wbem\WmiPrvSE.exe
2021-05-05T23:09:13.506415+02:00 suricata pcap y	ì`‚¥2021-05-05T23:09:13.506428+02:00 suricata pcap <14>May  5 23:06:59 win10 Microsoft-Windows-Security-Auditing[4]: The handle to an object was closed.    Subject :  	Security ID:		S-1-5-18  	Account Name:		WIN10$  	Account Domain:		WORKGROUP  	Logon ID:		0x3E7    Object:  	Object Server:		Security  	Handle ID:		0x2418    Process Information:  	Process ID:		0xd84  	Process Name:		C:\Windows\System32\wbem\WmiPrvSE.exe
2021-05-05T23:09:13.506444+02:00 suricata pcap y	ì`ßµ2021-05-05T23:09:13.506456+02:00 suricata pcap <14>May  5 23:06:59 win10 Microsoft-Windows-Security-Auditing[4]: The handle to an object was closed.    Subject :  	Security ID:		S-1-5-18  	Account Name:		WIN10$  	Account Domain:		WORKGROUP  	Logon ID:		0x3E7    Object:  	Object Server:		Security  	Handle ID:		0x2418    Process Information:  	Process ID:		0xd84  	Process Name:		C:\Windows\System32\wbem\WmiPrvSE.exe
2021-05-05T23:09:13.506470+02:00 suricata pcap y	ì`∂2021-05-05T23:09:13.507301+02:00 suricata pcap v2021-05-05T23:09:13.507313+02:00 suricata pcap y	ì`√∏2021-05-05T23:09:13.507335+02:00 suricata pcap v2021-05-05T23:09:13.507341+02:00 suricata pcap y	ì`Åπ2021-05-05T23:09:13.507369+02:00 suricata pcap v2021-05-05T23:09:13.507404+02:00 suricata pcap y	ì`ìπ2021-05-05T23:09:13.507430+02:00 suricata pcap y	ì`Rº2021-05-05T23:09:13.509074+02:00 suricata pcap y	ì`Àº2021-05-05T23:09:13.509111+02:00 suricata pcap y	ì`_Ω2021-05-05T23:09:13.509127+02:00 suricata pcap y	ì`¯ø2021-05-05T23:09:13.509141+02:00 suricata pcap y	ì`r¿2021-05-05T23:09:13.509188+02:00 suricata pcap y	ì`è¿2021-05-05T23:09:13.509201+02:00 suricata pcap <14>May  5 23:06:59 win10 Microsoft-Windows-Security-Auditing[4]: The handle to an object was closed.    Subject :  	Security ID:		S-1-5-18  	Account Name:		WIN10$  	Account Domain:		WORKGROUP  	Logon ID:		0x3E7    Object:  	Object Server:		Security  	Handle ID:		0x2418    Process Information:  	Process ID:		0xd84  	Process Name:		C:\Windows\System32\wbem\WmiPrvSE.exe
2021-05-05T23:09:13.509216+02:00 suricata pcap y	ì`4√2021-05-05T23:09:13.509228+02:00 suricata pcap <14>May  5 23:06:59 win10 Microsoft-Windows-Security-Auditing[4]: The handle to an object was closed.    Subject :  	Security ID:		S-1-5-18  	Account Name:		WIN10$  	Account Domain:		WORKGROUP  	Logon ID:		0x3E7    Object:  	Object Server:		Security  	Handle ID:		0x2418    Process Information:  	Process ID:		0xd84  	Process Name:		C:\Windows\System32\wbem\WmiPrvSE.exe
2021-05-05T23:09:13.510615+02:00 suricata pcap y	ì`ò√2021-05-05T23:09:13.510641+02:00 suricata pcap <14>May  5 23:06:59 win10 Microsoft-Windows-Security-Auditing[4]: The handle to an object was closed.    Subject :  	Security ID:		S-1-5-18  	Account Name:		WIN10$  	Account Domain:		WORKGROUP  	Logon ID:		0x3E7    Object:  	Object Server:		Security  	Handle ID:		0x2418    Process Information:  	Process ID:		0xd84  	Process Name:		C:\Windows\System32\wbem\WmiPrvSE.exe
2021-05-05T23:09:13.510673+02:00 suricata pcap y	ì`!ƒ2021-05-05T23:09:13.510697+02:00 suricata pcap y	ì`-«2021-05-05T23:09:13.510720+02:00 suricata pcap y	ì`Ÿ«2021-05-05T23:09:13.510730+02:00 suricata pcap y	ì`»2021-05-05T23:09:13.511903+02:00 suricata pcap @2021-05-05T23:09:13.511914+02:00 suricata pcap y	ì`¡ 2021-05-05T23:09:13.511932+02:00 suricata pcap @2021-05-05T23:09:13.511937+02:00 suricata pcap y	ì`(À2021-05-05T23:09:13.511954+02:00 suricata pcap @2021-05-05T23:09:13.511969+02:00 suricata pcap y	ì`UÀ2021-05-05T23:09:13.511983+02:00 suricata pcap <14>May  5 23:06:59 win10 Microsoft-Windows-Security-Auditing[4]: An attempt was made to duplicate a handle to an object.    Subject:  	Security ID:		S-1-5-18  	Account Name:		WIN10$  	Account Domain:		WORKGROUP  	Logon ID:		0x3E7    Source Handle Information:  	Source Handle ID:	0x354  	Source Process ID:	0xd84    New Handle Information:  	Target Handle ID:	0x309c  	Target Process ID:	0x4
2021-05-05T23:09:13.511995+02:00 suricata pcap <14>May  5 23:06:59 win10 Microsoft-Windows-Security-Auditing[4]: The handle to an object was closed.    Subject :  	Security ID:		S-1-5-18  	Account Name:		WIN10$  	Account Domain:		WORKGROUP  	Logon ID:		0x3E7    Object:  	Object Server:		Security  	Handle ID:		0x309c    Process Information:  	Process ID:		0xd84  	Process Name:		C:\Windows\System32\wbem\WmiPrvSE.exe
