2021-05-05T23:38:12.642659+02:00 suricata pcap Dì`	…	2021-05-05T23:38:12.642673+02:00 suricata pcap <14>May  5 23:35:58 win10 Microsoft-Windows-Security-Auditing[4]: An attempt was made to duplicate a handle to an object.    Subject:  	Security ID:		S-1-5-18  	Account Name:		WIN10$  	Account Domain:		WORKGROUP  	Logon ID:		0x3E7    Source Handle Information:  	Source Handle ID:	0x20c  	Source Process ID:	0xd84    New Handle Information:  	Target Handle ID:	0x3bb8  	Target Process ID:	0x4
2021-05-05T23:38:12.643637+02:00 suricata pcap Dì` 	2021-05-05T23:38:12.643712+02:00 suricata pcap Dì`Œ	2021-05-05T23:38:12.643730+02:00 suricata pcap Dì`TŒ	2021-05-05T23:38:12.643769+02:00 suricata pcap Dì`àŒ	2021-05-05T23:38:12.643792+02:00 suricata pcap Dì`Æœ	2021-05-05T23:38:12.643817+02:00 suricata pcap Dì`ê–	2021-05-05T23:38:12.644828+02:00 suricata pcap Dì`ƒ–	2021-05-05T23:38:12.644890+02:00 suricata pcap Dì`k“	2021-05-05T23:38:12.644910+02:00 suricata pcap Dì`'“	2021-05-05T23:38:12.644929+02:00 suricata pcap Dì`Ø“	2021-05-05T23:38:12.644955+02:00 suricata pcap Dì`B”	2021-05-05T23:38:12.644969+02:00 suricata pcap Dì`c‘	2021-05-05T23:38:12.644973+02:00 suricata pcap Dì`
2021-05-05T23:38:12.646195+02:00 suricata pcap ’	2021-05-05T23:38:12.646224+02:00 suricata pcap Dì`◊	2021-05-05T23:38:12.646234+02:00 suricata pcap Dì`K◊	2021-05-05T23:38:12.646244+02:00 suricata pcap Dì`É◊	2021-05-05T23:38:12.646254+02:00 suricata pcap Dì`wŸ	2021-05-05T23:38:12.646262+02:00 suricata pcap Dì`ôŸ	2021-05-05T23:38:12.646266+02:00 suricata pcap Dì`›Ÿ	2021-05-05T23:38:12.646282+02:00 suricata pcap ⁄	2021-05-05T23:38:12.647345+02:00 suricata pcap Dì`€€	2021-05-05T23:38:12.647380+02:00 suricata pcap Dì`2021-05-05T23:38:12.647395+02:00 suricata pcap Dì`n‹	2021-05-05T23:38:12.647406+02:00 suricata pcap Dì`fﬁ	2021-05-05T23:38:12.647435+02:00 suricata pcap Dì`Øﬁ	2021-05-05T23:38:12.648482+02:00 suricata pcap Dì`Ôﬁ	2021-05-05T23:38:12.648519+02:00 suricata pcap Dì`¯‡	2021-05-05T23:38:12.648529+02:00 suricata pcap Dì`;·	2021-05-05T23:38:12.648539+02:00 suricata pcap Dì`Å·	2021-05-05T23:38:12.648560+02:00 suricata pcap <14>May  5 23:35:59 win10 Microsoft-Windows-Security-Auditing[4]: The handle to an object was closed.    Subject :  	Security ID:		S-1-5-18  	Account Name:		WIN10$  	Account Domain:		WORKGROUP  	Logon ID:		0x3E7    Object:  	Object Server:		Security  	Handle ID:		0x2c94    Process Information:  	Process ID:		0xd84  	Process Name:		C:\Windows\System32\wbem\WmiPrvSE.exe
2021-05-05T23:38:12.648569+02:00 suricata pcap Dì`Ó‚	2021-05-05T23:38:12.648576+02:00 suricata pcap <14>May  5 23:35:59 win10 Microsoft-Windows-Security-Auditing[4]: The handle to an object was closed.    Subject :  	Security ID:		S-1-5-18  	Account Name:		WIN10$  	Account Domain:		WORKGROUP  	Logon ID:		0x3E7    Object:  	Object Server:		Security  	Handle ID:		0x2c94    Process Information:  	Process ID:		0xd84  	Process Name:		C:\Windows\System32\wbem\WmiPrvSE.exe
2021-05-05T23:38:12.648585+02:00 suricata pcap Dì`3„	2021-05-05T23:38:12.648593+02:00 suricata pcap <14>May  5 23:35:59 win10 Microsoft-Windows-Security-Auditing[4]: The handle to an object was closed.    Subject :  	Security ID:		S-1-5-18  	Account Name:		WIN10$  	Account Domain:		WORKGROUP  	Logon ID:		0x3E7    Object:  	Object Server:		Security  	Handle ID:		0x2c94    Process Information:  	Process ID:		0xd84  	Process Name:		C:\Windows\System32\wbem\WmiPrvSE.exe
2021-05-05T23:38:12.649295+02:00 suricata pcap Dì`s„	2021-05-05T23:38:12.649317+02:00 suricata pcap Dì`.Â	2021-05-05T23:38:12.649332+02:00 suricata pcap Dì`ı‰	2021-05-05T23:38:12.649361+02:00 suricata pcap Dì`jÂ	2021-05-05T23:38:12.649375+02:00 suricata pcap Dì`2021-05-05T23:38:12.650262+02:00 suricata pcap Dì`ÒÊ	2021-05-05T23:38:12.650280+02:00 suricata pcap Dì`£Á	2021-05-05T23:38:12.650289+02:00 suricata pcap Dì`XÈ	2021-05-05T23:38:12.650298+02:00 suricata pcap Dì`ÑÈ	2021-05-05T23:38:12.650309+02:00 suricata pcap Dì`≈È	2021-05-05T23:38:12.650317+02:00 suricata pcap <14>May  5 23:35:59 win10 Microsoft-Windows-Security-Auditing[4]: The handle to an object was closed.    Subject :  	Security ID:		S-1-5-18  	Account Name:		WIN10$  	Account Domain:		WORKGROUP  	Logon ID:		0x3E7    Object:  	Object Server:		Security  	Handle ID:		0xab0    Process Information:  	Process ID:		0xd84  	Process Name:		C:\Windows\System32\wbem\WmiPrvSE.exe
2021-05-05T23:38:12.650326+02:00 suricata pcap Dì`eÎ	2021-05-05T23:38:12.650335+02:00 suricata pcap <14>May  5 23:35:59 win10 Microsoft-Windows-Security-Auditing[4]: The handle to an object was closed.    Subject :  	Security ID:		S-1-5-18  	Account Name:		WIN10$  	Account Domain:		WORKGROUP  	Logon ID:		0x3E7    Object:  	Object Server:		Security  	Handle ID:		0xab0    Process Information:  	Process ID:		0xd84  	Process Name:		C:\Windows\System32\wbem\WmiPrvSE.exe
2021-05-05T23:38:12.651382+02:00 suricata pcap Dì`ùÎ	2021-05-05T23:38:12.651398+02:00 suricata pcap <14>May  5 23:35:59 win10 Microsoft-Windows-Security-Auditing[4]: The handle to an object was closed.    Subject :  	Security ID:		S-1-5-18  	Account Name:		WIN10$  	Account Domain:		WORKGROUP  	Logon ID:		0x3E7    Object:  	Object Server:		Security  	Handle ID:		0xab0    Process Information:  	Process ID:		0xd84  	Process Name:		C:\Windows\System32\wbem\WmiPrvSE.exe
2021-05-05T23:38:12.651418+02:00 suricata pcap Dì`ŸÎ	2021-05-05T23:38:12.651480+02:00 suricata pcap Dì`´Ì	2021-05-05T23:38:12.651495+02:00 suricata pcap Dì`›Ì	2021-05-05T23:38:12.652152+02:00 suricata pcap Dì`uÓ	2021-05-05T23:38:12.652169+02:00 suricata pcap <14>May  5 23:35:59 win10 Microsoft-Windows-Security-Auditing[4]: The handle to an object was closed.    Subject :  	Security ID:		S-1-5-18  	Account Name:		WIN10$  	Account Domain:		WORKGROUP  	Logon ID:		0x3E7    Object:  	Object Server:		Security  	Handle ID:		0x534    Process Information:  	Process ID:		0xd84  	Process Name:		C:\Windows\System32\wbem\WmiPrvSE.exe
2021-05-05T23:38:12.652180+02:00 suricata pcap Dì`«	2021-05-05T23:38:12.652188+02:00 suricata pcap <14>May  5 23:35:59 win10 Microsoft-Windows-Security-Auditing[4]: The handle to an object was closed.    Subject :  	Security ID:		S-1-5-18  	Account Name:		WIN10$  	Account Domain:		WORKGROUP  	Logon ID:		0x3E7    Object:  	Object Server:		Security  	Handle ID:		0x534    Process Information:  	Process ID:		0xd84  	Process Name:		C:\Windows\System32\wbem\WmiPrvSE.exe
2021-05-05T23:38:12.652199+02:00 suricata pcap Dì`è	2021-05-05T23:38:12.652207+02:00 suricata pcap <14>May  5 23:35:59 win10 Microsoft-Windows-Security-Auditing[4]: The handle to an object was closed.    Subject :  	Security ID:		S-1-5-18  	Account Name:		WIN10$  	Account Domain:		WORKGROUP  	Logon ID:		0x3E7    Object:  	Object Server:		Security  	Handle ID:		0x534    Process Information:  	Process ID:		0xd84  	Process Name:		C:\Windows\System32\wbem\WmiPrvSE.exe
2021-05-05T23:38:12.652219+02:00 suricata pcap Dì`	Ò	2021-05-05T23:38:12.652227+02:00 suricata pcap <14>May  5 23:35:59 win10 Microsoft-Windows-Security-Auditing[4]: The handle to an object was closed.    Subject :  	Security ID:		S-1-5-18  	Account Name:		WIN10$  	Account Domain:		WORKGROUP  	Logon ID:		0x3E7    Object:  	Object Server:		Security  	Handle ID:		0xab0    Process Information:  	Process ID:		0xd84  	Process Name:		C:\Windows\System32\wbem\WmiPrvSE.exe
2021-05-05T23:38:12.652953+02:00 suricata pcap Dì`ÓÚ	2021-05-05T23:38:12.652970+02:00 suricata pcap <14>May  5 23:35:59 win10 Microsoft-Windows-Security-Auditing[4]: The handle to an object was closed.    Subject :  	Security ID:		S-1-5-18  	Account Name:		WIN10$  	Account Domain:		WORKGROUP  	Logon ID:		0x3E7    Object:  	Object Server:		Security  	Handle ID:		0xab0    Process Information:  	Process ID:		0xd84  	Process Name:		C:\Windows\System32\wbem\WmiPrvSE.exe
2021-05-05T23:38:12.652993+02:00 suricata pcap Dì`Û	2021-05-05T23:38:12.653000+02:00 suricata pcap <14>May  5 23:35:59 win10 Microsoft-Windows-Security-Auditing[4]: The handle to an object was closed.    Subject :  	Security ID:		S-1-5-18  	Account Name:		WIN10$  	Account Domain:		WORKGROUP  	Logon ID:		0x3E7    Object:  	Object Server:		Security  	Handle ID:		0xab0    Process Information:  	Process ID:		0xd84  	Process Name:		C:\Windows\System32\wbem\WmiPrvSE.exe
2021-05-05T23:38:12.653021+02:00 suricata pcap Dì`òÛ	2021-05-05T23:38:12.653026+02:00 suricata pcap Dì`ãı	2021-05-05T23:38:12.653039+02:00 suricata pcap ©P˝¨“2021-05-05T23:38:12.654254+02:00 suricata pcap Dì`ı	2021-05-05T23:38:12.654279+02:00 suricata pcap Dì`÷˜	2021-05-05T23:38:12.654290+02:00 suricata pcap ©˝ØWqP ‡å2021-05-05T23:38:12.654293+02:00 suricata pcap Dì`ªı	2021-05-05T23:38:12.654298+02:00 suricata pcap ©P˝¨“2021-05-05T23:38:12.654301+02:00 suricata pcap ©P˝¨“2021-05-05T23:38:12.654311+02:00 suricata pcap ©˝ØWqP ‡å2021-05-05T23:38:12.654315+02:00 suricata pcap Dì`˜	2021-05-05T23:38:12.654325+02:00 suricata pcap ©˝ØWqP ‡å2021-05-05T23:38:12.654336+02:00 suricata pcap Dì`X¯	2021-05-05T23:38:12.654346+02:00 suricata pcap Dì`=˙	2021-05-05T23:38:12.654355+02:00 suricata pcap Dì`å˙	2021-05-05T23:38:13.672740+02:00 suricata pcap Dì`Õ˙	2021-05-05T23:38:13.672787+02:00 suricata pcap 2021-05-05T23:38:13.672793+02:00 suricata pcap ¿®ã2021-05-05T23:38:13.672808+02:00 suricata pcap 2021-05-05T23:38:13.672814+02:00 suricata pcap Eì`i?
2021-05-05T23:38:13.672839+02:00 suricata pcap 2021-05-05T23:38:13.672845+02:00 suricata pcap Eì`æ@
2021-05-05T23:38:13.672864+02:00 suricata pcap 2021-05-05T23:38:13.672872+02:00 suricata pcap Eì`ÀA
2021-05-05T23:38:13.672882+02:00 suricata pcap 2021-05-05T23:38:13.672905+02:00 suricata pcap 2021-05-05T23:38:13.672941+02:00 suricata pcap <14>May  5 23:35:59 win10 Microsoft-Windows-Security-Auditing[4]: A handle to an object was requested.    Subject:  	Security ID:		S-1-5-18  	Account Name:		WIN10$  	Account Domain:		WORKGROUP  	Logon ID:		0x3E7    Object:  	Object Server:		Security  	Object Type:		Process  	Object Name:		\Device\HarddiskVolume2\Windows\System32\lsass.exe  	Handle ID:		0x450  	Resource Attributes:	-    Process Information:  	Process ID:		0xd84  	Process Name:		C:\Windows\System32\wbem\WmiPrvSE.exe    Access Request Information:  	Transaction ID:		{00000000-0000-0000-0000-000000000000}  	Accesses:		Read from process memory  				Query process information  				Undefined Access (no effect) Bit 12  				  	Access Reasons:		-  	Access Mask:		0x1410  	Privileges Used for Access Check:	-  	Restricted SID Count:	0
2021-05-05T23:38:13.672958+02:00 suricata pcap <14>May  5 23:35:59 win10 Microsoft-Windows-Security-Auditing[4]: An attempt was made to access an object.    Subject:  	Security ID:		S-1-5-18  	Account Name:		WIN10$  	Account Domain:		WORKGROUP  	Logon ID:		0x3E7    Object:  	Object Server:		Security  	Object Type:		Process  	Object NaEì`[B
2021-05-05T23:38:13.672982+02:00 suricata pcap 2021-05-05T23:38:13.672989+02:00 suricata pcap Eì`âB
2021-05-05T23:38:13.672999+02:00 suricata pcap 2021-05-05T23:38:13.673023+02:00 suricata pcap 2021-05-05T23:38:13.674117+02:00 suricata pcap <14>May  5 23:35:59 win10 Microsoft-Windows-Security-Auditing[4]: A handle to an object was requested.    Subject:  	Security ID:		S-1-5-18  	Account Name:		WIN10$  	Account Domain:		WORKGROUP  	Logon ID:		0x3E7    Object:  	Object Server:		Security  	Object Type:		Process  	Object Name:		\Device\HarddiskVolume2\Windows\System32\lsass.exe  	Handle ID:		0x450  	Resource Attributes:	-    Process Information:  	Process ID:		0xd84  	Process Name:		C:\Windows\System32\wbem\WmiPrvSE.exe    Access Request Information:  	Transaction ID:		{00000000-0000-0000-0000-000000000000}  	Accesses:		Read from process memory  				Query process information  				Undefined Access (no effect) Bit 12  				  	Access Reasons:		-  	Access Mask:		0x1410  	Privileges Used for Access Check:	-  	Restricted SID Count:	0
2021-05-05T23:38:13.674219+02:00 suricata pcap <14>May  5 23:35:59 win10 Microsoft-Windows-Security-Auditing[4]: An attempt was made to access an object.    Subject:  	Security ID:		S-1-5-18  	Account Name:		WIN10$  	Account Domain:		WORKGROUP  	Logon ID:		0x3E7    Object:  	Object Server:		Security  	Object Type:		Process  	Object NaEì`.C
2021-05-05T23:38:13.674248+02:00 suricata pcap 2021-05-05T23:38:13.674270+02:00 suricata pcap <14>May  5 23:35:59 win10 Microsoft-Windows-Security-Auditing[4]: A handle to an object was requested.    Subject:  	Security ID:		S-1-5-18  	Account Name:		WIN10$  	Account Domain:		WORKGROUP  	Logon ID:		0x3E7    Object:  	Object Server:		Security  	Object Type:		Process  	Object Name:		\Device\HarddiskVolume2\Windows\System32\lsass.exe  	Handle ID:		0x450  	Resource Attributes:	-    Process Information:  	Process ID:		0xd84  	Process Name:		C:\Windows\System32\wbem\WmiPrvSE.exe    Access Request Information:  	Transaction ID:		{00000000-0000-0000-0000-000000000000}  	Accesses:		Read from process memory  				Query process information  				Undefined Access (no effect) Bit 12  				  	Access Reasons:		-  	Access Mask:		0x1410  	Privileges Used for Access Check:	-  	Restricted SID Count:	0
2021-05-05T23:38:13.674281+02:00 suricata pcap <14>May  5 23:35:59 win10 Microsoft-Windows-Security-Auditing[4]: An attempt was made to access an object.    Subject:  	Security ID:		S-1-5-18  	Account Name:		WIN10$  	Account Domain:		WORKGROUP  	Logon ID:		0x3E7    Object:  	Object Server:		Security  	Object Type:		Process  	Object NaEì`yC
2021-05-05T23:38:13.674287+02:00 suricata pcap 2021-05-05T23:38:13.674299+02:00 suricata pcap 2021-05-05T23:38:13.674303+02:00 suricata pcap Eì`	D
2021-05-05T23:38:13.674308+02:00 suricata pcap 2021-05-05T23:38:13.674321+02:00 suricata pcap 2021-05-05T23:38:13.674325+02:00 suricata pcap Eì`ÛE
2021-05-05T23:38:13.674339+02:00 suricata pcap 2021-05-05T23:38:13.674344+02:00 suricata pcap Eì`•C
2021-05-05T23:38:13.674348+02:00 suricata pcap 2021-05-05T23:38:13.676005+02:00 suricata pcap message repeated 2 times: []
2021-05-05T23:38:13.676054+02:00 suricata pcap 2021-05-05T23:38:13.676076+02:00 suricata pcap Eì`µI
2021-05-05T23:38:13.676084+02:00 suricata pcap 2021-05-05T23:38:13.676111+02:00 suricata pcap message repeated 3 times: []
2021-05-05T23:38:13.676135+02:00 suricata pcap 2021-05-05T23:38:13.676149+02:00 suricata pcap Eì`-L
2021-05-05T23:38:13.676172+02:00 suricata pcap 2021-05-05T23:38:13.676179+02:00 suricata pcap Eì`ìE
2021-05-05T23:38:13.676199+02:00 suricata pcap 2021-05-05T23:38:13.676205+02:00 suricata pcap Eì`ÖL
2021-05-05T23:38:13.676210+02:00 suricata pcap 2021-05-05T23:38:13.676221+02:00 suricata pcap message repeated 2 times: []
2021-05-05T23:38:13.676236+02:00 suricata pcap 2021-05-05T23:38:13.676245+02:00 suricata pcap Eì`˙H
2021-05-05T23:38:13.676274+02:00 suricata pcap 2021-05-05T23:38:13.676278+02:00 suricata pcap Eì`J
2021-05-05T23:38:13.676283+02:00 suricata pcap 2021-05-05T23:38:13.676288+02:00 suricata pcap 2021-05-05T23:38:13.676301+02:00 suricata pcap 2021-05-05T23:38:13.676305+02:00 suricata pcap Eì`oO
2021-05-05T23:38:13.677661+02:00 suricata pcap 2021-05-05T23:38:13.677681+02:00 suricata pcap Eì`’K
2021-05-05T23:38:13.677697+02:00 suricata pcap 2021-05-05T23:38:13.677702+02:00 suricata pcap Eì`ÅO
2021-05-05T23:38:13.677708+02:00 suricata pcap 2021-05-05T23:38:13.677713+02:00 suricata pcap 2021-05-05T23:38:13.677734+02:00 suricata pcap 2021-05-05T23:38:13.677746+02:00 suricata pcap <14>May  5 23:35:59 win10 Microsoft-Windows-Security-Auditing[4]: The handle to an object was closed.    Subject :  	Security ID:		S-1-5-18  	Account Name:		WIN10$  	Account Domain:		WORKGROUP  	Logon ID:		0x3E7    Object:  	Object Server:		Security  	Handle ID:		0x450    Process Information:  	Process ID:		0xd84  	Process Name:		C:\Windows\System32\wbem\WmiPrvSE.exe
2021-05-05T23:38:13.677752+02:00 suricata pcap Eì`'M
2021-05-05T23:38:13.677757+02:00 suricata pcap 2021-05-05T23:38:13.677763+02:00 suricata pcap 2021-05-05T23:38:13.677788+02:00 suricata pcap 2021-05-05T23:38:13.677793+02:00 suricata pcap Eì`U
2021-05-05T23:38:13.677808+02:00 suricata pcap 2021-05-05T23:38:13.677812+02:00 suricata pcap Eì`[U
2021-05-05T23:38:13.677818+02:00 suricata pcap 2021-05-05T23:38:13.679080+02:00 suricata pcap 2021-05-05T23:38:13.679102+02:00 suricata pcap Eì`*X
2021-05-05T23:38:13.679118+02:00 suricata pcap 2021-05-05T23:38:13.679123+02:00 suricata pcap Eì`@X
2021-05-05T23:38:13.679128+02:00 suricata pcap 2021-05-05T23:38:13.679133+02:00 suricata pcap 2021-05-05T23:38:13.679159+02:00 suricata pcap 2021-05-05T23:38:13.679164+02:00 suricata pcap Eì`P
2021-05-05T23:38:13.679170+02:00 suricata pcap 2021-05-05T23:38:13.679176+02:00 suricata pcap 2021-05-05T23:38:13.679196+02:00 suricata pcap 2021-05-05T23:38:13.679223+02:00 suricata pcap <14>May  5 23:35:59 win10 Microsoft-Windows-Security-Auditing[4]: The handle to an object was closed.    Subject :  	Security ID:		S-1-5-18  	Account Name:		WIN10$  	Account Domain:		WORKGROUP  	Logon ID:		0x3E7    Object:  	Object Server:		Security  	Handle ID:		0x450    Process Information:  	Process ID:		0xd84  	Process Name:		C:\Windows\System32\wbem\WmiPrvSE.exe
2021-05-05T23:38:13.679229+02:00 suricata pcap Eì`ëQ
2021-05-05T23:38:13.679275+02:00 suricata pcap 2021-05-05T23:38:13.680523+02:00 suricata pcap <14>May  5 23:35:59 win10 Microsoft-Windows-Security-Auditing[4]: The handle to an object was closed.    Subject :  	Security ID:		S-1-5-18  	Account Name:		WIN10$  	Account Domain:		WORKGROUP  	Logon ID:		0x3E7    Object:  	Object Server:		Security  	Handle ID:		0x450    Process Information:  	Process ID:		0xd84  	Process Name:		C:\Windows\System32\wbem\WmiPrvSE.exe
2021-05-05T23:38:13.680542+02:00 suricata pcap Eì`H]
2021-05-05T23:38:13.680592+02:00 suricata pcap 2021-05-05T23:38:13.680597+02:00 suricata pcap Eì`è]
2021-05-05T23:38:13.680603+02:00 suricata pcap 2021-05-05T23:38:13.680626+02:00 suricata pcap message repeated 2 times: []
2021-05-05T23:38:13.680643+02:00 suricata pcap 2021-05-05T23:38:13.680656+02:00 suricata pcap Eì`ØT
2021-05-05T23:38:13.680670+02:00 suricata pcap 2021-05-05T23:38:13.680675+02:00 suricata pcap Eì`¥U
2021-05-05T23:38:13.680680+02:00 suricata pcap 2021-05-05T23:38:13.680692+02:00 suricata pcap 2021-05-05T23:38:13.680697+02:00 suricata pcap Eì`HV
2021-05-05T23:38:13.680702+02:00 suricata pcap 2021-05-05T23:38:13.680707+02:00 suricata pcap 2021-05-05T23:38:13.680722+02:00 suricata pcap 2021-05-05T23:38:13.680727+02:00 suricata pcap Eì`îW
2021-05-05T23:38:13.680742+02:00 suricata pcap 2021-05-05T23:38:13.680746+02:00 suricata pcap Eì`ÉX
2021-05-05T23:38:13.680751+02:00 suricata pcap 2021-05-05T23:38:13.680755+02:00 suricata pcap 2021-05-05T23:38:13.682184+02:00 suricata pcap 2021-05-05T23:38:13.682201+02:00 suricata pcap Eì`lb
2021-05-05T23:38:13.682216+02:00 suricata pcap 2021-05-05T23:38:13.682228+02:00 suricata pcap <14>May  5 23:35:59 win10 Microsoft-Windows-Security-Auditing[4]: The handle to an object was closed.    Subject :  	Security ID:		S-1-5-18  	Account Name:		WIN10$  	Account Domain:		WORKGROUP  	Logon ID:		0x3E7    Object:  	Object Server:		Security  	Handle ID:		0xab0    Process Information:  	Process ID:		0xd84  	Process Name:		C:\Windows\System32\wbem\WmiPrvSE.exe
2021-05-05T23:38:13.682233+02:00 suricata pcap Eì`CZ
2021-05-05T23:38:13.682255+02:00 suricata pcap 2021-05-05T23:38:13.682294+02:00 suricata pcap Eì`®b
2021-05-05T23:38:13.682298+02:00 suricata pcap 2021-05-05T23:38:13.682304+02:00 suricata pcap 2021-05-05T23:38:13.682340+02:00 suricata pcap 2021-05-05T23:38:13.682347+02:00 suricata pcap Eì`¬[
2021-05-05T23:38:13.682351+02:00 suricata pcap 2021-05-05T23:38:13.682356+02:00 suricata pcap 2021-05-05T23:38:13.682375+02:00 suricata pcap 2021-05-05T23:38:13.682380+02:00 suricata pcap Eì`Û\
2021-05-05T23:38:13.682932+02:00 suricata pcap 2021-05-05T23:38:13.682993+02:00 suricata pcap Eì`i
2021-05-05T23:38:13.683023+02:00 suricata pcap 2021-05-05T23:38:13.683037+02:00 suricata pcap <14>May  5 23:35:59 win10 Microsoft-Windows-Security-Auditing[4]: The handle to an object was closed.    Subject :  	Security ID:		S-1-5-18  	Account Name:		WIN10$  	Account Domain:		WORKGROUP  	Logon ID:		0x3E7    Object:  	Object Server:		Security  	Handle ID:		0x534    Process Information:  	Process ID:		0xd84  	Process Name:		C:\Windows\System32\wbem\WmiPrvSE.exe
2021-05-05T23:38:13.683042+02:00 suricata pcap Eì`Oi
2021-05-05T23:38:13.683046+02:00 suricata pcap 2021-05-05T23:38:13.683060+02:00 suricata pcap message repeated 2 times: []
2021-05-05T23:38:13.683075+02:00 suricata pcap 2021-05-05T23:38:13.683087+02:00 suricata pcap Eì`ó_
2021-05-05T23:38:13.683101+02:00 suricata pcap 2021-05-05T23:38:13.683107+02:00 suricata pcap Eì`Å`
2021-05-05T23:38:13.683116+02:00 suricata pcap 2021-05-05T23:38:13.683123+02:00 suricata pcap 2021-05-05T23:38:13.683148+02:00 suricata pcap 2021-05-05T23:38:13.683169+02:00 suricata pcap <14>May  5 23:35:59 win10 Microsoft-Windows-Security-Auditing[4]: The handle to an object was closed.    Subject :  	Security ID:		S-1-5-18  	Account Name:		WIN10$  	Account Domain:		WORKGROUP  	Logon ID:		0x3E7    Object:  	Object Server:		Security  	Handle ID:		0xab0    Process Information:  	Process ID:		0xd84  	Process Name:		C:\Windows\System32\wbem\WmiPrvSE.exe
2021-05-05T23:38:13.683203+02:00 suricata pcap Eì`b
2021-05-05T23:38:13.684238+02:00 suricata pcap 2021-05-05T23:38:13.684263+02:00 suricata pcap <14>May  5 23:35:59 win10 Microsoft-Windows-Security-Auditing[4]: The handle to an object was closed.    Subject :  	Security ID:		S-1-5-18  	Account Name:		WIN10$  	Account Domain:		WORKGROUP  	Logon ID:		0x3E7    Object:  	Object Server:		Security  	Handle ID:		0xab0    Process Information:  	Process ID:		0xd84  	Process Name:		C:\Windows\System32\wbem\WmiPrvSE.exe
2021-05-05T23:38:13.684268+02:00 suricata pcap Eì`≠l
2021-05-05T23:38:13.684284+02:00 suricata pcap 2021-05-05T23:38:13.684298+02:00 suricata pcap <14>May  5 23:35:59 win10 Microsoft-Windows-Security-Auditing[4]: The handle to an object was closed.    Subject :  	Security ID:		S-1-5-18  	Account Name:		WIN10$  	Account Domain:		WORKGROUP  	Logon ID:		0x3E7    Object:  	Object Server:		Security  	Handle ID:		0xab0    Process Information:  	Process ID:		0xd84  	Process Name:		C:\Windows\System32\wbem\WmiPrvSE.exe
2021-05-05T23:38:13.684302+02:00 suricata pcap Eì`wc
2021-05-05T23:38:13.684308+02:00 suricata pcap 2021-05-05T23:38:13.684321+02:00 suricata pcap message repeated 2 times: []
2021-05-05T23:38:13.684347+02:00 suricata pcap 2021-05-05T23:38:13.684358+02:00 suricata pcap Eì`ße
2021-05-05T23:38:13.684381+02:00 suricata pcap 2021-05-05T23:38:13.684386+02:00 suricata pcap Eì`´f
2021-05-05T23:38:13.684393+02:00 suricata pcap 2021-05-05T23:38:13.684397+02:00 suricata pcap 2021-05-05T23:38:13.684416+02:00 suricata pcap 2021-05-05T23:38:13.684879+02:00 suricata pcap <14>May  5 23:35:59 win10 Microsoft-Windows-Security-Auditing[4]: The handle to an object was closed.    Subject :  	Security ID:		S-1-5-18  	Account Name:		WIN10$  	Account Domain:		WORKGROUP  	Logon ID:		0x3E7    Object:  	Object Server:		Security  	Handle ID:		0x534    Process Information:  	Process ID:		0xd84  	Process Name:		C:\Windows\System32\wbem\WmiPrvSE.exe
2021-05-05T23:38:13.684905+02:00 suricata pcap Eì`ép
2021-05-05T23:38:13.684928+02:00 suricata pcap 2021-05-05T23:38:13.684933+02:00 suricata pcap Eì`’h
2021-05-05T23:38:13.684983+02:00 suricata pcap 2021-05-05T23:38:13.684996+02:00 suricata pcap <14>May  5 23:35:59 win10 Microsoft-Windows-Security-Auditing[4]: The handle to an object was closed.    Subject :  	Security ID:		S-1-5-18  	Account Name:		WIN10$  	Account Domain:		WORKGROUP  	Logon ID:		0x3E7    Object:  	Object Server:		Security  	Handle ID:		0x534    Process Information:  	Process ID:		0xd84  	Process Name:		C:\Windows\System32\wbem\WmiPrvSE.exe
2021-05-05T23:38:13.685003+02:00 suricata pcap Eì`§i
2021-05-05T23:38:13.685007+02:00 suricata pcap 2021-05-05T23:38:13.685011+02:00 suricata pcap 2021-05-05T23:38:13.685027+02:00 suricata pcap 2021-05-05T23:38:13.685041+02:00 suricata pcap <14>May  5 23:35:59 win10 Microsoft-Windows-Security-Auditing[4]: The handle to an object was closed.    Subject :  	Security ID:		S-1-5-18  	Account Name:		WIN10$  	Account Domain:		WORKGROUP  	Logon ID:		0x3E7    Object:  	Object Server:		Security  	Handle ID:		0xab0    Process Information:  	Process ID:		0xd84  	Process Name:		C:\Windows\System32\wbem\WmiPrvSE.exe
2021-05-05T23:38:13.685045+02:00 suricata pcap Eì`”k
2021-05-05T23:38:13.685058+02:00 suricata pcap 2021-05-05T23:38:13.685071+02:00 suricata pcap <14>May  5 23:35:59 win10 Microsoft-Windows-Security-Auditing[4]: The handle to an object was closed.    Subject :  	Security ID:		S-1-5-18  	Account Name:		WIN10$  	Account Domain:		WORKGROUP  	Logon ID:		0x3E7    Object:  	Object Server:		Security  	Handle ID:		0xab0    Process Information:  	Process ID:		0xd84  	Process Name:		C:\Windows\System32\wbem\WmiPrvSE.exe
2021-05-05T23:38:13.685076+02:00 suricata pcap Eì`en
2021-05-05T23:38:13.685659+02:00 suricata pcap 2021-05-05T23:38:13.685686+02:00 suricata pcap message repeated 2 times: []
2021-05-05T23:38:13.685722+02:00 suricata pcap 2021-05-05T23:38:13.685735+02:00 suricata pcap Eì`9p
2021-05-05T23:38:13.685757+02:00 suricata pcap 2021-05-05T23:38:13.685762+02:00 suricata pcap Eì`t
2021-05-05T23:38:13.685767+02:00 suricata pcap 2021-05-05T23:38:13.685772+02:00 suricata pcap 2021-05-05T23:38:13.685792+02:00 suricata pcap 2021-05-05T23:38:13.685804+02:00 suricata pcap <14>May  5 23:35:59 win10 Microsoft-Windows-Security-Auditing[4]: The handle to an object was closed.    Subject :  	Security ID:		S-1-5-18  	Account Name:		WIN10$  	Account Domain:		WORKGROUP  	Logon ID:		0x3E7    Object:  	Object Server:		Security  	Handle ID:		0x534    Process Information:  	Process ID:		0xd84  	Process Name:		C:\Windows\System32\wbem\WmiPrvSE.exe
2021-05-05T23:38:13.685818+02:00 suricata pcap <14>May  5 23:35:59 win10 Microsoft-Windows-Security-Auditing[4]: An attempt was made to duplicate a handle to an object.    Subject:  	Security ID:		S-1-5-18  	Account Name:		WIN10$  	Account Domain:		WORKGROUP  	Logon ID:		0x3E7    Source Handle Information:  	Source Handle ID:	0x754  	Source Process ID:	0xd84    New Handle Information:  	Target Handle ID:	0xab0  	Target Process ID:	0x4
2021-05-05T23:38:13.685822+02:00 suricata pcap Eì`œu
2021-05-05T23:38:13.687462+02:00 suricata pcap 2021-05-05T23:38:13.687473+02:00 suricata pcap <14>May  5 23:35:59 win10 Microsoft-Windows-Security-Auditing[4]: The handle to an object was closed.    Subject :  	Security ID:		S-1-5-18  	Account Name:		WIN10$  	Account Domain:		WORKGROUP  	Logon ID:		0x3E7    Object:  	Object Server:		Security  	Handle ID:		0x534    Process Information:  	Process ID:		0xd84  	Process Name:		C:\Windows\System32\wbem\WmiPrvSE.exe
2021-05-05T23:38:13.687479+02:00 suricata pcap <14>May  5 23:35:59 win10 Microsoft-Windows-Security-Auditing[4]: An attempt was made to duplicate a handle to an object.    Subject:  	Security ID:		S-1-5-18  	Account Name:		WIN10$  	Account Domain:		WORKGROUP  	Logon ID:		0x3E7    Source Handle Information:  	Source Handle ID:	0x754  	Source Process ID:	0xd84    New Handle Information:  	Target Handle ID:	0xab0  	Target Process ID:	0x4
2021-05-05T23:38:13.687483+02:00 suricata pcap Eì`!v
2021-05-05T23:38:13.687491+02:00 suricata pcap 2021-05-05T23:38:13.687497+02:00 suricata pcap <14>May  5 23:35:59 win10 Microsoft-Windows-Security-Auditing[4]: The handle to an object was closed.    Subject :  	Security ID:		S-1-5-18  	Account Name:		WIN10$  	Account Domain:		WORKGROUP  	Logon ID:		0x3E7    Object:  	Object Server:		Security  	Handle ID:		0x534    Process Information:  	Process ID:		0xd84  	Process Name:		C:\Windows\System32\wbem\WmiPrvSE.exe
2021-05-05T23:38:13.687503+02:00 suricata pcap <14>May  5 23:35:59 win10 Microsoft-Windows-Security-Auditing[4]: An attempt was made to duplicate a handle to an object.    Subject:  	Security ID:		S-1-5-18  	Account Name:		WIN10$  	Account Domain:		WORKGROUP  	Logon ID:		0x3E7    Source Handle Information:  	Source Handle ID:	0x754  	Source Process ID:	0xd84    New Handle Information:  	Target Handle ID:	0xab0  	Target Process ID:	0x4
2021-05-05T23:38:13.687505+02:00 suricata pcap Eì`ùw
2021-05-05T23:38:13.687507+02:00 suricata pcap 2021-05-05T23:38:13.687513+02:00 suricata pcap message repeated 2 times: []
2021-05-05T23:38:13.687520+02:00 suricata pcap 2021-05-05T23:38:13.687527+02:00 suricata pcap Eì`∞y
2021-05-05T23:38:13.687533+02:00 suricata pcap 2021-05-05T23:38:13.687536+02:00 suricata pcap Eì`z
2021-05-05T23:38:13.687542+02:00 suricata pcap 2021-05-05T23:38:13.687545+02:00 suricata pcap Eì`Fz
2021-05-05T23:38:13.687548+02:00 suricata pcap 2021-05-05T23:38:13.687553+02:00 suricata pcap message repeated 2 times: []
2021-05-05T23:38:13.688336+02:00 suricata pcap 2021-05-05T23:38:13.688347+02:00 suricata pcap Eì`“}
2021-05-05T23:38:13.688370+02:00 suricata pcap 2021-05-05T23:38:13.688376+02:00 suricata pcap Eì`Ñ}
2021-05-05T23:38:13.688386+02:00 suricata pcap 2021-05-05T23:38:13.688389+02:00 suricata pcap Eì`4~
2021-05-05T23:38:13.688392+02:00 suricata pcap 2021-05-05T23:38:13.688399+02:00 suricata pcap message repeated 2 times: []
2021-05-05T23:38:13.688410+02:00 suricata pcap 2021-05-05T23:38:13.688414+02:00 suricata pcap Eì`
2021-05-05T23:38:13.688423+02:00 suricata pcap 2021-05-05T23:38:13.688425+02:00 suricata pcap Eì`_Ä
2021-05-05T23:38:13.690714+02:00 suricata pcap 2021-05-05T23:38:13.690722+02:00 suricata pcap Eì`ñÄ
2021-05-05T23:38:13.690725+02:00 suricata pcap 2021-05-05T23:38:13.690732+02:00 suricata pcap message repeated 2 times: []
2021-05-05T23:38:13.690739+02:00 suricata pcap 2021-05-05T23:38:13.690745+02:00 suricata pcap Eì`(á
2021-05-05T23:38:13.690751+02:00 suricata pcap 2021-05-05T23:38:13.690770+02:00 suricata pcap Eì`íá
2021-05-05T23:38:13.690777+02:00 suricata pcap 2021-05-05T23:38:13.690778+02:00 suricata pcap Eì`Àá
2021-05-05T23:38:13.690781+02:00 suricata pcap 2021-05-05T23:38:13.690786+02:00 suricata pcap message repeated 2 times: []
2021-05-05T23:38:13.690794+02:00 suricata pcap 2021-05-05T23:38:13.690802+02:00 suricata pcap <14>May  5 23:36:00 win10 Microsoft-Windows-Security-Auditing[4]: The handle to an object was closed.    Subject :  	Security ID:		S-1-5-18  	Account Name:		WIN10$  	Account Domain:		WORKGROUP  	Logon ID:		0x3E7    Object:  	Object Server:		Security  	Handle ID:		0x2c94    Process Information:  	Process ID:		0xd84  	Process Name:		C:\Windows\System32\wbem\WmiPrvSE.exe
2021-05-05T23:38:13.690804+02:00 suricata pcap Eì`…â
2021-05-05T23:38:13.690810+02:00 suricata pcap 2021-05-05T23:38:13.692361+02:00 suricata pcap <14>May  5 23:36:00 win10 Microsoft-Windows-Security-Auditing[4]: The handle to an object was closed.    Subject :  	Security ID:		S-1-5-18  	Account Name:		WIN10$  	Account Domain:		WORKGROUP  	Logon ID:		0x3E7    Object:  	Object Server:		Security  	Handle ID:		0x2c94    Process Information:  	Process ID:		0xd84  	Process Name:		C:\Windows\System32\wbem\WmiPrvSE.exe
2021-05-05T23:38:13.692375+02:00 suricata pcap Eì`√ã
2021-05-05T23:38:13.692390+02:00 suricata pcap 2021-05-05T23:38:13.692396+02:00 suricata pcap <14>May  5 23:36:00 win10 Microsoft-Windows-Security-Auditing[4]: The handle to an object was closed.    Subject :  	Security ID:		S-1-5-18  	Account Name:		WIN10$  	Account Domain:		WORKGROUP  	Logon ID:		0x3E7    Object:  	Object Server:		Security  	Handle ID:		0x2c94    Process Information:  	Process ID:		0xd84  	Process Name:		C:\Windows\System32\wbem\WmiPrvSE.exe
2021-05-05T23:38:13.692398+02:00 suricata pcap Eì`å
2021-05-05T23:38:13.692401+02:00 suricata pcap 2021-05-05T23:38:13.692408+02:00 suricata pcap message repeated 2 times: []
2021-05-05T23:38:13.692419+02:00 suricata pcap 2021-05-05T23:38:13.692425+02:00 suricata pcap Eì`7é
2021-05-05T23:38:13.692435+02:00 suricata pcap 2021-05-05T23:38:13.692438+02:00 suricata pcap Eì`£é
2021-05-05T23:38:13.692455+02:00 suricata pcap 2021-05-05T23:38:13.692457+02:00 suricata pcap Eì`Ôé
2021-05-05T23:38:13.692461+02:00 suricata pcap 2021-05-05T23:38:13.692467+02:00 suricata pcap message repeated 2 times: []
2021-05-05T23:38:13.693410+02:00 suricata pcap 2021-05-05T23:38:13.693420+02:00 suricata pcap Eì`◊ê
2021-05-05T23:38:13.693429+02:00 suricata pcap 2021-05-05T23:38:13.693432+02:00 suricata pcap Eì`"ë
2021-05-05T23:38:13.693440+02:00 suricata pcap 2021-05-05T23:38:13.693443+02:00 suricata pcap Eì`lë
2021-05-05T23:38:13.693445+02:00 suricata pcap 2021-05-05T23:38:13.693450+02:00 suricata pcap message repeated 2 times: []
2021-05-05T23:38:13.693458+02:00 suricata pcap 2021-05-05T23:38:13.693467+02:00 suricata pcap <14>May  5 23:36:00 win10 Microsoft-Windows-Security-Auditing[4]: An attempt was made to duplicate a handle to an object.    Subject:  	Security ID:		S-1-5-18  	Account Name:		WIN10$  	Account Domain:		WORKGROUP  	Logon ID:		0x3E7    Source Handle Information:  	Source Handle ID:	0x4a4  	Source Process ID:	0xd84    New Handle Information:  	Target Handle ID:	0x2c94  	Target Process ID:	0x4
2021-05-05T23:38:13.693470+02:00 suricata pcap Eì`¬ì
2021-05-05T23:38:13.693476+02:00 suricata pcap 2021-05-05T23:38:13.693482+02:00 suricata pcap <14>May  5 23:36:00 win10 Microsoft-Windows-Security-Auditing[4]: An attempt was made to duplicate a handle to an object.    Subject:  	Security ID:		S-1-5-18  	Account Name:		WIN10$  	Account Domain:		WORKGROUP  	Logon ID:		0x3E7    Source Handle Information:  	Source Handle ID:	0x4a4  	Source Process ID:	0xd84    New Handle Information:  	Target Handle ID:	0x2c94  	Target Process ID:	0x4
2021-05-05T23:38:13.693486+02:00 suricata pcap Eì`2î
2021-05-05T23:38:13.694798+02:00 suricata pcap 2021-05-05T23:38:13.694814+02:00 suricata pcap <14>May  5 23:36:00 win10 Microsoft-Windows-Security-Auditing[4]: An attempt was made to duplicate a handle to an object.    Subject:  	Security ID:		S-1-5-18  	Account Name:		WIN10$  	Account Domain:		WORKGROUP  	Logon ID:		0x3E7    Source Handle Information:  	Source Handle ID:	0x4a4  	Source Process ID:	0xd84    New Handle Information:  	Target Handle ID:	0x2c94  	Target Process ID:	0x4
2021-05-05T23:38:13.694816+02:00 suricata pcap Eì`î
2021-05-05T23:38:13.694819+02:00 suricata pcap 2021-05-05T23:38:13.694825+02:00 suricata pcap message repeated 2 times: []
2021-05-05T23:38:13.694832+02:00 suricata pcap 2021-05-05T23:38:13.694838+02:00 suricata pcap Eì`Ìñ
2021-05-05T23:38:13.694844+02:00 suricata pcap 2021-05-05T23:38:13.694846+02:00 suricata pcap Eì`:ó
2021-05-05T23:38:13.694853+02:00 suricata pcap 2021-05-05T23:38:13.694856+02:00 suricata pcap Eì`çó
2021-05-05T23:38:13.694859+02:00 suricata pcap 2021-05-05T23:38:13.694865+02:00 suricata pcap message repeated 2 times: []
2021-05-05T23:38:13.694876+02:00 suricata pcap 2021-05-05T23:38:13.694881+02:00 suricata pcap Eì`Jô
2021-05-05T23:38:13.694894+02:00 suricata pcap 2021-05-05T23:38:13.694896+02:00 suricata pcap Eì`∞ô
2021-05-05T23:38:13.695518+02:00 suricata pcap 2021-05-05T23:38:13.695525+02:00 suricata pcap Eì`˛ô
2021-05-05T23:38:13.695528+02:00 suricata pcap 2021-05-05T23:38:13.695533+02:00 suricata pcap message repeated 2 times: []
2021-05-05T23:38:13.695542+02:00 suricata pcap 2021-05-05T23:38:13.695551+02:00 suricata pcap <14>May  5 23:36:00 win10 Microsoft-Windows-Security-Auditing[4]: The handle to an object was closed.    Subject :  	Security ID:		S-1-5-18  	Account Name:		WIN10$  	Account Domain:		WORKGROUP  	Logon ID:		0x3E7    Object:  	Object Server:		Security  	Handle ID:		0x4a4    Process Information:  	Process ID:		0xd84  	Process Name:		C:\Windows\System32\wbem\WmiPrvSE.exe
2021-05-05T23:38:13.695553+02:00 suricata pcap Eì`¯õ
2021-05-05T23:38:13.695562+02:00 suricata pcap 2021-05-05T23:38:13.695568+02:00 suricata pcap <14>May  5 23:36:00 win10 Microsoft-Windows-Security-Auditing[4]: The handle to an object was closed.    Subject :  	Security ID:		S-1-5-18  	Account Name:		WIN10$  	Account Domain:		WORKGROUP  	Logon ID:		0x3E7    Object:  	Object Server:		Security  	Handle ID:		0x4a4    Process Information:  	Process ID:		0xd84  	Process Name:		C:\Windows\System32\wbem\WmiPrvSE.exe
2021-05-05T23:38:13.695571+02:00 suricata pcap Eì`Dú
2021-05-05T23:38:13.695580+02:00 suricata pcap 2021-05-05T23:38:13.695586+02:00 suricata pcap <14>May  5 23:36:00 win10 Microsoft-Windows-Security-Auditing[4]: The handle to an object was closed.    Subject :  	Security ID:		S-1-5-18  	Account Name:		WIN10$  	Account Domain:		WORKGROUP  	Logon ID:		0x3E7    Object:  	Object Server:		Security  	Handle ID:		0x4a4    Process Information:  	Process ID:		0xd84  	Process Name:		C:\Windows\System32\wbem\WmiPrvSE.exe
2021-05-05T23:38:13.695589+02:00 suricata pcap Eì`Çú
2021-05-05T23:38:13.696425+02:00 suricata pcap 2021-05-05T23:38:13.696440+02:00 suricata pcap message repeated 2 times: []
2021-05-05T23:38:13.696450+02:00 suricata pcap 2021-05-05T23:38:13.696461+02:00 suricata pcap <14>May  5 23:36:00 win10 Microsoft-Windows-Security-Auditing[4]: The handle to an object was closed.    Subject :  	Security ID:		S-1-5-18  	Account Name:		WIN10$  	Account Domain:		WORKGROUP  	Logon ID:		0x3E7    Object:  	Object Server:		Security  	Handle ID:		0x3bb8    Process Information:  	Process ID:		0xd84  	Process Name:		C:\Windows\System32\wbem\WmiPrvSE.exe
2021-05-05T23:38:13.696463+02:00 suricata pcap Eì`û
2021-05-05T23:38:13.696469+02:00 suricata pcap 2021-05-05T23:38:13.696475+02:00 suricata pcap <14>May  5 23:36:00 win10 Microsoft-Windows-Security-Auditing[4]: The handle to an object was closed.    Subject :  	Security ID:		S-1-5-18  	Account Name:		WIN10$  	Account Domain:		WORKGROUP  	Logon ID:		0x3E7    Object:  	Object Server:		Security  	Handle ID:		0x3bb8    Process Information:  	Process ID:		0xd84  	Process Name:		C:\Windows\System32\wbem\WmiPrvSE.exe
2021-05-05T23:38:13.696477+02:00 suricata pcap Eì`tû
2021-05-05T23:38:13.696484+02:00 suricata pcap 2021-05-05T23:38:13.696490+02:00 suricata pcap <14>May  5 23:36:00 win10 Microsoft-Windows-Security-Auditing[4]: The handle to an object was closed.    Subject :  	Security ID:		S-1-5-18  	Account Name:		WIN10$  	Account Domain:		WORKGROUP  	Logon ID:		0x3E7    Object:  	Object Server:		Security  	Handle ID:		0x3bb8    Process Information:  	Process ID:		0xd84  	Process Name:		C:\Windows\System32\wbem\WmiPrvSE.exe
2021-05-05T23:38:13.696492+02:00 suricata pcap Eì`Âû
2021-05-05T23:38:13.696496+02:00 suricata pcap 2021-05-05T23:38:13.696502+02:00 suricata pcap message repeated 2 times: []
2021-05-05T23:38:13.696505+02:00 suricata pcap 2021-05-05T23:38:13.696518+02:00 suricata pcap @2021-05-05T23:38:13.697054+02:00 suricata pcap <14>May  5 23:36:00 win10 Microsoft-Windows-Security-Auditing[4]: An attempt was made to access an object.    Subject:  	Security ID:		S-1-5-18  	Account Name:		WIN10$  	Account Domain:		WORKGROUP  	Logon ID:		0x3E7    Object:  	Object Server:		Security  	Object Type:		Process  	Object Name:		\Device\HarddiskVolume2\Windows\System32\lsass.exe  	Handle ID:		0x4a4  	Resource Attributes:	-    Process Information:  	Process ID:		0xd84  	Process Name:		C:\Windows\System32\wbem\WmiPrvSE.exe    Access Request Information:  	Accesses:		Read from process memory  				  	Access Mask:		0x10
2021-05-05T23:38:13.697064+02:00 suricata pcap Eì`›†
2021-05-05T23:38:13.697066+02:00 suricata pcap 2021-05-05T23:38:13.697076+02:00 suricata pcap @2021-05-05T23:38:13.697084+02:00 suricata pcap <14>May  5 23:36:00 win10 Microsoft-Windows-Security-Auditing[4]: An attempt was made to access an object.    Subject:  	Security ID:		S-1-5-18  	Account Name:		WIN10$  	Account Domain:		WORKGROUP  	Logon ID:		0x3E7    Object:  	Object Server:		Security  	Object Type:		Process  	Object Name:		\Device\HarddiskVolume2\Windows\System32\lsass.exe  	Handle ID:		0x4a4  	Resource Attributes:	-    Process Information:  	Process ID:		0xd84  	Process Name:		C:\Windows\System32\wbem\WmiPrvSE.exe    Access Request Information:  	Accesses:		Read from process memory  				  	Access Mask:		0x10
2021-05-05T23:38:13.697087+02:00 suricata pcap Eì`á†
2021-05-05T23:38:13.697089+02:00 suricata pcap 2021-05-05T23:38:13.697099+02:00 suricata pcap @2021-05-05T23:38:13.697107+02:00 suricata pcap <14>May  5 23:36:00 win10 Microsoft-Windows-Security-Auditing[4]: An attempt was made to access an object.    Subject:  	Security ID:		S-1-5-18  	Account Name:		WIN10$  	Account Domain:		WORKGROUP  	Logon ID:		0x3E7    Object:  	Object Server:		Security  	Object Type:		Process  	Object Name:		\Device\HarddiskVolume2\Windows\System32\lsass.exe  	Handle ID:		0x4a4  	Resource Attributes:	-    Process Information:  	Process ID:		0xd84  	Process Name:		C:\Windows\System32\wbem\WmiPrvSE.exe    Access Request Information:  	Accesses:		Read from process memory  				  	Access Mask:		0x10
2021-05-05T23:38:13.697111+02:00 suricata pcap Eì` °
2021-05-05T23:38:13.697113+02:00 suricata pcap 2021-05-05T23:38:13.697120+02:00 suricata pcap message repeated 2 times: []
2021-05-05T23:38:13.697127+02:00 suricata pcap 2021-05-05T23:38:13.697760+02:00 suricata pcap <14>May  5 23:36:00 win10 Microsoft-Windows-Security-Auditing[4]: An attempt was made to duplicate a handle to an object.    Subject:  	Security ID:		S-1-5-18  	Account Name:		WIN10$  	Account Domain:		WORKGROUP  	Logon ID:		0x3E7    Source Handle Information:  	Source Handle ID:	0x73c  	Source Process ID:	0xd84    New Handle Information:  	Target Handle ID:	0x2c94  	Target Process ID:	0x4
2021-05-05T23:38:13.697768+02:00 suricata pcap Eì`Ï¢
2021-05-05T23:38:13.697781+02:00 suricata pcap 2021-05-05T23:38:13.697788+02:00 suricata pcap <14>May  5 23:36:00 win10 Microsoft-Windows-Security-Auditing[4]: An attempt was made to duplicate a handle to an object.    Subject:  	Security ID:		S-1-5-18  	Account Name:		WIN10$  	Account Domain:		WORKGROUP  	Logon ID:		0x3E7    Source Handle Information:  	Source Handle ID:	0x73c  	Source Process ID:	0xd84    New Handle Information:  	Target Handle ID:	0x2c94  	Target Process ID:	0x4
2021-05-05T23:38:13.697791+02:00 suricata pcap Eì`e£
2021-05-05T23:38:13.697797+02:00 suricata pcap 2021-05-05T23:38:13.697803+02:00 suricata pcap <14>May  5 23:36:00 win10 Microsoft-Windows-Security-Auditing[4]: An attempt was made to duplicate a handle to an object.    Subject:  	Security ID:		S-1-5-18  	Account Name:		WIN10$  	Account Domain:		WORKGROUP  	Logon ID:		0x3E7    Source Handle Information:  	Source Handle ID:	0x73c  	Source Process ID:	0xd84    New Handle Information:  	Target Handle ID:	0x2c94  	Target Process ID:	0x4
2021-05-05T23:38:13.697805+02:00 suricata pcap Eì`∞£
2021-05-05T23:38:13.697808+02:00 suricata pcap 2021-05-05T23:38:13.697826+02:00 suricata pcap message repeated 2 times: []
2021-05-05T23:38:13.697834+02:00 suricata pcap 2021-05-05T23:38:13.697847+02:00 suricata pcap <14>May  5 23:36:00 win10 Microsoft-Windows-Security-Auditing[4]: A handle to an object was requested.    Subject:  	Security ID:		S-1-5-18  	Account Name:		WIN10$  	Account Domain:		WORKGROUP  	Logon ID:		0x3E7    Object:  	Object Server:		Security  	Object Type:		Process  	Object Name:		\Device\HarddiskVolume2\Windows\System32\lsass.exe  	Handle ID:		0x73c  	Resource Attributes:	-    Process Information:  	Process ID:		0xd84  	Process Name:		C:\Windows\System32\wbem\WmiPrvSE.exe    Access Request Information:  	Transaction ID:		{00000000-0000-0000-0000-000000000000}  	Accesses:		Read from process memory  				Query process information  				Undefined Access (no effect) Bit 12  				  	Access Reasons:		-  	Access Mask:		0x1410  	Privileges Used for Access Check:	-  	Restricted SID Count:	0
2021-05-05T23:38:13.697850+02:00 suricata pcap Eì`U•
2021-05-05T23:38:13.697856+02:00 suricata pcap 2021-05-05T23:38:13.698382+02:00 suricata pcap <14>May  5 23:36:00 win10 Microsoft-Windows-Security-Auditing[4]: A handle to an object was requested.    Subject:  	Security ID:		S-1-5-18  	Account Name:		WIN10$  	Account Domain:		WORKGROUP  	Logon ID:		0x3E7    Object:  	Object Server:		Security  	Object Type:		Process  	Object Name:		\Device\HarddiskVolume2\Windows\System32\lsass.exe  	Handle ID:		0x73c  	Resource Attributes:	-    Process Information:  	Process ID:		0xd84  	Process Name:		C:\Windows\System32\wbem\WmiPrvSE.exe    Access Request Information:  	Transaction ID:		{00000000-0000-0000-0000-000000000000}  	Accesses:		Read from process memory  				Query process information  				Undefined Access (no effect) Bit 12  				  	Access Reasons:		-  	Access Mask:		0x1410  	Privileges Used for Access Check:	-  	Restricted SID Count:	0
2021-05-05T23:38:13.698389+02:00 suricata pcap Eì`◊•
2021-05-05T23:38:13.698396+02:00 suricata pcap 2021-05-05T23:38:13.698408+02:00 suricata pcap <14>May  5 23:36:00 win10 Microsoft-Windows-Security-Auditing[4]: A handle to an object was requested.    Subject:  	Security ID:		S-1-5-18  	Account Name:		WIN10$  	Account Domain:		WORKGROUP  	Logon ID:		0x3E7    Object:  	Object Server:		Security  	Object Type:		Process  	Object Name:		\Device\HarddiskVolume2\Windows\System32\lsass.exe  	Handle ID:		0x73c  	Resource Attributes:	-    Process Information:  	Process ID:		0xd84  	Process Name:		C:\Windows\System32\wbem\WmiPrvSE.exe    Access Request Information:  	Transaction ID:		{00000000-0000-0000-0000-000000000000}  	Accesses:		Read from process memory  				Query process information  				Undefined Access (no effect) Bit 12  				  	Access Reasons:		-  	Access Mask:		0x1410  	Privileges Used for Access Check:	-  	Restricted SID Count:	0
2021-05-05T23:38:13.698411+02:00 suricata pcap Eì`¶
2021-05-05T23:38:13.698413+02:00 suricata pcap 2021-05-05T23:38:13.698419+02:00 suricata pcap message repeated 2 times: []
2021-05-05T23:38:13.698428+02:00 suricata pcap 2021-05-05T23:38:13.698438+02:00 suricata pcap <14>May  5 23:36:00 win10 Microsoft-Windows-Security-Auditing[4]: The handle to an object was closed.    Subject :  	Security ID:		S-1-5-18  	Account Name:		WIN10$  	Account Domain:		WORKGROUP  	Logon ID:		0x3E7    Object:  	Object Server:		Security  	Handle ID:		0x73c    Process Information:  	Process ID:		0xd84  	Process Name:		C:\Windows\System32\wbem\WmiPrvSE.exe
2021-05-05T23:38:13.698445+02:00 suricata pcap <14>May  5 23:36:00 win10 Microsoft-Windows-Security-Auditing[4]: An attempt was made to duplicate a handle to an object.    Subject:  	Security ID:		S-1-5-18  	Account Name:		WIN10$  	Account Domain:		WORKGROUP  	Logon ID:		0x3E7    Source Handle Information:  	Source Handle ID:	0x73c  	Source Process ID:	0xd84    New Handle Information:  	Target Handle ID:	0x2c94  	Target Process ID:	0x4
2021-05-05T23:38:13.698470+02:00 suricata pcap Eì`÷ß
2021-05-05T23:38:13.698480+02:00 suricata pcap 2021-05-05T23:38:13.699827+02:00 suricata pcap <14>May  5 23:36:00 win10 Microsoft-Windows-Security-Auditing[4]: The handle to an object was closed.    Subject :  	Security ID:		S-1-5-18  	Account Name:		WIN10$  	Account Domain:		WORKGROUP  	Logon ID:		0x3E7    Object:  	Object Server:		Security  	Handle ID:		0x73c    Process Information:  	Process ID:		0xd84  	Process Name:		C:\Windows\System32\wbem\WmiPrvSE.exe
2021-05-05T23:38:13.699840+02:00 suricata pcap <14>May  5 23:36:00 win10 Microsoft-Windows-Security-Auditing[4]: An attempt was made to duplicate a handle to an object.    Subject:  	Security ID:		S-1-5-18  	Account Name:		WIN10$  	Account Domain:		WORKGROUP  	Logon ID:		0x3E7    Source Handle Information:  	Source Handle ID:	0x73c  	Source Process ID:	0xd84    New Handle Information:  	Target Handle ID:	0x2c94  	Target Process ID:	0x4
2021-05-05T23:38:13.699842+02:00 suricata pcap Eì`S®
2021-05-05T23:38:13.699850+02:00 suricata pcap 2021-05-05T23:38:13.699856+02:00 suricata pcap <14>May  5 23:36:00 win10 Microsoft-Windows-Security-Auditing[4]: The handle to an object was closed.    Subject :  	Security ID:		S-1-5-18  	Account Name:		WIN10$  	Account Domain:		WORKGROUP  	Logon ID:		0x3E7    Object:  	Object Server:		Security  	Handle ID:		0x73c    Process Information:  	Process ID:		0xd84  	Process Name:		C:\Windows\System32\wbem\WmiPrvSE.exe
2021-05-05T23:38:13.699863+02:00 suricata pcap <14>May  5 23:36:00 win10 Microsoft-Windows-Security-Auditing[4]: An attempt was made to duplicate a handle to an object.    Subject:  	Security ID:		S-1-5-18  	Account Name:		WIN10$  	Account Domain:		WORKGROUP  	Logon ID:		0x3E7    Source Handle Information:  	Source Handle ID:	0x73c  	Source Process ID:	0xd84    New Handle Information:  	Target Handle ID:	0x2c94  	Target Process ID:	0x4
2021-05-05T23:38:13.699865+02:00 suricata pcap Eì`ß®
2021-05-05T23:38:13.699868+02:00 suricata pcap 2021-05-05T23:38:13.699873+02:00 suricata pcap message repeated 2 times: []
2021-05-05T23:38:13.699880+02:00 suricata pcap 2021-05-05T23:38:13.699885+02:00 suricata pcap Eì`◊™
2021-05-05T23:38:13.699891+02:00 suricata pcap 2021-05-05T23:38:13.699908+02:00 suricata pcap Eì`V´
2021-05-05T23:38:13.699914+02:00 suricata pcap 2021-05-05T23:38:13.699917+02:00 suricata pcap Eì`ç´
2021-05-05T23:38:13.699919+02:00 suricata pcap 2021-05-05T23:38:13.699925+02:00 suricata pcap message repeated 2 times: []
