2021-05-05T23:08:15.967452+02:00 suricata pcap ?	ì`Ï¡2021-05-05T23:08:15.968181+02:00 suricata pcap <14>May  5 23:06:01 win10 Microsoft-Windows-Security-Auditing[4]: An attempt was made to duplicate a handle to an object.    Subject:  	Security ID:		S-1-5-18  	Account Name:		WIN10$  	Account Domain:		WORKGROUP  	Logon ID:		0x3E7    Source Handle Information:  	Source Handle ID:	0x554  	Source Process ID:	0xd84    New Handle Information:  	Target Handle ID:	0x2418  	Target Process ID:	0x4
2021-05-05T23:08:15.968208+02:00 suricata pcap <14>May  5 23:06:01 win10 Microsoft-Windows-Security-Auditing[4]: The handle to an object was closed.    Subject :  	Security ID:		S-1-5-18  	Account Name:		WIN10$  	Account Domain:		WORKGROUP  	Logon ID:		0x3E7    Object:  	Object Server:		Security  	Handle ID:		0x2418    Process Information:  	Process ID:		0xd84  	Process Name:		C:\Windows\System32\wbem\WmiPrvSE.exe
2021-05-05T23:08:15.968224+02:00 suricata pcap ?	ì` ¬2021-05-05T23:08:15.968237+02:00 suricata pcap <14>May  5 23:06:01 win10 Microsoft-Windows-Security-Auditing[4]: An attempt was made to duplicate a handle to an object.    Subject:  	Security ID:		S-1-5-18  	Account Name:		WIN10$  	Account Domain:		WORKGROUP  	Logon ID:		0x3E7    Source Handle Information:  	Source Handle ID:	0x554  	Source Process ID:	0xd84    New Handle Information:  	Target Handle ID:	0x2418  	Target Process ID:	0x4
2021-05-05T23:08:15.968249+02:00 suricata pcap <14>May  5 23:06:01 win10 Microsoft-Windows-Security-Auditing[4]: The handle to an object was closed.    Subject :  	Security ID:		S-1-5-18  	Account Name:		WIN10$  	Account Domain:		WORKGROUP  	Logon ID:		0x3E7    Object:  	Object Server:		Security  	Handle ID:		0x2418    Process Information:  	Process ID:		0xd84  	Process Name:		C:\Windows\System32\wbem\WmiPrvSE.exe
2021-05-05T23:08:15.968282+02:00 suricata pcap ?	ì`√2021-05-05T23:08:15.968301+02:00 suricata pcap <14>May  5 23:06:01 win10 Microsoft-Windows-Security-Auditing[4]: An attempt was made to access an object.    Subject:  	Security ID:		S-1-5-18  	Account Name:		WIN10$  	Account Domain:		WORKGROUP  	Logon ID:		0x3E7    Object:  	Object Server:		Security  	Object Type:		Process  	Object Name:		\Device\HarddiskVolume2\Windows\System32\lsass.exe  	Handle ID:		0x554  	Resource Attributes:	-    Process Information:  	Process ID:		0xd84  	Process Name:		C:\Windows\System32\wbem\WmiPrvSE.exe    Access Request Information:  	Accesses:		Read from process memory  				  	Access Mask:		0x10
2021-05-05T23:08:15.969140+02:00 suricata pcap ?	ì`z≈2021-05-05T23:08:15.969186+02:00 suricata pcap <14>May  5 23:06:01 win10 Microsoft-Windows-Security-Auditing[4]: An attempt was made to access an object.    Subject:  	Security ID:		S-1-5-18  	Account Name:		WIN10$  	Account Domain:		WORKGROUP  	Logon ID:		0x3E7    Object:  	Object Server:		Security  	Object Type:		Process  	Object Name:		\Device\HarddiskVolume2\Windows\System32\lsass.exe  	Handle ID:		0x554  	Resource Attributes:	-    Process Information:  	Process ID:		0xd84  	Process Name:		C:\Windows\System32\wbem\WmiPrvSE.exe    Access Request Information:  	Accesses:		Read from process memory  				  	Access Mask:		0x10
2021-05-05T23:08:15.969210+02:00 suricata pcap ?	ì`¡≈2021-05-05T23:08:15.969227+02:00 suricata pcap <14>May  5 23:06:01 win10 Microsoft-Windows-Security-Auditing[4]: An attempt was made to access an object.    Subject:  	Security ID:		S-1-5-18  	Account Name:		WIN10$  	Account Domain:		WORKGROUP  	Logon ID:		0x3E7    Object:  	Object Server:		Security  	Object Type:		Process  	Object Name:		\Device\HarddiskVolume2\Windows\System32\lsass.exe  	Handle ID:		0x554  	Resource Attributes:	-    Process Information:  	Process ID:		0xd84  	Process Name:		C:\Windows\System32\wbem\WmiPrvSE.exe    Access Request Information:  	Accesses:		Read from process memory  				  	Access Mask:		0x10
2021-05-05T23:08:15.969269+02:00 suricata pcap ?	ì`«2021-05-05T23:08:15.969283+02:00 suricata pcap <14>May  5 23:06:01 win10 Microsoft-Windows-Security-Auditing[4]: An attempt was made to duplicate a handle to an object.    Subject:  	Security ID:		S-1-5-18  	Account Name:		WIN10$  	Account Domain:		WORKGROUP  	Logon ID:		0x3E7    Source Handle Information:  	Source Handle ID:	0x5d8  	Source Process ID:	0xd84    New Handle Information:  	Target Handle ID:	0x2418  	Target Process ID:	0x4
2021-05-05T23:08:15.969297+02:00 suricata pcap ?	ì`O…2021-05-05T23:08:15.970385+02:00 suricata pcap <14>May  5 23:06:01 win10 Microsoft-Windows-Security-Auditing[4]: An attempt was made to duplicate a handle to an object.    Subject:  	Security ID:		S-1-5-18  	Account Name:		WIN10$  	Account Domain:		WORKGROUP  	Logon ID:		0x3E7    Source Handle Information:  	Source Handle ID:	0x5d8  	Source Process ID:	0xd84    New Handle Information:  	Target Handle ID:	0x2418  	Target Process ID:	0x4
2021-05-05T23:08:15.970414+02:00 suricata pcap ?	ì`£…2021-05-05T23:08:15.970464+02:00 suricata pcap <14>May  5 23:06:01 win10 Microsoft-Windows-Security-Auditing[4]: An attempt was made to duplicate a handle to an object.    Subject:  	Security ID:		S-1-5-18  	Account Name:		WIN10$  	Account Domain:		WORKGROUP  	Logon ID:		0x3E7    Source Handle Information:  	Source Handle ID:	0x5d8  	Source Process ID:	0xd84    New Handle Information:  	Target Handle ID:	0x2418  	Target Process ID:	0x4
2021-05-05T23:08:15.970485+02:00 suricata pcap ?	ì`÷…2021-05-05T23:08:15.970508+02:00 suricata pcap ?	ì`Ã2021-05-05T23:08:15.970530+02:00 suricata pcap ?	ì`QÃ2021-05-05T23:08:15.970578+02:00 suricata pcap ?	ì`tÃ2021-05-05T23:08:15.971200+02:00 suricata pcap <14>May  5 23:06:01 win10 Microsoft-Windows-Security-Auditing[4]: An attempt was made to access an object.    Subject:  	Security ID:		S-1-5-18  	Account Name:		WIN10$  	Account Domain:		WORKGROUP  	Logon ID:		0x3E7    Object:  	Object Server:		Security  	Object Type:		Process  	Object Name:		\Device\HarddiskVolume2\Windows\System32\lsass.exe  	Handle ID:		0x5d8  	Resource Attributes:	-    Process Information:  	Process ID:		0xd84  	Process Name:		C:\Windows\System32\wbem\WmiPrvSE.exe    Access Request Information:  	Accesses:		Read from process memory  				  	Access Mask:		0x10
2021-05-05T23:08:15.971231+02:00 suricata pcap ?	ì`ŒŒ2021-05-05T23:08:15.971248+02:00 suricata pcap <14>May  5 23:06:01 win10 Microsoft-Windows-Security-Auditing[4]: An attempt was made to access an object.    Subject:  	Security ID:		S-1-5-18  	Account Name:		WIN10$  	Account Domain:		WORKGROUP  	Logon ID:		0x3E7    Object:  	Object Server:		Security  	Object Type:		Process  	Object Name:		\Device\HarddiskVolume2\Windows\System32\lsass.exe  	Handle ID:		0x5d8  	Resource Attributes:	-    Process Information:  	Process ID:		0xd84  	Process Name:		C:\Windows\System32\wbem\WmiPrvSE.exe    Access Request Information:  	Accesses:		Read from process memory  				  	Access Mask:		0x10
2021-05-05T23:08:15.971384+02:00 suricata pcap ?	ì`:œ2021-05-05T23:08:15.971405+02:00 suricata pcap <14>May  5 23:06:01 win10 Microsoft-Windows-Security-Auditing[4]: An attempt was made to access an object.    Subject:  	Security ID:		S-1-5-18  	Account Name:		WIN10$  	Account Domain:		WORKGROUP  	Logon ID:		0x3E7    Object:  	Object Server:		Security  	Object Type:		Process  	Object Name:		\Device\HarddiskVolume2\Windows\System32\lsass.exe  	Handle ID:		0x5d8  	Resource Attributes:	-    Process Information:  	Process ID:		0xd84  	Process Name:		C:\Windows\System32\wbem\WmiPrvSE.exe    Access Request Information:  	Accesses:		Read from process memory  				  	Access Mask:		0x10
2021-05-05T23:08:15.971423+02:00 suricata pcap ?	ì`àœ2021-05-05T23:08:15.971436+02:00 suricata pcap <14>May  5 23:06:01 win10 Microsoft-Windows-Security-Auditing[4]: An attempt was made to duplicate a handle to an object.    Subject:  	Security ID:		S-1-5-18  	Account Name:		WIN10$  	Account Domain:		WORKGROUP  	Logon ID:		0x3E7    Source Handle Information:  	Source Handle ID:	0x460  	Source Process ID:	0xd84    New Handle Information:  	Target Handle ID:	0x2418  	Target Process ID:	0x4
2021-05-05T23:08:15.972057+02:00 suricata pcap <14>May  5 23:06:01 win10 Microsoft-Windows-Security-Auditing[4]: The handle to an object was closed.    Subject :  	Security ID:		S-1-5-18  	Account Name:		WIN10$  	Account Domain:		WORKGROUP  	Logon ID:		0x3E7    Object:  	Object Server:		Security  	Handle ID:		0x2418    Process Information:  	Process ID:		0xd84  	Process Name:		C:\Windows\System32\wbem\WmiPrvSE.exe
2021-05-05T23:08:15.972081+02:00 suricata pcap ?	ì`R“2021-05-05T23:08:15.972111+02:00 suricata pcap <14>May  5 23:06:01 win10 Microsoft-Windows-Security-Auditing[4]: An attempt was made to duplicate a handle to an object.    Subject:  	Security ID:		S-1-5-18  	Account Name:		WIN10$  	Account Domain:		WORKGROUP  	Logon ID:		0x3E7    Source Handle Information:  	Source Handle ID:	0x460  	Source Process ID:	0xd84    New Handle Information:  	Target Handle ID:	0x2418  	Target Process ID:	0x4
2021-05-05T23:08:15.972124+02:00 suricata pcap <14>May  5 23:06:01 win10 Microsoft-Windows-Security-Auditing[4]: The handle to an object was closed.    Subject :  	Security ID:		S-1-5-18  	Account Name:		WIN10$  	Account Domain:		WORKGROUP  	Logon ID:		0x3E7    Object:  	Object Server:		Security  	Handle ID:		0x2418    Process Information:  	Process ID:		0xd84  	Process Name:		C:\Windows\System32\wbem\WmiPrvSE.exe
2021-05-05T23:08:15.972139+02:00 suricata pcap ?	ì`è“2021-05-05T23:08:15.972152+02:00 suricata pcap <14>May  5 23:06:01 win10 Microsoft-Windows-Security-Auditing[4]: An attempt was made to duplicate a handle to an object.    Subject:  	Security ID:		S-1-5-18  	Account Name:		WIN10$  	Account Domain:		WORKGROUP  	Logon ID:		0x3E7    Source Handle Information:  	Source Handle ID:	0x460  	Source Process ID:	0xd84    New Handle Information:  	Target Handle ID:	0x2418  	Target Process ID:	0x4
2021-05-05T23:08:15.972163+02:00 suricata pcap <14>May  5 23:06:01 win10 Microsoft-Windows-Security-Auditing[4]: The handle to an object was closed.    Subject :  	Security ID:		S-1-5-18  	Account Name:		WIN10$  	Account Domain:		WORKGROUP  	Logon ID:		0x3E7    Object:  	Object Server:		Security  	Handle ID:		0x2418    Process Information:  	Process ID:		0xd84  	Process Name:		C:\Windows\System32\wbem\WmiPrvSE.exe
2021-05-05T23:08:15.972192+02:00 suricata pcap ?	ì`Œ“2021-05-05T23:08:15.972807+02:00 suricata pcap <14>May  5 23:06:01 win10 Microsoft-Windows-Security-Auditing[4]: An attempt was made to access an object.    Subject:  	Security ID:		S-1-5-18  	Account Name:		WIN10$  	Account Domain:		WORKGROUP  	Logon ID:		0x3E7    Object:  	Object Server:		Security  	Object Type:		Process  	Object Name:		\Device\HarddiskVolume2\Windows\System32\lsass.exe  	Handle ID:		0x460  	Resource Attributes:	-    Process Information:  	Process ID:		0xd84  	Process Name:		C:\Windows\System32\wbem\WmiPrvSE.exe    Access Request Information:  	Accesses:		Read from process memory  				  	Access Mask:		0x10
2021-05-05T23:08:15.972862+02:00 suricata pcap ?	ì`>’2021-05-05T23:08:15.972880+02:00 suricata pcap <14>May  5 23:06:01 win10 Microsoft-Windows-Security-Auditing[4]: An attempt was made to access an object.    Subject:  	Security ID:		S-1-5-18  	Account Name:		WIN10$  	Account Domain:		WORKGROUP  	Logon ID:		0x3E7    Object:  	Object Server:		Security  	Object Type:		Process  	Object Name:		\Device\HarddiskVolume2\Windows\System32\lsass.exe  	Handle ID:		0x460  	Resource Attributes:	-    Process Information:  	Process ID:		0xd84  	Process Name:		C:\Windows\System32\wbem\WmiPrvSE.exe    Access Request Information:  	Accesses:		Read from process memory  				  	Access Mask:		0x10
2021-05-05T23:08:15.972903+02:00 suricata pcap ?	ì`≠’2021-05-05T23:08:15.972920+02:00 suricata pcap <14>May  5 23:06:01 win10 Microsoft-Windows-Security-Auditing[4]: An attempt was made to access an object.    Subject:  	Security ID:		S-1-5-18  	Account Name:		WIN10$  	Account Domain:		WORKGROUP  	Logon ID:		0x3E7    Object:  	Object Server:		Security  	Object Type:		Process  	Object Name:		\Device\HarddiskVolume2\Windows\System32\lsass.exe  	Handle ID:		0x460  	Resource Attributes:	-    Process Information:  	Process ID:		0xd84  	Process Name:		C:\Windows\System32\wbem\WmiPrvSE.exe    Access Request Information:  	Accesses:		Read from process memory  				  	Access Mask:		0x10
2021-05-05T23:08:15.972938+02:00 suricata pcap ?	ì`Ì’2021-05-05T23:08:15.974170+02:00 suricata pcap <14>May  5 23:06:01 win10 Microsoft-Windows-Security-Auditing[4]: An attempt was made to duplicate a handle to an object.    Subject:  	Security ID:		S-1-5-18  	Account Name:		WIN10$  	Account Domain:		WORKGROUP  	Logon ID:		0x3E7    Source Handle Information:  	Source Handle ID:	0x460  	Source Process ID:	0xd84    New Handle Information:  	Target Handle ID:	0x1c68  	Target Process ID:	0x4
2021-05-05T23:08:15.974190+02:00 suricata pcap ?	ì`1ÿ2021-05-05T23:08:15.974226+02:00 suricata pcap <14>May  5 23:06:01 win10 Microsoft-Windows-Security-Auditing[4]: An attempt was made to duplicate a handle to an object.    Subject:  	Security ID:		S-1-5-18  	Account Name:		WIN10$  	Account Domain:		WORKGROUP  	Logon ID:		0x3E7    Source Handle Information:  	Source Handle ID:	0x460  	Source Process ID:	0xd84    New Handle Information:  	Target Handle ID:	0x1c68  	Target Process ID:	0x4
2021-05-05T23:08:15.974240+02:00 suricata pcap ?	ì`™ÿ2021-05-05T23:08:15.974254+02:00 suricata pcap <14>May  5 23:06:01 win10 Microsoft-Windows-Security-Auditing[4]: An attempt was made to duplicate a handle to an object.    Subject:  	Security ID:		S-1-5-18  	Account Name:		WIN10$  	Account Domain:		WORKGROUP  	Logon ID:		0x3E7    Source Handle Information:  	Source Handle ID:	0x460  	Source Process ID:	0xd84    New Handle Information:  	Target Handle ID:	0x1c68  	Target Process ID:	0x4
2021-05-05T23:08:15.974272+02:00 suricata pcap ?	ì`Ÿ2021-05-05T23:08:15.974286+02:00 suricata pcap ?	ì`2021-05-05T23:08:15.974300+02:00 suricata pcap ?	ì`c€2021-05-05T23:08:15.975206+02:00 suricata pcap ?	ì`ü€2021-05-05T23:08:15.975249+02:00 suricata pcap ?	ì`z›2021-05-05T23:08:15.975272+02:00 suricata pcap ?	ì`¿›2021-05-05T23:08:15.975295+02:00 suricata pcap ?	ì`˘›2021-05-05T23:08:15.975314+02:00 suricata pcap ?	ì`3‡2021-05-05T23:08:15.977284+02:00 suricata pcap ?	ì` ‡2021-05-05T23:08:15.977306+02:00 suricata pcap ?	ì`$·2021-05-05T23:08:15.977316+02:00 suricata pcap ?	ì``„2021-05-05T23:08:15.977327+02:00 suricata pcap ?	ì`‘„2021-05-05T23:08:15.977341+02:00 suricata pcap ?	ì`„2021-05-05T23:08:15.977351+02:00 suricata pcap ?	ì`7Ê2021-05-05T23:08:15.977361+02:00 suricata pcap ?	ì`éÊ2021-05-05T23:08:15.978895+02:00 suricata pcap ?	ì`∞Ê2021-05-05T23:08:15.978911+02:00 suricata pcap ?	ì`CÈ2021-05-05T23:08:15.978921+02:00 suricata pcap ?	ì`≥È2021-05-05T23:08:15.978924+02:00 suricata pcap ?	ì`|Î2021-05-05T23:08:15.978928+02:00 suricata pcap @2021-05-05T23:08:15.978931+02:00 suricata pcap @2021-05-05T23:08:15.978949+02:00 suricata pcap @2021-05-05T23:08:15.978966+02:00 suricata pcap ?	ì`ëÌ2021-05-05T23:08:15.978983+02:00 suricata pcap ?	ì`ÂÌ2021-05-05T23:08:15.980490+02:00 suricata pcap ?	ì`+Ó2021-05-05T23:08:15.980510+02:00 suricata pcap ?	ì`£Ô2021-05-05T23:08:15.980523+02:00 suricata pcap ?	ì`¸Ô2021-05-05T23:08:15.980535+02:00 suricata pcap ?	ì`|2021-05-05T23:08:15.980545+02:00 suricata pcap ?	ì`"Ú2021-05-05T23:08:15.980554+02:00 suricata pcap ?	ì`pÚ2021-05-05T23:08:15.980567+02:00 suricata pcap ?	ì`ƒÚ2021-05-05T23:08:15.982512+02:00 suricata pcap ?	ì`°ı2021-05-05T23:08:15.982531+02:00 suricata pcap ?	ì`ˆ2021-05-05T23:08:15.982545+02:00 suricata pcap ?	ì`˚2021-05-05T23:08:15.982560+02:00 suricata pcap <14>May  5 23:06:02 win10 Microsoft-Windows-Security-Auditing[4]: A handle to an object was requested.    Subject:  	Security ID:		S-1-5-18  	Account Name:		WIN10$  	Account Domain:		WORKGROUP  	Logon ID:		0x3E7    Object:  	Object Server:		Security  	Object Type:		Process  	Object Name:		\Device\HarddiskVolume2\Windows\System32\lsass.exe  	Handle ID:		0x6c4  	Resource Attributes:	-    Process Information:  	Process ID:		0xd84  	Process Name:		C:\Windows\System32\wbem\WmiPrvSE.exe    Access Request Information:  	Transaction ID:		{00000000-0000-0000-0000-000000000000}  	Accesses:		Read from process memory  				Query process information  				Undefined Access (no effect) Bit 12  				  	Access Reasons:		-  	Access Mask:		0x1410  	Privileges Used for Access Check:	-  	Restricted SID Count:	0
2021-05-05T23:08:15.982570+02:00 suricata pcap ?	ì`˝2021-05-05T23:08:15.982584+02:00 suricata pcap <14>May  5 23:06:02 win10 Microsoft-Windows-Security-Auditing[4]: A handle to an object was requested.    Subject:  	Security ID:		S-1-5-18  	Account Name:		WIN10$  	Account Domain:		WORKGROUP  	Logon ID:		0x3E7    Object:  	Object Server:		Security  	Object Type:		Process  	Object Name:		\Device\HarddiskVolume2\Windows\System32\lsass.exe  	Handle ID:		0x6c4  	Resource Attributes:	-    Process Information:  	Process ID:		0xd84  	Process Name:		C:\Windows\System32\wbem\WmiPrvSE.exe    Access Request Information:  	Transaction ID:		{00000000-0000-0000-0000-000000000000}  	Accesses:		Read from process memory  				Query process information  				Undefined Access (no effect) Bit 12  				  	Access Reasons:		-  	Access Mask:		0x1410  	Privileges Used for Access Check:	-  	Restricted SID Count:	0
2021-05-05T23:08:15.982593+02:00 suricata pcap ?	ì`|˝2021-05-05T23:08:15.983577+02:00 suricata pcap <14>May  5 23:06:02 win10 Microsoft-Windows-Security-Auditing[4]: A handle to an object was requested.    Subject:  	Security ID:		S-1-5-18  	Account Name:		WIN10$  	Account Domain:		WORKGROUP  	Logon ID:		0x3E7    Object:  	Object Server:		Security  	Object Type:		Process  	Object Name:		\Device\HarddiskVolume2\Windows\System32\lsass.exe  	Handle ID:		0x6c4  	Resource Attributes:	-    Process Information:  	Process ID:		0xd84  	Process Name:		C:\Windows\System32\wbem\WmiPrvSE.exe    Access Request Information:  	Transaction ID:		{00000000-0000-0000-0000-000000000000}  	Accesses:		Read from process memory  				Query process information  				Undefined Access (no effect) Bit 12  				  	Access Reasons:		-  	Access Mask:		0x1410  	Privileges Used for Access Check:	-  	Restricted SID Count:	0
2021-05-05T23:08:15.983602+02:00 suricata pcap ?	ì`2021-05-05T23:08:15.983610+02:00 suricata pcap <14>May  5 23:06:02 win10 Microsoft-Windows-Security-Auditing[4]: The handle to an object was closed.    Subject :  	Security ID:		S-1-5-18  	Account Name:		WIN10$  	Account Domain:		WORKGROUP  	Logon ID:		0x3E7    Object:  	Object Server:		Security  	Handle ID:		0x6c4    Process Information:  	Process ID:		0xd84  	Process Name:		C:\Windows\System32\wbem\WmiPrvSE.exe
2021-05-05T23:08:15.983619+02:00 suricata pcap <14>May  5 23:06:02 win10 Microsoft-Windows-Security-Auditing[4]: An attempt was made to duplicate a handle to an object.    Subject:  	Security ID:		S-1-5-18  	Account Name:		WIN10$  	Account Domain:		WORKGROUP  	Logon ID:		0x3E7    Source Handle Information:  	Source Handle ID:	0x460  	Source Process ID:	0xd84    New Handle Information:  	Target Handle ID:	0x1c68  	Target Process ID:	0x4
2021-05-05T23:08:15.983632+02:00 suricata pcap ?	ì`…2021-05-05T23:08:15.983640+02:00 suricata pcap <14>May  5 23:06:02 win10 Microsoft-Windows-Security-Auditing[4]: The handle to an object was closed.    Subject :  	Security ID:		S-1-5-18  	Account Name:		WIN10$  	Account Domain:		WORKGROUP  	Logon ID:		0x3E7    Object:  	Object Server:		Security  	Handle ID:		0x6c4    Process Information:  	Process ID:		0xd84  	Process Name:		C:\Windows\System32\wbem\WmiPrvSE.exe
2021-05-05T23:08:15.983648+02:00 suricata pcap <14>May  5 23:06:02 win10 Microsoft-Windows-Security-Auditing[4]: An attempt was made to duplicate a handle to an object.    Subject:  	Security ID:		S-1-5-18  	Account Name:		WIN10$  	Account Domain:		WORKGROUP  	Logon ID:		0x3E7    Source Handle Information:  	Source Handle ID:	0x460  	Source Process ID:	0xd84    New Handle Information:  	Target Handle ID:	0x1c68  	Target Process ID:	0x4
2021-05-05T23:08:15.984160+02:00 suricata pcap ?	ì`!2021-05-05T23:08:15.984173+02:00 suricata pcap <14>May  5 23:06:02 win10 Microsoft-Windows-Security-Auditing[4]: The handle to an object was closed.    Subject :  	Security ID:		S-1-5-18  	Account Name:		WIN10$  	Account Domain:		WORKGROUP  	Logon ID:		0x3E7    Object:  	Object Server:		Security  	Handle ID:		0x6c4    Process Information:  	Process ID:		0xd84  	Process Name:		C:\Windows\System32\wbem\WmiPrvSE.exe
2021-05-05T23:08:15.984182+02:00 suricata pcap <14>May  5 23:06:02 win10 Microsoft-Windows-Security-Auditing[4]: An attempt was made to duplicate a handle to an object.    Subject:  	Security ID:		S-1-5-18  	Account Name:		WIN10$  	Account Domain:		WORKGROUP  	Logon ID:		0x3E7    Source Handle Information:  	Source Handle ID:	0x460  	Source Process ID:	0xd84    New Handle Information:  	Target Handle ID:	0x1c68  	Target Process ID:	0x4
2021-05-05T23:08:15.984195+02:00 suricata pcap ?	ì`p2021-05-05T23:08:15.984209+02:00 suricata pcap <14>May  5 23:06:02 win10 Microsoft-Windows-Security-Auditing[4]: A handle to an object was requested.    Subject:  	Security ID:		S-1-5-18  	Account Name:		WIN10$  	Account Domain:		WORKGROUP  	Logon ID:		0x3E7    Object:  	Object Server:		Security  	Object Type:		Process  	Object Name:		\Device\HarddiskVolume2\Windows\System32\lsass.exe  	Handle ID:		0x460  	Resource Attributes:	-    Process Information:  	Process ID:		0xd84  	Process Name:		C:\Windows\System32\wbem\WmiPrvSE.exe    Access Request Information:  	Transaction ID:		{00000000-0000-0000-0000-000000000000}  	Accesses:		Read from process memory  				Query process information  				Undefined Access (no effect) Bit 12  				  	Access Reasons:		-  	Access Mask:		0x1410  	Privileges Used for Access Check:	-  	Restricted SID Count:	0
2021-05-05T23:08:15.984219+02:00 suricata pcap ?	ì`H2021-05-05T23:08:15.984233+02:00 suricata pcap <14>May  5 23:06:02 win10 Microsoft-Windows-Security-Auditing[4]: A handle to an object was requested.    Subject:  	Security ID:		S-1-5-18  	Account Name:		WIN10$  	Account Domain:		WORKGROUP  	Logon ID:		0x3E7    Object:  	Object Server:		Security  	Object Type:		Process  	Object Name:		\Device\HarddiskVolume2\Windows\System32\lsass.exe  	Handle ID:		0x460  	Resource Attributes:	-    Process Information:  	Process ID:		0xd84  	Process Name:		C:\Windows\System32\wbem\WmiPrvSE.exe    Access Request Information:  	Transaction ID:		{00000000-0000-0000-0000-000000000000}  	Accesses:		Read from process memory  				Query process information  				Undefined Access (no effect) Bit 12  				  	Access Reasons:		-  	Access Mask:		0x1410  	Privileges Used for Access Check:	-  	Restricted SID Count:	0
2021-05-05T23:08:15.984668+02:00 suricata pcap ?	ì`î2021-05-05T23:08:15.984687+02:00 suricata pcap <14>May  5 23:06:02 win10 Microsoft-Windows-Security-Auditing[4]: A handle to an object was requested.    Subject:  	Security ID:		S-1-5-18  	Account Name:		WIN10$  	Account Domain:		WORKGROUP  	Logon ID:		0x3E7    Object:  	Object Server:		Security  	Object Type:		Process  	Object Name:		\Device\HarddiskVolume2\Windows\System32\lsass.exe  	Handle ID:		0x460  	Resource Attributes:	-    Process Information:  	Process ID:		0xd84  	Process Name:		C:\Windows\System32\wbem\WmiPrvSE.exe    Access Request Information:  	Transaction ID:		{00000000-0000-0000-0000-000000000000}  	Accesses:		Read from process memory  				Query process information  				Undefined Access (no effect) Bit 12  				  	Access Reasons:		-  	Access Mask:		0x1410  	Privileges Used for Access Check:	-  	Restricted SID Count:	0
2021-05-05T23:08:15.984703+02:00 suricata pcap ?	ì`2021-05-05T23:08:15.984711+02:00 suricata pcap <14>May  5 23:06:02 win10 Microsoft-Windows-Security-Auditing[4]: The handle to an object was closed.    Subject :  	Security ID:		S-1-5-18  	Account Name:		WIN10$  	Account Domain:		WORKGROUP  	Logon ID:		0x3E7    Object:  	Object Server:		Security  	Handle ID:		0x460    Process Information:  	Process ID:		0xd84  	Process Name:		C:\Windows\System32\wbem\WmiPrvSE.exe
2021-05-05T23:08:15.984739+02:00 suricata pcap ?	ì`ª2021-05-05T23:08:15.984747+02:00 suricata pcap <14>May  5 23:06:02 win10 Microsoft-Windows-Security-Auditing[4]: The handle to an object was closed.    Subject :  	Security ID:		S-1-5-18  	Account Name:		WIN10$  	Account Domain:		WORKGROUP  	Logon ID:		0x3E7    Object:  	Object Server:		Security  	Handle ID:		0x460    Process Information:  	Process ID:		0xd84  	Process Name:		C:\Windows\System32\wbem\WmiPrvSE.exe
2021-05-05T23:08:15.984760+02:00 suricata pcap ?	ì`	2021-05-05T23:08:15.985835+02:00 suricata pcap <14>May  5 23:06:02 win10 Microsoft-Windows-Security-Auditing[4]: The handle to an object was closed.    Subject :  	Security ID:		S-1-5-18  	Account Name:		WIN10$  	Account Domain:		WORKGROUP  	Logon ID:		0x3E7    Object:  	Object Server:		Security  	Handle ID:		0x460    Process Information:  	Process ID:		0xd84  	Process Name:		C:\Windows\System32\wbem\WmiPrvSE.exe
2021-05-05T23:08:15.985853+02:00 suricata pcap ?	ì`U2021-05-05T23:08:15.985861+02:00 suricata pcap <14>May  5 23:06:02 win10 Microsoft-Windows-Security-Auditing[4]: The handle to an object was closed.    Subject :  	Security ID:		S-1-5-18  	Account Name:		WIN10$  	Account Domain:		WORKGROUP  	Logon ID:		0x3E7    Object:  	Object Server:		Security  	Handle ID:		0x1c68    Process Information:  	Process ID:		0xd84  	Process Name:		C:\Windows\System32\wbem\WmiPrvSE.exe
2021-05-05T23:08:15.985870+02:00 suricata pcap ?	ì`G2021-05-05T23:08:15.985879+02:00 suricata pcap <14>May  5 23:06:02 win10 Microsoft-Windows-Security-Auditing[4]: The handle to an object was closed.    Subject :  	Security ID:		S-1-5-18  	Account Name:		WIN10$  	Account Domain:		WORKGROUP  	Logon ID:		0x3E7    Object:  	Object Server:		Security  	Handle ID:		0x1c68    Process Information:  	Process ID:		0xd84  	Process Name:		C:\Windows\System32\wbem\WmiPrvSE.exe
2021-05-05T23:08:15.985889+02:00 suricata pcap ?	ì`†2021-05-05T23:08:15.985897+02:00 suricata pcap <14>May  5 23:06:02 win10 Microsoft-Windows-Security-Auditing[4]: The handle to an object was closed.    Subject :  	Security ID:		S-1-5-18  	Account Name:		WIN10$  	Account Domain:		WORKGROUP  	Logon ID:		0x3E7    Object:  	Object Server:		Security  	Handle ID:		0x1c68    Process Information:  	Process ID:		0xd84  	Process Name:		C:\Windows\System32\wbem\WmiPrvSE.exe
2021-05-05T23:08:15.985903+02:00 suricata pcap ?	ì`⁄2021-05-05T23:08:15.985918+02:00 suricata pcap 2021-05-05T23:08:15.985920+02:00 suricata pcap ?	ì`â
2021-05-05T23:08:15.986588+02:00 suricata pcap 2021-05-05T23:08:15.986598+02:00 suricata pcap ?	ì`Ì
2021-05-05T23:08:15.986633+02:00 suricata pcap 2021-05-05T23:08:15.986650+02:00 suricata pcap ?	ì`\2021-05-05T23:08:15.986658+02:00 suricata pcap <14>May  5 23:06:02 win10 Microsoft-Windows-Security-Auditing[4]: The handle to an object was closed.    Subject :  	Security ID:		S-1-5-18  	Account Name:		WIN10$  	Account Domain:		WORKGROUP  	Logon ID:		0x3E7    Object:  	Object Server:		Security  	Handle ID:		0x6c4    Process Information:  	Process ID:		0xd84  	Process Name:		C:\Windows\System32\wbem\WmiPrvSE.exe
2021-05-05T23:08:15.986671+02:00 suricata pcap ?	ì`2021-05-05T23:08:15.986679+02:00 suricata pcap <14>May  5 23:06:02 win10 Microsoft-Windows-Security-Auditing[4]: The handle to an object was closed.    Subject :  	Security ID:		S-1-5-18  	Account Name:		WIN10$  	Account Domain:		WORKGROUP  	Logon ID:		0x3E7    Object:  	Object Server:		Security  	Handle ID:		0x6c4    Process Information:  	Process ID:		0xd84  	Process Name:		C:\Windows\System32\wbem\WmiPrvSE.exe
2021-05-05T23:08:15.987544+02:00 suricata pcap ?	ì`h2021-05-05T23:08:15.987556+02:00 suricata pcap <14>May  5 23:06:02 win10 Microsoft-Windows-Security-Auditing[4]: The handle to an object was closed.    Subject :  	Security ID:		S-1-5-18  	Account Name:		WIN10$  	Account Domain:		WORKGROUP  	Logon ID:		0x3E7    Object:  	Object Server:		Security  	Handle ID:		0x6c4    Process Information:  	Process ID:		0xd84  	Process Name:		C:\Windows\System32\wbem\WmiPrvSE.exe
2021-05-05T23:08:15.987567+02:00 suricata pcap ?	ì`†2021-05-05T23:08:15.987573+02:00 suricata pcap <14>May  5 23:06:02 win10 Microsoft-Windows-Security-Auditing[4]: The handle to an object was closed.    Subject :  	Security ID:		S-1-5-18  	Account Name:		WIN10$  	Account Domain:		WORKGROUP  	Logon ID:		0x3E7    Object:  	Object Server:		Security  	Handle ID:		0x2418    Process Information:  	Process ID:		0xd84  	Process Name:		C:\Windows\System32\wbem\WmiPrvSE.exe
2021-05-05T23:08:15.987582+02:00 suricata pcap ?	ì`X2021-05-05T23:08:15.987601+02:00 suricata pcap <14>May  5 23:06:02 win10 Microsoft-Windows-Security-Auditing[4]: The handle to an object was closed.    Subject :  	Security ID:		S-1-5-18  	Account Name:		WIN10$  	Account Domain:		WORKGROUP  	Logon ID:		0x3E7    Object:  	Object Server:		Security  	Handle ID:		0x2418    Process Information:  	Process ID:		0xd84  	Process Name:		C:\Windows\System32\wbem\WmiPrvSE.exe
2021-05-05T23:08:15.987611+02:00 suricata pcap ?	ì`‘2021-05-05T23:08:15.987617+02:00 suricata pcap <14>May  5 23:06:02 win10 Microsoft-Windows-Security-Auditing[4]: The handle to an object was closed.    Subject :  	Security ID:		S-1-5-18  	Account Name:		WIN10$  	Account Domain:		WORKGROUP  	Logon ID:		0x3E7    Object:  	Object Server:		Security  	Handle ID:		0x2418    Process Information:  	Process ID:		0xd84  	Process Name:		C:\Windows\System32\wbem\WmiPrvSE.exe
2021-05-05T23:08:15.988413+02:00 suricata pcap ?	ì`2021-05-05T23:08:15.988431+02:00 suricata pcap ?	ì`ƒ2021-05-05T23:08:15.988444+02:00 suricata pcap ?	ì`2021-05-05T23:08:15.988458+02:00 suricata pcap ?	ì`˚2021-05-05T23:08:15.988465+02:00 suricata pcap <14>May  5 23:06:02 win10 Microsoft-Windows-Security-Auditing[4]: The handle to an object was closed.    Subject :  	Security ID:		S-1-5-18  	Account Name:		WIN10$  	Account Domain:		WORKGROUP  	Logon ID:		0x3E7    Object:  	Object Server:		Security  	Handle ID:		0x6c4    Process Information:  	Process ID:		0xd84  	Process Name:		C:\Windows\System32\wbem\WmiPrvSE.exe
2021-05-05T23:08:15.988472+02:00 suricata pcap <14>May  5 23:06:02 win10 Microsoft-Windows-Security-Auditing[4]: An attempt was made to duplicate a handle to an object.    Subject:  	Security ID:		S-1-5-18  	Account Name:		WIN10$  	Account Domain:		WORKGROUP  	Logon ID:		0x3E7    Source Handle Information:  	Source Handle ID:	0x460  	Source Process ID:	0xd84    New Handle Information:  	Target Handle ID:	0x2418  	Target Process ID:	0x4
2021-05-05T23:08:15.988985+02:00 suricata pcap ?	ì`ª2021-05-05T23:08:15.988996+02:00 suricata pcap <14>May  5 23:06:02 win10 Microsoft-Windows-Security-Auditing[4]: The handle to an object was closed.    Subject :  	Security ID:		S-1-5-18  	Account Name:		WIN10$  	Account Domain:		WORKGROUP  	Logon ID:		0x3E7    Object:  	Object Server:		Security  	Handle ID:		0x6c4    Process Information:  	Process ID:		0xd84  	Process Name:		C:\Windows\System32\wbem\WmiPrvSE.exe
2021-05-05T23:08:15.989003+02:00 suricata pcap <14>May  5 23:06:02 win10 Microsoft-Windows-Security-Auditing[4]: An attempt was made to duplicate a handle to an object.    Subject:  	Security ID:		S-1-5-18  	Account Name:		WIN10$  	Account Domain:		WORKGROUP  	Logon ID:		0x3E7    Source Handle Information:  	Source Handle ID:	0x460  	Source Process ID:	0xd84    New Handle Information:  	Target Handle ID:	0x2418  	Target Process ID:	0x4
2021-05-05T23:08:15.989013+02:00 suricata pcap ?	ì`2021-05-05T23:08:15.989020+02:00 suricata pcap <14>May  5 23:06:02 win10 Microsoft-Windows-Security-Auditing[4]: The handle to an object was closed.    Subject :  	Security ID:		S-1-5-18  	Account Name:		WIN10$  	Account Domain:		WORKGROUP  	Logon ID:		0x3E7    Object:  	Object Server:		Security  	Handle ID:		0x6c4    Process Information:  	Process ID:		0xd84  	Process Name:		C:\Windows\System32\wbem\WmiPrvSE.exe
2021-05-05T23:08:15.989027+02:00 suricata pcap <14>May  5 23:06:02 win10 Microsoft-Windows-Security-Auditing[4]: An attempt was made to duplicate a handle to an object.    Subject:  	Security ID:		S-1-5-18  	Account Name:		WIN10$  	Account Domain:		WORKGROUP  	Logon ID:		0x3E7    Source Handle Information:  	Source Handle ID:	0x460  	Source Process ID:	0xd84    New Handle Information:  	Target Handle ID:	0x2418  	Target Process ID:	0x4
2021-05-05T23:08:15.989052+02:00 suricata pcap ?	ì`µ2021-05-05T23:08:15.989657+02:00 suricata pcap <14>May  5 23:06:02 win10 Microsoft-Windows-Security-Auditing[4]: A handle to an object was requested.    Subject:  	Security ID:		S-1-5-18  	Account Name:		WIN10$  	Account Domain:		WORKGROUP  	Logon ID:		0x3E7    Object:  	Object Server:		Security  	Object Type:		Process  	Object Name:		\Device\HarddiskVolume2\Windows\System32\lsass.exe  	Handle ID:		0x460  	Resource Attributes:	-    Process Information:  	Process ID:		0xd84  	Process Name:		C:\Windows\System32\wbem\WmiPrvSE.exe    Access Request Information:  	Transaction ID:		{00000000-0000-0000-0000-000000000000}  	Accesses:		Read from process memory  				Query process information  				Undefined Access (no effect) Bit 12  				  	Access Reasons:		-  	Access Mask:		0x1410  	Privileges Used for Access Check:	-  	Restricted SID Count:	0
2021-05-05T23:08:15.989669+02:00 suricata pcap ?	ì`j2021-05-05T23:08:15.989681+02:00 suricata pcap <14>May  5 23:06:02 win10 Microsoft-Windows-Security-Auditing[4]: A handle to an object was requested.    Subject:  	Security ID:		S-1-5-18  	Account Name:		WIN10$  	Account Domain:		WORKGROUP  	Logon ID:		0x3E7    Object:  	Object Server:		Security  	Object Type:		Process  	Object Name:		\Device\HarddiskVolume2\Windows\System32\lsass.exe  	Handle ID:		0x460  	Resource Attributes:	-    Process Information:  	Process ID:		0xd84  	Process Name:		C:\Windows\System32\wbem\WmiPrvSE.exe    Access Request Information:  	Transaction ID:		{00000000-0000-0000-0000-000000000000}  	Accesses:		Read from process memory  				Query process information  				Undefined Access (no effect) Bit 12  				  	Access Reasons:		-  	Access Mask:		0x1410  	Privileges Used for Access Check:	-  	Restricted SID Count:	0
2021-05-05T23:08:15.989690+02:00 suricata pcap ?	ì`ª2021-05-05T23:08:15.989702+02:00 suricata pcap <14>May  5 23:06:02 win10 Microsoft-Windows-Security-Auditing[4]: A handle to an object was requested.    Subject:  	Security ID:		S-1-5-18  	Account Name:		WIN10$  	Account Domain:		WORKGROUP  	Logon ID:		0x3E7    Object:  	Object Server:		Security  	Object Type:		Process  	Object Name:		\Device\HarddiskVolume2\Windows\System32\lsass.exe  	Handle ID:		0x460  	Resource Attributes:	-    Process Information:  	Process ID:		0xd84  	Process Name:		C:\Windows\System32\wbem\WmiPrvSE.exe    Access Request Information:  	Transaction ID:		{00000000-0000-0000-0000-000000000000}  	Accesses:		Read from process memory  				Query process information  				Undefined Access (no effect) Bit 12  				  	Access Reasons:		-  	Access Mask:		0x1410  	Privileges Used for Access Check:	-  	Restricted SID Count:	0
2021-05-05T23:08:15.989715+02:00 suricata pcap ?	ì`¸2021-05-05T23:08:16.982378+02:00 suricata pcap ?	ì`õ2021-05-05T23:08:16.982410+02:00 suricata pcap ?	ì`‡2021-05-05T23:08:16.982422+02:00 suricata pcap ?	ì`2021-05-05T23:08:16.982434+02:00 suricata pcap ?	ì`≈2021-05-05T23:08:16.982439+02:00 suricata pcap ?	ì`
2021-05-05T23:08:16.982451+02:00 suricata pcap 2021-05-05T23:08:16.982459+02:00 suricata pcap ?	ì`62021-05-05T23:08:16.982463+02:00 suricata pcap 2021-05-05T23:08:16.982564+02:00 suricata pcap ¿®ã2021-05-05T23:08:16.982592+02:00 suricata pcap @	ì`n˚2021-05-05T23:08:16.983790+02:00 suricata pcap @	ì`ö¸2021-05-05T23:08:16.983820+02:00 suricata pcap @	ì`j˝2021-05-05T23:08:16.983867+02:00 suricata pcap <14>May  5 23:06:02 win10 Microsoft-Windows-Security-Auditing[4]: A handle to an object was requested.    Subject:  	Security ID:		S-1-5-18  	Account Name:		WIN10$  	Account Domain:		WORKGROUP  	Logon ID:		0x3E7    Object:  	Object Server:		Security  	Object Type:		Process  	Object Name:		\Device\HarddiskVolume2\Windows\System32\lsass.exe  	Handle ID:		0x7b4  	Resource Attributes:	-    Process Information:  	Process ID:		0xd84  	Process Name:		C:\Windows\System32\wbem\WmiPrvSE.exe    Access Request Information:  	Transaction ID:		{00000000-0000-0000-0000-000000000000}  	Accesses:		Read from process memory  				Query process information  				Undefined Access (no effect) Bit 12  				  	Access Reasons:		-  	Access Mask:		0x1410  	Privileges Used for Access Check:	-  	Restricted SID Count:	0
2021-05-05T23:08:16.983882+02:00 suricata pcap @	ì`¯2021-05-05T23:08:16.983903+02:00 suricata pcap <14>May  5 23:06:02 win10 Microsoft-Windows-Security-Auditing[4]: A handle to an object was requested.    Subject:  	Security ID:		S-1-5-18  	Account Name:		WIN10$  	Account Domain:		WORKGROUP  	Logon ID:		0x3E7    Object:  	Object Server:		Security  	Object Type:		Process  	Object Name:		\Device\HarddiskVolume2\Windows\System32\lsass.exe  	Handle ID:		0x7b4  	Resource Attributes:	-    Process Information:  	Process ID:		0xd84  	Process Name:		C:\Windows\System32\wbem\WmiPrvSE.exe    Access Request Information:  	Transaction ID:		{00000000-0000-0000-0000-000000000000}  	Accesses:		Read from process memory  				Query process information  				Undefined Access (no effect) Bit 12  				  	Access Reasons:		-  	Access Mask:		0x1410  	Privileges Used for Access Check:	-  	Restricted SID Count:	0
2021-05-05T23:08:16.983918+02:00 suricata pcap @	ì`m2021-05-05T23:08:16.983940+02:00 suricata pcap <14>May  5 23:06:02 win10 Microsoft-Windows-Security-Auditing[4]: A handle to an object was requested.    Subject:  	Security ID:		S-1-5-18  	Account Name:		WIN10$  	Account Domain:		WORKGROUP  	Logon ID:		0x3E7    Object:  	Object Server:		Security  	Object Type:		Process  	Object Name:		\Device\HarddiskVolume2\Windows\System32\lsass.exe  	Handle ID:		0x7b4  	Resource Attributes:	-    Process Information:  	Process ID:		0xd84  	Process Name:		C:\Windows\System32\wbem\WmiPrvSE.exe    Access Request Information:  	Transaction ID:		{00000000-0000-0000-0000-000000000000}  	Accesses:		Read from process memory  				Query process information  				Undefined Access (no effect) Bit 12  				  	Access Reasons:		-  	Access Mask:		0x1410  	Privileges Used for Access Check:	-  	Restricted SID Count:	0
2021-05-05T23:08:16.986240+02:00 suricata pcap @	ì`œ2021-05-05T23:08:16.986276+02:00 suricata pcap @	ì`Ë2021-05-05T23:08:16.986296+02:00 suricata pcap @	ì`w2021-05-05T23:08:16.986315+02:00 suricata pcap @	ì`€2021-05-05T23:08:16.986329+02:00 suricata pcap @	ì`u2021-05-05T23:08:16.986366+02:00 suricata pcap @	ì`≥2021-05-05T23:08:16.988687+02:00 suricata pcap @	ì`€2021-05-05T23:08:16.988747+02:00 suricata pcap @	ì`]2021-05-05T23:08:16.988772+02:00 suricata pcap @	ì`Ö2021-05-05T23:08:16.988791+02:00 suricata pcap @	ì`ª2021-05-05T23:08:16.988807+02:00 suricata pcap @	ì`ö2021-05-05T23:08:16.988869+02:00 suricata pcap @	ì`Æ2021-05-05T23:08:16.988899+02:00 suricata pcap @	ì`‚2021-05-05T23:08:16.990465+02:00 suricata pcap @	ì`É2021-05-05T23:08:16.990484+02:00 suricata pcap @	ì`∫2021-05-05T23:08:16.990494+02:00 suricata pcap @	ì`Ï2021-05-05T23:08:16.990501+02:00 suricata pcap @	ì`ò2021-05-05T23:08:16.990509+02:00 suricata pcap @	ì`∆2021-05-05T23:08:16.991974+02:00 suricata pcap @	ì`2021-05-05T23:08:16.991995+02:00 suricata pcap @	ì`Û2021-05-05T23:08:16.992001+02:00 suricata pcap @	ì`x2021-05-05T23:08:16.992009+02:00 suricata pcap @	ì`Æ2021-05-05T23:08:16.992014+02:00 suricata pcap @	ì`Í2021-05-05T23:08:16.992020+02:00 suricata pcap @	ì`E 2021-05-05T23:08:16.992027+02:00 suricata pcap @	ì`n 2021-05-05T23:08:16.992033+02:00 suricata pcap @	ì`M"2021-05-05T23:08:16.993152+02:00 suricata pcap @	ì`á"2021-05-05T23:08:16.993173+02:00 suricata pcap @	ì`—"2021-05-05T23:08:16.993182+02:00 suricata pcap W2021-05-05T23:08:16.993184+02:00 suricata pcap @	ì`á$2021-05-05T23:08:16.993192+02:00 suricata pcap W2021-05-05T23:08:16.993194+02:00 suricata pcap @	ì`≈$2021-05-05T23:08:16.993202+02:00 suricata pcap W2021-05-05T23:08:16.993204+02:00 suricata pcap @	ì`
2021-05-05T23:08:16.993212+02:00 suricata pcap %2021-05-05T23:08:16.993914+02:00 suricata pcap <14>May  5 23:06:02 win10 Microsoft-Windows-Security-Auditing[4]: The handle to an object was closed.    Subject :  	Security ID:		S-1-5-18  	Account Name:		WIN10$  	Account Domain:		WORKGROUP  	Logon ID:		0x3E7    Object:  	Object Server:		Security  	Handle ID:		0x460    Process Information:  	Process ID:		0xd84  	Process Name:		C:\Windows\System32\wbem\WmiPrvSE.exe
2021-05-05T23:08:16.993924+02:00 suricata pcap @	ì`Æ'2021-05-05T23:08:16.993929+02:00 suricata pcap <14>May  5 23:06:02 win10 Microsoft-Windows-Security-Auditing[4]: The handle to an object was closed.    Subject :  	Security ID:		S-1-5-18  	Account Name:		WIN10$  	Account Domain:		WORKGROUP  	Logon ID:		0x3E7    Object:  	Object Server:		Security  	Handle ID:		0x460    Process Information:  	Process ID:		0xd84  	Process Name:		C:\Windows\System32\wbem\WmiPrvSE.exe
2021-05-05T23:08:16.993941+02:00 suricata pcap @	ì`÷'2021-05-05T23:08:16.993946+02:00 suricata pcap <14>May  5 23:06:02 win10 Microsoft-Windows-Security-Auditing[4]: The handle to an object was closed.    Subject :  	Security ID:		S-1-5-18  	Account Name:		WIN10$  	Account Domain:		WORKGROUP  	Logon ID:		0x3E7    Object:  	Object Server:		Security  	Handle ID:		0x460    Process Information:  	Process ID:		0xd84  	Process Name:		C:\Windows\System32\wbem\WmiPrvSE.exe
2021-05-05T23:08:16.993953+02:00 suricata pcap @	ì`(2021-05-05T23:08:16.993957+02:00 suricata pcap <14>May  5 23:06:02 win10 Microsoft-Windows-Security-Auditing[4]: The handle to an object was closed.    Subject :  	Security ID:		S-1-5-18  	Account Name:		WIN10$  	Account Domain:		WORKGROUP  	Logon ID:		0x3E7    Object:  	Object Server:		Security  	Handle ID:		0x2418    Process Information:  	Process ID:		0xd84  	Process Name:		C:\Windows\System32\wbem\WmiPrvSE.exe
2021-05-05T23:08:16.993962+02:00 suricata pcap @	ì`÷)2021-05-05T23:08:16.994660+02:00 suricata pcap <14>May  5 23:06:02 win10 Microsoft-Windows-Security-Auditing[4]: The handle to an object was closed.    Subject :  	Security ID:		S-1-5-18  	Account Name:		WIN10$  	Account Domain:		WORKGROUP  	Logon ID:		0x3E7    Object:  	Object Server:		Security  	Handle ID:		0x2418    Process Information:  	Process ID:		0xd84  	Process Name:		C:\Windows\System32\wbem\WmiPrvSE.exe
2021-05-05T23:08:16.994670+02:00 suricata pcap @	ì`%*2021-05-05T23:08:16.994675+02:00 suricata pcap <14>May  5 23:06:02 win10 Microsoft-Windows-Security-Auditing[4]: The handle to an object was closed.    Subject :  	Security ID:		S-1-5-18  	Account Name:		WIN10$  	Account Domain:		WORKGROUP  	Logon ID:		0x3E7    Object:  	Object Server:		Security  	Handle ID:		0x2418    Process Information:  	Process ID:		0xd84  	Process Name:		C:\Windows\System32\wbem\WmiPrvSE.exe
2021-05-05T23:08:16.994687+02:00 suricata pcap @	ì`X*2021-05-05T23:08:16.994693+02:00 suricata pcap <14>May  5 23:06:02 win10 Microsoft-Windows-Security-Auditing[4]: An attempt was made to access an object.    Subject:  	Security ID:		S-1-5-18  	Account Name:		WIN10$  	Account Domain:		WORKGROUP  	Logon ID:		0x3E7    Object:  	Object Server:		Security  	Object Type:		Process  	Object Name:		\Device\HarddiskVolume2\Windows\System32\lsass.exe  	Handle ID:		0x460  	Resource Attributes:	-    Process Information:  	Process ID:		0xd84  	Process Name:		C:\Windows\System32\wbem\WmiPrvSE.exe    Access Request Information:  	Accesses:		Read from process memory  				  	Access Mask:		0x10
2021-05-05T23:08:16.994702+02:00 suricata pcap @	ì`V,2021-05-05T23:08:16.994708+02:00 suricata pcap <14>May  5 23:06:02 win10 Microsoft-Windows-Security-Auditing[4]: An attempt was made to access an object.    Subject:  	Security ID:		S-1-5-18  	Account Name:		WIN10$  	Account Domain:		WORKGROUP  	Logon ID:		0x3E7    Object:  	Object Server:		Security  	Object Type:		Process  	Object Name:		\Device\HarddiskVolume2\Windows\System32\lsass.exe  	Handle ID:		0x460  	Resource Attributes:	-    Process Information:  	Process ID:		0xd84  	Process Name:		C:\Windows\System32\wbem\WmiPrvSE.exe    Access Request Information:  	Accesses:		Read from process memory  				  	Access Mask:		0x10
2021-05-05T23:08:16.995319+02:00 suricata pcap @	ì`©,2021-05-05T23:08:16.995328+02:00 suricata pcap <14>May  5 23:06:02 win10 Microsoft-Windows-Security-Auditing[4]: An attempt was made to access an object.    Subject:  	Security ID:		S-1-5-18  	Account Name:		WIN10$  	Account Domain:		WORKGROUP  	Logon ID:		0x3E7    Object:  	Object Server:		Security  	Object Type:		Process  	Object Name:		\Device\HarddiskVolume2\Windows\System32\lsass.exe  	Handle ID:		0x460  	Resource Attributes:	-    Process Information:  	Process ID:		0xd84  	Process Name:		C:\Windows\System32\wbem\WmiPrvSE.exe    Access Request Information:  	Accesses:		Read from process memory  				  	Access Mask:		0x10
2021-05-05T23:08:16.995336+02:00 suricata pcap @	ì`Ì,2021-05-05T23:08:16.995340+02:00 suricata pcap <14>May  5 23:06:02 win10 Microsoft-Windows-Security-Auditing[4]: An attempt was made to duplicate a handle to an object.    Subject:  	Security ID:		S-1-5-18  	Account Name:		WIN10$  	Account Domain:		WORKGROUP  	Logon ID:		0x3E7    Source Handle Information:  	Source Handle ID:	0x5d8  	Source Process ID:	0xd84    New Handle Information:  	Target Handle ID:	0x2418  	Target Process ID:	0x4
2021-05-05T23:08:16.995346+02:00 suricata pcap @	ì`√.2021-05-05T23:08:16.995350+02:00 suricata pcap <14>May  5 23:06:02 win10 Microsoft-Windows-Security-Auditing[4]: An attempt was made to duplicate a handle to an object.    Subject:  	Security ID:		S-1-5-18  	Account Name:		WIN10$  	Account Domain:		WORKGROUP  	Logon ID:		0x3E7    Source Handle Information:  	Source Handle ID:	0x5d8  	Source Process ID:	0xd84    New Handle Information:  	Target Handle ID:	0x2418  	Target Process ID:	0x4
2021-05-05T23:08:16.995356+02:00 suricata pcap @	ì`M/2021-05-05T23:08:16.996506+02:00 suricata pcap <14>May  5 23:06:02 win10 Microsoft-Windows-Security-Auditing[4]: An attempt was made to duplicate a handle to an object.    Subject:  	Security ID:		S-1-5-18  	Account Name:		WIN10$  	Account Domain:		WORKGROUP  	Logon ID:		0x3E7    Source Handle Information:  	Source Handle ID:	0x5d8  	Source Process ID:	0xd84    New Handle Information:  	Target Handle ID:	0x2418  	Target Process ID:	0x4
2021-05-05T23:08:16.996521+02:00 suricata pcap @	ì`{/2021-05-05T23:08:16.996530+02:00 suricata pcap <14>May  5 23:06:02 win10 Microsoft-Windows-Security-Auditing[4]: A handle to an object was requested.    Subject:  	Security ID:		S-1-5-18  	Account Name:		WIN10$  	Account Domain:		WORKGROUP  	Logon ID:		0x3E7    Object:  	Object Server:		Security  	Object Type:		Process  	Object Name:		\Device\HarddiskVolume2\Windows\System32\lsass.exe  	Handle ID:		0x5d8  	Resource Attributes:	-    Process Information:  	Process ID:		0xd84  	Process Name:		C:\Windows\System32\wbem\WmiPrvSE.exe    Access Request Information:  	Transaction ID:		{00000000-0000-0000-0000-000000000000}  	Accesses:		Read from process memory  				Query process information  				Undefined Access (no effect) Bit 12  				  	Access Reasons:		-  	Access Mask:		0x1410  	Privileges Used for Access Check:	-  	Restricted SID Count:	0
2021-05-05T23:08:16.996535+02:00 suricata pcap @	ì`s12021-05-05T23:08:16.996544+02:00 suricata pcap <14>May  5 23:06:02 win10 Microsoft-Windows-Security-Auditing[4]: A handle to an object was requested.    Subject:  	Security ID:		S-1-5-18  	Account Name:		WIN10$  	Account Domain:		WORKGROUP  	Logon ID:		0x3E7    Object:  	Object Server:		Security  	Object Type:		Process  	Object Name:		\Device\HarddiskVolume2\Windows\System32\lsass.exe  	Handle ID:		0x5d8  	Resource Attributes:	-    Process Information:  	Process ID:		0xd84  	Process Name:		C:\Windows\System32\wbem\WmiPrvSE.exe    Access Request Information:  	Transaction ID:		{00000000-0000-0000-0000-000000000000}  	Accesses:		Read from process memory  				Query process information  				Undefined Access (no effect) Bit 12  				  	Access Reasons:		-  	Access Mask:		0x1410  	Privileges Used for Access Check:	-  	Restricted SID Count:	0
